
          -------------------------------------------------------
          Amber 16 PMEMD                              2016
          -------------------------------------------------------

| PMEMD implementation of SANDER, Release 16

| Run on 06/18/2017 at 04:34:18

|   Executable path: pmemd
| Working directory: /home/german/alex/run/3im/mhe/m
|          Hostname: Unknown
  [-O]verwriting output

File Assignments:
|   MDIN: min.in                                                                
|  MDOUT: min.out                                                               
| INPCRD: 3im.rst7                                                              
|   PARM: /home/german/alex/top_files/3im.prmtop                                
| RESTRT: m3im.rst7                                                             
|   REFC: 3im.rst7                                                              
|  MDVEL: mdvel                                                                 
|   MDEN: mden                                                                  
|  MDCRD: m3im.crd                                                              
| MDINFO: mdinfo                                                                
|  MDFRC: mdfrc                                                                 


 Here is the input file:

Minimization with Cartesian restraints                                         
&cntrl                                                                         
imin=1,                                                                        
ntmin=1,                                ! Steepest Descent, then Conjugate Grad
ncyc=100,                               ! 100 steps of Steepest Descent        
maxcyc=500,                             ! 400 steps of Conjugate Gradient      
ntpr=5,                                                                        
ntr=1,                                  ! Use restraints                       
restraint_wt=100.0,                     ! 100 Kcal/mol                         
restraintmask=':1-49',                 ! Apply restraints on whole molecule. Mi
&end                                                                           


Note: ig = -1. Setting random seed to   482421 based on wallclock time in 
      microseconds.
 
 
| Conditional Compilation Defines Used:
| PUBFFT
| BINTRAJ
| EMIL

| Largest sphere to fit in unit cell has radius =    21.604

| New format PARM file being parsed.
| Version =    1.000 Date = 06/17/17 Time = 14:30:34

| Note: 1-4 EEL scale factors are being read from the topology file.

| Note: 1-4 VDW scale factors are being read from the topology file.
| Duplicated    0 dihedrals

| Duplicated    0 dihedrals

--------------------------------------------------------------------------------
   1.  RESOURCE   USE: 
--------------------------------------------------------------------------------

 getting new box info from bottom of inpcrd
 NATOM  =    9514 NTYPES =      17 NBONH =    9117 MBONA  =     402
 NTHETH =     874 MTHETA =     539 NPHIH =    1768 MPHIA  =    1685
 NHPARM =       0 NPARM  =       0 NNB   =   15927 NRES   =    2963
 NBONA  =     402 NTHETA =     539 NPHIA =    1685 NUMBND =      67
 NUMANG =     152 NPTRA  =     191 NATYP =      36 NPHB   =       1
 IFBOX  =       2 NMXRS  =      25 IFCAP =       0 NEXTRA =       0
 NCOPY  =       0

| Coordinate Index Table dimensions:    10   10   10
| Direct force subcell size =     5.2919    5.2919    5.2919

     BOX TYPE: TRUNCATED OCTAHEDRON

--------------------------------------------------------------------------------
   2.  CONTROL  DATA  FOR  THE  RUN
--------------------------------------------------------------------------------

default_name                                                                    

General flags:
     imin    =       1, nmropt  =       0

Nature and format of input:
     ntx     =       1, irest   =       0, ntrx    =       1

Nature and format of output:
     ntxo    =       2, ntpr    =       5, ntrx    =       1, ntwr    =       1
     iwrap   =       0, ntwx    =       0, ntwv    =       0, ntwe    =       0
     ioutfm  =       1, ntwprt  =       0, idecomp =       0, rbornstat=      0

Potential function:
     ntf     =       1, ntb     =       1, igb     =       0, nsnb    =      25
     ipol    =       0, gbsa    =       0, iesp    =       0
     dielc   =   1.00000, cut     =   8.00000, intdiel =   1.00000

Frozen or restrained atoms:
     ibelly  =       0, ntr     =       1
     restraint_wt = 100.00000

Energy minimization:
     maxcyc  =     500, ncyc    =     100, ntmin   =       1
     dx0     =   0.01000, drms    =   0.00010

| Intermolecular bonds treatment:
|     no_intermolecular_bonds =       1

| Energy averages sample interval:
|     ene_avg_sampling =       1

Ewald parameters:
     verbose =       0, ew_type =       0, nbflag  =       1, use_pme =       1
     vdwmeth =       1, eedmeth =       1, netfrc  =       0
     Box X =   52.919   Box Y =   52.919   Box Z =   52.919
     Alpha =  109.471   Beta  =  109.471   Gamma =  109.471
     NFFT1 =   54       NFFT2 =   54       NFFT3 =   54
     Cutoff=    8.000   Tol   =0.100E-04
     Ewald Coefficient =  0.34864
     Interpolation order =    4

    LOADING THE CONSTRAINED ATOMS AS GROUPS


   5.  REFERENCE ATOM COORDINATES

  default_name                                                                    
     Mask :1-49; matches   778 atoms

--------------------------------------------------------------------------------
   3.  ATOMIC COORDINATES AND VELOCITIES
--------------------------------------------------------------------------------

default_name                                                                    
 begin time read from input coords =     0.000 ps

 
 Number of triangulated 3-point waters found:     2911

     Sum of charges from parm topology file =  -0.00000003
     Forcing neutrality...

| Dynamic Memory, Types Used:
| Reals              372679
| Integers           287256

| Nonbonded Pairs Initial Allocation:     1589075

--------------------------------------------------------------------------------
   4.  RESULTS
--------------------------------------------------------------------------------

 ---------------------------------------------------
 APPROXIMATING switch and d/dx switch using CUBIC SPLINE INTERPOLATION
 using   5000.0 points per unit in tabled values
 TESTING RELATIVE ERROR over r ranging from 0.0 to cutoff
| CHECK switch(x): max rel err =   0.2738E-14   at   2.422500
| CHECK d/dx switch(x): max rel err =   0.8332E-11   at   2.782960
 ---------------------------------------------------
|---------------------------------------------------
| APPROXIMATING direct energy using CUBIC SPLINE INTERPOLATION
|  with   50.0 points per unit in tabled values
| Relative Error Limit not exceeded for r .gt.   2.47
| APPROXIMATING direct force using CUBIC SPLINE INTERPOLATION
|  with   50.0 points per unit in tabled values
| Relative Error Limit not exceeded for r .gt.   2.89
|---------------------------------------------------


   NSTEP       ENERGY          RMS            GMAX         NAME    NUMBER
      1      -2.2315E+04     9.0707E+01     7.4540E+03     O        8984

 BOND    =       41.3035  ANGLE   =      177.1709  DIHED      =      678.1969
 VDWAALS =     5132.9663  EEL     =   -31052.7425  HBOND      =        0.0000
 1-4 VDW =      178.5568  1-4 EEL =     2529.2865  RESTRAINT  =        0.0000


   NSTEP       ENERGY          RMS            GMAX         NAME    NUMBER
      5      -2.3103E+04     5.7161E+01     4.6094E+03     O        8984

 BOND    =       42.2074  ANGLE   =      176.8472  DIHED      =      678.1550
 VDWAALS =     4367.5219  EEL     =   -31075.8519  HBOND      =        0.0000
 1-4 VDW =      178.5585  1-4 EEL =     2529.2759  RESTRAINT  =        0.0004
 EAMBER  =   -23103.2860


   NSTEP       ENERGY          RMS            GMAX         NAME    NUMBER
     10      -2.4176E+04     2.0785E+01     1.3505E+03     O        8984

 BOND    =       57.3108  ANGLE   =      174.9223  DIHED      =      677.9028
 VDWAALS =     3403.4904  EEL     =   -31197.7865  HBOND      =        0.0000
 1-4 VDW =      178.5676  1-4 EEL =     2529.2113  RESTRAINT  =        0.0208
 EAMBER  =   -24176.3813


   NSTEP       ENERGY          RMS            GMAX         NAME    NUMBER
     15      -2.5190E+04     9.5234E+00     2.2654E+02     O        8984

 BOND    =      194.0600  ANGLE   =      165.0381  DIHED      =      676.5182
 VDWAALS =     2893.3664  EEL     =   -31827.5342  HBOND      =        0.0000
 1-4 VDW =      178.5835  1-4 EEL =     2528.8137  RESTRAINT  =        0.7161
 EAMBER  =   -25191.1543


   NSTEP       ENERGY          RMS            GMAX         NAME    NUMBER
     20      -2.6440E+04     4.4165E+00     5.4484E+01     O        1865

 BOND    =      858.0271  ANGLE   =      145.3053  DIHED      =      673.1750
 VDWAALS =     2608.7207  EEL     =   -33438.8994  HBOND      =        0.0000
 1-4 VDW =      178.1518  1-4 EEL =     2526.6559  RESTRAINT  =        8.6639
 EAMBER  =   -26448.8635


   NSTEP       ENERGY          RMS            GMAX         NAME    NUMBER
     25      -2.7911E+04     2.5056E+00     1.7491E+01     O        9155

 BOND    =     1422.6185  ANGLE   =      133.5317  DIHED      =      668.9250
 VDWAALS =     2478.8163  EEL     =   -35345.2788  HBOND      =        0.0000
 1-4 VDW =      176.4404  1-4 EEL =     2519.3011  RESTRAINT  =       34.8553
 EAMBER  =   -27945.6458


   NSTEP       ENERGY          RMS            GMAX         NAME    NUMBER
     30      -2.8674E+04     2.4149E+00     1.6090E+01     O        7793

 BOND    =     1616.5271  ANGLE   =      132.7278  DIHED      =      667.9940
 VDWAALS =     2500.9112  EEL     =   -36325.6639  HBOND      =        0.0000
 1-4 VDW =      176.1662  1-4 EEL =     2518.1437  RESTRAINT  =       39.1624
 EAMBER  =   -28713.1939


   NSTEP       ENERGY          RMS            GMAX         NAME    NUMBER
     35      -2.9030E+04     1.9193E+00     1.6070E+01     O        7793

 BOND    =     1601.6313  ANGLE   =      132.6804  DIHED      =      667.8476
 VDWAALS =     2519.4883  EEL     =   -36685.6215  HBOND      =        0.0000
 1-4 VDW =      176.0805  1-4 EEL =     2518.1922  RESTRAINT  =       39.6470
 EAMBER  =   -29069.7012


   NSTEP       ENERGY          RMS            GMAX         NAME    NUMBER
     40      -2.9349E+04     3.8663E+00     1.8120E+01     H2        988

 BOND    =     1889.3068  ANGLE   =      132.5622  DIHED      =      667.7542
 VDWAALS =     2544.8907  EEL     =   -37317.6137  HBOND      =        0.0000
 1-4 VDW =      176.1369  1-4 EEL =     2517.9811  RESTRAINT  =       39.9444
 EAMBER  =   -29388.9818


   NSTEP       ENERGY          RMS            GMAX         NAME    NUMBER
     45      -2.9647E+04     2.3060E+00     1.3877E+01     O        7793

 BOND    =     1751.2692  ANGLE   =      132.6614  DIHED      =      667.7440
 VDWAALS =     2568.9972  EEL     =   -37501.6084  HBOND      =        0.0000
 1-4 VDW =      176.0448  1-4 EEL =     2518.1529  RESTRAINT  =       39.9417
 EAMBER  =   -29686.7390


   NSTEP       ENERGY          RMS            GMAX         NAME    NUMBER
     50      -2.9833E+04     4.0780E+00     1.6185E+01     H2        988

 BOND    =     1976.6659  ANGLE   =      132.6458  DIHED      =      667.7258
 VDWAALS =     2592.5422  EEL     =   -37936.8639  HBOND      =        0.0000
 1-4 VDW =      176.0647  1-4 EEL =     2518.0998  RESTRAINT  =       39.9890
 EAMBER  =   -29873.1195


   NSTEP       ENERGY          RMS            GMAX         NAME    NUMBER
     55      -3.0029E+04     4.3737E+00     1.6304E+01     H1       4815

 BOND    =     2036.3786  ANGLE   =      132.6979  DIHED      =      667.7245
 VDWAALS =     2618.2186  EEL     =   -38218.5457  HBOND      =        0.0000
 1-4 VDW =      176.0403  1-4 EEL =     2518.1494  RESTRAINT  =       39.9835
 EAMBER  =   -30069.3365


   NSTEP       ENERGY          RMS            GMAX         NAME    NUMBER
     60      -3.0188E+04     5.1546E+00     1.9496E+01     H1       4815

 BOND    =     2152.5506  ANGLE   =      132.7463  DIHED      =      667.7223
 VDWAALS =     2645.3365  EEL     =   -38520.7525  HBOND      =        0.0000
 1-4 VDW =      176.0291  1-4 EEL =     2518.1754  RESTRAINT  =       39.9870
 EAMBER  =   -30228.1923


   NSTEP       ENERGY          RMS            GMAX         NAME    NUMBER
     65      -3.0345E+04     4.6873E+00     1.7707E+01     H1       4815

 BOND    =     2113.4686  ANGLE   =      132.6920  DIHED      =      667.7138
 VDWAALS =     2667.6884  EEL     =   -38660.3012  HBOND      =        0.0000
 1-4 VDW =      176.0263  1-4 EEL =     2518.1651  RESTRAINT  =       39.9665
 EAMBER  =   -30384.5470


   NSTEP       ENERGY          RMS            GMAX         NAME    NUMBER
     70      -3.0487E+04     4.9084E+00     1.8483E+01     H1       4815

 BOND    =     2158.8124  ANGLE   =      132.7192  DIHED      =      667.7118
 VDWAALS =     2695.1938  EEL     =   -38875.4503  HBOND      =        0.0000
 1-4 VDW =      176.0147  1-4 EEL =     2518.1985  RESTRAINT  =       39.9580
 EAMBER  =   -30526.7999


   NSTEP       ENERGY          RMS            GMAX         NAME    NUMBER
     75      -3.0713E+04     1.6505E+00     1.1609E+01     Cl-       779

 BOND    =     1631.4902  ANGLE   =      132.6240  DIHED      =      667.7063
 VDWAALS =     2724.9188  EEL     =   -38603.8042  HBOND      =        0.0000
 1-4 VDW =      175.9930  1-4 EEL =     2518.2160  RESTRAINT  =       39.8980
 EAMBER  =   -30752.8559


   NSTEP       ENERGY          RMS            GMAX         NAME    NUMBER
     80      -3.0821E+04     1.0869E+00     1.1677E+01     Cl-       779

 BOND    =     1706.1190  ANGLE   =      132.6501  DIHED      =      667.7042
 VDWAALS =     2746.8426  EEL     =   -38808.8096  HBOND      =        0.0000
 1-4 VDW =      175.9947  1-4 EEL =     2518.2252  RESTRAINT  =       39.9062
 EAMBER  =   -30861.2739


   NSTEP       ENERGY          RMS            GMAX         NAME    NUMBER
     85      -3.0945E+04     1.0873E+00     1.1653E+01     Cl-       779

 BOND    =     1711.7738  ANGLE   =      132.6510  DIHED      =      667.6995
 VDWAALS =     2776.4664  EEL     =   -38967.9735  HBOND      =        0.0000
 1-4 VDW =      175.9951  1-4 EEL =     2518.2329  RESTRAINT  =       39.9027
 EAMBER  =   -30985.1548


   NSTEP       ENERGY          RMS            GMAX         NAME    NUMBER
     90      -3.1049E+04     2.3343E+00     1.1470E+01     Cl-       779

 BOND    =     1616.6142  ANGLE   =      132.6190  DIHED      =      667.6936
 VDWAALS =     2808.8739  EEL     =   -39008.4591  HBOND      =        0.0000
 1-4 VDW =      175.9953  1-4 EEL =     2518.2338  RESTRAINT  =       39.8870
 EAMBER  =   -31088.4293


   NSTEP       ENERGY          RMS            GMAX         NAME    NUMBER
     95      -3.1159E+04     1.3523E+00     1.1157E+01     Cl-       779

 BOND    =     1698.2102  ANGLE   =      132.6493  DIHED      =      667.6908
 VDWAALS =     2835.3682  EEL     =   -39227.4321  HBOND      =        0.0000
 1-4 VDW =      176.0004  1-4 EEL =     2518.2478  RESTRAINT  =       39.8950
 EAMBER  =   -31199.2654


   NSTEP       ENERGY          RMS            GMAX         NAME    NUMBER
    100      -3.1241E+04     2.5267E+00     1.0896E+01     Cl-       780

 BOND    =     1625.9009  ANGLE   =      132.6235  DIHED      =      667.6864
 VDWAALS =     2866.3396  EEL     =   -39267.2499  HBOND      =        0.0000
 1-4 VDW =      176.0043  1-4 EEL =     2518.2535  RESTRAINT  =       39.8808
 EAMBER  =   -31280.4417


   NSTEP       ENERGY          RMS            GMAX         NAME    NUMBER
    105      -3.1297E+04     9.4430E-01     1.0852E+01     Cl-       780

 BOND    =     1761.3371  ANGLE   =      132.6809  DIHED      =      667.6867
 VDWAALS =     2875.9401  EEL     =   -39468.4875  HBOND      =        0.0000
 1-4 VDW =      176.0087  1-4 EEL =     2518.2733  RESTRAINT  =       39.8979
 EAMBER  =   -31336.5607


   NSTEP       ENERGY          RMS            GMAX         NAME    NUMBER
    110      -3.2273E+04     3.9252E+00     8.0654E+01     Cl-       779

 BOND    =     1836.0420  ANGLE   =      136.7690  DIHED      =      667.7564
 VDWAALS =     3611.4270  EEL     =   -41263.0659  HBOND      =        0.0000
 1-4 VDW =      176.6563  1-4 EEL =     2518.8366  RESTRAINT  =       42.5338
 EAMBER  =   -32315.5786


   NSTEP       ENERGY          RMS            GMAX         NAME    NUMBER
    115      -3.2417E+04     1.6632E+00     4.4544E+01     HZ1       597

 BOND    =     2029.6502  ANGLE   =      135.0571  DIHED      =      667.8626
 VDWAALS =     3637.1244  EEL     =   -41628.8884  HBOND      =        0.0000
 1-4 VDW =      176.8305  1-4 EEL =     2519.7191  RESTRAINT  =       45.7945
 EAMBER  =   -32462.6446


   NSTEP       ENERGY          RMS            GMAX         NAME    NUMBER
    120      -3.2764E+04     3.5307E+00     9.8899E+01     NZ        596

 BOND    =     2287.0872  ANGLE   =      138.2454  DIHED      =      668.0956
 VDWAALS =     4069.1102  EEL     =   -42674.7603  HBOND      =        0.0000
 1-4 VDW =      176.5968  1-4 EEL =     2518.9704  RESTRAINT  =       53.0297
 EAMBER  =   -32816.6548


   NSTEP       ENERGY          RMS            GMAX         NAME    NUMBER
    125      -3.2908E+04     1.7473E+00     4.4296E+01     NZ        596

 BOND    =     2266.6002  ANGLE   =      136.4643  DIHED      =      668.0173
 VDWAALS =     4370.4929  EEL     =   -43090.6754  HBOND      =        0.0000
 1-4 VDW =      176.1708  1-4 EEL =     2518.2849  RESTRAINT  =       46.8496
 EAMBER  =   -32954.6449


   NSTEP       ENERGY          RMS            GMAX         NAME    NUMBER
    130      -3.2910E+04     1.6759E+00     4.2548E+01     NZ        596

 BOND    =     2258.7397  ANGLE   =      136.3340  DIHED      =      668.0119
 VDWAALS =     4369.9004  EEL     =   -43084.3518  HBOND      =        0.0000
 1-4 VDW =      176.1707  1-4 EEL =     2518.2860  RESTRAINT  =       46.7122
 EAMBER  =   -32956.9091


   NSTEP       ENERGY          RMS            GMAX         NAME    NUMBER
    135      -3.3060E+04     2.2591E+00     1.0384E+02     C         776

 BOND    =     2133.6351  ANGLE   =      134.6351  DIHED      =      667.3714
 VDWAALS =     4305.6274  EEL     =   -43038.8954  HBOND      =        0.0000
 1-4 VDW =      176.1732  1-4 EEL =     2517.5993  RESTRAINT  =       44.1097
 EAMBER  =   -33103.8539


   NSTEP       ENERGY          RMS            GMAX         NAME    NUMBER
    140      -3.3192E+04     1.6774E+00     5.2915E+01     HZ1       597

 BOND    =     2283.0077  ANGLE   =      137.9870  DIHED      =      667.2066
 VDWAALS =     4266.3440  EEL     =   -43297.5786  HBOND      =        0.0000
 1-4 VDW =      175.7611  1-4 EEL =     2518.1281  RESTRAINT  =       57.3820
 EAMBER  =   -33249.1441


   NSTEP       ENERGY          RMS            GMAX         NAME    NUMBER
    145      -3.3354E+04     1.4289E+00     6.5313E+01     C         776

 BOND    =     2148.4646  ANGLE   =      139.6627  DIHED      =      667.5520
 VDWAALS =     4247.5762  EEL     =   -43298.5189  HBOND      =        0.0000
 1-4 VDW =      175.6592  1-4 EEL =     2517.3394  RESTRAINT  =       48.4310
 EAMBER  =   -33402.2648


   NSTEP       ENERGY          RMS            GMAX         NAME    NUMBER
    150      -3.3447E+04     1.5585E+00     5.8327E+01     CE        593

 BOND    =     2195.2938  ANGLE   =      137.0057  DIHED      =      668.6916
 VDWAALS =     4264.4549  EEL     =   -43453.9967  HBOND      =        0.0000
 1-4 VDW =      175.8843  1-4 EEL =     2517.9615  RESTRAINT  =       47.3256
 EAMBER  =   -33494.7048


   NSTEP       ENERGY          RMS            GMAX         NAME    NUMBER
    155      -3.3451E+04     1.4493E+00     5.3381E+01     CE        593

 BOND    =     2193.5954  ANGLE   =      136.5450  DIHED      =      668.6515
 VDWAALS =     4264.0958  EEL     =   -43454.3603  HBOND      =        0.0000
 1-4 VDW =      175.8785  1-4 EEL =     2517.9628  RESTRAINT  =       46.9786
 EAMBER  =   -33497.6313


   NSTEP       ENERGY          RMS            GMAX         NAME    NUMBER
    160      -3.3513E+04     1.1790E+00     4.5205E+01     NZ        596

 BOND    =     2124.2612  ANGLE   =      134.7871  DIHED      =      667.3517
 VDWAALS =     4262.9399  EEL     =   -43437.4081  HBOND      =        0.0000
 1-4 VDW =      176.1413  1-4 EEL =     2518.2339  RESTRAINT  =       40.5544
 EAMBER  =   -33553.6928


   NSTEP       ENERGY          RMS            GMAX         NAME    NUMBER
    165      -3.3580E+04     1.2897E+00     6.1495E+01     HZ1       597

 BOND    =     2178.1983  ANGLE   =      137.9985  DIHED      =      667.2293
 VDWAALS =     4279.8216  EEL     =   -43589.9368  HBOND      =        0.0000
 1-4 VDW =      176.1922  1-4 EEL =     2518.6569  RESTRAINT  =       51.9046
 EAMBER  =   -33631.8400


   NSTEP       ENERGY          RMS            GMAX         NAME    NUMBER
    170      -3.3671E+04     2.2093E+00     8.3516E+01     C         776

 BOND    =     2220.5324  ANGLE   =      141.4634  DIHED      =      667.4136
 VDWAALS =     4402.8009  EEL     =   -43846.9319  HBOND      =        0.0000
 1-4 VDW =      175.6178  1-4 EEL =     2517.6814  RESTRAINT  =       50.0276
 EAMBER  =   -33721.4223


   NSTEP       ENERGY          RMS            GMAX         NAME    NUMBER
    175      -3.3748E+04     1.8707E+00     9.4145E+01     C         776

 BOND    =     2179.7560  ANGLE   =      140.0677  DIHED      =      668.8988
 VDWAALS =     4479.2479  EEL     =   -43959.6618  HBOND      =        0.0000
 1-4 VDW =      175.9404  1-4 EEL =     2517.2140  RESTRAINT  =       50.6783
 EAMBER  =   -33798.5372


   NSTEP       ENERGY          RMS            GMAX         NAME    NUMBER
    180      -3.3751E+04     1.7401E+00     8.2115E+01     C         776

 BOND    =     2180.0666  ANGLE   =      139.6653  DIHED      =      668.8688
 VDWAALS =     4479.1767  EEL     =   -43962.4190  HBOND      =        0.0000
 1-4 VDW =      175.9343  1-4 EEL =     2517.2788  RESTRAINT  =       50.2952
 EAMBER  =   -33801.4287


   NSTEP       ENERGY          RMS            GMAX         NAME    NUMBER
    185      -3.3810E+04     9.8418E-01     2.3526E+01     C         776

 BOND    =     2238.7408  ANGLE   =      132.5596  DIHED      =      667.6028
 VDWAALS =     4489.4152  EEL     =   -44072.4165  HBOND      =        0.0000
 1-4 VDW =      175.8789  1-4 EEL =     2518.0737  RESTRAINT  =       39.8315
 EAMBER  =   -33850.1455


   NSTEP       ENERGY          RMS            GMAX         NAME    NUMBER
    190      -3.3861E+04     1.1521E+00     6.2488E+01     HZ1       597

 BOND    =     2228.5882  ANGLE   =      136.8271  DIHED      =      666.9831
 VDWAALS =     4509.1919  EEL     =   -44145.7373  HBOND      =        0.0000
 1-4 VDW =      176.0184  1-4 EEL =     2518.4044  RESTRAINT  =       48.7215
 EAMBER  =   -33909.7243


   NSTEP       ENERGY          RMS            GMAX         NAME    NUMBER
    195      -3.3938E+04     1.6118E+00     7.6295E+01     CD        666

 BOND    =     2258.7553  ANGLE   =      136.4949  DIHED      =      667.7219
 VDWAALS =     4598.4558  EEL     =   -44337.4205  HBOND      =        0.0000
 1-4 VDW =      176.0067  1-4 EEL =     2517.9644  RESTRAINT  =       43.5918
 EAMBER  =   -33982.0215


   NSTEP       ENERGY          RMS            GMAX         NAME    NUMBER
    200      -3.3985E+04     1.2167E+00     3.9072E+01     CE        593

 BOND    =     2275.9595  ANGLE   =      136.1122  DIHED      =      667.6535
 VDWAALS =     4656.9327  EEL     =   -44459.8197  HBOND      =        0.0000
 1-4 VDW =      175.7221  1-4 EEL =     2517.7846  RESTRAINT  =       44.6520
 EAMBER  =   -34029.6549


   NSTEP       ENERGY          RMS            GMAX         NAME    NUMBER
    205      -3.3987E+04     1.1324E+00     3.6409E+01     HZ1       597

 BOND    =     2274.1830  ANGLE   =      135.7922  DIHED      =      667.6596
 VDWAALS =     4656.5907  EEL     =   -44459.1993  HBOND      =        0.0000
 1-4 VDW =      175.7217  1-4 EEL =     2517.7844  RESTRAINT  =       44.4019
 EAMBER  =   -34031.4676


   NSTEP       ENERGY          RMS            GMAX         NAME    NUMBER
    210      -3.4045E+04     1.3387E+00     5.9901E+01     CG        132

 BOND    =     2231.9015  ANGLE   =      137.7058  DIHED      =      667.8737
 VDWAALS =     4647.5355  EEL     =   -44467.9296  HBOND      =        0.0000
 1-4 VDW =      176.4505  1-4 EEL =     2518.4540  RESTRAINT  =       42.9705
 EAMBER  =   -34088.0085


   NSTEP       ENERGY          RMS            GMAX         NAME    NUMBER
    215      -3.4089E+04     1.0605E+00     5.9801E+01     HZ1       597

 BOND    =     2296.4877  ANGLE   =      135.6718  DIHED      =      667.4997
 VDWAALS =     4653.4034  EEL     =   -44582.0778  HBOND      =        0.0000
 1-4 VDW =      176.3738  1-4 EEL =     2518.8289  RESTRAINT  =       44.9730
 EAMBER  =   -34133.8124


   NSTEP       ENERGY          RMS            GMAX         NAME    NUMBER
    220      -3.4143E+04     1.0294E+00     3.2988E+01     HZ1       597

 BOND    =     2270.2953  ANGLE   =      134.6536  DIHED      =      667.6818
 VDWAALS =     4705.3608  EEL     =   -44656.5909  HBOND      =        0.0000
 1-4 VDW =      175.9598  1-4 EEL =     2517.7681  RESTRAINT  =       41.9561
 EAMBER  =   -34184.8714


   NSTEP       ENERGY          RMS            GMAX         NAME    NUMBER
    225      -3.4181E+04     1.6001E+00     6.4629E+01     HZ2       598

 BOND    =     2284.7827  ANGLE   =      141.3104  DIHED      =      668.3342
 VDWAALS =     4767.2073  EEL     =   -44786.8076  HBOND      =        0.0000
 1-4 VDW =      175.9641  1-4 EEL =     2517.5644  RESTRAINT  =       50.7621
 EAMBER  =   -34231.6444


   NSTEP       ENERGY          RMS            GMAX         NAME    NUMBER
    230      -3.4184E+04     1.4742E+00     6.2010E+01     HZ2       598

 BOND    =     2283.4795  ANGLE   =      140.9111  DIHED      =      668.3134
 VDWAALS =     4767.0632  EEL     =   -44787.2792  HBOND      =        0.0000
 1-4 VDW =      175.9575  1-4 EEL =     2517.6023  RESTRAINT  =       50.3514
 EAMBER  =   -34233.9522


   NSTEP       ENERGY          RMS            GMAX         NAME    NUMBER
    235      -3.4226E+04     8.6588E-01     2.5985E+01     HZ1       597

 BOND    =     2297.5717  ANGLE   =      132.4225  DIHED      =      667.6650
 VDWAALS =     4777.2486  EEL     =   -44834.5073  HBOND      =        0.0000
 1-4 VDW =      176.0599  1-4 EEL =     2518.1129  RESTRAINT  =       39.6594
 EAMBER  =   -34265.4267


   NSTEP       ENERGY          RMS            GMAX         NAME    NUMBER
    240      -3.4252E+04     9.6250E-01     5.4489E+01     HZ1       597

 BOND    =     2304.3375  ANGLE   =      135.0444  DIHED      =      667.4082
 VDWAALS =     4792.2716  EEL     =   -44889.9087  HBOND      =        0.0000
 1-4 VDW =      176.3548  1-4 EEL =     2518.7616  RESTRAINT  =       44.1047
 EAMBER  =   -34295.7307


   NSTEP       ENERGY          RMS            GMAX         NAME    NUMBER
    245      -3.4326E+04     1.2834E+00     4.9614E+01     CE        593

 BOND    =     2331.3434  ANGLE   =      136.6065  DIHED      =      668.1474
 VDWAALS =     4899.2216  EEL     =   -45098.7460  HBOND      =        0.0000
 1-4 VDW =      176.3780  1-4 EEL =     2518.7909  RESTRAINT  =       42.6458
 EAMBER  =   -34368.2582


   NSTEP       ENERGY          RMS            GMAX         NAME    NUMBER
    250      -3.4371E+04     1.1891E+00     3.9150E+01     CE        593

 BOND    =     2333.7696  ANGLE   =      135.7532  DIHED      =      667.6460
 VDWAALS =     4979.8853  EEL     =   -45224.5364  HBOND      =        0.0000
 1-4 VDW =      175.8540  1-4 EEL =     2517.9368  RESTRAINT  =       43.1463
 EAMBER  =   -34413.6916


   NSTEP       ENERGY          RMS            GMAX         NAME    NUMBER
    255      -3.4373E+04     1.1040E+00     3.6160E+01     CE        593

 BOND    =     2332.9762  ANGLE   =      135.4388  DIHED      =      667.6554
 VDWAALS =     4979.4723  EEL     =   -45224.8608  HBOND      =        0.0000
 1-4 VDW =      175.8510  1-4 EEL =     2517.9411  RESTRAINT  =       42.9333
 EAMBER  =   -34415.5260


   NSTEP       ENERGY          RMS            GMAX         NAME    NUMBER
    260      -3.4437E+04     1.3798E+00     7.7153E+01     CG        469

 BOND    =     2329.1953  ANGLE   =      138.6754  DIHED      =      667.9716
 VDWAALS =     4961.1219  EEL     =   -45273.4258  HBOND      =        0.0000
 1-4 VDW =      176.4328  1-4 EEL =     2518.4362  RESTRAINT  =       44.1010
 EAMBER  =   -34481.5927


   NSTEP       ENERGY          RMS            GMAX         NAME    NUMBER
    265      -3.4473E+04     9.6186E-01     5.0227E+01     HZ1       597

 BOND    =     2352.3950  ANGLE   =      134.8703  DIHED      =      667.4830
 VDWAALS =     4960.1051  EEL     =   -45326.4231  HBOND      =        0.0000
 1-4 VDW =      176.2574  1-4 EEL =     2518.5206  RESTRAINT  =       43.4605
 EAMBER  =   -34516.7916


   NSTEP       ENERGY          RMS            GMAX         NAME    NUMBER
    270      -3.4508E+04     6.8794E-01     2.3595E+01     HZ1       597

 BOND    =     2339.8450  ANGLE   =      133.4665  DIHED      =      667.6917
 VDWAALS =     4989.1584  EEL     =   -45372.3624  HBOND      =        0.0000
 1-4 VDW =      175.9641  1-4 EEL =     2517.9932  RESTRAINT  =       40.5518
 EAMBER  =   -34548.2435


   NSTEP       ENERGY          RMS            GMAX         NAME    NUMBER
    275      -3.4539E+04     1.4255E+00     6.5207E+01     HZ2       598

 BOND    =     2354.7375  ANGLE   =      140.6140  DIHED      =      668.3192
 VDWAALS =     5044.6987  EEL     =   -45489.4517  HBOND      =        0.0000
 1-4 VDW =      176.0607  1-4 EEL =     2518.0399  RESTRAINT  =       48.3341
 EAMBER  =   -34586.9817


   NSTEP       ENERGY          RMS            GMAX         NAME    NUMBER
    280      -3.4541E+04     1.3014E+00     6.2282E+01     HZ2       598

 BOND    =     2353.6925  ANGLE   =      140.1818  DIHED      =      668.2880
 VDWAALS =     5044.5384  EEL     =   -45489.9355  HBOND      =        0.0000
 1-4 VDW =      176.0497  1-4 EEL =     2518.0494  RESTRAINT  =       47.9121
 EAMBER  =   -34589.1357


   NSTEP       ENERGY          RMS            GMAX         NAME    NUMBER
    285      -3.4573E+04     6.6040E-01     1.9874E+01     HZ3       599

 BOND    =     2354.7497  ANGLE   =      132.4208  DIHED      =      667.6996
 VDWAALS =     5051.6994  EEL     =   -45513.2989  HBOND      =        0.0000
 1-4 VDW =      175.9820  1-4 EEL =     2517.9995  RESTRAINT  =       39.5342
 EAMBER  =   -34612.7478


   NSTEP       ENERGY          RMS            GMAX         NAME    NUMBER
    290      -3.4593E+04     8.9496E-01     4.8249E+01     HZ1       597

 BOND    =     2367.9729  ANGLE   =      134.5915  DIHED      =      667.3773
 VDWAALS =     5066.5536  EEL     =   -45567.3703  HBOND      =        0.0000
 1-4 VDW =      176.2552  1-4 EEL =     2518.5584  RESTRAINT  =       43.1050
 EAMBER  =   -34636.0614


   NSTEP       ENERGY          RMS            GMAX         NAME    NUMBER
    295      -3.4657E+04     1.1315E+00     5.1285E+01     CE        593

 BOND    =     2391.3406  ANGLE   =      136.5855  DIHED      =      668.0909
 VDWAALS =     5163.5343  EEL     =   -45754.6350  HBOND      =        0.0000
 1-4 VDW =      176.3353  1-4 EEL =     2518.7108  RESTRAINT  =       43.0293
 EAMBER  =   -34700.0376


   NSTEP       ENERGY          RMS            GMAX         NAME    NUMBER
    300      -3.4700E+04     1.1063E+00     3.1286E+01     CE        593

 BOND    =     2395.0940  ANGLE   =      134.8747  DIHED      =      667.6315
 VDWAALS =     5257.0681  EEL     =   -45891.1556  HBOND      =        0.0000
 1-4 VDW =      175.9290  1-4 EEL =     2518.0884  RESTRAINT  =       42.0268
 EAMBER  =   -34742.4698


   NSTEP       ENERGY          RMS            GMAX         NAME    NUMBER
    305      -3.4702E+04     1.0193E+00     2.8865E+01     CE        593

 BOND    =     2394.5805  ANGLE   =      134.6149  DIHED      =      667.6459
 VDWAALS =     5256.6540  EEL     =   -45891.6747  HBOND      =        0.0000
 1-4 VDW =      175.9198  1-4 EEL =     2518.1009  RESTRAINT  =       41.8548
 EAMBER  =   -34744.1587


   NSTEP       ENERGY          RMS            GMAX         NAME    NUMBER
    310      -3.4765E+04     1.1888E+00     4.3903E+01     CG        469

 BOND    =     2396.2348  ANGLE   =      137.8531  DIHED      =      667.9284
 VDWAALS =     5235.2677  EEL     =   -45939.6339  HBOND      =        0.0000
 1-4 VDW =      176.2392  1-4 EEL =     2518.1723  RESTRAINT  =       43.1075
 EAMBER  =   -34807.9385


   NSTEP       ENERGY          RMS            GMAX         NAME    NUMBER
    315      -3.4796E+04     8.5048E-01     4.2316E+01     HZ1       597

 BOND    =     2409.5400  ANGLE   =      134.7256  DIHED      =      667.5547
 VDWAALS =     5232.0629  EEL     =   -45976.7090  HBOND      =        0.0000
 1-4 VDW =      176.2041  1-4 EEL =     2518.1960  RESTRAINT  =       42.3476
 EAMBER  =   -34838.4257


   NSTEP       ENERGY          RMS            GMAX         NAME    NUMBER
    320      -3.4820E+04     5.1240E-01     1.7864E+01     HZ2       598

 BOND    =     2399.5237  ANGLE   =      133.0022  DIHED      =      667.7397
 VDWAALS =     5251.0367  EEL     =   -46005.1523  HBOND      =        0.0000
 1-4 VDW =      175.9635  1-4 EEL =     2518.0566  RESTRAINT  =       40.0260
 EAMBER  =   -34859.8300


   NSTEP       ENERGY          RMS            GMAX         NAME    NUMBER
    325      -3.4849E+04     1.3823E+00     6.1922E+01     HZ2       598

 BOND    =     2420.0792  ANGLE   =      139.5301  DIHED      =      668.4184
 VDWAALS =     5305.3719  EEL     =   -46124.2047  HBOND      =        0.0000
 1-4 VDW =      176.0375  1-4 EEL =     2518.4555  RESTRAINT  =       46.9079
 EAMBER  =   -34896.3121


   NSTEP       ENERGY          RMS            GMAX         NAME    NUMBER
    330      -3.4852E+04     1.2570E+00     5.9056E+01     HZ2       598

 BOND    =     2418.8034  ANGLE   =      139.0974  DIHED      =      668.3657
 VDWAALS =     5305.1844  EEL     =   -46124.4881  HBOND      =        0.0000
 1-4 VDW =      176.0279  1-4 EEL =     2518.4458  RESTRAINT  =       46.4866
 EAMBER  =   -34898.5635


   NSTEP       ENERGY          RMS            GMAX         NAME    NUMBER
    335      -3.4880E+04     5.0984E-01     1.3393E+01     HZ3       599

 BOND    =     2411.3939  ANGLE   =      132.4875  DIHED      =      667.7576
 VDWAALS =     5308.9470  EEL     =   -46133.6830  HBOND      =        0.0000
 1-4 VDW =      175.9631  1-4 EEL =     2518.0048  RESTRAINT  =       39.6219
 EAMBER  =   -34919.1292


   NSTEP       ENERGY          RMS            GMAX         NAME    NUMBER
    340      -3.4896E+04     8.0729E-01     4.3027E+01     HZ1       597

 BOND    =     2426.4341  ANGLE   =      134.4759  DIHED      =      667.4626
 VDWAALS =     5321.6931  EEL     =   -46182.7886  HBOND      =        0.0000
 1-4 VDW =      176.2001  1-4 EEL =     2518.2090  RESTRAINT  =       42.2405
 EAMBER  =   -34938.3139


   NSTEP       ENERGY          RMS            GMAX         NAME    NUMBER
    345      -3.4953E+04     1.1285E+00     5.1064E+01     CE        593

 BOND    =     2445.7962  ANGLE   =      136.4186  DIHED      =      668.1233
 VDWAALS =     5408.2839  EEL     =   -46348.8831  HBOND      =        0.0000
 1-4 VDW =      176.3191  1-4 EEL =     2518.4445  RESTRAINT  =       42.7294
 EAMBER  =   -34995.4975


   NSTEP       ENERGY          RMS            GMAX         NAME    NUMBER
    350      -3.4992E+04     1.0508E+00     2.8827E+01     CG        469

 BOND    =     2449.4975  ANGLE   =      134.4336  DIHED      =      667.7779
 VDWAALS =     5493.1395  EEL     =   -46472.2329  HBOND      =        0.0000
 1-4 VDW =      176.0214  1-4 EEL =     2518.2432  RESTRAINT  =       41.4393
 EAMBER  =   -35033.1199


   NSTEP       ENERGY          RMS            GMAX         NAME    NUMBER
    355      -3.4994E+04     9.6099E-01     2.3596E+01     CE        593

 BOND    =     2448.9073  ANGLE   =      134.1765  DIHED      =      667.7884
 VDWAALS =     5492.7606  EEL     =   -46472.6731  HBOND      =        0.0000
 1-4 VDW =      176.0113  1-4 EEL =     2518.2475  RESTRAINT  =       41.2762
 EAMBER  =   -35034.7815


   NSTEP       ENERGY          RMS            GMAX         NAME    NUMBER
    360      -3.5050E+04     1.1301E+00     4.0770E+01     CG        469

 BOND    =     2453.0047  ANGLE   =      136.5477  DIHED      =      667.8233
 VDWAALS =     5477.8689  EEL     =   -46520.8946  HBOND      =        0.0000
 1-4 VDW =      176.0147  1-4 EEL =     2517.9363  RESTRAINT  =       42.1579
 EAMBER  =   -35091.6989


   NSTEP       ENERGY          RMS            GMAX         NAME    NUMBER
    365      -3.5079E+04     7.4658E-01     3.1395E+01     HZ1       597

 BOND    =     2462.0958  ANGLE   =      134.5818  DIHED      =      667.4767
 VDWAALS =     5477.1254  EEL     =   -46556.6179  HBOND      =        0.0000
 1-4 VDW =      176.0998  1-4 EEL =     2517.9219  RESTRAINT  =       42.4688
 EAMBER  =   -35121.3166


   NSTEP       ENERGY          RMS            GMAX         NAME    NUMBER
    370      -3.5098E+04     4.6273E-01     1.7698E+01     HZ1       597

 BOND    =     2453.5796  ANGLE   =      133.0660  DIHED      =      667.7498
 VDWAALS =     5494.0377  EEL     =   -46580.9134  HBOND      =        0.0000
 1-4 VDW =      175.9751  1-4 EEL =     2518.1666  RESTRAINT  =       40.1384
 EAMBER  =   -35138.3386


   NSTEP       ENERGY          RMS            GMAX         NAME    NUMBER
    375      -3.5122E+04     1.2417E+00     4.1573E+01     HZ2       598

 BOND    =     2476.6168  ANGLE   =      136.4973  DIHED      =      668.4860
 VDWAALS =     5540.9726  EEL     =   -46683.8059  HBOND      =        0.0000
 1-4 VDW =      175.9545  1-4 EEL =     2518.6975  RESTRAINT  =       44.4476
 EAMBER  =   -35166.5811


   NSTEP       ENERGY          RMS            GMAX         NAME    NUMBER
    380      -3.5125E+04     1.1160E+00     3.9362E+01     HZ2       598

 BOND    =     2475.1319  ANGLE   =      136.1588  DIHED      =      668.4113
 VDWAALS =     5540.7105  EEL     =   -46683.7819  HBOND      =        0.0000
 1-4 VDW =      175.9540  1-4 EEL =     2518.6714  RESTRAINT  =       44.1017
 EAMBER  =   -35168.7439


   NSTEP       ENERGY          RMS            GMAX         NAME    NUMBER
    385      -3.5146E+04     4.3933E-01     1.0427E+01     O        6929

 BOND    =     2462.2130  ANGLE   =      132.5925  DIHED      =      667.9014
 VDWAALS =     5541.9225  EEL     =   -46684.5493  HBOND      =        0.0000
 1-4 VDW =      176.0123  1-4 EEL =     2518.0582  RESTRAINT  =       39.5753
 EAMBER  =   -35185.8494


   NSTEP       ENERGY          RMS            GMAX         NAME    NUMBER
    390      -3.5160E+04     7.0672E-01     3.0467E+01     HZ1       597

 BOND    =     2476.8173  ANGLE   =      134.2514  DIHED      =      667.4358
 VDWAALS =     5553.0029  EEL     =   -46728.2309  HBOND      =        0.0000
 1-4 VDW =      176.1220  1-4 EEL =     2517.9260  RESTRAINT  =       42.3718
 EAMBER  =   -35202.6754


   NSTEP       ENERGY          RMS            GMAX         NAME    NUMBER
    395      -3.5208E+04     1.1177E+00     4.8421E+01     CG        469

 BOND    =     2491.5972  ANGLE   =      134.5360  DIHED      =      667.7612
 VDWAALS =     5625.4112  EEL     =   -46868.2558  HBOND      =        0.0000
 1-4 VDW =      176.0083  1-4 EEL =     2518.1998  RESTRAINT  =       46.4470
 EAMBER  =   -35254.7421


   NSTEP       ENERGY          RMS            GMAX         NAME    NUMBER
    400      -3.5242E+04     1.1153E+00     3.2289E+01     CE        593

 BOND    =     2496.5120  ANGLE   =      135.2944  DIHED      =      667.5301
 VDWAALS =     5694.6290  EEL     =   -46976.0522  HBOND      =        0.0000
 1-4 VDW =      175.9088  1-4 EEL =     2518.4753  RESTRAINT  =       45.7068
 EAMBER  =   -35287.7024


   NSTEP       ENERGY          RMS            GMAX         NAME    NUMBER
    405      -3.5244E+04     1.0116E+00     2.9841E+01     CE        593

 BOND    =     2495.7709  ANGLE   =      134.9468  DIHED      =      667.5443
 VDWAALS =     5694.3190  EEL     =   -46976.3272  HBOND      =        0.0000
 1-4 VDW =      175.9041  1-4 EEL =     2518.4639  RESTRAINT  =       45.4124
 EAMBER  =   -35289.3783


   NSTEP       ENERGY          RMS            GMAX         NAME    NUMBER
    410      -3.5287E+04     1.0235E+00     4.4648E+01     CG        469

 BOND    =     2498.2616  ANGLE   =      135.3170  DIHED      =      667.6910
 VDWAALS =     5687.1315  EEL     =   -47010.3725  HBOND      =        0.0000
 1-4 VDW =      175.9086  1-4 EEL =     2517.9273  RESTRAINT  =       41.0506
 EAMBER  =   -35328.1354


   NSTEP       ENERGY          RMS            GMAX         NAME    NUMBER
    415      -3.5310E+04     7.5720E-01     3.8246E+01     HZ1       597

 BOND    =     2506.7639  ANGLE   =      134.5279  DIHED      =      667.6687
 VDWAALS =     5686.6129  EEL     =   -47042.3015  HBOND      =        0.0000
 1-4 VDW =      176.0892  1-4 EEL =     2517.8528  RESTRAINT  =       42.9070
 EAMBER  =   -35352.7861


   NSTEP       ENERGY          RMS            GMAX         NAME    NUMBER
    420      -3.5331E+04     4.2286E-01     1.5860E+01     HZ2       598

 BOND    =     2501.8128  ANGLE   =      132.9113  DIHED      =      667.8470
 VDWAALS =     5701.9895  EEL     =   -47069.8233  HBOND      =        0.0000
 1-4 VDW =      176.0252  1-4 EEL =     2518.1151  RESTRAINT  =       40.2400
 EAMBER  =   -35371.1224


   NSTEP       ENERGY          RMS            GMAX         NAME    NUMBER
    425      -3.5346E+04     8.5563E-01     3.4263E+01     C         578

 BOND    =     2505.9586  ANGLE   =      134.0201  DIHED      =      667.8310
 VDWAALS =     5728.4229  EEL     =   -47119.5213  HBOND      =        0.0000
 1-4 VDW =      175.7734  1-4 EEL =     2518.5875  RESTRAINT  =       42.5215
 EAMBER  =   -35388.9278


   NSTEP       ENERGY          RMS            GMAX         NAME    NUMBER
    430      -3.5348E+04     7.3832E-01     3.0486E+01     C         578

 BOND    =     2505.5737  ANGLE   =      133.7644  DIHED      =      667.7598
 VDWAALS =     5728.1523  EEL     =   -47120.0346  HBOND      =        0.0000
 1-4 VDW =      175.7910  1-4 EEL =     2518.5391  RESTRAINT  =       42.2449
 EAMBER  =   -35390.4543


   NSTEP       ENERGY          RMS            GMAX         NAME    NUMBER
    435      -3.5362E+04     5.7875E-01     1.7753E+01     C         578

 BOND    =     2506.3624  ANGLE   =      132.6471  DIHED      =      667.9767
 VDWAALS =     5730.7421  EEL     =   -47133.0383  HBOND      =        0.0000
 1-4 VDW =      175.9855  1-4 EEL =     2518.0545  RESTRAINT  =       39.6576
 EAMBER  =   -35401.2700


   NSTEP       ENERGY          RMS            GMAX         NAME    NUMBER
    440      -3.5384E+04     6.6911E-01     2.1002E+01     HZ1       597

 BOND    =     2512.1231  ANGLE   =      133.3940  DIHED      =      667.5490
 VDWAALS =     5750.8322  EEL     =   -47184.3128  HBOND      =        0.0000
 1-4 VDW =      176.1491  1-4 EEL =     2517.6146  RESTRAINT  =       42.1591
 EAMBER  =   -35426.6508


   NSTEP       ENERGY          RMS            GMAX         NAME    NUMBER
    445      -3.5410E+04     1.0388E+00     3.4031E+01     CD        590

 BOND    =     2528.3371  ANGLE   =      133.0555  DIHED      =      668.0782
 VDWAALS =     5784.0169  EEL     =   -47258.8967  HBOND      =        0.0000
 1-4 VDW =      175.8919  1-4 EEL =     2518.3252  RESTRAINT  =       41.6200
 EAMBER  =   -35451.1919


   NSTEP       ENERGY          RMS            GMAX         NAME    NUMBER
    450      -3.5458E+04     9.3824E-01     2.9946E+01     HZ1       597

 BOND    =     2529.6446  ANGLE   =      134.7243  DIHED      =      667.4348
 VDWAALS =     5846.3471  EEL     =   -47373.2013  HBOND      =        0.0000
 1-4 VDW =      175.7648  1-4 EEL =     2518.5811  RESTRAINT  =       42.9262
 EAMBER  =   -35500.7047


   NSTEP       ENERGY          RMS            GMAX         NAME    NUMBER
    455      -3.5459E+04     8.3305E-01     2.9260E+01     HZ1       597

 BOND    =     2529.2261  ANGLE   =      134.4244  DIHED      =      667.4520
 VDWAALS =     5846.0227  EEL     =   -47373.5512  HBOND      =        0.0000
 1-4 VDW =      175.7734  1-4 EEL =     2518.5486  RESTRAINT  =       42.6986
 EAMBER  =   -35502.1040


   NSTEP       ENERGY          RMS            GMAX         NAME    NUMBER
    460      -3.5486E+04     7.6545E-01     3.2794E+01     CD        666

 BOND    =     2535.3700  ANGLE   =      133.7500  DIHED      =      667.7848
 VDWAALS =     5842.7827  EEL     =   -47399.1510  HBOND      =        0.0000
 1-4 VDW =      176.0603  1-4 EEL =     2517.6802  RESTRAINT  =       40.1640
 EAMBER  =   -35525.7229


   NSTEP       ENERGY          RMS            GMAX         NAME    NUMBER
    465      -3.5509E+04     6.7363E-01     3.0782E+01     H1       6930

 BOND    =     2533.9206  ANGLE   =      132.6003  DIHED      =      667.4731
 VDWAALS =     5849.7135  EEL     =   -47426.5966  HBOND      =        0.0000
 1-4 VDW =      176.0841  1-4 EEL =     2518.0486  RESTRAINT  =       39.6419
 EAMBER  =   -35548.7563


   NSTEP       ENERGY          RMS            GMAX         NAME    NUMBER
    470      -3.5519E+04     4.3922E-01     1.8379E+01     HZ1       597

 BOND    =     2538.2616  ANGLE   =      132.9857  DIHED      =      667.6611
 VDWAALS =     5857.9197  EEL     =   -47450.5349  HBOND      =        0.0000
 1-4 VDW =      175.9011  1-4 EEL =     2518.2400  RESTRAINT  =       40.0734
 EAMBER  =   -35559.5657


   NSTEP       ENERGY          RMS            GMAX         NAME    NUMBER
    475      -3.5552E+04     8.9858E-01     3.1850E+01     CE        593

 BOND    =     2549.0270  ANGLE   =      133.9933  DIHED      =      667.7785
 VDWAALS =     5894.4208  EEL     =   -47533.7610  HBOND      =        0.0000
 1-4 VDW =      175.9533  1-4 EEL =     2517.7699  RESTRAINT  =       42.7706
 EAMBER  =   -35594.8183


   NSTEP       ENERGY          RMS            GMAX         NAME    NUMBER
    480      -3.5554E+04     7.8703E-01     2.8501E+01     CE        593

 BOND    =     2547.5845  ANGLE   =      133.7480  DIHED      =      667.7451
 VDWAALS =     5894.2466  EEL     =   -47533.2493  HBOND      =        0.0000
 1-4 VDW =      175.9478  1-4 EEL =     2517.7835  RESTRAINT  =       42.5501
 EAMBER  =   -35596.1937


   NSTEP       ENERGY          RMS            GMAX         NAME    NUMBER
    485      -3.5565E+04     6.0601E-01     2.3855E+01     CD        666

 BOND    =     2547.9178  ANGLE   =      132.3825  DIHED      =      667.4438
 VDWAALS =     5897.6662  EEL     =   -47544.2683  HBOND      =        0.0000
 1-4 VDW =      175.8568  1-4 EEL =     2518.2004  RESTRAINT  =       39.4385
 EAMBER  =   -35604.8008


   NSTEP       ENERGY          RMS            GMAX         NAME    NUMBER
    490      -3.5581E+04     4.4669E-01     1.3178E+01     HB3       706

 BOND    =     2550.7394  ANGLE   =      132.5563  DIHED      =      667.7644
 VDWAALS =     5908.2037  EEL     =   -47576.7902  HBOND      =        0.0000
 1-4 VDW =      176.2106  1-4 EEL =     2518.0167  RESTRAINT  =       42.4024
 EAMBER  =   -35623.2992


   NSTEP       ENERGY          RMS            GMAX         NAME    NUMBER
    495      -3.5615E+04     1.4398E+00     6.0162E+01     CG        469

 BOND    =     2581.9647  ANGLE   =      135.9475  DIHED      =      668.9502
 VDWAALS =     5957.9723  EEL     =   -47697.3997  HBOND      =        0.0000
 1-4 VDW =      176.2689  1-4 EEL =     2517.2785  RESTRAINT  =       43.8762
 EAMBER  =   -35659.0177


   NSTEP       ENERGY          RMS            GMAX         NAME    NUMBER
    500      -3.5680E+04     8.8643E-01     2.4480E+01     CG        587

 BOND    =     2577.7429  ANGLE   =      133.6934  DIHED      =      667.5868
 VDWAALS =     6058.2168  EEL     =   -47854.2608  HBOND      =        0.0000
 1-4 VDW =      175.6319  1-4 EEL =     2517.9974  RESTRAINT  =       43.5560
 EAMBER  =   -35723.3916


  Maximum number of minimization cycles reached.


                    FINAL RESULTS



   NSTEP       ENERGY          RMS            GMAX         NAME    NUMBER
    500      -3.5680E+04     8.8643E-01     2.4480E+01     CG        587

 BOND    =     2577.7429  ANGLE   =      133.6934  DIHED      =      667.5868
 VDWAALS =     6058.2168  EEL     =   -47854.2608  HBOND      =        0.0000
 1-4 VDW =      175.6319  1-4 EEL =     2517.9974  RESTRAINT  =       43.5560
 EAMBER  =   -35723.3916
--------------------------------------------------------------------------------
   5.  TIMINGS
--------------------------------------------------------------------------------

|  NonSetup CPU Time in Major Routines:
|
|     Routine           Sec        %
|     ------------------------------
|     Nonbond          16.18   96.89
|     Bond              0.06    0.34
|     Angle             0.06    0.34
|     Dihedral          0.30    1.82
|     Shake             0.00    0.00
|     Other             0.10    0.62
|     ------------------------------
|     Total            16.70

|  PME Nonbond Pairlist CPU Time:
|
|     Routine              Sec        %
|     ---------------------------------
|     Set Up Cit           0.01    0.05
|     Build List           0.43    2.59
|     ---------------------------------
|     Total                0.44    2.63

|  PME Direct Force CPU Time:
|
|     Routine              Sec        %
|     ---------------------------------
|     NonBonded Calc      10.29   61.63
|     Exclude Masked       0.18    1.08
|     Other                0.06    0.34
|     ---------------------------------
|     Total               10.53   63.04

|  PME Reciprocal Force CPU Time:
|
|     Routine              Sec        %
|     ---------------------------------
|     1D bspline           0.16    0.93
|     Grid Charges         0.30    1.82
|     Scalar Sum           1.84   10.99
|     Gradient Sum         0.55    3.28
|     FFT                  2.36   14.13
|     ---------------------------------
|     Total                5.20   31.16

|  Setup CPU time:            0.13 seconds
|  NonSetup CPU time:        16.70 seconds
|  Total CPU time:           16.83 seconds     0.00 hours

|  Setup wall time:           1    seconds
|  NonSetup wall time:       16    seconds
|  Total wall time:          17    seconds     0.00 hours
