
          -------------------------------------------------------
          Amber 16 PMEMD                              2016
          -------------------------------------------------------

| PMEMD implementation of SANDER, Release 16

| Run on 06/18/2017 at 04:35:02

|   Executable path: pmemd
| Working directory: /home/german/alex/run/3im/mhe/m
|          Hostname: Unknown
  [-O]verwriting output

File Assignments:
|   MDIN: mmin.in                                                               
|  MDOUT: mmin.out                                                              
| INPCRD: m3im.rst7                                                             
|   PARM: /home/german/alex/top_files/3im.prmtop                                
| RESTRT: mm3im.rst7                                                            
|   REFC: 3im.rst7                                                              
|  MDVEL: mdvel                                                                 
|   MDEN: mden                                                                  
|  MDCRD: mm3im.crd                                                             
| MDINFO: mdinfo                                                                
|  MDFRC: mdfrc                                                                 


 Here is the input file:

Minimization with Cartesian restraints                                         
&cntrl                                                                         
imin=1,                                                                        
ntmin=1,                                ! Steepest Descent, then Conjugate Grad
ncyc=100,                               ! 100 steps of Steepest Descent        
maxcyc=500,                             ! 400 steps of Conjugate Gradient      
ntpr=5,                                                                        
&end                                                                           


Note: ig = -1. Setting random seed to   652524 based on wallclock time in 
      microseconds.
 
 
| Conditional Compilation Defines Used:
| PUBFFT
| BINTRAJ
| EMIL

| Largest sphere to fit in unit cell has radius =    21.604

| New format PARM file being parsed.
| Version =    1.000 Date = 06/17/17 Time = 14:30:34

| Note: 1-4 EEL scale factors are being read from the topology file.

| Note: 1-4 VDW scale factors are being read from the topology file.
| Duplicated    0 dihedrals

| Duplicated    0 dihedrals

--------------------------------------------------------------------------------
   1.  RESOURCE   USE: 
--------------------------------------------------------------------------------

 getting box info from netcdf restart file
 NATOM  =    9514 NTYPES =      17 NBONH =    9117 MBONA  =     402
 NTHETH =     874 MTHETA =     539 NPHIH =    1768 MPHIA  =    1685
 NHPARM =       0 NPARM  =       0 NNB   =   15927 NRES   =    2963
 NBONA  =     402 NTHETA =     539 NPHIA =    1685 NUMBND =      67
 NUMANG =     152 NPTRA  =     191 NATYP =      36 NPHB   =       1
 IFBOX  =       2 NMXRS  =      25 IFCAP =       0 NEXTRA =       0
 NCOPY  =       0

| Coordinate Index Table dimensions:    10   10   10
| Direct force subcell size =     5.2919    5.2919    5.2919

     BOX TYPE: TRUNCATED OCTAHEDRON

--------------------------------------------------------------------------------
   2.  CONTROL  DATA  FOR  THE  RUN
--------------------------------------------------------------------------------

default_name                                                                    

General flags:
     imin    =       1, nmropt  =       0

Nature and format of input:
     ntx     =       1, irest   =       0, ntrx    =       1

Nature and format of output:
     ntxo    =       2, ntpr    =       5, ntrx    =       1, ntwr    =       1
     iwrap   =       0, ntwx    =       0, ntwv    =       0, ntwe    =       0
     ioutfm  =       1, ntwprt  =       0, idecomp =       0, rbornstat=      0

Potential function:
     ntf     =       1, ntb     =       1, igb     =       0, nsnb    =      25
     ipol    =       0, gbsa    =       0, iesp    =       0
     dielc   =   1.00000, cut     =   8.00000, intdiel =   1.00000

Frozen or restrained atoms:
     ibelly  =       0, ntr     =       0

Energy minimization:
     maxcyc  =     500, ncyc    =     100, ntmin   =       1
     dx0     =   0.01000, drms    =   0.00010

| Intermolecular bonds treatment:
|     no_intermolecular_bonds =       1

| Energy averages sample interval:
|     ene_avg_sampling =       1

Ewald parameters:
     verbose =       0, ew_type =       0, nbflag  =       1, use_pme =       1
     vdwmeth =       1, eedmeth =       1, netfrc  =       0
     Box X =   52.919   Box Y =   52.919   Box Z =   52.919
     Alpha =  109.471   Beta  =  109.471   Gamma =  109.471
     NFFT1 =   54       NFFT2 =   54       NFFT3 =   54
     Cutoff=    8.000   Tol   =0.100E-04
     Ewald Coefficient =  0.34864
     Interpolation order =    4

--------------------------------------------------------------------------------
   3.  ATOMIC COORDINATES AND VELOCITIES
--------------------------------------------------------------------------------

default_name                                                                    
 begin time read from input coords =     0.000 ps

 
 Number of triangulated 3-point waters found:     2911

     Sum of charges from parm topology file =  -0.00000003
     Forcing neutrality...

| Dynamic Memory, Types Used:
| Reals              334623
| Integers           277742

| Nonbonded Pairs Initial Allocation:     1589075

--------------------------------------------------------------------------------
   4.  RESULTS
--------------------------------------------------------------------------------

 ---------------------------------------------------
 APPROXIMATING switch and d/dx switch using CUBIC SPLINE INTERPOLATION
 using   5000.0 points per unit in tabled values
 TESTING RELATIVE ERROR over r ranging from 0.0 to cutoff
| CHECK switch(x): max rel err =   0.2738E-14   at   2.422500
| CHECK d/dx switch(x): max rel err =   0.8332E-11   at   2.782960
 ---------------------------------------------------
|---------------------------------------------------
| APPROXIMATING direct energy using CUBIC SPLINE INTERPOLATION
|  with   50.0 points per unit in tabled values
| Relative Error Limit not exceeded for r .gt.   2.47
| APPROXIMATING direct force using CUBIC SPLINE INTERPOLATION
|  with   50.0 points per unit in tabled values
| Relative Error Limit not exceeded for r .gt.   2.89
|---------------------------------------------------


   NSTEP       ENERGY          RMS            GMAX         NAME    NUMBER
      1      -3.5723E+04     1.0850E+00     2.1599E+01     CG        587

 BOND    =     2577.7429  ANGLE   =      133.6934  DIHED      =      667.5868
 VDWAALS =     6058.2168  EEL     =   -47854.2608  HBOND      =        0.0000
 1-4 VDW =      175.6319  1-4 EEL =     2517.9974  RESTRAINT  =        0.0000


   NSTEP       ENERGY          RMS            GMAX         NAME    NUMBER
      5      -3.5734E+04     8.9423E-01     1.7632E+01     OE1       265

 BOND    =     2577.5090  ANGLE   =      132.4952  DIHED      =      667.3363
 VDWAALS =     6055.3435  EEL     =   -47859.3431  HBOND      =        0.0000
 1-4 VDW =      175.4980  1-4 EEL =     2517.1583  RESTRAINT  =        0.0000


   NSTEP       ENERGY          RMS            GMAX         NAME    NUMBER
     10      -3.5759E+04     7.1632E-01     1.4282E+01     HD21       43

 BOND    =     2577.8066  ANGLE   =      130.4219  DIHED      =      666.6154
 VDWAALS =     6048.7634  EEL     =   -47871.3112  HBOND      =        0.0000
 1-4 VDW =      174.9672  1-4 EEL =     2514.0147  RESTRAINT  =        0.0000


   NSTEP       ENERGY          RMS            GMAX         NAME    NUMBER
     15      -3.5806E+04     5.1227E-01     1.1565E+01     HD21       43

 BOND    =     2579.9035  ANGLE   =      129.1810  DIHED      =      664.4116
 VDWAALS =     6039.8045  EEL     =   -47898.4172  HBOND      =        0.0000
 1-4 VDW =      173.2959  1-4 EEL =     2506.0868  RESTRAINT  =        0.0000


   NSTEP       ENERGY          RMS            GMAX         NAME    NUMBER
     20      -3.5853E+04     1.0393E+00     1.6013E+01     CG        144

 BOND    =     2588.3795  ANGLE   =      130.0575  DIHED      =      660.3943
 VDWAALS =     6039.5509  EEL     =   -47939.5883  HBOND      =        0.0000
 1-4 VDW =      170.6142  1-4 EEL =     2497.5421  RESTRAINT  =        0.0000


   NSTEP       ENERGY          RMS            GMAX         NAME    NUMBER
     25      -3.5867E+04     4.6887E-01     7.0816E+00     H         112

 BOND    =     2584.7220  ANGLE   =      130.1465  DIHED      =      659.3571
 VDWAALS =     6041.4316  EEL     =   -47948.9283  HBOND      =        0.0000
 1-4 VDW =      170.0072  1-4 EEL =     2496.4530  RESTRAINT  =        0.0000


   NSTEP       ENERGY          RMS            GMAX         NAME    NUMBER
     30      -3.5876E+04     3.0635E-01     6.4170E+00     H         112

 BOND    =     2585.1487  ANGLE   =      130.2361  DIHED      =      658.5313
 VDWAALS =     6043.2369  EEL     =   -47957.7604  HBOND      =        0.0000
 1-4 VDW =      169.5610  1-4 EEL =     2495.5461  RESTRAINT  =        0.0000


   NSTEP       ENERGY          RMS            GMAX         NAME    NUMBER
     35      -3.5885E+04     6.5141E-01     1.1874E+01     CG        144

 BOND    =     2587.2862  ANGLE   =      130.3324  DIHED      =      657.4579
 VDWAALS =     6046.0905  EEL     =   -47969.3831  HBOND      =        0.0000
 1-4 VDW =      168.9824  1-4 EEL =     2494.5499  RESTRAINT  =        0.0000


   NSTEP       ENERGY          RMS            GMAX         NAME    NUMBER
     40      -3.5893E+04     3.9133E-01     6.4493E+00     CG        144

 BOND    =     2587.1186  ANGLE   =      130.3824  DIHED      =      656.7197
 VDWAALS =     6048.2735  EEL     =   -47978.3236  HBOND      =        0.0000
 1-4 VDW =      168.6130  1-4 EEL =     2493.8572  RESTRAINT  =        0.0000


   NSTEP       ENERGY          RMS            GMAX         NAME    NUMBER
     45      -3.5900E+04     7.0590E-01     1.4691E+01     CG        144

 BOND    =     2589.1622  ANGLE   =      130.3900  DIHED      =      655.9780
 VDWAALS =     6050.7276  EEL     =   -47987.3185  HBOND      =        0.0000
 1-4 VDW =      168.2376  1-4 EEL =     2493.2639  RESTRAINT  =        0.0000


   NSTEP       ENERGY          RMS            GMAX         NAME    NUMBER
     50      -3.5906E+04     7.5681E-01     1.7510E+01     CG        144

 BOND    =     2590.2098  ANGLE   =      130.3876  DIHED      =      655.3053
 VDWAALS =     6053.1507  EEL     =   -47996.1402  HBOND      =        0.0000
 1-4 VDW =      167.9100  1-4 EEL =     2492.7252  RESTRAINT  =        0.0000


   NSTEP       ENERGY          RMS            GMAX         NAME    NUMBER
     55      -3.5913E+04     8.3072E-01     2.0470E+01     CG        144

 BOND    =     2591.3943  ANGLE   =      130.3658  DIHED      =      654.6995
 VDWAALS =     6055.4490  EEL     =   -48004.4552  HBOND      =        0.0000
 1-4 VDW =      167.6198  1-4 EEL =     2492.2540  RESTRAINT  =        0.0000


   NSTEP       ENERGY          RMS            GMAX         NAME    NUMBER
     60      -3.5919E+04     7.8152E-01     1.8240E+01     CG        144

 BOND    =     2591.7591  ANGLE   =      130.3338  DIHED      =      654.2163
 VDWAALS =     6057.3993  EEL     =   -48011.5350  HBOND      =        0.0000
 1-4 VDW =      167.3958  1-4 EEL =     2491.8589  RESTRAINT  =        0.0000


   NSTEP       ENERGY          RMS            GMAX         NAME    NUMBER
     65      -3.5925E+04     8.0322E-01     2.1068E+01     CG        144

 BOND    =     2592.5988  ANGLE   =      130.2868  DIHED      =      653.6699
 VDWAALS =     6059.7124  EEL     =   -48019.7131  HBOND      =        0.0000
 1-4 VDW =      167.1402  1-4 EEL =     2491.4481  RESTRAINT  =        0.0000


   NSTEP       ENERGY          RMS            GMAX         NAME    NUMBER
     70      -3.5933E+04     2.4882E-01     3.4342E+00     CG        144

 BOND    =     2591.5119  ANGLE   =      130.3124  DIHED      =      653.2176
 VDWAALS =     6061.7249  EEL     =   -48027.6718  HBOND      =        0.0000
 1-4 VDW =      166.9554  1-4 EEL =     2490.9715  RESTRAINT  =        0.0000


   NSTEP       ENERGY          RMS            GMAX         NAME    NUMBER
     75      -3.5936E+04     8.7629E-01     2.5042E+01     CG        144

 BOND    =     2594.4005  ANGLE   =      130.1709  DIHED      =      652.7358
 VDWAALS =     6064.0023  EEL     =   -48034.5432  HBOND      =        0.0000
 1-4 VDW =      166.7083  1-4 EEL =     2490.7476  RESTRAINT  =        0.0000


   NSTEP       ENERGY          RMS            GMAX         NAME    NUMBER
     80      -3.5941E+04     9.0446E-01     2.8314E+01     CG        144

 BOND    =     2595.2474  ANGLE   =      130.1044  DIHED      =      652.2806
 VDWAALS =     6066.2411  EEL     =   -48042.1236  HBOND      =        0.0000
 1-4 VDW =      166.4991  1-4 EEL =     2490.4179  RESTRAINT  =        0.0000


   NSTEP       ENERGY          RMS            GMAX         NAME    NUMBER
     85      -3.5947E+04     9.4883E-01     3.2794E+01     CG        144

 BOND    =     2596.2064  ANGLE   =      130.0356  DIHED      =      651.8380
 VDWAALS =     6068.4787  EEL     =   -48049.7034  HBOND      =        0.0000
 1-4 VDW =      166.2962  1-4 EEL =     2490.1059  RESTRAINT  =        0.0000


   NSTEP       ENERGY          RMS            GMAX         NAME    NUMBER
     90      -3.5956E+04     3.0670E-01     9.3846E+00     CG        144

 BOND    =     2594.5886  ANGLE   =      130.0539  DIHED      =      651.4584
 VDWAALS =     6070.5577  EEL     =   -48057.9953  HBOND      =        0.0000
 1-4 VDW =      166.1638  1-4 EEL =     2489.5926  RESTRAINT  =        0.0000


   NSTEP       ENERGY          RMS            GMAX         NAME    NUMBER
     95      -3.5960E+04     2.2663E-01     2.9662E+00     CG        144

 BOND    =     2594.8017  ANGLE   =      129.9518  DIHED      =      651.1332
 VDWAALS =     6072.3259  EEL     =   -48063.7463  HBOND      =        0.0000
 1-4 VDW =      166.0130  1-4 EEL =     2489.3811  RESTRAINT  =        0.0000


   NSTEP       ENERGY          RMS            GMAX         NAME    NUMBER
    100      -3.5966E+04     2.2421E-01     3.1605E+00     CG        144

 BOND    =     2595.4857  ANGLE   =      129.8645  DIHED      =      650.7441
 VDWAALS =     6074.5683  EEL     =   -48071.1070  HBOND      =        0.0000
 1-4 VDW =      165.8402  1-4 EEL =     2489.0856  RESTRAINT  =        0.0000


   NSTEP       ENERGY          RMS            GMAX         NAME    NUMBER
    105      -3.5984E+04     3.1460E-01     1.7821E+01     CG        144

 BOND    =     2598.5606  ANGLE   =      129.6394  DIHED      =      649.4560
 VDWAALS =     6082.4864  EEL     =   -48097.5418  HBOND      =        0.0000
 1-4 VDW =      165.2623  1-4 EEL =     2488.0289  RESTRAINT  =        0.0000


   NSTEP       ENERGY          RMS            GMAX         NAME    NUMBER
    110      -3.6137E+04     1.3178E+00     7.1330E+01     HE21      267

 BOND    =     2664.6957  ANGLE   =      134.0711  DIHED      =      642.5647
 VDWAALS =     6237.6830  EEL     =   -48453.4381  HBOND      =        0.0000
 1-4 VDW =      157.5863  1-4 EEL =     2479.6969  RESTRAINT  =        0.0000


   NSTEP       ENERGY          RMS            GMAX         NAME    NUMBER
    115      -3.6190E+04     7.7692E-01     1.9090E+01     HE22      268

 BOND    =     2648.4591  ANGLE   =      147.0853  DIHED      =      641.0120
 VDWAALS =     6270.6615  EEL     =   -48526.0615  HBOND      =        0.0000
 1-4 VDW =      158.5302  1-4 EEL =     2470.4620  RESTRAINT  =        0.0000


   NSTEP       ENERGY          RMS            GMAX         NAME    NUMBER
    120      -3.6221E+04     1.1961E+00     3.8226E+01     CD        264

 BOND    =     2689.2779  ANGLE   =      156.6584  DIHED      =      640.0210
 VDWAALS =     6316.8675  EEL     =   -48644.4210  HBOND      =        0.0000
 1-4 VDW =      158.3055  1-4 EEL =     2462.1722  RESTRAINT  =        0.0000


   NSTEP       ENERGY          RMS            GMAX         NAME    NUMBER
    125      -3.6266E+04     7.2129E-01     2.5836E+01     CG        144

 BOND    =     2682.9388  ANGLE   =      153.8363  DIHED      =      638.7137
 VDWAALS =     6407.2904  EEL     =   -48758.5903  HBOND      =        0.0000
 1-4 VDW =      155.1994  1-4 EEL =     2454.7292  RESTRAINT  =        0.0000


   NSTEP       ENERGY          RMS            GMAX         NAME    NUMBER
    130      -3.6268E+04     6.0540E-01     1.8637E+01     HD21       43

 BOND    =     2681.6204  ANGLE   =      153.3688  DIHED      =      638.6304
 VDWAALS =     6407.0198  EEL     =   -48758.3123  HBOND      =        0.0000
 1-4 VDW =      155.2431  1-4 EEL =     2454.7919  RESTRAINT  =        0.0000


   NSTEP       ENERGY          RMS            GMAX         NAME    NUMBER
    135      -3.6300E+04     1.0880E+00     4.8226E+01     CD        264

 BOND    =     2680.4111  ANGLE   =      154.1607  DIHED      =      635.7982
 VDWAALS =     6395.6466  EEL     =   -48784.2475  HBOND      =        0.0000
 1-4 VDW =      156.7814  1-4 EEL =     2461.9115  RESTRAINT  =        0.0000


   NSTEP       ENERGY          RMS            GMAX         NAME    NUMBER
    140      -3.6333E+04     7.9788E-01     4.3827E+01     C         776

 BOND    =     2673.1989  ANGLE   =      142.6446  DIHED      =      634.7361
 VDWAALS =     6398.9451  EEL     =   -48807.1104  HBOND      =        0.0000
 1-4 VDW =      156.8291  1-4 EEL =     2468.0693  RESTRAINT  =        0.0000


   NSTEP       ENERGY          RMS            GMAX         NAME    NUMBER
    145      -3.6356E+04     8.5657E-01     3.3147E+01     HE21      267

 BOND    =     2680.5149  ANGLE   =      131.7859  DIHED      =      633.8896
 VDWAALS =     6403.5818  EEL     =   -48832.2296  HBOND      =        0.0000
 1-4 VDW =      157.2631  1-4 EEL =     2468.8610  RESTRAINT  =        0.0000


   NSTEP       ENERGY          RMS            GMAX         NAME    NUMBER
    150      -3.6384E+04     4.8089E-01     1.1702E+01     C         776

 BOND    =     2673.2469  ANGLE   =      131.7214  DIHED      =      631.5146
 VDWAALS =     6409.4122  EEL     =   -48858.6999  HBOND      =        0.0000
 1-4 VDW =      160.3113  1-4 EEL =     2468.5504  RESTRAINT  =        0.0000


   NSTEP       ENERGY          RMS            GMAX         NAME    NUMBER
    155      -3.6385E+04     3.8496E-01     9.6725E+00     HE21      267

 BOND    =     2673.2145  ANGLE   =      131.5177  DIHED      =      631.5183
 VDWAALS =     6409.2193  EEL     =   -48859.7399  HBOND      =        0.0000
 1-4 VDW =      160.2313  1-4 EEL =     2468.7787  RESTRAINT  =        0.0000


   NSTEP       ENERGY          RMS            GMAX         NAME    NUMBER
    160      -3.6397E+04     6.1700E-01     2.4714E+01     C         776

 BOND    =     2676.3103  ANGLE   =      123.7266  DIHED      =      631.5230
 VDWAALS =     6404.1293  EEL     =   -48864.6646  HBOND      =        0.0000
 1-4 VDW =      158.7247  1-4 EEL =     2472.7681  RESTRAINT  =        0.0000


   NSTEP       ENERGY          RMS            GMAX         NAME    NUMBER
    165      -3.6415E+04     8.4352E-01     2.5863E+01     CG        361

 BOND    =     2684.2817  ANGLE   =      128.7943  DIHED      =      628.7847
 VDWAALS =     6394.2313  EEL     =   -48881.6975  HBOND      =        0.0000
 1-4 VDW =      157.7258  1-4 EEL =     2472.4766  RESTRAINT  =        0.0000


   NSTEP       ENERGY          RMS            GMAX         NAME    NUMBER
    170      -3.6430E+04     6.2592E-01     2.1978E+01     C         776

 BOND    =     2677.6640  ANGLE   =      129.6575  DIHED      =      628.1591
 VDWAALS =     6395.4056  EEL     =   -48885.4864  HBOND      =        0.0000
 1-4 VDW =      156.3876  1-4 EEL =     2468.5733  RESTRAINT  =        0.0000


   NSTEP       ENERGY          RMS            GMAX         NAME    NUMBER
    175      -3.6446E+04     5.1474E-01     1.1212E+01     CB         37

 BOND    =     2684.7630  ANGLE   =      129.9921  DIHED      =      627.8257
 VDWAALS =     6407.9848  EEL     =   -48919.1488  HBOND      =        0.0000
 1-4 VDW =      154.5396  1-4 EEL =     2467.7166  RESTRAINT  =        0.0000


   NSTEP       ENERGY          RMS            GMAX         NAME    NUMBER
    180      -3.6448E+04     4.1074E-01     8.8289E+00     HD22       44

 BOND    =     2683.6532  ANGLE   =      129.5804  DIHED      =      627.7559
 VDWAALS =     6407.9572  EEL     =   -48919.0296  HBOND      =        0.0000
 1-4 VDW =      154.5898  1-4 EEL =     2467.7396  RESTRAINT  =        0.0000


   NSTEP       ENERGY          RMS            GMAX         NAME    NUMBER
    185      -3.6458E+04     5.2549E-01     2.6150E+01     C         776

 BOND    =     2680.5142  ANGLE   =      128.4746  DIHED      =      626.8367
 VDWAALS =     6410.1793  EEL     =   -48930.0583  HBOND      =        0.0000
 1-4 VDW =      155.7522  1-4 EEL =     2469.9918  RESTRAINT  =        0.0000


   NSTEP       ENERGY          RMS            GMAX         NAME    NUMBER
    190      -3.6471E+04     4.3886E-01     1.0045E+01     HD22       44

 BOND    =     2684.9360  ANGLE   =      126.7295  DIHED      =      627.7588
 VDWAALS =     6422.2731  EEL     =   -48963.6875  HBOND      =        0.0000
 1-4 VDW =      156.5826  1-4 EEL =     2474.1786  RESTRAINT  =        0.0000


   NSTEP       ENERGY          RMS            GMAX         NAME    NUMBER
    195      -3.6483E+04     5.6634E-01     1.4354E+01     HE21      267

 BOND    =     2684.5695  ANGLE   =      124.8974  DIHED      =      629.0871
 VDWAALS =     6439.7434  EEL     =   -48991.7502  HBOND      =        0.0000
 1-4 VDW =      157.1265  1-4 EEL =     2473.0170  RESTRAINT  =        0.0000


   NSTEP       ENERGY          RMS            GMAX         NAME    NUMBER
    200      -3.6498E+04     5.9852E-01     2.3684E+01     C         776

 BOND    =     2690.0143  ANGLE   =      131.0889  DIHED      =      628.3849
 VDWAALS =     6455.5657  EEL     =   -49030.0276  HBOND      =        0.0000
 1-4 VDW =      158.0170  1-4 EEL =     2469.2522  RESTRAINT  =        0.0000


   NSTEP       ENERGY          RMS            GMAX         NAME    NUMBER
    205      -3.6499E+04     4.6014E-01     1.1822E+01     HE21      267

 BOND    =     2689.2168  ANGLE   =      130.6161  DIHED      =      628.3782
 VDWAALS =     6455.4765  EEL     =   -49030.3554  HBOND      =        0.0000
 1-4 VDW =      157.9631  1-4 EEL =     2469.4588  RESTRAINT  =        0.0000


   NSTEP       ENERGY          RMS            GMAX         NAME    NUMBER
    210      -3.6510E+04     5.0474E-01     1.3641E+01     C         776

 BOND    =     2687.6442  ANGLE   =      123.6825  DIHED      =      628.4532
 VDWAALS =     6452.8496  EEL     =   -49032.1661  HBOND      =        0.0000
 1-4 VDW =      157.1911  1-4 EEL =     2472.8033  RESTRAINT  =        0.0000


   NSTEP       ENERGY          RMS            GMAX         NAME    NUMBER
    215      -3.6523E+04     5.9219E-01     1.4137E+01     CG        361

 BOND    =     2695.0030  ANGLE   =      125.2898  DIHED      =      625.8435
 VDWAALS =     6448.0564  EEL     =   -49046.3058  HBOND      =        0.0000
 1-4 VDW =      156.5196  1-4 EEL =     2472.7246  RESTRAINT  =        0.0000


   NSTEP       ENERGY          RMS            GMAX         NAME    NUMBER
    220      -3.6531E+04     5.0421E-01     2.0863E+01     C         776

 BOND    =     2690.0871  ANGLE   =      126.5652  DIHED      =      625.5840
 VDWAALS =     6449.2393  EEL     =   -49048.9597  HBOND      =        0.0000
 1-4 VDW =      155.5662  1-4 EEL =     2470.4308  RESTRAINT  =        0.0000


   NSTEP       ENERGY          RMS            GMAX         NAME    NUMBER
    225      -3.6543E+04     6.1347E-01     1.7376E+01     C         776

 BOND    =     2699.6956  ANGLE   =      127.0043  DIHED      =      625.6581
 VDWAALS =     6460.9854  EEL     =   -49079.2919  HBOND      =        0.0000
 1-4 VDW =      154.1596  1-4 EEL =     2469.1384  RESTRAINT  =        0.0000


   NSTEP       ENERGY          RMS            GMAX         NAME    NUMBER
    230      -3.6544E+04     4.5562E-01     1.0992E+01     HG3       263

 BOND    =     2698.1762  ANGLE   =      126.6169  DIHED      =      625.5818
 VDWAALS =     6460.9226  EEL     =   -49078.8967  HBOND      =        0.0000
 1-4 VDW =      154.2133  1-4 EEL =     2469.1422  RESTRAINT  =        0.0000


   NSTEP       ENERGY          RMS            GMAX         NAME    NUMBER
    235      -3.6553E+04     4.8211E-01     1.8750E+01     C         776

 BOND    =     2693.7186  ANGLE   =      126.3413  DIHED      =      624.3809
 VDWAALS =     6462.6644  EEL     =   -49086.0477  HBOND      =        0.0000
 1-4 VDW =      155.1689  1-4 EEL =     2470.4871  RESTRAINT  =        0.0000


   NSTEP       ENERGY          RMS            GMAX         NAME    NUMBER
    240      -3.6564E+04     4.2012E-01     7.6192E+00     CG         54

 BOND    =     2699.2065  ANGLE   =      124.9681  DIHED      =      624.9354
 VDWAALS =     6473.8923  EEL     =   -49116.9651  HBOND      =        0.0000
 1-4 VDW =      156.0047  1-4 EEL =     2473.4607  RESTRAINT  =        0.0000


   NSTEP       ENERGY          RMS            GMAX         NAME    NUMBER
    245      -3.6573E+04     4.9541E-01     1.3924E+01     HE21      267

 BOND    =     2697.8557  ANGLE   =      123.5377  DIHED      =      626.1037
 VDWAALS =     6485.3690  EEL     =   -49134.8722  HBOND      =        0.0000
 1-4 VDW =      156.2710  1-4 EEL =     2472.9899  RESTRAINT  =        0.0000


   NSTEP       ENERGY          RMS            GMAX         NAME    NUMBER
    250      -3.6584E+04     6.2224E-01     2.7474E+01     C         776

 BOND    =     2703.9949  ANGLE   =      129.3659  DIHED      =      625.5053
 VDWAALS =     6498.3876  EEL     =   -49167.4897  HBOND      =        0.0000
 1-4 VDW =      156.7683  1-4 EEL =     2469.8149  RESTRAINT  =        0.0000


   NSTEP       ENERGY          RMS            GMAX         NAME    NUMBER
    255      -3.6585E+04     4.6703E-01     1.3381E+01     C         776

 BOND    =     2702.7692  ANGLE   =      129.0146  DIHED      =      625.5061
 VDWAALS =     6498.3853  EEL     =   -49167.6381  HBOND      =        0.0000
 1-4 VDW =      156.7372  1-4 EEL =     2469.9846  RESTRAINT  =        0.0000


   NSTEP       ENERGY          RMS            GMAX         NAME    NUMBER
    260      -3.6593E+04     4.3051E-01     1.3706E+01     C         776

 BOND    =     2699.8960  ANGLE   =      123.5787  DIHED      =      625.5670
 VDWAALS =     6497.4521  EEL     =   -49168.9189  HBOND      =        0.0000
 1-4 VDW =      156.4231  1-4 EEL =     2472.7027  RESTRAINT  =        0.0000


   NSTEP       ENERGY          RMS            GMAX         NAME    NUMBER
    265      -3.6603E+04     4.2966E-01     1.1686E+01     CG         54

 BOND    =     2705.7147  ANGLE   =      124.1369  DIHED      =      623.7465
 VDWAALS =     6496.1088  EEL     =   -49181.0963  HBOND      =        0.0000
 1-4 VDW =      156.1007  1-4 EEL =     2472.4721  RESTRAINT  =        0.0000


   NSTEP       ENERGY          RMS            GMAX         NAME    NUMBER
    270      -3.6612E+04     5.3235E-01     2.0442E+01     C         776

 BOND    =     2704.0495  ANGLE   =      126.1522  DIHED      =      623.2766
 VDWAALS =     6498.2223  EEL     =   -49188.6143  HBOND      =        0.0000
 1-4 VDW =      155.2009  1-4 EEL =     2470.0671  RESTRAINT  =        0.0000


   NSTEP       ENERGY          RMS            GMAX         NAME    NUMBER
    275      -3.6624E+04     6.6467E-01     1.8225E+01     C         776

 BOND    =     2711.3781  ANGLE   =      126.0594  DIHED      =      623.7361
 VDWAALS =     6511.0646  EEL     =   -49218.1577  HBOND      =        0.0000
 1-4 VDW =      153.8747  1-4 EEL =     2468.2810  RESTRAINT  =        0.0000


   NSTEP       ENERGY          RMS            GMAX         NAME    NUMBER
    280      -3.6625E+04     4.9306E-01     1.1419E+01     HG3       263

 BOND    =     2710.1822  ANGLE   =      125.7152  DIHED      =      623.6626
 VDWAALS =     6510.9821  EEL     =   -49218.1763  HBOND      =        0.0000
 1-4 VDW =      153.9175  1-4 EEL =     2468.3035  RESTRAINT  =        0.0000


   NSTEP       ENERGY          RMS            GMAX         NAME    NUMBER
    285      -3.6636E+04     5.1350E-01     2.0324E+01     C         776

 BOND    =     2707.9760  ANGLE   =      125.5350  DIHED      =      622.3013
 VDWAALS =     6512.8191  EEL     =   -49228.8974  HBOND      =        0.0000
 1-4 VDW =      154.8368  1-4 EEL =     2469.7540  RESTRAINT  =        0.0000


   NSTEP       ENERGY          RMS            GMAX         NAME    NUMBER
    290      -3.6647E+04     4.2414E-01     9.2680E+00     CG         54

 BOND    =     2711.2751  ANGLE   =      124.1186  DIHED      =      622.7222
 VDWAALS =     6524.1162  EEL     =   -49258.1428  HBOND      =        0.0000
 1-4 VDW =      155.6982  1-4 EEL =     2472.7653  RESTRAINT  =        0.0000


   NSTEP       ENERGY          RMS            GMAX         NAME    NUMBER
    295      -3.6653E+04     4.3868E-01     1.2826E+01     C         776

 BOND    =     2710.4347  ANGLE   =      123.0973  DIHED      =      623.6434
 VDWAALS =     6531.5670  EEL     =   -49270.5900  HBOND      =        0.0000
 1-4 VDW =      155.8889  1-4 EEL =     2472.5444  RESTRAINT  =        0.0000


   NSTEP       ENERGY          RMS            GMAX         NAME    NUMBER
    300      -3.6662E+04     5.5198E-01     2.4070E+01     C         776

 BOND    =     2715.1181  ANGLE   =      127.7747  DIHED      =      623.2693
 VDWAALS =     6541.7045  EEL     =   -49296.5743  HBOND      =        0.0000
 1-4 VDW =      156.1508  1-4 EEL =     2470.0860  RESTRAINT  =        0.0000


   NSTEP       ENERGY          RMS            GMAX         NAME    NUMBER
    305      -3.6664E+04     4.0703E-01     1.0745E+01     HE21      267

 BOND    =     2713.9683  ANGLE   =      127.4338  DIHED      =      623.2748
 VDWAALS =     6541.7626  EEL     =   -49296.7921  HBOND      =        0.0000
 1-4 VDW =      156.1305  1-4 EEL =     2470.2628  RESTRAINT  =        0.0000


   NSTEP       ENERGY          RMS            GMAX         NAME    NUMBER
    310      -3.6671E+04     3.9390E-01     1.6867E+01     C         776

 BOND    =     2712.6220  ANGLE   =      123.0045  DIHED      =      623.3696
 VDWAALS =     6541.6945  EEL     =   -49300.1304  HBOND      =        0.0000
 1-4 VDW =      155.9931  1-4 EEL =     2472.6927  RESTRAINT  =        0.0000


   NSTEP       ENERGY          RMS            GMAX         NAME    NUMBER
    315      -3.6679E+04     3.8028E-01     8.7650E+00     CG         54

 BOND    =     2716.3678  ANGLE   =      123.6165  DIHED      =      621.8178
 VDWAALS =     6541.8286  EEL     =   -49310.4821  HBOND      =        0.0000
 1-4 VDW =      155.7717  1-4 EEL =     2472.2141  RESTRAINT  =        0.0000


   NSTEP       ENERGY          RMS            GMAX         NAME    NUMBER
    320      -3.6689E+04     5.7469E-01     2.3073E+01     CG         54

 BOND    =     2718.4055  ANGLE   =      125.7334  DIHED      =      621.3433
 VDWAALS =     6546.6438  EEL     =   -49325.2382  HBOND      =        0.0000
 1-4 VDW =      154.8741  1-4 EEL =     2469.3169  RESTRAINT  =        0.0000


   NSTEP       ENERGY          RMS            GMAX         NAME    NUMBER
    325      -3.6703E+04     6.2153E-01     1.8185E+01     C         776

 BOND    =     2723.0907  ANGLE   =      125.6664  DIHED      =      621.9821
 VDWAALS =     6562.3678  EEL     =   -49356.6780  HBOND      =        0.0000
 1-4 VDW =      153.7319  1-4 EEL =     2467.2333  RESTRAINT  =        0.0000


   NSTEP       ENERGY          RMS            GMAX         NAME    NUMBER
    330      -3.6704E+04     4.6630E-01     1.0298E+01     HG3       263

 BOND    =     2722.4160  ANGLE   =      125.3499  DIHED      =      621.9027
 VDWAALS =     6562.2704  EEL     =   -49357.1343  HBOND      =        0.0000
 1-4 VDW =      153.7670  1-4 EEL =     2467.2658  RESTRAINT  =        0.0000


   NSTEP       ENERGY          RMS            GMAX         NAME    NUMBER
    335      -3.6717E+04     5.7909E-01     2.5441E+01     C         776

 BOND    =     2723.1599  ANGLE   =      125.6191  DIHED      =      620.4369
 VDWAALS =     6564.7605  EEL     =   -49374.7668  HBOND      =        0.0000
 1-4 VDW =      154.7051  1-4 EEL =     2468.9728  RESTRAINT  =        0.0000


   NSTEP       ENERGY          RMS            GMAX         NAME    NUMBER
    340      -3.6730E+04     4.0308E-01     1.0108E+01     CG         54

 BOND    =     2723.4637  ANGLE   =      123.7871  DIHED      =      620.9303
 VDWAALS =     6576.7843  EEL     =   -49402.8436  HBOND      =        0.0000
 1-4 VDW =      155.5192  1-4 EEL =     2472.4933  RESTRAINT  =        0.0000


   NSTEP       ENERGY          RMS            GMAX         NAME    NUMBER
    345      -3.6734E+04     3.8968E-01     1.4943E+01     C         776

 BOND    =     2723.4931  ANGLE   =      123.2242  DIHED      =      621.5121
 VDWAALS =     6581.0958  EEL     =   -49411.1327  HBOND      =        0.0000
 1-4 VDW =      155.6255  1-4 EEL =     2471.9797  RESTRAINT  =        0.0000


   NSTEP       ENERGY          RMS            GMAX         NAME    NUMBER
    350      -3.6742E+04     4.9249E-01     1.3701E+01     C         776

 BOND    =     2727.4159  ANGLE   =      126.9757  DIHED      =      621.4295
 VDWAALS =     6590.4762  EEL     =   -49434.7887  HBOND      =        0.0000
 1-4 VDW =      155.8423  1-4 EEL =     2470.3484  RESTRAINT  =        0.0000


   NSTEP       ENERGY          RMS            GMAX         NAME    NUMBER
    355      -3.6744E+04     3.6790E-01     1.0315E+01     HE21      267

 BOND    =     2726.4469  ANGLE   =      126.6372  DIHED      =      621.4321
 VDWAALS =     6590.5665  EEL     =   -49435.1139  HBOND      =        0.0000
 1-4 VDW =      155.8221  1-4 EEL =     2470.5101  RESTRAINT  =        0.0000


   NSTEP       ENERGY          RMS            GMAX         NAME    NUMBER
    360      -3.6750E+04     3.8008E-01     1.6854E+01     C         776

 BOND    =     2725.9208  ANGLE   =      122.8541  DIHED      =      621.4967
 VDWAALS =     6590.7219  EEL     =   -49439.1857  HBOND      =        0.0000
 1-4 VDW =      155.7019  1-4 EEL =     2472.5913  RESTRAINT  =        0.0000


   NSTEP       ENERGY          RMS            GMAX         NAME    NUMBER
    365      -3.6757E+04     3.4123E-01     6.1146E+00     HA        175

 BOND    =     2728.5880  ANGLE   =      123.3642  DIHED      =      620.1534
 VDWAALS =     6590.9767  EEL     =   -49447.5042  HBOND      =        0.0000
 1-4 VDW =      155.4737  1-4 EEL =     2471.7183  RESTRAINT  =        0.0000


   NSTEP       ENERGY          RMS            GMAX         NAME    NUMBER
    370      -3.6767E+04     5.5775E-01     2.0038E+01     C         776

 BOND    =     2731.3318  ANGLE   =      125.1597  DIHED      =      619.8317
 VDWAALS =     6595.7114  EEL     =   -49462.0208  HBOND      =        0.0000
 1-4 VDW =      154.6177  1-4 EEL =     2468.3706  RESTRAINT  =        0.0000


   NSTEP       ENERGY          RMS            GMAX         NAME    NUMBER
    375      -3.6779E+04     5.4400E-01     1.9111E+01     C         776

 BOND    =     2734.9298  ANGLE   =      125.3258  DIHED      =      620.4778
 VDWAALS =     6608.2777  EEL     =   -49488.8352  HBOND      =        0.0000
 1-4 VDW =      153.7765  1-4 EEL =     2466.5810  RESTRAINT  =        0.0000


   NSTEP       ENERGY          RMS            GMAX         NAME    NUMBER
    380      -3.6781E+04     4.0627E-01     9.1404E+00     HG3       263

 BOND    =     2734.3803  ANGLE   =      124.9947  DIHED      =      620.3988
 VDWAALS =     6608.1535  EEL     =   -49489.2819  HBOND      =        0.0000
 1-4 VDW =      153.8086  1-4 EEL =     2466.6363  RESTRAINT  =        0.0000


   NSTEP       ENERGY          RMS            GMAX         NAME    NUMBER
    385      -3.6793E+04     5.5486E-01     2.3881E+01     C         776

 BOND    =     2735.2763  ANGLE   =      125.1955  DIHED      =      619.1540
 VDWAALS =     6610.6323  EEL     =   -49506.2791  HBOND      =        0.0000
 1-4 VDW =      154.6203  1-4 EEL =     2468.6381  RESTRAINT  =        0.0000


   NSTEP       ENERGY          RMS            GMAX         NAME    NUMBER
    390      -3.6804E+04     4.6421E-01     1.4109E+01     CG         54

 BOND    =     2735.1286  ANGLE   =      123.7071  DIHED      =      619.8420
 VDWAALS =     6621.3828  EEL     =   -49531.7639  HBOND      =        0.0000
 1-4 VDW =      155.2668  1-4 EEL =     2472.3860  RESTRAINT  =        0.0000


   NSTEP       ENERGY          RMS            GMAX         NAME    NUMBER
    395      -3.6808E+04     3.7545E-01     1.3156E+01     CG         54

 BOND    =     2735.6388  ANGLE   =      123.3622  DIHED      =      620.1416
 VDWAALS =     6624.1676  EEL     =   -49538.6671  HBOND      =        0.0000
 1-4 VDW =      155.3706  1-4 EEL =     2471.6683  RESTRAINT  =        0.0000


   NSTEP       ENERGY          RMS            GMAX         NAME    NUMBER
    400      -3.6816E+04     4.7812E-01     1.2340E+01     HE21      267

 BOND    =     2738.7153  ANGLE   =      126.4249  DIHED      =      619.9665
 VDWAALS =     6631.4601  EEL     =   -49558.6538  HBOND      =        0.0000
 1-4 VDW =      155.5468  1-4 EEL =     2470.4025  RESTRAINT  =        0.0000


   NSTEP       ENERGY          RMS            GMAX         NAME    NUMBER
    405      -3.6818E+04     3.5650E-01     9.9929E+00     HE21      267

 BOND    =     2737.7052  ANGLE   =      126.1261  DIHED      =      619.9727
 VDWAALS =     6631.5546  EEL     =   -49558.9395  HBOND      =        0.0000
 1-4 VDW =      155.5298  1-4 EEL =     2470.5446  RESTRAINT  =        0.0000


   NSTEP       ENERGY          RMS            GMAX         NAME    NUMBER
    410      -3.6823E+04     3.6053E-01     1.4595E+01     CG         54

 BOND    =     2737.4168  ANGLE   =      122.9781  DIHED      =      620.0460
 VDWAALS =     6631.7803  EEL     =   -49562.9421  HBOND      =        0.0000
 1-4 VDW =      155.4405  1-4 EEL =     2472.3093  RESTRAINT  =        0.0000


   NSTEP       ENERGY          RMS            GMAX         NAME    NUMBER
    415      -3.6829E+04     3.1660E-01     5.8821E+00     C         776

 BOND    =     2739.1739  ANGLE   =      123.3411  DIHED      =      618.9688
 VDWAALS =     6631.9865  EEL     =   -49569.6213  HBOND      =        0.0000
 1-4 VDW =      155.2568  1-4 EEL =     2471.5395  RESTRAINT  =        0.0000


   NSTEP       ENERGY          RMS            GMAX         NAME    NUMBER
    420      -3.6840E+04     5.7178E-01     2.0651E+01     C         776

 BOND    =     2742.8630  ANGLE   =      125.2781  DIHED      =      618.6655
 VDWAALS =     6636.1605  EEL     =   -49585.0886  HBOND      =        0.0000
 1-4 VDW =      154.4559  1-4 EEL =     2467.8644  RESTRAINT  =        0.0000


   NSTEP       ENERGY          RMS            GMAX         NAME    NUMBER
    425      -3.6853E+04     5.3190E-01     2.0128E+01     C         776

 BOND    =     2745.5619  ANGLE   =      125.8210  DIHED      =      619.1947
 VDWAALS =     6647.5525  EEL     =   -49610.8949  HBOND      =        0.0000
 1-4 VDW =      153.7436  1-4 EEL =     2466.0808  RESTRAINT  =        0.0000


   NSTEP       ENERGY          RMS            GMAX         NAME    NUMBER
    430      -3.6854E+04     3.9889E-01     8.7559E+00     HG3       263

 BOND    =     2745.3246  ANGLE   =      125.4901  DIHED      =      619.1237
 VDWAALS =     6647.4266  EEL     =   -49611.6344  HBOND      =        0.0000
 1-4 VDW =      153.7706  1-4 EEL =     2466.1510  RESTRAINT  =        0.0000


   NSTEP       ENERGY          RMS            GMAX         NAME    NUMBER
    435      -3.6867E+04     5.6548E-01     3.2576E+01     C         776

 BOND    =     2746.3942  ANGLE   =      125.4626  DIHED      =      617.9803
 VDWAALS =     6649.4236  EEL     =   -49629.0984  HBOND      =        0.0000
 1-4 VDW =      154.5622  1-4 EEL =     2468.5444  RESTRAINT  =        0.0000


   NSTEP       ENERGY          RMS            GMAX         NAME    NUMBER
    440      -3.6877E+04     4.7501E-01     1.3707E+01     CG         54

 BOND    =     2746.5712  ANGLE   =      124.5179  DIHED      =      618.3994
 VDWAALS =     6660.1259  EEL     =   -49655.3394  HBOND      =        0.0000
 1-4 VDW =      155.3585  1-4 EEL =     2472.8909  RESTRAINT  =        0.0000


   NSTEP       ENERGY          RMS            GMAX         NAME    NUMBER
    445      -3.6881E+04     3.5962E-01     1.4143E+01     C         776

 BOND    =     2746.0513  ANGLE   =      124.1204  DIHED      =      618.8160
 VDWAALS =     6663.0870  EEL     =   -49661.6069  HBOND      =        0.0000
 1-4 VDW =      155.5170  1-4 EEL =     2472.5239  RESTRAINT  =        0.0000


   NSTEP       ENERGY          RMS            GMAX         NAME    NUMBER
    450      -3.6888E+04     4.2744E-01     1.2994E+01     HE21      267

 BOND    =     2748.6155  ANGLE   =      127.2821  DIHED      =      618.8517
 VDWAALS =     6670.6793  EEL     =   -49681.2371  HBOND      =        0.0000
 1-4 VDW =      155.9398  1-4 EEL =     2471.8893  RESTRAINT  =        0.0000


   NSTEP       ENERGY          RMS            GMAX         NAME    NUMBER
    455      -3.6889E+04     3.3076E-01     1.0244E+01     HE21      267

 BOND    =     2747.8567  ANGLE   =      126.9915  DIHED      =      618.8406
 VDWAALS =     6670.6803  EEL     =   -49681.5654  HBOND      =        0.0000
 1-4 VDW =      155.9078  1-4 EEL =     2472.0094  RESTRAINT  =        0.0000


   NSTEP       ENERGY          RMS            GMAX         NAME    NUMBER
    460      -3.6896E+04     4.4873E-01     2.0223E+01     CG         54

 BOND    =     2748.4704  ANGLE   =      123.6940  DIHED      =      618.8760
 VDWAALS =     6669.1482  EEL     =   -49685.4535  HBOND      =        0.0000
 1-4 VDW =      155.5320  1-4 EEL =     2473.3171  RESTRAINT  =        0.0000


   NSTEP       ENERGY          RMS            GMAX         NAME    NUMBER
    465      -3.6905E+04     3.9170E-01     9.7810E+00     CG         54

 BOND    =     2750.9816  ANGLE   =      123.6414  DIHED      =      617.3951
 VDWAALS =     6666.9065  EEL     =   -49689.9825  HBOND      =        0.0000
 1-4 VDW =      155.0044  1-4 EEL =     2470.6657  RESTRAINT  =        0.0000


   NSTEP       ENERGY          RMS            GMAX         NAME    NUMBER
    470      -3.6910E+04     4.1579E-01     9.5715E+00     CZ        232

 BOND    =     2750.1338  ANGLE   =      124.3761  DIHED      =      617.5686
 VDWAALS =     6668.2208  EEL     =   -49693.7470  HBOND      =        0.0000
 1-4 VDW =      154.4871  1-4 EEL =     2468.5465  RESTRAINT  =        0.0000


   NSTEP       ENERGY          RMS            GMAX         NAME    NUMBER
    475      -3.6920E+04     4.5915E-01     2.3386E+01     C         776

 BOND    =     2754.0934  ANGLE   =      125.1854  DIHED      =      617.7815
 VDWAALS =     6675.3049  EEL     =   -49713.8284  HBOND      =        0.0000
 1-4 VDW =      154.1583  1-4 EEL =     2467.7018  RESTRAINT  =        0.0000


   NSTEP       ENERGY          RMS            GMAX         NAME    NUMBER
    480      -3.6921E+04     3.1084E-01     7.4937E+00     HG3       263

 BOND    =     2753.2821  ANGLE   =      124.8058  DIHED      =      617.7190
 VDWAALS =     6675.2300  EEL     =   -49713.9877  HBOND      =        0.0000
 1-4 VDW =      154.1870  1-4 EEL =     2467.7956  RESTRAINT  =        0.0000


   NSTEP       ENERGY          RMS            GMAX         NAME    NUMBER
    485      -3.6927E+04     3.6832E-01     1.6932E+01     C         776

 BOND    =     2752.3366  ANGLE   =      124.1447  DIHED      =      616.9693
 VDWAALS =     6677.2988  EEL     =   -49721.7395  HBOND      =        0.0000
 1-4 VDW =      154.6719  1-4 EEL =     2469.4415  RESTRAINT  =        0.0000


   NSTEP       ENERGY          RMS            GMAX         NAME    NUMBER
    490      -3.6935E+04     3.9269E-01     8.0835E+00     CD        264

 BOND    =     2754.4886  ANGLE   =      124.3848  DIHED      =      617.2031
 VDWAALS =     6685.7587  EEL     =   -49744.3998  HBOND      =        0.0000
 1-4 VDW =      155.2431  1-4 EEL =     2472.6360  RESTRAINT  =        0.0000


   NSTEP       ENERGY          RMS            GMAX         NAME    NUMBER
    495      -3.6941E+04     4.2248E-01     1.1572E+01     CG         54

 BOND    =     2755.0116  ANGLE   =      124.8198  DIHED      =      617.7591
 VDWAALS =     6694.1066  EEL     =   -49761.7272  HBOND      =        0.0000
 1-4 VDW =      155.7002  1-4 EEL =     2473.2599  RESTRAINT  =        0.0000


   NSTEP       ENERGY          RMS            GMAX         NAME    NUMBER
    500      -3.6950E+04     5.8623E-01     2.7117E+01     CG         54

 BOND    =     2758.3924  ANGLE   =      128.0306  DIHED      =      617.3776
 VDWAALS =     6703.6516  EEL     =   -49786.2234  HBOND      =        0.0000
 1-4 VDW =      156.1413  1-4 EEL =     2472.5470  RESTRAINT  =        0.0000


  Maximum number of minimization cycles reached.


                    FINAL RESULTS



   NSTEP       ENERGY          RMS            GMAX         NAME    NUMBER
    500      -3.6950E+04     5.8623E-01     2.7117E+01     CG         54

 BOND    =     2758.3924  ANGLE   =      128.0306  DIHED      =      617.3776
 VDWAALS =     6703.6516  EEL     =   -49786.2234  HBOND      =        0.0000
 1-4 VDW =      156.1413  1-4 EEL =     2472.5470  RESTRAINT  =        0.0000
--------------------------------------------------------------------------------
   5.  TIMINGS
--------------------------------------------------------------------------------

|  NonSetup CPU Time in Major Routines:
|
|     Routine           Sec        %
|     ------------------------------
|     Nonbond          16.22   97.03
|     Bond              0.04    0.22
|     Angle             0.06    0.34
|     Dihedral          0.34    2.06
|     Shake             0.00    0.00
|     Other             0.06    0.36
|     ------------------------------
|     Total            16.72

|  PME Nonbond Pairlist CPU Time:
|
|     Routine              Sec        %
|     ---------------------------------
|     Set Up Cit           0.00    0.02
|     Build List           0.21    1.27
|     ---------------------------------
|     Total                0.22    1.29

|  PME Direct Force CPU Time:
|
|     Routine              Sec        %
|     ---------------------------------
|     NonBonded Calc      10.32   61.74
|     Exclude Masked       0.21    1.24
|     Other                0.04    0.26
|     ---------------------------------
|     Total               10.57   63.24

|  PME Reciprocal Force CPU Time:
|
|     Routine              Sec        %
|     ---------------------------------
|     1D bspline           0.16    0.98
|     Grid Charges         0.41    2.44
|     Scalar Sum           1.76   10.50
|     Gradient Sum         0.56    3.35
|     FFT                  2.54   15.17
|     ---------------------------------
|     Total                5.42   32.45

|  Setup CPU time:            0.11 seconds
|  NonSetup CPU time:        16.72 seconds
|  Total CPU time:           16.83 seconds     0.00 hours

|  Setup wall time:           0    seconds
|  NonSetup wall time:       16    seconds
|  Total wall time:          16    seconds     0.00 hours
