# 01/10/18 14:51:52
# -p ../../../top_files/1r_dry.prmtop
# Loaded topologies:
#   ../../../top_files/1r_dry.prmtop
trajin skipped_fit_1r.nc 1 1 1
trajout 1_frame_1r.pdb
go
# 01/10/18 14:52:32
# -p ../../../top_files/1r_dry.prmtop
# Loaded topologies:
#   ../../../top_files/1r_dry.prmtop
trajin skipped_fit_1r.nc 20000 20000
trajout 20000_frame_1r.pdb
go
# 01/10/18 14:53:03
# -p ../../../top_files/1r_dry.prmtop
# Loaded topologies:
#   ../../../top_files/1r_dry.prmtop
trajin skipped_fit_1r.nc 40000 40000
trajout 40000_frame_1r.pdb
go
trajin skipped_fit_1r.nc 60000 60000
trajout 60000_frame_1r.pdb
go
trajin skipped_fit_1r.nc 80000 80000
trajout 80000_frame_1r.pdb
go
trajin skipped_fit_1r.nc 100000 100000
trajout 90000_frame_1r.pdb
go
# 01/26/18 12:08:58
# -p ../../../top_files/1r_dry.prmtop
# Loaded topologies:
#   ../../../top_files/1r_dry.prmtop
trajin full_fit_1r.nc
# 01/26/18 12:09:04
# -p ../../../top_files/1r_dry.prmtop
# Loaded topologies:
#   ../../../top_files/1r_dry.prmtop
trajin full_fit_1r.nc 100000 100000
go
trajout tmp.pdb
go
