
          -------------------------------------------------------
          Amber 16 PMEMD                              2016
          -------------------------------------------------------

| PMEMD implementation of SANDER, Release 16

| Run on 10/27/2017 at 15:57:41

|   Executable path: pmemd.cuda
| Working directory: /home/german/alex/run/1i/mhe/e
|          Hostname: Unknown
  [-O]verwriting output

File Assignments:
|   MDIN: 11equ.in                                                              
|  MDOUT: 11equ.out                                                             
| INPCRD: 10e1i.rst7                                                            
|   PARM: /home/german/alex/top_files/1i.prmtop                                 
| RESTRT: 11e1i.rst7                                                            
|   REFC: 10e1i.rst7                                                            
|  MDVEL: mdvel                                                                 
|   MDEN: mden                                                                  
|  MDCRD: 11e1i.nc                                                              
| MDINFO: mdinfo                                                                
|  MDFRC: mdfrc                                                                 


 Here is the input file:

Equilibration with solute restrictions                                         
&cntrl                                                                         
imin = 0,                           ! No Minimization                          
nmropt = 0,                         ! No NMR restraints read                   
                                                                               
! Nature and format of the input                                               
ntx = 5,                            ! Coordinates but no velocities will be rea
irest = 1,                          ! Do not run a new simulation              
                                                                               
! Nature and format of the output                                              
ntxo = 1,                           ! rstrt file in ASCII format               
ntpr = 500,                         ! inf in output every ntpr steps           
ntwr = 500,                         ! rstrt file every ntwr steps              
ntwx = 500,                         ! mdcrd file every ntwx steps              
ntwv = 0,                           ! mdvel without velocities                 
ntwe = 0,                           ! Energies and temperatures not written in 
idecomp = 0,                        ! No energy decomposition                  
iwrap = 1,                          ! Coordinates of the restart and mdcrd file
                                                                               
! Frozen or restrained atoms                                                   
ibelly = 0,                         ! No frozen atoms                          
ntr=1,                              ! Harmonic potential restraints            
restraint_wt = 5.0,                ! The weight for the positional restraints  
restraintmask = ':1-57@N,CA,C,O',   ! restrained residues                      
                                                                               
! Molecular dynamics                                                           
nstlim = 50000,                     ! Number of MD-steps                       
dt = 0.002,                         ! Time step                                
                                                                               
! Temperature regulation                                                       
ntt = 3,                            ! Langevin thermostat                      
gamma_ln = 5,                       ! Gamma constant for Langevin              
temp0 = 300.0,                      ! Reference T at which the system is to be 
tempi = 300.0,                      ! Initial T                                
ig = -1,                            ! Seed for the RNG                         
                                                                               
! P and V regulation                                                           
ntp = 0,                            ! Constant V                               
ntb = 1,                            ! Periodic box for constant V              
                                                                               
! SHAKE variables                                                              
ntc = 2,                            ! Bonds involving H are constrained        
ntf = 2,                            ! Bond interaction involving H are ommited.
                                                                               
cut = 10.0,                         ! Nonbonded cutoff                         
/                                                                              
&end                                                                           


Note: ig = -1. Setting random seed to   809245 based on wallclock time in 
      microseconds.
 
|--------------------- INFORMATION ----------------------
| GPU (CUDA) Version of PMEMD in use: NVIDIA GPU IN USE.
|                    Version 16.0.0
| 
|                      02/25/2016
| 
| Implementation by:
|                    Ross C. Walker     (SDSC)
|                    Scott Le Grand     (nVIDIA)
| 
| Precision model in use:
|      [SPFP] - Single Precision Forces, 64-bit Fixed Point
|               Accumulation. (Default)
| 
|--------------------------------------------------------
 
|----------------- CITATION INFORMATION -----------------
|
|    When publishing work that utilized the CUDA version
|    of AMBER, please cite the following in addition to
|    the regular AMBER citations:
|
|  - Romelia Salomon-Ferrer; Andreas W. Goetz; Duncan
|    Poole; Scott Le Grand; Ross C. Walker "Routine
|    microsecond molecular dynamics simulations with
|    AMBER - Part II: Particle Mesh Ewald", J. Chem.
|    Theory Comput., 2013, 9 (9), pp3878-3888,
|    DOI: 10.1021/ct400314y.
|
|  - Andreas W. Goetz; Mark J. Williamson; Dong Xu;
|    Duncan Poole; Scott Le Grand; Ross C. Walker
|    "Routine microsecond molecular dynamics simulations
|    with AMBER - Part I: Generalized Born", J. Chem.
|    Theory Comput., 2012, 8 (5), pp1542-1555.
|
|  - Scott Le Grand; Andreas W. Goetz; Ross C. Walker
|    "SPFP: Speed without compromise - a mixed precision
|    model for GPU accelerated molecular dynamics
|    simulations.", Comp. Phys. Comm., 2013, 184
|    pp374-380, DOI: 10.1016/j.cpc.2012.09.022
|
|--------------------------------------------------------
 
|------------------- GPU DEVICE INFO --------------------
|
|            CUDA_VISIBLE_DEVICES: 0
|   CUDA Capable Devices Detected:      1
|           CUDA Device ID in use:      0
|                CUDA Device Name: GeForce GTX 1060 6GB
|     CUDA Device Global Mem Size:   6072 MB
| CUDA Device Num Multiprocessors:     10
|           CUDA Device Core Freq:   1.76 GHz
|
|--------------------------------------------------------
 
 
| Conditional Compilation Defines Used:
| PUBFFT
| BINTRAJ
| CUDA
| EMIL

| Largest sphere to fit in unit cell has radius =    24.055

| New format PARM file being parsed.
| Version =    1.000 Date = 10/26/17 Time = 14:19:36

| Note: 1-4 EEL scale factors are being read from the topology file.

| Note: 1-4 VDW scale factors are being read from the topology file.
| Duplicated    0 dihedrals

| Duplicated    0 dihedrals

--------------------------------------------------------------------------------
   1.  RESOURCE   USE: 
--------------------------------------------------------------------------------

 getting new box info from bottom of inpcrd
 NATOM  =   13404 NTYPES =      17 NBONH =   12943 MBONA  =     468
 NTHETH =    1031 MTHETA =     630 NPHIH =    2066 MPHIA  =    1981
 NHPARM =       0 NPARM  =       0 NNB   =   21685 NRES   =    4225
 NBONA  =     468 NTHETA =     630 NPHIA =    1981 NUMBND =      67
 NUMANG =     152 NPTRA  =     191 NATYP =      36 NPHB   =       1
 IFBOX  =       2 NMXRS  =      25 IFCAP =       0 NEXTRA =       0
 NCOPY  =       0

| Coordinate Index Table dimensions:     9    9    9
| Direct force subcell size =     6.5469    6.5469    6.5469

     BOX TYPE: TRUNCATED OCTAHEDRON

--------------------------------------------------------------------------------
   2.  CONTROL  DATA  FOR  THE  RUN
--------------------------------------------------------------------------------

default_name                                                                    

General flags:
     imin    =       0, nmropt  =       0

Nature and format of input:
     ntx     =       5, irest   =       1, ntrx    =       1

Nature and format of output:
     ntxo    =       1, ntpr    =     500, ntrx    =       1, ntwr    =     500
     iwrap   =       1, ntwx    =     500, ntwv    =       0, ntwe    =       0
     ioutfm  =       1, ntwprt  =       0, idecomp =       0, rbornstat=      0

Potential function:
     ntf     =       2, ntb     =       1, igb     =       0, nsnb    =      25
     ipol    =       0, gbsa    =       0, iesp    =       0
     dielc   =   1.00000, cut     =  10.00000, intdiel =   1.00000

Frozen or restrained atoms:
     ibelly  =       0, ntr     =       1
     restraint_wt =   5.00000

Molecular dynamics:
     nstlim  =     50000, nscm    =         0, nrespa  =         1
     t       =   0.00000, dt      =   0.00200, vlimit  =  -1.00000

Langevin dynamics temperature regulation:
     ig      =  809245
     temp0   = 300.00000, tempi   = 300.00000, gamma_ln=   5.00000

SHAKE:
     ntc     =       2, jfastw  =       0
     tol     =   0.00001

| Intermolecular bonds treatment:
|     no_intermolecular_bonds =       1

| Energy averages sample interval:
|     ene_avg_sampling =     500

Ewald parameters:
     verbose =       0, ew_type =       0, nbflag  =       1, use_pme =       1
     vdwmeth =       1, eedmeth =       1, netfrc  =       1
     Box X =   58.922   Box Y =   58.922   Box Z =   58.922
     Alpha =  109.471   Beta  =  109.471   Gamma =  109.471
     NFFT1 =   64       NFFT2 =   64       NFFT3 =   64
     Cutoff=   10.000   Tol   =0.100E-04
     Ewald Coefficient =  0.27511
     Interpolation order =    4

    LOADING THE CONSTRAINED ATOMS AS GROUPS


   5.  REFERENCE ATOM COORDINATES

  default_name                                                                    
     Mask :1-57@N,CA,C,O; matches   228 atoms

--------------------------------------------------------------------------------
   3.  ATOMIC COORDINATES AND VELOCITIES
--------------------------------------------------------------------------------

default_name                                                                    
 begin time read from input coords =  1140.000 ps

 
 Number of triangulated 3-point waters found:     4164

     Sum of charges from parm topology file =  -0.00000003
     Forcing neutrality...

| Dynamic Memory, Types Used:
| Reals              534978
| Integers           422216

| Nonbonded Pairs Initial Allocation:     4054374

| GPU memory information (estimate):
| KB of GPU memory in use:    118220
| KB of CPU memory in use:     23564

--------------------------------------------------------------------------------
   4.  RESULTS
--------------------------------------------------------------------------------

 ---------------------------------------------------
 APPROXIMATING switch and d/dx switch using CUBIC SPLINE INTERPOLATION
 using   5000.0 points per unit in tabled values
 TESTING RELATIVE ERROR over r ranging from 0.0 to cutoff
| CHECK switch(x): max rel err =   0.2738E-14   at   2.422500
| CHECK d/dx switch(x): max rel err =   0.8314E-11   at   2.736960
 ---------------------------------------------------
|---------------------------------------------------
| APPROXIMATING direct energy using CUBIC SPLINE INTERPOLATION
|  with   50.0 points per unit in tabled values
| Relative Error Limit not exceeded for r .gt.   2.33
| APPROXIMATING direct force using CUBIC SPLINE INTERPOLATION
|  with   50.0 points per unit in tabled values
| Relative Error Limit not exceeded for r .gt.   2.80
|---------------------------------------------------
wrapping first mol.:       19.64061       27.77602       48.10948
wrapping first mol.:       19.64061       27.77602       48.10948

 NSTEP =      500   TIME(PS) =    1141.000  TEMP(K) =   297.48  PRESS =     0.0
 Etot   =    -32428.5188  EKtot   =      8060.0825  EPtot      =    -40488.6013
 BOND   =       184.5662  ANGLE   =       524.7895  DIHED      =       771.4320
 1-4 NB =       204.2634  1-4 EEL =      2921.9262  VDWAALS    =      5301.5484
 EELEC  =    -50443.5954  EHBOND  =         0.0000  RESTRAINT  =        46.4683
 EAMBER (non-restraint)  =    -40535.0696
 ------------------------------------------------------------------------------

wrapping first mol.:       19.64061       27.77602       48.10948
wrapping first mol.:       19.64061       27.77602       48.10948

 NSTEP =     1000   TIME(PS) =    1142.000  TEMP(K) =   295.98  PRESS =     0.0
 Etot   =    -32483.0962  EKtot   =      8019.2832  EPtot      =    -40502.3794
 BOND   =       160.2261  ANGLE   =       530.0657  DIHED      =       788.7493
 1-4 NB =       195.2507  1-4 EEL =      2907.1607  VDWAALS    =      5364.7949
 EELEC  =    -50490.5200  EHBOND  =         0.0000  RESTRAINT  =        41.8932
 EAMBER (non-restraint)  =    -40544.2726
 ------------------------------------------------------------------------------

wrapping first mol.:       19.64061       27.77602       48.10948
wrapping first mol.:       19.64061       27.77602       48.10948

 NSTEP =     1500   TIME(PS) =    1143.000  TEMP(K) =   300.41  PRESS =     0.0
 Etot   =    -32368.6594  EKtot   =      8139.2910  EPtot      =    -40507.9504
 BOND   =       188.4304  ANGLE   =       527.6369  DIHED      =       777.9158
 1-4 NB =       195.0153  1-4 EEL =      2906.6329  VDWAALS    =      5371.2831
 EELEC  =    -50531.6236  EHBOND  =         0.0000  RESTRAINT  =        56.7588
 EAMBER (non-restraint)  =    -40564.7092
 ------------------------------------------------------------------------------

wrapping first mol.:       19.64061       27.77602       48.10948
wrapping first mol.:       19.64061       27.77602       48.10948

 NSTEP =     2000   TIME(PS) =    1144.000  TEMP(K) =   299.70  PRESS =     0.0
 Etot   =    -32309.4908  EKtot   =      8120.1963  EPtot      =    -40429.6871
 BOND   =       194.9026  ANGLE   =       560.0911  DIHED      =       789.3639
 1-4 NB =       200.3506  1-4 EEL =      2900.1809  VDWAALS    =      5214.8104
 EELEC  =    -50338.5436  EHBOND  =         0.0000  RESTRAINT  =        49.1571
 EAMBER (non-restraint)  =    -40478.8442
 ------------------------------------------------------------------------------

wrapping first mol.:       19.64061       27.77602       48.10948
wrapping first mol.:       19.64061       27.77602       48.10948

 NSTEP =     2500   TIME(PS) =    1145.000  TEMP(K) =   300.02  PRESS =     0.0
 Etot   =    -32339.5955  EKtot   =      8128.7739  EPtot      =    -40468.3694
 BOND   =       191.6801  ANGLE   =       518.6900  DIHED      =       784.2560
 1-4 NB =       197.2628  1-4 EEL =      2930.1991  VDWAALS    =      5297.9483
 EELEC  =    -50443.5247  EHBOND  =         0.0000  RESTRAINT  =        55.1189
 EAMBER (non-restraint)  =    -40523.4883
 ------------------------------------------------------------------------------

wrapping first mol.:       19.64061       27.77602       48.10948
wrapping first mol.:       19.64061       27.77602       48.10948

 NSTEP =     3000   TIME(PS) =    1146.000  TEMP(K) =   298.42  PRESS =     0.0
 Etot   =    -32332.9977  EKtot   =      8085.6147  EPtot      =    -40418.6124
 BOND   =       173.4000  ANGLE   =       524.4593  DIHED      =       795.6856
 1-4 NB =       194.3865  1-4 EEL =      2911.0197  VDWAALS    =      5228.9921
 EELEC  =    -50297.9572  EHBOND  =         0.0000  RESTRAINT  =        51.4014
 EAMBER (non-restraint)  =    -40470.0139
 ------------------------------------------------------------------------------

wrapping first mol.:       19.64061       27.77602       48.10948
wrapping first mol.:       19.64061       27.77602       48.10948

 NSTEP =     3500   TIME(PS) =    1147.000  TEMP(K) =   300.45  PRESS =     0.0
 Etot   =    -32245.2572  EKtot   =      8140.6084  EPtot      =    -40385.8656
 BOND   =       179.5182  ANGLE   =       530.2544  DIHED      =       777.7545
 1-4 NB =       195.5070  1-4 EEL =      2885.6498  VDWAALS    =      5530.7812
 EELEC  =    -50537.2195  EHBOND  =         0.0000  RESTRAINT  =        51.8887
 EAMBER (non-restraint)  =    -40437.7544
 ------------------------------------------------------------------------------

wrapping first mol.:       19.64061       27.77602       48.10948
wrapping first mol.:       19.64061       27.77602       48.10948

 NSTEP =     4000   TIME(PS) =    1148.000  TEMP(K) =   299.23  PRESS =     0.0
 Etot   =    -32421.6514  EKtot   =      8107.3877  EPtot      =    -40529.0391
 BOND   =       171.9448  ANGLE   =       531.5851  DIHED      =       779.9093
 1-4 NB =       195.8770  1-4 EEL =      2923.7328  VDWAALS    =      5190.9567
 EELEC  =    -50365.2026  EHBOND  =         0.0000  RESTRAINT  =        42.1577
 EAMBER (non-restraint)  =    -40571.1968
 ------------------------------------------------------------------------------

wrapping first mol.:       19.64061       27.77602       48.10948
wrapping first mol.:       19.64061       27.77602       48.10948

 NSTEP =     4500   TIME(PS) =    1149.000  TEMP(K) =   299.52  PRESS =     0.0
 Etot   =    -32301.0433  EKtot   =      8115.3457  EPtot      =    -40416.3890
 BOND   =       173.8893  ANGLE   =       524.2773  DIHED      =       772.5182
 1-4 NB =       198.0980  1-4 EEL =      2893.1566  VDWAALS    =      5366.0968
 EELEC  =    -50392.9254  EHBOND  =         0.0000  RESTRAINT  =        48.5002
 EAMBER (non-restraint)  =    -40464.8892
 ------------------------------------------------------------------------------

wrapping first mol.:       19.64061       27.77602       48.10948
wrapping first mol.:       19.64061       27.77602       48.10948

 NSTEP =     5000   TIME(PS) =    1150.000  TEMP(K) =   297.47  PRESS =     0.0
 Etot   =    -32426.4006  EKtot   =      8059.7300  EPtot      =    -40486.1306
 BOND   =       142.3225  ANGLE   =       525.6162  DIHED      =       773.6680
 1-4 NB =       190.2442  1-4 EEL =      2886.4803  VDWAALS    =      5309.2209
 EELEC  =    -50365.6336  EHBOND  =         0.0000  RESTRAINT  =        51.9510
 EAMBER (non-restraint)  =    -40538.0816
 ------------------------------------------------------------------------------

wrapping first mol.:       19.64061       27.77602       48.10948
wrapping first mol.:       19.64061       27.77602       48.10948

 NSTEP =     5500   TIME(PS) =    1151.000  TEMP(K) =   297.21  PRESS =     0.0
 Etot   =    -32290.6018  EKtot   =      8052.6206  EPtot      =    -40343.2224
 BOND   =       168.1822  ANGLE   =       535.1350  DIHED      =       776.0458
 1-4 NB =       198.4946  1-4 EEL =      2891.8802  VDWAALS    =      5183.8733
 EELEC  =    -50138.2945  EHBOND  =         0.0000  RESTRAINT  =        41.4611
 EAMBER (non-restraint)  =    -40384.6835
 ------------------------------------------------------------------------------

wrapping first mol.:       19.64061       27.77602       48.10948
wrapping first mol.:       19.64061       27.77602       48.10948

 NSTEP =     6000   TIME(PS) =    1152.000  TEMP(K) =   306.83  PRESS =     0.0
 Etot   =    -32249.3136  EKtot   =      8313.4893  EPtot      =    -40562.8029
 BOND   =       181.1795  ANGLE   =       507.0267  DIHED      =       781.8528
 1-4 NB =       204.0221  1-4 EEL =      2935.7303  VDWAALS    =      5277.2268
 EELEC  =    -50500.0901  EHBOND  =         0.0000  RESTRAINT  =        50.2491
 EAMBER (non-restraint)  =    -40613.0519
 ------------------------------------------------------------------------------

wrapping first mol.:       19.64061       27.77602       48.10948
wrapping first mol.:       19.64061       27.77602       48.10948

 NSTEP =     6500   TIME(PS) =    1153.000  TEMP(K) =   299.99  PRESS =     0.0
 Etot   =    -32243.3632  EKtot   =      8127.9126  EPtot      =    -40371.2758
 BOND   =       177.7272  ANGLE   =       528.9634  DIHED      =       763.5821
 1-4 NB =       197.1695  1-4 EEL =      2924.6885  VDWAALS    =      5426.6444
 EELEC  =    -50442.8212  EHBOND  =         0.0000  RESTRAINT  =        52.7703
 EAMBER (non-restraint)  =    -40424.0461
 ------------------------------------------------------------------------------

wrapping first mol.:       19.64061       27.77602       48.10948
wrapping first mol.:       19.64061       27.77602       48.10948

 NSTEP =     7000   TIME(PS) =    1154.000  TEMP(K) =   297.92  PRESS =     0.0
 Etot   =    -32313.7015  EKtot   =      8072.0850  EPtot      =    -40385.7865
 BOND   =       187.7880  ANGLE   =       526.7951  DIHED      =       771.1681
 1-4 NB =       197.2226  1-4 EEL =      2918.2509  VDWAALS    =      5150.4583
 EELEC  =    -50180.4592  EHBOND  =         0.0000  RESTRAINT  =        42.9898
 EAMBER (non-restraint)  =    -40428.7763
 ------------------------------------------------------------------------------

wrapping first mol.:       19.64061       27.77602       48.10948
wrapping first mol.:       19.64061       27.77602       48.10948

 NSTEP =     7500   TIME(PS) =    1155.000  TEMP(K) =   298.51  PRESS =     0.0
 Etot   =    -32387.3183  EKtot   =      8088.0112  EPtot      =    -40475.3296
 BOND   =       177.9062  ANGLE   =       519.1835  DIHED      =       782.7050
 1-4 NB =       195.7810  1-4 EEL =      2881.4336  VDWAALS    =      5187.8996
 EELEC  =    -50265.8888  EHBOND  =         0.0000  RESTRAINT  =        45.6504
 EAMBER (non-restraint)  =    -40520.9800
 ------------------------------------------------------------------------------

wrapping first mol.:       19.64061       27.77602       48.10948
wrapping first mol.:       19.64061       27.77602       48.10948

 NSTEP =     8000   TIME(PS) =    1156.000  TEMP(K) =   292.17  PRESS =     0.0
 Etot   =    -32470.0112  EKtot   =      7916.2295  EPtot      =    -40386.2407
 BOND   =       186.6813  ANGLE   =       546.6573  DIHED      =       773.5674
 1-4 NB =       201.5215  1-4 EEL =      2884.9946  VDWAALS    =      5258.0263
 EELEC  =    -50282.8101  EHBOND  =         0.0000  RESTRAINT  =        45.1210
 EAMBER (non-restraint)  =    -40431.3617
 ------------------------------------------------------------------------------

wrapping first mol.:       19.64061       27.77602       48.10948
wrapping first mol.:       19.64061       27.77602       48.10948

 NSTEP =     8500   TIME(PS) =    1157.000  TEMP(K) =   299.10  PRESS =     0.0
 Etot   =    -32435.1291  EKtot   =      8103.9453  EPtot      =    -40539.0745
 BOND   =       163.5140  ANGLE   =       487.6296  DIHED      =       801.4219
 1-4 NB =       203.0165  1-4 EEL =      2907.9849  VDWAALS    =      5210.1150
 EELEC  =    -50357.4929  EHBOND  =         0.0000  RESTRAINT  =        44.7366
 EAMBER (non-restraint)  =    -40583.8110
 ------------------------------------------------------------------------------

wrapping first mol.:       19.64061       27.77602       48.10948
wrapping first mol.:       19.64061       27.77602       48.10948

 NSTEP =     9000   TIME(PS) =    1158.000  TEMP(K) =   299.34  PRESS =     0.0
 Etot   =    -32299.0277  EKtot   =      8110.5171  EPtot      =    -40409.5448
 BOND   =       199.5700  ANGLE   =       519.0852  DIHED      =       777.7099
 1-4 NB =       197.0625  1-4 EEL =      2879.5510  VDWAALS    =      5240.9583
 EELEC  =    -50273.7656  EHBOND  =         0.0000  RESTRAINT  =        50.2840
 EAMBER (non-restraint)  =    -40459.8287
 ------------------------------------------------------------------------------

wrapping first mol.:       19.64061       27.77602       48.10948
wrapping first mol.:       19.64061       27.77602       48.10948

 NSTEP =     9500   TIME(PS) =    1159.000  TEMP(K) =   295.42  PRESS =     0.0
 Etot   =    -32530.7948  EKtot   =      8004.1328  EPtot      =    -40534.9277
 BOND   =       180.4776  ANGLE   =       513.9775  DIHED      =       793.4409
 1-4 NB =       207.3317  1-4 EEL =      2890.9678  VDWAALS    =      5206.7828
 EELEC  =    -50369.7134  EHBOND  =         0.0000  RESTRAINT  =        41.8074
 EAMBER (non-restraint)  =    -40576.7350
 ------------------------------------------------------------------------------

wrapping first mol.:       19.64061       27.77602       48.10948
wrapping first mol.:       19.64061       27.77602       48.10948

 NSTEP =    10000   TIME(PS) =    1160.000  TEMP(K) =   303.68  PRESS =     0.0
 Etot   =    -32289.0988  EKtot   =      8228.1191  EPtot      =    -40517.2179
 BOND   =       172.7486  ANGLE   =       527.4948  DIHED      =       776.1507
 1-4 NB =       200.1615  1-4 EEL =      2904.7661  VDWAALS    =      5204.0233
 EELEC  =    -50345.8576  EHBOND  =         0.0000  RESTRAINT  =        43.2946
 EAMBER (non-restraint)  =    -40560.5125
 ------------------------------------------------------------------------------

wrapping first mol.:       19.64061       27.77602       48.10948
wrapping first mol.:       19.64061       27.77602       48.10948

 NSTEP =    10500   TIME(PS) =    1161.000  TEMP(K) =   298.50  PRESS =     0.0
 Etot   =    -32324.6589  EKtot   =      8087.7549  EPtot      =    -40412.4138
 BOND   =       187.6447  ANGLE   =       522.9187  DIHED      =       777.9853
 1-4 NB =       204.7664  1-4 EEL =      2904.7947  VDWAALS    =      5308.6548
 EELEC  =    -50364.1105  EHBOND  =         0.0000  RESTRAINT  =        44.9320
 EAMBER (non-restraint)  =    -40457.3458
 ------------------------------------------------------------------------------

wrapping first mol.:       19.64061       27.77602       48.10948
wrapping first mol.:       19.64061       27.77602       48.10948

 NSTEP =    11000   TIME(PS) =    1162.000  TEMP(K) =   297.15  PRESS =     0.0
 Etot   =    -32456.8750  EKtot   =      8051.1792  EPtot      =    -40508.0542
 BOND   =       176.8455  ANGLE   =       496.9425  DIHED      =       784.8019
 1-4 NB =       193.1667  1-4 EEL =      2885.2955  VDWAALS    =      5208.5386
 EELEC  =    -50297.8264  EHBOND  =         0.0000  RESTRAINT  =        44.1815
 EAMBER (non-restraint)  =    -40552.2357
 ------------------------------------------------------------------------------

wrapping first mol.:       19.64061       27.77602       48.10948
wrapping first mol.:       19.64061       27.77602       48.10948

 NSTEP =    11500   TIME(PS) =    1163.000  TEMP(K) =   295.58  PRESS =     0.0
 Etot   =    -32477.5566  EKtot   =      8008.6875  EPtot      =    -40486.2441
 BOND   =       174.2116  ANGLE   =       520.6652  DIHED      =       770.6828
 1-4 NB =       197.4713  1-4 EEL =      2898.4991  VDWAALS    =      5293.3958
 EELEC  =    -50391.1023  EHBOND  =         0.0000  RESTRAINT  =        49.9325
 EAMBER (non-restraint)  =    -40536.1766
 ------------------------------------------------------------------------------

wrapping first mol.:       19.64061       27.77602       48.10948
wrapping first mol.:       19.64061       27.77602       48.10948

 NSTEP =    12000   TIME(PS) =    1164.000  TEMP(K) =   298.49  PRESS =     0.0
 Etot   =    -32526.5927  EKtot   =      8087.3950  EPtot      =    -40613.9877
 BOND   =       181.5963  ANGLE   =       512.9217  DIHED      =       763.6339
 1-4 NB =       192.7517  1-4 EEL =      2893.6911  VDWAALS    =      5384.3527
 EELEC  =    -50596.1167  EHBOND  =         0.0000  RESTRAINT  =        53.1815
 EAMBER (non-restraint)  =    -40667.1693
 ------------------------------------------------------------------------------

wrapping first mol.:       19.64061       27.77602       48.10948
wrapping first mol.:       19.64061       27.77602       48.10948

 NSTEP =    12500   TIME(PS) =    1165.000  TEMP(K) =   298.12  PRESS =     0.0
 Etot   =    -32284.3731  EKtot   =      8077.3384  EPtot      =    -40361.7115
 BOND   =       196.8185  ANGLE   =       492.3564  DIHED      =       783.4078
 1-4 NB =       192.3784  1-4 EEL =      2904.9760  VDWAALS    =      5226.2393
 EELEC  =    -50214.3875  EHBOND  =         0.0000  RESTRAINT  =        56.4998
 EAMBER (non-restraint)  =    -40418.2113
 ------------------------------------------------------------------------------

wrapping first mol.:       19.64061       27.77602       48.10948
wrapping first mol.:       19.64061       27.77602       48.10948

 NSTEP =    13000   TIME(PS) =    1166.000  TEMP(K) =   300.04  PRESS =     0.0
 Etot   =    -32276.1934  EKtot   =      8129.3320  EPtot      =    -40405.5254
 BOND   =       178.2129  ANGLE   =       535.3748  DIHED      =       775.4519
 1-4 NB =       195.2412  1-4 EEL =      2884.5811  VDWAALS    =      5205.3422
 EELEC  =    -50224.8163  EHBOND  =         0.0000  RESTRAINT  =        45.0868
 EAMBER (non-restraint)  =    -40450.6123
 ------------------------------------------------------------------------------

wrapping first mol.:       19.64061       27.77602       48.10948
wrapping first mol.:       19.64061       27.77602       48.10948

 NSTEP =    13500   TIME(PS) =    1167.000  TEMP(K) =   296.33  PRESS =     0.0
 Etot   =    -32422.8753  EKtot   =      8028.9087  EPtot      =    -40451.7840
 BOND   =       154.2291  ANGLE   =       522.7480  DIHED      =       778.0654
 1-4 NB =       197.1668  1-4 EEL =      2907.0038  VDWAALS    =      5372.5953
 EELEC  =    -50430.0154  EHBOND  =         0.0000  RESTRAINT  =        46.4231
 EAMBER (non-restraint)  =    -40498.2071
 ------------------------------------------------------------------------------

wrapping first mol.:       19.64061       27.77602       48.10948
wrapping first mol.:       19.64061       27.77602       48.10948

 NSTEP =    14000   TIME(PS) =    1168.000  TEMP(K) =   299.09  PRESS =     0.0
 Etot   =    -32381.1441  EKtot   =      8103.5967  EPtot      =    -40484.7408
 BOND   =       186.7811  ANGLE   =       519.1241  DIHED      =       761.9909
 1-4 NB =       197.8403  1-4 EEL =      2906.4484  VDWAALS    =      5434.7209
 EELEC  =    -50541.0230  EHBOND  =         0.0000  RESTRAINT  =        49.3765
 EAMBER (non-restraint)  =    -40534.1173
 ------------------------------------------------------------------------------

wrapping first mol.:       19.64061       27.77602       48.10948
wrapping first mol.:       19.64061       27.77602       48.10948

 NSTEP =    14500   TIME(PS) =    1169.000  TEMP(K) =   299.64  PRESS =     0.0
 Etot   =    -32240.3418  EKtot   =      8118.6445  EPtot      =    -40358.9863
 BOND   =       165.9486  ANGLE   =       540.5573  DIHED      =       772.5927
 1-4 NB =       190.5139  1-4 EEL =      2872.9062  VDWAALS    =      5296.9228
 EELEC  =    -50246.5776  EHBOND  =         0.0000  RESTRAINT  =        48.1498
 EAMBER (non-restraint)  =    -40407.1361
 ------------------------------------------------------------------------------

wrapping first mol.:       19.64061       27.77602       48.10948
wrapping first mol.:       19.64061       27.77602       48.10948

 NSTEP =    15000   TIME(PS) =    1170.000  TEMP(K) =   298.99  PRESS =     0.0
 Etot   =    -32324.9161  EKtot   =      8100.9272  EPtot      =    -40425.8434
 BOND   =       170.9112  ANGLE   =       500.5621  DIHED      =       782.7438
 1-4 NB =       205.8724  1-4 EEL =      2914.8998  VDWAALS    =      5238.5994
 EELEC  =    -50287.5907  EHBOND  =         0.0000  RESTRAINT  =        48.1585
 EAMBER (non-restraint)  =    -40474.0019
 ------------------------------------------------------------------------------

wrapping first mol.:       19.64061       27.77602       48.10948
wrapping first mol.:       19.64061       27.77602       48.10948

 NSTEP =    15500   TIME(PS) =    1171.000  TEMP(K) =   300.86  PRESS =     0.0
 Etot   =    -32219.6548  EKtot   =      8151.7236  EPtot      =    -40371.3784
 BOND   =       181.1886  ANGLE   =       486.1358  DIHED      =       781.9528
 1-4 NB =       199.8998  1-4 EEL =      2897.8349  VDWAALS    =      5181.4916
 EELEC  =    -50156.1000  EHBOND  =         0.0000  RESTRAINT  =        56.2182
 EAMBER (non-restraint)  =    -40427.5966
 ------------------------------------------------------------------------------

wrapping first mol.:       19.64061       27.77602       48.10948
wrapping first mol.:       19.64061       27.77602       48.10948

 NSTEP =    16000   TIME(PS) =    1172.000  TEMP(K) =   297.53  PRESS =     0.0
 Etot   =    -32243.4561  EKtot   =      8061.3711  EPtot      =    -40304.8272
 BOND   =       165.0914  ANGLE   =       525.3075  DIHED      =       776.0456
 1-4 NB =       200.6589  1-4 EEL =      2906.9903  VDWAALS    =      5263.6145
 EELEC  =    -50193.9746  EHBOND  =         0.0000  RESTRAINT  =        51.4391
 EAMBER (non-restraint)  =    -40356.2664
 ------------------------------------------------------------------------------

wrapping first mol.:       19.64061       27.77602       48.10948
wrapping first mol.:       19.64061       27.77602       48.10948

 NSTEP =    16500   TIME(PS) =    1173.000  TEMP(K) =   296.88  PRESS =     0.0
 Etot   =    -32308.2126  EKtot   =      8043.8584  EPtot      =    -40352.0710
 BOND   =       188.5439  ANGLE   =       525.8739  DIHED      =       776.4995
 1-4 NB =       198.1449  1-4 EEL =      2889.6126  VDWAALS    =      5164.3395
 EELEC  =    -50147.7258  EHBOND  =         0.0000  RESTRAINT  =        52.6405
 EAMBER (non-restraint)  =    -40404.7116
 ------------------------------------------------------------------------------

wrapping first mol.:       19.64061       27.77602       48.10948
wrapping first mol.:       19.64061       27.77602       48.10948

 NSTEP =    17000   TIME(PS) =    1174.000  TEMP(K) =   298.81  PRESS =     0.0
 Etot   =    -32202.6103  EKtot   =      8096.1021  EPtot      =    -40298.7123
 BOND   =       172.3518  ANGLE   =       539.7217  DIHED      =       767.5050
 1-4 NB =       200.3896  1-4 EEL =      2903.7215  VDWAALS    =      5266.4928
 EELEC  =    -50197.3039  EHBOND  =         0.0000  RESTRAINT  =        48.4093
 EAMBER (non-restraint)  =    -40347.1216
 ------------------------------------------------------------------------------

wrapping first mol.:       19.64061       27.77602       48.10948
wrapping first mol.:       19.64061       27.77602       48.10948

 NSTEP =    17500   TIME(PS) =    1175.000  TEMP(K) =   300.36  PRESS =     0.0
 Etot   =    -32341.0752  EKtot   =      8138.1235  EPtot      =    -40479.1987
 BOND   =       164.8175  ANGLE   =       497.9255  DIHED      =       770.9547
 1-4 NB =       209.9575  1-4 EEL =      2897.7960  VDWAALS    =      5154.7354
 EELEC  =    -50224.6181  EHBOND  =         0.0000  RESTRAINT  =        49.2326
 EAMBER (non-restraint)  =    -40528.4313
 ------------------------------------------------------------------------------

wrapping first mol.:       19.64061       27.77602       48.10948
wrapping first mol.:       19.64061       27.77602       48.10948

 NSTEP =    18000   TIME(PS) =    1176.000  TEMP(K) =   296.64  PRESS =     0.0
 Etot   =    -32238.2232  EKtot   =      8037.3057  EPtot      =    -40275.5288
 BOND   =       177.4798  ANGLE   =       516.7246  DIHED      =       780.2246
 1-4 NB =       203.6303  1-4 EEL =      2909.4606  VDWAALS    =      5189.3486
 EELEC  =    -50104.5742  EHBOND  =         0.0000  RESTRAINT  =        52.1769
 EAMBER (non-restraint)  =    -40327.7057
 ------------------------------------------------------------------------------

wrapping first mol.:       19.64061       27.77602       48.10948
wrapping first mol.:       19.64061       27.77602       48.10948

 NSTEP =    18500   TIME(PS) =    1177.000  TEMP(K) =   303.87  PRESS =     0.0
 Etot   =    -32381.8293  EKtot   =      8233.1895  EPtot      =    -40615.0188
 BOND   =       168.0727  ANGLE   =       500.1135  DIHED      =       770.7629
 1-4 NB =       195.7418  1-4 EEL =      2910.5621  VDWAALS    =      5296.1870
 EELEC  =    -50501.1272  EHBOND  =         0.0000  RESTRAINT  =        44.6685
 EAMBER (non-restraint)  =    -40659.6872
 ------------------------------------------------------------------------------

wrapping first mol.:       19.64061       27.77602       48.10948
wrapping first mol.:       19.64061       27.77602       48.10948

 NSTEP =    19000   TIME(PS) =    1178.000  TEMP(K) =   297.31  PRESS =     0.0
 Etot   =    -32236.2957  EKtot   =      8055.3247  EPtot      =    -40291.6204
 BOND   =       181.5454  ANGLE   =       542.7470  DIHED      =       787.3486
 1-4 NB =       193.5627  1-4 EEL =      2868.0849  VDWAALS    =      5293.0991
 EELEC  =    -50203.6056  EHBOND  =         0.0000  RESTRAINT  =        45.5975
 EAMBER (non-restraint)  =    -40337.2179
 ------------------------------------------------------------------------------

wrapping first mol.:       19.64061       27.77602       48.10948
wrapping first mol.:       19.64061       27.77602       48.10948

 NSTEP =    19500   TIME(PS) =    1179.000  TEMP(K) =   298.02  PRESS =     0.0
 Etot   =    -32380.1890  EKtot   =      8074.5317  EPtot      =    -40454.7207
 BOND   =       178.7231  ANGLE   =       500.5062  DIHED      =       770.7944
 1-4 NB =       203.2657  1-4 EEL =      2895.1190  VDWAALS    =      5286.3940
 EELEC  =    -50338.1718  EHBOND  =         0.0000  RESTRAINT  =        48.6485
 EAMBER (non-restraint)  =    -40503.3693
 ------------------------------------------------------------------------------

wrapping first mol.:       19.64061       27.77602       48.10948
wrapping first mol.:       19.64061       27.77602       48.10948

 NSTEP =    20000   TIME(PS) =    1180.000  TEMP(K) =   302.02  PRESS =     0.0
 Etot   =    -32262.9382  EKtot   =      8183.1221  EPtot      =    -40446.0602
 BOND   =       167.8798  ANGLE   =       500.6223  DIHED      =       787.8423
 1-4 NB =       205.0943  1-4 EEL =      2912.3070  VDWAALS    =      5344.3863
 EELEC  =    -50415.4844  EHBOND  =         0.0000  RESTRAINT  =        51.2922
 EAMBER (non-restraint)  =    -40497.3524
 ------------------------------------------------------------------------------

wrapping first mol.:       19.64061       27.77602       48.10948
wrapping first mol.:       19.64061       27.77602       48.10948

 NSTEP =    20500   TIME(PS) =    1181.000  TEMP(K) =   302.20  PRESS =     0.0
 Etot   =    -32285.0020  EKtot   =      8187.8540  EPtot      =    -40472.8560
 BOND   =       175.3202  ANGLE   =       507.7577  DIHED      =       788.8767
 1-4 NB =       201.4028  1-4 EEL =      2921.7098  VDWAALS    =      5352.1853
 EELEC  =    -50468.0180  EHBOND  =         0.0000  RESTRAINT  =        47.9096
 EAMBER (non-restraint)  =    -40520.7656
 ------------------------------------------------------------------------------

wrapping first mol.:       19.64061       27.77602       48.10948
wrapping first mol.:       19.64061       27.77602       48.10948

 NSTEP =    21000   TIME(PS) =    1182.000  TEMP(K) =   297.69  PRESS =     0.0
 Etot   =    -32368.8729  EKtot   =      8065.6841  EPtot      =    -40434.5570
 BOND   =       190.5185  ANGLE   =       544.9839  DIHED      =       769.4407
 1-4 NB =       199.3046  1-4 EEL =      2907.1548  VDWAALS    =      5387.2510
 EELEC  =    -50489.0852  EHBOND  =         0.0000  RESTRAINT  =        55.8746
 EAMBER (non-restraint)  =    -40490.4316
 ------------------------------------------------------------------------------

wrapping first mol.:       19.64061       27.77602       48.10948
wrapping first mol.:       19.64061       27.77602       48.10948

 NSTEP =    21500   TIME(PS) =    1183.000  TEMP(K) =   299.20  PRESS =     0.0
 Etot   =    -32400.3179  EKtot   =      8106.6445  EPtot      =    -40506.9625
 BOND   =       163.8594  ANGLE   =       509.2074  DIHED      =       750.6207
 1-4 NB =       195.9607  1-4 EEL =      2890.1484  VDWAALS    =      5254.9613
 EELEC  =    -50323.5538  EHBOND  =         0.0000  RESTRAINT  =        51.8334
 EAMBER (non-restraint)  =    -40558.7958
 ------------------------------------------------------------------------------

wrapping first mol.:       19.64061       27.77602       48.10948
wrapping first mol.:       19.64061       27.77602       48.10948

 NSTEP =    22000   TIME(PS) =    1184.000  TEMP(K) =   300.61  PRESS =     0.0
 Etot   =    -32410.9929  EKtot   =      8144.8701  EPtot      =    -40555.8630
 BOND   =       147.7092  ANGLE   =       487.6898  DIHED      =       776.1392
 1-4 NB =       206.1899  1-4 EEL =      2913.9326  VDWAALS    =      5207.6871
 EELEC  =    -50342.9589  EHBOND  =         0.0000  RESTRAINT  =        47.7480
 EAMBER (non-restraint)  =    -40603.6111
 ------------------------------------------------------------------------------

wrapping first mol.:       19.64061       27.77602       48.10948
wrapping first mol.:       19.64061       27.77602       48.10948

 NSTEP =    22500   TIME(PS) =    1185.000  TEMP(K) =   301.77  PRESS =     0.0
 Etot   =    -32446.9344  EKtot   =      8176.3101  EPtot      =    -40623.2445
 BOND   =       150.4408  ANGLE   =       524.5076  DIHED      =       783.5216
 1-4 NB =       197.7826  1-4 EEL =      2884.7367  VDWAALS    =      5372.7183
 EELEC  =    -50582.4997  EHBOND  =         0.0000  RESTRAINT  =        45.5477
 EAMBER (non-restraint)  =    -40668.7922
 ------------------------------------------------------------------------------

wrapping first mol.:       19.64061       27.77602       48.10948
wrapping first mol.:       19.64061       27.77602       48.10948

 NSTEP =    23000   TIME(PS) =    1186.000  TEMP(K) =   297.73  PRESS =     0.0
 Etot   =    -32517.4184  EKtot   =      8066.8350  EPtot      =    -40584.2533
 BOND   =       166.9552  ANGLE   =       524.7296  DIHED      =       786.2075
 1-4 NB =       192.0498  1-4 EEL =      2899.5591  VDWAALS    =      5256.4243
 EELEC  =    -50454.6864  EHBOND  =         0.0000  RESTRAINT  =        44.5077
 EAMBER (non-restraint)  =    -40628.7610
 ------------------------------------------------------------------------------

wrapping first mol.:       19.64061       27.77602       48.10948
wrapping first mol.:       19.64061       27.77602       48.10948

 NSTEP =    23500   TIME(PS) =    1187.000  TEMP(K) =   297.32  PRESS =     0.0
 Etot   =    -32465.4239  EKtot   =      8055.8115  EPtot      =    -40521.2355
 BOND   =       187.4745  ANGLE   =       531.7569  DIHED      =       780.0686
 1-4 NB =       197.9358  1-4 EEL =      2905.2647  VDWAALS    =      5347.4188
 EELEC  =    -50515.7451  EHBOND  =         0.0000  RESTRAINT  =        44.5902
 EAMBER (non-restraint)  =    -40565.8257
 ------------------------------------------------------------------------------

wrapping first mol.:       19.64061       27.77602       48.10948
wrapping first mol.:       19.64061       27.77602       48.10948

 NSTEP =    24000   TIME(PS) =    1188.000  TEMP(K) =   298.95  PRESS =     0.0
 Etot   =    -32382.7262  EKtot   =      8099.7319  EPtot      =    -40482.4581
 BOND   =       186.1184  ANGLE   =       522.6640  DIHED      =       791.9278
 1-4 NB =       192.4462  1-4 EEL =      2902.9666  VDWAALS    =      5239.0293
 EELEC  =    -50370.5768  EHBOND  =         0.0000  RESTRAINT  =        52.9661
 EAMBER (non-restraint)  =    -40535.4243
 ------------------------------------------------------------------------------

wrapping first mol.:       19.64061       27.77602       48.10948
wrapping first mol.:       19.64061       27.77602       48.10948

 NSTEP =    24500   TIME(PS) =    1189.000  TEMP(K) =   301.09  PRESS =     0.0
 Etot   =    -32345.6058  EKtot   =      8157.7695  EPtot      =    -40503.3753
 BOND   =       154.9119  ANGLE   =       483.0809  DIHED      =       783.6152
 1-4 NB =       198.7304  1-4 EEL =      2909.0089  VDWAALS    =      5271.8653
 EELEC  =    -50360.4034  EHBOND  =         0.0000  RESTRAINT  =        55.8156
 EAMBER (non-restraint)  =    -40559.1909
 ------------------------------------------------------------------------------

wrapping first mol.:       19.64061       27.77602       48.10948
wrapping first mol.:       19.64061       27.77602       48.10948

 NSTEP =    25000   TIME(PS) =    1190.000  TEMP(K) =   300.01  PRESS =     0.0
 Etot   =    -32307.6072  EKtot   =      8128.5928  EPtot      =    -40436.2000
 BOND   =       162.2334  ANGLE   =       498.1567  DIHED      =       777.6385
 1-4 NB =       196.5362  1-4 EEL =      2908.3368  VDWAALS    =      5248.9942
 EELEC  =    -50277.2361  EHBOND  =         0.0000  RESTRAINT  =        49.1402
 EAMBER (non-restraint)  =    -40485.3402
 ------------------------------------------------------------------------------

wrapping first mol.:       19.64061       27.77602       48.10948
wrapping first mol.:       19.64061       27.77602       48.10948

 NSTEP =    25500   TIME(PS) =    1191.000  TEMP(K) =   297.03  PRESS =     0.0
 Etot   =    -32521.6061  EKtot   =      8047.8306  EPtot      =    -40569.4366
 BOND   =       183.2919  ANGLE   =       527.8720  DIHED      =       788.0070
 1-4 NB =       189.3208  1-4 EEL =      2894.3522  VDWAALS    =      5198.5539
 EELEC  =    -50399.5549  EHBOND  =         0.0000  RESTRAINT  =        48.7204
 EAMBER (non-restraint)  =    -40618.1571
 ------------------------------------------------------------------------------

wrapping first mol.:       19.64061       27.77602       48.10948
wrapping first mol.:       19.64061       27.77602       48.10948

 NSTEP =    26000   TIME(PS) =    1192.000  TEMP(K) =   301.08  PRESS =     0.0
 Etot   =    -32388.5273  EKtot   =      8157.4556  EPtot      =    -40545.9829
 BOND   =       185.5219  ANGLE   =       507.8178  DIHED      =       762.9125
 1-4 NB =       192.5084  1-4 EEL =      2906.2561  VDWAALS    =      5284.0854
 EELEC  =    -50427.4294  EHBOND  =         0.0000  RESTRAINT  =        42.3442
 EAMBER (non-restraint)  =    -40588.3271
 ------------------------------------------------------------------------------

wrapping first mol.:       19.64061       27.77602       48.10948
wrapping first mol.:       19.64061       27.77602       48.10948

 NSTEP =    26500   TIME(PS) =    1193.000  TEMP(K) =   301.44  PRESS =     0.0
 Etot   =    -32163.7182  EKtot   =      8167.3086  EPtot      =    -40331.0268
 BOND   =       170.9300  ANGLE   =       499.4356  DIHED      =       776.8141
 1-4 NB =       194.7460  1-4 EEL =      2898.6467  VDWAALS    =      5217.8193
 EELEC  =    -50144.7862  EHBOND  =         0.0000  RESTRAINT  =        55.3676
 EAMBER (non-restraint)  =    -40386.3943
 ------------------------------------------------------------------------------

wrapping first mol.:       19.64061       27.77602       48.10948
wrapping first mol.:       19.64061       27.77602       48.10948

 NSTEP =    27000   TIME(PS) =    1194.000  TEMP(K) =   298.41  PRESS =     0.0
 Etot   =    -32162.9046  EKtot   =      8085.2461  EPtot      =    -40248.1507
 BOND   =       176.8843  ANGLE   =       511.7187  DIHED      =       789.1045
 1-4 NB =       203.7842  1-4 EEL =      2916.5762  VDWAALS    =      5157.2172
 EELEC  =    -50048.5731  EHBOND  =         0.0000  RESTRAINT  =        45.1373
 EAMBER (non-restraint)  =    -40293.2880
 ------------------------------------------------------------------------------

wrapping first mol.:       19.64061       27.77602       48.10948
wrapping first mol.:       19.64061       27.77602       48.10948

 NSTEP =    27500   TIME(PS) =    1195.000  TEMP(K) =   304.94  PRESS =     0.0
 Etot   =    -32130.8074  EKtot   =      8262.2734  EPtot      =    -40393.0808
 BOND   =       187.8501  ANGLE   =       483.3602  DIHED      =       799.2086
 1-4 NB =       198.0068  1-4 EEL =      2936.0543  VDWAALS    =      5336.2621
 EELEC  =    -50381.3317  EHBOND  =         0.0000  RESTRAINT  =        47.5088
 EAMBER (non-restraint)  =    -40440.5896
 ------------------------------------------------------------------------------

wrapping first mol.:       19.64061       27.77602       48.10948
wrapping first mol.:       19.64061       27.77602       48.10948

 NSTEP =    28000   TIME(PS) =    1196.000  TEMP(K) =   304.78  PRESS =     0.0
 Etot   =    -32361.0815  EKtot   =      8257.8945  EPtot      =    -40618.9760
 BOND   =       180.4558  ANGLE   =       491.6365  DIHED      =       779.9795
 1-4 NB =       201.1543  1-4 EEL =      2887.3074  VDWAALS    =      5356.4375
 EELEC  =    -50560.0039  EHBOND  =         0.0000  RESTRAINT  =        44.0569
 EAMBER (non-restraint)  =    -40663.0329
 ------------------------------------------------------------------------------

wrapping first mol.:       19.64061       27.77602       48.10948
wrapping first mol.:       19.64061       27.77602       48.10948

 NSTEP =    28500   TIME(PS) =    1197.000  TEMP(K) =   300.36  PRESS =     0.0
 Etot   =    -32249.2790  EKtot   =      8138.1875  EPtot      =    -40387.4665
 BOND   =       188.0426  ANGLE   =       508.8414  DIHED      =       774.0647
 1-4 NB =       193.0258  1-4 EEL =      2898.9103  VDWAALS    =      5370.9428
 EELEC  =    -50372.1351  EHBOND  =         0.0000  RESTRAINT  =        50.8410
 EAMBER (non-restraint)  =    -40438.3075
 ------------------------------------------------------------------------------

wrapping first mol.:       19.64061       27.77602       48.10948
wrapping first mol.:       19.64061       27.77602       48.10948

 NSTEP =    29000   TIME(PS) =    1198.000  TEMP(K) =   301.33  PRESS =     0.0
 Etot   =    -32254.5625  EKtot   =      8164.4131  EPtot      =    -40418.9756
 BOND   =       187.4982  ANGLE   =       506.4058  DIHED      =       781.1502
 1-4 NB =       190.1665  1-4 EEL =      2891.8044  VDWAALS    =      5099.5430
 EELEC  =    -50124.6871  EHBOND  =         0.0000  RESTRAINT  =        49.1436
 EAMBER (non-restraint)  =    -40468.1191
 ------------------------------------------------------------------------------

wrapping first mol.:       19.64061       27.77602       48.10948
wrapping first mol.:       19.64061       27.77602       48.10948

 NSTEP =    29500   TIME(PS) =    1199.000  TEMP(K) =   299.27  PRESS =     0.0
 Etot   =    -32177.4189  EKtot   =      8108.5469  EPtot      =    -40285.9657
 BOND   =       171.0544  ANGLE   =       528.7476  DIHED      =       794.0534
 1-4 NB =       202.0443  1-4 EEL =      2901.7521  VDWAALS    =      5239.8530
 EELEC  =    -50173.3598  EHBOND  =         0.0000  RESTRAINT  =        49.8893
 EAMBER (non-restraint)  =    -40335.8550
 ------------------------------------------------------------------------------

wrapping first mol.:       19.64061       27.77602       48.10948
wrapping first mol.:       19.64061       27.77602       48.10948

 NSTEP =    30000   TIME(PS) =    1200.000  TEMP(K) =   300.10  PRESS =     0.0
 Etot   =    -32256.4886  EKtot   =      8131.0186  EPtot      =    -40387.5071
 BOND   =       186.6427  ANGLE   =       502.5246  DIHED      =       783.6045
 1-4 NB =       192.5922  1-4 EEL =      2889.5397  VDWAALS    =      5133.8969
 EELEC  =    -50132.1648  EHBOND  =         0.0000  RESTRAINT  =        55.8570
 EAMBER (non-restraint)  =    -40443.3642
 ------------------------------------------------------------------------------

wrapping first mol.:       19.64061       27.77602       48.10948
wrapping first mol.:       19.64061       27.77602       48.10948

 NSTEP =    30500   TIME(PS) =    1201.000  TEMP(K) =   304.38  PRESS =     0.0
 Etot   =    -31969.1508  EKtot   =      8246.9453  EPtot      =    -40216.0961
 BOND   =       175.9308  ANGLE   =       508.8126  DIHED      =       767.4036
 1-4 NB =       200.6877  1-4 EEL =      2908.3631  VDWAALS    =      5189.8365
 EELEC  =    -50010.7301  EHBOND  =         0.0000  RESTRAINT  =        43.5996
 EAMBER (non-restraint)  =    -40259.6957
 ------------------------------------------------------------------------------

wrapping first mol.:       19.64061       27.77602       48.10948
wrapping first mol.:       19.64061       27.77602       48.10948

 NSTEP =    31000   TIME(PS) =    1202.000  TEMP(K) =   300.62  PRESS =     0.0
 Etot   =    -32297.3068  EKtot   =      8145.1743  EPtot      =    -40442.4811
 BOND   =       166.3575  ANGLE   =       533.7962  DIHED      =       775.9132
 1-4 NB =       189.1260  1-4 EEL =      2907.0712  VDWAALS    =      5355.0354
 EELEC  =    -50419.7364  EHBOND  =         0.0000  RESTRAINT  =        49.9558
 EAMBER (non-restraint)  =    -40492.4369
 ------------------------------------------------------------------------------

wrapping first mol.:       19.64061       27.77602       48.10948
wrapping first mol.:       19.64061       27.77602       48.10948

 NSTEP =    31500   TIME(PS) =    1203.000  TEMP(K) =   302.79  PRESS =     0.0
 Etot   =    -32329.9256  EKtot   =      8203.9658  EPtot      =    -40533.8915
 BOND   =       179.5794  ANGLE   =       519.8026  DIHED      =       758.8540
 1-4 NB =       198.7245  1-4 EEL =      2907.6075  VDWAALS    =      5347.7223
 EELEC  =    -50501.1480  EHBOND  =         0.0000  RESTRAINT  =        54.9663
 EAMBER (non-restraint)  =    -40588.8577
 ------------------------------------------------------------------------------

wrapping first mol.:       19.64061       27.77602       48.10948
wrapping first mol.:       19.64061       27.77602       48.10948

 NSTEP =    32000   TIME(PS) =    1204.000  TEMP(K) =   298.05  PRESS =     0.0
 Etot   =    -32298.7380  EKtot   =      8075.4976  EPtot      =    -40374.2356
 BOND   =       178.7751  ANGLE   =       521.9975  DIHED      =       782.3193
 1-4 NB =       194.2394  1-4 EEL =      2903.9247  VDWAALS    =      5226.9431
 EELEC  =    -50238.1139  EHBOND  =         0.0000  RESTRAINT  =        55.6793
 EAMBER (non-restraint)  =    -40429.9149
 ------------------------------------------------------------------------------

wrapping first mol.:       19.64061       27.77602       48.10948
wrapping first mol.:       19.64061       27.77602       48.10948

 NSTEP =    32500   TIME(PS) =    1205.000  TEMP(K) =   298.32  PRESS =     0.0
 Etot   =    -32310.5863  EKtot   =      8082.6992  EPtot      =    -40393.2855
 BOND   =       188.5851  ANGLE   =       531.3399  DIHED      =       788.3469
 1-4 NB =       204.5702  1-4 EEL =      2936.3652  VDWAALS    =      5220.3852
 EELEC  =    -50312.6562  EHBOND  =         0.0000  RESTRAINT  =        49.7784
 EAMBER (non-restraint)  =    -40443.0639
 ------------------------------------------------------------------------------

wrapping first mol.:       19.64061       27.77602       48.10948
wrapping first mol.:       19.64061       27.77602       48.10948

 NSTEP =    33000   TIME(PS) =    1206.000  TEMP(K) =   299.00  PRESS =     0.0
 Etot   =    -32371.5843  EKtot   =      8101.2163  EPtot      =    -40472.8007
 BOND   =       153.6376  ANGLE   =       519.2854  DIHED      =       782.0667
 1-4 NB =       199.2756  1-4 EEL =      2886.5857  VDWAALS    =      5217.1551
 EELEC  =    -50284.2946  EHBOND  =         0.0000  RESTRAINT  =        53.4877
 EAMBER (non-restraint)  =    -40526.2884
 ------------------------------------------------------------------------------

wrapping first mol.:       19.64061       27.77602       48.10948
wrapping first mol.:       19.64061       27.77602       48.10948

 NSTEP =    33500   TIME(PS) =    1207.000  TEMP(K) =   301.89  PRESS =     0.0
 Etot   =    -32178.3681  EKtot   =      8179.4619  EPtot      =    -40357.8300
 BOND   =       199.2083  ANGLE   =       505.5555  DIHED      =       794.9644
 1-4 NB =       192.0087  1-4 EEL =      2879.2714  VDWAALS    =      5236.4421
 EELEC  =    -50209.7145  EHBOND  =         0.0000  RESTRAINT  =        44.4342
 EAMBER (non-restraint)  =    -40402.2642
 ------------------------------------------------------------------------------

wrapping first mol.:       19.64061       27.77602       48.10948
wrapping first mol.:       19.64061       27.77602       48.10948

 NSTEP =    34000   TIME(PS) =    1208.000  TEMP(K) =   300.03  PRESS =     0.0
 Etot   =    -32174.0397  EKtot   =      8129.2534  EPtot      =    -40303.2931
 BOND   =       185.1313  ANGLE   =       493.5931  DIHED      =       771.2128
 1-4 NB =       191.0783  1-4 EEL =      2907.6725  VDWAALS    =      5152.6867
 EELEC  =    -50065.9875  EHBOND  =         0.0000  RESTRAINT  =        61.3197
 EAMBER (non-restraint)  =    -40364.6128
 ------------------------------------------------------------------------------

wrapping first mol.:       19.64061       27.77602       48.10948
wrapping first mol.:       19.64061       27.77602       48.10948

 NSTEP =    34500   TIME(PS) =    1209.000  TEMP(K) =   298.30  PRESS =     0.0
 Etot   =    -32240.4142  EKtot   =      8082.1187  EPtot      =    -40322.5328
 BOND   =       180.8321  ANGLE   =       523.4030  DIHED      =       775.2255
 1-4 NB =       194.0956  1-4 EEL =      2906.4808  VDWAALS    =      5163.9337
 EELEC  =    -50117.0780  EHBOND  =         0.0000  RESTRAINT  =        50.5745
 EAMBER (non-restraint)  =    -40373.1074
 ------------------------------------------------------------------------------

wrapping first mol.:       19.64061       27.77602       48.10948
wrapping first mol.:       19.64061       27.77602       48.10948

 NSTEP =    35000   TIME(PS) =    1210.000  TEMP(K) =   298.12  PRESS =     0.0
 Etot   =    -32321.2610  EKtot   =      8077.3379  EPtot      =    -40398.5989
 BOND   =       178.4691  ANGLE   =       499.9976  DIHED      =       770.9147
 1-4 NB =       201.4527  1-4 EEL =      2922.2200  VDWAALS    =      5179.2798
 EELEC  =    -50207.5501  EHBOND  =         0.0000  RESTRAINT  =        56.6173
 EAMBER (non-restraint)  =    -40455.2163
 ------------------------------------------------------------------------------

wrapping first mol.:       19.64061       27.77602       48.10948
wrapping first mol.:       19.64061       27.77602       48.10948

 NSTEP =    35500   TIME(PS) =    1211.000  TEMP(K) =   296.85  PRESS =     0.0
 Etot   =    -32310.2302  EKtot   =      8042.8584  EPtot      =    -40353.0886
 BOND   =       185.2629  ANGLE   =       521.5205  DIHED      =       764.9233
 1-4 NB =       201.9761  1-4 EEL =      2898.2185  VDWAALS    =      5312.2451
 EELEC  =    -50284.5630  EHBOND  =         0.0000  RESTRAINT  =        47.3280
 EAMBER (non-restraint)  =    -40400.4166
 ------------------------------------------------------------------------------

wrapping first mol.:       19.64061       27.77602       48.10948
wrapping first mol.:       19.64061       27.77602       48.10948

 NSTEP =    36000   TIME(PS) =    1212.000  TEMP(K) =   302.12  PRESS =     0.0
 Etot   =    -32335.0327  EKtot   =      8185.7075  EPtot      =    -40520.7403
 BOND   =       170.4621  ANGLE   =       495.2184  DIHED      =       770.8879
 1-4 NB =       203.2832  1-4 EEL =      2897.1506  VDWAALS    =      5263.8066
 EELEC  =    -50377.2215  EHBOND  =         0.0000  RESTRAINT  =        55.6724
 EAMBER (non-restraint)  =    -40576.4126
 ------------------------------------------------------------------------------

wrapping first mol.:       19.64061       27.77602       48.10948
wrapping first mol.:       19.64061       27.77602       48.10948

 NSTEP =    36500   TIME(PS) =    1213.000  TEMP(K) =   298.39  PRESS =     0.0
 Etot   =    -32341.6158  EKtot   =      8084.7441  EPtot      =    -40426.3600
 BOND   =       165.3040  ANGLE   =       496.7607  DIHED      =       773.0120
 1-4 NB =       206.2996  1-4 EEL =      2905.8330  VDWAALS    =      5227.2320
 EELEC  =    -50253.8671  EHBOND  =         0.0000  RESTRAINT  =        53.0657
 EAMBER (non-restraint)  =    -40479.4257
 ------------------------------------------------------------------------------

wrapping first mol.:       19.64061       27.77602       48.10948
wrapping first mol.:       19.64061       27.77602       48.10948

 NSTEP =    37000   TIME(PS) =    1214.000  TEMP(K) =   301.09  PRESS =     0.0
 Etot   =    -32222.6416  EKtot   =      8157.7129  EPtot      =    -40380.3545
 BOND   =       161.6344  ANGLE   =       521.9435  DIHED      =       781.2928
 1-4 NB =       189.6545  1-4 EEL =      2893.0389  VDWAALS    =      5162.9085
 EELEC  =    -50153.4655  EHBOND  =         0.0000  RESTRAINT  =        62.6384
 EAMBER (non-restraint)  =    -40442.9929
 ------------------------------------------------------------------------------

wrapping first mol.:       19.64061       27.77602       48.10948
wrapping first mol.:       19.64061       27.77602       48.10948

 NSTEP =    37500   TIME(PS) =    1215.000  TEMP(K) =   297.70  PRESS =     0.0
 Etot   =    -32364.0131  EKtot   =      8065.8989  EPtot      =    -40429.9120
 BOND   =       176.0712  ANGLE   =       536.0679  DIHED      =       771.0972
 1-4 NB =       194.2761  1-4 EEL =      2876.9213  VDWAALS    =      5292.2683
 EELEC  =    -50330.6712  EHBOND  =         0.0000  RESTRAINT  =        54.0572
 EAMBER (non-restraint)  =    -40483.9692
 ------------------------------------------------------------------------------

wrapping first mol.:       19.64061       27.77602       48.10948
wrapping first mol.:       19.64061       27.77602       48.10948

 NSTEP =    38000   TIME(PS) =    1216.000  TEMP(K) =   305.02  PRESS =     0.0
 Etot   =    -32053.4520  EKtot   =      8264.2109  EPtot      =    -40317.6629
 BOND   =       179.7922  ANGLE   =       500.7747  DIHED      =       769.5661
 1-4 NB =       195.6850  1-4 EEL =      2926.1188  VDWAALS    =      5151.4382
 EELEC  =    -50093.3844  EHBOND  =         0.0000  RESTRAINT  =        52.3465
 EAMBER (non-restraint)  =    -40370.0095
 ------------------------------------------------------------------------------

wrapping first mol.:       19.64061       27.77602       48.10948
wrapping first mol.:       19.64061       27.77602       48.10948

 NSTEP =    38500   TIME(PS) =    1217.000  TEMP(K) =   302.69  PRESS =     0.0
 Etot   =    -32227.8301  EKtot   =      8201.1094  EPtot      =    -40428.9395
 BOND   =       181.7919  ANGLE   =       553.6950  DIHED      =       751.9243
 1-4 NB =       190.5226  1-4 EEL =      2896.2673  VDWAALS    =      5382.7332
 EELEC  =    -50441.9759  EHBOND  =         0.0000  RESTRAINT  =        56.1021
 EAMBER (non-restraint)  =    -40485.0416
 ------------------------------------------------------------------------------

wrapping first mol.:       19.64061       27.77602       48.10948
wrapping first mol.:       19.64061       27.77602       48.10948

 NSTEP =    39000   TIME(PS) =    1218.000  TEMP(K) =   294.70  PRESS =     0.0
 Etot   =    -32577.3484  EKtot   =      7984.6045  EPtot      =    -40561.9529
 BOND   =       172.2359  ANGLE   =       518.3634  DIHED      =       792.2935
 1-4 NB =       200.7511  1-4 EEL =      2898.9706  VDWAALS    =      5489.8617
 EELEC  =    -50689.2230  EHBOND  =         0.0000  RESTRAINT  =        54.7939
 EAMBER (non-restraint)  =    -40616.7468
 ------------------------------------------------------------------------------

wrapping first mol.:       19.64061       27.77602       48.10948
wrapping first mol.:       19.64061       27.77602       48.10948

 NSTEP =    39500   TIME(PS) =    1219.000  TEMP(K) =   301.84  PRESS =     0.0
 Etot   =    -32111.8900  EKtot   =      8178.1206  EPtot      =    -40290.0106
 BOND   =       181.7642  ANGLE   =       515.4804  DIHED      =       770.3081
 1-4 NB =       202.8283  1-4 EEL =      2880.9468  VDWAALS    =      5098.7645
 EELEC  =    -49995.5804  EHBOND  =         0.0000  RESTRAINT  =        55.4775
 EAMBER (non-restraint)  =    -40345.4881
 ------------------------------------------------------------------------------

wrapping first mol.:       19.64061       27.77602       48.10948
wrapping first mol.:       19.64061       27.77602       48.10948

 NSTEP =    40000   TIME(PS) =    1220.000  TEMP(K) =   302.32  PRESS =     0.0
 Etot   =    -32361.8875  EKtot   =      8191.2422  EPtot      =    -40553.1297
 BOND   =       165.2260  ANGLE   =       512.1318  DIHED      =       781.5744
 1-4 NB =       189.8349  1-4 EEL =      2919.6844  VDWAALS    =      5130.5404
 EELEC  =    -50304.7575  EHBOND  =         0.0000  RESTRAINT  =        52.6359
 EAMBER (non-restraint)  =    -40605.7657
 ------------------------------------------------------------------------------

wrapping first mol.:       19.64061       27.77602       48.10948
wrapping first mol.:       19.64061       27.77602       48.10948

 NSTEP =    40500   TIME(PS) =    1221.000  TEMP(K) =   298.16  PRESS =     0.0
 Etot   =    -32316.0153  EKtot   =      8078.3584  EPtot      =    -40394.3737
 BOND   =       188.1140  ANGLE   =       502.2618  DIHED      =       788.6972
 1-4 NB =       199.4947  1-4 EEL =      2915.4065  VDWAALS    =      5311.1869
 EELEC  =    -50345.1629  EHBOND  =         0.0000  RESTRAINT  =        45.6280
 EAMBER (non-restraint)  =    -40440.0017
 ------------------------------------------------------------------------------

wrapping first mol.:       19.64061       27.77602       48.10948
wrapping first mol.:       19.64061       27.77602       48.10948

 NSTEP =    41000   TIME(PS) =    1222.000  TEMP(K) =   300.12  PRESS =     0.0
 Etot   =    -32258.8048  EKtot   =      8131.6426  EPtot      =    -40390.4474
 BOND   =       168.0629  ANGLE   =       503.7101  DIHED      =       779.6272
 1-4 NB =       205.5896  1-4 EEL =      2915.7391  VDWAALS    =      5335.4611
 EELEC  =    -50353.7005  EHBOND  =         0.0000  RESTRAINT  =        55.0631
 EAMBER (non-restraint)  =    -40445.5105
 ------------------------------------------------------------------------------

wrapping first mol.:       19.64061       27.77602       48.10948
wrapping first mol.:       19.64061       27.77602       48.10948

 NSTEP =    41500   TIME(PS) =    1223.000  TEMP(K) =   300.18  PRESS =     0.0
 Etot   =    -32258.9648  EKtot   =      8133.2100  EPtot      =    -40392.1747
 BOND   =       173.4525  ANGLE   =       471.5305  DIHED      =       758.4017
 1-4 NB =       200.6437  1-4 EEL =      2927.4260  VDWAALS    =      5002.3603
 EELEC  =    -49979.7617  EHBOND  =         0.0000  RESTRAINT  =        53.7722
 EAMBER (non-restraint)  =    -40445.9470
 ------------------------------------------------------------------------------

wrapping first mol.:       19.64061       27.77602       48.10948
wrapping first mol.:       19.64061       27.77602       48.10948

 NSTEP =    42000   TIME(PS) =    1224.000  TEMP(K) =   299.95  PRESS =     0.0
 Etot   =    -32395.9855  EKtot   =      8126.9824  EPtot      =    -40522.9679
 BOND   =       182.1013  ANGLE   =       540.0984  DIHED      =       786.7419
 1-4 NB =       192.6448  1-4 EEL =      2906.2359  VDWAALS    =      5451.3743
 EELEC  =    -50637.6120  EHBOND  =         0.0000  RESTRAINT  =        55.4475
 EAMBER (non-restraint)  =    -40578.4155
 ------------------------------------------------------------------------------

wrapping first mol.:       19.64061       27.77602       48.10948
wrapping first mol.:       19.64061       27.77602       48.10948

 NSTEP =    42500   TIME(PS) =    1225.000  TEMP(K) =   301.50  PRESS =     0.0
 Etot   =    -32257.3753  EKtot   =      8168.8872  EPtot      =    -40426.2625
 BOND   =       172.4852  ANGLE   =       537.7690  DIHED      =       779.3356
 1-4 NB =       187.7910  1-4 EEL =      2888.6978  VDWAALS    =      5282.2802
 EELEC  =    -50319.8484  EHBOND  =         0.0000  RESTRAINT  =        45.2271
 EAMBER (non-restraint)  =    -40471.4895
 ------------------------------------------------------------------------------

wrapping first mol.:       19.64061       27.77602       48.10948
wrapping first mol.:       19.64061       27.77602       48.10948

 NSTEP =    43000   TIME(PS) =    1226.000  TEMP(K) =   302.14  PRESS =     0.0
 Etot   =    -32245.5496  EKtot   =      8186.3760  EPtot      =    -40431.9256
 BOND   =       160.6227  ANGLE   =       491.3631  DIHED      =       765.5851
 1-4 NB =       200.7097  1-4 EEL =      2916.1768  VDWAALS    =      5338.2155
 EELEC  =    -50364.1751  EHBOND  =         0.0000  RESTRAINT  =        59.5765
 EAMBER (non-restraint)  =    -40491.5021
 ------------------------------------------------------------------------------

wrapping first mol.:       19.64061       27.77602       48.10948
wrapping first mol.:       19.64061       27.77602       48.10948

 NSTEP =    43500   TIME(PS) =    1227.000  TEMP(K) =   299.27  PRESS =     0.0
 Etot   =    -32273.9862  EKtot   =      8108.4097  EPtot      =    -40382.3959
 BOND   =       179.4467  ANGLE   =       509.0955  DIHED      =       791.4786
 1-4 NB =       198.4594  1-4 EEL =      2915.2882  VDWAALS    =      5328.8957
 EELEC  =    -50350.8783  EHBOND  =         0.0000  RESTRAINT  =        45.8183
 EAMBER (non-restraint)  =    -40428.2142
 ------------------------------------------------------------------------------

wrapping first mol.:       19.64061       27.77602       48.10948
wrapping first mol.:       19.64061       27.77602       48.10948

 NSTEP =    44000   TIME(PS) =    1228.000  TEMP(K) =   300.39  PRESS =     0.0
 Etot   =    -32301.1377  EKtot   =      8138.8086  EPtot      =    -40439.9463
 BOND   =       181.2425  ANGLE   =       500.4116  DIHED      =       783.1424
 1-4 NB =       191.4224  1-4 EEL =      2916.8393  VDWAALS    =      5117.1011
 EELEC  =    -50178.0665  EHBOND  =         0.0000  RESTRAINT  =        47.9608
 EAMBER (non-restraint)  =    -40487.9071
 ------------------------------------------------------------------------------

wrapping first mol.:       19.64061       27.77602       48.10948
wrapping first mol.:       19.64061       27.77602       48.10948

 NSTEP =    44500   TIME(PS) =    1229.000  TEMP(K) =   301.27  PRESS =     0.0
 Etot   =    -32230.5409  EKtot   =      8162.7441  EPtot      =    -40393.2851
 BOND   =       168.1475  ANGLE   =       514.9950  DIHED      =       777.4560
 1-4 NB =       195.9292  1-4 EEL =      2919.0310  VDWAALS    =      5315.7944
 EELEC  =    -50334.7477  EHBOND  =         0.0000  RESTRAINT  =        50.1096
 EAMBER (non-restraint)  =    -40443.3947
 ------------------------------------------------------------------------------

wrapping first mol.:       19.64061       27.77602       48.10948
wrapping first mol.:       19.64061       27.77602       48.10948

 NSTEP =    45000   TIME(PS) =    1230.000  TEMP(K) =   302.03  PRESS =     0.0
 Etot   =    -32291.3849  EKtot   =      8183.3750  EPtot      =    -40474.7599
 BOND   =       170.5822  ANGLE   =       512.1209  DIHED      =       791.1308
 1-4 NB =       202.7872  1-4 EEL =      2917.5996  VDWAALS    =      5302.1447
 EELEC  =    -50408.6386  EHBOND  =         0.0000  RESTRAINT  =        37.5134
 EAMBER (non-restraint)  =    -40512.2732
 ------------------------------------------------------------------------------

wrapping first mol.:       19.64061       27.77602       48.10948
wrapping first mol.:       19.64061       27.77602       48.10948

 NSTEP =    45500   TIME(PS) =    1231.000  TEMP(K) =   299.89  PRESS =     0.0
 Etot   =    -32363.7061  EKtot   =      8125.3940  EPtot      =    -40489.1001
 BOND   =       172.2304  ANGLE   =       513.7801  DIHED      =       778.5111
 1-4 NB =       204.4600  1-4 EEL =      2916.3695  VDWAALS    =      5207.3914
 EELEC  =    -50324.5880  EHBOND  =         0.0000  RESTRAINT  =        42.7453
 EAMBER (non-restraint)  =    -40531.8455
 ------------------------------------------------------------------------------

wrapping first mol.:       19.64061       27.77602       48.10948
wrapping first mol.:       19.64061       27.77602       48.10948

 NSTEP =    46000   TIME(PS) =    1232.000  TEMP(K) =   297.46  PRESS =     0.0
 Etot   =    -32343.4944  EKtot   =      8059.5771  EPtot      =    -40403.0716
 BOND   =       167.8915  ANGLE   =       530.9756  DIHED      =       765.8924
 1-4 NB =       192.8225  1-4 EEL =      2891.9287  VDWAALS    =      5240.7804
 EELEC  =    -50246.2208  EHBOND  =         0.0000  RESTRAINT  =        52.8581
 EAMBER (non-restraint)  =    -40455.9297
 ------------------------------------------------------------------------------

wrapping first mol.:       19.64061       27.77602       48.10948
wrapping first mol.:       19.64061       27.77602       48.10948

 NSTEP =    46500   TIME(PS) =    1233.000  TEMP(K) =   295.80  PRESS =     0.0
 Etot   =    -32664.9806  EKtot   =      8014.5557  EPtot      =    -40679.5363
 BOND   =       190.8603  ANGLE   =       508.2217  DIHED      =       782.0742
 1-4 NB =       200.7028  1-4 EEL =      2905.7442  VDWAALS    =      5266.7440
 EELEC  =    -50578.8561  EHBOND  =         0.0000  RESTRAINT  =        44.9726
 EAMBER (non-restraint)  =    -40724.5089
 ------------------------------------------------------------------------------

wrapping first mol.:       19.64061       27.77602       48.10948
wrapping first mol.:       19.64061       27.77602       48.10948

 NSTEP =    47000   TIME(PS) =    1234.000  TEMP(K) =   300.50  PRESS =     0.0
 Etot   =    -32414.1404  EKtot   =      8141.9814  EPtot      =    -40556.1219
 BOND   =       171.4722  ANGLE   =       508.3482  DIHED      =       777.0020
 1-4 NB =       193.7396  1-4 EEL =      2910.6405  VDWAALS    =      5284.3062
 EELEC  =    -50445.0753  EHBOND  =         0.0000  RESTRAINT  =        43.4448
 EAMBER (non-restraint)  =    -40599.5666
 ------------------------------------------------------------------------------

wrapping first mol.:       19.64061       27.77602       48.10948
wrapping first mol.:       19.64061       27.77602       48.10948

 NSTEP =    47500   TIME(PS) =    1235.000  TEMP(K) =   300.28  PRESS =     0.0
 Etot   =    -32355.0986  EKtot   =      8135.7627  EPtot      =    -40490.8613
 BOND   =       169.4362  ANGLE   =       494.7214  DIHED      =       774.9144
 1-4 NB =       200.4404  1-4 EEL =      2928.5079  VDWAALS    =      5205.0381
 EELEC  =    -50312.3013  EHBOND  =         0.0000  RESTRAINT  =        48.3816
 EAMBER (non-restraint)  =    -40539.2430
 ------------------------------------------------------------------------------

wrapping first mol.:       19.64061       27.77602       48.10948
wrapping first mol.:       19.64061       27.77602       48.10948

 NSTEP =    48000   TIME(PS) =    1236.000  TEMP(K) =   298.44  PRESS =     0.0
 Etot   =    -32470.6587  EKtot   =      8086.1401  EPtot      =    -40556.7988
 BOND   =       168.1209  ANGLE   =       518.3225  DIHED      =       773.6164
 1-4 NB =       200.7964  1-4 EEL =      2924.8680  VDWAALS    =      5578.6662
 EELEC  =    -50771.3152  EHBOND  =         0.0000  RESTRAINT  =        50.1260
 EAMBER (non-restraint)  =    -40606.9248
 ------------------------------------------------------------------------------

wrapping first mol.:       19.64061       27.77602       48.10948
wrapping first mol.:       19.64061       27.77602       48.10948

 NSTEP =    48500   TIME(PS) =    1237.000  TEMP(K) =   300.45  PRESS =     0.0
 Etot   =    -32291.8180  EKtot   =      8140.5581  EPtot      =    -40432.3761
 BOND   =       162.1009  ANGLE   =       535.9136  DIHED      =       767.4122
 1-4 NB =       195.8717  1-4 EEL =      2896.9786  VDWAALS    =      5202.7040
 EELEC  =    -50240.6576  EHBOND  =         0.0000  RESTRAINT  =        47.3005
 EAMBER (non-restraint)  =    -40479.6767
 ------------------------------------------------------------------------------

wrapping first mol.:       19.64061       27.77602       48.10948
wrapping first mol.:       19.64061       27.77602       48.10948

 NSTEP =    49000   TIME(PS) =    1238.000  TEMP(K) =   302.48  PRESS =     0.0
 Etot   =    -32161.3864  EKtot   =      8195.5996  EPtot      =    -40356.9861
 BOND   =       171.6230  ANGLE   =       534.1127  DIHED      =       780.0972
 1-4 NB =       176.2363  1-4 EEL =      2890.0857  VDWAALS    =      5139.5626
 EELEC  =    -50094.9830  EHBOND  =         0.0000  RESTRAINT  =        46.2794
 EAMBER (non-restraint)  =    -40403.2655
 ------------------------------------------------------------------------------

wrapping first mol.:       19.64061       27.77602       48.10948
wrapping first mol.:       19.64061       27.77602       48.10948

 NSTEP =    49500   TIME(PS) =    1239.000  TEMP(K) =   302.46  PRESS =     0.0
 Etot   =    -32223.8142  EKtot   =      8194.9131  EPtot      =    -40418.7273
 BOND   =       184.3838  ANGLE   =       492.4351  DIHED      =       797.1545
 1-4 NB =       194.4334  1-4 EEL =      2918.6878  VDWAALS    =      5291.4202
 EELEC  =    -50350.9194  EHBOND  =         0.0000  RESTRAINT  =        53.6773
 EAMBER (non-restraint)  =    -40472.4046
 ------------------------------------------------------------------------------

wrapping first mol.:       19.64061       27.77602       48.10948
wrapping first mol.:       19.64061       27.77602       48.10948

 NSTEP =    50000   TIME(PS) =    1240.000  TEMP(K) =   298.06  PRESS =     0.0
 Etot   =    -32270.1659  EKtot   =      8075.7900  EPtot      =    -40345.9559
 BOND   =       166.0573  ANGLE   =       533.1902  DIHED      =       790.1994
 1-4 NB =       200.5286  1-4 EEL =      2906.6169  VDWAALS    =      5268.2939
 EELEC  =    -50260.3840  EHBOND  =         0.0000  RESTRAINT  =        49.5418
 EAMBER (non-restraint)  =    -40395.4978
 ------------------------------------------------------------------------------


      A V E R A G E S   O V E R     100 S T E P S


 NSTEP =    50000   TIME(PS) =    1240.000  TEMP(K) =   299.63  PRESS =     0.0
 Etot   =    -32320.7870  EKtot   =      8118.4102  EPtot      =    -40439.1972
 BOND   =       175.7375  ANGLE   =       515.9507  DIHED      =       778.2971
 1-4 NB =       197.5712  1-4 EEL =      2904.0257  VDWAALS    =      5265.3598
 EELEC  =    -50325.7859  EHBOND  =         0.0000  RESTRAINT  =        49.6468
 EAMBER (non-restraint)  =    -40488.8440
 ------------------------------------------------------------------------------


      R M S  F L U C T U A T I O N S


 NSTEP =    50000   TIME(PS) =    1240.000  TEMP(K) =     2.41  PRESS =     0.0
 Etot   =       109.5529  EKtot   =        65.1968  EPtot      =        90.4843
 BOND   =        11.0881  ANGLE   =        16.9706  DIHED      =         9.8470
 1-4 NB =         5.2801  1-4 EEL =        14.4491  VDWAALS    =        94.4078
 EELEC  =       152.5741  EHBOND  =         0.0000  RESTRAINT  =         4.8320
 EAMBER (non-restraint)  =        85.6523
 ------------------------------------------------------------------------------

--------------------------------------------------------------------------------
   5.  TIMINGS
--------------------------------------------------------------------------------

|  NonSetup CPU Time in Major Routines:
|
|     Routine           Sec        %
|     ------------------------------
|     Nonbond           5.08    8.20
|     Bond              0.00    0.00
|     Angle             0.00    0.00
|     Dihedral          0.00    0.00
|     Shake             0.30    0.48
|     RunMD            56.54   91.27
|     Other             0.03    0.05
|     ------------------------------
|     Total            61.95

|  PME Nonbond Pairlist CPU Time:
|
|     Routine              Sec        %
|     ---------------------------------
|     Set Up Cit           0.00    0.00
|     Build List           0.00    0.00
|     ---------------------------------
|     Total                0.00    0.00

|  PME Direct Force CPU Time:
|
|     Routine              Sec        %
|     ---------------------------------
|     NonBonded Calc       0.00    0.00
|     Exclude Masked       0.00    0.00
|     Other                0.02    0.03
|     ---------------------------------
|     Total                0.02    0.03

|  PME Reciprocal Force CPU Time:
|
|     Routine              Sec        %
|     ---------------------------------
|     1D bspline           0.00    0.00
|     Grid Charges         0.00    0.00
|     Scalar Sum           0.00    0.00
|     Gradient Sum         0.00    0.00
|     FFT                  0.00    0.00
|     ---------------------------------
|     Total                0.00    0.00

|  Final Performance Info:
|     -----------------------------------------------------
|     Average timings for last    1500 steps:
|     Elapsed(s) =       1.88 Per Step(ms) =       1.25
|         ns/day =     138.23   seconds/ns =     625.02
|
|     Average timings for all steps:
|     Elapsed(s) =      61.94 Per Step(ms) =       1.24
|         ns/day =     139.49   seconds/ns =     619.39
|     -----------------------------------------------------

|  Setup CPU time:            0.40 seconds
|  NonSetup CPU time:        61.95 seconds
|  Total CPU time:           62.35 seconds     0.02 hours

|  Setup wall time:           0    seconds
|  NonSetup wall time:       62    seconds
|  Total wall time:          62    seconds     0.02 hours
