
          -------------------------------------------------------
          Amber 16 PMEMD                              2016
          -------------------------------------------------------

| PMEMD implementation of SANDER, Release 16

| Run on 06/19/2017 at 23:49:35

|   Executable path: pmemd.cuda
| Working directory: /home/german/alex/run/3im/mhe/e
|          Hostname: Unknown
  [-O]verwriting output

File Assignments:
|   MDIN: 13equ.in                                                              
|  MDOUT: 13equ.out                                                             
| INPCRD: 12e3im.rst7                                                           
|   PARM: /home/german/alex/top_files/3im.prmtop                                
| RESTRT: 13e3im.rst7                                                           
|   REFC: 12e3im.rst7                                                           
|  MDVEL: mdvel                                                                 
|   MDEN: mden                                                                  
|  MDCRD: 13e3im.nc                                                             
| MDINFO: mdinfo                                                                
|  MDFRC: mdfrc                                                                 


 Here is the input file:

Equilibration with solute restrictions                                         
&cntrl                                                                         
imin = 0,                           ! No Minimization                          
nmropt = 0,                         ! No NMR restraints read                   
                                                                               
! Nature and format of the input                                               
ntx = 5,                            ! Coordinates but no velocities will be rea
irest = 1,                          ! Do not run a new simulation              
                                                                               
! Nature and format of the output                                              
ntxo = 1,                           ! rstrt file in ASCII format               
ntpr = 500,                         ! inf in output every ntpr steps           
ntwr = 500,                         ! rstrt file every ntwr steps              
ntwx = 500,                         ! mdcrd file every ntwx steps              
ntwv = 0,                           ! mdvel without velocities                 
ntwe = 0,                           ! Energies and temperatures not written in 
idecomp = 0,                        ! No energy decomposition                  
iwrap = 1,                          ! Coordinates of the restart and mdcrd file
                                                                               
! Frozen or restrained atoms                                                   
ibelly = 0,                         ! No frozen atoms                          
ntr=1,                              ! Harmonic potential restraints            
restraint_wt = 3.0,                ! The weight for the positional restraints  
restraintmask = ':1-49@N,CA,C,O',  ! restrained residues                       
                                                                               
! Molecular dynamics                                                           
nstlim = 50000,                     ! Number of MD-steps                       
dt = 0.002,                         ! Time step                                
                                                                               
! Temperature regulation                                                       
ntt = 3,                            ! Langevin thermostat                      
gamma_ln = 5,                       ! Gamma constant for Langevin              
!temp0 = 300.0,                     ! Reference T at which the system is to be 
tempi = 300.0,                      ! Initial T                                
ig = -1,                            ! Seed for the RNG                         
                                                                               
! P and V regulation                                                           
ntp = 1,                            ! Constant P. Isotropic scaling            
barostat = 1,                       ! Berendsen barostat                       
taup = 1,                           ! Pressure relaxation time                 
nrespa = 1,                         ! Evaluate at each step                    
ntb = 2,                            ! Periodic box for constant P              
                                                                               
! SHAKE variables                                                              
ntc = 2,                            ! Bonds involving H are constrained        
ntf = 2,                            ! Bond interaction involving H are ommited.
                                                                               
cut = 10.0,                         ! Nonbonded cutoff                         
/                                                                              
&end                                                                           


Note: ig = -1. Setting random seed to   759589 based on wallclock time in 
      microseconds.
 
|--------------------- INFORMATION ----------------------
| GPU (CUDA) Version of PMEMD in use: NVIDIA GPU IN USE.
|                    Version 16.0.0
| 
|                      02/25/2016
| 
| Implementation by:
|                    Ross C. Walker     (SDSC)
|                    Scott Le Grand     (nVIDIA)
| 
| Precision model in use:
|      [SPFP] - Single Precision Forces, 64-bit Fixed Point
|               Accumulation. (Default)
| 
|--------------------------------------------------------
 
|----------------- CITATION INFORMATION -----------------
|
|    When publishing work that utilized the CUDA version
|    of AMBER, please cite the following in addition to
|    the regular AMBER citations:
|
|  - Romelia Salomon-Ferrer; Andreas W. Goetz; Duncan
|    Poole; Scott Le Grand; Ross C. Walker "Routine
|    microsecond molecular dynamics simulations with
|    AMBER - Part II: Particle Mesh Ewald", J. Chem.
|    Theory Comput., 2013, 9 (9), pp3878-3888,
|    DOI: 10.1021/ct400314y.
|
|  - Andreas W. Goetz; Mark J. Williamson; Dong Xu;
|    Duncan Poole; Scott Le Grand; Ross C. Walker
|    "Routine microsecond molecular dynamics simulations
|    with AMBER - Part I: Generalized Born", J. Chem.
|    Theory Comput., 2012, 8 (5), pp1542-1555.
|
|  - Scott Le Grand; Andreas W. Goetz; Ross C. Walker
|    "SPFP: Speed without compromise - a mixed precision
|    model for GPU accelerated molecular dynamics
|    simulations.", Comp. Phys. Comm., 2013, 184
|    pp374-380, DOI: 10.1016/j.cpc.2012.09.022
|
|--------------------------------------------------------
 
|------------------- GPU DEVICE INFO --------------------
|
|            CUDA_VISIBLE_DEVICES: 0
|   CUDA Capable Devices Detected:      1
|           CUDA Device ID in use:      0
|                CUDA Device Name: GeForce GTX 1060 6GB
|     CUDA Device Global Mem Size:   6072 MB
| CUDA Device Num Multiprocessors:     10
|           CUDA Device Core Freq:   1.76 GHz
|
|--------------------------------------------------------
 
 
| Conditional Compilation Defines Used:
| PUBFFT
| BINTRAJ
| CUDA
| EMIL

| Largest sphere to fit in unit cell has radius =    20.331

| New format PARM file being parsed.
| Version =    1.000 Date = 06/17/17 Time = 14:30:34

| Note: 1-4 EEL scale factors are being read from the topology file.

| Note: 1-4 VDW scale factors are being read from the topology file.
| Duplicated    0 dihedrals

| Duplicated    0 dihedrals

--------------------------------------------------------------------------------
   1.  RESOURCE   USE: 
--------------------------------------------------------------------------------

 getting new box info from bottom of inpcrd
 NATOM  =    9514 NTYPES =      17 NBONH =    9117 MBONA  =     402
 NTHETH =     874 MTHETA =     539 NPHIH =    1768 MPHIA  =    1685
 NHPARM =       0 NPARM  =       0 NNB   =   15927 NRES   =    2963
 NBONA  =     402 NTHETA =     539 NPHIA =    1685 NUMBND =      67
 NUMANG =     152 NPTRA  =     191 NATYP =      36 NPHB   =       1
 IFBOX  =       2 NMXRS  =      25 IFCAP =       0 NEXTRA =       0
 NCOPY  =       0

| Coordinate Index Table dimensions:     8    8    8
| Direct force subcell size =     6.2252    6.2252    6.2252

     BOX TYPE: TRUNCATED OCTAHEDRON

--------------------------------------------------------------------------------
   2.  CONTROL  DATA  FOR  THE  RUN
--------------------------------------------------------------------------------

default_name                                                                    

General flags:
     imin    =       0, nmropt  =       0

Nature and format of input:
     ntx     =       5, irest   =       1, ntrx    =       1

Nature and format of output:
     ntxo    =       1, ntpr    =     500, ntrx    =       1, ntwr    =     500
     iwrap   =       1, ntwx    =     500, ntwv    =       0, ntwe    =       0
     ioutfm  =       1, ntwprt  =       0, idecomp =       0, rbornstat=      0

Potential function:
     ntf     =       2, ntb     =       2, igb     =       0, nsnb    =      25
     ipol    =       0, gbsa    =       0, iesp    =       0
     dielc   =   1.00000, cut     =  10.00000, intdiel =   1.00000

Frozen or restrained atoms:
     ibelly  =       0, ntr     =       1
     restraint_wt =   3.00000

Molecular dynamics:
     nstlim  =     50000, nscm    =         0, nrespa  =         1
     t       =   0.00000, dt      =   0.00200, vlimit  =  -1.00000

Langevin dynamics temperature regulation:
     ig      =  759589
     temp0   = 300.00000, tempi   = 300.00000, gamma_ln=   5.00000

Pressure regulation:
     ntp     =       1
     pres0   =   1.00000, comp    =  44.60000, taup    =   1.00000

SHAKE:
     ntc     =       2, jfastw  =       0
     tol     =   0.00001

| Intermolecular bonds treatment:
|     no_intermolecular_bonds =       1

| Energy averages sample interval:
|     ene_avg_sampling =     500

Ewald parameters:
     verbose =       0, ew_type =       0, nbflag  =       1, use_pme =       1
     vdwmeth =       1, eedmeth =       1, netfrc  =       1
     Box X =   49.802   Box Y =   49.802   Box Z =   49.802
     Alpha =  109.471   Beta  =  109.471   Gamma =  109.471
     NFFT1 =   56       NFFT2 =   56       NFFT3 =   56
     Cutoff=   10.000   Tol   =0.100E-04
     Ewald Coefficient =  0.27511
     Interpolation order =    4

    LOADING THE CONSTRAINED ATOMS AS GROUPS


   5.  REFERENCE ATOM COORDINATES

  default_name                                                                    
     Mask :1-49@N,CA,C,O; matches   196 atoms

--------------------------------------------------------------------------------
   3.  ATOMIC COORDINATES AND VELOCITIES
--------------------------------------------------------------------------------

default_name                                                                    
 begin time read from input coords =  1340.000 ps

 
 Number of triangulated 3-point waters found:     2911

     Sum of charges from parm topology file =  -0.00000003
     Forcing neutrality...

| Dynamic Memory, Types Used:
| Reals              551420
| Integers           312113

| Nonbonded Pairs Initial Allocation:     2877747

| GPU memory information (estimate):
| KB of GPU memory in use:     67281
| KB of CPU memory in use:     14481

--------------------------------------------------------------------------------
   4.  RESULTS
--------------------------------------------------------------------------------

 ---------------------------------------------------
 APPROXIMATING switch and d/dx switch using CUBIC SPLINE INTERPOLATION
 using   5000.0 points per unit in tabled values
 TESTING RELATIVE ERROR over r ranging from 0.0 to cutoff
| CHECK switch(x): max rel err =   0.2738E-14   at   2.422500
| CHECK d/dx switch(x): max rel err =   0.8314E-11   at   2.736960
 ---------------------------------------------------
|---------------------------------------------------
| APPROXIMATING direct energy using CUBIC SPLINE INTERPOLATION
|  with   50.0 points per unit in tabled values
| Relative Error Limit not exceeded for r .gt.   2.33
| APPROXIMATING direct force using CUBIC SPLINE INTERPOLATION
|  with   50.0 points per unit in tabled values
| Relative Error Limit not exceeded for r .gt.   2.80
|---------------------------------------------------
wrapping first mol.:       16.61004       23.49014       40.68611
wrapping first mol.:       16.61004       23.49014       40.68611

 NSTEP =      500   TIME(PS) =    1341.000  TEMP(K) =   291.84  PRESS =   287.6
 Etot   =    -23657.7369  EKtot   =      5632.7764  EPtot      =    -29290.5133
 BOND   =       156.2855  ANGLE   =       401.2354  DIHED      =       652.5634
 1-4 NB =       166.3706  1-4 EEL =      2434.7551  VDWAALS    =      3816.7088
 EELEC  =    -36951.7799  EHBOND  =         0.0000  RESTRAINT  =        33.3477
 EAMBER (non-restraint)  =    -29323.8610
 EKCMT  =      2563.7346  VIRIAL  =      1972.3418  VOLUME     =     95245.0416
                                                    Density    =         1.0147
 ------------------------------------------------------------------------------

wrapping first mol.:       16.61221       23.49322       40.69144
wrapping first mol.:       16.61221       23.49322       40.69144

 NSTEP =     1000   TIME(PS) =    1342.000  TEMP(K) =   300.58  PRESS =  -315.6
 Etot   =    -23416.0941  EKtot   =      5801.3887  EPtot      =    -29217.4828
 BOND   =       140.6145  ANGLE   =       410.4475  DIHED      =       657.2880
 1-4 NB =       176.8477  1-4 EEL =      2430.3941  VDWAALS    =      3564.3986
 EELEC  =    -36633.6138  EHBOND  =         0.0000  RESTRAINT  =        36.1406
 EAMBER (non-restraint)  =    -29253.6234
 EKCMT  =      2669.9420  VIRIAL  =      3319.2134  VOLUME     =     95287.6038
                                                    Density    =         1.0142
 ------------------------------------------------------------------------------

wrapping first mol.:       16.59727       23.47208       40.65484
wrapping first mol.:       16.59727       23.47208       40.65484

 NSTEP =     1500   TIME(PS) =    1343.000  TEMP(K) =   300.85  PRESS =   -15.5
 Etot   =    -23628.7000  EKtot   =      5806.5859  EPtot      =    -29435.2859
 BOND   =       156.3499  ANGLE   =       399.9992  DIHED      =       636.7011
 1-4 NB =       169.2035  1-4 EEL =      2429.3925  VDWAALS    =      3800.4402
 EELEC  =    -37065.7102  EHBOND  =         0.0000  RESTRAINT  =        38.3379
 EAMBER (non-restraint)  =    -29473.6239
 EKCMT  =      2586.8389  VIRIAL  =      2618.5420  VOLUME     =     95028.1623
                                                    Density    =         1.0170
 ------------------------------------------------------------------------------

wrapping first mol.:       16.61390       23.49560       40.69557
wrapping first mol.:       16.61390       23.49560       40.69557

 NSTEP =     2000   TIME(PS) =    1344.000  TEMP(K) =   294.44  PRESS =   461.3
 Etot   =    -23610.2914  EKtot   =      5682.9424  EPtot      =    -29293.2337
 BOND   =       148.6143  ANGLE   =       442.0837  DIHED      =       639.3617
 1-4 NB =       172.2780  1-4 EEL =      2411.6142  VDWAALS    =      3904.3397
 EELEC  =    -37039.0739  EHBOND  =         0.0000  RESTRAINT  =        27.5485
 EAMBER (non-restraint)  =    -29320.7822
 EKCMT  =      2605.0220  VIRIAL  =      1655.8287  VOLUME     =     95310.0150
                                                    Density    =         1.0140
 ------------------------------------------------------------------------------

wrapping first mol.:       16.60103       23.47740       40.66405
wrapping first mol.:       16.60103       23.47740       40.66405

 NSTEP =     2500   TIME(PS) =    1345.000  TEMP(K) =   300.85  PRESS =    59.3
 Etot   =    -23643.7581  EKtot   =      5806.5620  EPtot      =    -29450.3202
 BOND   =       147.7125  ANGLE   =       394.1631  DIHED      =       652.9929
 1-4 NB =       166.1518  1-4 EEL =      2451.5979  VDWAALS    =      3792.6826
 EELEC  =    -37093.6708  EHBOND  =         0.0000  RESTRAINT  =        38.0500
 EAMBER (non-restraint)  =    -29488.3701
 EKCMT  =      2596.8381  VIRIAL  =      2475.0166  VOLUME     =     95092.1671
                                                    Density    =         1.0163
 ------------------------------------------------------------------------------

wrapping first mol.:       16.59877       23.47421       40.65852
wrapping first mol.:       16.59877       23.47421       40.65852

 NSTEP =     3000   TIME(PS) =    1346.000  TEMP(K) =   293.59  PRESS =   -29.2
 Etot   =    -23628.5482  EKtot   =      5666.3960  EPtot      =    -29294.9441
 BOND   =       156.4944  ANGLE   =       431.1210  DIHED      =       635.7967
 1-4 NB =       159.5548  1-4 EEL =      2445.9899  VDWAALS    =      3774.7737
 EELEC  =    -36942.9129  EHBOND  =         0.0000  RESTRAINT  =        44.2384
 EAMBER (non-restraint)  =    -29339.1825
 EKCMT  =      2565.8783  VIRIAL  =      2625.8398  VOLUME     =     95054.0978
                                                    Density    =         1.0167
 ------------------------------------------------------------------------------

wrapping first mol.:       16.61373       23.49536       40.69515
wrapping first mol.:       16.61373       23.49536       40.69515

 NSTEP =     3500   TIME(PS) =    1347.000  TEMP(K) =   300.86  PRESS =     5.1
 Etot   =    -23550.6846  EKtot   =      5806.8364  EPtot      =    -29357.5210
 BOND   =       148.6422  ANGLE   =       402.5814  DIHED      =       654.0060
 1-4 NB =       176.0240  1-4 EEL =      2458.0585  VDWAALS    =      3796.1751
 EELEC  =    -37031.2544  EHBOND  =         0.0000  RESTRAINT  =        38.2461
 EAMBER (non-restraint)  =    -29395.7671
 EKCMT  =      2634.4245  VIRIAL  =      2624.0064  VOLUME     =     95310.9487
                                                    Density    =         1.0140
 ------------------------------------------------------------------------------

wrapping first mol.:       16.61607       23.49867       40.70088
wrapping first mol.:       16.61607       23.49867       40.70088

 NSTEP =     4000   TIME(PS) =    1348.000  TEMP(K) =   302.57  PRESS =   -79.1
 Etot   =    -23434.7762  EKtot   =      5839.7075  EPtot      =    -29274.4837
 BOND   =       149.6162  ANGLE   =       415.1181  DIHED      =       649.7643
 1-4 NB =       176.6457  1-4 EEL =      2445.8926  VDWAALS    =      3682.9009
 EELEC  =    -36826.7404  EHBOND  =         0.0000  RESTRAINT  =        32.3191
 EAMBER (non-restraint)  =    -29306.8027
 EKCMT  =      2589.7789  VIRIAL  =      2752.7014  VOLUME     =     95351.9156
                                                    Density    =         1.0136
 ------------------------------------------------------------------------------

wrapping first mol.:       16.60589       23.48428       40.67596
wrapping first mol.:       16.60589       23.48428       40.67596

 NSTEP =     4500   TIME(PS) =    1349.000  TEMP(K) =   298.11  PRESS =   129.5
 Etot   =    -23598.5809  EKtot   =      5753.6724  EPtot      =    -29352.2533
 BOND   =       151.2833  ANGLE   =       399.1585  DIHED      =       637.9333
 1-4 NB =       166.8428  1-4 EEL =      2448.1736  VDWAALS    =      3706.1979
 EELEC  =    -36896.1089  EHBOND  =         0.0000  RESTRAINT  =        34.2663
 EAMBER (non-restraint)  =    -29386.5196
 EKCMT  =      2652.8423  VIRIAL  =      2386.7218  VOLUME     =     95175.1326
                                                    Density    =         1.0154
 ------------------------------------------------------------------------------

wrapping first mol.:       16.61167       23.49245       40.69012
wrapping first mol.:       16.61167       23.49245       40.69012

 NSTEP =     5000   TIME(PS) =    1350.000  TEMP(K) =   302.93  PRESS =   -68.3
 Etot   =    -23561.5003  EKtot   =      5846.7153  EPtot      =    -29408.2156
 BOND   =       136.4362  ANGLE   =       413.1513  DIHED      =       643.6953
 1-4 NB =       174.8944  1-4 EEL =      2435.4423  VDWAALS    =      3708.4171
 EELEC  =    -36956.0613  EHBOND  =         0.0000  RESTRAINT  =        35.8091
 EAMBER (non-restraint)  =    -29444.0247
 EKCMT  =      2652.4525  VIRIAL  =      2792.9266  VOLUME     =     95276.2249
                                                    Density    =         1.0144
 ------------------------------------------------------------------------------

wrapping first mol.:       16.61140       23.49207       40.68945
wrapping first mol.:       16.61140       23.49207       40.68945

 NSTEP =     5500   TIME(PS) =    1351.000  TEMP(K) =   303.34  PRESS =  -108.9
 Etot   =    -23443.6066  EKtot   =      5854.5830  EPtot      =    -29298.1896
 BOND   =       141.8745  ANGLE   =       389.2477  DIHED      =       645.4832
 1-4 NB =       174.9215  1-4 EEL =      2425.5462  VDWAALS    =      3628.7049
 EELEC  =    -36740.8762  EHBOND  =         0.0000  RESTRAINT  =        36.9086
 EAMBER (non-restraint)  =    -29335.0981
 EKCMT  =      2697.4043  VIRIAL  =      2921.4350  VOLUME     =     95271.8697
                                                    Density    =         1.0144
 ------------------------------------------------------------------------------

wrapping first mol.:       16.59991       23.47582       40.66131
wrapping first mol.:       16.59991       23.47582       40.66131

 NSTEP =     6000   TIME(PS) =    1352.000  TEMP(K) =   298.47  PRESS =  -391.7
 Etot   =    -23548.7798  EKtot   =      5760.6611  EPtot      =    -29309.4409
 BOND   =       157.4433  ANGLE   =       425.2993  DIHED      =       645.9172
 1-4 NB =       165.9846  1-4 EEL =      2437.6099  VDWAALS    =      3595.8315
 EELEC  =    -36777.3579  EHBOND  =         0.0000  RESTRAINT  =        39.8312
 EAMBER (non-restraint)  =    -29349.2721
 EKCMT  =      2587.9399  VIRIAL  =      3392.0652  VOLUME     =     95076.7274
                                                    Density    =         1.0165
 ------------------------------------------------------------------------------

wrapping first mol.:       16.61395       23.49567       40.69570
wrapping first mol.:       16.61395       23.49567       40.69570

 NSTEP =     6500   TIME(PS) =    1353.000  TEMP(K) =   305.05  PRESS =  -123.7
 Etot   =    -23566.5293  EKtot   =      5887.6475  EPtot      =    -29454.1768
 BOND   =       141.3921  ANGLE   =       401.0957  DIHED      =       637.6344
 1-4 NB =       167.5011  1-4 EEL =      2447.8673  VDWAALS    =      3745.4457
 EELEC  =    -37028.1927  EHBOND  =         0.0000  RESTRAINT  =        33.0797
 EAMBER (non-restraint)  =    -29487.2565
 EKCMT  =      2659.4864  VIRIAL  =      2914.0315  VOLUME     =     95315.8831
                                                    Density    =         1.0139
 ------------------------------------------------------------------------------

wrapping first mol.:       16.62847       23.51621       40.73127
wrapping first mol.:       16.62847       23.51621       40.73127

 NSTEP =     7000   TIME(PS) =    1354.000  TEMP(K) =   302.72  PRESS =   117.6
 Etot   =    -23526.6070  EKtot   =      5842.7109  EPtot      =    -29369.3180
 BOND   =       144.1656  ANGLE   =       383.7489  DIHED      =       657.8468
 1-4 NB =       166.3198  1-4 EEL =      2441.4180  VDWAALS    =      3734.9137
 EELEC  =    -36935.1304  EHBOND  =         0.0000  RESTRAINT  =        37.3997
 EAMBER (non-restraint)  =    -29406.7177
 EKCMT  =      2614.2494  VIRIAL  =      2371.5582  VOLUME     =     95564.0141
                                                    Density    =         1.0113
 ------------------------------------------------------------------------------

wrapping first mol.:       16.63963       23.53199       40.75859
wrapping first mol.:       16.63963       23.53199       40.75859

 NSTEP =     7500   TIME(PS) =    1355.000  TEMP(K) =   302.12  PRESS =   357.2
 Etot   =    -23412.2563  EKtot   =      5831.0791  EPtot      =    -29243.3354
 BOND   =       146.0617  ANGLE   =       410.6612  DIHED      =       648.3829
 1-4 NB =       176.2603  1-4 EEL =      2436.9279  VDWAALS    =      3835.3439
 EELEC  =    -36934.9508  EHBOND  =         0.0000  RESTRAINT  =        37.9775
 EAMBER (non-restraint)  =    -29281.3129
 EKCMT  =      2666.6271  VIRIAL  =      1928.0821  VOLUME     =     95754.3805
                                                    Density    =         1.0093
 ------------------------------------------------------------------------------

wrapping first mol.:       16.61213       23.49309       40.69123
wrapping first mol.:       16.61213       23.49309       40.69123

 NSTEP =     8000   TIME(PS) =    1356.000  TEMP(K) =   304.62  PRESS =    45.2
 Etot   =    -23406.0113  EKtot   =      5879.3711  EPtot      =    -29285.3824
 BOND   =       157.0647  ANGLE   =       418.1559  DIHED      =       639.8501
 1-4 NB =       171.5401  1-4 EEL =      2416.4626  VDWAALS    =      3792.1494
 EELEC  =    -36925.2828  EHBOND  =         0.0000  RESTRAINT  =        44.6776
 EAMBER (non-restraint)  =    -29330.0600
 EKCMT  =      2611.7409  VIRIAL  =      2518.7977  VOLUME     =     95283.0294
                                                    Density    =         1.0143
 ------------------------------------------------------------------------------

wrapping first mol.:       16.61286       23.49413       40.69302
wrapping first mol.:       16.61286       23.49413       40.69302

 NSTEP =     8500   TIME(PS) =    1357.000  TEMP(K) =   301.72  PRESS =   126.9
 Etot   =    -23437.8640  EKtot   =      5823.3140  EPtot      =    -29261.1780
 BOND   =       149.5932  ANGLE   =       430.1326  DIHED      =       659.7043
 1-4 NB =       169.1929  1-4 EEL =      2437.8176  VDWAALS    =      3639.9658
 EELEC  =    -36787.1031  EHBOND  =         0.0000  RESTRAINT  =        39.5187
 EAMBER (non-restraint)  =    -29300.6967
 EKCMT  =      2619.8547  VIRIAL  =      2358.7140  VOLUME     =     95294.9221
                                                    Density    =         1.0142
 ------------------------------------------------------------------------------

wrapping first mol.:       16.59579       23.46999       40.65121
wrapping first mol.:       16.59579       23.46999       40.65121

 NSTEP =     9000   TIME(PS) =    1358.000  TEMP(K) =   308.49  PRESS =  -425.5
 Etot   =    -23435.1851  EKtot   =      5954.0024  EPtot      =    -29389.1875
 BOND   =       142.1369  ANGLE   =       414.9545  DIHED      =       661.2514
 1-4 NB =       171.3124  1-4 EEL =      2428.2218  VDWAALS    =      3560.9220
 EELEC  =    -36800.9673  EHBOND  =         0.0000  RESTRAINT  =        32.9808
 EAMBER (non-restraint)  =    -29422.1684
 EKCMT  =      2734.8251  VIRIAL  =      3607.6911  VOLUME     =     95006.1865
                                                    Density    =         1.0172
 ------------------------------------------------------------------------------

wrapping first mol.:       16.59247       23.46530       40.64309
wrapping first mol.:       16.59247       23.46530       40.64309

 NSTEP =     9500   TIME(PS) =    1359.000  TEMP(K) =   300.81  PRESS =   105.2
 Etot   =    -23455.3430  EKtot   =      5805.7554  EPtot      =    -29261.0984
 BOND   =       167.1707  ANGLE   =       434.0806  DIHED      =       644.1127
 1-4 NB =       175.5699  1-4 EEL =      2421.2491  VDWAALS    =      3735.1504
 EELEC  =    -36876.5744  EHBOND  =         0.0000  RESTRAINT  =        38.1425
 EAMBER (non-restraint)  =    -29299.2409
 EKCMT  =      2669.2892  VIRIAL  =      2453.7254  VOLUME     =     94944.7804
                                                    Density    =         1.0179
 ------------------------------------------------------------------------------

wrapping first mol.:       16.57591       23.44187       40.60251
wrapping first mol.:       16.57591       23.44187       40.60251

 NSTEP =    10000   TIME(PS) =    1360.000  TEMP(K) =   299.59  PRESS =  -223.2
 Etot   =    -23640.2244  EKtot   =      5782.2910  EPtot      =    -29422.5154
 BOND   =       136.3159  ANGLE   =       373.4795  DIHED      =       655.7721
 1-4 NB =       173.0000  1-4 EEL =      2431.6746  VDWAALS    =      3735.2552
 EELEC  =    -36963.0971  EHBOND  =         0.0000  RESTRAINT  =        35.0845
 EAMBER (non-restraint)  =    -29457.5999
 EKCMT  =      2591.7438  VIRIAL  =      3047.9811  VOLUME     =     94663.4472
                                                    Density    =         1.0209
 ------------------------------------------------------------------------------

wrapping first mol.:       16.58487       23.45454       40.62446
wrapping first mol.:       16.58487       23.45454       40.62446

 NSTEP =    10500   TIME(PS) =    1361.000  TEMP(K) =   303.33  PRESS =   103.4
 Etot   =    -23414.3450  EKtot   =      5854.5342  EPtot      =    -29268.8792
 BOND   =       150.4702  ANGLE   =       410.2292  DIHED      =       640.8982
 1-4 NB =       172.5031  1-4 EEL =      2457.2004  VDWAALS    =      3667.3479
 EELEC  =    -36801.9585  EHBOND  =         0.0000  RESTRAINT  =        34.4302
 EAMBER (non-restraint)  =    -29303.3094
 EKCMT  =      2651.0593  VIRIAL  =      2439.4639  VOLUME     =     94814.2552
                                                    Density    =         1.0193
 ------------------------------------------------------------------------------

wrapping first mol.:       16.59921       23.47483       40.65959
wrapping first mol.:       16.59921       23.47483       40.65959

 NSTEP =    11000   TIME(PS) =    1362.000  TEMP(K) =   300.59  PRESS =  -101.3
 Etot   =    -23353.1143  EKtot   =      5801.6069  EPtot      =    -29154.7213
 BOND   =       146.9218  ANGLE   =       407.1747  DIHED      =       647.4994
 1-4 NB =       182.7828  1-4 EEL =      2422.6359  VDWAALS    =      3623.6576
 EELEC  =    -36620.8722  EHBOND  =         0.0000  RESTRAINT  =        35.4788
 EAMBER (non-restraint)  =    -29190.2001
 EKCMT  =      2656.9888  VIRIAL  =      2864.9289  VOLUME     =     95062.1947
                                                    Density    =         1.0166
 ------------------------------------------------------------------------------

wrapping first mol.:       16.60025       23.47629       40.66213
wrapping first mol.:       16.60025       23.47629       40.66213

 NSTEP =    11500   TIME(PS) =    1363.000  TEMP(K) =   302.13  PRESS =    18.5
 Etot   =    -23520.5232  EKtot   =      5831.2769  EPtot      =    -29351.8001
 BOND   =       165.1868  ANGLE   =       409.2305  DIHED      =       628.8588
 1-4 NB =       170.8655  1-4 EEL =      2436.4893  VDWAALS    =      3828.1462
 EELEC  =    -37025.2191  EHBOND  =         0.0000  RESTRAINT  =        34.6420
 EAMBER (non-restraint)  =    -29386.4420
 EKCMT  =      2647.5429  VIRIAL  =      2609.6505  VOLUME     =     95079.0127
                                                    Density    =         1.0165
 ------------------------------------------------------------------------------

wrapping first mol.:       16.60400       23.48160       40.67133
wrapping first mol.:       16.60400       23.48160       40.67133

 NSTEP =    12000   TIME(PS) =    1364.000  TEMP(K) =   299.46  PRESS =  -216.2
 Etot   =    -23571.7718  EKtot   =      5779.7119  EPtot      =    -29351.4837
 BOND   =       144.7278  ANGLE   =       404.6692  DIHED      =       648.3391
 1-4 NB =       175.2176  1-4 EEL =      2442.3862  VDWAALS    =      3583.6181
 EELEC  =    -36784.8852  EHBOND  =         0.0000  RESTRAINT  =        34.4434
 EAMBER (non-restraint)  =    -29385.9272
 EKCMT  =      2623.5788  VIRIAL  =      3067.6418  VOLUME     =     95145.5318
                                                    Density    =         1.0158
 ------------------------------------------------------------------------------

wrapping first mol.:       16.62272       23.50808       40.71719
wrapping first mol.:       16.62272       23.50808       40.71719

 NSTEP =    12500   TIME(PS) =    1365.000  TEMP(K) =   302.76  PRESS =   106.0
 Etot   =    -23470.0535  EKtot   =      5843.3604  EPtot      =    -29313.4138
 BOND   =       162.7569  ANGLE   =       418.5068  DIHED      =       652.7755
 1-4 NB =       177.8967  1-4 EEL =      2435.6922  VDWAALS    =      3716.7419
 EELEC  =    -36913.4738  EHBOND  =         0.0000  RESTRAINT  =        35.6900
 EAMBER (non-restraint)  =    -29349.1038
 EKCMT  =      2604.7754  VIRIAL  =      2386.1982  VOLUME     =     95465.0077
                                                    Density    =         1.0124
 ------------------------------------------------------------------------------

wrapping first mol.:       16.60022       23.47625       40.66206
wrapping first mol.:       16.60022       23.47625       40.66206

 NSTEP =    13000   TIME(PS) =    1366.000  TEMP(K) =   298.67  PRESS =  -129.6
 Etot   =    -23496.5033  EKtot   =      5764.5117  EPtot      =    -29261.0151
 BOND   =       153.8905  ANGLE   =       413.2660  DIHED      =       638.6417
 1-4 NB =       175.8097  1-4 EEL =      2437.9161  VDWAALS    =      3687.4209
 EELEC  =    -36808.7520  EHBOND  =         0.0000  RESTRAINT  =        40.7920
 EAMBER (non-restraint)  =    -29301.8071
 EKCMT  =      2613.9148  VIRIAL  =      2879.9286  VOLUME     =     95079.7583
                                                    Density    =         1.0165
 ------------------------------------------------------------------------------

wrapping first mol.:       16.59970       23.47552       40.66079
wrapping first mol.:       16.59970       23.47552       40.66079

 NSTEP =    13500   TIME(PS) =    1367.000  TEMP(K) =   300.96  PRESS =   110.8
 Etot   =    -23383.6991  EKtot   =      5808.6914  EPtot      =    -29192.3905
 BOND   =       172.5892  ANGLE   =       424.5503  DIHED      =       648.4717
 1-4 NB =       171.8084  1-4 EEL =      2447.9627  VDWAALS    =      3745.4601
 EELEC  =    -36847.5923  EHBOND  =         0.0000  RESTRAINT  =        44.3594
 EAMBER (non-restraint)  =    -29236.7499
 EKCMT  =      2600.7266  VIRIAL  =      2373.3611  VOLUME     =     95068.7959
                                                    Density    =         1.0166
 ------------------------------------------------------------------------------

wrapping first mol.:       16.60043       23.47656       40.66258
wrapping first mol.:       16.60043       23.47656       40.66258

 NSTEP =    14000   TIME(PS) =    1368.000  TEMP(K) =   304.30  PRESS =   440.7
 Etot   =    -23504.8244  EKtot   =      5873.2334  EPtot      =    -29378.0578
 BOND   =       161.4109  ANGLE   =       402.0434  DIHED      =       657.6704
 1-4 NB =       172.3859  1-4 EEL =      2438.3027  VDWAALS    =      3860.7494
 EELEC  =    -37104.4737  EHBOND  =         0.0000  RESTRAINT  =        33.8531
 EAMBER (non-restraint)  =    -29411.9109
 EKCMT  =      2656.5200  VIRIAL  =      1751.8815  VOLUME     =     95078.6118
                                                    Density    =         1.0165
 ------------------------------------------------------------------------------

wrapping first mol.:       16.60171       23.47837       40.66572
wrapping first mol.:       16.60171       23.47837       40.66572

 NSTEP =    14500   TIME(PS) =    1369.000  TEMP(K) =   301.64  PRESS =    57.0
 Etot   =    -23531.9231  EKtot   =      5821.7817  EPtot      =    -29353.7048
 BOND   =       148.2182  ANGLE   =       414.8592  DIHED      =       646.4680
 1-4 NB =       177.0136  1-4 EEL =      2440.5075  VDWAALS    =      3778.3032
 EELEC  =    -36990.7793  EHBOND  =         0.0000  RESTRAINT  =        31.7047
 EAMBER (non-restraint)  =    -29385.4095
 EKCMT  =      2648.2755  VIRIAL  =      2531.2505  VOLUME     =     95103.8862
                                                    Density    =         1.0162
 ------------------------------------------------------------------------------

wrapping first mol.:       16.60504       23.48308       40.67388
wrapping first mol.:       16.60504       23.48308       40.67388

 NSTEP =    15000   TIME(PS) =    1370.000  TEMP(K) =   296.62  PRESS =  -158.0
 Etot   =    -23449.2113  EKtot   =      5725.0039  EPtot      =    -29174.2152
 BOND   =       156.2930  ANGLE   =       397.0489  DIHED      =       635.9733
 1-4 NB =       175.0649  1-4 EEL =      2446.6871  VDWAALS    =      3686.6724
 EELEC  =    -36703.5933  EHBOND  =         0.0000  RESTRAINT  =        31.6386
 EAMBER (non-restraint)  =    -29205.8538
 EKCMT  =      2608.3859  VIRIAL  =      2933.0896  VOLUME     =     95162.9312
                                                    Density    =         1.0156
 ------------------------------------------------------------------------------

wrapping first mol.:       16.60538       23.48356       40.67471
wrapping first mol.:       16.60538       23.48356       40.67471

 NSTEP =    15500   TIME(PS) =    1371.000  TEMP(K) =   298.60  PRESS =  -278.4
 Etot   =    -23518.1141  EKtot   =      5763.0933  EPtot      =    -29281.2074
 BOND   =       172.2696  ANGLE   =       407.6539  DIHED      =       647.8510
 1-4 NB =       171.7401  1-4 EEL =      2436.3627  VDWAALS    =      3613.4591
 EELEC  =    -36769.3340  EHBOND  =         0.0000  RESTRAINT  =        38.7902
 EAMBER (non-restraint)  =    -29319.9976
 EKCMT  =      2562.8521  VIRIAL  =      3134.9458  VOLUME     =     95169.8152
                                                    Density    =         1.0155
 ------------------------------------------------------------------------------

wrapping first mol.:       16.59442       23.46805       40.64786
wrapping first mol.:       16.59442       23.46805       40.64786

 NSTEP =    16000   TIME(PS) =    1372.000  TEMP(K) =   301.98  PRESS =   -47.4
 Etot   =    -23677.7435  EKtot   =      5828.3345  EPtot      =    -29506.0779
 BOND   =       172.7083  ANGLE   =       406.8581  DIHED      =       668.8127
 1-4 NB =       173.5878  1-4 EEL =      2438.7952  VDWAALS    =      3714.4686
 EELEC  =    -37117.3183  EHBOND  =         0.0000  RESTRAINT  =        36.0097
 EAMBER (non-restraint)  =    -29542.0876
 EKCMT  =      2603.9214  VIRIAL  =      2701.0401  VOLUME     =     94979.4898
                                                    Density    =         1.0175
 ------------------------------------------------------------------------------

wrapping first mol.:       16.60414       23.48180       40.67167
wrapping first mol.:       16.60414       23.48180       40.67167

 NSTEP =    16500   TIME(PS) =    1373.000  TEMP(K) =   305.53  PRESS =  -309.0
 Etot   =    -23293.4301  EKtot   =      5896.9858  EPtot      =    -29190.4159
 BOND   =       147.8919  ANGLE   =       402.0621  DIHED      =       642.2583
 1-4 NB =       179.0044  1-4 EEL =      2445.7419  VDWAALS    =      3553.2306
 EELEC  =    -36597.6366  EHBOND  =         0.0000  RESTRAINT  =        37.0312
 EAMBER (non-restraint)  =    -29227.4472
 EKCMT  =      2678.0942  VIRIAL  =      3312.9208  VOLUME     =     95148.7186
                                                    Density    =         1.0157
 ------------------------------------------------------------------------------

wrapping first mol.:       16.60853       23.48801       40.68242
wrapping first mol.:       16.60853       23.48801       40.68242

 NSTEP =    17000   TIME(PS) =    1374.000  TEMP(K) =   303.20  PRESS =  -318.7
 Etot   =    -23431.0405  EKtot   =      5852.0107  EPtot      =    -29283.0513
 BOND   =       140.7767  ANGLE   =       447.0717  DIHED      =       646.1871
 1-4 NB =       172.5197  1-4 EEL =      2430.1756  VDWAALS    =      3650.2816
 EELEC  =    -36809.2253  EHBOND  =         0.0000  RESTRAINT  =        39.1617
 EAMBER (non-restraint)  =    -29322.2130
 EKCMT  =      2705.1413  VIRIAL  =      3360.4185  VOLUME     =     95224.3044
                                                    Density    =         1.0149
 ------------------------------------------------------------------------------

wrapping first mol.:       16.59937       23.47505       40.65998
wrapping first mol.:       16.59937       23.47505       40.65998

 NSTEP =    17500   TIME(PS) =    1375.000  TEMP(K) =   302.18  PRESS =   189.2
 Etot   =    -23398.4656  EKtot   =      5832.2153  EPtot      =    -29230.6809
 BOND   =       154.1256  ANGLE   =       414.7040  DIHED      =       645.9917
 1-4 NB =       181.9403  1-4 EEL =      2418.4365  VDWAALS    =      3719.8775
 EELEC  =    -36800.4962  EHBOND  =         0.0000  RESTRAINT  =        34.7397
 EAMBER (non-restraint)  =    -29265.4206
 EKCMT  =      2638.8226  VIRIAL  =      2250.5092  VOLUME     =     95062.4795
                                                    Density    =         1.0166
 ------------------------------------------------------------------------------

wrapping first mol.:       16.60649       23.48512       40.67742
wrapping first mol.:       16.60649       23.48512       40.67742

 NSTEP =    18000   TIME(PS) =    1376.000  TEMP(K) =   307.16  PRESS =   -65.1
 Etot   =    -23423.3807  EKtot   =      5928.3911  EPtot      =    -29351.7718
 BOND   =       144.9107  ANGLE   =       398.0774  DIHED      =       667.6686
 1-4 NB =       165.7925  1-4 EEL =      2441.8334  VDWAALS    =      3697.2960
 EELEC  =    -36903.8524  EHBOND  =         0.0000  RESTRAINT  =        36.5019
 EAMBER (non-restraint)  =    -29388.2738
 EKCMT  =      2651.2967  VIRIAL  =      2785.1032  VOLUME     =     95187.0242
                                                    Density    =         1.0153
 ------------------------------------------------------------------------------

wrapping first mol.:       16.61331       23.49477       40.69414
wrapping first mol.:       16.61331       23.49477       40.69414

 NSTEP =    18500   TIME(PS) =    1377.000  TEMP(K) =   298.75  PRESS =  -188.4
 Etot   =    -23538.6381  EKtot   =      5766.0122  EPtot      =    -29304.6503
 BOND   =       154.7990  ANGLE   =       401.9902  DIHED      =       641.6694
 1-4 NB =       167.8948  1-4 EEL =      2435.1339  VDWAALS    =      3705.2169
 EELEC  =    -36843.2067  EHBOND  =         0.0000  RESTRAINT  =        31.8521
 EAMBER (non-restraint)  =    -29336.5024
 EKCMT  =      2590.5966  VIRIAL  =      2978.2285  VOLUME     =     95305.4852
                                                    Density    =         1.0140
 ------------------------------------------------------------------------------

wrapping first mol.:       16.61501       23.49718       40.69830
wrapping first mol.:       16.61501       23.49718       40.69830

 NSTEP =    19000   TIME(PS) =    1378.000  TEMP(K) =   298.58  PRESS =  -203.3
 Etot   =    -23586.9512  EKtot   =      5762.7100  EPtot      =    -29349.6612
 BOND   =       166.0529  ANGLE   =       414.0846  DIHED      =       669.2776
 1-4 NB =       171.4249  1-4 EEL =      2455.1546  VDWAALS    =      3678.7150
 EELEC  =    -36940.8803  EHBOND  =         0.0000  RESTRAINT  =        36.5097
 EAMBER (non-restraint)  =    -29386.1708
 EKCMT  =      2610.8862  VIRIAL  =      3029.2747  VOLUME     =     95334.8506
                                                    Density    =         1.0137
 ------------------------------------------------------------------------------

wrapping first mol.:       16.62060       23.50507       40.71198
wrapping first mol.:       16.62060       23.50507       40.71198

 NSTEP =    19500   TIME(PS) =    1379.000  TEMP(K) =   298.56  PRESS =   247.0
 Etot   =    -23531.8550  EKtot   =      5762.3135  EPtot      =    -29294.1685
 BOND   =       138.2424  ANGLE   =       410.2432  DIHED      =       653.6625
 1-4 NB =       175.2188  1-4 EEL =      2443.7483  VDWAALS    =      3781.2803
 EELEC  =    -36930.7321  EHBOND  =         0.0000  RESTRAINT  =        34.1681
 EAMBER (non-restraint)  =    -29328.3366
 EKCMT  =      2637.0281  VIRIAL  =      2128.2107  VOLUME     =     95427.1676
                                                    Density    =         1.0128
 ------------------------------------------------------------------------------

wrapping first mol.:       16.61330       23.49475       40.69409
wrapping first mol.:       16.61330       23.49475       40.69409

 NSTEP =    20000   TIME(PS) =    1380.000  TEMP(K) =   299.39  PRESS =  -407.7
 Etot   =    -23598.1736  EKtot   =      5778.4463  EPtot      =    -29376.6199
 BOND   =       166.6936  ANGLE   =       394.8281  DIHED      =       656.8724
 1-4 NB =       172.8389  1-4 EEL =      2422.6894  VDWAALS    =      3641.9469
 EELEC  =    -36866.8511  EHBOND  =         0.0000  RESTRAINT  =        34.3617
 EAMBER (non-restraint)  =    -29410.9817
 EKCMT  =      2619.7580  VIRIAL  =      3458.7123  VOLUME     =     95307.0224
                                                    Density    =         1.0140
 ------------------------------------------------------------------------------

wrapping first mol.:       16.62431       23.51033       40.72108
wrapping first mol.:       16.62431       23.51033       40.72108

 NSTEP =    20500   TIME(PS) =    1381.000  TEMP(K) =   301.68  PRESS =   198.7
 Etot   =    -23387.9060  EKtot   =      5822.5190  EPtot      =    -29210.4251
 BOND   =       163.3211  ANGLE   =       406.3918  DIHED      =       642.9315
 1-4 NB =       168.4168  1-4 EEL =      2440.9303  VDWAALS    =      3779.3605
 EELEC  =    -36842.6919  EHBOND  =         0.0000  RESTRAINT  =        30.9149
 EAMBER (non-restraint)  =    -29241.3400
 EKCMT  =      2641.0269  VIRIAL  =      2231.4528  VOLUME     =     95491.6127
                                                    Density    =         1.0121
 ------------------------------------------------------------------------------

wrapping first mol.:       16.61038       23.49062       40.68694
wrapping first mol.:       16.61038       23.49062       40.68694

 NSTEP =    21000   TIME(PS) =    1382.000  TEMP(K) =   299.08  PRESS =   -40.1
 Etot   =    -23450.1881  EKtot   =      5772.3545  EPtot      =    -29222.5426
 BOND   =       146.6685  ANGLE   =       411.6131  DIHED      =       653.0027
 1-4 NB =       177.3241  1-4 EEL =      2454.1601  VDWAALS    =      3773.7585
 EELEC  =    -36871.1216  EHBOND  =         0.0000  RESTRAINT  =        32.0520
 EAMBER (non-restraint)  =    -29254.5947
 EKCMT  =      2576.8090  VIRIAL  =      2659.3019  VOLUME     =     95253.6523
                                                    Density    =         1.0146
 ------------------------------------------------------------------------------

wrapping first mol.:       16.60726       23.48621       40.67931
wrapping first mol.:       16.60726       23.48621       40.67931

 NSTEP =    21500   TIME(PS) =    1383.000  TEMP(K) =   294.12  PRESS =  -216.6
 Etot   =    -23661.9229  EKtot   =      5676.5991  EPtot      =    -29338.5220
 BOND   =       146.0655  ANGLE   =       387.3823  DIHED      =       649.6543
 1-4 NB =       170.4616  1-4 EEL =      2445.8350  VDWAALS    =      3681.4181
 EELEC  =    -36854.5879  EHBOND  =         0.0000  RESTRAINT  =        35.2492
 EAMBER (non-restraint)  =    -29373.7712
 EKCMT  =      2510.4825  VIRIAL  =      2955.7242  VOLUME     =     95201.5668
                                                    Density    =         1.0152
 ------------------------------------------------------------------------------

wrapping first mol.:       16.60592       23.48431       40.67602
wrapping first mol.:       16.60592       23.48431       40.67602

 NSTEP =    22000   TIME(PS) =    1384.000  TEMP(K) =   297.88  PRESS =  -263.8
 Etot   =    -23552.9268  EKtot   =      5749.2734  EPtot      =    -29302.2002
 BOND   =       157.8696  ANGLE   =       400.7296  DIHED      =       661.4489
 1-4 NB =       170.2774  1-4 EEL =      2418.2218  VDWAALS    =      3594.1925
 EELEC  =    -36737.3777  EHBOND  =         0.0000  RESTRAINT  =        32.4376
 EAMBER (non-restraint)  =    -29334.6379
 EKCMT  =      2568.8826  VIRIAL  =      3110.9330  VOLUME     =     95178.8461
                                                    Density    =         1.0154
 ------------------------------------------------------------------------------

wrapping first mol.:       16.59746       23.47235       40.65530
wrapping first mol.:       16.59746       23.47235       40.65530

 NSTEP =    22500   TIME(PS) =    1385.000  TEMP(K) =   303.64  PRESS =  -182.4
 Etot   =    -23563.1366  EKtot   =      5860.4839  EPtot      =    -29423.6205
 BOND   =       134.8394  ANGLE   =       414.7835  DIHED      =       664.4161
 1-4 NB =       175.7012  1-4 EEL =      2443.9880  VDWAALS    =      3715.7864
 EELEC  =    -37009.1991  EHBOND  =         0.0000  RESTRAINT  =        36.0640
 EAMBER (non-restraint)  =    -29459.6845
 EKCMT  =      2677.9219  VIRIAL  =      3052.1771  VOLUME     =     95032.8292
                                                    Density    =         1.0170
 ------------------------------------------------------------------------------

wrapping first mol.:       16.59872       23.47413       40.65839
wrapping first mol.:       16.59872       23.47413       40.65839

 NSTEP =    23000   TIME(PS) =    1386.000  TEMP(K) =   304.10  PRESS =   223.8
 Etot   =    -23449.0640  EKtot   =      5869.4082  EPtot      =    -29318.4722
 BOND   =       152.5839  ANGLE   =       391.6219  DIHED      =       664.3869
 1-4 NB =       172.8272  1-4 EEL =      2440.0754  VDWAALS    =      3761.4792
 EELEC  =    -36933.1205  EHBOND  =         0.0000  RESTRAINT  =        31.6738
 EAMBER (non-restraint)  =    -29350.1460
 EKCMT  =      2684.7945  VIRIAL  =      2225.4132  VOLUME     =     95051.0416
                                                    Density    =         1.0168
 ------------------------------------------------------------------------------

wrapping first mol.:       16.60127       23.47774       40.66464
wrapping first mol.:       16.60127       23.47774       40.66464

 NSTEP =    23500   TIME(PS) =    1387.000  TEMP(K) =   297.64  PRESS =   -73.3
 Etot   =    -23416.7677  EKtot   =      5744.6626  EPtot      =    -29161.4303
 BOND   =       146.1922  ANGLE   =       429.9173  DIHED      =       640.4675
 1-4 NB =       175.2861  1-4 EEL =      2438.3745  VDWAALS    =      3660.0992
 EELEC  =    -36689.8692  EHBOND  =         0.0000  RESTRAINT  =        38.1022
 EAMBER (non-restraint)  =    -29199.5325
 EKCMT  =      2577.1119  VIRIAL  =      2727.5231  VOLUME     =     95097.3784
                                                    Density    =         1.0163
 ------------------------------------------------------------------------------

wrapping first mol.:       16.59501       23.46889       40.64931
wrapping first mol.:       16.59501       23.46889       40.64931

 NSTEP =    24000   TIME(PS) =    1388.000  TEMP(K) =   298.86  PRESS =    74.8
 Etot   =    -23537.4650  EKtot   =      5768.2231  EPtot      =    -29305.6882
 BOND   =       156.4630  ANGLE   =       400.5971  DIHED      =       642.4912
 1-4 NB =       174.2033  1-4 EEL =      2453.9649  VDWAALS    =      3696.7956
 EELEC  =    -36864.0350  EHBOND  =         0.0000  RESTRAINT  =        33.8318
 EAMBER (non-restraint)  =    -29339.5199
 EKCMT  =      2604.6082  VIRIAL  =      2451.2918  VOLUME     =     94988.6258
                                                    Density    =         1.0174
 ------------------------------------------------------------------------------

wrapping first mol.:       16.61254       23.49368       40.69224
wrapping first mol.:       16.61254       23.49368       40.69224

 NSTEP =    24500   TIME(PS) =    1389.000  TEMP(K) =   297.83  PRESS =    53.3
 Etot   =    -23497.4045  EKtot   =      5748.3418  EPtot      =    -29245.7463
 BOND   =       154.1985  ANGLE   =       407.3109  DIHED      =       645.9417
 1-4 NB =       171.2469  1-4 EEL =      2447.8912  VDWAALS    =      3726.6554
 EELEC  =    -36831.4388  EHBOND  =         0.0000  RESTRAINT  =        32.4479
 EAMBER (non-restraint)  =    -29278.1942
 EKCMT  =      2613.3114  VIRIAL  =      2503.6757  VOLUME     =     95290.1092
                                                    Density    =         1.0142
 ------------------------------------------------------------------------------

wrapping first mol.:       16.59991       23.47582       40.66131
wrapping first mol.:       16.59991       23.47582       40.66131

 NSTEP =    25000   TIME(PS) =    1390.000  TEMP(K) =   305.04  PRESS =   -34.4
 Etot   =    -23413.3625  EKtot   =      5887.5186  EPtot      =    -29300.8811
 BOND   =       166.6784  ANGLE   =       402.0924  DIHED      =       649.9321
 1-4 NB =       164.4908  1-4 EEL =      2460.3371  VDWAALS    =      3688.5801
 EELEC  =    -36865.3504  EHBOND  =         0.0000  RESTRAINT  =        32.3583
 EAMBER (non-restraint)  =    -29333.2394
 EKCMT  =      2617.4932  VIRIAL  =      2688.0136  VOLUME     =     95073.7418
                                                    Density    =         1.0165
 ------------------------------------------------------------------------------

wrapping first mol.:       16.59601       23.47031       40.65176
wrapping first mol.:       16.59601       23.47031       40.65176

 NSTEP =    25500   TIME(PS) =    1391.000  TEMP(K) =   295.79  PRESS =   245.5
 Etot   =    -23509.1471  EKtot   =      5708.9995  EPtot      =    -29218.1466
 BOND   =       145.5830  ANGLE   =       429.8538  DIHED      =       644.4810
 1-4 NB =       170.0381  1-4 EEL =      2464.0141  VDWAALS    =      3703.3843
 EELEC  =    -36811.0146  EHBOND  =         0.0000  RESTRAINT  =        35.5138
 EAMBER (non-restraint)  =    -29253.6604
 EKCMT  =      2576.9921  VIRIAL  =      2073.4827  VOLUME     =     95004.3721
                                                    Density    =         1.0173
 ------------------------------------------------------------------------------

wrapping first mol.:       16.61350       23.49504       40.69460
wrapping first mol.:       16.61350       23.49504       40.69460

 NSTEP =    26000   TIME(PS) =    1392.000  TEMP(K) =   299.72  PRESS =   171.2
 Etot   =    -23445.3960  EKtot   =      5784.8213  EPtot      =    -29230.2173
 BOND   =       128.4182  ANGLE   =       403.5258  DIHED      =       645.3106
 1-4 NB =       176.5668  1-4 EEL =      2444.9811  VDWAALS    =      3733.1178
 EELEC  =    -36799.1674  EHBOND  =         0.0000  RESTRAINT  =        37.0297
 EAMBER (non-restraint)  =    -29267.2470
 EKCMT  =      2623.7759  VIRIAL  =      2271.4108  VOLUME     =     95305.6468
                                                    Density    =         1.0140
 ------------------------------------------------------------------------------

wrapping first mol.:       16.60489       23.48285       40.67349
wrapping first mol.:       16.60489       23.48285       40.67349

 NSTEP =    26500   TIME(PS) =    1393.000  TEMP(K) =   304.54  PRESS =  -163.5
 Etot   =    -23222.2128  EKtot   =      5877.8647  EPtot      =    -29100.0775
 BOND   =       163.3917  ANGLE   =       397.2882  DIHED      =       657.0961
 1-4 NB =       177.7751  1-4 EEL =      2436.1443  VDWAALS    =      3587.7736
 EELEC  =    -36550.6721  EHBOND  =         0.0000  RESTRAINT  =        31.1255
 EAMBER (non-restraint)  =    -29131.2030
 EKCMT  =      2585.8350  VIRIAL  =      2921.7103  VOLUME     =     95160.2956
                                                    Density    =         1.0156
 ------------------------------------------------------------------------------

wrapping first mol.:       16.60517       23.48325       40.67418
wrapping first mol.:       16.60517       23.48325       40.67418

 NSTEP =    27000   TIME(PS) =    1394.000  TEMP(K) =   299.59  PRESS =   266.9
 Etot   =    -23573.2367  EKtot   =      5782.1792  EPtot      =    -29355.4159
 BOND   =       133.7380  ANGLE   =       412.4657  DIHED      =       656.7055
 1-4 NB =       168.7188  1-4 EEL =      2453.2152  VDWAALS    =      3939.1175
 EELEC  =    -37153.1976  EHBOND  =         0.0000  RESTRAINT  =        33.8211
 EAMBER (non-restraint)  =    -29389.2370
 EKCMT  =      2596.0084  VIRIAL  =      2047.5396  VOLUME     =     95161.4425
                                                    Density    =         1.0156
 ------------------------------------------------------------------------------

wrapping first mol.:       16.62159       23.50648       40.71441
wrapping first mol.:       16.62159       23.50648       40.71441

 NSTEP =    27500   TIME(PS) =    1395.000  TEMP(K) =   296.92  PRESS =   700.3
 Etot   =    -23589.2971  EKtot   =      5730.7881  EPtot      =    -29320.0852
 BOND   =       160.1342  ANGLE   =       409.8991  DIHED      =       638.6643
 1-4 NB =       173.2784  1-4 EEL =      2449.9648  VDWAALS    =      4000.0763
 EELEC  =    -37189.5407  EHBOND  =         0.0000  RESTRAINT  =        37.4386
 EAMBER (non-restraint)  =    -29357.5237
 EKCMT  =      2607.5865  VIRIAL  =      1164.5224  VOLUME     =     95440.4210
                                                    Density    =         1.0126
 ------------------------------------------------------------------------------

wrapping first mol.:       16.60259       23.47961       40.66787
wrapping first mol.:       16.60259       23.47961       40.66787

 NSTEP =    28000   TIME(PS) =    1396.000  TEMP(K) =   298.58  PRESS =  -349.7
 Etot   =    -23618.9015  EKtot   =      5762.8491  EPtot      =    -29381.7506
 BOND   =       158.7208  ANGLE   =       401.9149  DIHED      =       649.7968
 1-4 NB =       181.5461  1-4 EEL =      2451.7198  VDWAALS    =      3655.9614
 EELEC  =    -36918.5133  EHBOND  =         0.0000  RESTRAINT  =        37.1029
 EAMBER (non-restraint)  =    -29418.8534
 EKCMT  =      2633.9942  VIRIAL  =      3352.2516  VOLUME     =     95122.4278
                                                    Density    =         1.0160
 ------------------------------------------------------------------------------

wrapping first mol.:       16.58487       23.45455       40.62447
wrapping first mol.:       16.58487       23.45455       40.62447

 NSTEP =    28500   TIME(PS) =    1397.000  TEMP(K) =   297.49  PRESS =   204.7
 Etot   =    -23502.9433  EKtot   =      5741.7759  EPtot      =    -29244.7192
 BOND   =       158.6380  ANGLE   =       409.7595  DIHED      =       629.9056
 1-4 NB =       169.5322  1-4 EEL =      2437.3104  VDWAALS    =      3723.2417
 EELEC  =    -36806.4572  EHBOND  =         0.0000  RESTRAINT  =        33.3507
 EAMBER (non-restraint)  =    -29278.0699
 EKCMT  =      2619.5136  VIRIAL  =      2200.4563  VOLUME     =     94813.5111
                                                    Density    =         1.0193
 ------------------------------------------------------------------------------

wrapping first mol.:       16.60286       23.47999       40.66853
wrapping first mol.:       16.60286       23.47999       40.66853

 NSTEP =    29000   TIME(PS) =    1398.000  TEMP(K) =   303.11  PRESS =   -78.8
 Etot   =    -23394.5553  EKtot   =      5850.2383  EPtot      =    -29244.7936
 BOND   =       149.2379  ANGLE   =       407.8331  DIHED      =       640.7316
 1-4 NB =       174.8915  1-4 EEL =      2439.8066  VDWAALS    =      3744.3639
 EELEC  =    -36831.7002  EHBOND  =         0.0000  RESTRAINT  =        30.0421
 EAMBER (non-restraint)  =    -29274.8357
 EKCMT  =      2681.2583  VIRIAL  =      2843.0945  VOLUME     =     95124.7707
                                                    Density    =         1.0160
 ------------------------------------------------------------------------------

wrapping first mol.:       16.58829       23.45938       40.63284
wrapping first mol.:       16.58829       23.45938       40.63284

 NSTEP =    29500   TIME(PS) =    1399.000  TEMP(K) =   301.71  PRESS =   -20.7
 Etot   =    -23484.1034  EKtot   =      5823.2192  EPtot      =    -29307.3226
 BOND   =       150.5131  ANGLE   =       410.2163  DIHED      =       638.3648
 1-4 NB =       172.9471  1-4 EEL =      2450.8770  VDWAALS    =      3749.3084
 EELEC  =    -36911.0241  EHBOND  =         0.0000  RESTRAINT  =        31.4747
 EAMBER (non-restraint)  =    -29338.7974
 EKCMT  =      2648.4574  VIRIAL  =      2690.9023  VOLUME     =     94874.0158
                                                    Density    =         1.0187
 ------------------------------------------------------------------------------

wrapping first mol.:       16.58002       23.44768       40.61258
wrapping first mol.:       16.58002       23.44768       40.61258

 NSTEP =    30000   TIME(PS) =    1400.000  TEMP(K) =   301.15  PRESS =   319.4
 Etot   =    -23509.7487  EKtot   =      5812.4424  EPtot      =    -29322.1910
 BOND   =       149.6626  ANGLE   =       382.0349  DIHED      =       646.8418
 1-4 NB =       174.5118  1-4 EEL =      2424.1334  VDWAALS    =      3796.0397
 EELEC  =    -36933.7468  EHBOND  =         0.0000  RESTRAINT  =        38.3316
 EAMBER (non-restraint)  =    -29360.5226
 EKCMT  =      2661.4545  VIRIAL  =      2008.1468  VOLUME     =     94729.2789
                                                    Density    =         1.0202
 ------------------------------------------------------------------------------

wrapping first mol.:       16.57742       23.44401       40.60621
wrapping first mol.:       16.57742       23.44401       40.60621

 NSTEP =    30500   TIME(PS) =    1401.000  TEMP(K) =   300.32  PRESS =   230.8
 Etot   =    -23610.1692  EKtot   =      5796.3394  EPtot      =    -29406.5085
 BOND   =       154.0405  ANGLE   =       378.6658  DIHED      =       661.2036
 1-4 NB =       182.1942  1-4 EEL =      2449.9364  VDWAALS    =      3806.6728
 EELEC  =    -37070.9116  EHBOND  =         0.0000  RESTRAINT  =        31.6896
 EAMBER (non-restraint)  =    -29438.1981
 EKCMT  =      2611.0171  VIRIAL  =      2139.2309  VOLUME     =     94685.5105
                                                    Density    =         1.0207
 ------------------------------------------------------------------------------

wrapping first mol.:       16.60472       23.48262       40.67308
wrapping first mol.:       16.60472       23.48262       40.67308

 NSTEP =    31000   TIME(PS) =    1402.000  TEMP(K) =   300.14  PRESS =   -99.8
 Etot   =    -23621.9975  EKtot   =      5792.8369  EPtot      =    -29414.8344
 BOND   =       160.4807  ANGLE   =       394.0059  DIHED      =       660.7343
 1-4 NB =       179.6703  1-4 EEL =      2446.1641  VDWAALS    =      3768.8320
 EELEC  =    -37064.8983  EHBOND  =         0.0000  RESTRAINT  =        40.1766
 EAMBER (non-restraint)  =    -29455.0110
 EKCMT  =      2594.2088  VIRIAL  =      2799.2162  VOLUME     =     95156.8732
                                                    Density    =         1.0156
 ------------------------------------------------------------------------------

wrapping first mol.:       16.61976       23.50389       40.70992
wrapping first mol.:       16.61976       23.50389       40.70992

 NSTEP =    31500   TIME(PS) =    1403.000  TEMP(K) =   300.36  PRESS =   424.9
 Etot   =    -23438.2958  EKtot   =      5797.1460  EPtot      =    -29235.4418
 BOND   =       153.0418  ANGLE   =       426.3190  DIHED      =       637.3180
 1-4 NB =       167.9428  1-4 EEL =      2435.1646  VDWAALS    =      3800.8806
 EELEC  =    -36891.7649  EHBOND  =         0.0000  RESTRAINT  =        35.6562
 EAMBER (non-restraint)  =    -29271.0980
 EKCMT  =      2605.9187  VIRIAL  =      1730.6619  VOLUME     =     95411.2019
                                                    Density    =         1.0129
 ------------------------------------------------------------------------------

wrapping first mol.:       16.59826       23.47348       40.65727
wrapping first mol.:       16.59826       23.47348       40.65727

 NSTEP =    32000   TIME(PS) =    1404.000  TEMP(K) =   299.38  PRESS =  -407.1
 Etot   =    -23424.7872  EKtot   =      5778.1489  EPtot      =    -29202.9362
 BOND   =       159.0626  ANGLE   =       403.5049  DIHED      =       653.1364
 1-4 NB =       176.7099  1-4 EEL =      2428.3901  VDWAALS    =      3604.7342
 EELEC  =    -36661.2078  EHBOND  =         0.0000  RESTRAINT  =        32.7338
 EAMBER (non-restraint)  =    -29235.6699
 EKCMT  =      2592.8964  VIRIAL  =      3428.3834  VOLUME     =     95048.4966
                                                    Density    =         1.0168
 ------------------------------------------------------------------------------

wrapping first mol.:       16.60455       23.48238       40.67267
wrapping first mol.:       16.60455       23.48238       40.67267

 NSTEP =    32500   TIME(PS) =    1405.000  TEMP(K) =   301.44  PRESS =   237.6
 Etot   =    -23387.8891  EKtot   =      5817.9077  EPtot      =    -29205.7968
 BOND   =       163.4236  ANGLE   =       417.4189  DIHED      =       642.2135
 1-4 NB =       177.8329  1-4 EEL =      2455.5036  VDWAALS    =      3784.9588
 EELEC  =    -36877.7473  EHBOND  =         0.0000  RESTRAINT  =        30.5991
 EAMBER (non-restraint)  =    -29236.3959
 EKCMT  =      2642.2229  VIRIAL  =      2154.0191  VOLUME     =     95151.1107
                                                    Density    =         1.0157
 ------------------------------------------------------------------------------

wrapping first mol.:       16.60489       23.48285       40.67349
wrapping first mol.:       16.60489       23.48285       40.67349

 NSTEP =    33000   TIME(PS) =    1406.000  TEMP(K) =   300.71  PRESS =   257.1
 Etot   =    -23432.1496  EKtot   =      5803.8799  EPtot      =    -29236.0295
 BOND   =       167.3880  ANGLE   =       412.2390  DIHED      =       641.6564
 1-4 NB =       170.5302  1-4 EEL =      2468.0679  VDWAALS    =      3798.0394
 EELEC  =    -36930.4380  EHBOND  =         0.0000  RESTRAINT  =        36.4876
 EAMBER (non-restraint)  =    -29272.5171
 EKCMT  =      2645.9230  VIRIAL  =      2117.7480  VOLUME     =     95156.7032
                                                    Density    =         1.0156
 ------------------------------------------------------------------------------

wrapping first mol.:       16.60445       23.48224       40.67242
wrapping first mol.:       16.60445       23.48224       40.67242

 NSTEP =    33500   TIME(PS) =    1407.000  TEMP(K) =   296.04  PRESS =  -246.1
 Etot   =    -23685.2159  EKtot   =      5713.7305  EPtot      =    -29398.9464
 BOND   =       157.2466  ANGLE   =       404.9832  DIHED      =       651.4259
 1-4 NB =       169.2533  1-4 EEL =      2424.4682  VDWAALS    =      3631.7454
 EELEC  =    -36872.1192  EHBOND  =         0.0000  RESTRAINT  =        34.0501
 EAMBER (non-restraint)  =    -29432.9965
 EKCMT  =      2533.4801  VIRIAL  =      3039.1813  VOLUME     =     95153.4781
                                                    Density    =         1.0157
 ------------------------------------------------------------------------------

wrapping first mol.:       16.58939       23.46094       40.63554
wrapping first mol.:       16.58939       23.46094       40.63554

 NSTEP =    34000   TIME(PS) =    1408.000  TEMP(K) =   296.11  PRESS =    58.2
 Etot   =    -23488.0354  EKtot   =      5715.0146  EPtot      =    -29203.0501
 BOND   =       151.1182  ANGLE   =       392.0987  DIHED      =       646.8787
 1-4 NB =       174.7448  1-4 EEL =      2429.6354  VDWAALS    =      3643.4110
 EELEC  =    -36678.5209  EHBOND  =         0.0000  RESTRAINT  =        37.5841
 EAMBER (non-restraint)  =    -29240.6341
 EKCMT  =      2607.3132  VIRIAL  =      2488.0184  VOLUME     =     94892.2629
                                                    Density    =         1.0185
 ------------------------------------------------------------------------------

wrapping first mol.:       16.61872       23.50243       40.70739
wrapping first mol.:       16.61872       23.50243       40.70739

 NSTEP =    34500   TIME(PS) =    1409.000  TEMP(K) =   301.69  PRESS =    15.0
 Etot   =    -23387.1227  EKtot   =      5822.8569  EPtot      =    -29209.9796
 BOND   =       166.4109  ANGLE   =       414.1704  DIHED      =       651.3435
 1-4 NB =       175.8418  1-4 EEL =      2427.5676  VDWAALS    =      3725.7130
 EELEC  =    -36805.8994  EHBOND  =         0.0000  RESTRAINT  =        34.8725
 EAMBER (non-restraint)  =    -29244.8522
 EKCMT  =      2612.7809  VIRIAL  =      2581.8379  VOLUME     =     95396.8955
                                                    Density    =         1.0131
 ------------------------------------------------------------------------------

wrapping first mol.:       16.60678       23.48553       40.67813
wrapping first mol.:       16.60678       23.48553       40.67813

 NSTEP =    35000   TIME(PS) =    1410.000  TEMP(K) =   302.44  PRESS =  -105.4
 Etot   =    -23490.7391  EKtot   =      5837.3618  EPtot      =    -29328.1009
 BOND   =       142.8612  ANGLE   =       410.7357  DIHED      =       633.4280
 1-4 NB =       177.2981  1-4 EEL =      2444.5244  VDWAALS    =      3743.1399
 EELEC  =    -36919.2232  EHBOND  =         0.0000  RESTRAINT  =        39.1351
 EAMBER (non-restraint)  =    -29367.2359
 EKCMT  =      2609.5748  VIRIAL  =      2826.1063  VOLUME     =     95192.3577
                                                    Density    =         1.0153
 ------------------------------------------------------------------------------

wrapping first mol.:       16.60420       23.48188       40.67180
wrapping first mol.:       16.60420       23.48188       40.67180

 NSTEP =    35500   TIME(PS) =    1411.000  TEMP(K) =   297.58  PRESS =  -349.8
 Etot   =    -23412.6850  EKtot   =      5743.4707  EPtot      =    -29156.1557
 BOND   =       144.1961  ANGLE   =       406.0987  DIHED      =       658.9706
 1-4 NB =       173.7980  1-4 EEL =      2441.9898  VDWAALS    =      3617.8358
 EELEC  =    -36634.2084  EHBOND  =         0.0000  RESTRAINT  =        35.1637
 EAMBER (non-restraint)  =    -29191.3194
 EKCMT  =      2574.5163  VIRIAL  =      3293.1968  VOLUME     =     95149.9950
                                                    Density    =         1.0157
 ------------------------------------------------------------------------------

wrapping first mol.:       16.58014       23.44786       40.61288
wrapping first mol.:       16.58014       23.44786       40.61288

 NSTEP =    36000   TIME(PS) =    1412.000  TEMP(K) =   299.96  PRESS =  -169.9
 Etot   =    -23402.8414  EKtot   =      5789.3223  EPtot      =    -29192.1637
 BOND   =       145.7032  ANGLE   =       416.5714  DIHED      =       654.5747
 1-4 NB =       170.8869  1-4 EEL =      2456.2535  VDWAALS    =      3655.9738
 EELEC  =    -36730.3263  EHBOND  =         0.0000  RESTRAINT  =        38.1991
 EAMBER (non-restraint)  =    -29230.3628
 EKCMT  =      2590.8118  VIRIAL  =      2938.3423  VOLUME     =     94735.5240
                                                    Density    =         1.0201
 ------------------------------------------------------------------------------

wrapping first mol.:       16.59412       23.46763       40.64713
wrapping first mol.:       16.59412       23.46763       40.64713

 NSTEP =    36500   TIME(PS) =    1413.000  TEMP(K) =   302.07  PRESS =    -8.1
 Etot   =    -23515.1129  EKtot   =      5830.2256  EPtot      =    -29345.3385
 BOND   =       149.8912  ANGLE   =       420.0095  DIHED      =       638.1369
 1-4 NB =       177.1764  1-4 EEL =      2441.3862  VDWAALS    =      3746.9513
 EELEC  =    -36961.5108  EHBOND  =         0.0000  RESTRAINT  =        42.6209
 EAMBER (non-restraint)  =    -29387.9594
 EKCMT  =      2639.4636  VIRIAL  =      2656.0332  VOLUME     =     94974.0520
                                                    Density    =         1.0176
 ------------------------------------------------------------------------------

wrapping first mol.:       16.60311       23.48034       40.66914
wrapping first mol.:       16.60311       23.48034       40.66914

 NSTEP =    37000   TIME(PS) =    1414.000  TEMP(K) =   299.56  PRESS =   111.0
 Etot   =    -23621.0224  EKtot   =      5781.5933  EPtot      =    -29402.6156
 BOND   =       152.0620  ANGLE   =       426.7843  DIHED      =       641.8944
 1-4 NB =       174.5367  1-4 EEL =      2445.7719  VDWAALS    =      3858.9793
 EELEC  =    -37136.8977  EHBOND  =         0.0000  RESTRAINT  =        34.2536
 EAMBER (non-restraint)  =    -29436.8693
 EKCMT  =      2607.7828  VIRIAL  =      2379.7275  VOLUME     =     95127.3952
                                                    Density    =         1.0159
 ------------------------------------------------------------------------------

wrapping first mol.:       16.60575       23.48407       40.67560
wrapping first mol.:       16.60575       23.48407       40.67560

 NSTEP =    37500   TIME(PS) =    1415.000  TEMP(K) =   302.97  PRESS =  -351.2
 Etot   =    -23442.4568  EKtot   =      5847.4307  EPtot      =    -29289.8875
 BOND   =       150.4327  ANGLE   =       402.5687  DIHED      =       654.1779
 1-4 NB =       178.6294  1-4 EEL =      2437.0581  VDWAALS    =      3654.8437
 EELEC  =    -36808.1668  EHBOND  =         0.0000  RESTRAINT  =        40.5688
 EAMBER (non-restraint)  =    -29330.4563
 EKCMT  =      2636.0241  VIRIAL  =      3357.7754  VOLUME     =     95176.6683
                                                    Density    =         1.0154
 ------------------------------------------------------------------------------

wrapping first mol.:       16.61220       23.49320       40.69141
wrapping first mol.:       16.61220       23.49320       40.69141

 NSTEP =    38000   TIME(PS) =    1416.000  TEMP(K) =   296.54  PRESS =   223.8
 Etot   =    -23686.8569  EKtot   =      5723.3428  EPtot      =    -29410.1997
 BOND   =       142.2643  ANGLE   =       378.5462  DIHED      =       651.6419
 1-4 NB =       170.6365  1-4 EEL =      2462.2435  VDWAALS    =      3807.2644
 EELEC  =    -37052.6572  EHBOND  =         0.0000  RESTRAINT  =        29.8607
 EAMBER (non-restraint)  =    -29440.0603
 EKCMT  =      2579.8262  VIRIAL  =      2119.5060  VOLUME     =     95282.7763
                                                    Density    =         1.0143
 ------------------------------------------------------------------------------

wrapping first mol.:       16.63902       23.53113       40.75710
wrapping first mol.:       16.63902       23.53113       40.75710

 NSTEP =    38500   TIME(PS) =    1417.000  TEMP(K) =   302.59  PRESS =   -64.0
 Etot   =    -23555.2033  EKtot   =      5840.2388  EPtot      =    -29395.4420
 BOND   =       148.7747  ANGLE   =       422.6999  DIHED      =       644.5783
 1-4 NB =       170.2664  1-4 EEL =      2448.5175  VDWAALS    =      3829.6715
 EELEC  =    -37092.9052  EHBOND  =         0.0000  RESTRAINT  =        32.9549
 EAMBER (non-restraint)  =    -29428.3969
 EKCMT  =      2616.5074  VIRIAL  =      2748.8625  VOLUME     =     95747.4906
                                                    Density    =         1.0094
 ------------------------------------------------------------------------------

wrapping first mol.:       16.60347       23.48085       40.67002
wrapping first mol.:       16.60347       23.48085       40.67002

 NSTEP =    39000   TIME(PS) =    1418.000  TEMP(K) =   298.25  PRESS =   374.2
 Etot   =    -23687.4884  EKtot   =      5756.4932  EPtot      =    -29443.9816
 BOND   =       165.7912  ANGLE   =       395.0943  DIHED      =       655.3357
 1-4 NB =       171.7315  1-4 EEL =      2436.3052  VDWAALS    =      3751.4590
 EELEC  =    -37052.1238  EHBOND  =         0.0000  RESTRAINT  =        32.4254
 EAMBER (non-restraint)  =    -29476.4069
 EKCMT  =      2618.1312  VIRIAL  =      1849.4345  VOLUME     =     95131.3430
                                                    Density    =         1.0159
 ------------------------------------------------------------------------------

wrapping first mol.:       16.60142       23.47796       40.66501
wrapping first mol.:       16.60142       23.47796       40.66501

 NSTEP =    39500   TIME(PS) =    1419.000  TEMP(K) =   304.07  PRESS =   -94.3
 Etot   =    -23531.2637  EKtot   =      5868.7759  EPtot      =    -29400.0396
 BOND   =       146.0544  ANGLE   =       403.4110  DIHED      =       646.5741
 1-4 NB =       173.0825  1-4 EEL =      2433.6565  VDWAALS    =      3666.5314
 EELEC  =    -36906.2845  EHBOND  =         0.0000  RESTRAINT  =        36.9350
 EAMBER (non-restraint)  =    -29436.9746
 EKCMT  =      2646.7756  VIRIAL  =      2840.5058  VOLUME     =     95100.1555
                                                    Density    =         1.0162
 ------------------------------------------------------------------------------

wrapping first mol.:       16.59827       23.47350       40.65729
wrapping first mol.:       16.59827       23.47350       40.65729

 NSTEP =    40000   TIME(PS) =    1420.000  TEMP(K) =   301.25  PRESS =  -256.8
 Etot   =    -23390.2034  EKtot   =      5814.3125  EPtot      =    -29204.5159
 BOND   =       160.0362  ANGLE   =       419.4138  DIHED      =       662.0497
 1-4 NB =       169.2652  1-4 EEL =      2466.3364  VDWAALS    =      3555.9556
 EELEC  =    -36674.0010  EHBOND  =         0.0000  RESTRAINT  =        36.4282
 EAMBER (non-restraint)  =    -29240.9441
 EKCMT  =      2637.6250  VIRIAL  =      3164.5461  VOLUME     =     95047.4079
                                                    Density    =         1.0168
 ------------------------------------------------------------------------------

wrapping first mol.:       16.60638       23.48496       40.67715
wrapping first mol.:       16.60638       23.48496       40.67715

 NSTEP =    40500   TIME(PS) =    1421.000  TEMP(K) =   295.57  PRESS =  -149.5
 Etot   =    -23632.0233  EKtot   =      5704.7500  EPtot      =    -29336.7733
 BOND   =       150.9535  ANGLE   =       417.6538  DIHED      =       642.0579
 1-4 NB =       169.0265  1-4 EEL =      2468.8584  VDWAALS    =      3675.6793
 EELEC  =    -36901.7251  EHBOND  =         0.0000  RESTRAINT  =        40.7225
 EAMBER (non-restraint)  =    -29377.4957
 EKCMT  =      2562.8142  VIRIAL  =      2869.9650  VOLUME     =     95185.8190
                                                    Density    =         1.0153
 ------------------------------------------------------------------------------

wrapping first mol.:       16.60695       23.48578       40.67856
wrapping first mol.:       16.60695       23.48578       40.67856

 NSTEP =    41000   TIME(PS) =    1422.000  TEMP(K) =   300.84  PRESS =    66.7
 Etot   =    -23423.2289  EKtot   =      5806.4634  EPtot      =    -29229.6923
 BOND   =       157.7760  ANGLE   =       406.7555  DIHED      =       647.2452
 1-4 NB =       173.6380  1-4 EEL =      2449.5659  VDWAALS    =      3667.1581
 EELEC  =    -36764.3336  EHBOND  =         0.0000  RESTRAINT  =        32.5025
 EAMBER (non-restraint)  =    -29262.1948
 EKCMT  =      2578.3699  VIRIAL  =      2441.3779  VOLUME     =     95193.8756
                                                    Density    =         1.0152
 ------------------------------------------------------------------------------

wrapping first mol.:       16.59105       23.46329       40.63961
wrapping first mol.:       16.59105       23.46329       40.63961

 NSTEP =    41500   TIME(PS) =    1423.000  TEMP(K) =   303.14  PRESS =   179.4
 Etot   =    -23496.9954  EKtot   =      5850.7422  EPtot      =    -29347.7376
 BOND   =       156.0799  ANGLE   =       393.8288  DIHED      =       643.6226
 1-4 NB =       172.4907  1-4 EEL =      2441.7007  VDWAALS    =      3767.9471
 EELEC  =    -36956.1899  EHBOND  =         0.0000  RESTRAINT  =        32.7825
 EAMBER (non-restraint)  =    -29380.5201
 EKCMT  =      2571.5813  VIRIAL  =      2203.8618  VOLUME     =     94919.7825
                                                    Density    =         1.0182
 ------------------------------------------------------------------------------

wrapping first mol.:       16.58308       23.45201       40.62007
wrapping first mol.:       16.58308       23.45201       40.62007

 NSTEP =    42000   TIME(PS) =    1424.000  TEMP(K) =   304.08  PRESS =   170.9
 Etot   =    -23502.6294  EKtot   =      5869.0010  EPtot      =    -29371.6304
 BOND   =       153.1667  ANGLE   =       405.8430  DIHED      =       655.0346
 1-4 NB =       180.6338  1-4 EEL =      2432.6038  VDWAALS    =      3735.0611
 EELEC  =    -36971.2708  EHBOND  =         0.0000  RESTRAINT  =        37.2973
 EAMBER (non-restraint)  =    -29408.9277
 EKCMT  =      2710.4481  VIRIAL  =      2360.7146  VOLUME     =     94782.9890
                                                    Density    =         1.0196
 ------------------------------------------------------------------------------

wrapping first mol.:       16.58059       23.44849       40.61397
wrapping first mol.:       16.58059       23.44849       40.61397

 NSTEP =    42500   TIME(PS) =    1425.000  TEMP(K) =   302.47  PRESS =  -217.9
 Etot   =    -23447.0459  EKtot   =      5837.8408  EPtot      =    -29284.8867
 BOND   =       161.5185  ANGLE   =       394.6090  DIHED      =       620.4195
 1-4 NB =       170.6124  1-4 EEL =      2422.3579  VDWAALS    =      3571.7900
 EELEC  =    -36669.9259  EHBOND  =         0.0000  RESTRAINT  =        43.7319
 EAMBER (non-restraint)  =    -29328.6186
 EKCMT  =      2623.8625  VIRIAL  =      3069.5993  VOLUME     =     94743.5951
                                                    Density    =         1.0201
 ------------------------------------------------------------------------------

wrapping first mol.:       16.59385       23.46725       40.64647
wrapping first mol.:       16.59385       23.46725       40.64647

 NSTEP =    43000   TIME(PS) =    1426.000  TEMP(K) =   306.25  PRESS =   -13.0
 Etot   =    -23405.5407  EKtot   =      5910.7319  EPtot      =    -29316.2726
 BOND   =       144.9771  ANGLE   =       411.0108  DIHED      =       637.0339
 1-4 NB =       175.9010  1-4 EEL =      2441.0061  VDWAALS    =      3691.3248
 EELEC  =    -36851.5578  EHBOND  =         0.0000  RESTRAINT  =        34.0314
 EAMBER (non-restraint)  =    -29350.3040
 EKCMT  =      2676.7917  VIRIAL  =      2703.5249  VOLUME     =     94969.4661
                                                    Density    =         1.0176
 ------------------------------------------------------------------------------

wrapping first mol.:       16.61054       23.49085       40.68734
wrapping first mol.:       16.61054       23.49085       40.68734

 NSTEP =    43500   TIME(PS) =    1427.000  TEMP(K) =   306.00  PRESS =   328.3
 Etot   =    -23354.0821  EKtot   =      5905.9263  EPtot      =    -29260.0083
 BOND   =       145.8034  ANGLE   =       394.0596  DIHED      =       651.5543
 1-4 NB =       177.7540  1-4 EEL =      2441.8876  VDWAALS    =      3797.1125
 EELEC  =    -36903.1595  EHBOND  =         0.0000  RESTRAINT  =        34.9798
 EAMBER (non-restraint)  =    -29294.9881
 EKCMT  =      2665.5943  VIRIAL  =      1990.4849  VOLUME     =     95253.3425
                                                    Density    =         1.0146
 ------------------------------------------------------------------------------

wrapping first mol.:       16.62389       23.50973       40.72005
wrapping first mol.:       16.62389       23.50973       40.72005

 NSTEP =    44000   TIME(PS) =    1428.000  TEMP(K) =   308.14  PRESS =   277.8
 Etot   =    -23365.8203  EKtot   =      5947.1953  EPtot      =    -29313.0156
 BOND   =       157.4187  ANGLE   =       387.7315  DIHED      =       643.2100
 1-4 NB =       163.1340  1-4 EEL =      2437.8074  VDWAALS    =      3840.0791
 EELEC  =    -36976.2261  EHBOND  =         0.0000  RESTRAINT  =        33.8298
 EAMBER (non-restraint)  =    -29346.8454
 EKCMT  =      2698.1051  VIRIAL  =      2125.4696  VOLUME     =     95483.6667
                                                    Density    =         1.0122
 ------------------------------------------------------------------------------

wrapping first mol.:       16.62031       23.50467       40.71127
wrapping first mol.:       16.62031       23.50467       40.71127

 NSTEP =    44500   TIME(PS) =    1429.000  TEMP(K) =   300.88  PRESS =   -29.4
 Etot   =    -23540.3098  EKtot   =      5807.1899  EPtot      =    -29347.4997
 BOND   =       148.4827  ANGLE   =       401.2713  DIHED      =       661.8650
 1-4 NB =       165.7909  1-4 EEL =      2417.5998  VDWAALS    =      3629.8159
 EELEC  =    -36803.7878  EHBOND  =         0.0000  RESTRAINT  =        31.4624
 EAMBER (non-restraint)  =    -29378.9622
 EKCMT  =      2606.3869  VIRIAL  =      2666.8601  VOLUME     =     95424.5604
                                                    Density    =         1.0128
 ------------------------------------------------------------------------------

wrapping first mol.:       16.60515       23.48323       40.67414
wrapping first mol.:       16.60515       23.48323       40.67414

 NSTEP =    45000   TIME(PS) =    1430.000  TEMP(K) =   298.25  PRESS =   -69.2
 Etot   =    -23558.9479  EKtot   =      5756.3916  EPtot      =    -29315.3395
 BOND   =       154.0065  ANGLE   =       372.6736  DIHED      =       645.6338
 1-4 NB =       175.9407  1-4 EEL =      2476.6305  VDWAALS    =      3657.5182
 EELEC  =    -36833.2026  EHBOND  =         0.0000  RESTRAINT  =        35.4599
 EAMBER (non-restraint)  =    -29350.7995
 EKCMT  =      2592.6955  VIRIAL  =      2734.8610  VOLUME     =     95164.0004
                                                    Density    =         1.0156
 ------------------------------------------------------------------------------

wrapping first mol.:       16.59492       23.46875       40.64907
wrapping first mol.:       16.59492       23.46875       40.64907

 NSTEP =    45500   TIME(PS) =    1431.000  TEMP(K) =   298.82  PRESS =  -175.8
 Etot   =    -23608.0765  EKtot   =      5767.3345  EPtot      =    -29375.4110
 BOND   =       135.3535  ANGLE   =       425.5041  DIHED      =       647.5367
 1-4 NB =       170.6942  1-4 EEL =      2446.2591  VDWAALS    =      3708.0894
 EELEC  =    -36941.6861  EHBOND  =         0.0000  RESTRAINT  =        32.8381
 EAMBER (non-restraint)  =    -29408.2491
 EKCMT  =      2602.0573  VIRIAL  =      2962.5602  VOLUME     =     94989.0733
                                                    Density    =         1.0174
 ------------------------------------------------------------------------------

wrapping first mol.:       16.59046       23.46246       40.63817
wrapping first mol.:       16.59046       23.46246       40.63817

 NSTEP =    46000   TIME(PS) =    1432.000  TEMP(K) =   298.54  PRESS =   197.7
 Etot   =    -23544.5387  EKtot   =      5762.0430  EPtot      =    -29306.5817
 BOND   =       146.1050  ANGLE   =       427.6040  DIHED      =       636.4134
 1-4 NB =       165.5889  1-4 EEL =      2416.9332  VDWAALS    =      3756.0449
 EELEC  =    -36893.0566  EHBOND  =         0.0000  RESTRAINT  =        37.7855
 EAMBER (non-restraint)  =    -29344.3672
 EKCMT  =      2620.7483  VIRIAL  =      2215.5596  VOLUME     =     94909.5012
                                                    Density    =         1.0183
 ------------------------------------------------------------------------------

wrapping first mol.:       16.60109       23.47749       40.66420
wrapping first mol.:       16.60109       23.47749       40.66420

 NSTEP =    46500   TIME(PS) =    1433.000  TEMP(K) =   300.59  PRESS =  -121.3
 Etot   =    -23509.5172  EKtot   =      5801.4771  EPtot      =    -29310.9943
 BOND   =       145.4368  ANGLE   =       431.3005  DIHED      =       637.5867
 1-4 NB =       181.2851  1-4 EEL =      2447.3933  VDWAALS    =      3782.2796
 EELEC  =    -36975.8555  EHBOND  =         0.0000  RESTRAINT  =        39.5793
 EAMBER (non-restraint)  =    -29350.5736
 EKCMT  =      2630.1614  VIRIAL  =      2879.2752  VOLUME     =     95094.7168
                                                    Density    =         1.0163
 ------------------------------------------------------------------------------

wrapping first mol.:       16.59712       23.47187       40.65447
wrapping first mol.:       16.59712       23.47187       40.65447

 NSTEP =    47000   TIME(PS) =    1434.000  TEMP(K) =   298.79  PRESS =   -62.0
 Etot   =    -23452.6565  EKtot   =      5766.8838  EPtot      =    -29219.5403
 BOND   =       143.8131  ANGLE   =       421.8689  DIHED      =       663.6337
 1-4 NB =       169.2109  1-4 EEL =      2419.2818  VDWAALS    =      3728.8692
 EELEC  =    -36802.3052  EHBOND  =         0.0000  RESTRAINT  =        36.0873
 EAMBER (non-restraint)  =    -29255.6276
 EKCMT  =      2635.4244  VIRIAL  =      2762.5986  VOLUME     =     95025.9686
                                                    Density    =         1.0170
 ------------------------------------------------------------------------------

wrapping first mol.:       16.58273       23.45152       40.61922
wrapping first mol.:       16.58273       23.45152       40.61922

 NSTEP =    47500   TIME(PS) =    1435.000  TEMP(K) =   298.56  PRESS =  -142.5
 Etot   =    -23548.1597  EKtot   =      5762.4668  EPtot      =    -29310.6265
 BOND   =       142.8830  ANGLE   =       411.6540  DIHED      =       652.3902
 1-4 NB =       181.9352  1-4 EEL =      2456.2079  VDWAALS    =      3727.3959
 EELEC  =    -36923.1262  EHBOND  =         0.0000  RESTRAINT  =        40.0334
 EAMBER (non-restraint)  =    -29350.6599
 EKCMT  =      2620.1627  VIRIAL  =      2911.7063  VOLUME     =     94779.7172
                                                    Density    =         1.0197
 ------------------------------------------------------------------------------

wrapping first mol.:       16.59729       23.47211       40.65488
wrapping first mol.:       16.59729       23.47211       40.65488

 NSTEP =    48000   TIME(PS) =    1436.000  TEMP(K) =   303.80  PRESS =   279.8
 Etot   =    -23401.3647  EKtot   =      5863.4658  EPtot      =    -29264.8305
 BOND   =       162.7959  ANGLE   =       401.1613  DIHED      =       639.8619
 1-4 NB =       160.8096  1-4 EEL =      2440.9568  VDWAALS    =      3797.8099
 EELEC  =    -36908.9388  EHBOND  =         0.0000  RESTRAINT  =        40.7130
 EAMBER (non-restraint)  =    -29305.5435
 EKCMT  =      2671.6819  VIRIAL  =      2097.5759  VOLUME     =     95025.9631
                                                    Density    =         1.0170
 ------------------------------------------------------------------------------

wrapping first mol.:       16.60573       23.48404       40.67555
wrapping first mol.:       16.60573       23.48404       40.67555

 NSTEP =    48500   TIME(PS) =    1437.000  TEMP(K) =   301.70  PRESS =   -20.1
 Etot   =    -23483.2451  EKtot   =      5822.9189  EPtot      =    -29306.1640
 BOND   =       155.5067  ANGLE   =       387.8646  DIHED      =       643.0386
 1-4 NB =       173.4592  1-4 EEL =      2441.6228  VDWAALS    =      3723.3265
 EELEC  =    -36866.8502  EHBOND  =         0.0000  RESTRAINT  =        35.8678
 EAMBER (non-restraint)  =    -29342.0319
 EKCMT  =      2627.1240  VIRIAL  =      2668.4521  VOLUME     =     95173.5355
                                                    Density    =         1.0155
 ------------------------------------------------------------------------------

wrapping first mol.:       16.61987       23.50404       40.71019
wrapping first mol.:       16.61987       23.50404       40.71019

 NSTEP =    49000   TIME(PS) =    1438.000  TEMP(K) =   297.26  PRESS =   348.1
 Etot   =    -23577.6072  EKtot   =      5737.2646  EPtot      =    -29314.8718
 BOND   =       137.9808  ANGLE   =       416.5350  DIHED      =       642.2387
 1-4 NB =       176.9886  1-4 EEL =      2433.3222  VDWAALS    =      3862.9299
 EELEC  =    -37016.6011  EHBOND  =         0.0000  RESTRAINT  =        31.7341
 EAMBER (non-restraint)  =    -29346.6059
 EKCMT  =      2609.7935  VIRIAL  =      1892.6840  VOLUME     =     95413.7205
                                                    Density    =         1.0129
 ------------------------------------------------------------------------------

wrapping first mol.:       16.61879       23.50252       40.70755
wrapping first mol.:       16.61879       23.50252       40.70755

 NSTEP =    49500   TIME(PS) =    1439.000  TEMP(K) =   301.62  PRESS =  -263.2
 Etot   =    -23424.6484  EKtot   =      5821.5249  EPtot      =    -29246.1733
 BOND   =       150.7184  ANGLE   =       409.9821  DIHED      =       649.9760
 1-4 NB =       172.2854  1-4 EEL =      2417.9691  VDWAALS    =      3645.8671
 EELEC  =    -36729.1243  EHBOND  =         0.0000  RESTRAINT  =        36.1529
 EAMBER (non-restraint)  =    -29282.3262
 EKCMT  =      2630.9236  VIRIAL  =      3172.9686  VOLUME     =     95400.3675
                                                    Density    =         1.0130
 ------------------------------------------------------------------------------

wrapping first mol.:       16.60301       23.48020       40.66890
wrapping first mol.:       16.60301       23.48020       40.66890

 NSTEP =    50000   TIME(PS) =    1440.000  TEMP(K) =   302.35  PRESS =   380.4
 Etot   =    -23424.9190  EKtot   =      5835.4497  EPtot      =    -29260.3687
 BOND   =       160.0961  ANGLE   =       401.7460  DIHED      =       640.0856
 1-4 NB =       165.4348  1-4 EEL =      2423.0200  VDWAALS    =      3783.9390
 EELEC  =    -36873.0470  EHBOND  =         0.0000  RESTRAINT  =        38.3568
 EAMBER (non-restraint)  =    -29298.7255
 EKCMT  =      2631.3215  VIRIAL  =      1850.0709  VOLUME     =     95123.4080
                                                    Density    =         1.0160
 ------------------------------------------------------------------------------


      A V E R A G E S   O V E R     100 S T E P S


 NSTEP =    50000   TIME(PS) =    1440.000  TEMP(K) =   300.68  PRESS =     5.4
 Etot   =    -23499.8942  EKtot   =      5803.2128  EPtot      =    -29303.1069
 BOND   =       152.1027  ANGLE   =       407.7229  DIHED      =       647.9219
 1-4 NB =       172.8441  1-4 EEL =      2440.3783  VDWAALS    =      3721.9875
 EELEC  =    -36881.7520  EHBOND  =         0.0000  RESTRAINT  =        35.6877
 EAMBER (non-restraint)  =    -29338.7946
 EKCMT  =      2622.5724  VIRIAL  =      2611.2551  VOLUME     =     95146.8325
                                                    Density    =         1.0157
 ------------------------------------------------------------------------------


      R M S  F L U C T U A T I O N S


 NSTEP =    50000   TIME(PS) =    1440.000  TEMP(K) =     3.08  PRESS =   227.5
 Etot   =        93.5954  EKtot   =        59.5091  EPtot      =        77.6962
 BOND   =         9.2228  ANGLE   =        13.9779  DIHED      =         9.2042
 1-4 NB =         4.7209  1-4 EEL =        12.8614  VDWAALS    =        85.0465
 EELEC  =       129.4893  EHBOND  =         0.0000  RESTRAINT  =         3.3898
 EAMBER (non-restraint)  =        74.3064
 EKCMT  =        38.5362  VIRIAL  =       465.9714  VOLUME     =       205.6646
                                                    Density    =         0.0022
 ------------------------------------------------------------------------------

--------------------------------------------------------------------------------
   5.  TIMINGS
--------------------------------------------------------------------------------

|  NonSetup CPU Time in Major Routines:
|
|     Routine           Sec        %
|     ------------------------------
|     Nonbond          55.70   88.53
|     Bond              0.00    0.00
|     Angle             0.00    0.00
|     Dihedral          0.00    0.00
|     Shake             0.32    0.51
|     RunMD             6.88   10.94
|     Other             0.01    0.02
|     ------------------------------
|     Total            62.92

|  PME Nonbond Pairlist CPU Time:
|
|     Routine              Sec        %
|     ---------------------------------
|     Set Up Cit           0.00    0.00
|     Build List           0.00    0.00
|     ---------------------------------
|     Total                0.00    0.00

|  PME Direct Force CPU Time:
|
|     Routine              Sec        %
|     ---------------------------------
|     NonBonded Calc       0.00    0.00
|     Exclude Masked       0.00    0.00
|     Other                0.00    0.01
|     ---------------------------------
|     Total                0.00    0.01

|  PME Reciprocal Force CPU Time:
|
|     Routine              Sec        %
|     ---------------------------------
|     1D bspline           0.00    0.00
|     Grid Charges         0.00    0.00
|     Scalar Sum           0.00    0.00
|     Gradient Sum         0.00    0.00
|     FFT                  0.00    0.00
|     ---------------------------------
|     Total                0.00    0.00

|  Final Performance Info:
|     -----------------------------------------------------
|     Average timings for last    2000 steps:
|     Elapsed(s) =       2.52 Per Step(ms) =       1.26
|         ns/day =     137.27   seconds/ns =     629.41
|
|     Average timings for all steps:
|     Elapsed(s) =      62.92 Per Step(ms) =       1.26
|         ns/day =     137.31   seconds/ns =     629.23
|     -----------------------------------------------------

|  Setup CPU time:            0.39 seconds
|  NonSetup CPU time:        62.92 seconds
|  Total CPU time:           63.31 seconds     0.02 hours

|  Setup wall time:           0    seconds
|  NonSetup wall time:       63    seconds
|  Total wall time:          63    seconds     0.02 hours
