
          -------------------------------------------------------
          Amber 16 PMEMD                              2016
          -------------------------------------------------------

| PMEMD implementation of SANDER, Release 16

| Run on 06/20/2017 at 00:03:21

|   Executable path: pmemd.cuda
| Working directory: /home/german/alex/run/3im/mhe/e
|          Hostname: Unknown
  [-O]verwriting output

File Assignments:
|   MDIN: 26equ.in                                                              
|  MDOUT: 26equ.out                                                             
| INPCRD: 25e3im.rst7                                                           
|   PARM: /home/german/alex/top_files/3im.prmtop                                
| RESTRT: 26e3im.rst7                                                           
|   REFC: 25e3im.rst7                                                           
|  MDVEL: mdvel                                                                 
|   MDEN: mden                                                                  
|  MDCRD: 26e3im.nc                                                             
| MDINFO: mdinfo                                                                
|  MDFRC: mdfrc                                                                 


 Here is the input file:

Equilibration with solute restrictions                                         
&cntrl                                                                         
imin = 0,                           ! No Minimization                          
nmropt = 0,                         ! No NMR restraints read                   
                                                                               
! Nature and format of the input                                               
ntx = 5,                            ! Coordinates but no velocities will be rea
irest = 1,                          ! Do not run a new simulation              
                                                                               
! Nature and format of the output                                              
ntxo = 1,                           ! rstrt file in ASCII format               
ntpr = 500,                         ! inf in output every ntpr steps           
ntwr = 500,                         ! rstrt file every ntwr steps              
ntwx = 500,                         ! mdcrd file every ntwx steps              
ntwv = 0,                           ! mdvel without velocities                 
ntwe = 0,                           ! Energies and temperatures not written in 
idecomp = 0,                        ! No energy decomposition                  
iwrap = 1,                          ! Coordinates of the restart and mdcrd file
                                                                               
! Frozen or restrained atoms                                                   
ibelly = 0,                         ! No frozen atoms                          
ntr=1,                              ! Harmonic potential restraints            
restraint_wt = 0.2,                ! The weight for the positional restraints  
restraintmask = ':1-49@N,CA,C,O',  ! restrained residues                       
                                                                               
! Molecular dynamics                                                           
nstlim = 50000,                     ! Number of MD-steps                       
dt = 0.002,                         ! Time step                                
                                                                               
! Temperature regulation                                                       
ntt = 3,                            ! Langevin thermostat                      
gamma_ln = 5,                       ! Gamma constant for Langevin              
!temp0 = 300.0,                     ! Reference T at which the system is to be 
tempi = 300.0,                      ! Initial T                                
ig = -1,                            ! Seed for the RNG                         
                                                                               
! P and V regulation                                                           
ntp = 1,                            ! Constant P. Isotropic scaling            
barostat = 1,                       ! Berendsen barostat                       
taup = 1,                           ! Pressure relaxation time                 
nrespa = 1,                         ! Evaluate at each step                    
ntb = 2,                            ! Periodic box for constant P              
                                                                               
! SHAKE variables                                                              
ntc = 2,                            ! Bonds involving H are constrained        
ntf = 2,                            ! Bond interaction involving H are ommited.
                                                                               
cut = 10.0,                         ! Nonbonded cutoff                         
/                                                                              
&end                                                                           


Note: ig = -1. Setting random seed to   266030 based on wallclock time in 
      microseconds.
 
|--------------------- INFORMATION ----------------------
| GPU (CUDA) Version of PMEMD in use: NVIDIA GPU IN USE.
|                    Version 16.0.0
| 
|                      02/25/2016
| 
| Implementation by:
|                    Ross C. Walker     (SDSC)
|                    Scott Le Grand     (nVIDIA)
| 
| Precision model in use:
|      [SPFP] - Single Precision Forces, 64-bit Fixed Point
|               Accumulation. (Default)
| 
|--------------------------------------------------------
 
|----------------- CITATION INFORMATION -----------------
|
|    When publishing work that utilized the CUDA version
|    of AMBER, please cite the following in addition to
|    the regular AMBER citations:
|
|  - Romelia Salomon-Ferrer; Andreas W. Goetz; Duncan
|    Poole; Scott Le Grand; Ross C. Walker "Routine
|    microsecond molecular dynamics simulations with
|    AMBER - Part II: Particle Mesh Ewald", J. Chem.
|    Theory Comput., 2013, 9 (9), pp3878-3888,
|    DOI: 10.1021/ct400314y.
|
|  - Andreas W. Goetz; Mark J. Williamson; Dong Xu;
|    Duncan Poole; Scott Le Grand; Ross C. Walker
|    "Routine microsecond molecular dynamics simulations
|    with AMBER - Part I: Generalized Born", J. Chem.
|    Theory Comput., 2012, 8 (5), pp1542-1555.
|
|  - Scott Le Grand; Andreas W. Goetz; Ross C. Walker
|    "SPFP: Speed without compromise - a mixed precision
|    model for GPU accelerated molecular dynamics
|    simulations.", Comp. Phys. Comm., 2013, 184
|    pp374-380, DOI: 10.1016/j.cpc.2012.09.022
|
|--------------------------------------------------------
 
|------------------- GPU DEVICE INFO --------------------
|
|            CUDA_VISIBLE_DEVICES: 0
|   CUDA Capable Devices Detected:      1
|           CUDA Device ID in use:      0
|                CUDA Device Name: GeForce GTX 1060 6GB
|     CUDA Device Global Mem Size:   6072 MB
| CUDA Device Num Multiprocessors:     10
|           CUDA Device Core Freq:   1.76 GHz
|
|--------------------------------------------------------
 
 
| Conditional Compilation Defines Used:
| PUBFFT
| BINTRAJ
| CUDA
| EMIL

| Largest sphere to fit in unit cell has radius =    20.325

| New format PARM file being parsed.
| Version =    1.000 Date = 06/17/17 Time = 14:30:34

| Note: 1-4 EEL scale factors are being read from the topology file.

| Note: 1-4 VDW scale factors are being read from the topology file.
| Duplicated    0 dihedrals

| Duplicated    0 dihedrals

--------------------------------------------------------------------------------
   1.  RESOURCE   USE: 
--------------------------------------------------------------------------------

 getting new box info from bottom of inpcrd
 NATOM  =    9514 NTYPES =      17 NBONH =    9117 MBONA  =     402
 NTHETH =     874 MTHETA =     539 NPHIH =    1768 MPHIA  =    1685
 NHPARM =       0 NPARM  =       0 NNB   =   15927 NRES   =    2963
 NBONA  =     402 NTHETA =     539 NPHIA =    1685 NUMBND =      67
 NUMANG =     152 NPTRA  =     191 NATYP =      36 NPHB   =       1
 IFBOX  =       2 NMXRS  =      25 IFCAP =       0 NEXTRA =       0
 NCOPY  =       0

| Coordinate Index Table dimensions:     8    8    8
| Direct force subcell size =     6.2234    6.2234    6.2234

     BOX TYPE: TRUNCATED OCTAHEDRON

--------------------------------------------------------------------------------
   2.  CONTROL  DATA  FOR  THE  RUN
--------------------------------------------------------------------------------

default_name                                                                    

General flags:
     imin    =       0, nmropt  =       0

Nature and format of input:
     ntx     =       5, irest   =       1, ntrx    =       1

Nature and format of output:
     ntxo    =       1, ntpr    =     500, ntrx    =       1, ntwr    =     500
     iwrap   =       1, ntwx    =     500, ntwv    =       0, ntwe    =       0
     ioutfm  =       1, ntwprt  =       0, idecomp =       0, rbornstat=      0

Potential function:
     ntf     =       2, ntb     =       2, igb     =       0, nsnb    =      25
     ipol    =       0, gbsa    =       0, iesp    =       0
     dielc   =   1.00000, cut     =  10.00000, intdiel =   1.00000

Frozen or restrained atoms:
     ibelly  =       0, ntr     =       1
     restraint_wt =   0.20000

Molecular dynamics:
     nstlim  =     50000, nscm    =         0, nrespa  =         1
     t       =   0.00000, dt      =   0.00200, vlimit  =  -1.00000

Langevin dynamics temperature regulation:
     ig      =  266030
     temp0   = 300.00000, tempi   = 300.00000, gamma_ln=   5.00000

Pressure regulation:
     ntp     =       1
     pres0   =   1.00000, comp    =  44.60000, taup    =   1.00000

SHAKE:
     ntc     =       2, jfastw  =       0
     tol     =   0.00001

| Intermolecular bonds treatment:
|     no_intermolecular_bonds =       1

| Energy averages sample interval:
|     ene_avg_sampling =     500

Ewald parameters:
     verbose =       0, ew_type =       0, nbflag  =       1, use_pme =       1
     vdwmeth =       1, eedmeth =       1, netfrc  =       1
     Box X =   49.787   Box Y =   49.787   Box Z =   49.787
     Alpha =  109.471   Beta  =  109.471   Gamma =  109.471
     NFFT1 =   56       NFFT2 =   56       NFFT3 =   56
     Cutoff=   10.000   Tol   =0.100E-04
     Ewald Coefficient =  0.27511
     Interpolation order =    4

    LOADING THE CONSTRAINED ATOMS AS GROUPS


   5.  REFERENCE ATOM COORDINATES

  default_name                                                                    
     Mask :1-49@N,CA,C,O; matches   196 atoms

--------------------------------------------------------------------------------
   3.  ATOMIC COORDINATES AND VELOCITIES
--------------------------------------------------------------------------------

default_name                                                                    
 begin time read from input coords =  2640.000 ps

 
 Number of triangulated 3-point waters found:     2911

     Sum of charges from parm topology file =  -0.00000003
     Forcing neutrality...

| Dynamic Memory, Types Used:
| Reals              551420
| Integers           312113

| Nonbonded Pairs Initial Allocation:     2877747

| GPU memory information (estimate):
| KB of GPU memory in use:     67281
| KB of CPU memory in use:     14481

--------------------------------------------------------------------------------
   4.  RESULTS
--------------------------------------------------------------------------------

 ---------------------------------------------------
 APPROXIMATING switch and d/dx switch using CUBIC SPLINE INTERPOLATION
 using   5000.0 points per unit in tabled values
 TESTING RELATIVE ERROR over r ranging from 0.0 to cutoff
| CHECK switch(x): max rel err =   0.2738E-14   at   2.422500
| CHECK d/dx switch(x): max rel err =   0.8314E-11   at   2.736960
 ---------------------------------------------------
|---------------------------------------------------
| APPROXIMATING direct energy using CUBIC SPLINE INTERPOLATION
|  with   50.0 points per unit in tabled values
| Relative Error Limit not exceeded for r .gt.   2.33
| APPROXIMATING direct force using CUBIC SPLINE INTERPOLATION
|  with   50.0 points per unit in tabled values
| Relative Error Limit not exceeded for r .gt.   2.80
|---------------------------------------------------
wrapping first mol.:       16.61965       23.50373       40.70965
wrapping first mol.:       16.61965       23.50373       40.70965

 NSTEP =      500   TIME(PS) =    2641.000  TEMP(K) =   300.66  PRESS =  -198.7
 Etot   =    -23502.3769  EKtot   =      5803.0078  EPtot      =    -29305.3848
 BOND   =       158.0976  ANGLE   =       410.9383  DIHED      =       640.9011
 1-4 NB =       176.8737  1-4 EEL =      2422.4083  VDWAALS    =      3658.0958
 EELEC  =    -36781.6398  EHBOND  =         0.0000  RESTRAINT  =         8.9402
 EAMBER (non-restraint)  =    -29314.3250
 EKCMT  =      2657.6381  VIRIAL  =      3066.9226  VOLUME     =     95414.5628
                                                    Density    =         1.0129
 ------------------------------------------------------------------------------

wrapping first mol.:       16.61372       23.49534       40.69513
wrapping first mol.:       16.61372       23.49534       40.69513

 NSTEP =     1000   TIME(PS) =    2642.000  TEMP(K) =   298.09  PRESS =    20.3
 Etot   =    -23593.2643  EKtot   =      5753.2900  EPtot      =    -29346.5544
 BOND   =       142.0708  ANGLE   =       410.4428  DIHED      =       637.2952
 1-4 NB =       167.5065  1-4 EEL =      2430.2404  VDWAALS    =      3765.8985
 EELEC  =    -36907.7350  EHBOND  =         0.0000  RESTRAINT  =         7.7264
 EAMBER (non-restraint)  =    -29354.2807
 EKCMT  =      2578.8617  VIRIAL  =      2537.0097  VOLUME     =     95310.6384
                                                    Density    =         1.0140
 ------------------------------------------------------------------------------

wrapping first mol.:       16.59771       23.47271       40.65592
wrapping first mol.:       16.59771       23.47271       40.65592

 NSTEP =     1500   TIME(PS) =    2643.000  TEMP(K) =   298.79  PRESS =  -293.0
 Etot   =    -23619.6624  EKtot   =      5766.8140  EPtot      =    -29386.4763
 BOND   =       173.9638  ANGLE   =       414.6678  DIHED      =       630.0051
 1-4 NB =       157.8873  1-4 EEL =      2372.5406  VDWAALS    =      3736.6186
 EELEC  =    -36882.8844  EHBOND  =         0.0000  RESTRAINT  =        10.7247
 EAMBER (non-restraint)  =    -29397.2011
 EKCMT  =      2601.4629  VIRIAL  =      3202.7493  VOLUME     =     95038.1192
                                                    Density    =         1.0169
 ------------------------------------------------------------------------------

wrapping first mol.:       16.58837       23.45950       40.63305
wrapping first mol.:       16.58837       23.45950       40.63305

 NSTEP =     2000   TIME(PS) =    2644.000  TEMP(K) =   299.80  PRESS =    82.2
 Etot   =    -23560.3311  EKtot   =      5786.3467  EPtot      =    -29346.6778
 BOND   =       159.0686  ANGLE   =       383.3118  DIHED      =       654.5518
 1-4 NB =       171.8659  1-4 EEL =      2403.0946  VDWAALS    =      3722.8859
 EELEC  =    -36852.3692  EHBOND  =         0.0000  RESTRAINT  =        10.9127
 EAMBER (non-restraint)  =    -29357.5906
 EKCMT  =      2595.6336  VIRIAL  =      2427.2576  VOLUME     =     94874.6047
                                                    Density    =         1.0187
 ------------------------------------------------------------------------------

wrapping first mol.:       16.60049       23.47664       40.66273
wrapping first mol.:       16.60049       23.47664       40.66273

 NSTEP =     2500   TIME(PS) =    2645.000  TEMP(K) =   293.96  PRESS =    63.1
 Etot   =    -23701.9967  EKtot   =      5673.5176  EPtot      =    -29375.5143
 BOND   =       159.1323  ANGLE   =       381.4278  DIHED      =       631.2420
 1-4 NB =       172.4379  1-4 EEL =      2407.0244  VDWAALS    =      3700.6068
 EELEC  =    -36838.1604  EHBOND  =         0.0000  RESTRAINT  =        10.7750
 EAMBER (non-restraint)  =    -29386.2892
 EKCMT  =      2563.8436  VIRIAL  =      2434.3275  VOLUME     =     95082.8758
                                                    Density    =         1.0164
 ------------------------------------------------------------------------------

wrapping first mol.:       16.58099       23.44906       40.61495
wrapping first mol.:       16.58099       23.44906       40.61495

 NSTEP =     3000   TIME(PS) =    2646.000  TEMP(K) =   302.19  PRESS =   -70.5
 Etot   =    -23560.8453  EKtot   =      5832.4385  EPtot      =    -29393.2838
 BOND   =       158.7747  ANGLE   =       389.0248  DIHED      =       645.0457
 1-4 NB =       173.5831  1-4 EEL =      2403.8227  VDWAALS    =      3777.0938
 EELEC  =    -36950.3751  EHBOND  =         0.0000  RESTRAINT  =         9.7464
 EAMBER (non-restraint)  =    -29403.0303
 EKCMT  =      2675.5468  VIRIAL  =      2819.6728  VOLUME     =     94749.2048
                                                    Density    =         1.0200
 ------------------------------------------------------------------------------

wrapping first mol.:       16.61462       23.49662       40.69734
wrapping first mol.:       16.61462       23.49662       40.69734

 NSTEP =     3500   TIME(PS) =    2647.000  TEMP(K) =   298.19  PRESS =   -38.2
 Etot   =    -23633.2497  EKtot   =      5755.2354  EPtot      =    -29388.4850
 BOND   =       156.7214  ANGLE   =       430.4153  DIHED      =       628.4605
 1-4 NB =       164.0083  1-4 EEL =      2405.2689  VDWAALS    =      3736.3868
 EELEC  =    -36923.6972  EHBOND  =         0.0000  RESTRAINT  =        13.9510
 EAMBER (non-restraint)  =    -29402.4360
 EKCMT  =      2588.3826  VIRIAL  =      2666.9846  VOLUME     =     95326.7326
                                                    Density    =         1.0138
 ------------------------------------------------------------------------------

wrapping first mol.:       16.62684       23.51390       40.72727
wrapping first mol.:       16.62684       23.51390       40.72727

 NSTEP =     4000   TIME(PS) =    2648.000  TEMP(K) =   300.52  PRESS =  -155.4
 Etot   =    -23558.2825  EKtot   =      5800.2041  EPtot      =    -29358.4866
 BOND   =       149.2839  ANGLE   =       396.0597  DIHED      =       641.6521
 1-4 NB =       162.0147  1-4 EEL =      2375.6187  VDWAALS    =      3723.2260
 EELEC  =    -36815.8348  EHBOND  =         0.0000  RESTRAINT  =         9.4931
 EAMBER (non-restraint)  =    -29367.9797
 EKCMT  =      2588.2373  VIRIAL  =      2908.7359  VOLUME     =     95538.1464
                                                    Density    =         1.0116
 ------------------------------------------------------------------------------

wrapping first mol.:       16.63235       23.52170       40.74077
wrapping first mol.:       16.63235       23.52170       40.74077

 NSTEP =     4500   TIME(PS) =    2649.000  TEMP(K) =   295.70  PRESS =   190.4
 Etot   =    -23724.3948  EKtot   =      5707.0967  EPtot      =    -29431.4915
 BOND   =       144.0336  ANGLE   =       401.7698  DIHED      =       624.3892
 1-4 NB =       167.5573  1-4 EEL =      2391.1085  VDWAALS    =      3836.6320
 EELEC  =    -37008.8861  EHBOND  =         0.0000  RESTRAINT  =        11.9042
 EAMBER (non-restraint)  =    -29443.3957
 EKCMT  =      2604.0725  VIRIAL  =      2211.0076  VOLUME     =     95630.2730
                                                    Density    =         1.0106
 ------------------------------------------------------------------------------

wrapping first mol.:       16.61453       23.49649       40.69711
wrapping first mol.:       16.61453       23.49649       40.69711

 NSTEP =     5000   TIME(PS) =    2650.000  TEMP(K) =   296.75  PRESS =    60.7
 Etot   =    -23512.1850  EKtot   =      5727.4780  EPtot      =    -29239.6630
 BOND   =       156.0368  ANGLE   =       398.3587  DIHED      =       629.7169
 1-4 NB =       174.2704  1-4 EEL =      2388.1128  VDWAALS    =      3671.9245
 EELEC  =    -36669.2459  EHBOND  =         0.0000  RESTRAINT  =        11.1628
 EAMBER (non-restraint)  =    -29250.8258
 EKCMT  =      2599.9116  VIRIAL  =      2475.0247  VOLUME     =     95324.2532
                                                    Density    =         1.0138
 ------------------------------------------------------------------------------

wrapping first mol.:       16.59699       23.47169       40.65415
wrapping first mol.:       16.59699       23.47169       40.65415

 NSTEP =     5500   TIME(PS) =    2651.000  TEMP(K) =   296.33  PRESS =   -19.9
 Etot   =    -23750.5300  EKtot   =      5719.4199  EPtot      =    -29469.9499
 BOND   =       150.1722  ANGLE   =       394.5832  DIHED      =       631.2892
 1-4 NB =       173.0062  1-4 EEL =      2394.5766  VDWAALS    =      3845.9312
 EELEC  =    -37071.5369  EHBOND  =         0.0000  RESTRAINT  =        12.0285
 EAMBER (non-restraint)  =    -29481.9784
 EKCMT  =      2532.0543  VIRIAL  =      2572.9418  VOLUME     =     95023.3883
                                                    Density    =         1.0171
 ------------------------------------------------------------------------------

wrapping first mol.:       16.61378       23.49543       40.69527
wrapping first mol.:       16.61378       23.49543       40.69527

 NSTEP =     6000   TIME(PS) =    2652.000  TEMP(K) =   302.62  PRESS =   178.9
 Etot   =    -23402.5692  EKtot   =      5840.6890  EPtot      =    -29243.2582
 BOND   =       159.9916  ANGLE   =       365.6353  DIHED      =       633.6964
 1-4 NB =       168.3240  1-4 EEL =      2429.7685  VDWAALS    =      3646.7332
 EELEC  =    -36661.2625  EHBOND  =         0.0000  RESTRAINT  =        13.8554
 EAMBER (non-restraint)  =    -29257.1136
 EKCMT  =      2626.1528  VIRIAL  =      2257.8978  VOLUME     =     95310.3290
                                                    Density    =         1.0140
 ------------------------------------------------------------------------------

wrapping first mol.:       16.60044       23.47657       40.66261
wrapping first mol.:       16.60044       23.47657       40.66261

 NSTEP =     6500   TIME(PS) =    2653.000  TEMP(K) =   298.75  PRESS =   125.2
 Etot   =    -23552.6137  EKtot   =      5765.9966  EPtot      =    -29318.6103
 BOND   =       157.2118  ANGLE   =       410.9105  DIHED      =       636.5681
 1-4 NB =       174.2422  1-4 EEL =      2410.4338  VDWAALS    =      3739.1992
 EELEC  =    -36859.4687  EHBOND  =         0.0000  RESTRAINT  =        12.2929
 EAMBER (non-restraint)  =    -29330.9031
 EKCMT  =      2613.5167  VIRIAL  =      2356.5923  VOLUME     =     95081.4498
                                                    Density    =         1.0164
 ------------------------------------------------------------------------------

wrapping first mol.:       16.60198       23.47875       40.66638
wrapping first mol.:       16.60198       23.47875       40.66638

 NSTEP =     7000   TIME(PS) =    2654.000  TEMP(K) =   299.52  PRESS =   -45.7
 Etot   =    -23626.0742  EKtot   =      5780.8247  EPtot      =    -29406.8989
 BOND   =       136.8011  ANGLE   =       413.3665  DIHED      =       627.9788
 1-4 NB =       179.7952  1-4 EEL =      2402.3502  VDWAALS    =      3740.3353
 EELEC  =    -36919.2906  EHBOND  =         0.0000  RESTRAINT  =        11.7645
 EAMBER (non-restraint)  =    -29418.6634
 EKCMT  =      2555.8607  VIRIAL  =      2649.6471  VOLUME     =     95109.3811
                                                    Density    =         1.0161
 ------------------------------------------------------------------------------

wrapping first mol.:       16.59877       23.47421       40.65852
wrapping first mol.:       16.59877       23.47421       40.65852

 NSTEP =     7500   TIME(PS) =    2655.000  TEMP(K) =   298.62  PRESS =   236.3
 Etot   =    -23456.1943  EKtot   =      5763.5381  EPtot      =    -29219.7324
 BOND   =       149.0283  ANGLE   =       427.1973  DIHED      =       629.3235
 1-4 NB =       171.9437  1-4 EEL =      2402.8596  VDWAALS    =      3683.0002
 EELEC  =    -36695.5778  EHBOND  =         0.0000  RESTRAINT  =        12.4927
 EAMBER (non-restraint)  =    -29232.2251
 EKCMT  =      2647.5870  VIRIAL  =      2162.5745  VOLUME     =     95051.8129
                                                    Density    =         1.0168
 ------------------------------------------------------------------------------

wrapping first mol.:       16.60166       23.47830       40.66560
wrapping first mol.:       16.60166       23.47830       40.66560

 NSTEP =     8000   TIME(PS) =    2656.000  TEMP(K) =   303.80  PRESS =  -187.1
 Etot   =    -23338.9487  EKtot   =      5863.4497  EPtot      =    -29202.3984
 BOND   =       148.9538  ANGLE   =       398.1024  DIHED      =       639.0947
 1-4 NB =       166.1090  1-4 EEL =      2380.7231  VDWAALS    =      3646.1782
 EELEC  =    -36594.0505  EHBOND  =         0.0000  RESTRAINT  =        12.4911
 EAMBER (non-restraint)  =    -29214.8894
 EKCMT  =      2681.3198  VIRIAL  =      3065.6188  VOLUME     =     95105.1059
                                                    Density    =         1.0162
 ------------------------------------------------------------------------------

wrapping first mol.:       16.58989       23.46165       40.63676
wrapping first mol.:       16.58989       23.46165       40.63676

 NSTEP =     8500   TIME(PS) =    2657.000  TEMP(K) =   298.30  PRESS =   290.5
 Etot   =    -23566.0340  EKtot   =      5757.2944  EPtot      =    -29323.3285
 BOND   =       160.7626  ANGLE   =       410.7771  DIHED      =       631.2370
 1-4 NB =       170.1959  1-4 EEL =      2381.0951  VDWAALS    =      3703.9245
 EELEC  =    -36794.5551  EHBOND  =         0.0000  RESTRAINT  =        13.2345
 EAMBER (non-restraint)  =    -29336.5630
 EKCMT  =      2635.7515  VIRIAL  =      2040.5657  VOLUME     =     94898.8615
                                                    Density    =         1.0184
 ------------------------------------------------------------------------------

wrapping first mol.:       16.59602       23.47031       40.65177
wrapping first mol.:       16.59602       23.47031       40.65177

 NSTEP =     9000   TIME(PS) =    2658.000  TEMP(K) =   291.66  PRESS =  -199.2
 Etot   =    -23719.9646  EKtot   =      5629.2588  EPtot      =    -29349.2234
 BOND   =       138.8817  ANGLE   =       400.7091  DIHED      =       638.7371
 1-4 NB =       172.5633  1-4 EEL =      2398.5569  VDWAALS    =      3685.9826
 EELEC  =    -36798.8830  EHBOND  =         0.0000  RESTRAINT  =        14.2290
 EAMBER (non-restraint)  =    -29363.4524
 EKCMT  =      2553.5962  VIRIAL  =      2962.2873  VOLUME     =     95008.2269
                                                    Density    =         1.0172
 ------------------------------------------------------------------------------

wrapping first mol.:       16.59888       23.47436       40.65878
wrapping first mol.:       16.59888       23.47436       40.65878

 NSTEP =     9500   TIME(PS) =    2659.000  TEMP(K) =   301.65  PRESS =  -208.7
 Etot   =    -23736.7818  EKtot   =      5822.0063  EPtot      =    -29558.7881
 BOND   =       149.2493  ANGLE   =       389.3125  DIHED      =       630.8452
 1-4 NB =       175.7714  1-4 EEL =      2394.8006  VDWAALS    =      3681.9994
 EELEC  =    -36995.1911  EHBOND  =         0.0000  RESTRAINT  =        14.4245
 EAMBER (non-restraint)  =    -29573.2127
 EKCMT  =      2656.1288  VIRIAL  =      3084.3921  VOLUME     =     95057.4149
                                                    Density    =         1.0167
 ------------------------------------------------------------------------------

wrapping first mol.:       16.61959       23.50364       40.70950
wrapping first mol.:       16.61959       23.50364       40.70950

 NSTEP =    10000   TIME(PS) =    2660.000  TEMP(K) =   304.15  PRESS =   349.5
 Etot   =    -23382.5518  EKtot   =      5870.3667  EPtot      =    -29252.9185
 BOND   =       148.6262  ANGLE   =       387.0455  DIHED      =       636.0847
 1-4 NB =       179.8942  1-4 EEL =      2418.4671  VDWAALS    =      3719.2935
 EELEC  =    -36760.3753  EHBOND  =         0.0000  RESTRAINT  =        18.0455
 EAMBER (non-restraint)  =    -29270.9640
 EKCMT  =      2641.4985  VIRIAL  =      1921.5869  VOLUME     =     95408.8696
                                                    Density    =         1.0129
 ------------------------------------------------------------------------------

wrapping first mol.:       16.61720       23.50027       40.70366
wrapping first mol.:       16.61720       23.50027       40.70366

 NSTEP =    10500   TIME(PS) =    2661.000  TEMP(K) =   300.67  PRESS =  -358.5
 Etot   =    -23620.6205  EKtot   =      5803.1836  EPtot      =    -29423.8041
 BOND   =       146.2157  ANGLE   =       384.7929  DIHED      =       643.0529
 1-4 NB =       173.3714  1-4 EEL =      2394.7418  VDWAALS    =      3649.4857
 EELEC  =    -36832.9977  EHBOND  =         0.0000  RESTRAINT  =        17.5332
 EAMBER (non-restraint)  =    -29441.3373
 EKCMT  =      2588.2918  VIRIAL  =      3326.5957  VOLUME     =     95373.8596
                                                    Density    =         1.0133
 ------------------------------------------------------------------------------

wrapping first mol.:       16.60376       23.48126       40.67073
wrapping first mol.:       16.60376       23.48126       40.67073

 NSTEP =    11000   TIME(PS) =    2662.000  TEMP(K) =   295.90  PRESS =   218.8
 Etot   =    -23687.7962  EKtot   =      5710.9546  EPtot      =    -29398.7508
 BOND   =       145.5731  ANGLE   =       404.9360  DIHED      =       632.0953
 1-4 NB =       167.1548  1-4 EEL =      2408.2720  VDWAALS    =      3719.3867
 EELEC  =    -36889.2278  EHBOND  =         0.0000  RESTRAINT  =        13.0591
 EAMBER (non-restraint)  =    -29411.8098
 EKCMT  =      2637.9873  VIRIAL  =      2188.4912  VOLUME     =     95137.6424
                                                    Density    =         1.0158
 ------------------------------------------------------------------------------

wrapping first mol.:       16.59432       23.46791       40.64761
wrapping first mol.:       16.59432       23.46791       40.64761

 NSTEP =    11500   TIME(PS) =    2663.000  TEMP(K) =   297.50  PRESS =   -41.7
 Etot   =    -23617.2600  EKtot   =      5741.9917  EPtot      =    -29359.2517
 BOND   =       143.5032  ANGLE   =       400.0878  DIHED      =       622.7609
 1-4 NB =       168.4027  1-4 EEL =      2414.9680  VDWAALS    =      3708.3600
 EELEC  =    -36831.5903  EHBOND  =         0.0000  RESTRAINT  =        14.2559
 EAMBER (non-restraint)  =    -29373.5076
 EKCMT  =      2612.8532  VIRIAL  =      2698.2929  VOLUME     =     94977.7231
                                                    Density    =         1.0175
 ------------------------------------------------------------------------------

wrapping first mol.:       16.61172       23.49251       40.69022
wrapping first mol.:       16.61172       23.49251       40.69022

 NSTEP =    12000   TIME(PS) =    2664.000  TEMP(K) =   303.19  PRESS =  -205.3
 Etot   =    -23498.1926  EKtot   =      5851.6831  EPtot      =    -29349.8758
 BOND   =       157.7789  ANGLE   =       384.1555  DIHED      =       617.2967
 1-4 NB =       161.3434  1-4 EEL =      2378.8024  VDWAALS    =      3643.8137
 EELEC  =    -36705.3836  EHBOND  =         0.0000  RESTRAINT  =        12.3174
 EAMBER (non-restraint)  =    -29362.1931
 EKCMT  =      2614.8571  VIRIAL  =      3037.1068  VOLUME     =     95278.1259
                                                    Density    =         1.0143
 ------------------------------------------------------------------------------

wrapping first mol.:       16.60586       23.48424       40.67589
wrapping first mol.:       16.60586       23.48424       40.67589

 NSTEP =    12500   TIME(PS) =    2665.000  TEMP(K) =   299.33  PRESS =  -554.0
 Etot   =    -23566.3325  EKtot   =      5777.3423  EPtot      =    -29343.6748
 BOND   =       164.4844  ANGLE   =       421.6772  DIHED      =       632.8060
 1-4 NB =       174.6717  1-4 EEL =      2385.7842  VDWAALS    =      3612.5043
 EELEC  =    -36752.2315  EHBOND  =         0.0000  RESTRAINT  =        16.6288
 EAMBER (non-restraint)  =    -29360.3036
 EKCMT  =      2577.5929  VIRIAL  =      3716.0789  VOLUME     =     95180.3968
                                                    Density    =         1.0154
 ------------------------------------------------------------------------------

wrapping first mol.:       16.60407       23.48170       40.67149
wrapping first mol.:       16.60407       23.48170       40.67149

 NSTEP =    13000   TIME(PS) =    2666.000  TEMP(K) =   294.02  PRESS =   -29.4
 Etot   =    -23823.3119  EKtot   =      5674.7144  EPtot      =    -29498.0262
 BOND   =       144.2680  ANGLE   =       410.1791  DIHED      =       634.3418
 1-4 NB =       175.0000  1-4 EEL =      2366.7854  VDWAALS    =      3691.7353
 EELEC  =    -36936.1055  EHBOND  =         0.0000  RESTRAINT  =        15.7696
 EAMBER (non-restraint)  =    -29513.7958
 EKCMT  =      2603.8829  VIRIAL  =      2664.3299  VOLUME     =     95145.1202
                                                    Density    =         1.0158
 ------------------------------------------------------------------------------

wrapping first mol.:       16.59436       23.46797       40.64771
wrapping first mol.:       16.59436       23.46797       40.64771

 NSTEP =    13500   TIME(PS) =    2667.000  TEMP(K) =   296.02  PRESS =    86.7
 Etot   =    -23758.9409  EKtot   =      5713.2764  EPtot      =    -29472.2172
 BOND   =       142.6717  ANGLE   =       399.8127  DIHED      =       637.5377
 1-4 NB =       164.3851  1-4 EEL =      2371.7056  VDWAALS    =      3733.0681
 EELEC  =    -36934.2127  EHBOND  =         0.0000  RESTRAINT  =        12.8145
 EAMBER (non-restraint)  =    -29485.0317
 EKCMT  =      2565.8354  VIRIAL  =      2387.9799  VOLUME     =     94977.3409
                                                    Density    =         1.0175
 ------------------------------------------------------------------------------

wrapping first mol.:       16.58784       23.45875       40.63174
wrapping first mol.:       16.58784       23.45875       40.63174

 NSTEP =    14000   TIME(PS) =    2668.000  TEMP(K) =   301.62  PRESS =  -230.3
 Etot   =    -23632.6648  EKtot   =      5821.4858  EPtot      =    -29454.1506
 BOND   =       140.6993  ANGLE   =       370.7445  DIHED      =       626.2103
 1-4 NB =       171.7268  1-4 EEL =      2422.6134  VDWAALS    =      3702.5209
 EELEC  =    -36898.7108  EHBOND  =         0.0000  RESTRAINT  =        10.0449
 EAMBER (non-restraint)  =    -29464.1955
 EKCMT  =      2596.9853  VIRIAL  =      3068.6856  VOLUME     =     94868.1174
                                                    Density    =         1.0187
 ------------------------------------------------------------------------------

wrapping first mol.:       16.59546       23.46953       40.65042
wrapping first mol.:       16.59546       23.46953       40.65042

 NSTEP =    14500   TIME(PS) =    2669.000  TEMP(K) =   298.60  PRESS =    39.0
 Etot   =    -23617.6438  EKtot   =      5763.0703  EPtot      =    -29380.7141
 BOND   =       151.0889  ANGLE   =       415.8027  DIHED      =       635.5042
 1-4 NB =       176.9019  1-4 EEL =      2380.5738  VDWAALS    =      3756.2570
 EELEC  =    -36912.4032  EHBOND  =         0.0000  RESTRAINT  =        15.5605
 EAMBER (non-restraint)  =    -29396.2746
 EKCMT  =      2654.9263  VIRIAL  =      2574.9086  VOLUME     =     94996.6855
                                                    Density    =         1.0173
 ------------------------------------------------------------------------------

wrapping first mol.:       16.60070       23.47693       40.66323
wrapping first mol.:       16.60070       23.47693       40.66323

 NSTEP =    15000   TIME(PS) =    2670.000  TEMP(K) =   304.71  PRESS =    13.9
 Etot   =    -23531.5217  EKtot   =      5881.0337  EPtot      =    -29412.5554
 BOND   =       136.3575  ANGLE   =       394.2327  DIHED      =       640.0480
 1-4 NB =       169.7877  1-4 EEL =      2397.8583  VDWAALS    =      3759.1607
 EELEC  =    -36922.9430  EHBOND  =         0.0000  RESTRAINT  =        12.9427
 EAMBER (non-restraint)  =    -29425.4982
 EKCMT  =      2630.8405  VIRIAL  =      2602.3839  VOLUME     =     95086.7767
                                                    Density    =         1.0164
 ------------------------------------------------------------------------------

wrapping first mol.:       16.60711       23.48600       40.67894
wrapping first mol.:       16.60711       23.48600       40.67894

 NSTEP =    15500   TIME(PS) =    2671.000  TEMP(K) =   298.56  PRESS =  -232.2
 Etot   =    -23597.1505  EKtot   =      5762.4087  EPtot      =    -29359.5592
 BOND   =       151.5929  ANGLE   =       398.8560  DIHED      =       632.2175
 1-4 NB =       173.6919  1-4 EEL =      2416.0664  VDWAALS    =      3716.5936
 EELEC  =    -36863.6347  EHBOND  =         0.0000  RESTRAINT  =        15.0572
 EAMBER (non-restraint)  =    -29374.6164
 EKCMT  =      2627.9178  VIRIAL  =      3105.2174  VOLUME     =     95199.0879
                                                    Density    =         1.0152
 ------------------------------------------------------------------------------

wrapping first mol.:       16.61564       23.49806       40.69984
wrapping first mol.:       16.61564       23.49806       40.69984

 NSTEP =    16000   TIME(PS) =    2672.000  TEMP(K) =   295.67  PRESS =   -13.6
 Etot   =    -23665.6385  EKtot   =      5706.6494  EPtot      =    -29372.2879
 BOND   =       142.8249  ANGLE   =       387.6117  DIHED      =       631.8155
 1-4 NB =       163.9975  1-4 EEL =      2415.7065  VDWAALS    =      3757.2296
 EELEC  =    -36882.1304  EHBOND  =         0.0000  RESTRAINT  =        10.6568
 EAMBER (non-restraint)  =    -29382.9447
 EKCMT  =      2532.2957  VIRIAL  =      2560.2511  VOLUME     =     95344.0444
                                                    Density    =         1.0136
 ------------------------------------------------------------------------------

wrapping first mol.:       16.63737       23.52880       40.75307
wrapping first mol.:       16.63737       23.52880       40.75307

 NSTEP =    16500   TIME(PS) =    2673.000  TEMP(K) =   304.90  PRESS =   132.5
 Etot   =    -23444.3987  EKtot   =      5884.7163  EPtot      =    -29329.1150
 BOND   =       142.9000  ANGLE   =       388.0499  DIHED      =       627.3109
 1-4 NB =       171.5604  1-4 EEL =      2407.0140  VDWAALS    =      3771.1417
 EELEC  =    -36849.2949  EHBOND  =         0.0000  RESTRAINT  =        12.2030
 EAMBER (non-restraint)  =    -29341.3181
 EKCMT  =      2649.0232  VIRIAL  =      2375.2178  VOLUME     =     95717.3815
                                                    Density    =         1.0097
 ------------------------------------------------------------------------------

wrapping first mol.:       16.62846       23.51619       40.73124
wrapping first mol.:       16.62846       23.51619       40.73124

 NSTEP =    17000   TIME(PS) =    2674.000  TEMP(K) =   300.36  PRESS =  -228.9
 Etot   =    -23523.8993  EKtot   =      5797.0708  EPtot      =    -29320.9701
 BOND   =       143.0054  ANGLE   =       389.0981  DIHED      =       630.6987
 1-4 NB =       171.8232  1-4 EEL =      2396.5985  VDWAALS    =      3669.9784
 EELEC  =    -36732.6129  EHBOND  =         0.0000  RESTRAINT  =        10.4403
 EAMBER (non-restraint)  =    -29331.4104
 EKCMT  =      2565.3820  VIRIAL  =      3037.6323  VOLUME     =     95566.7237
                                                    Density    =         1.0113
 ------------------------------------------------------------------------------

wrapping first mol.:       16.60951       23.48940       40.68482
wrapping first mol.:       16.60951       23.48940       40.68482

 NSTEP =    17500   TIME(PS) =    2675.000  TEMP(K) =   297.48  PRESS =   147.2
 Etot   =    -23621.7086  EKtot   =      5741.6079  EPtot      =    -29363.3165
 BOND   =       150.9607  ANGLE   =       405.5771  DIHED      =       631.3266
 1-4 NB =       168.2382  1-4 EEL =      2377.3447  VDWAALS    =      3777.3352
 EELEC  =    -36886.2985  EHBOND  =         0.0000  RESTRAINT  =        12.1996
 EAMBER (non-restraint)  =    -29375.5161
 EKCMT  =      2578.2194  VIRIAL  =      2275.4899  VOLUME     =     95237.1904
                                                    Density    =         1.0148
 ------------------------------------------------------------------------------

wrapping first mol.:       16.60718       23.48610       40.67911
wrapping first mol.:       16.60718       23.48610       40.67911

 NSTEP =    18000   TIME(PS) =    2676.000  TEMP(K) =   299.13  PRESS =   187.3
 Etot   =    -23685.1570  EKtot   =      5773.4033  EPtot      =    -29458.5603
 BOND   =       149.8371  ANGLE   =       398.4393  DIHED      =       620.6359
 1-4 NB =       171.0437  1-4 EEL =      2397.5850  VDWAALS    =      3825.2863
 EELEC  =    -37035.2343  EHBOND  =         0.0000  RESTRAINT  =        13.8465
 EAMBER (non-restraint)  =    -29472.4068
 EKCMT  =      2599.0098  VIRIAL  =      2214.0664  VOLUME     =     95196.7366
                                                    Density    =         1.0152
 ------------------------------------------------------------------------------

wrapping first mol.:       16.60684       23.48562       40.67828
wrapping first mol.:       16.60684       23.48562       40.67828

 NSTEP =    18500   TIME(PS) =    2677.000  TEMP(K) =   300.60  PRESS =   206.8
 Etot   =    -23426.5364  EKtot   =      5801.8076  EPtot      =    -29228.3440
 BOND   =       161.4449  ANGLE   =       400.1110  DIHED      =       610.6949
 1-4 NB =       176.3311  1-4 EEL =      2386.0282  VDWAALS    =      3697.3081
 EELEC  =    -36671.8635  EHBOND  =         0.0000  RESTRAINT  =        11.6014
 EAMBER (non-restraint)  =    -29239.9454
 EKCMT  =      2656.9266  VIRIAL  =      2231.8981  VOLUME     =     95190.7639
                                                    Density    =         1.0153
 ------------------------------------------------------------------------------

wrapping first mol.:       16.60657       23.48524       40.67763
wrapping first mol.:       16.60657       23.48524       40.67763

 NSTEP =    19000   TIME(PS) =    2678.000  TEMP(K) =   302.92  PRESS =   107.6
 Etot   =    -23394.3806  EKtot   =      5846.5605  EPtot      =    -29240.9411
 BOND   =       136.7800  ANGLE   =       399.8264  DIHED      =       614.8976
 1-4 NB =       179.9935  1-4 EEL =      2443.9141  VDWAALS    =      3674.4952
 EELEC  =    -36706.9393  EHBOND  =         0.0000  RESTRAINT  =        16.0912
 EAMBER (non-restraint)  =    -29257.0323
 EKCMT  =      2670.8225  VIRIAL  =      2449.7514  VOLUME     =     95186.9977
                                                    Density    =         1.0153
 ------------------------------------------------------------------------------

wrapping first mol.:       16.60289       23.48003       40.66861
wrapping first mol.:       16.60289       23.48003       40.66861

 NSTEP =    19500   TIME(PS) =    2679.000  TEMP(K) =   302.67  PRESS =   449.4
 Etot   =    -23405.4264  EKtot   =      5841.7930  EPtot      =    -29247.2193
 BOND   =       164.5085  ANGLE   =       416.0691  DIHED      =       631.8520
 1-4 NB =       168.6395  1-4 EEL =      2402.0795  VDWAALS    =      3727.9540
 EELEC  =    -36772.9053  EHBOND  =         0.0000  RESTRAINT  =        14.5833
 EAMBER (non-restraint)  =    -29261.8027
 EKCMT  =      2571.9093  VIRIAL  =      1648.9967  VOLUME     =     95120.7979
                                                    Density    =         1.0160
 ------------------------------------------------------------------------------

wrapping first mol.:       16.61246       23.49357       40.69206
wrapping first mol.:       16.61246       23.49357       40.69206

 NSTEP =    20000   TIME(PS) =    2680.000  TEMP(K) =   304.61  PRESS =    95.2
 Etot   =    -23490.8656  EKtot   =      5879.2275  EPtot      =    -29370.0931
 BOND   =       149.8668  ANGLE   =       428.4382  DIHED      =       619.1342
 1-4 NB =       169.1606  1-4 EEL =      2404.4876  VDWAALS    =      3711.5133
 EELEC  =    -36864.0045  EHBOND  =         0.0000  RESTRAINT  =        11.3108
 EAMBER (non-restraint)  =    -29381.4039
 EKCMT  =      2698.2908  VIRIAL  =      2502.4302  VOLUME     =     95288.4353
                                                    Density    =         1.0142
 ------------------------------------------------------------------------------

wrapping first mol.:       16.60612       23.48460       40.67652
wrapping first mol.:       16.60612       23.48460       40.67652

 NSTEP =    20500   TIME(PS) =    2681.000  TEMP(K) =   301.07  PRESS =   405.2
 Etot   =    -23498.1006  EKtot   =      5810.8643  EPtot      =    -29308.9649
 BOND   =       148.0455  ANGLE   =       441.1154  DIHED      =       634.0232
 1-4 NB =       164.0171  1-4 EEL =      2364.4067  VDWAALS    =      3778.8613
 EELEC  =    -36853.3180  EHBOND  =         0.0000  RESTRAINT  =        13.8840
 EAMBER (non-restraint)  =    -29322.8489
 EKCMT  =      2610.9932  VIRIAL  =      1778.3068  VOLUME     =     95176.7006
                                                    Density    =         1.0154
 ------------------------------------------------------------------------------

wrapping first mol.:       16.60264       23.47968       40.66800
wrapping first mol.:       16.60264       23.47968       40.66800

 NSTEP =    21000   TIME(PS) =    2682.000  TEMP(K) =   303.11  PRESS =   -21.8
 Etot   =    -23606.2755  EKtot   =      5850.2949  EPtot      =    -29456.5704
 BOND   =       151.6024  ANGLE   =       414.9901  DIHED      =       624.4214
 1-4 NB =       166.5603  1-4 EEL =      2387.4366  VDWAALS    =      3710.4232
 EELEC  =    -36924.8832  EHBOND  =         0.0000  RESTRAINT  =        12.8787
 EAMBER (non-restraint)  =    -29469.4491
 EKCMT  =      2679.2734  VIRIAL  =      2724.0745  VOLUME     =     95120.5525
                                                    Density    =         1.0160
 ------------------------------------------------------------------------------

wrapping first mol.:       16.60016       23.47616       40.66191
wrapping first mol.:       16.60016       23.47616       40.66191

 NSTEP =    21500   TIME(PS) =    2683.000  TEMP(K) =   303.87  PRESS =   -97.4
 Etot   =    -23587.6903  EKtot   =      5864.9351  EPtot      =    -29452.6254
 BOND   =       160.9739  ANGLE   =       397.8810  DIHED      =       621.2109
 1-4 NB =       171.5104  1-4 EEL =      2402.8932  VDWAALS    =      3713.0609
 EELEC  =    -36931.0015  EHBOND  =         0.0000  RESTRAINT  =        10.8459
 EAMBER (non-restraint)  =    -29463.4713
 EKCMT  =      2620.6227  VIRIAL  =      2820.6138  VOLUME     =     95078.4258
                                                    Density    =         1.0165
 ------------------------------------------------------------------------------

wrapping first mol.:       16.58706       23.45764       40.62982
wrapping first mol.:       16.58706       23.45764       40.62982

 NSTEP =    22000   TIME(PS) =    2684.000  TEMP(K) =   300.56  PRESS =  -154.8
 Etot   =    -23573.4186  EKtot   =      5801.0547  EPtot      =    -29374.4733
 BOND   =       143.4219  ANGLE   =       400.4310  DIHED      =       631.9263
 1-4 NB =       170.5351  1-4 EEL =      2419.3866  VDWAALS    =      3636.2577
 EELEC  =    -36790.8520  EHBOND  =         0.0000  RESTRAINT  =        14.4201
 EAMBER (non-restraint)  =    -29388.8934
 EKCMT  =      2581.6958  VIRIAL  =      2898.7052  VOLUME     =     94854.0060
                                                    Density    =         1.0189
 ------------------------------------------------------------------------------

wrapping first mol.:       16.58490       23.45460       40.62455
wrapping first mol.:       16.58490       23.45460       40.62455

 NSTEP =    22500   TIME(PS) =    2685.000  TEMP(K) =   295.88  PRESS =  -144.1
 Etot   =    -23681.7009  EKtot   =      5710.6196  EPtot      =    -29392.3205
 BOND   =       134.3760  ANGLE   =       434.1418  DIHED      =       622.5890
 1-4 NB =       173.3070  1-4 EEL =      2397.6634  VDWAALS    =      3751.8212
 EELEC  =    -36921.4331  EHBOND  =         0.0000  RESTRAINT  =        15.2142
 EAMBER (non-restraint)  =    -29407.5347
 EKCMT  =      2587.7681  VIRIAL  =      2882.7087  VOLUME     =     94817.0108
                                                    Density    =         1.0193
 ------------------------------------------------------------------------------

wrapping first mol.:       16.59731       23.47214       40.65494
wrapping first mol.:       16.59731       23.47214       40.65494

 NSTEP =    23000   TIME(PS) =    2686.000  TEMP(K) =   304.52  PRESS =   153.7
 Etot   =    -23504.9593  EKtot   =      5877.3516  EPtot      =    -29382.3109
 BOND   =       154.8246  ANGLE   =       379.6030  DIHED      =       619.1031
 1-4 NB =       171.7729  1-4 EEL =      2404.5159  VDWAALS    =      3787.6030
 EELEC  =    -36915.5009  EHBOND  =         0.0000  RESTRAINT  =        15.7675
 EAMBER (non-restraint)  =    -29398.0784
 EKCMT  =      2616.8526  VIRIAL  =      2301.5080  VOLUME     =     95027.4045
                                                    Density    =         1.0170
 ------------------------------------------------------------------------------

wrapping first mol.:       16.60877       23.48834       40.68300
wrapping first mol.:       16.60877       23.48834       40.68300

 NSTEP =    23500   TIME(PS) =    2687.000  TEMP(K) =   297.20  PRESS =  -222.9
 Etot   =    -23642.0412  EKtot   =      5736.0854  EPtot      =    -29378.1267
 BOND   =       175.1149  ANGLE   =       391.1634  DIHED      =       629.6007
 1-4 NB =       174.1030  1-4 EEL =      2386.3648  VDWAALS    =      3700.7110
 EELEC  =    -36846.8273  EHBOND  =         0.0000  RESTRAINT  =        11.6429
 EAMBER (non-restraint)  =    -29389.7696
 EKCMT  =      2581.6422  VIRIAL  =      3039.9178  VOLUME     =     95227.5448
                                                    Density    =         1.0149
 ------------------------------------------------------------------------------

wrapping first mol.:       16.62089       23.50548       40.71269
wrapping first mol.:       16.62089       23.50548       40.71269

 NSTEP =    24000   TIME(PS) =    2688.000  TEMP(K) =   301.43  PRESS =   255.3
 Etot   =    -23476.2644  EKtot   =      5817.8398  EPtot      =    -29294.1043
 BOND   =       151.4270  ANGLE   =       407.9990  DIHED      =       630.9695
 1-4 NB =       157.9045  1-4 EEL =      2394.9141  VDWAALS    =      3842.8310
 EELEC  =    -36890.6456  EHBOND  =         0.0000  RESTRAINT  =        10.4961
 EAMBER (non-restraint)  =    -29304.6004
 EKCMT  =      2633.3254  VIRIAL  =      2107.3260  VOLUME     =     95432.0949
                                                    Density    =         1.0127
 ------------------------------------------------------------------------------

wrapping first mol.:       16.63901       23.53112       40.75708
wrapping first mol.:       16.63901       23.53112       40.75708

 NSTEP =    24500   TIME(PS) =    2689.000  TEMP(K) =   300.93  PRESS =   -88.8
 Etot   =    -23502.6433  EKtot   =      5808.1172  EPtot      =    -29310.7605
 BOND   =       149.8716  ANGLE   =       406.5131  DIHED      =       634.9181
 1-4 NB =       169.3240  1-4 EEL =      2390.4411  VDWAALS    =      3693.8405
 EELEC  =    -36768.5344  EHBOND  =         0.0000  RESTRAINT  =        12.8655
 EAMBER (non-restraint)  =    -29323.6260
 EKCMT  =      2648.9247  VIRIAL  =      2832.4718  VOLUME     =     95747.5738
                                                    Density    =         1.0094
 ------------------------------------------------------------------------------

wrapping first mol.:       16.61578       23.49826       40.70018
wrapping first mol.:       16.61578       23.49826       40.70018

 NSTEP =    25000   TIME(PS) =    2690.000  TEMP(K) =   301.71  PRESS =   -28.9
 Etot   =    -23480.6408  EKtot   =      5823.1060  EPtot      =    -29303.7468
 BOND   =       143.9171  ANGLE   =       378.7501  DIHED      =       627.5906
 1-4 NB =       178.8270  1-4 EEL =      2413.8847  VDWAALS    =      3649.0952
 EELEC  =    -36709.8762  EHBOND  =         0.0000  RESTRAINT  =        14.0646
 EAMBER (non-restraint)  =    -29317.8114
 EKCMT  =      2662.4253  VIRIAL  =      2721.9563  VOLUME     =     95346.5777
                                                    Density    =         1.0136
 ------------------------------------------------------------------------------

wrapping first mol.:       16.61386       23.49554       40.69547
wrapping first mol.:       16.61386       23.49554       40.69547

 NSTEP =    25500   TIME(PS) =    2691.000  TEMP(K) =   296.53  PRESS =  -208.6
 Etot   =    -23712.9727  EKtot   =      5723.1602  EPtot      =    -29436.1328
 BOND   =       158.1612  ANGLE   =       414.9601  DIHED      =       628.1708
 1-4 NB =       168.7423  1-4 EEL =      2398.7356  VDWAALS    =      3693.3233
 EELEC  =    -36910.6460  EHBOND  =         0.0000  RESTRAINT  =        12.4198
 EAMBER (non-restraint)  =    -29448.5527
 EKCMT  =      2560.7799  VIRIAL  =      2990.0548  VOLUME     =     95315.0255
                                                    Density    =         1.0139
 ------------------------------------------------------------------------------

wrapping first mol.:       16.61553       23.49791       40.69957
wrapping first mol.:       16.61553       23.49791       40.69957

 NSTEP =    26000   TIME(PS) =    2692.000  TEMP(K) =   306.04  PRESS =   189.1
 Etot   =    -23397.2004  EKtot   =      5906.7695  EPtot      =    -29303.9699
 BOND   =       146.7026  ANGLE   =       389.0767  DIHED      =       625.6718
 1-4 NB =       177.2953  1-4 EEL =      2416.6219  VDWAALS    =      3828.4252
 EELEC  =    -36899.8351  EHBOND  =         0.0000  RESTRAINT  =        12.0718
 EAMBER (non-restraint)  =    -29316.0417
 EKCMT  =      2694.6350  VIRIAL  =      2305.4697  VOLUME     =     95340.4576
                                                    Density    =         1.0137
 ------------------------------------------------------------------------------

wrapping first mol.:       16.61866       23.50233       40.70723
wrapping first mol.:       16.61866       23.50233       40.70723

 NSTEP =    26500   TIME(PS) =    2693.000  TEMP(K) =   299.50  PRESS =  -154.3
 Etot   =    -23530.7482  EKtot   =      5780.5791  EPtot      =    -29311.3273
 BOND   =       155.8025  ANGLE   =       428.4483  DIHED      =       625.3667
 1-4 NB =       178.3052  1-4 EEL =      2414.5252  VDWAALS    =      3743.5577
 EELEC  =    -36873.5450  EHBOND  =         0.0000  RESTRAINT  =        16.2120
 EAMBER (non-restraint)  =    -29327.5393
 EKCMT  =      2570.5018  VIRIAL  =      2888.2793  VOLUME     =     95397.2181
                                                    Density    =         1.0131
 ------------------------------------------------------------------------------

wrapping first mol.:       16.62244       23.50768       40.71649
wrapping first mol.:       16.62244       23.50768       40.71649

 NSTEP =    27000   TIME(PS) =    2694.000  TEMP(K) =   299.03  PRESS =   -10.2
 Etot   =    -23595.0350  EKtot   =      5771.4600  EPtot      =    -29366.4950
 BOND   =       158.8348  ANGLE   =       399.3706  DIHED      =       622.8460
 1-4 NB =       167.3357  1-4 EEL =      2407.0962  VDWAALS    =      3732.6141
 EELEC  =    -36868.9032  EHBOND  =         0.0000  RESTRAINT  =        14.3108
 EAMBER (non-restraint)  =    -29380.8058
 EKCMT  =      2630.9997  VIRIAL  =      2651.9305  VOLUME     =     95461.0855
                                                    Density    =         1.0124
 ------------------------------------------------------------------------------

wrapping first mol.:       16.60781       23.48699       40.68066
wrapping first mol.:       16.60781       23.48699       40.68066

 NSTEP =    27500   TIME(PS) =    2695.000  TEMP(K) =   302.43  PRESS =  -460.8
 Etot   =    -23567.5633  EKtot   =      5837.0527  EPtot      =    -29404.6161
 BOND   =       147.4651  ANGLE   =       385.9183  DIHED      =       624.3229
 1-4 NB =       178.0541  1-4 EEL =      2419.6222  VDWAALS    =      3635.8238
 EELEC  =    -36810.7810  EHBOND  =         0.0000  RESTRAINT  =        14.9585
 EAMBER (non-restraint)  =    -29419.5746
 EKCMT  =      2623.4925  VIRIAL  =      3570.7022  VOLUME     =     95213.1370
                                                    Density    =         1.0150
 ------------------------------------------------------------------------------

wrapping first mol.:       16.61776       23.50106       40.70503
wrapping first mol.:       16.61776       23.50106       40.70503

 NSTEP =    28000   TIME(PS) =    2696.000  TEMP(K) =   302.97  PRESS =   344.1
 Etot   =    -23500.4717  EKtot   =      5847.5142  EPtot      =    -29347.9859
 BOND   =       142.4615  ANGLE   =       403.1065  DIHED      =       630.8449
 1-4 NB =       165.0776  1-4 EEL =      2386.8409  VDWAALS    =      3847.9533
 EELEC  =    -36940.1218  EHBOND  =         0.0000  RESTRAINT  =        15.8513
 EAMBER (non-restraint)  =    -29363.8371
 EKCMT  =      2639.3083  VIRIAL  =      1930.6213  VOLUME     =     95377.5045
                                                    Density    =         1.0133
 ------------------------------------------------------------------------------

wrapping first mol.:       16.59959       23.47536       40.66051
wrapping first mol.:       16.59959       23.47536       40.66051

 NSTEP =    28500   TIME(PS) =    2697.000  TEMP(K) =   307.63  PRESS =   -51.9
 Etot   =    -23370.2542  EKtot   =      5937.5225  EPtot      =    -29307.7767
 BOND   =       165.8115  ANGLE   =       375.9104  DIHED      =       610.8467
 1-4 NB =       173.5528  1-4 EEL =      2394.2970  VDWAALS    =      3657.4924
 EELEC  =    -36702.3292  EHBOND  =         0.0000  RESTRAINT  =        16.6416
 EAMBER (non-restraint)  =    -29324.4183
 EKCMT  =      2631.7345  VIRIAL  =      2738.2447  VOLUME     =     95068.2628
                                                    Density    =         1.0166
 ------------------------------------------------------------------------------

wrapping first mol.:       16.60285       23.47998       40.66851
wrapping first mol.:       16.60285       23.47998       40.66851

 NSTEP =    29000   TIME(PS) =    2698.000  TEMP(K) =   297.93  PRESS =   244.3
 Etot   =    -23614.8982  EKtot   =      5750.2266  EPtot      =    -29365.1248
 BOND   =       146.8657  ANGLE   =       398.4176  DIHED      =       626.8202
 1-4 NB =       174.2468  1-4 EEL =      2396.6495  VDWAALS    =      3822.5825
 EELEC  =    -36942.6469  EHBOND  =         0.0000  RESTRAINT  =        11.9399
 EAMBER (non-restraint)  =    -29377.0647
 EKCMT  =      2551.2632  VIRIAL  =      2049.4295  VOLUME     =     95121.8552
                                                    Density    =         1.0160
 ------------------------------------------------------------------------------

wrapping first mol.:       16.60084       23.47714       40.66359
wrapping first mol.:       16.60084       23.47714       40.66359

 NSTEP =    29500   TIME(PS) =    2699.000  TEMP(K) =   299.22  PRESS =  -234.5
 Etot   =    -23678.1521  EKtot   =      5775.0332  EPtot      =    -29453.1853
 BOND   =       162.2093  ANGLE   =       399.9143  DIHED      =       621.4539
 1-4 NB =       171.4619  1-4 EEL =      2397.7216  VDWAALS    =      3644.5092
 EELEC  =    -36863.8815  EHBOND  =         0.0000  RESTRAINT  =        13.4260
 EAMBER (non-restraint)  =    -29466.6113
 EKCMT  =      2630.2007  VIRIAL  =      3111.7019  VOLUME     =     95091.3929
                                                    Density    =         1.0163
 ------------------------------------------------------------------------------

wrapping first mol.:       16.61955       23.50360       40.70942
wrapping first mol.:       16.61955       23.50360       40.70942

 NSTEP =    30000   TIME(PS) =    2700.000  TEMP(K) =   300.34  PRESS =  -155.0
 Etot   =    -23609.0129  EKtot   =      5796.7095  EPtot      =    -29405.7224
 BOND   =       145.0906  ANGLE   =       377.5542  DIHED      =       635.3082
 1-4 NB =       189.8099  1-4 EEL =      2421.5186  VDWAALS    =      3755.8684
 EELEC  =    -36945.1116  EHBOND  =         0.0000  RESTRAINT  =        14.2394
 EAMBER (non-restraint)  =    -29419.9618
 EKCMT  =      2569.3526  VIRIAL  =      2888.6163  VOLUME     =     95412.6058
                                                    Density    =         1.0129
 ------------------------------------------------------------------------------

wrapping first mol.:       16.60904       23.48873       40.68366
wrapping first mol.:       16.60904       23.48873       40.68366

 NSTEP =    30500   TIME(PS) =    2701.000  TEMP(K) =   298.36  PRESS =   230.0
 Etot   =    -23649.6161  EKtot   =      5758.4927  EPtot      =    -29408.1088
 BOND   =       141.2239  ANGLE   =       419.7671  DIHED      =       613.0885
 1-4 NB =       174.6847  1-4 EEL =      2386.4442  VDWAALS    =      3783.8640
 EELEC  =    -36942.5584  EHBOND  =         0.0000  RESTRAINT  =        15.3772
 EAMBER (non-restraint)  =    -29423.4860
 EKCMT  =      2612.4307  VIRIAL  =      2139.4623  VOLUME     =     95228.3499
                                                    Density    =         1.0149
 ------------------------------------------------------------------------------

wrapping first mol.:       16.58354       23.45267       40.62121
wrapping first mol.:       16.58354       23.45267       40.62121

 NSTEP =    31000   TIME(PS) =    2702.000  TEMP(K) =   292.84  PRESS =   436.8
 Etot   =    -23568.1832  EKtot   =      5651.9800  EPtot      =    -29220.1631
 BOND   =       149.8027  ANGLE   =       416.1831  DIHED      =       636.8765
 1-4 NB =       164.7950  1-4 EEL =      2405.6917  VDWAALS    =      3770.7591
 EELEC  =    -36781.8768  EHBOND  =         0.0000  RESTRAINT  =        17.6055
 EAMBER (non-restraint)  =    -29237.7686
 EKCMT  =      2542.3361  VIRIAL  =      1648.4339  VOLUME     =     94788.6957
                                                    Density    =         1.0196
 ------------------------------------------------------------------------------

wrapping first mol.:       16.60745       23.48648       40.67977
wrapping first mol.:       16.60745       23.48648       40.67977

 NSTEP =    31500   TIME(PS) =    2703.000  TEMP(K) =   302.12  PRESS =   351.5
 Etot   =    -23475.8234  EKtot   =      5831.0303  EPtot      =    -29306.8537
 BOND   =       130.4363  ANGLE   =       390.3297  DIHED      =       627.5545
 1-4 NB =       165.9931  1-4 EEL =      2398.4995  VDWAALS    =      3754.0981
 EELEC  =    -36790.0900  EHBOND  =         0.0000  RESTRAINT  =        16.3251
 EAMBER (non-restraint)  =    -29323.1787
 EKCMT  =      2698.7820  VIRIAL  =      1976.3497  VOLUME     =     95200.0110
                                                    Density    =         1.0152
 ------------------------------------------------------------------------------

wrapping first mol.:       16.61706       23.50007       40.70332
wrapping first mol.:       16.61706       23.50007       40.70332

 NSTEP =    32000   TIME(PS) =    2704.000  TEMP(K) =   302.10  PRESS =   111.6
 Etot   =    -23393.1866  EKtot   =      5830.7891  EPtot      =    -29223.9757
 BOND   =       150.1491  ANGLE   =       410.9799  DIHED      =       629.9625
 1-4 NB =       183.9254  1-4 EEL =      2389.8434  VDWAALS    =      3711.5720
 EELEC  =    -36720.9275  EHBOND  =         0.0000  RESTRAINT  =        20.5195
 EAMBER (non-restraint)  =    -29244.4952
 EKCMT  =      2658.7112  VIRIAL  =      2428.9098  VOLUME     =     95367.4338
                                                    Density    =         1.0134
 ------------------------------------------------------------------------------

wrapping first mol.:       16.61395       23.49567       40.69570
wrapping first mol.:       16.61395       23.49567       40.69570

 NSTEP =    32500   TIME(PS) =    2705.000  TEMP(K) =   296.86  PRESS =    93.9
 Etot   =    -23488.6071  EKtot   =      5729.4893  EPtot      =    -29218.0964
 BOND   =       152.3580  ANGLE   =       393.5099  DIHED      =       623.4411
 1-4 NB =       177.9779  1-4 EEL =      2392.6830  VDWAALS    =      3753.5082
 EELEC  =    -36727.3907  EHBOND  =         0.0000  RESTRAINT  =        15.8161
 EAMBER (non-restraint)  =    -29233.9124
 EKCMT  =      2557.3886  VIRIAL  =      2364.1688  VOLUME     =     95314.0419
                                                    Density    =         1.0140
 ------------------------------------------------------------------------------

wrapping first mol.:       16.62813       23.51572       40.73042
wrapping first mol.:       16.62813       23.51572       40.73042

 NSTEP =    33000   TIME(PS) =    2706.000  TEMP(K) =   301.04  PRESS =  -170.6
 Etot   =    -23485.7497  EKtot   =      5810.2119  EPtot      =    -29295.9616
 BOND   =       162.5606  ANGLE   =       419.2134  DIHED      =       625.1902
 1-4 NB =       169.0158  1-4 EEL =      2382.3627  VDWAALS    =      3698.1960
 EELEC  =    -36768.4165  EHBOND  =         0.0000  RESTRAINT  =        15.9161
 EAMBER (non-restraint)  =    -29311.8777
 EKCMT  =      2631.7983  VIRIAL  =      2983.7741  VOLUME     =     95560.4489
                                                    Density    =         1.0113
 ------------------------------------------------------------------------------

wrapping first mol.:       16.62466       23.51082       40.72194
wrapping first mol.:       16.62466       23.51082       40.72194

 NSTEP =    33500   TIME(PS) =    2707.000  TEMP(K) =   298.34  PRESS =  -223.3
 Etot   =    -23434.7967  EKtot   =      5758.1509  EPtot      =    -29192.9476
 BOND   =       149.3979  ANGLE   =       385.4467  DIHED      =       614.1795
 1-4 NB =       174.1333  1-4 EEL =      2402.9269  VDWAALS    =      3599.7898
 EELEC  =    -36534.8479  EHBOND  =         0.0000  RESTRAINT  =        16.0262
 EAMBER (non-restraint)  =    -29208.9738
 EKCMT  =      2572.2951  VIRIAL  =      3032.6710  VOLUME     =     95501.2159
                                                    Density    =         1.0120
 ------------------------------------------------------------------------------

wrapping first mol.:       16.63461       23.52489       40.74629
wrapping first mol.:       16.63461       23.52489       40.74629

 NSTEP =    34000   TIME(PS) =    2708.000  TEMP(K) =   299.67  PRESS =   208.6
 Etot   =    -23747.0452  EKtot   =      5783.8975  EPtot      =    -29530.9427
 BOND   =       162.9248  ANGLE   =       360.6776  DIHED      =       611.0542
 1-4 NB =       169.7738  1-4 EEL =      2403.7097  VDWAALS    =      3764.0528
 EELEC  =    -37017.3087  EHBOND  =         0.0000  RESTRAINT  =        14.1731
 EAMBER (non-restraint)  =    -29545.1158
 EKCMT  =      2579.2579  VIRIAL  =      2148.3911  VOLUME     =     95669.0002
                                                    Density    =         1.0102
 ------------------------------------------------------------------------------

wrapping first mol.:       16.62591       23.51258       40.72499
wrapping first mol.:       16.62591       23.51258       40.72499

 NSTEP =    34500   TIME(PS) =    2709.000  TEMP(K) =   295.16  PRESS =   -23.0
 Etot   =    -23771.8830  EKtot   =      5696.8208  EPtot      =    -29468.7038
 BOND   =       145.5559  ANGLE   =       376.8747  DIHED      =       627.2895
 1-4 NB =       183.8922  1-4 EEL =      2415.7327  VDWAALS    =      3715.1484
 EELEC  =    -36945.4654  EHBOND  =         0.0000  RESTRAINT  =        12.2682
 EAMBER (non-restraint)  =    -29480.9720
 EKCMT  =      2546.5590  VIRIAL  =      2594.0508  VOLUME     =     95520.9708
                                                    Density    =         1.0118
 ------------------------------------------------------------------------------

wrapping first mol.:       16.63291       23.52249       40.74215
wrapping first mol.:       16.63291       23.52249       40.74215

 NSTEP =    35000   TIME(PS) =    2710.000  TEMP(K) =   296.70  PRESS =   -32.7
 Etot   =    -23641.2474  EKtot   =      5726.4619  EPtot      =    -29367.7093
 BOND   =       155.4564  ANGLE   =       414.3230  DIHED      =       629.2124
 1-4 NB =       168.4430  1-4 EEL =      2409.3896  VDWAALS    =      3768.3400
 EELEC  =    -36928.2822  EHBOND  =         0.0000  RESTRAINT  =        15.4085
 EAMBER (non-restraint)  =    -29383.1178
 EKCMT  =      2554.7652  VIRIAL  =      2622.3324  VOLUME     =     95641.8602
                                                    Density    =         1.0105
 ------------------------------------------------------------------------------

wrapping first mol.:       16.63376       23.52369       40.74423
wrapping first mol.:       16.63376       23.52369       40.74423

 NSTEP =    35500   TIME(PS) =    2711.000  TEMP(K) =   300.37  PRESS =  -237.6
 Etot   =    -23521.1517  EKtot   =      5797.3081  EPtot      =    -29318.4598
 BOND   =       141.1161  ANGLE   =       379.8498  DIHED      =       630.0928
 1-4 NB =       175.3776  1-4 EEL =      2391.4209  VDWAALS    =      3647.5248
 EELEC  =    -36699.2585  EHBOND  =         0.0000  RESTRAINT  =        15.4166
 EAMBER (non-restraint)  =    -29333.8765
 EKCMT  =      2659.5276  VIRIAL  =      3150.3287  VOLUME     =     95658.2651
                                                    Density    =         1.0103
 ------------------------------------------------------------------------------

wrapping first mol.:       16.62497       23.51126       40.72269
wrapping first mol.:       16.62497       23.51126       40.72269

 NSTEP =    36000   TIME(PS) =    2712.000  TEMP(K) =   303.28  PRESS =   -14.3
 Etot   =    -23647.8126  EKtot   =      5853.4766  EPtot      =    -29501.2892
 BOND   =       156.1102  ANGLE   =       395.0598  DIHED      =       624.7490
 1-4 NB =       175.0453  1-4 EEL =      2408.5616  VDWAALS    =      3807.8478
 EELEC  =    -37086.6690  EHBOND  =         0.0000  RESTRAINT  =        18.0061
 EAMBER (non-restraint)  =    -29519.2953
 EKCMT  =      2672.0262  VIRIAL  =      2701.4448  VOLUME     =     95504.7044
                                                    Density    =         1.0119
 ------------------------------------------------------------------------------

wrapping first mol.:       16.62952       23.51769       40.73383
wrapping first mol.:       16.62952       23.51769       40.73383

 NSTEP =    36500   TIME(PS) =    2713.000  TEMP(K) =   297.64  PRESS =  -324.9
 Etot   =    -23558.8403  EKtot   =      5744.5361  EPtot      =    -29303.3764
 BOND   =       158.6521  ANGLE   =       418.3728  DIHED      =       633.3042
 1-4 NB =       172.0967  1-4 EEL =      2377.7396  VDWAALS    =      3653.1669
 EELEC  =    -36735.7129  EHBOND  =         0.0000  RESTRAINT  =        19.0041
 EAMBER (non-restraint)  =    -29322.3805
 EKCMT  =      2556.0863  VIRIAL  =      3226.5314  VOLUME     =     95585.7617
                                                    Density    =         1.0111
 ------------------------------------------------------------------------------

wrapping first mol.:       16.63864       23.53059       40.75618
wrapping first mol.:       16.63864       23.53059       40.75618

 NSTEP =    37000   TIME(PS) =    2714.000  TEMP(K) =   299.47  PRESS =  -554.4
 Etot   =    -23680.3237  EKtot   =      5779.9536  EPtot      =    -29460.2773
 BOND   =       152.6613  ANGLE   =       388.7179  DIHED      =       629.0074
 1-4 NB =       173.5527  1-4 EEL =      2423.4911  VDWAALS    =      3710.5934
 EELEC  =    -36955.2118  EHBOND  =         0.0000  RESTRAINT  =        16.9106
 EAMBER (non-restraint)  =    -29477.1879
 EKCMT  =      2636.5128  VIRIAL  =      3782.5362  VOLUME     =     95745.1498
                                                    Density    =         1.0094
 ------------------------------------------------------------------------------

wrapping first mol.:       16.63216       23.52143       40.74031
wrapping first mol.:       16.63216       23.52143       40.74031

 NSTEP =    37500   TIME(PS) =    2715.000  TEMP(K) =   302.55  PRESS =  -410.7
 Etot   =    -23465.1511  EKtot   =      5839.4204  EPtot      =    -29304.5715
 BOND   =       136.5848  ANGLE   =       400.4069  DIHED      =       620.7799
 1-4 NB =       172.5926  1-4 EEL =      2404.9811  VDWAALS    =      3645.8141
 EELEC  =    -36705.0229  EHBOND  =         0.0000  RESTRAINT  =        19.2920
 EAMBER (non-restraint)  =    -29323.8636
 EKCMT  =      2591.2561  VIRIAL  =      3439.1758  VOLUME     =     95632.1277
                                                    Density    =         1.0106
 ------------------------------------------------------------------------------

wrapping first mol.:       16.61255       23.49369       40.69226
wrapping first mol.:       16.61255       23.49369       40.69226

 NSTEP =    38000   TIME(PS) =    2716.000  TEMP(K) =   303.23  PRESS =   337.4
 Etot   =    -23616.8694  EKtot   =      5852.4448  EPtot      =    -29469.3142
 BOND   =       149.6695  ANGLE   =       410.3862  DIHED      =       613.9821
 1-4 NB =       176.0218  1-4 EEL =      2401.6445  VDWAALS    =      3851.2484
 EELEC  =    -37091.2366  EHBOND  =         0.0000  RESTRAINT  =        18.9698
 EAMBER (non-restraint)  =    -29488.2840
 EKCMT  =      2658.7158  VIRIAL  =      1964.6281  VOLUME     =     95287.8005
                                                    Density    =         1.0142
 ------------------------------------------------------------------------------

wrapping first mol.:       16.60973       23.48970       40.68535
wrapping first mol.:       16.60973       23.48970       40.68535

 NSTEP =    38500   TIME(PS) =    2717.000  TEMP(K) =   299.44  PRESS =  -279.2
 Etot   =    -23480.0080  EKtot   =      5779.4326  EPtot      =    -29259.4406
 BOND   =       163.3280  ANGLE   =       382.6801  DIHED      =       648.6588
 1-4 NB =       177.7924  1-4 EEL =      2417.8200  VDWAALS    =      3540.2698
 EELEC  =    -36605.5917  EHBOND  =         0.0000  RESTRAINT  =        15.6020
 EAMBER (non-restraint)  =    -29275.0426
 EKCMT  =      2569.6337  VIRIAL  =      3143.7001  VOLUME     =     95244.5082
                                                    Density    =         1.0147
 ------------------------------------------------------------------------------

wrapping first mol.:       16.60285       23.47997       40.66850
wrapping first mol.:       16.60285       23.47997       40.66850

 NSTEP =    39000   TIME(PS) =    2718.000  TEMP(K) =   300.19  PRESS =  -182.7
 Etot   =    -23436.2678  EKtot   =      5793.8184  EPtot      =    -29230.0861
 BOND   =       142.5267  ANGLE   =       384.4405  DIHED      =       624.9793
 1-4 NB =       169.3993  1-4 EEL =      2394.9145  VDWAALS    =      3519.2612
 EELEC  =    -36476.9319  EHBOND  =         0.0000  RESTRAINT  =        11.3243
 EAMBER (non-restraint)  =    -29241.4105
 EKCMT  =      2566.5846  VIRIAL  =      2941.7824  VOLUME     =     95125.4204
                                                    Density    =         1.0160
 ------------------------------------------------------------------------------

wrapping first mol.:       16.57986       23.44747       40.61220
wrapping first mol.:       16.57986       23.44747       40.61220

 NSTEP =    39500   TIME(PS) =    2719.000  TEMP(K) =   305.42  PRESS =   -57.7
 Etot   =    -23543.5338  EKtot   =      5894.8589  EPtot      =    -29438.3927
 BOND   =       154.3952  ANGLE   =       411.2282  DIHED      =       640.0682
 1-4 NB =       174.2074  1-4 EEL =      2404.0953  VDWAALS    =      3756.4010
 EELEC  =    -36992.3440  EHBOND  =         0.0000  RESTRAINT  =        13.5559
 EAMBER (non-restraint)  =    -29451.9486
 EKCMT  =      2664.2099  VIRIAL  =      2782.2792  VOLUME     =     94729.8309
                                                    Density    =         1.0202
 ------------------------------------------------------------------------------

wrapping first mol.:       16.58430       23.45374       40.62307
wrapping first mol.:       16.58430       23.45374       40.62307

 NSTEP =    40000   TIME(PS) =    2720.000  TEMP(K) =   300.30  PRESS =    53.8
 Etot   =    -23580.7529  EKtot   =      5795.9551  EPtot      =    -29376.7080
 BOND   =       150.7218  ANGLE   =       392.5965  DIHED      =       635.3017
 1-4 NB =       164.8386  1-4 EEL =      2398.3450  VDWAALS    =      3676.7775
 EELEC  =    -36811.7054  EHBOND  =         0.0000  RESTRAINT  =        16.4163
 EAMBER (non-restraint)  =    -29393.1243
 EKCMT  =      2613.4738  VIRIAL  =      2503.3714  VOLUME     =     94804.9451
                                                    Density    =         1.0194
 ------------------------------------------------------------------------------

wrapping first mol.:       16.60833       23.48772       40.68193
wrapping first mol.:       16.60833       23.48772       40.68193

 NSTEP =    40500   TIME(PS) =    2721.000  TEMP(K) =   299.10  PRESS =    15.9
 Etot   =    -23641.2141  EKtot   =      5772.7617  EPtot      =    -29413.9758
 BOND   =       152.3154  ANGLE   =       385.1838  DIHED      =       633.0715
 1-4 NB =       176.9486  1-4 EEL =      2411.6870  VDWAALS    =      3747.3861
 EELEC  =    -36938.1399  EHBOND  =         0.0000  RESTRAINT  =        17.5716
 EAMBER (non-restraint)  =    -29431.5474
 EKCMT  =      2579.2044  VIRIAL  =      2546.5154  VOLUME     =     95217.9915
                                                    Density    =         1.0150
 ------------------------------------------------------------------------------

wrapping first mol.:       16.60811       23.48741       40.68139
wrapping first mol.:       16.60811       23.48741       40.68139

 NSTEP =    41000   TIME(PS) =    2722.000  TEMP(K) =   294.71  PRESS =    36.0
 Etot   =    -23718.4191  EKtot   =      5688.0288  EPtot      =    -29406.4479
 BOND   =       137.0122  ANGLE   =       366.7369  DIHED      =       621.6981
 1-4 NB =       181.9293  1-4 EEL =      2423.8484  VDWAALS    =      3730.6116
 EELEC  =    -36882.1538  EHBOND  =         0.0000  RESTRAINT  =        13.8694
 EAMBER (non-restraint)  =    -29420.3173
 EKCMT  =      2584.2084  VIRIAL  =      2510.1670  VOLUME     =     95214.0358
                                                    Density    =         1.0150
 ------------------------------------------------------------------------------

wrapping first mol.:       16.61260       23.49376       40.69239
wrapping first mol.:       16.61260       23.49376       40.69239

 NSTEP =    41500   TIME(PS) =    2723.000  TEMP(K) =   302.33  PRESS =   -31.3
 Etot   =    -23507.4030  EKtot   =      5835.1235  EPtot      =    -29342.5265
 BOND   =       161.0324  ANGLE   =       401.2970  DIHED      =       640.5243
 1-4 NB =       173.1006  1-4 EEL =      2395.1524  VDWAALS    =      3790.3798
 EELEC  =    -36920.3597  EHBOND  =         0.0000  RESTRAINT  =        16.3467
 EAMBER (non-restraint)  =    -29358.8732
 EKCMT  =      2618.8799  VIRIAL  =      2683.2197  VOLUME     =     95291.8619
                                                    Density    =         1.0142
 ------------------------------------------------------------------------------

wrapping first mol.:       16.60321       23.48048       40.66938
wrapping first mol.:       16.60321       23.48048       40.66938

 NSTEP =    42000   TIME(PS) =    2724.000  TEMP(K) =   295.60  PRESS =   -45.4
 Etot   =    -23654.1185  EKtot   =      5705.1660  EPtot      =    -29359.2845
 BOND   =       159.9061  ANGLE   =       385.6328  DIHED      =       612.0474
 1-4 NB =       183.4619  1-4 EEL =      2384.4533  VDWAALS    =      3643.3136
 EELEC  =    -36741.3724  EHBOND  =         0.0000  RESTRAINT  =        13.2728
 EAMBER (non-restraint)  =    -29372.5573
 EKCMT  =      2547.6856  VIRIAL  =      2641.0055  VOLUME     =     95130.3945
                                                    Density    =         1.0159
 ------------------------------------------------------------------------------

wrapping first mol.:       16.59435       23.46796       40.64769
wrapping first mol.:       16.59435       23.46796       40.64769

 NSTEP =    42500   TIME(PS) =    2725.000  TEMP(K) =   301.77  PRESS =  -206.1
 Etot   =    -23607.2661  EKtot   =      5824.3354  EPtot      =    -29431.6016
 BOND   =       146.0896  ANGLE   =       440.5575  DIHED      =       623.3441
 1-4 NB =       165.8748  1-4 EEL =      2392.2617  VDWAALS    =      3687.3635
 EELEC  =    -36898.7829  EHBOND  =         0.0000  RESTRAINT  =        11.6899
 EAMBER (non-restraint)  =    -29443.2915
 EKCMT  =      2659.1682  VIRIAL  =      3081.7875  VOLUME     =     94979.6665
                                                    Density    =         1.0175
 ------------------------------------------------------------------------------

wrapping first mol.:       16.60509       23.48314       40.67399
wrapping first mol.:       16.60509       23.48314       40.67399

 NSTEP =    43000   TIME(PS) =    2726.000  TEMP(K) =   301.50  PRESS =  -186.7
 Etot   =    -23453.5691  EKtot   =      5819.1191  EPtot      =    -29272.6883
 BOND   =       155.3122  ANGLE   =       427.3266  DIHED      =       653.5122
 1-4 NB =       167.3116  1-4 EEL =      2395.9844  VDWAALS    =      3711.5456
 EELEC  =    -36795.6185  EHBOND  =         0.0000  RESTRAINT  =        11.9376
 EAMBER (non-restraint)  =    -29284.6258
 EKCMT  =      2583.2261  VIRIAL  =      2966.8117  VOLUME     =     95163.9922
                                                    Density    =         1.0156
 ------------------------------------------------------------------------------

wrapping first mol.:       16.59974       23.47558       40.66089
wrapping first mol.:       16.59974       23.47558       40.66089

 NSTEP =    43500   TIME(PS) =    2727.000  TEMP(K) =   293.22  PRESS =   438.4
 Etot   =    -23773.8140  EKtot   =      5659.3442  EPtot      =    -29433.1582
 BOND   =       131.8450  ANGLE   =       432.9610  DIHED      =       618.2389
 1-4 NB =       166.7533  1-4 EEL =      2413.3795  VDWAALS    =      3869.8370
 EELEC  =    -37078.4423  EHBOND  =         0.0000  RESTRAINT  =        12.2694
 EAMBER (non-restraint)  =    -29445.4276
 EKCMT  =      2575.8892  VIRIAL  =      1676.0831  VOLUME     =     95066.7840
                                                    Density    =         1.0166
 ------------------------------------------------------------------------------

wrapping first mol.:       16.62418       23.51014       40.72075
wrapping first mol.:       16.62418       23.51014       40.72075

 NSTEP =    44000   TIME(PS) =    2728.000  TEMP(K) =   298.29  PRESS =   179.1
 Etot   =    -23524.0111  EKtot   =      5757.2720  EPtot      =    -29281.2831
 BOND   =       162.3994  ANGLE   =       417.5961  DIHED      =       633.6689
 1-4 NB =       166.2281  1-4 EEL =      2387.2482  VDWAALS    =      3831.7382
 EELEC  =    -36895.8964  EHBOND  =         0.0000  RESTRAINT  =        15.7343
 EAMBER (non-restraint)  =    -29297.0174
 EKCMT  =      2592.6887  VIRIAL  =      2223.4645  VOLUME     =     95489.4673
                                                    Density    =         1.0121
 ------------------------------------------------------------------------------

wrapping first mol.:       16.62750       23.51484       40.72889
wrapping first mol.:       16.62750       23.51484       40.72889

 NSTEP =    44500   TIME(PS) =    2729.000  TEMP(K) =   301.24  PRESS =  -171.3
 Etot   =    -23597.1203  EKtot   =      5814.0190  EPtot      =    -29411.1393
 BOND   =       157.4730  ANGLE   =       401.9308  DIHED      =       622.7210
 1-4 NB =       169.1586  1-4 EEL =      2404.2008  VDWAALS    =      3692.2582
 EELEC  =    -36875.7206  EHBOND  =         0.0000  RESTRAINT  =        16.8389
 EAMBER (non-restraint)  =    -29427.9782
 EKCMT  =      2600.8916  VIRIAL  =      2954.3059  VOLUME     =     95549.6764
                                                    Density    =         1.0115
 ------------------------------------------------------------------------------

wrapping first mol.:       16.60295       23.48012       40.66875
wrapping first mol.:       16.60295       23.48012       40.66875

 NSTEP =    45000   TIME(PS) =    2730.000  TEMP(K) =   300.16  PRESS =    61.6
 Etot   =    -23565.7663  EKtot   =      5793.3315  EPtot      =    -29359.0978
 BOND   =       158.6483  ANGLE   =       398.1605  DIHED      =       623.0843
 1-4 NB =       174.8677  1-4 EEL =      2381.6863  VDWAALS    =      3908.0945
 EELEC  =    -37023.2148  EHBOND  =         0.0000  RESTRAINT  =        19.5754
 EAMBER (non-restraint)  =    -29378.6732
 EKCMT  =      2641.7962  VIRIAL  =      2515.2327  VOLUME     =     95125.0953
                                                    Density    =         1.0160
 ------------------------------------------------------------------------------

wrapping first mol.:       16.59868       23.47408       40.65830
wrapping first mol.:       16.59868       23.47408       40.65830

 NSTEP =    45500   TIME(PS) =    2731.000  TEMP(K) =   299.17  PRESS =   -53.7
 Etot   =    -23457.1639  EKtot   =      5774.2021  EPtot      =    -29231.3661
 BOND   =       146.5663  ANGLE   =       391.2197  DIHED      =       615.6177
 1-4 NB =       178.8826  1-4 EEL =      2399.9864  VDWAALS    =      3675.2674
 EELEC  =    -36657.6037  EHBOND  =         0.0000  RESTRAINT  =        18.6974
 EAMBER (non-restraint)  =    -29250.0635
 EKCMT  =      2581.1440  VIRIAL  =      2691.3543  VOLUME     =     95052.7695
                                                    Density    =         1.0167
 ------------------------------------------------------------------------------

wrapping first mol.:       16.60082       23.47710       40.66352
wrapping first mol.:       16.60082       23.47710       40.66352

 NSTEP =    46000   TIME(PS) =    2732.000  TEMP(K) =   300.30  PRESS =  -265.3
 Etot   =    -23609.8133  EKtot   =      5796.0542  EPtot      =    -29405.8675
 BOND   =       152.6486  ANGLE   =       385.0783  DIHED      =       635.6975
 1-4 NB =       163.5020  1-4 EEL =      2399.8977  VDWAALS    =      3641.4316
 EELEC  =    -36800.3913  EHBOND  =         0.0000  RESTRAINT  =        16.2679
 EAMBER (non-restraint)  =    -29422.1354
 EKCMT  =      2615.5829  VIRIAL  =      3160.1939  VOLUME     =     95091.1858
                                                    Density    =         1.0163
 ------------------------------------------------------------------------------

wrapping first mol.:       16.56336       23.42413       40.57178
wrapping first mol.:       16.56336       23.42413       40.57178

 NSTEP =    46500   TIME(PS) =    2733.000  TEMP(K) =   298.13  PRESS =   -50.1
 Etot   =    -23762.3144  EKtot   =      5754.0322  EPtot      =    -29516.3466
 BOND   =       166.4085  ANGLE   =       409.4350  DIHED      =       637.0010
 1-4 NB =       164.6916  1-4 EEL =      2396.2087  VDWAALS    =      3691.6020
 EELEC  =    -36997.7528  EHBOND  =         0.0000  RESTRAINT  =        16.0594
 EAMBER (non-restraint)  =    -29532.4061
 EKCMT  =      2557.2692  VIRIAL  =      2659.3369  VOLUME     =     94447.1831
                                                    Density    =         1.0233
 ------------------------------------------------------------------------------

wrapping first mol.:       16.57507       23.44068       40.60045
wrapping first mol.:       16.57507       23.44068       40.60045

 NSTEP =    47000   TIME(PS) =    2734.000  TEMP(K) =   301.47  PRESS =    38.3
 Etot   =    -23647.0397  EKtot   =      5818.5425  EPtot      =    -29465.5822
 BOND   =       132.3878  ANGLE   =       427.7892  DIHED      =       643.3387
 1-4 NB =       177.3063  1-4 EEL =      2418.9815  VDWAALS    =      3723.9178
 EELEC  =    -37000.6099  EHBOND  =         0.0000  RESTRAINT  =        11.3064
 EAMBER (non-restraint)  =    -29476.8885
 EKCMT  =      2625.9188  VIRIAL  =      2547.6477  VOLUME     =     94646.8351
                                                    Density    =         1.0211
 ------------------------------------------------------------------------------

wrapping first mol.:       16.58028       23.44806       40.61322
wrapping first mol.:       16.58028       23.44806       40.61322

 NSTEP =    47500   TIME(PS) =    2735.000  TEMP(K) =   299.69  PRESS =   179.2
 Etot   =    -23543.2009  EKtot   =      5784.2852  EPtot      =    -29327.4861
 BOND   =       155.9128  ANGLE   =       423.5482  DIHED      =       615.5583
 1-4 NB =       175.1269  1-4 EEL =      2384.9190  VDWAALS    =      3697.9964
 EELEC  =    -36794.2579  EHBOND  =         0.0000  RESTRAINT  =        13.7101
 EAMBER (non-restraint)  =    -29341.1961
 EKCMT  =      2620.2913  VIRIAL  =      2253.6654  VOLUME     =     94734.9762
                                                    Density    =         1.0202
 ------------------------------------------------------------------------------

wrapping first mol.:       16.60336       23.48069       40.66975
wrapping first mol.:       16.60336       23.48069       40.66975

 NSTEP =    48000   TIME(PS) =    2736.000  TEMP(K) =   303.11  PRESS =    23.4
 Etot   =    -23619.8382  EKtot   =      5850.2007  EPtot      =    -29470.0389
 BOND   =       166.8420  ANGLE   =       405.8250  DIHED      =       630.2584
 1-4 NB =       162.8520  1-4 EEL =      2424.6200  VDWAALS    =      3767.8934
 EELEC  =    -37040.6242  EHBOND  =         0.0000  RESTRAINT  =        12.2945
 EAMBER (non-restraint)  =    -29482.3334
 EKCMT  =      2630.1260  VIRIAL  =      2582.1262  VOLUME     =     95132.4308
                                                    Density    =         1.0159
 ------------------------------------------------------------------------------

wrapping first mol.:       16.60365       23.48110       40.67046
wrapping first mol.:       16.60365       23.48110       40.67046

 NSTEP =    48500   TIME(PS) =    2737.000  TEMP(K) =   299.19  PRESS =   -89.3
 Etot   =    -23502.5278  EKtot   =      5774.6274  EPtot      =    -29277.1553
 BOND   =       157.0456  ANGLE   =       430.5921  DIHED      =       608.3020
 1-4 NB =       162.2021  1-4 EEL =      2396.6983  VDWAALS    =      3609.5028
 EELEC  =    -36655.9427  EHBOND  =         0.0000  RESTRAINT  =        14.4445
 EAMBER (non-restraint)  =    -29291.5998
 EKCMT  =      2587.8945  VIRIAL  =      2771.3401  VOLUME     =     95138.3573
                                                    Density    =         1.0158
 ------------------------------------------------------------------------------

wrapping first mol.:       16.60049       23.47664       40.66272
wrapping first mol.:       16.60049       23.47664       40.66272

 NSTEP =    49000   TIME(PS) =    2738.000  TEMP(K) =   304.40  PRESS =  -259.9
 Etot   =    -23469.7696  EKtot   =      5875.0078  EPtot      =    -29344.7774
 BOND   =       148.8653  ANGLE   =       381.6642  DIHED      =       626.0289
 1-4 NB =       163.2657  1-4 EEL =      2400.7630  VDWAALS    =      3623.7037
 EELEC  =    -36702.2712  EHBOND  =         0.0000  RESTRAINT  =        13.2031
 EAMBER (non-restraint)  =    -29357.9805
 EKCMT  =      2645.1933  VIRIAL  =      3178.7298  VOLUME     =     95085.5228
                                                    Density    =         1.0164
 ------------------------------------------------------------------------------

wrapping first mol.:       16.58832       23.45942       40.63290
wrapping first mol.:       16.58832       23.45942       40.63290

 NSTEP =    49500   TIME(PS) =    2739.000  TEMP(K) =   305.30  PRESS =  -216.5
 Etot   =    -23502.5968  EKtot   =      5892.4922  EPtot      =    -29395.0890
 BOND   =       151.9080  ANGLE   =       401.1980  DIHED      =       618.4956
 1-4 NB =       174.7602  1-4 EEL =      2407.1064  VDWAALS    =      3692.5588
 EELEC  =    -36853.7034  EHBOND  =         0.0000  RESTRAINT  =        12.5875
 EAMBER (non-restraint)  =    -29407.6765
 EKCMT  =      2648.4920  VIRIAL  =      3092.0807  VOLUME     =     94876.1296
                                                    Density    =         1.0186
 ------------------------------------------------------------------------------

wrapping first mol.:       16.57712       23.44358       40.60548
wrapping first mol.:       16.57712       23.44358       40.60548

 NSTEP =    50000   TIME(PS) =    2740.000  TEMP(K) =   300.29  PRESS =  -188.9
 Etot   =    -23395.6361  EKtot   =      5795.8340  EPtot      =    -29191.4701
 BOND   =       143.1256  ANGLE   =       392.6948  DIHED      =       630.5931
 1-4 NB =       173.9113  1-4 EEL =      2398.9805  VDWAALS    =      3578.7840
 EELEC  =    -36522.7508  EHBOND  =         0.0000  RESTRAINT  =        13.1913
 EAMBER (non-restraint)  =    -29204.6614
 EKCMT  =      2573.1837  VIRIAL  =      2959.3077  VOLUME     =     94683.9023
                                                    Density    =         1.0207
 ------------------------------------------------------------------------------


      A V E R A G E S   O V E R     100 S T E P S


 NSTEP =    50000   TIME(PS) =    2740.000  TEMP(K) =   299.94  PRESS =   -19.5
 Etot   =    -23569.7779  EKtot   =      5789.1086  EPtot      =    -29358.8865
 BOND   =       151.1558  ANGLE   =       400.9529  DIHED      =       628.7993
 1-4 NB =       171.6451  1-4 EEL =      2400.2570  VDWAALS    =      3717.9715
 EELEC  =    -36843.6488  EHBOND  =         0.0000  RESTRAINT  =        13.9806
 EAMBER (non-restraint)  =    -29372.8672
 EKCMT  =      2609.6778  VIRIAL  =      2649.9094  VOLUME     =     95202.6943
                                                    Density    =         1.0151
 ------------------------------------------------------------------------------


      R M S  F L U C T U A T I O N S


 NSTEP =    50000   TIME(PS) =    2740.000  TEMP(K) =     3.11  PRESS =   213.7
 Etot   =       105.7593  EKtot   =        59.9655  EPtot      =        82.1199
 BOND   =         9.0617  ANGLE   =        17.0064  DIHED      =         9.0750
 1-4 NB =         5.8071  1-4 EEL =        14.7650  VDWAALS    =        69.6499
 EELEC  =       125.5747  EHBOND  =         0.0000  RESTRAINT  =         2.5612
 EAMBER (non-restraint)  =        79.5586
 EKCMT  =        40.5210  VIRIAL  =       436.5126  VOLUME     =       260.8292
                                                    Density    =         0.0028
 ------------------------------------------------------------------------------

--------------------------------------------------------------------------------
   5.  TIMINGS
--------------------------------------------------------------------------------

|  NonSetup CPU Time in Major Routines:
|
|     Routine           Sec        %
|     ------------------------------
|     Nonbond          55.42   87.95
|     Bond              0.00    0.00
|     Angle             0.00    0.00
|     Dihedral          0.00    0.00
|     Shake             0.25    0.40
|     RunMD             7.28   11.55
|     Other             0.07    0.11
|     ------------------------------
|     Total            63.01

|  PME Nonbond Pairlist CPU Time:
|
|     Routine              Sec        %
|     ---------------------------------
|     Set Up Cit           0.00    0.00
|     Build List           0.00    0.00
|     ---------------------------------
|     Total                0.00    0.00

|  PME Direct Force CPU Time:
|
|     Routine              Sec        %
|     ---------------------------------
|     NonBonded Calc       0.00    0.00
|     Exclude Masked       0.00    0.00
|     Other                0.03    0.04
|     ---------------------------------
|     Total                0.03    0.04

|  PME Reciprocal Force CPU Time:
|
|     Routine              Sec        %
|     ---------------------------------
|     1D bspline           0.00    0.00
|     Grid Charges         0.00    0.00
|     Scalar Sum           0.00    0.00
|     Gradient Sum         0.00    0.00
|     FFT                  0.00    0.00
|     ---------------------------------
|     Total                0.00    0.00

|  Final Performance Info:
|     -----------------------------------------------------
|     Average timings for last    2000 steps:
|     Elapsed(s) =       2.52 Per Step(ms) =       1.26
|         ns/day =     137.04   seconds/ns =     630.49
|
|     Average timings for all steps:
|     Elapsed(s) =      63.02 Per Step(ms) =       1.26
|         ns/day =     137.11   seconds/ns =     630.16
|     -----------------------------------------------------

|  Setup CPU time:            0.38 seconds
|  NonSetup CPU time:        63.01 seconds
|  Total CPU time:           63.39 seconds     0.02 hours

|  Setup wall time:           1    seconds
|  NonSetup wall time:       63    seconds
|  Total wall time:          64    seconds     0.02 hours
