
          -------------------------------------------------------
          Amber 16 PMEMD                              2016
          -------------------------------------------------------

| PMEMD implementation of SANDER, Release 16

| Run on 06/19/2017 at 23:40:06

|   Executable path: pmemd.cuda
| Working directory: /home/german/alex/run/3im/mhe/e
|          Hostname: Unknown
  [-O]verwriting output

File Assignments:
|   MDIN: 4equ.in                                                               
|  MDOUT: 4equ.out                                                              
| INPCRD: 3e3im.rst7                                                            
|   PARM: /home/german/alex/top_files/3im.prmtop                                
| RESTRT: 4e3im.rst7                                                            
|   REFC: 3e3im.rst7                                                            
|  MDVEL: mdvel                                                                 
|   MDEN: mden                                                                  
|  MDCRD: 4e3im.nc                                                              
| MDINFO: mdinfo                                                                
|  MDFRC: mdfrc                                                                 


 Here is the input file:

Equilibration with solute restrictions                                         
&cntrl                                                                         
imin = 0,                           ! No Minimization                          
nmropt = 0,                         ! No NMR restraints read                   
                                                                               
! Nature and format of the input                                               
ntx = 5,                            ! Coordinates but no velocities will be rea
irest = 1,                          ! Do not run a new simulation              
                                                                               
! Nature and format of the output                                              
ntxo = 1,                           ! rstrt file in ASCII format               
ntpr = 500,                         ! inf in output every ntpr steps           
ntwr = 500,                         ! rstrt file every ntwr steps              
ntwx = 500,                         ! mdcrd file every ntwx steps              
ntwv = 0,                           ! mdvel without velocities                 
ntwe = 0,                           ! Energies and temperatures not written in 
idecomp = 0,                        ! No energy decomposition                  
iwrap = 1,                          ! Coordinates of the restart and mdcrd file
                                                                               
! Frozen or restrained atoms                                                   
ibelly = 0,                         ! No frozen atoms                          
ntr=1,                              ! Harmonic potential restraints            
restraint_wt = 20.0,                ! The weight for the positional restraints 
restraintmask = ':1-49@N,CA,C,O',  ! restrained residues                       
                                                                               
! Molecular dynamics                                                           
nstlim = 50000,                     ! Number of MD-steps                       
dt = 0.002,                         ! Time step                                
                                                                               
! Temperature regulation                                                       
ntt = 3,                            ! Langevin thermostat                      
gamma_ln = 5,                       ! Gamma constant for Langevin              
!temp0 = 300.0,                     ! Reference T at which the system is to be 
tempi = 300.0,                      ! Initial T                                
ig = -1,                            ! Seed for the RNG                         
                                                                               
! P and V regulation                                                           
ntp = 1,                            ! Constant P. Isotropic scaling            
barostat = 1,                       ! Berendsen barostat                       
taup = 1,                           ! Pressure relaxation time                 
nrespa = 1,                         ! Evaluate at each step                    
ntb = 2,                            ! Periodic box for constant P              
                                                                               
! SHAKE variables                                                              
ntc = 2,                            ! Bonds involving H are constrained        
ntf = 2,                            ! Bond interaction involving H are ommited.
                                                                               
cut = 10.0,                         ! Nonbonded cutoff                         
/                                                                              
&end                                                                           


Note: ig = -1. Setting random seed to   655980 based on wallclock time in 
      microseconds.
 
|--------------------- INFORMATION ----------------------
| GPU (CUDA) Version of PMEMD in use: NVIDIA GPU IN USE.
|                    Version 16.0.0
| 
|                      02/25/2016
| 
| Implementation by:
|                    Ross C. Walker     (SDSC)
|                    Scott Le Grand     (nVIDIA)
| 
| Precision model in use:
|      [SPFP] - Single Precision Forces, 64-bit Fixed Point
|               Accumulation. (Default)
| 
|--------------------------------------------------------
 
|----------------- CITATION INFORMATION -----------------
|
|    When publishing work that utilized the CUDA version
|    of AMBER, please cite the following in addition to
|    the regular AMBER citations:
|
|  - Romelia Salomon-Ferrer; Andreas W. Goetz; Duncan
|    Poole; Scott Le Grand; Ross C. Walker "Routine
|    microsecond molecular dynamics simulations with
|    AMBER - Part II: Particle Mesh Ewald", J. Chem.
|    Theory Comput., 2013, 9 (9), pp3878-3888,
|    DOI: 10.1021/ct400314y.
|
|  - Andreas W. Goetz; Mark J. Williamson; Dong Xu;
|    Duncan Poole; Scott Le Grand; Ross C. Walker
|    "Routine microsecond molecular dynamics simulations
|    with AMBER - Part I: Generalized Born", J. Chem.
|    Theory Comput., 2012, 8 (5), pp1542-1555.
|
|  - Scott Le Grand; Andreas W. Goetz; Ross C. Walker
|    "SPFP: Speed without compromise - a mixed precision
|    model for GPU accelerated molecular dynamics
|    simulations.", Comp. Phys. Comm., 2013, 184
|    pp374-380, DOI: 10.1016/j.cpc.2012.09.022
|
|--------------------------------------------------------
 
|------------------- GPU DEVICE INFO --------------------
|
|            CUDA_VISIBLE_DEVICES: 0
|   CUDA Capable Devices Detected:      1
|           CUDA Device ID in use:      0
|                CUDA Device Name: GeForce GTX 1060 6GB
|     CUDA Device Global Mem Size:   6072 MB
| CUDA Device Num Multiprocessors:     10
|           CUDA Device Core Freq:   1.76 GHz
|
|--------------------------------------------------------
 
 
| Conditional Compilation Defines Used:
| PUBFFT
| BINTRAJ
| CUDA
| EMIL

| Largest sphere to fit in unit cell has radius =    20.357

| New format PARM file being parsed.
| Version =    1.000 Date = 06/17/17 Time = 14:30:34

| Note: 1-4 EEL scale factors are being read from the topology file.

| Note: 1-4 VDW scale factors are being read from the topology file.
| Duplicated    0 dihedrals

| Duplicated    0 dihedrals

--------------------------------------------------------------------------------
   1.  RESOURCE   USE: 
--------------------------------------------------------------------------------

 getting new box info from bottom of inpcrd
 NATOM  =    9514 NTYPES =      17 NBONH =    9117 MBONA  =     402
 NTHETH =     874 MTHETA =     539 NPHIH =    1768 MPHIA  =    1685
 NHPARM =       0 NPARM  =       0 NNB   =   15927 NRES   =    2963
 NBONA  =     402 NTHETA =     539 NPHIA =    1685 NUMBND =      67
 NUMANG =     152 NPTRA  =     191 NATYP =      36 NPHB   =       1
 IFBOX  =       2 NMXRS  =      25 IFCAP =       0 NEXTRA =       0
 NCOPY  =       0

| Coordinate Index Table dimensions:     8    8    8
| Direct force subcell size =     6.2329    6.2329    6.2329

     BOX TYPE: TRUNCATED OCTAHEDRON

--------------------------------------------------------------------------------
   2.  CONTROL  DATA  FOR  THE  RUN
--------------------------------------------------------------------------------

default_name                                                                    

General flags:
     imin    =       0, nmropt  =       0

Nature and format of input:
     ntx     =       5, irest   =       1, ntrx    =       1

Nature and format of output:
     ntxo    =       1, ntpr    =     500, ntrx    =       1, ntwr    =     500
     iwrap   =       1, ntwx    =     500, ntwv    =       0, ntwe    =       0
     ioutfm  =       1, ntwprt  =       0, idecomp =       0, rbornstat=      0

Potential function:
     ntf     =       2, ntb     =       2, igb     =       0, nsnb    =      25
     ipol    =       0, gbsa    =       0, iesp    =       0
     dielc   =   1.00000, cut     =  10.00000, intdiel =   1.00000

Frozen or restrained atoms:
     ibelly  =       0, ntr     =       1
     restraint_wt =  20.00000

Molecular dynamics:
     nstlim  =     50000, nscm    =         0, nrespa  =         1
     t       =   0.00000, dt      =   0.00200, vlimit  =  -1.00000

Langevin dynamics temperature regulation:
     ig      =  655980
     temp0   = 300.00000, tempi   = 300.00000, gamma_ln=   5.00000

Pressure regulation:
     ntp     =       1
     pres0   =   1.00000, comp    =  44.60000, taup    =   1.00000

SHAKE:
     ntc     =       2, jfastw  =       0
     tol     =   0.00001

| Intermolecular bonds treatment:
|     no_intermolecular_bonds =       1

| Energy averages sample interval:
|     ene_avg_sampling =     500

Ewald parameters:
     verbose =       0, ew_type =       0, nbflag  =       1, use_pme =       1
     vdwmeth =       1, eedmeth =       1, netfrc  =       1
     Box X =   49.863   Box Y =   49.863   Box Z =   49.863
     Alpha =  109.471   Beta  =  109.471   Gamma =  109.471
     NFFT1 =   56       NFFT2 =   56       NFFT3 =   56
     Cutoff=   10.000   Tol   =0.100E-04
     Ewald Coefficient =  0.27511
     Interpolation order =    4

    LOADING THE CONSTRAINED ATOMS AS GROUPS


   5.  REFERENCE ATOM COORDINATES

  default_name                                                                    
     Mask :1-49@N,CA,C,O; matches   196 atoms

--------------------------------------------------------------------------------
   3.  ATOMIC COORDINATES AND VELOCITIES
--------------------------------------------------------------------------------

default_name                                                                    
 begin time read from input coords =   440.000 ps

 
 Number of triangulated 3-point waters found:     2911

     Sum of charges from parm topology file =  -0.00000003
     Forcing neutrality...

| Dynamic Memory, Types Used:
| Reals              551420
| Integers           312113

| Nonbonded Pairs Initial Allocation:     2877747

| GPU memory information (estimate):
| KB of GPU memory in use:     67281
| KB of CPU memory in use:     14481

--------------------------------------------------------------------------------
   4.  RESULTS
--------------------------------------------------------------------------------

 ---------------------------------------------------
 APPROXIMATING switch and d/dx switch using CUBIC SPLINE INTERPOLATION
 using   5000.0 points per unit in tabled values
 TESTING RELATIVE ERROR over r ranging from 0.0 to cutoff
| CHECK switch(x): max rel err =   0.2738E-14   at   2.422500
| CHECK d/dx switch(x): max rel err =   0.8314E-11   at   2.736960
 ---------------------------------------------------
|---------------------------------------------------
| APPROXIMATING direct energy using CUBIC SPLINE INTERPOLATION
|  with   50.0 points per unit in tabled values
| Relative Error Limit not exceeded for r .gt.   2.33
| APPROXIMATING direct force using CUBIC SPLINE INTERPOLATION
|  with   50.0 points per unit in tabled values
| Relative Error Limit not exceeded for r .gt.   2.80
|---------------------------------------------------
wrapping first mol.:       16.62662       23.51360       40.72674
wrapping first mol.:       16.62662       23.51360       40.72674

 NSTEP =      500   TIME(PS) =     441.000  TEMP(K) =   300.29  PRESS =  -257.0
 Etot   =    -23285.9778  EKtot   =      5795.8276  EPtot      =    -29081.8055
 BOND   =       151.3573  ANGLE   =       418.5417  DIHED      =       659.0813
 1-4 NB =       183.5148  1-4 EEL =      2482.1487  VDWAALS    =      3625.0408
 EELEC  =    -36663.0468  EHBOND  =         0.0000  RESTRAINT  =        61.5568
 EAMBER (non-restraint)  =    -29143.3623
 EKCMT  =      2593.6097  VIRIAL  =      3123.8085  VOLUME     =     95535.3247
                                                    Density    =         1.0116
 ------------------------------------------------------------------------------

wrapping first mol.:       16.60963       23.48956       40.68512
wrapping first mol.:       16.60963       23.48956       40.68512

 NSTEP =     1000   TIME(PS) =     442.000  TEMP(K) =   299.05  PRESS =  -227.9
 Etot   =    -23385.8997  EKtot   =      5771.8911  EPtot      =    -29157.7909
 BOND   =       142.3348  ANGLE   =       447.9811  DIHED      =       672.6393
 1-4 NB =       183.7869  1-4 EEL =      2451.1792  VDWAALS    =      3575.1290
 EELEC  =    -36685.4411  EHBOND  =         0.0000  RESTRAINT  =        54.5998
 EAMBER (non-restraint)  =    -29212.3907
 EKCMT  =      2601.7725  VIRIAL  =      3070.3327  VOLUME     =     95242.4369
                                                    Density    =         1.0147
 ------------------------------------------------------------------------------

wrapping first mol.:       16.60247       23.47944       40.66758
wrapping first mol.:       16.60247       23.47944       40.66758

 NSTEP =     1500   TIME(PS) =     443.000  TEMP(K) =   298.43  PRESS =    60.5
 Etot   =    -23468.4902  EKtot   =      5759.9399  EPtot      =    -29228.4302
 BOND   =       143.3984  ANGLE   =       396.3952  DIHED      =       675.7203
 1-4 NB =       181.6953  1-4 EEL =      2455.1699  VDWAALS    =      3749.3668
 EELEC  =    -36894.9994  EHBOND  =         0.0000  RESTRAINT  =        64.8232
 EAMBER (non-restraint)  =    -29293.2534
 EKCMT  =      2650.8553  VIRIAL  =      2526.6574  VOLUME     =     95116.8922
                                                    Density    =         1.0161
 ------------------------------------------------------------------------------

wrapping first mol.:       16.58463       23.45420       40.62387
wrapping first mol.:       16.58463       23.45420       40.62387

 NSTEP =     2000   TIME(PS) =     444.000  TEMP(K) =   297.96  PRESS =   178.5
 Etot   =    -23532.4757  EKtot   =      5750.7944  EPtot      =    -29283.2701
 BOND   =       152.7278  ANGLE   =       409.0498  DIHED      =       670.8437
 1-4 NB =       175.7641  1-4 EEL =      2461.2491  VDWAALS    =      3777.6933
 EELEC  =    -36990.0248  EHBOND  =         0.0000  RESTRAINT  =        59.4269
 EAMBER (non-restraint)  =    -29342.6970
 EKCMT  =      2641.0728  VIRIAL  =      2275.6007  VOLUME     =     94809.5257
                                                    Density    =         1.0194
 ------------------------------------------------------------------------------

wrapping first mol.:       16.57757       23.44422       40.60658
wrapping first mol.:       16.57757       23.44422       40.60658

 NSTEP =     2500   TIME(PS) =     445.000  TEMP(K) =   303.41  PRESS =  -104.3
 Etot   =    -23302.9271  EKtot   =      5856.0615  EPtot      =    -29158.9886
 BOND   =       158.9607  ANGLE   =       386.8447  DIHED      =       661.4739
 1-4 NB =       186.4188  1-4 EEL =      2475.8628  VDWAALS    =      3712.0730
 EELEC  =    -36800.7981  EHBOND  =         0.0000  RESTRAINT  =        60.1755
 EAMBER (non-restraint)  =    -29219.1641
 EKCMT  =      2631.3691  VIRIAL  =      2844.5268  VOLUME     =     94690.9382
                                                    Density    =         1.0206
 ------------------------------------------------------------------------------

wrapping first mol.:       16.61586       23.49837       40.70037
wrapping first mol.:       16.61586       23.49837       40.70037

 NSTEP =     3000   TIME(PS) =     446.000  TEMP(K) =   304.76  PRESS =   334.0
 Etot   =    -23294.2296  EKtot   =      5882.0171  EPtot      =    -29176.2467
 BOND   =       131.9146  ANGLE   =       422.9855  DIHED      =       662.3785
 1-4 NB =       177.4092  1-4 EEL =      2470.3417  VDWAALS    =      3879.5407
 EELEC  =    -36984.4559  EHBOND  =         0.0000  RESTRAINT  =        63.6390
 EAMBER (non-restraint)  =    -29239.8857
 EKCMT  =      2730.7930  VIRIAL  =      2043.2519  VOLUME     =     95344.8182
                                                    Density    =         1.0136
 ------------------------------------------------------------------------------

wrapping first mol.:       16.62336       23.50898       40.71874
wrapping first mol.:       16.62336       23.50898       40.71874

 NSTEP =     3500   TIME(PS) =     447.000  TEMP(K) =   299.49  PRESS =   261.2
 Etot   =    -23469.2049  EKtot   =      5780.4316  EPtot      =    -29249.6366
 BOND   =       133.3759  ANGLE   =       388.4397  DIHED      =       650.0037
 1-4 NB =       178.3250  1-4 EEL =      2443.3263  VDWAALS    =      3868.0793
 EELEC  =    -36966.9010  EHBOND  =         0.0000  RESTRAINT  =        55.7145
 EAMBER (non-restraint)  =    -29305.3511
 EKCMT  =      2581.4160  VIRIAL  =      2042.9586  VOLUME     =     95474.6357
                                                    Density    =         1.0122
 ------------------------------------------------------------------------------

wrapping first mol.:       16.60644       23.48505       40.67730
wrapping first mol.:       16.60644       23.48505       40.67730

 NSTEP =     4000   TIME(PS) =     448.000  TEMP(K) =   302.50  PRESS =   -82.8
 Etot   =    -23347.4352  EKtot   =      5838.5083  EPtot      =    -29185.9435
 BOND   =       154.8518  ANGLE   =       378.0261  DIHED      =       647.8899
 1-4 NB =       180.2125  1-4 EEL =      2468.6106  VDWAALS    =      3702.3292
 EELEC  =    -36778.9123  EHBOND  =         0.0000  RESTRAINT  =        61.0487
 EAMBER (non-restraint)  =    -29246.9923
 EKCMT  =      2678.3881  VIRIAL  =      2848.4982  VOLUME     =     95186.3587
                                                    Density    =         1.0153
 ------------------------------------------------------------------------------

wrapping first mol.:       16.61310       23.49448       40.69362
wrapping first mol.:       16.61310       23.49448       40.69362

 NSTEP =     4500   TIME(PS) =     449.000  TEMP(K) =   299.28  PRESS =   140.6
 Etot   =    -23384.4007  EKtot   =      5776.1943  EPtot      =    -29160.5950
 BOND   =       148.4504  ANGLE   =       401.3934  DIHED      =       645.9908
 1-4 NB =       171.3828  1-4 EEL =      2450.9379  VDWAALS    =      3836.7969
 EELEC  =    -36870.3275  EHBOND  =         0.0000  RESTRAINT  =        54.7804
 EAMBER (non-restraint)  =    -29215.3754
 EKCMT  =      2621.1273  VIRIAL  =      2331.8157  VOLUME     =     95299.0641
                                                    Density    =         1.0141
 ------------------------------------------------------------------------------

wrapping first mol.:       16.61143       23.49211       40.68952
wrapping first mol.:       16.61143       23.49211       40.68952

 NSTEP =     5000   TIME(PS) =     450.000  TEMP(K) =   301.12  PRESS =   252.9
 Etot   =    -23292.5385  EKtot   =      5811.8506  EPtot      =    -29104.3890
 BOND   =       171.3280  ANGLE   =       449.3608  DIHED      =       642.6310
 1-4 NB =       171.8406  1-4 EEL =      2460.1263  VDWAALS    =      3774.6035
 EELEC  =    -36838.3977  EHBOND  =         0.0000  RESTRAINT  =        64.1185
 EAMBER (non-restraint)  =    -29168.5076
 EKCMT  =      2652.5855  VIRIAL  =      2132.3288  VOLUME     =     95269.2947
                                                    Density    =         1.0144
 ------------------------------------------------------------------------------

wrapping first mol.:       16.62542       23.51189       40.72379
wrapping first mol.:       16.62542       23.51189       40.72379

 NSTEP =     5500   TIME(PS) =     451.000  TEMP(K) =   301.40  PRESS =  -229.6
 Etot   =    -23422.8648  EKtot   =      5817.2788  EPtot      =    -29240.1436
 BOND   =       152.4449  ANGLE   =       430.5094  DIHED      =       648.5166
 1-4 NB =       176.1834  1-4 EEL =      2452.8884  VDWAALS    =      3672.9264
 EELEC  =    -36837.0037  EHBOND  =         0.0000  RESTRAINT  =        63.3910
 EAMBER (non-restraint)  =    -29303.5346
 EKCMT  =      2634.5480  VIRIAL  =      3107.9913  VOLUME     =     95514.3228
                                                    Density    =         1.0118
 ------------------------------------------------------------------------------

wrapping first mol.:       16.60788       23.48709       40.68084
wrapping first mol.:       16.60788       23.48709       40.68084

 NSTEP =     6000   TIME(PS) =     452.000  TEMP(K) =   298.05  PRESS =  -153.8
 Etot   =    -23384.8689  EKtot   =      5752.4771  EPtot      =    -29137.3460
 BOND   =       135.5435  ANGLE   =       419.8693  DIHED      =       657.3800
 1-4 NB =       179.2169  1-4 EEL =      2460.2335  VDWAALS    =      3647.6533
 EELEC  =    -36700.7367  EHBOND  =         0.0000  RESTRAINT  =        63.4943
 EAMBER (non-restraint)  =    -29200.8403
 EKCMT  =      2550.1713  VIRIAL  =      2866.2642  VOLUME     =     95211.7585
                                                    Density    =         1.0150
 ------------------------------------------------------------------------------

wrapping first mol.:       16.59946       23.47518       40.66021
wrapping first mol.:       16.59946       23.47518       40.66021

 NSTEP =     6500   TIME(PS) =     453.000  TEMP(K) =   300.65  PRESS =  -302.5
 Etot   =    -23393.2250  EKtot   =      5802.7095  EPtot      =    -29195.9345
 BOND   =       153.1471  ANGLE   =       411.1008  DIHED      =       640.9104
 1-4 NB =       187.5310  1-4 EEL =      2454.6660  VDWAALS    =      3641.5703
 EELEC  =    -36740.4385  EHBOND  =         0.0000  RESTRAINT  =        55.5784
 EAMBER (non-restraint)  =    -29251.5129
 EKCMT  =      2635.7761  VIRIAL  =      3256.6676  VOLUME     =     95068.2431
                                                    Density    =         1.0166
 ------------------------------------------------------------------------------

wrapping first mol.:       16.60492       23.48291       40.67358
wrapping first mol.:       16.60492       23.48291       40.67358

 NSTEP =     7000   TIME(PS) =     454.000  TEMP(K) =   300.76  PRESS =   533.5
 Etot   =    -23435.9264  EKtot   =      5804.8979  EPtot      =    -29240.8244
 BOND   =       134.3503  ANGLE   =       378.1877  DIHED      =       650.8379
 1-4 NB =       180.5683  1-4 EEL =      2451.8496  VDWAALS    =      3815.7990
 EELEC  =    -36916.5875  EHBOND  =         0.0000  RESTRAINT  =        64.1704
 EAMBER (non-restraint)  =    -29304.9947
 EKCMT  =      2630.5623  VIRIAL  =      1534.4106  VOLUME     =     95155.0088
                                                    Density    =         1.0156
 ------------------------------------------------------------------------------

wrapping first mol.:       16.61484       23.49692       40.69786
wrapping first mol.:       16.61484       23.49692       40.69786

 NSTEP =     7500   TIME(PS) =     455.000  TEMP(K) =   297.00  PRESS =   -17.2
 Etot   =    -23535.3239  EKtot   =      5732.2500  EPtot      =    -29267.5739
 BOND   =       146.3143  ANGLE   =       412.6150  DIHED      =       646.9495
 1-4 NB =       175.9105  1-4 EEL =      2460.5010  VDWAALS    =      3805.4141
 EELEC  =    -36978.8727  EHBOND  =         0.0000  RESTRAINT  =        63.5944
 EAMBER (non-restraint)  =    -29331.1684
 EKCMT  =      2581.0072  VIRIAL  =      2616.3429  VOLUME     =     95330.2052
                                                    Density    =         1.0138
 ------------------------------------------------------------------------------

wrapping first mol.:       16.60899       23.48866       40.68355
wrapping first mol.:       16.60899       23.48866       40.68355

 NSTEP =     8000   TIME(PS) =     456.000  TEMP(K) =   298.79  PRESS =  -427.7
 Etot   =    -23522.8522  EKtot   =      5766.8921  EPtot      =    -29289.7443
 BOND   =       151.7478  ANGLE   =       395.7205  DIHED      =       641.5710
 1-4 NB =       177.4987  1-4 EEL =      2451.1977  VDWAALS    =      3723.8109
 EELEC  =    -36907.5533  EHBOND  =         0.0000  RESTRAINT  =        76.2624
 EAMBER (non-restraint)  =    -29366.0067
 EKCMT  =      2577.5506  VIRIAL  =      3456.9061  VOLUME     =     95233.1682
                                                    Density    =         1.0148
 ------------------------------------------------------------------------------

wrapping first mol.:       16.60859       23.48809       40.68257
wrapping first mol.:       16.60859       23.48809       40.68257

 NSTEP =     8500   TIME(PS) =     457.000  TEMP(K) =   294.75  PRESS =    63.6
 Etot   =    -23456.3505  EKtot   =      5688.8916  EPtot      =    -29145.2421
 BOND   =       141.4663  ANGLE   =       423.3339  DIHED      =       645.1934
 1-4 NB =       180.2401  1-4 EEL =      2462.8894  VDWAALS    =      3713.0193
 EELEC  =    -36769.4184  EHBOND  =         0.0000  RESTRAINT  =        58.0338
 EAMBER (non-restraint)  =    -29203.2759
 EKCMT  =      2609.9273  VIRIAL  =      2479.0841  VOLUME     =     95222.0530
                                                    Density    =         1.0149
 ------------------------------------------------------------------------------

wrapping first mol.:       16.61753       23.50074       40.70447
wrapping first mol.:       16.61753       23.50074       40.70447

 NSTEP =     9000   TIME(PS) =     458.000  TEMP(K) =   295.85  PRESS =   116.2
 Etot   =    -23502.3130  EKtot   =      5710.0146  EPtot      =    -29212.3277
 BOND   =       141.3887  ANGLE   =       391.7231  DIHED      =       656.6453
 1-4 NB =       184.6159  1-4 EEL =      2476.2646  VDWAALS    =      3773.0770
 EELEC  =    -36909.7009  EHBOND  =         0.0000  RESTRAINT  =        73.6588
 EAMBER (non-restraint)  =    -29285.9864
 EKCMT  =      2600.4622  VIRIAL  =      2361.2564  VOLUME     =     95375.4751
                                                    Density    =         1.0133
 ------------------------------------------------------------------------------

wrapping first mol.:       16.61812       23.50157       40.70590
wrapping first mol.:       16.61812       23.50157       40.70590

 NSTEP =     9500   TIME(PS) =     459.000  TEMP(K) =   303.98  PRESS =    16.8
 Etot   =    -23342.4041  EKtot   =      5867.0376  EPtot      =    -29209.4417
 BOND   =       159.4072  ANGLE   =       394.2602  DIHED      =       666.2125
 1-4 NB =       175.7112  1-4 EEL =      2468.0351  VDWAALS    =      3781.6698
 EELEC  =    -36916.5335  EHBOND  =         0.0000  RESTRAINT  =        61.7959
 EAMBER (non-restraint)  =    -29271.2376
 EKCMT  =      2624.1014  VIRIAL  =      2589.4918  VOLUME     =     95386.4046
                                                    Density    =         1.0132
 ------------------------------------------------------------------------------

wrapping first mol.:       16.61605       23.49865       40.70084
wrapping first mol.:       16.61605       23.49865       40.70084

 NSTEP =    10000   TIME(PS) =     460.000  TEMP(K) =   304.20  PRESS =    -9.5
 Etot   =    -23394.4749  EKtot   =      5871.2114  EPtot      =    -29265.6863
 BOND   =       134.2118  ANGLE   =       412.0755  DIHED      =       654.0595
 1-4 NB =       177.7455  1-4 EEL =      2475.4198  VDWAALS    =      3748.4368
 EELEC  =    -36931.7968  EHBOND  =         0.0000  RESTRAINT  =        64.1617
 EAMBER (non-restraint)  =    -29329.8480
 EKCMT  =      2625.9518  VIRIAL  =      2645.4334  VOLUME     =     95351.0799
                                                    Density    =         1.0136
 ------------------------------------------------------------------------------

wrapping first mol.:       16.62186       23.50686       40.71507
wrapping first mol.:       16.62186       23.50686       40.71507

 NSTEP =    10500   TIME(PS) =     461.000  TEMP(K) =   302.61  PRESS =   157.9
 Etot   =    -23326.3499  EKtot   =      5840.6006  EPtot      =    -29166.9505
 BOND   =       153.6710  ANGLE   =       385.1433  DIHED      =       652.1550
 1-4 NB =       172.1916  1-4 EEL =      2463.2235  VDWAALS    =      3768.0656
 EELEC  =    -36820.5723  EHBOND  =         0.0000  RESTRAINT  =        59.1717
 EAMBER (non-restraint)  =    -29226.1222
 EKCMT  =      2671.1688  VIRIAL  =      2345.8379  VOLUME     =     95449.6507
                                                    Density    =         1.0125
 ------------------------------------------------------------------------------

wrapping first mol.:       16.60782       23.48700       40.68068
wrapping first mol.:       16.60782       23.48700       40.68068

 NSTEP =    11000   TIME(PS) =     462.000  TEMP(K) =   300.40  PRESS =  -419.0
 Etot   =    -23545.1847  EKtot   =      5797.9644  EPtot      =    -29343.1491
 BOND   =       144.3766  ANGLE   =       410.8444  DIHED      =       655.3095
 1-4 NB =       179.5400  1-4 EEL =      2463.3488  VDWAALS    =      3642.2156
 EELEC  =    -36895.1797  EHBOND  =         0.0000  RESTRAINT  =        56.3958
 EAMBER (non-restraint)  =    -29399.5449
 EKCMT  =      2615.7829  VIRIAL  =      3477.1890  VOLUME     =     95212.9106
                                                    Density    =         1.0150
 ------------------------------------------------------------------------------

wrapping first mol.:       16.59765       23.47261       40.65576
wrapping first mol.:       16.59765       23.47261       40.65576

 NSTEP =    11500   TIME(PS) =     463.000  TEMP(K) =   294.59  PRESS =    63.9
 Etot   =    -23718.0360  EKtot   =      5685.6680  EPtot      =    -29403.7040
 BOND   =       140.4811  ANGLE   =       425.6299  DIHED      =       635.5572
 1-4 NB =       169.9107  1-4 EEL =      2461.4847  VDWAALS    =      3719.3343
 EELEC  =    -37018.0931  EHBOND  =         0.0000  RESTRAINT  =        61.9911
 EAMBER (non-restraint)  =    -29465.6951
 EKCMT  =      2615.0110  VIRIAL  =      2483.9013  VOLUME     =     95033.9347
                                                    Density    =         1.0169
 ------------------------------------------------------------------------------

wrapping first mol.:       16.62778       23.51523       40.72957
wrapping first mol.:       16.62778       23.51523       40.72957

 NSTEP =    12000   TIME(PS) =     464.000  TEMP(K) =   300.26  PRESS =   -80.0
 Etot   =    -23446.9240  EKtot   =      5795.2300  EPtot      =    -29242.1540
 BOND   =       179.5051  ANGLE   =       391.9799  DIHED      =       653.8745
 1-4 NB =       170.9792  1-4 EEL =      2463.6857  VDWAALS    =      3783.1518
 EELEC  =    -36947.3747  EHBOND  =         0.0000  RESTRAINT  =        62.0445
 EAMBER (non-restraint)  =    -29304.1985
 EKCMT  =      2631.9089  VIRIAL  =      2796.8971  VOLUME     =     95553.7130
                                                    Density    =         1.0114
 ------------------------------------------------------------------------------

wrapping first mol.:       16.62273       23.50809       40.71719
wrapping first mol.:       16.62273       23.50809       40.71719

 NSTEP =    12500   TIME(PS) =     465.000  TEMP(K) =   297.14  PRESS =   159.1
 Etot   =    -23515.8332  EKtot   =      5735.0200  EPtot      =    -29250.8532
 BOND   =       152.5038  ANGLE   =       430.1353  DIHED      =       672.5691
 1-4 NB =       179.4920  1-4 EEL =      2467.2456  VDWAALS    =      3798.2275
 EELEC  =    -37014.5649  EHBOND  =         0.0000  RESTRAINT  =        63.5385
 EAMBER (non-restraint)  =    -29314.3917
 EKCMT  =      2532.5033  VIRIAL  =      2204.6481  VOLUME     =     95464.6073
                                                    Density    =         1.0124
 ------------------------------------------------------------------------------

wrapping first mol.:       16.62796       23.51548       40.73001
wrapping first mol.:       16.62796       23.51548       40.73001

 NSTEP =    13000   TIME(PS) =     466.000  TEMP(K) =   295.92  PRESS =   260.2
 Etot   =    -23435.6035  EKtot   =      5711.5210  EPtot      =    -29147.1245
 BOND   =       140.7589  ANGLE   =       397.6339  DIHED      =       646.7343
 1-4 NB =       177.6186  1-4 EEL =      2472.5530  VDWAALS    =      3745.2406
 EELEC  =    -36784.7032  EHBOND  =         0.0000  RESTRAINT  =        57.0393
 EAMBER (non-restraint)  =    -29204.1638
 EKCMT  =      2573.5122  VIRIAL  =      2036.7231  VOLUME     =     95553.8875
                                                    Density    =         1.0114
 ------------------------------------------------------------------------------

wrapping first mol.:       16.61231       23.49335       40.69167
wrapping first mol.:       16.61231       23.49335       40.69167

 NSTEP =    13500   TIME(PS) =     467.000  TEMP(K) =   299.47  PRESS =   -28.6
 Etot   =    -23306.8918  EKtot   =      5779.9355  EPtot      =    -29086.8274
 BOND   =       149.9843  ANGLE   =       392.1158  DIHED      =       655.7873
 1-4 NB =       172.1859  1-4 EEL =      2459.5989  VDWAALS    =      3680.4648
 EELEC  =    -36659.0818  EHBOND  =         0.0000  RESTRAINT  =        62.1174
 EAMBER (non-restraint)  =    -29148.9448
 EKCMT  =      2645.5026  VIRIAL  =      2704.2722  VOLUME     =     95286.8068
                                                    Density    =         1.0142
 ------------------------------------------------------------------------------

wrapping first mol.:       16.61571       23.49816       40.70001
wrapping first mol.:       16.61571       23.49816       40.70001

 NSTEP =    14000   TIME(PS) =     468.000  TEMP(K) =   305.45  PRESS =    96.1
 Etot   =    -23362.2781  EKtot   =      5895.3589  EPtot      =    -29257.6370
 BOND   =       141.7110  ANGLE   =       370.9036  DIHED      =       653.7330
 1-4 NB =       185.4001  1-4 EEL =      2478.0366  VDWAALS    =      3715.3250
 EELEC  =    -36859.2446  EHBOND  =         0.0000  RESTRAINT  =        56.4980
 EAMBER (non-restraint)  =    -29314.1351
 EKCMT  =      2643.8561  VIRIAL  =      2446.0193  VOLUME     =     95344.2881
                                                    Density    =         1.0136
 ------------------------------------------------------------------------------

wrapping first mol.:       16.61136       23.49201       40.68936
wrapping first mol.:       16.61136       23.49201       40.68936

 NSTEP =    14500   TIME(PS) =     469.000  TEMP(K) =   294.80  PRESS =   -17.4
 Etot   =    -23624.8444  EKtot   =      5689.7812  EPtot      =    -29314.6256
 BOND   =       143.1855  ANGLE   =       390.7917  DIHED      =       671.3220
 1-4 NB =       186.2113  1-4 EEL =      2456.8323  VDWAALS    =      3793.4491
 EELEC  =    -37016.8908  EHBOND  =         0.0000  RESTRAINT  =        60.4733
 EAMBER (non-restraint)  =    -29375.0989
 EKCMT  =      2592.2333  VIRIAL  =      2627.9771  VOLUME     =     95270.4472
                                                    Density    =         1.0144
 ------------------------------------------------------------------------------

wrapping first mol.:       16.63528       23.52584       40.74794
wrapping first mol.:       16.63528       23.52584       40.74794

 NSTEP =    15000   TIME(PS) =     470.000  TEMP(K) =   301.14  PRESS =   -82.3
 Etot   =    -23504.0540  EKtot   =      5812.1338  EPtot      =    -29316.1878
 BOND   =       149.6775  ANGLE   =       399.8358  DIHED      =       653.1244
 1-4 NB =       175.5609  1-4 EEL =      2463.2529  VDWAALS    =      3787.1595
 EELEC  =    -37005.0552  EHBOND  =         0.0000  RESTRAINT  =        60.2565
 EAMBER (non-restraint)  =    -29376.4443
 EKCMT  =      2624.6621  VIRIAL  =      2794.7204  VOLUME     =     95683.0838
                                                    Density    =         1.0100
 ------------------------------------------------------------------------------

wrapping first mol.:       16.62947       23.51762       40.73370
wrapping first mol.:       16.62947       23.51762       40.73370

 NSTEP =    15500   TIME(PS) =     471.000  TEMP(K) =   297.03  PRESS =   226.6
 Etot   =    -23503.0852  EKtot   =      5732.8877  EPtot      =    -29235.9729
 BOND   =       149.9147  ANGLE   =       393.9210  DIHED      =       658.8544
 1-4 NB =       179.9468  1-4 EEL =      2456.6389  VDWAALS    =      3875.6576
 EELEC  =    -37008.2037  EHBOND  =         0.0000  RESTRAINT  =        57.2975
 EAMBER (non-restraint)  =    -29293.2704
 EKCMT  =      2601.1727  VIRIAL  =      2133.5472  VOLUME     =     95580.1915
                                                    Density    =         1.0111
 ------------------------------------------------------------------------------

wrapping first mol.:       16.60920       23.48896       40.68406
wrapping first mol.:       16.60920       23.48896       40.68406

 NSTEP =    16000   TIME(PS) =     472.000  TEMP(K) =   303.09  PRESS =   103.8
 Etot   =    -23486.6550  EKtot   =      5849.7793  EPtot      =    -29336.4343
 BOND   =       132.3141  ANGLE   =       391.1890  DIHED      =       640.4242
 1-4 NB =       176.4716  1-4 EEL =      2485.4789  VDWAALS    =      3811.2301
 EELEC  =    -37034.5955  EHBOND  =         0.0000  RESTRAINT  =        61.0533
 EAMBER (non-restraint)  =    -29397.4876
 EKCMT  =      2634.7232  VIRIAL  =      2421.3115  VOLUME     =     95232.2245
                                                    Density    =         1.0148
 ------------------------------------------------------------------------------

wrapping first mol.:       16.62440       23.51046       40.72130
wrapping first mol.:       16.62440       23.51046       40.72130

 NSTEP =    16500   TIME(PS) =     473.000  TEMP(K) =   300.83  PRESS =    42.1
 Etot   =    -23556.8241  EKtot   =      5806.1279  EPtot      =    -29362.9521
 BOND   =       133.1522  ANGLE   =       370.3983  DIHED      =       654.9788
 1-4 NB =       185.0995  1-4 EEL =      2477.7341  VDWAALS    =      3800.5574
 EELEC  =    -37044.3169  EHBOND  =         0.0000  RESTRAINT  =        59.4445
 EAMBER (non-restraint)  =    -29422.3965
 EKCMT  =      2620.7138  VIRIAL  =      2533.9864  VOLUME     =     95494.4807
                                                    Density    =         1.0120
 ------------------------------------------------------------------------------

wrapping first mol.:       16.61612       23.49874       40.70101
wrapping first mol.:       16.61612       23.49874       40.70101

 NSTEP =    17000   TIME(PS) =     474.000  TEMP(K) =   306.18  PRESS =    21.4
 Etot   =    -23388.0850  EKtot   =      5909.3965  EPtot      =    -29297.4815
 BOND   =       141.0086  ANGLE   =       410.7963  DIHED      =       649.8562
 1-4 NB =       171.8022  1-4 EEL =      2457.3281  VDWAALS    =      3806.5722
 EELEC  =    -37005.6677  EHBOND  =         0.0000  RESTRAINT  =        70.8225
 EAMBER (non-restraint)  =    -29368.3040
 EKCMT  =      2706.8088  VIRIAL  =      2662.7395  VOLUME     =     95351.9607
                                                    Density    =         1.0136
 ------------------------------------------------------------------------------

wrapping first mol.:       16.62138       23.50619       40.71391
wrapping first mol.:       16.62138       23.50619       40.71391

 NSTEP =    17500   TIME(PS) =     475.000  TEMP(K) =   298.49  PRESS =  -410.0
 Etot   =    -23463.6275  EKtot   =      5761.1172  EPtot      =    -29224.7446
 BOND   =       140.0414  ANGLE   =       418.9251  DIHED      =       653.6341
 1-4 NB =       182.6742  1-4 EEL =      2461.7721  VDWAALS    =      3668.0513
 EELEC  =    -36815.3905  EHBOND  =         0.0000  RESTRAINT  =        65.5477
 EAMBER (non-restraint)  =    -29290.2923
 EKCMT  =      2567.6014  VIRIAL  =      3412.5327  VOLUME     =     95446.3166
                                                    Density    =         1.0125
 ------------------------------------------------------------------------------

wrapping first mol.:       16.60120       23.47765       40.66447
wrapping first mol.:       16.60120       23.47765       40.66447

 NSTEP =    18000   TIME(PS) =     476.000  TEMP(K) =   301.42  PRESS =  -466.8
 Etot   =    -23483.2464  EKtot   =      5817.6670  EPtot      =    -29300.9134
 BOND   =       154.4684  ANGLE   =       408.2866  DIHED      =       651.9874
 1-4 NB =       172.6905  1-4 EEL =      2454.9170  VDWAALS    =      3608.0033
 EELEC  =    -36805.2571  EHBOND  =         0.0000  RESTRAINT  =        53.9904
 EAMBER (non-restraint)  =    -29354.9039
 EKCMT  =      2636.7724  VIRIAL  =      3595.3127  VOLUME     =     95099.5781
                                                    Density    =         1.0162
 ------------------------------------------------------------------------------

wrapping first mol.:       16.59701       23.47172       40.65421
wrapping first mol.:       16.59701       23.47172       40.65421

 NSTEP =    18500   TIME(PS) =     477.000  TEMP(K) =   300.59  PRESS =   200.0
 Etot   =    -23502.2203  EKtot   =      5801.6011  EPtot      =    -29303.8214
 BOND   =       156.2380  ANGLE   =       386.4858  DIHED      =       641.6375
 1-4 NB =       179.7321  1-4 EEL =      2453.0590  VDWAALS    =      3816.6501
 EELEC  =    -36999.3072  EHBOND  =         0.0000  RESTRAINT  =        61.6833
 EAMBER (non-restraint)  =    -29365.5047
 EKCMT  =      2622.6011  VIRIAL  =      2212.2395  VOLUME     =     95021.9273
                                                    Density    =         1.0171
 ------------------------------------------------------------------------------

wrapping first mol.:       16.61944       23.50344       40.70915
wrapping first mol.:       16.61944       23.50344       40.70915

 NSTEP =    19000   TIME(PS) =     478.000  TEMP(K) =   298.52  PRESS =   454.5
 Etot   =    -23380.3496  EKtot   =      5761.5415  EPtot      =    -29141.8911
 BOND   =       141.7049  ANGLE   =       418.4188  DIHED      =       634.3850
 1-4 NB =       175.6137  1-4 EEL =      2476.6101  VDWAALS    =      3847.0380
 EELEC  =    -36899.6627  EHBOND  =         0.0000  RESTRAINT  =        64.0012
 EAMBER (non-restraint)  =    -29205.8923
 EKCMT  =      2616.4790  VIRIAL  =      1680.3336  VOLUME     =     95405.5257
                                                    Density    =         1.0130
 ------------------------------------------------------------------------------

wrapping first mol.:       16.64790       23.54368       40.77885
wrapping first mol.:       16.64790       23.54368       40.77885

 NSTEP =    19500   TIME(PS) =     479.000  TEMP(K) =   298.28  PRESS =  -118.3
 Etot   =    -23422.7341  EKtot   =      5756.9385  EPtot      =    -29179.6726
 BOND   =       147.5411  ANGLE   =       413.8242  DIHED      =       658.4282
 1-4 NB =       173.9650  1-4 EEL =      2468.8743  VDWAALS    =      3749.0436
 EELEC  =    -36847.2325  EHBOND  =         0.0000  RESTRAINT  =        55.8836
 EAMBER (non-restraint)  =    -29235.5562
 EKCMT  =      2598.4442  VIRIAL  =      2843.4316  VOLUME     =     95901.2921
                                                    Density    =         1.0077
 ------------------------------------------------------------------------------

wrapping first mol.:       16.63554       23.52620       40.74857
wrapping first mol.:       16.63554       23.52620       40.74857

 NSTEP =    20000   TIME(PS) =     480.000  TEMP(K) =   302.59  PRESS =    67.9
 Etot   =    -23345.8650  EKtot   =      5840.1948  EPtot      =    -29186.0599
 BOND   =       156.2224  ANGLE   =       421.2348  DIHED      =       662.0388
 1-4 NB =       182.6022  1-4 EEL =      2449.1962  VDWAALS    =      3707.9267
 EELEC  =    -36833.4107  EHBOND  =         0.0000  RESTRAINT  =        68.1297
 EAMBER (non-restraint)  =    -29254.1895
 EKCMT  =      2647.2132  VIRIAL  =      2506.8997  VOLUME     =     95686.2362
                                                    Density    =         1.0100
 ------------------------------------------------------------------------------

wrapping first mol.:       16.63524       23.52578       40.74784
wrapping first mol.:       16.63524       23.52578       40.74784

 NSTEP =    20500   TIME(PS) =     481.000  TEMP(K) =   296.67  PRESS =  -144.3
 Etot   =    -23440.2403  EKtot   =      5725.9360  EPtot      =    -29166.1763
 BOND   =       152.7281  ANGLE   =       384.5446  DIHED      =       664.9042
 1-4 NB =       174.4213  1-4 EEL =      2448.2070  VDWAALS    =      3742.6879
 EELEC  =    -36801.1647  EHBOND  =         0.0000  RESTRAINT  =        67.4953
 EAMBER (non-restraint)  =    -29233.6716
 EKCMT  =      2586.6296  VIRIAL  =      2884.6983  VOLUME     =     95682.9265
                                                    Density    =         1.0100
 ------------------------------------------------------------------------------

wrapping first mol.:       16.63476       23.52511       40.74667
wrapping first mol.:       16.63476       23.52511       40.74667

 NSTEP =    21000   TIME(PS) =     482.000  TEMP(K) =   297.64  PRESS =   -72.3
 Etot   =    -23490.4996  EKtot   =      5744.6416  EPtot      =    -29235.1412
 BOND   =       158.5961  ANGLE   =       423.0497  DIHED      =       657.6076
 1-4 NB =       175.0425  1-4 EEL =      2446.9846  VDWAALS    =      3740.6043
 EELEC  =    -36896.1576  EHBOND  =         0.0000  RESTRAINT  =        59.1316
 EAMBER (non-restraint)  =    -29294.2728
 EKCMT  =      2583.7801  VIRIAL  =      2733.1604  VOLUME     =     95674.0845
                                                    Density    =         1.0101
 ------------------------------------------------------------------------------

wrapping first mol.:       16.60776       23.48692       40.68053
wrapping first mol.:       16.60776       23.48692       40.68053

 NSTEP =    21500   TIME(PS) =     483.000  TEMP(K) =   295.68  PRESS =    -1.1
 Etot   =    -23587.7981  EKtot   =      5706.7915  EPtot      =    -29294.5896
 BOND   =       141.0087  ANGLE   =       414.9936  DIHED      =       650.2912
 1-4 NB =       172.1387  1-4 EEL =      2445.1921  VDWAALS    =      3770.5454
 EELEC  =    -36949.8710  EHBOND  =         0.0000  RESTRAINT  =        61.1118
 EAMBER (non-restraint)  =    -29355.7013
 EKCMT  =      2614.2694  VIRIAL  =      2616.4461  VOLUME     =     95208.3295
                                                    Density    =         1.0151
 ------------------------------------------------------------------------------

wrapping first mol.:       16.60689       23.48569       40.67840
wrapping first mol.:       16.60689       23.48569       40.67840

 NSTEP =    22000   TIME(PS) =     484.000  TEMP(K) =   298.55  PRESS =    25.9
 Etot   =    -23603.8547  EKtot   =      5762.1108  EPtot      =    -29365.9656
 BOND   =       155.3732  ANGLE   =       423.7938  DIHED      =       640.1152
 1-4 NB =       171.7589  1-4 EEL =      2437.7264  VDWAALS    =      3756.2667
 EELEC  =    -37014.5165  EHBOND  =         0.0000  RESTRAINT  =        63.5167
 EAMBER (non-restraint)  =    -29429.4823
 EKCMT  =      2677.3952  VIRIAL  =      2624.2534  VOLUME     =     95193.1294
                                                    Density    =         1.0152
 ------------------------------------------------------------------------------

wrapping first mol.:       16.60077       23.47704       40.66342
wrapping first mol.:       16.60077       23.47704       40.66342

 NSTEP =    22500   TIME(PS) =     485.000  TEMP(K) =   301.23  PRESS =   232.6
 Etot   =    -23426.1156  EKtot   =      5813.8608  EPtot      =    -29239.9764
 BOND   =       144.6670  ANGLE   =       418.6095  DIHED      =       643.5242
 1-4 NB =       181.8635  1-4 EEL =      2477.0240  VDWAALS    =      3853.3105
 EELEC  =    -37018.2718  EHBOND  =         0.0000  RESTRAINT  =        59.2967
 EAMBER (non-restraint)  =    -29299.2731
 EKCMT  =      2639.0509  VIRIAL  =      2161.6127  VOLUME     =     95086.2519
                                                    Density    =         1.0164
 ------------------------------------------------------------------------------

wrapping first mol.:       16.60638       23.48497       40.67716
wrapping first mol.:       16.60638       23.48497       40.67716

 NSTEP =    23000   TIME(PS) =     486.000  TEMP(K) =   303.21  PRESS =  -119.4
 Etot   =    -23377.4194  EKtot   =      5852.1509  EPtot      =    -29229.5703
 BOND   =       146.2085  ANGLE   =       396.9833  DIHED      =       649.8211
 1-4 NB =       175.6263  1-4 EEL =      2466.8639  VDWAALS    =      3683.7968
 EELEC  =    -36814.1540  EHBOND  =         0.0000  RESTRAINT  =        65.2838
 EAMBER (non-restraint)  =    -29294.8541
 EKCMT  =      2600.5939  VIRIAL  =      2846.0165  VOLUME     =     95185.6645
                                                    Density    =         1.0153
 ------------------------------------------------------------------------------

wrapping first mol.:       16.61815       23.50161       40.70598
wrapping first mol.:       16.61815       23.50161       40.70598

 NSTEP =    23500   TIME(PS) =     487.000  TEMP(K) =   300.15  PRESS =   -14.9
 Etot   =    -23366.0965  EKtot   =      5793.0396  EPtot      =    -29159.1361
 BOND   =       164.6561  ANGLE   =       400.3280  DIHED      =       663.1236
 1-4 NB =       178.0546  1-4 EEL =      2462.6176  VDWAALS    =      3741.3378
 EELEC  =    -36829.5409  EHBOND  =         0.0000  RESTRAINT  =        60.2872
 EAMBER (non-restraint)  =    -29219.4233
 EKCMT  =      2630.9116  VIRIAL  =      2661.6479  VOLUME     =     95387.2112
                                                    Density    =         1.0132
 ------------------------------------------------------------------------------

wrapping first mol.:       16.61639       23.49913       40.70168
wrapping first mol.:       16.61639       23.49913       40.70168

 NSTEP =    24000   TIME(PS) =     488.000  TEMP(K) =   303.44  PRESS =    44.2
 Etot   =    -23317.2306  EKtot   =      5856.6650  EPtot      =    -29173.8957
 BOND   =       145.8654  ANGLE   =       385.9945  DIHED      =       644.0781
 1-4 NB =       174.1584  1-4 EEL =      2468.5586  VDWAALS    =      3666.5051
 EELEC  =    -36730.9854  EHBOND  =         0.0000  RESTRAINT  =        71.9296
 EAMBER (non-restraint)  =    -29245.8253
 EKCMT  =      2630.0021  VIRIAL  =      2539.0424  VOLUME     =     95356.5052
                                                    Density    =         1.0135
 ------------------------------------------------------------------------------

wrapping first mol.:       16.61099       23.49148       40.68843
wrapping first mol.:       16.61099       23.49148       40.68843

 NSTEP =    24500   TIME(PS) =     489.000  TEMP(K) =   303.32  PRESS =   -79.2
 Etot   =    -23374.1476  EKtot   =      5854.2974  EPtot      =    -29228.4450
 BOND   =       148.3953  ANGLE   =       399.4521  DIHED      =       631.2346
 1-4 NB =       182.9761  1-4 EEL =      2456.7521  VDWAALS    =      3725.2691
 EELEC  =    -36840.4107  EHBOND  =         0.0000  RESTRAINT  =        67.8865
 EAMBER (non-restraint)  =    -29296.3314
 EKCMT  =      2630.8755  VIRIAL  =      2793.8365  VOLUME     =     95264.4842
                                                    Density    =         1.0145
 ------------------------------------------------------------------------------

wrapping first mol.:       16.60589       23.48427       40.67594
wrapping first mol.:       16.60589       23.48427       40.67594

 NSTEP =    25000   TIME(PS) =     490.000  TEMP(K) =   300.77  PRESS =   189.6
 Etot   =    -23293.7901  EKtot   =      5804.9863  EPtot      =    -29098.7764
 BOND   =       167.3743  ANGLE   =       420.1387  DIHED      =       655.4912
 1-4 NB =       180.3871  1-4 EEL =      2457.8738  VDWAALS    =      3683.6712
 EELEC  =    -36726.7653  EHBOND  =         0.0000  RESTRAINT  =        63.0525
 EAMBER (non-restraint)  =    -29161.8289
 EKCMT  =      2626.6524  VIRIAL  =      2236.9845  VOLUME     =     95174.4753
                                                    Density    =         1.0154
 ------------------------------------------------------------------------------

wrapping first mol.:       16.61306       23.49441       40.69351
wrapping first mol.:       16.61306       23.49441       40.69351

 NSTEP =    25500   TIME(PS) =     491.000  TEMP(K) =   302.61  PRESS =   193.3
 Etot   =    -23408.9979  EKtot   =      5840.5991  EPtot      =    -29249.5971
 BOND   =       136.1272  ANGLE   =       396.1769  DIHED      =       650.5517
 1-4 NB =       180.2167  1-4 EEL =      2485.2826  VDWAALS    =      3808.5520
 EELEC  =    -36967.0918  EHBOND  =         0.0000  RESTRAINT  =        60.5876
 EAMBER (non-restraint)  =    -29310.1847
 EKCMT  =      2654.9257  VIRIAL  =      2257.1467  VOLUME     =     95297.7841
                                                    Density    =         1.0141
 ------------------------------------------------------------------------------

wrapping first mol.:       16.62053       23.50498       40.71182
wrapping first mol.:       16.62053       23.50498       40.71182

 NSTEP =    26000   TIME(PS) =     492.000  TEMP(K) =   298.86  PRESS =   254.4
 Etot   =    -23397.9867  EKtot   =      5768.2178  EPtot      =    -29166.2044
 BOND   =       131.7749  ANGLE   =       396.5664  DIHED      =       650.4949
 1-4 NB =       194.9490  1-4 EEL =      2479.3599  VDWAALS    =      3680.3733
 EELEC  =    -36767.9940  EHBOND  =         0.0000  RESTRAINT  =        68.2710
 EAMBER (non-restraint)  =    -29234.4755
 EKCMT  =      2628.7720  VIRIAL  =      2104.6963  VOLUME     =     95425.9605
                                                    Density    =         1.0128
 ------------------------------------------------------------------------------

wrapping first mol.:       16.62343       23.50908       40.71891
wrapping first mol.:       16.62343       23.50908       40.71891

 NSTEP =    26500   TIME(PS) =     493.000  TEMP(K) =   297.98  PRESS =  -384.8
 Etot   =    -23404.4709  EKtot   =      5751.2646  EPtot      =    -29155.7356
 BOND   =       132.8444  ANGLE   =       430.8034  DIHED      =       653.0664
 1-4 NB =       184.3255  1-4 EEL =      2437.9262  VDWAALS    =      3616.7030
 EELEC  =    -36678.0955  EHBOND  =         0.0000  RESTRAINT  =        66.6909
 EAMBER (non-restraint)  =    -29222.4265
 EKCMT  =      2610.8912  VIRIAL  =      3404.1054  VOLUME     =     95481.3015
                                                    Density    =         1.0122
 ------------------------------------------------------------------------------

wrapping first mol.:       16.62804       23.51560       40.73020
wrapping first mol.:       16.62804       23.51560       40.73020

 NSTEP =    27000   TIME(PS) =     494.000  TEMP(K) =   300.60  PRESS =   -27.7
 Etot   =    -23379.1830  EKtot   =      5801.8242  EPtot      =    -29181.0072
 BOND   =       150.2628  ANGLE   =       401.6386  DIHED      =       648.0871
 1-4 NB =       178.2362  1-4 EEL =      2455.6070  VDWAALS    =      3691.4924
 EELEC  =    -36775.4792  EHBOND  =         0.0000  RESTRAINT  =        69.1480
 EAMBER (non-restraint)  =    -29250.1552
 EKCMT  =      2565.1878  VIRIAL  =      2622.3043  VOLUME     =     95557.7301
                                                    Density    =         1.0114
 ------------------------------------------------------------------------------

wrapping first mol.:       16.63349       23.52330       40.74355
wrapping first mol.:       16.63349       23.52330       40.74355

 NSTEP =    27500   TIME(PS) =     495.000  TEMP(K) =   298.25  PRESS =    27.8
 Etot   =    -23357.0865  EKtot   =      5756.4014  EPtot      =    -29113.4878
 BOND   =       144.3777  ANGLE   =       401.9618  DIHED      =       657.2241
 1-4 NB =       175.9833  1-4 EEL =      2449.8720  VDWAALS    =      3694.5282
 EELEC  =    -36703.2808  EHBOND  =         0.0000  RESTRAINT  =        65.8458
 EAMBER (non-restraint)  =    -29179.3337
 EKCMT  =      2628.0744  VIRIAL  =      2570.6839  VOLUME     =     95651.2532
                                                    Density    =         1.0104
 ------------------------------------------------------------------------------

wrapping first mol.:       16.61638       23.49911       40.70165
wrapping first mol.:       16.61638       23.49911       40.70165

 NSTEP =    28000   TIME(PS) =     496.000  TEMP(K) =   297.24  PRESS =   113.7
 Etot   =    -23610.7254  EKtot   =      5736.9287  EPtot      =    -29347.6541
 BOND   =       121.8107  ANGLE   =       399.3100  DIHED      =       650.2560
 1-4 NB =       179.4176  1-4 EEL =      2468.1696  VDWAALS    =      3822.9129
 EELEC  =    -37055.8216  EHBOND  =         0.0000  RESTRAINT  =        66.2906
 EAMBER (non-restraint)  =    -29413.9447
 EKCMT  =      2591.4550  VIRIAL  =      2357.3905  VOLUME     =     95355.7208
                                                    Density    =         1.0135
 ------------------------------------------------------------------------------

wrapping first mol.:       16.61974       23.50386       40.70987
wrapping first mol.:       16.61974       23.50386       40.70987

 NSTEP =    28500   TIME(PS) =     497.000  TEMP(K) =   298.19  PRESS =   -36.7
 Etot   =    -23526.4035  EKtot   =      5755.1514  EPtot      =    -29281.5549
 BOND   =       165.5723  ANGLE   =       417.2502  DIHED      =       651.2819
 1-4 NB =       179.3357  1-4 EEL =      2454.0165  VDWAALS    =      3771.3034
 EELEC  =    -36982.6758  EHBOND  =         0.0000  RESTRAINT  =        62.3609
 EAMBER (non-restraint)  =    -29343.9158
 EKCMT  =      2560.2133  VIRIAL  =      2635.8534  VOLUME     =     95414.7580
                                                    Density    =         1.0129
 ------------------------------------------------------------------------------

wrapping first mol.:       16.63864       23.53059       40.75617
wrapping first mol.:       16.63864       23.53059       40.75617

 NSTEP =    29000   TIME(PS) =     498.000  TEMP(K) =   300.73  PRESS =   103.6
 Etot   =    -23307.9242  EKtot   =      5804.2988  EPtot      =    -29112.2230
 BOND   =       147.5351  ANGLE   =       407.1811  DIHED      =       647.2469
 1-4 NB =       176.3814  1-4 EEL =      2458.6864  VDWAALS    =      3740.0805
 EELEC  =    -36753.6896  EHBOND  =         0.0000  RESTRAINT  =        64.3552
 EAMBER (non-restraint)  =    -29176.5782
 EKCMT  =      2620.4715  VIRIAL  =      2406.3755  VOLUME     =     95739.5107
                                                    Density    =         1.0094
 ------------------------------------------------------------------------------

wrapping first mol.:       16.63047       23.51903       40.73616
wrapping first mol.:       16.63047       23.51903       40.73616

 NSTEP =    29500   TIME(PS) =     499.000  TEMP(K) =   298.14  PRESS =    86.0
 Etot   =    -23395.1407  EKtot   =      5754.3242  EPtot      =    -29149.4649
 BOND   =       140.4021  ANGLE   =       396.9551  DIHED      =       653.9418
 1-4 NB =       178.2224  1-4 EEL =      2450.2461  VDWAALS    =      3682.0690
 EELEC  =    -36710.5310  EHBOND  =         0.0000  RESTRAINT  =        59.2297
 EAMBER (non-restraint)  =    -29208.6946
 EKCMT  =      2614.4515  VIRIAL  =      2437.0415  VOLUME     =     95598.6854
                                                    Density    =         1.0109
 ------------------------------------------------------------------------------

wrapping first mol.:       16.62950       23.51766       40.73378
wrapping first mol.:       16.62950       23.51766       40.73378

 NSTEP =    30000   TIME(PS) =     500.000  TEMP(K) =   297.42  PRESS =   100.1
 Etot   =    -23418.1015  EKtot   =      5740.4438  EPtot      =    -29158.5454
 BOND   =       161.7030  ANGLE   =       429.3750  DIHED      =       654.6824
 1-4 NB =       176.8530  1-4 EEL =      2452.3718  VDWAALS    =      3760.0782
 EELEC  =    -36857.3639  EHBOND  =         0.0000  RESTRAINT  =        63.7551
 EAMBER (non-restraint)  =    -29222.3005
 EKCMT  =      2575.5707  VIRIAL  =      2368.8910  VOLUME     =     95581.7871
                                                    Density    =         1.0111
 ------------------------------------------------------------------------------

wrapping first mol.:       16.63322       23.52293       40.74291
wrapping first mol.:       16.63322       23.52293       40.74291

 NSTEP =    30500   TIME(PS) =     501.000  TEMP(K) =   298.98  PRESS =   117.9
 Etot   =    -23521.8160  EKtot   =      5770.4380  EPtot      =    -29292.2540
 BOND   =       169.3774  ANGLE   =       404.1561  DIHED      =       659.8349
 1-4 NB =       178.5872  1-4 EEL =      2459.7755  VDWAALS    =      3756.3169
 EELEC  =    -36987.3190  EHBOND  =         0.0000  RESTRAINT  =        67.0169
 EAMBER (non-restraint)  =    -29359.2709
 EKCMT  =      2656.0184  VIRIAL  =      2412.5311  VOLUME     =     95645.9349
                                                    Density    =         1.0104
 ------------------------------------------------------------------------------

wrapping first mol.:       16.61851       23.50212       40.70686
wrapping first mol.:       16.61851       23.50212       40.70686

 NSTEP =    31000   TIME(PS) =     502.000  TEMP(K) =   301.20  PRESS =  -284.3
 Etot   =    -23513.1467  EKtot   =      5813.3657  EPtot      =    -29326.5124
 BOND   =       140.9108  ANGLE   =       418.3703  DIHED      =       638.6088
 1-4 NB =       180.2082  1-4 EEL =      2457.0749  VDWAALS    =      3618.7792
 EELEC  =    -36850.7309  EHBOND  =         0.0000  RESTRAINT  =        70.2663
 EAMBER (non-restraint)  =    -29396.7788
 EKCMT  =      2581.8007  VIRIAL  =      3167.3231  VOLUME     =     95395.7097
                                                    Density    =         1.0131
 ------------------------------------------------------------------------------

wrapping first mol.:       16.61928       23.50321       40.70874
wrapping first mol.:       16.61928       23.50321       40.70874

 NSTEP =    31500   TIME(PS) =     503.000  TEMP(K) =   301.70  PRESS =    32.5
 Etot   =    -23396.6943  EKtot   =      5823.0303  EPtot      =    -29219.7246
 BOND   =       154.4494  ANGLE   =       397.4817  DIHED      =       636.5838
 1-4 NB =       178.8957  1-4 EEL =      2488.7150  VDWAALS    =      3667.4949
 EELEC  =    -36797.9209  EHBOND  =         0.0000  RESTRAINT  =        54.5759
 EAMBER (non-restraint)  =    -29274.3005
 EKCMT  =      2630.4802  VIRIAL  =      2563.4974  VOLUME     =     95406.2563
                                                    Density    =         1.0130
 ------------------------------------------------------------------------------

wrapping first mol.:       16.60902       23.48870       40.68361
wrapping first mol.:       16.60902       23.48870       40.68361

 NSTEP =    32000   TIME(PS) =     504.000  TEMP(K) =   296.48  PRESS =   215.9
 Etot   =    -23560.1055  EKtot   =      5722.1528  EPtot      =    -29282.2583
 BOND   =       148.8010  ANGLE   =       401.8364  DIHED      =       645.2454
 1-4 NB =       182.8726  1-4 EEL =      2471.1563  VDWAALS    =      3709.5854
 EELEC  =    -36909.5813  EHBOND  =         0.0000  RESTRAINT  =        67.8259
 EAMBER (non-restraint)  =    -29350.0843
 EKCMT  =      2570.2558  VIRIAL  =      2126.2437  VOLUME     =     95228.1032
                                                    Density    =         1.0149
 ------------------------------------------------------------------------------

wrapping first mol.:       16.61515       23.49736       40.69862
wrapping first mol.:       16.61515       23.49736       40.69862

 NSTEP =    32500   TIME(PS) =     505.000  TEMP(K) =   300.48  PRESS =  -369.6
 Etot   =    -23385.3539  EKtot   =      5799.3516  EPtot      =    -29184.7055
 BOND   =       159.1933  ANGLE   =       401.1336  DIHED      =       655.2883
 1-4 NB =       175.5523  1-4 EEL =      2464.2952  VDWAALS    =      3582.4915
 EELEC  =    -36699.9818  EHBOND  =         0.0000  RESTRAINT  =        77.3221
 EAMBER (non-restraint)  =    -29262.0276
 EKCMT  =      2598.2340  VIRIAL  =      3359.0185  VOLUME     =     95338.5440
                                                    Density    =         1.0137
 ------------------------------------------------------------------------------

wrapping first mol.:       16.60412       23.48177       40.67161
wrapping first mol.:       16.60412       23.48177       40.67161

 NSTEP =    33000   TIME(PS) =     506.000  TEMP(K) =   307.36  PRESS =  -238.9
 Etot   =    -23265.5722  EKtot   =      5932.2847  EPtot      =    -29197.8569
 BOND   =       150.2189  ANGLE   =       402.0750  DIHED      =       648.0147
 1-4 NB =       165.2110  1-4 EEL =      2460.7271  VDWAALS    =      3632.4992
 EELEC  =    -36717.4454  EHBOND  =         0.0000  RESTRAINT  =        60.8425
 EAMBER (non-restraint)  =    -29258.6994
 EKCMT  =      2696.1543  VIRIAL  =      3186.9152  VOLUME     =     95147.7265
                                                    Density    =         1.0157
 ------------------------------------------------------------------------------

wrapping first mol.:       16.60628       23.48483       40.67691
wrapping first mol.:       16.60628       23.48483       40.67691

 NSTEP =    33500   TIME(PS) =     507.000  TEMP(K) =   304.54  PRESS =  -273.1
 Etot   =    -23239.0909  EKtot   =      5877.7803  EPtot      =    -29116.8712
 BOND   =       151.2813  ANGLE   =       406.0074  DIHED      =       645.5501
 1-4 NB =       181.6821  1-4 EEL =      2466.5816  VDWAALS    =      3522.2920
 EELEC  =    -36550.1098  EHBOND  =         0.0000  RESTRAINT  =        59.8441
 EAMBER (non-restraint)  =    -29176.7153
 EKCMT  =      2699.6989  VIRIAL  =      3260.9967  VOLUME     =     95185.1863
                                                    Density    =         1.0153
 ------------------------------------------------------------------------------

wrapping first mol.:       16.62667       23.51367       40.72686
wrapping first mol.:       16.62667       23.51367       40.72686

 NSTEP =    34000   TIME(PS) =     508.000  TEMP(K) =   295.07  PRESS =  -189.9
 Etot   =    -23556.4415  EKtot   =      5694.9482  EPtot      =    -29251.3897
 BOND   =       144.7500  ANGLE   =       387.6912  DIHED      =       653.8002
 1-4 NB =       181.9164  1-4 EEL =      2464.0178  VDWAALS    =      3754.1912
 EELEC  =    -36907.0724  EHBOND  =         0.0000  RESTRAINT  =        69.3158
 EAMBER (non-restraint)  =    -29320.7055
 EKCMT  =      2539.4804  VIRIAL  =      2931.1439  VOLUME     =     95535.5772
                                                    Density    =         1.0116
 ------------------------------------------------------------------------------

wrapping first mol.:       16.64378       23.53786       40.76877
wrapping first mol.:       16.64378       23.53786       40.76877

 NSTEP =    34500   TIME(PS) =     509.000  TEMP(K) =   296.85  PRESS =   270.3
 Etot   =    -23532.6451  EKtot   =      5729.3213  EPtot      =    -29261.9664
 BOND   =       152.2946  ANGLE   =       406.8748  DIHED      =       644.4986
 1-4 NB =       173.3110  1-4 EEL =      2441.2395  VDWAALS    =      3917.5274
 EELEC  =    -37062.7988  EHBOND  =         0.0000  RESTRAINT  =        65.0867
 EAMBER (non-restraint)  =    -29327.0530
 EKCMT  =      2568.2608  VIRIAL  =      2008.9591  VOLUME     =     95826.8521
                                                    Density    =         1.0085
 ------------------------------------------------------------------------------

wrapping first mol.:       16.62042       23.50482       40.71154
wrapping first mol.:       16.62042       23.50482       40.71154

 NSTEP =    35000   TIME(PS) =     510.000  TEMP(K) =   301.80  PRESS =   140.2
 Etot   =    -23410.1283  EKtot   =      5824.8652  EPtot      =    -29234.9935
 BOND   =       144.9908  ANGLE   =       385.6078  DIHED      =       648.6631
 1-4 NB =       192.5774  1-4 EEL =      2442.7164  VDWAALS    =      3762.4837
 EELEC  =    -36879.7377  EHBOND  =         0.0000  RESTRAINT  =        67.7051
 EAMBER (non-restraint)  =    -29302.6986
 EKCMT  =      2631.8283  VIRIAL  =      2342.9757  VOLUME     =     95425.0173
                                                    Density    =         1.0128
 ------------------------------------------------------------------------------

wrapping first mol.:       16.61472       23.49676       40.69758
wrapping first mol.:       16.61472       23.49676       40.69758

 NSTEP =    35500   TIME(PS) =     511.000  TEMP(K) =   303.20  PRESS =  -107.6
 Etot   =    -23464.8090  EKtot   =      5851.9756  EPtot      =    -29316.7845
 BOND   =       159.3129  ANGLE   =       420.4141  DIHED      =       642.0328
 1-4 NB =       176.4083  1-4 EEL =      2446.9752  VDWAALS    =      3751.5718
 EELEC  =    -36978.0019  EHBOND  =         0.0000  RESTRAINT  =        64.5023
 EAMBER (non-restraint)  =    -29381.2868
 EKCMT  =      2625.6412  VIRIAL  =      2847.1667  VOLUME     =     95328.9425
                                                    Density    =         1.0138
 ------------------------------------------------------------------------------

wrapping first mol.:       16.59758       23.47253       40.65560
wrapping first mol.:       16.59758       23.47253       40.65560

 NSTEP =    36000   TIME(PS) =     512.000  TEMP(K) =   298.30  PRESS =    -4.5
 Etot   =    -23442.7386  EKtot   =      5757.4419  EPtot      =    -29200.1805
 BOND   =       143.5661  ANGLE   =       410.3676  DIHED      =       637.9569
 1-4 NB =       167.2382  1-4 EEL =      2445.4118  VDWAALS    =      3653.7155
 EELEC  =    -36718.7528  EHBOND  =         0.0000  RESTRAINT  =        60.3161
 EAMBER (non-restraint)  =    -29260.4966
 EKCMT  =      2546.3401  VIRIAL  =      2555.4968  VOLUME     =     95033.4298
                                                    Density    =         1.0169
 ------------------------------------------------------------------------------

wrapping first mol.:       16.60049       23.47663       40.66271
wrapping first mol.:       16.60049       23.47663       40.66271

 NSTEP =    36500   TIME(PS) =     513.000  TEMP(K) =   295.23  PRESS =   -82.4
 Etot   =    -23474.4103  EKtot   =      5698.1602  EPtot      =    -29172.5705
 BOND   =       125.4375  ANGLE   =       410.6703  DIHED      =       645.3236
 1-4 NB =       182.5952  1-4 EEL =      2451.1516  VDWAALS    =      3667.0630
 EELEC  =    -36717.4638  EHBOND  =         0.0000  RESTRAINT  =        62.6522
 EAMBER (non-restraint)  =    -29235.2226
 EKCMT  =      2582.1867  VIRIAL  =      2751.4057  VOLUME     =     95083.9619
                                                    Density    =         1.0164
 ------------------------------------------------------------------------------

wrapping first mol.:       16.59076       23.46288       40.63890
wrapping first mol.:       16.59076       23.46288       40.63890

 NSTEP =    37000   TIME(PS) =     514.000  TEMP(K) =   296.36  PRESS =  -162.5
 Etot   =    -23474.0422  EKtot   =      5719.9292  EPtot      =    -29193.9714
 BOND   =       161.2188  ANGLE   =       406.4096  DIHED      =       660.4949
 1-4 NB =       173.1090  1-4 EEL =      2462.2595  VDWAALS    =      3644.9363
 EELEC  =    -36759.9924  EHBOND  =         0.0000  RESTRAINT  =        57.5930
 EAMBER (non-restraint)  =    -29251.5643
 EKCMT  =      2537.0820  VIRIAL  =      2870.0979  VOLUME     =     94917.6982
                                                    Density    =         1.0182
 ------------------------------------------------------------------------------

wrapping first mol.:       16.61605       23.49864       40.70083
wrapping first mol.:       16.61605       23.49864       40.70083

 NSTEP =    37500   TIME(PS) =     515.000  TEMP(K) =   302.91  PRESS =   -56.9
 Etot   =    -23462.1072  EKtot   =      5846.4297  EPtot      =    -29308.5369
 BOND   =       153.0107  ANGLE   =       386.2252  DIHED      =       658.8736
 1-4 NB =       179.1014  1-4 EEL =      2476.4493  VDWAALS    =      3781.9868
 EELEC  =    -36996.8369  EHBOND  =         0.0000  RESTRAINT  =        52.6530
 EAMBER (non-restraint)  =    -29361.1899
 EKCMT  =      2625.1463  VIRIAL  =      2742.3686  VOLUME     =     95351.4179
                                                    Density    =         1.0136
 ------------------------------------------------------------------------------

wrapping first mol.:       16.59789       23.47296       40.65635
wrapping first mol.:       16.59789       23.47296       40.65635

 NSTEP =    38000   TIME(PS) =     516.000  TEMP(K) =   303.31  PRESS =  -141.0
 Etot   =    -23421.7325  EKtot   =      5854.1543  EPtot      =    -29275.8868
 BOND   =       150.7351  ANGLE   =       381.7587  DIHED      =       662.6121
 1-4 NB =       179.8628  1-4 EEL =      2472.4269  VDWAALS    =      3725.3415
 EELEC  =    -36900.4131  EHBOND  =         0.0000  RESTRAINT  =        51.7892
 EAMBER (non-restraint)  =    -29327.6760
 EKCMT  =      2601.4257  VIRIAL  =      2890.7328  VOLUME     =     95039.8371
                                                    Density    =         1.0169
 ------------------------------------------------------------------------------

wrapping first mol.:       16.60832       23.48771       40.68190
wrapping first mol.:       16.60832       23.48771       40.68190

 NSTEP =    38500   TIME(PS) =     517.000  TEMP(K) =   302.32  PRESS =   148.6
 Etot   =    -23423.9984  EKtot   =      5835.0283  EPtot      =    -29259.0268
 BOND   =       147.1031  ANGLE   =       395.8620  DIHED      =       658.3570
 1-4 NB =       172.0863  1-4 EEL =      2445.8105  VDWAALS    =      3780.7414
 EELEC  =    -36926.0184  EHBOND  =         0.0000  RESTRAINT  =        67.0314
 EAMBER (non-restraint)  =    -29326.0581
 EKCMT  =      2625.8764  VIRIAL  =      2320.3216  VOLUME     =     95216.6871
                                                    Density    =         1.0150
 ------------------------------------------------------------------------------

wrapping first mol.:       16.61167       23.49245       40.69012
wrapping first mol.:       16.61167       23.49245       40.69012

 NSTEP =    39000   TIME(PS) =     518.000  TEMP(K) =   298.93  PRESS =   161.4
 Etot   =    -23387.0716  EKtot   =      5769.4985  EPtot      =    -29156.5701
 BOND   =       147.6363  ANGLE   =       389.4610  DIHED      =       658.2358
 1-4 NB =       178.7543  1-4 EEL =      2463.9374  VDWAALS    =      3729.0174
 EELEC  =    -36786.4045  EHBOND  =         0.0000  RESTRAINT  =        62.7921
 EAMBER (non-restraint)  =    -29219.3623
 EKCMT  =      2583.2679  VIRIAL  =      2251.3242  VOLUME     =     95274.2736
                                                    Density    =         1.0144
 ------------------------------------------------------------------------------

wrapping first mol.:       16.59478       23.46857       40.64874
wrapping first mol.:       16.59478       23.46857       40.64874

 NSTEP =    39500   TIME(PS) =     519.000  TEMP(K) =   300.17  PRESS =   -10.0
 Etot   =    -23360.8520  EKtot   =      5793.5112  EPtot      =    -29154.3632
 BOND   =       157.5117  ANGLE   =       409.1337  DIHED      =       659.8294
 1-4 NB =       170.2992  1-4 EEL =      2438.4584  VDWAALS    =      3731.5290
 EELEC  =    -36791.8216  EHBOND  =         0.0000  RESTRAINT  =        70.6970
 EAMBER (non-restraint)  =    -29225.0602
 EKCMT  =      2665.9620  VIRIAL  =      2686.4844  VOLUME     =     94985.3885
                                                    Density    =         1.0175
 ------------------------------------------------------------------------------

wrapping first mol.:       16.58914       23.46058       40.63492
wrapping first mol.:       16.58914       23.46058       40.63492

 NSTEP =    40000   TIME(PS) =     520.000  TEMP(K) =   299.50  PRESS =   175.8
 Etot   =    -23386.4072  EKtot   =      5780.5977  EPtot      =    -29167.0048
 BOND   =       146.7000  ANGLE   =       390.5054  DIHED      =       664.5768
 1-4 NB =       175.0623  1-4 EEL =      2470.7610  VDWAALS    =      3737.7215
 EELEC  =    -36806.3165  EHBOND  =         0.0000  RESTRAINT  =        53.9847
 EAMBER (non-restraint)  =    -29220.9895
 EKCMT  =      2584.2157  VIRIAL  =      2224.1384  VOLUME     =     94886.9223
                                                    Density    =         1.0185
 ------------------------------------------------------------------------------

wrapping first mol.:       16.61619       23.49884       40.70119
wrapping first mol.:       16.61619       23.49884       40.70119

 NSTEP =    40500   TIME(PS) =     521.000  TEMP(K) =   303.34  PRESS =   222.7
 Etot   =    -23289.9202  EKtot   =      5854.7202  EPtot      =    -29144.6404
 BOND   =       136.5667  ANGLE   =       389.7206  DIHED      =       655.6837
 1-4 NB =       181.8958  1-4 EEL =      2476.4393  VDWAALS    =      3681.7655
 EELEC  =    -36727.4497  EHBOND  =         0.0000  RESTRAINT  =        60.7376
 EAMBER (non-restraint)  =    -29205.3780
 EKCMT  =      2649.6986  VIRIAL  =      2191.2944  VOLUME     =     95351.5183
                                                    Density    =         1.0136
 ------------------------------------------------------------------------------

wrapping first mol.:       16.61406       23.49582       40.69596
wrapping first mol.:       16.61406       23.49582       40.69596

 NSTEP =    41000   TIME(PS) =     522.000  TEMP(K) =   308.16  PRESS =    46.5
 Etot   =    -23196.4518  EKtot   =      5947.7397  EPtot      =    -29144.1916
 BOND   =       144.6920  ANGLE   =       411.3350  DIHED      =       662.4271
 1-4 NB =       172.3284  1-4 EEL =      2463.3505  VDWAALS    =      3724.8383
 EELEC  =    -36782.3014  EHBOND  =         0.0000  RESTRAINT  =        59.1385
 EAMBER (non-restraint)  =    -29203.3301
 EKCMT  =      2690.0625  VIRIAL  =      2594.3360  VOLUME     =     95316.2573
                                                    Density    =         1.0139
 ------------------------------------------------------------------------------

wrapping first mol.:       16.61478       23.49685       40.69774
wrapping first mol.:       16.61478       23.49685       40.69774

 NSTEP =    41500   TIME(PS) =     523.000  TEMP(K) =   299.62  PRESS =  -128.0
 Etot   =    -23545.5218  EKtot   =      5782.9351  EPtot      =    -29328.4568
 BOND   =       145.3018  ANGLE   =       401.8073  DIHED      =       658.9072
 1-4 NB =       175.3691  1-4 EEL =      2467.4030  VDWAALS    =      3727.0150
 EELEC  =    -36972.2148  EHBOND  =         0.0000  RESTRAINT  =        67.9546
 EAMBER (non-restraint)  =    -29396.4115
 EKCMT  =      2609.8827  VIRIAL  =      2873.2684  VOLUME     =     95330.2448
                                                    Density    =         1.0138
 ------------------------------------------------------------------------------

wrapping first mol.:       16.61946       23.50346       40.70918
wrapping first mol.:       16.61946       23.50346       40.70918

 NSTEP =    42000   TIME(PS) =     524.000  TEMP(K) =   298.41  PRESS =   -29.9
 Etot   =    -23282.9387  EKtot   =      5759.4482  EPtot      =    -29042.3870
 BOND   =       159.5041  ANGLE   =       411.6382  DIHED      =       651.8168
 1-4 NB =       177.0590  1-4 EEL =      2438.8724  VDWAALS    =      3687.4452
 EELEC  =    -36634.9871  EHBOND  =         0.0000  RESTRAINT  =        66.2646
 EAMBER (non-restraint)  =    -29108.6516
 EKCMT  =      2568.8041  VIRIAL  =      2630.3417  VOLUME     =     95409.8591
                                                    Density    =         1.0129
 ------------------------------------------------------------------------------

wrapping first mol.:       16.61743       23.50059       40.70421
wrapping first mol.:       16.61743       23.50059       40.70421

 NSTEP =    42500   TIME(PS) =     525.000  TEMP(K) =   302.58  PRESS =   265.6
 Etot   =    -23283.1405  EKtot   =      5839.9990  EPtot      =    -29123.1395
 BOND   =       140.1757  ANGLE   =       394.5463  DIHED      =       652.3561
 1-4 NB =       179.4886  1-4 EEL =      2479.2540  VDWAALS    =      3821.7866
 EELEC  =    -36860.5720  EHBOND  =         0.0000  RESTRAINT  =        69.8251
 EAMBER (non-restraint)  =    -29192.9646
 EKCMT  =      2652.1725  VIRIAL  =      2105.2763  VOLUME     =     95372.4220
                                                    Density    =         1.0133
 ------------------------------------------------------------------------------

wrapping first mol.:       16.61028       23.49049       40.68672
wrapping first mol.:       16.61028       23.49049       40.68672

 NSTEP =    43000   TIME(PS) =     526.000  TEMP(K) =   300.64  PRESS =   -75.8
 Etot   =    -23386.0699  EKtot   =      5802.4521  EPtot      =    -29188.5220
 BOND   =       138.6814  ANGLE   =       405.6866  DIHED      =       656.0571
 1-4 NB =       178.2824  1-4 EEL =      2481.8812  VDWAALS    =      3655.7750
 EELEC  =    -36767.0933  EHBOND  =         0.0000  RESTRAINT  =        62.2076
 EAMBER (non-restraint)  =    -29250.7296
 EKCMT  =      2571.7348  VIRIAL  =      2727.5370  VOLUME     =     95252.3932
                                                    Density    =         1.0146
 ------------------------------------------------------------------------------

wrapping first mol.:       16.61094       23.49142       40.68833
wrapping first mol.:       16.61094       23.49142       40.68833

 NSTEP =    43500   TIME(PS) =     527.000  TEMP(K) =   298.76  PRESS =   272.3
 Etot   =    -23543.9396  EKtot   =      5766.2812  EPtot      =    -29310.2209
 BOND   =       161.4273  ANGLE   =       379.6386  DIHED      =       651.9422
 1-4 NB =       176.6037  1-4 EEL =      2481.9829  VDWAALS    =      3799.3138
 EELEC  =    -37031.5909  EHBOND  =         0.0000  RESTRAINT  =        70.4615
 EAMBER (non-restraint)  =    -29380.6824
 EKCMT  =      2587.9912  VIRIAL  =      2028.0223  VOLUME     =     95260.7562
                                                    Density    =         1.0145
 ------------------------------------------------------------------------------

wrapping first mol.:       16.60281       23.47991       40.66840
wrapping first mol.:       16.60281       23.47991       40.66840

 NSTEP =    44000   TIME(PS) =     528.000  TEMP(K) =   300.82  PRESS =     0.5
 Etot   =    -23365.1486  EKtot   =      5805.9932  EPtot      =    -29171.1417
 BOND   =       145.5595  ANGLE   =       419.4625  DIHED      =       666.5656
 1-4 NB =       171.8731  1-4 EEL =      2477.8514  VDWAALS    =      3802.5493
 EELEC  =    -36916.3467  EHBOND  =         0.0000  RESTRAINT  =        61.3435
 EAMBER (non-restraint)  =    -29232.4852
 EKCMT  =      2581.4942  VIRIAL  =      2580.3661  VOLUME     =     95123.1437
                                                    Density    =         1.0160
 ------------------------------------------------------------------------------

wrapping first mol.:       16.60594       23.48435       40.67608
wrapping first mol.:       16.60594       23.48435       40.67608

 NSTEP =    44500   TIME(PS) =     529.000  TEMP(K) =   296.76  PRESS =    72.2
 Etot   =    -23467.8391  EKtot   =      5727.6890  EPtot      =    -29195.5281
 BOND   =       150.9915  ANGLE   =       412.4309  DIHED      =       658.8645
 1-4 NB =       176.0504  1-4 EEL =      2453.1346  VDWAALS    =      3709.9989
 EELEC  =    -36822.9037  EHBOND  =         0.0000  RESTRAINT  =        65.9047
 EAMBER (non-restraint)  =    -29261.4328
 EKCMT  =      2570.4501  VIRIAL  =      2422.0527  VOLUME     =     95176.4716
                                                    Density    =         1.0154
 ------------------------------------------------------------------------------

wrapping first mol.:       16.60677       23.48552       40.67811
wrapping first mol.:       16.60677       23.48552       40.67811

 NSTEP =    45000   TIME(PS) =     530.000  TEMP(K) =   298.45  PRESS =   325.3
 Etot   =    -23440.8553  EKtot   =      5760.3018  EPtot      =    -29201.1570
 BOND   =       151.0777  ANGLE   =       421.8267  DIHED      =       655.3129
 1-4 NB =       175.2443  1-4 EEL =      2476.5362  VDWAALS    =      3787.1715
 EELEC  =    -36944.0248  EHBOND  =         0.0000  RESTRAINT  =        75.6985
 EAMBER (non-restraint)  =    -29276.8555
 EKCMT  =      2662.7818  VIRIAL  =      1994.1720  VOLUME     =     95188.5192
                                                    Density    =         1.0153
 ------------------------------------------------------------------------------

wrapping first mol.:       16.62582       23.51246       40.72476
wrapping first mol.:       16.62582       23.51246       40.72476

 NSTEP =    45500   TIME(PS) =     531.000  TEMP(K) =   303.80  PRESS =   217.7
 Etot   =    -23383.0153  EKtot   =      5863.4629  EPtot      =    -29246.4782
 BOND   =       143.3150  ANGLE   =       411.6999  DIHED      =       659.3093
 1-4 NB =       180.2446  1-4 EEL =      2467.5096  VDWAALS    =      3851.7417
 EELEC  =    -37021.1098  EHBOND  =         0.0000  RESTRAINT  =        60.8115
 EAMBER (non-restraint)  =    -29307.2897
 EKCMT  =      2635.9908  VIRIAL  =      2187.0702  VOLUME     =     95517.3581
                                                    Density    =         1.0118
 ------------------------------------------------------------------------------

wrapping first mol.:       16.59859       23.47395       40.65808
wrapping first mol.:       16.59859       23.47395       40.65808

 NSTEP =    46000   TIME(PS) =     532.000  TEMP(K) =   299.41  PRESS =    32.7
 Etot   =    -23403.2650  EKtot   =      5778.7251  EPtot      =    -29181.9901
 BOND   =       158.3886  ANGLE   =       398.9153  DIHED      =       663.4333
 1-4 NB =       180.1851  1-4 EEL =      2476.2030  VDWAALS    =      3698.6977
 EELEC  =    -36821.7402  EHBOND  =         0.0000  RESTRAINT  =        63.9273
 EAMBER (non-restraint)  =    -29245.9174
 EKCMT  =      2588.3372  VIRIAL  =      2521.1534  VOLUME     =     95050.4507
                                                    Density    =         1.0168
 ------------------------------------------------------------------------------

wrapping first mol.:       16.60629       23.48484       40.67694
wrapping first mol.:       16.60629       23.48484       40.67694

 NSTEP =    46500   TIME(PS) =     533.000  TEMP(K) =   303.18  PRESS =   -25.4
 Etot   =    -23261.6772  EKtot   =      5851.4702  EPtot      =    -29113.1474
 BOND   =       134.8621  ANGLE   =       437.3403  DIHED      =       653.9009
 1-4 NB =       172.5901  1-4 EEL =      2461.1531  VDWAALS    =      3621.4860
 EELEC  =    -36655.6846  EHBOND  =         0.0000  RESTRAINT  =        61.2047
 EAMBER (non-restraint)  =    -29174.3521
 EKCMT  =      2658.7602  VIRIAL  =      2711.0185  VOLUME     =     95183.3148
                                                    Density    =         1.0153
 ------------------------------------------------------------------------------

wrapping first mol.:       16.61767       23.50093       40.70481
wrapping first mol.:       16.61767       23.50093       40.70481

 NSTEP =    47000   TIME(PS) =     534.000  TEMP(K) =   298.33  PRESS =   -77.1
 Etot   =    -23397.6139  EKtot   =      5758.0176  EPtot      =    -29155.6315
 BOND   =       137.7520  ANGLE   =       395.2473  DIHED      =       650.7230
 1-4 NB =       184.1275  1-4 EEL =      2462.8314  VDWAALS    =      3778.3824
 EELEC  =    -36827.4186  EHBOND  =         0.0000  RESTRAINT  =        62.7236
 EAMBER (non-restraint)  =    -29218.3551
 EKCMT  =      2629.1618  VIRIAL  =      2787.9683  VOLUME     =     95379.5238
                                                    Density    =         1.0133
 ------------------------------------------------------------------------------

wrapping first mol.:       16.59354       23.46681       40.64571
wrapping first mol.:       16.59354       23.46681       40.64571

 NSTEP =    47500   TIME(PS) =     535.000  TEMP(K) =   298.86  PRESS =   194.6
 Etot   =    -23354.3954  EKtot   =      5768.1392  EPtot      =    -29122.5346
 BOND   =       146.5900  ANGLE   =       389.1665  DIHED      =       646.9586
 1-4 NB =       179.1814  1-4 EEL =      2481.8711  VDWAALS    =      3684.9297
 EELEC  =    -36701.5141  EHBOND  =         0.0000  RESTRAINT  =        50.2821
 EAMBER (non-restraint)  =    -29172.8167
 EKCMT  =      2571.8639  VIRIAL  =      2172.9585  VOLUME     =     94962.3849
                                                    Density    =         1.0177
 ------------------------------------------------------------------------------

wrapping first mol.:       16.60009       23.47607       40.66174
wrapping first mol.:       16.60009       23.47607       40.66174

 NSTEP =    48000   TIME(PS) =     536.000  TEMP(K) =   301.39  PRESS =  -113.8
 Etot   =    -23433.5456  EKtot   =      5817.0190  EPtot      =    -29250.5647
 BOND   =       141.7811  ANGLE   =       386.0819  DIHED      =       656.8193
 1-4 NB =       178.1401  1-4 EEL =      2462.6469  VDWAALS    =      3644.7169
 EELEC  =    -36776.5857  EHBOND  =         0.0000  RESTRAINT  =        55.8348
 EAMBER (non-restraint)  =    -29306.3995
 EKCMT  =      2559.7620  VIRIAL  =      2793.3173  VOLUME     =     95077.4175
                                                    Density    =         1.0165
 ------------------------------------------------------------------------------

wrapping first mol.:       16.61457       23.49655       40.69721
wrapping first mol.:       16.61457       23.49655       40.69721

 NSTEP =    48500   TIME(PS) =     537.000  TEMP(K) =   299.39  PRESS =   -40.4
 Etot   =    -23526.0697  EKtot   =      5778.4619  EPtot      =    -29304.5316
 BOND   =       147.8776  ANGLE   =       388.0750  DIHED      =       652.3872
 1-4 NB =       176.8015  1-4 EEL =      2469.3622  VDWAALS    =      3870.4704
 EELEC  =    -37069.7416  EHBOND  =         0.0000  RESTRAINT  =        60.2360
 EAMBER (non-restraint)  =    -29364.7676
 EKCMT  =      2634.9835  VIRIAL  =      2718.2053  VOLUME     =     95325.8008
                                                    Density    =         1.0138
 ------------------------------------------------------------------------------

wrapping first mol.:       16.60385       23.48139       40.67095
wrapping first mol.:       16.60385       23.48139       40.67095

 NSTEP =    49000   TIME(PS) =     538.000  TEMP(K) =   295.47  PRESS =   120.2
 Etot   =    -23454.7985  EKtot   =      5702.6777  EPtot      =    -29157.4763
 BOND   =       166.0936  ANGLE   =       411.0627  DIHED      =       654.7787
 1-4 NB =       171.8614  1-4 EEL =      2471.4023  VDWAALS    =      3771.2859
 EELEC  =    -36861.8351  EHBOND  =         0.0000  RESTRAINT  =        57.8743
 EAMBER (non-restraint)  =    -29215.3505
 EKCMT  =      2496.8090  VIRIAL  =      2249.8658  VOLUME     =     95140.0229
                                                    Density    =         1.0158
 ------------------------------------------------------------------------------

wrapping first mol.:       16.60446       23.48225       40.67245
wrapping first mol.:       16.60446       23.48225       40.67245

 NSTEP =    49500   TIME(PS) =     539.000  TEMP(K) =   296.83  PRESS =   272.3
 Etot   =    -23329.7866  EKtot   =      5729.0166  EPtot      =    -29058.8032
 BOND   =       153.1918  ANGLE   =       389.5421  DIHED      =       656.5142
 1-4 NB =       175.3494  1-4 EEL =      2471.3750  VDWAALS    =      3837.7111
 EELEC  =    -36812.6764  EHBOND  =         0.0000  RESTRAINT  =        70.1896
 EAMBER (non-restraint)  =    -29128.9928
 EKCMT  =      2626.0774  VIRIAL  =      2066.6735  VOLUME     =     95149.2364
                                                    Density    =         1.0157
 ------------------------------------------------------------------------------

wrapping first mol.:       16.59898       23.47450       40.65902
wrapping first mol.:       16.59898       23.47450       40.65902

 NSTEP =    50000   TIME(PS) =     540.000  TEMP(K) =   297.53  PRESS =   379.8
 Etot   =    -23378.4110  EKtot   =      5742.5977  EPtot      =    -29121.0087
 BOND   =       159.8087  ANGLE   =       420.2513  DIHED      =       645.3362
 1-4 NB =       167.7267  1-4 EEL =      2457.6604  VDWAALS    =      3773.3135
 EELEC  =    -36801.3024  EHBOND  =         0.0000  RESTRAINT  =        56.1970
 EAMBER (non-restraint)  =    -29177.2057
 EKCMT  =      2579.3176  VIRIAL  =      1799.9324  VOLUME     =     95054.1468
                                                    Density    =         1.0167
 ------------------------------------------------------------------------------


      A V E R A G E S   O V E R     100 S T E P S


 NSTEP =    50000   TIME(PS) =     540.000  TEMP(K) =   299.98  PRESS =    21.4
 Etot   =    -23423.5966  EKtot   =      5789.7299  EPtot      =    -29213.3264
 BOND   =       148.1660  ANGLE   =       404.2953  DIHED      =       653.0482
 1-4 NB =       177.8134  1-4 EEL =      2462.5177  VDWAALS    =      3736.3716
 EELEC  =    -36858.2343  EHBOND  =         0.0000  RESTRAINT  =        62.6956
 EAMBER (non-restraint)  =    -29276.0220
 EKCMT  =      2613.9738  VIRIAL  =      2569.9031  VOLUME     =     95310.8233
                                                    Density    =         1.0140
 ------------------------------------------------------------------------------


      R M S  F L U C T U A T I O N S


 NSTEP =    50000   TIME(PS) =     540.000  TEMP(K) =     2.87  PRESS =   196.7
 Etot   =        93.6270  EKtot   =        55.4407  EPtot      =        75.1606
 BOND   =        10.0893  ANGLE   =        15.7347  DIHED      =         8.6723
 1-4 NB =         4.9812  1-4 EEL =        11.9611  VDWAALS    =        74.3996
 EELEC  =       116.5740  EHBOND  =         0.0000  RESTRAINT  =         5.3575
 EAMBER (non-restraint)  =        69.8031
 EKCMT  =        40.2373  VIRIAL  =       402.3477  VOLUME     =       217.3695
                                                    Density    =         0.0023
 ------------------------------------------------------------------------------

--------------------------------------------------------------------------------
   5.  TIMINGS
--------------------------------------------------------------------------------

|  NonSetup CPU Time in Major Routines:
|
|     Routine           Sec        %
|     ------------------------------
|     Nonbond          55.16   88.20
|     Bond              0.00    0.00
|     Angle             0.00    0.00
|     Dihedral          0.00    0.00
|     Shake             0.31    0.50
|     RunMD             7.02   11.23
|     Other             0.05    0.08
|     ------------------------------
|     Total            62.54

|  PME Nonbond Pairlist CPU Time:
|
|     Routine              Sec        %
|     ---------------------------------
|     Set Up Cit           0.00    0.00
|     Build List           0.00    0.00
|     ---------------------------------
|     Total                0.00    0.00

|  PME Direct Force CPU Time:
|
|     Routine              Sec        %
|     ---------------------------------
|     NonBonded Calc       0.00    0.00
|     Exclude Masked       0.00    0.00
|     Other                0.03    0.05
|     ---------------------------------
|     Total                0.03    0.05

|  PME Reciprocal Force CPU Time:
|
|     Routine              Sec        %
|     ---------------------------------
|     1D bspline           0.00    0.00
|     Grid Charges         0.00    0.00
|     Scalar Sum           0.00    0.00
|     Gradient Sum         0.00    0.00
|     FFT                  0.00    0.00
|     ---------------------------------
|     Total                0.00    0.00

|  Final Performance Info:
|     -----------------------------------------------------
|     Average timings for last    2000 steps:
|     Elapsed(s) =       2.50 Per Step(ms) =       1.25
|         ns/day =     137.97   seconds/ns =     626.24
|
|     Average timings for all steps:
|     Elapsed(s) =      62.54 Per Step(ms) =       1.25
|         ns/day =     138.15   seconds/ns =     625.42
|     -----------------------------------------------------

|  Setup CPU time:            0.38 seconds
|  NonSetup CPU time:        62.54 seconds
|  Total CPU time:           62.92 seconds     0.02 hours

|  Setup wall time:           0    seconds
|  NonSetup wall time:       63    seconds
|  Total wall time:          63    seconds     0.02 hours
