
          -------------------------------------------------------
          Amber 16 PMEMD                              2016
          -------------------------------------------------------

| PMEMD implementation of SANDER, Release 16

| Run on 06/19/2017 at 23:43:16

|   Executable path: pmemd.cuda
| Working directory: /home/german/alex/run/3im/mhe/e
|          Hostname: Unknown
  [-O]verwriting output

File Assignments:
|   MDIN: 7equ.in                                                               
|  MDOUT: 7equ.out                                                              
| INPCRD: 6e3im.rst7                                                            
|   PARM: /home/german/alex/top_files/3im.prmtop                                
| RESTRT: 7e3im.rst7                                                            
|   REFC: 6e3im.rst7                                                            
|  MDVEL: mdvel                                                                 
|   MDEN: mden                                                                  
|  MDCRD: 7e3im.nc                                                              
| MDINFO: mdinfo                                                                
|  MDFRC: mdfrc                                                                 


 Here is the input file:

Equilibration with solute restrictions                                         
&cntrl                                                                         
imin = 0,                           ! No Minimization                          
nmropt = 0,                         ! No NMR restraints read                   
                                                                               
! Nature and format of the input                                               
ntx = 5,                            ! Coordinates but no velocities will be rea
irest = 1,                          ! Do not run a new simulation              
                                                                               
! Nature and format of the output                                              
ntxo = 1,                           ! rstrt file in ASCII format               
ntpr = 500,                         ! inf in output every ntpr steps           
ntwr = 500,                         ! rstrt file every ntwr steps              
ntwx = 500,                         ! mdcrd file every ntwx steps              
ntwv = 0,                           ! mdvel without velocities                 
ntwe = 0,                           ! Energies and temperatures not written in 
idecomp = 0,                        ! No energy decomposition                  
iwrap = 1,                          ! Coordinates of the restart and mdcrd file
                                                                               
! Frozen or restrained atoms                                                   
ibelly = 0,                         ! No frozen atoms                          
ntr=1,                              ! Harmonic potential restraints            
restraint_wt = 9.0,                ! The weight for the positional restraints  
restraintmask = ':1-49@N,CA,C,O',  ! restrained residues                       
                                                                               
! Molecular dynamics                                                           
nstlim = 50000,                     ! Number of MD-steps                       
dt = 0.002,                         ! Time step                                
                                                                               
! Temperature regulation                                                       
ntt = 3,                            ! Langevin thermostat                      
gamma_ln = 5,                       ! Gamma constant for Langevin              
!temp0 = 300.0,                     ! Reference T at which the system is to be 
tempi = 300.0,                      ! Initial T                                
ig = -1,                            ! Seed for the RNG                         
                                                                               
! P and V regulation                                                           
ntp = 1,                            ! Constant P. Isotropic scaling            
barostat = 1,                       ! Berendsen barostat                       
taup = 1,                           ! Pressure relaxation time                 
nrespa = 1,                         ! Evaluate at each step                    
ntb = 2,                            ! Periodic box for constant P              
                                                                               
! SHAKE variables                                                              
ntc = 2,                            ! Bonds involving H are constrained        
ntf = 2,                            ! Bond interaction involving H are ommited.
                                                                               
cut = 10.0,                         ! Nonbonded cutoff                         
/                                                                              
&end                                                                           


Note: ig = -1. Setting random seed to   477310 based on wallclock time in 
      microseconds.
 
|--------------------- INFORMATION ----------------------
| GPU (CUDA) Version of PMEMD in use: NVIDIA GPU IN USE.
|                    Version 16.0.0
| 
|                      02/25/2016
| 
| Implementation by:
|                    Ross C. Walker     (SDSC)
|                    Scott Le Grand     (nVIDIA)
| 
| Precision model in use:
|      [SPFP] - Single Precision Forces, 64-bit Fixed Point
|               Accumulation. (Default)
| 
|--------------------------------------------------------
 
|----------------- CITATION INFORMATION -----------------
|
|    When publishing work that utilized the CUDA version
|    of AMBER, please cite the following in addition to
|    the regular AMBER citations:
|
|  - Romelia Salomon-Ferrer; Andreas W. Goetz; Duncan
|    Poole; Scott Le Grand; Ross C. Walker "Routine
|    microsecond molecular dynamics simulations with
|    AMBER - Part II: Particle Mesh Ewald", J. Chem.
|    Theory Comput., 2013, 9 (9), pp3878-3888,
|    DOI: 10.1021/ct400314y.
|
|  - Andreas W. Goetz; Mark J. Williamson; Dong Xu;
|    Duncan Poole; Scott Le Grand; Ross C. Walker
|    "Routine microsecond molecular dynamics simulations
|    with AMBER - Part I: Generalized Born", J. Chem.
|    Theory Comput., 2012, 8 (5), pp1542-1555.
|
|  - Scott Le Grand; Andreas W. Goetz; Ross C. Walker
|    "SPFP: Speed without compromise - a mixed precision
|    model for GPU accelerated molecular dynamics
|    simulations.", Comp. Phys. Comm., 2013, 184
|    pp374-380, DOI: 10.1016/j.cpc.2012.09.022
|
|--------------------------------------------------------
 
|------------------- GPU DEVICE INFO --------------------
|
|            CUDA_VISIBLE_DEVICES: 0
|   CUDA Capable Devices Detected:      1
|           CUDA Device ID in use:      0
|                CUDA Device Name: GeForce GTX 1060 6GB
|     CUDA Device Global Mem Size:   6072 MB
| CUDA Device Num Multiprocessors:     10
|           CUDA Device Core Freq:   1.76 GHz
|
|--------------------------------------------------------
 
 
| Conditional Compilation Defines Used:
| PUBFFT
| BINTRAJ
| CUDA
| EMIL

| Largest sphere to fit in unit cell has radius =    20.347

| New format PARM file being parsed.
| Version =    1.000 Date = 06/17/17 Time = 14:30:34

| Note: 1-4 EEL scale factors are being read from the topology file.

| Note: 1-4 VDW scale factors are being read from the topology file.
| Duplicated    0 dihedrals

| Duplicated    0 dihedrals

--------------------------------------------------------------------------------
   1.  RESOURCE   USE: 
--------------------------------------------------------------------------------

 getting new box info from bottom of inpcrd
 NATOM  =    9514 NTYPES =      17 NBONH =    9117 MBONA  =     402
 NTHETH =     874 MTHETA =     539 NPHIH =    1768 MPHIA  =    1685
 NHPARM =       0 NPARM  =       0 NNB   =   15927 NRES   =    2963
 NBONA  =     402 NTHETA =     539 NPHIA =    1685 NUMBND =      67
 NUMANG =     152 NPTRA  =     191 NATYP =      36 NPHB   =       1
 IFBOX  =       2 NMXRS  =      25 IFCAP =       0 NEXTRA =       0
 NCOPY  =       0

| Coordinate Index Table dimensions:     8    8    8
| Direct force subcell size =     6.2298    6.2298    6.2298

     BOX TYPE: TRUNCATED OCTAHEDRON

--------------------------------------------------------------------------------
   2.  CONTROL  DATA  FOR  THE  RUN
--------------------------------------------------------------------------------

default_name                                                                    

General flags:
     imin    =       0, nmropt  =       0

Nature and format of input:
     ntx     =       5, irest   =       1, ntrx    =       1

Nature and format of output:
     ntxo    =       1, ntpr    =     500, ntrx    =       1, ntwr    =     500
     iwrap   =       1, ntwx    =     500, ntwv    =       0, ntwe    =       0
     ioutfm  =       1, ntwprt  =       0, idecomp =       0, rbornstat=      0

Potential function:
     ntf     =       2, ntb     =       2, igb     =       0, nsnb    =      25
     ipol    =       0, gbsa    =       0, iesp    =       0
     dielc   =   1.00000, cut     =  10.00000, intdiel =   1.00000

Frozen or restrained atoms:
     ibelly  =       0, ntr     =       1
     restraint_wt =   9.00000

Molecular dynamics:
     nstlim  =     50000, nscm    =         0, nrespa  =         1
     t       =   0.00000, dt      =   0.00200, vlimit  =  -1.00000

Langevin dynamics temperature regulation:
     ig      =  477310
     temp0   = 300.00000, tempi   = 300.00000, gamma_ln=   5.00000

Pressure regulation:
     ntp     =       1
     pres0   =   1.00000, comp    =  44.60000, taup    =   1.00000

SHAKE:
     ntc     =       2, jfastw  =       0
     tol     =   0.00001

| Intermolecular bonds treatment:
|     no_intermolecular_bonds =       1

| Energy averages sample interval:
|     ene_avg_sampling =     500

Ewald parameters:
     verbose =       0, ew_type =       0, nbflag  =       1, use_pme =       1
     vdwmeth =       1, eedmeth =       1, netfrc  =       1
     Box X =   49.839   Box Y =   49.839   Box Z =   49.839
     Alpha =  109.471   Beta  =  109.471   Gamma =  109.471
     NFFT1 =   56       NFFT2 =   56       NFFT3 =   56
     Cutoff=   10.000   Tol   =0.100E-04
     Ewald Coefficient =  0.27511
     Interpolation order =    4

    LOADING THE CONSTRAINED ATOMS AS GROUPS


   5.  REFERENCE ATOM COORDINATES

  default_name                                                                    
     Mask :1-49@N,CA,C,O; matches   196 atoms

--------------------------------------------------------------------------------
   3.  ATOMIC COORDINATES AND VELOCITIES
--------------------------------------------------------------------------------

default_name                                                                    
 begin time read from input coords =   740.000 ps

 
 Number of triangulated 3-point waters found:     2911

     Sum of charges from parm topology file =  -0.00000003
     Forcing neutrality...

| Dynamic Memory, Types Used:
| Reals              551420
| Integers           312113

| Nonbonded Pairs Initial Allocation:     2877747

| GPU memory information (estimate):
| KB of GPU memory in use:     67281
| KB of CPU memory in use:     14481

--------------------------------------------------------------------------------
   4.  RESULTS
--------------------------------------------------------------------------------

 ---------------------------------------------------
 APPROXIMATING switch and d/dx switch using CUBIC SPLINE INTERPOLATION
 using   5000.0 points per unit in tabled values
 TESTING RELATIVE ERROR over r ranging from 0.0 to cutoff
| CHECK switch(x): max rel err =   0.2738E-14   at   2.422500
| CHECK d/dx switch(x): max rel err =   0.8314E-11   at   2.736960
 ---------------------------------------------------
|---------------------------------------------------
| APPROXIMATING direct energy using CUBIC SPLINE INTERPOLATION
|  with   50.0 points per unit in tabled values
| Relative Error Limit not exceeded for r .gt.   2.33
| APPROXIMATING direct force using CUBIC SPLINE INTERPOLATION
|  with   50.0 points per unit in tabled values
| Relative Error Limit not exceeded for r .gt.   2.80
|---------------------------------------------------
wrapping first mol.:       16.59636       23.47080       40.65261
wrapping first mol.:       16.59636       23.47080       40.65261

 NSTEP =      500   TIME(PS) =     741.000  TEMP(K) =   299.83  PRESS =   110.6
 Etot   =    -23476.9320  EKtot   =      5786.8481  EPtot      =    -29263.7801
 BOND   =       132.7835  ANGLE   =       380.1840  DIHED      =       668.8790
 1-4 NB =       168.1759  1-4 EEL =      2472.4984  VDWAALS    =      3715.2173
 EELEC  =    -36854.0176  EHBOND  =         0.0000  RESTRAINT  =        52.4995
 EAMBER (non-restraint)  =    -29316.2796
 EKCMT  =      2600.5089  VIRIAL  =      2373.5880  VOLUME     =     95011.4913
                                                    Density    =         1.0172
 ------------------------------------------------------------------------------

wrapping first mol.:       16.58278       23.45159       40.61934
wrapping first mol.:       16.58278       23.45159       40.61934

 NSTEP =     1000   TIME(PS) =     742.000  TEMP(K) =   301.16  PRESS =    28.1
 Etot   =    -23522.1080  EKtot   =      5812.5317  EPtot      =    -29334.6398
 BOND   =       145.0750  ANGLE   =       400.7571  DIHED      =       657.0741
 1-4 NB =       175.2800  1-4 EEL =      2460.1135  VDWAALS    =      3720.3961
 EELEC  =    -36942.8272  EHBOND  =         0.0000  RESTRAINT  =        49.4917
 EAMBER (non-restraint)  =    -29384.1314
 EKCMT  =      2635.6469  VIRIAL  =      2578.1021  VOLUME     =     94779.1091
                                                    Density    =         1.0197
 ------------------------------------------------------------------------------

wrapping first mol.:       16.61140       23.49207       40.68946
wrapping first mol.:       16.61140       23.49207       40.68946

 NSTEP =     1500   TIME(PS) =     743.000  TEMP(K) =   304.38  PRESS =  -283.5
 Etot   =    -23301.2482  EKtot   =      5874.6812  EPtot      =    -29175.9293
 BOND   =       154.8249  ANGLE   =       390.2873  DIHED      =       663.7706
 1-4 NB =       180.8580  1-4 EEL =      2472.9886  VDWAALS    =      3598.7001
 EELEC  =    -36690.8271  EHBOND  =         0.0000  RESTRAINT  =        53.4684
 EAMBER (non-restraint)  =    -29229.3977
 EKCMT  =      2623.4733  VIRIAL  =      3206.7233  VOLUME     =     95273.4308
                                                    Density    =         1.0144
 ------------------------------------------------------------------------------

wrapping first mol.:       16.60234       23.47926       40.66727
wrapping first mol.:       16.60234       23.47926       40.66727

 NSTEP =     2000   TIME(PS) =     744.000  TEMP(K) =   304.34  PRESS =  -181.6
 Etot   =    -23476.9367  EKtot   =      5873.8545  EPtot      =    -29350.7912
 BOND   =       154.7696  ANGLE   =       391.4118  DIHED      =       654.2418
 1-4 NB =       170.6987  1-4 EEL =      2459.1286  VDWAALS    =      3640.8733
 EELEC  =    -36870.4233  EHBOND  =         0.0000  RESTRAINT  =        48.5084
 EAMBER (non-restraint)  =    -29399.2995
 EKCMT  =      2602.5086  VIRIAL  =      2975.3563  VOLUME     =     95116.7460
                                                    Density    =         1.0161
 ------------------------------------------------------------------------------

wrapping first mol.:       16.59349       23.46674       40.64559
wrapping first mol.:       16.59349       23.46674       40.64559

 NSTEP =     2500   TIME(PS) =     745.000  TEMP(K) =   303.10  PRESS =   263.3
 Etot   =    -23454.3426  EKtot   =      5850.0078  EPtot      =    -29304.3504
 BOND   =       142.1800  ANGLE   =       387.7407  DIHED      =       654.5179
 1-4 NB =       171.7320  1-4 EEL =      2451.6701  VDWAALS    =      3753.4745
 EELEC  =    -36915.2701  EHBOND  =         0.0000  RESTRAINT  =        49.6045
 EAMBER (non-restraint)  =    -29353.9549
 EKCMT  =      2629.1321  VIRIAL  =      2089.2998  VOLUME     =     94960.9584
                                                    Density    =         1.0177
 ------------------------------------------------------------------------------

wrapping first mol.:       16.59368       23.46700       40.64604
wrapping first mol.:       16.59368       23.46700       40.64604

 NSTEP =     3000   TIME(PS) =     746.000  TEMP(K) =   294.45  PRESS =   103.2
 Etot   =    -23710.8146  EKtot   =      5682.9980  EPtot      =    -29393.8127
 BOND   =       149.9404  ANGLE   =       387.5767  DIHED      =       643.1726
 1-4 NB =       182.4428  1-4 EEL =      2446.7858  VDWAALS    =      3801.9496
 EELEC  =    -37056.2497  EHBOND  =         0.0000  RESTRAINT  =        50.5692
 EAMBER (non-restraint)  =    -29444.3819
 EKCMT  =      2519.6391  VIRIAL  =      2307.9860  VOLUME     =     94965.4740
                                                    Density    =         1.0177
 ------------------------------------------------------------------------------

wrapping first mol.:       16.59008       23.46191       40.63722
wrapping first mol.:       16.59008       23.46191       40.63722

 NSTEP =     3500   TIME(PS) =     747.000  TEMP(K) =   301.21  PRESS =  -195.6
 Etot   =    -23497.6348  EKtot   =      5813.6250  EPtot      =    -29311.2598
 BOND   =       149.0443  ANGLE   =       403.3851  DIHED      =       655.7407
 1-4 NB =       191.7038  1-4 EEL =      2464.8532  VDWAALS    =      3643.0961
 EELEC  =    -36867.9268  EHBOND  =         0.0000  RESTRAINT  =        48.8439
 EAMBER (non-restraint)  =    -29360.1037
 EKCMT  =      2688.0892  VIRIAL  =      3088.9841  VOLUME     =     94906.2241
                                                    Density    =         1.0183
 ------------------------------------------------------------------------------

wrapping first mol.:       16.59657       23.47110       40.65313
wrapping first mol.:       16.59657       23.47110       40.65313

 NSTEP =     4000   TIME(PS) =     748.000  TEMP(K) =   304.70  PRESS =   189.2
 Etot   =    -23454.0175  EKtot   =      5880.8213  EPtot      =    -29334.8388
 BOND   =       147.1557  ANGLE   =       412.8389  DIHED      =       654.2230
 1-4 NB =       174.7058  1-4 EEL =      2453.5469  VDWAALS    =      3806.0719
 EELEC  =    -37029.7295  EHBOND  =         0.0000  RESTRAINT  =        46.3484
 EAMBER (non-restraint)  =    -29381.1872
 EKCMT  =      2686.1619  VIRIAL  =      2297.9927  VOLUME     =     95014.4570
                                                    Density    =         1.0172
 ------------------------------------------------------------------------------

wrapping first mol.:       16.61934       23.50330       40.70891
wrapping first mol.:       16.61934       23.50330       40.70891

 NSTEP =     4500   TIME(PS) =     749.000  TEMP(K) =   299.09  PRESS =   234.9
 Etot   =    -23466.6236  EKtot   =      5772.6299  EPtot      =    -29239.2535
 BOND   =       159.1656  ANGLE   =       410.4106  DIHED      =       642.5350
 1-4 NB =       169.5143  1-4 EEL =      2460.0459  VDWAALS    =      3754.5519
 EELEC  =    -36883.5301  EHBOND  =         0.0000  RESTRAINT  =        48.0533
 EAMBER (non-restraint)  =    -29287.3068
 EKCMT  =      2629.5118  VIRIAL  =      2145.6977  VOLUME     =     95405.6803
                                                    Density    =         1.0130
 ------------------------------------------------------------------------------

wrapping first mol.:       16.61416       23.49597       40.69622
wrapping first mol.:       16.61416       23.49597       40.69622

 NSTEP =     5000   TIME(PS) =     750.000  TEMP(K) =   298.71  PRESS =   -67.8
 Etot   =    -23581.0446  EKtot   =      5765.3369  EPtot      =    -29346.3815
 BOND   =       152.8107  ANGLE   =       406.3172  DIHED      =       651.7370
 1-4 NB =       167.3661  1-4 EEL =      2440.8853  VDWAALS    =      3678.6113
 EELEC  =    -36893.1268  EHBOND  =         0.0000  RESTRAINT  =        49.0177
 EAMBER (non-restraint)  =    -29395.3992
 EKCMT  =      2622.8623  VIRIAL  =      2762.4683  VOLUME     =     95319.0704
                                                    Density    =         1.0139
 ------------------------------------------------------------------------------

wrapping first mol.:       16.61872       23.50242       40.70738
wrapping first mol.:       16.61872       23.50242       40.70738

 NSTEP =     5500   TIME(PS) =     751.000  TEMP(K) =   296.69  PRESS =   520.2
 Etot   =    -23545.1447  EKtot   =      5726.2295  EPtot      =    -29271.3741
 BOND   =       124.4915  ANGLE   =       419.6751  DIHED      =       648.4796
 1-4 NB =       170.4515  1-4 EEL =      2474.2299  VDWAALS    =      3897.5576
 EELEC  =    -37044.9038  EHBOND  =         0.0000  RESTRAINT  =        38.6446
 EAMBER (non-restraint)  =    -29310.0187
 EKCMT  =      2531.0567  VIRIAL  =      1459.7260  VOLUME     =     95392.4893
                                                    Density    =         1.0131
 ------------------------------------------------------------------------------

wrapping first mol.:       16.60989       23.48993       40.68576
wrapping first mol.:       16.60989       23.48993       40.68576

 NSTEP =     6000   TIME(PS) =     752.000  TEMP(K) =   303.82  PRESS =   -98.8
 Etot   =    -23406.2496  EKtot   =      5863.9277  EPtot      =    -29270.1774
 BOND   =       153.3442  ANGLE   =       413.2352  DIHED      =       658.0880
 1-4 NB =       177.0464  1-4 EEL =      2444.2767  VDWAALS    =      3726.5250
 EELEC  =    -36892.0465  EHBOND  =         0.0000  RESTRAINT  =        49.3537
 EAMBER (non-restraint)  =    -29319.5311
 EKCMT  =      2632.8493  VIRIAL  =      2835.9892  VOLUME     =     95245.8338
                                                    Density    =         1.0147
 ------------------------------------------------------------------------------

wrapping first mol.:       16.62203       23.50710       40.71549
wrapping first mol.:       16.62203       23.50710       40.71549

 NSTEP =     6500   TIME(PS) =     753.000  TEMP(K) =   299.67  PRESS =  -263.9
 Etot   =    -23473.1737  EKtot   =      5783.8408  EPtot      =    -29257.0145
 BOND   =       165.6769  ANGLE   =       370.2479  DIHED      =       657.4914
 1-4 NB =       170.3634  1-4 EEL =      2467.4738  VDWAALS    =      3665.0913
 EELEC  =    -36802.9282  EHBOND  =         0.0000  RESTRAINT  =        49.5689
 EAMBER (non-restraint)  =    -29306.5833
 EKCMT  =      2576.2803  VIRIAL  =      3120.2536  VOLUME     =     95456.2261
                                                    Density    =         1.0124
 ------------------------------------------------------------------------------

wrapping first mol.:       16.63652       23.52759       40.75098
wrapping first mol.:       16.63652       23.52759       40.75098

 NSTEP =     7000   TIME(PS) =     754.000  TEMP(K) =   296.46  PRESS =   159.0
 Etot   =    -23614.9090  EKtot   =      5721.8784  EPtot      =    -29336.7875
 BOND   =       129.9333  ANGLE   =       408.3344  DIHED      =       652.0925
 1-4 NB =       183.9107  1-4 EEL =      2473.2535  VDWAALS    =      3746.5388
 EELEC  =    -36986.2792  EHBOND  =         0.0000  RESTRAINT  =        55.4286
 EAMBER (non-restraint)  =    -29392.2160
 EKCMT  =      2567.2842  VIRIAL  =      2238.7006  VOLUME     =     95702.4492
                                                    Density    =         1.0098
 ------------------------------------------------------------------------------

wrapping first mol.:       16.61306       23.49442       40.69353
wrapping first mol.:       16.61306       23.49442       40.69353

 NSTEP =     7500   TIME(PS) =     755.000  TEMP(K) =   295.43  PRESS =  -239.0
 Etot   =    -23624.7691  EKtot   =      5701.9404  EPtot      =    -29326.7095
 BOND   =       149.9032  ANGLE   =       376.1816  DIHED      =       640.8899
 1-4 NB =       180.1976  1-4 EEL =      2475.2093  VDWAALS    =      3725.6580
 EELEC  =    -36921.8224  EHBOND  =         0.0000  RESTRAINT  =        47.0732
 EAMBER (non-restraint)  =    -29373.7828
 EKCMT  =      2555.5590  VIRIAL  =      3047.3135  VOLUME     =     95301.6152
                                                    Density    =         1.0141
 ------------------------------------------------------------------------------

wrapping first mol.:       16.59381       23.46719       40.64637
wrapping first mol.:       16.59381       23.46719       40.64637

 NSTEP =     8000   TIME(PS) =     756.000  TEMP(K) =   293.46  PRESS =    14.0
 Etot   =    -23522.1077  EKtot   =      5664.0117  EPtot      =    -29186.1194
 BOND   =       145.1510  ANGLE   =       410.1760  DIHED      =       650.0238
 1-4 NB =       181.8688  1-4 EEL =      2452.8704  VDWAALS    =      3642.3109
 EELEC  =    -36722.0712  EHBOND  =         0.0000  RESTRAINT  =        53.5509
 EAMBER (non-restraint)  =    -29239.6703
 EKCMT  =      2536.3447  VIRIAL  =      2507.6375  VOLUME     =     94968.5402
                                                    Density    =         1.0176
 ------------------------------------------------------------------------------

wrapping first mol.:       16.57168       23.43589       40.59214
wrapping first mol.:       16.57168       23.43589       40.59214

 NSTEP =     8500   TIME(PS) =     757.000  TEMP(K) =   302.10  PRESS =  -142.7
 Etot   =    -23441.4185  EKtot   =      5830.7407  EPtot      =    -29272.1592
 BOND   =       162.0555  ANGLE   =       427.1336  DIHED      =       647.2163
 1-4 NB =       178.6267  1-4 EEL =      2442.3129  VDWAALS    =      3674.7799
 EELEC  =    -36858.0593  EHBOND  =         0.0000  RESTRAINT  =        53.7750
 EAMBER (non-restraint)  =    -29325.9342
 EKCMT  =      2643.3542  VIRIAL  =      2934.7585  VOLUME     =     94590.2791
                                                    Density    =         1.0217
 ------------------------------------------------------------------------------

wrapping first mol.:       16.58623       23.45648       40.62780
wrapping first mol.:       16.58623       23.45648       40.62780

 NSTEP =     9000   TIME(PS) =     758.000  TEMP(K) =   298.22  PRESS =   427.3
 Etot   =    -23444.9037  EKtot   =      5755.8428  EPtot      =    -29200.7465
 BOND   =       146.7811  ANGLE   =       415.3879  DIHED      =       653.2610
 1-4 NB =       179.1105  1-4 EEL =      2444.9595  VDWAALS    =      3820.0965
 EELEC  =    -36909.5469  EHBOND  =         0.0000  RESTRAINT  =        49.2040
 EAMBER (non-restraint)  =    -29249.9505
 EKCMT  =      2593.5955  VIRIAL  =      1718.6687  VOLUME     =     94834.9641
                                                    Density    =         1.0191
 ------------------------------------------------------------------------------

wrapping first mol.:       16.58089       23.44891       40.61470
wrapping first mol.:       16.58089       23.44891       40.61470

 NSTEP =     9500   TIME(PS) =     759.000  TEMP(K) =   304.54  PRESS =  -350.0
 Etot   =    -23352.4619  EKtot   =      5877.8804  EPtot      =    -29230.3423
 BOND   =       139.4532  ANGLE   =       403.5325  DIHED      =       664.6945
 1-4 NB =       176.9123  1-4 EEL =      2441.4450  VDWAALS    =      3568.7285
 EELEC  =    -36678.0075  EHBOND  =         0.0000  RESTRAINT  =        52.8993
 EAMBER (non-restraint)  =    -29283.2416
 EKCMT  =      2637.9803  VIRIAL  =      3353.9151  VOLUME     =     94749.8296
                                                    Density    =         1.0200
 ------------------------------------------------------------------------------

wrapping first mol.:       16.58984       23.46158       40.63664
wrapping first mol.:       16.58984       23.46158       40.63664

 NSTEP =    10000   TIME(PS) =     760.000  TEMP(K) =   298.12  PRESS =    29.2
 Etot   =    -23468.8380  EKtot   =      5753.8511  EPtot      =    -29222.6890
 BOND   =       139.7851  ANGLE   =       398.7142  DIHED      =       655.6877
 1-4 NB =       178.7830  1-4 EEL =      2451.5602  VDWAALS    =      3768.2266
 EELEC  =    -36875.8046  EHBOND  =         0.0000  RESTRAINT  =        60.3587
 EAMBER (non-restraint)  =    -29283.0478
 EKCMT  =      2590.8828  VIRIAL  =      2531.0010  VOLUME     =     94900.2041
                                                    Density    =         1.0184
 ------------------------------------------------------------------------------

wrapping first mol.:       16.60815       23.48748       40.68150
wrapping first mol.:       16.60815       23.48748       40.68150

 NSTEP =    10500   TIME(PS) =     761.000  TEMP(K) =   298.38  PRESS =   395.4
 Etot   =    -23448.4694  EKtot   =      5758.9155  EPtot      =    -29207.3849
 BOND   =       140.0642  ANGLE   =       400.0335  DIHED      =       662.9121
 1-4 NB =       183.9018  1-4 EEL =      2469.7660  VDWAALS    =      3834.3473
 EELEC  =    -36952.1472  EHBOND  =         0.0000  RESTRAINT  =        53.7374
 EAMBER (non-restraint)  =    -29261.1223
 EKCMT  =      2630.8762  VIRIAL  =      1817.9378  VOLUME     =     95211.7351
                                                    Density    =         1.0150
 ------------------------------------------------------------------------------

wrapping first mol.:       16.58985       23.46159       40.63667
wrapping first mol.:       16.58985       23.46159       40.63667

 NSTEP =    11000   TIME(PS) =     762.000  TEMP(K) =   299.42  PRESS =   -85.8
 Etot   =    -23561.0456  EKtot   =      5778.9775  EPtot      =    -29340.0231
 BOND   =       151.2465  ANGLE   =       411.1616  DIHED      =       642.0175
 1-4 NB =       184.7842  1-4 EEL =      2457.5268  VDWAALS    =      3716.5954
 EELEC  =    -36950.8496  EHBOND  =         0.0000  RESTRAINT  =        47.4945
 EAMBER (non-restraint)  =    -29387.5176
 EKCMT  =      2621.7807  VIRIAL  =      2797.6285  VOLUME     =     94901.3957
                                                    Density    =         1.0184
 ------------------------------------------------------------------------------

wrapping first mol.:       16.58886       23.46018       40.63423
wrapping first mol.:       16.58886       23.46018       40.63423

 NSTEP =    11500   TIME(PS) =     763.000  TEMP(K) =   298.76  PRESS =   140.4
 Etot   =    -23548.2951  EKtot   =      5766.2856  EPtot      =    -29314.5808
 BOND   =       147.3441  ANGLE   =       397.6233  DIHED      =       652.9537
 1-4 NB =       172.8775  1-4 EEL =      2466.2947  VDWAALS    =      3678.0231
 EELEC  =    -36880.7183  EHBOND  =         0.0000  RESTRAINT  =        51.0210
 EAMBER (non-restraint)  =    -29365.6018
 EKCMT  =      2550.4893  VIRIAL  =      2262.8399  VOLUME     =     94882.3817
                                                    Density    =         1.0186
 ------------------------------------------------------------------------------

wrapping first mol.:       16.60061       23.47681       40.66302
wrapping first mol.:       16.60061       23.47681       40.66302

 NSTEP =    12000   TIME(PS) =     764.000  TEMP(K) =   295.74  PRESS =   -67.8
 Etot   =    -23734.4979  EKtot   =      5707.8882  EPtot      =    -29442.3861
 BOND   =       175.1206  ANGLE   =       398.3637  DIHED      =       657.5673
 1-4 NB =       170.0430  1-4 EEL =      2455.4106  VDWAALS    =      3803.2499
 EELEC  =    -37155.9650  EHBOND  =         0.0000  RESTRAINT  =        53.8237
 EAMBER (non-restraint)  =    -29496.2098
 EKCMT  =      2567.6265  VIRIAL  =      2706.8634  VOLUME     =     95086.0103
                                                    Density    =         1.0164
 ------------------------------------------------------------------------------

wrapping first mol.:       16.60034       23.47642       40.66235
wrapping first mol.:       16.60034       23.47642       40.66235

 NSTEP =    12500   TIME(PS) =     765.000  TEMP(K) =   302.91  PRESS =   350.6
 Etot   =    -23488.3215  EKtot   =      5846.4067  EPtot      =    -29334.7283
 BOND   =       131.4381  ANGLE   =       354.6113  DIHED      =       666.0557
 1-4 NB =       176.6931  1-4 EEL =      2473.0538  VDWAALS    =      3878.0374
 EELEC  =    -37069.2699  EHBOND  =         0.0000  RESTRAINT  =        54.6522
 EAMBER (non-restraint)  =    -29389.3804
 EKCMT  =      2672.1918  VIRIAL  =      1952.5206  VOLUME     =     95077.7266
                                                    Density    =         1.0165
 ------------------------------------------------------------------------------

wrapping first mol.:       16.60093       23.47727       40.66381
wrapping first mol.:       16.60093       23.47727       40.66381

 NSTEP =    13000   TIME(PS) =     766.000  TEMP(K) =   291.37  PRESS =  -504.8
 Etot   =    -23723.9224  EKtot   =      5623.6821  EPtot      =    -29347.6045
 BOND   =       145.6093  ANGLE   =       393.0903  DIHED      =       658.7121
 1-4 NB =       169.1978  1-4 EEL =      2463.7540  VDWAALS    =      3628.7571
 EELEC  =    -36861.3275  EHBOND  =         0.0000  RESTRAINT  =        54.6024
 EAMBER (non-restraint)  =    -29402.2069
 EKCMT  =      2534.6889  VIRIAL  =      3571.2219  VOLUME     =     95095.2687
                                                    Density    =         1.0163
 ------------------------------------------------------------------------------

wrapping first mol.:       16.59713       23.47188       40.65449
wrapping first mol.:       16.59713       23.47188       40.65449

 NSTEP =    13500   TIME(PS) =     767.000  TEMP(K) =   299.18  PRESS =   143.9
 Etot   =    -23533.5246  EKtot   =      5774.3418  EPtot      =    -29307.8664
 BOND   =       150.5736  ANGLE   =       414.1040  DIHED      =       664.7846
 1-4 NB =       169.2882  1-4 EEL =      2446.8881  VDWAALS    =      3749.9464
 EELEC  =    -36959.8374  EHBOND  =         0.0000  RESTRAINT  =        56.3861
 EAMBER (non-restraint)  =    -29364.2525
 EKCMT  =      2611.3252  VIRIAL  =      2316.0214  VOLUME     =     95024.3437
                                                    Density    =         1.0170
 ------------------------------------------------------------------------------

wrapping first mol.:       16.61449       23.49644       40.69702
wrapping first mol.:       16.61449       23.49644       40.69702

 NSTEP =    14000   TIME(PS) =     768.000  TEMP(K) =   299.25  PRESS =   246.8
 Etot   =    -23529.0628  EKtot   =      5775.7964  EPtot      =    -29304.8592
 BOND   =       145.6529  ANGLE   =       406.9844  DIHED      =       653.0841
 1-4 NB =       174.1040  1-4 EEL =      2483.4112  VDWAALS    =      3806.0774
 EELEC  =    -37032.7799  EHBOND  =         0.0000  RESTRAINT  =        58.6067
 EAMBER (non-restraint)  =    -29363.4660
 EKCMT  =      2583.8369  VIRIAL  =      2075.8894  VOLUME     =     95322.0575
                                                    Density    =         1.0139
 ------------------------------------------------------------------------------

wrapping first mol.:       16.62418       23.51014       40.72075
wrapping first mol.:       16.62418       23.51014       40.72075

 NSTEP =    14500   TIME(PS) =     769.000  TEMP(K) =   296.75  PRESS =   385.0
 Etot   =    -23459.0700  EKtot   =      5727.4521  EPtot      =    -29186.5222
 BOND   =       159.4080  ANGLE   =       406.6193  DIHED      =       648.3551
 1-4 NB =       186.2092  1-4 EEL =      2487.1764  VDWAALS    =      3833.3288
 EELEC  =    -36956.5772  EHBOND  =         0.0000  RESTRAINT  =        48.9582
 EAMBER (non-restraint)  =    -29235.4804
 EKCMT  =      2540.8677  VIRIAL  =      1747.0980  VOLUME     =     95487.6874
                                                    Density    =         1.0121
 ------------------------------------------------------------------------------

wrapping first mol.:       16.62591       23.51259       40.72500
wrapping first mol.:       16.62591       23.51259       40.72500

 NSTEP =    15000   TIME(PS) =     770.000  TEMP(K) =   298.61  PRESS =    45.3
 Etot   =    -23334.2959  EKtot   =      5763.3745  EPtot      =    -29097.6704
 BOND   =       157.4392  ANGLE   =       392.5875  DIHED      =       662.8984
 1-4 NB =       188.2440  1-4 EEL =      2462.1227  VDWAALS    =      3644.1067
 EELEC  =    -36660.7806  EHBOND  =         0.0000  RESTRAINT  =        55.7119
 EAMBER (non-restraint)  =    -29153.3823
 EKCMT  =      2607.9998  VIRIAL  =      2514.6449  VOLUME     =     95520.4722
                                                    Density    =         1.0118
 ------------------------------------------------------------------------------

wrapping first mol.:       16.61390       23.49560       40.69558
wrapping first mol.:       16.61390       23.49560       40.69558

 NSTEP =    15500   TIME(PS) =     771.000  TEMP(K) =   297.80  PRESS =   100.6
 Etot   =    -23486.6558  EKtot   =      5747.6675  EPtot      =    -29234.3232
 BOND   =       143.0151  ANGLE   =       410.6576  DIHED      =       649.2091
 1-4 NB =       173.0019  1-4 EEL =      2461.5417  VDWAALS    =      3805.5506
 EELEC  =    -36924.4188  EHBOND  =         0.0000  RESTRAINT  =        47.1196
 EAMBER (non-restraint)  =    -29281.4428
 EKCMT  =      2586.9832  VIRIAL  =      2380.0540  VOLUME     =     95313.1317
                                                    Density    =         1.0140
 ------------------------------------------------------------------------------

wrapping first mol.:       16.61392       23.49563       40.69562
wrapping first mol.:       16.61392       23.49563       40.69562

 NSTEP =    16000   TIME(PS) =     772.000  TEMP(K) =   297.34  PRESS =  -103.4
 Etot   =    -23703.6072  EKtot   =      5738.8594  EPtot      =    -29442.4666
 BOND   =       149.3438  ANGLE   =       426.3236  DIHED      =       653.1062
 1-4 NB =       167.7867  1-4 EEL =      2428.3248  VDWAALS    =      3721.3634
 EELEC  =    -37038.0984  EHBOND  =         0.0000  RESTRAINT  =        49.3832
 EAMBER (non-restraint)  =    -29491.8498
 EKCMT  =      2567.0400  VIRIAL  =      2779.8383  VOLUME     =     95315.1733
                                                    Density    =         1.0139
 ------------------------------------------------------------------------------

wrapping first mol.:       16.61149       23.49220       40.68968
wrapping first mol.:       16.61149       23.49220       40.68968

 NSTEP =    16500   TIME(PS) =     773.000  TEMP(K) =   297.06  PRESS =  -201.7
 Etot   =    -23561.7080  EKtot   =      5733.3726  EPtot      =    -29295.0806
 BOND   =       156.9177  ANGLE   =       414.2101  DIHED      =       657.5413
 1-4 NB =       184.5977  1-4 EEL =      2467.3336  VDWAALS    =      3670.8057
 EELEC  =    -36897.6038  EHBOND  =         0.0000  RESTRAINT  =        51.1173
 EAMBER (non-restraint)  =    -29346.1979
 EKCMT  =      2563.7918  VIRIAL  =      2978.7183  VOLUME     =     95274.2818
                                                    Density    =         1.0144
 ------------------------------------------------------------------------------

wrapping first mol.:       16.61811       23.50155       40.70588
wrapping first mol.:       16.61811       23.50155       40.70588

 NSTEP =    17000   TIME(PS) =     774.000  TEMP(K) =   299.26  PRESS =    61.8
 Etot   =    -23583.3028  EKtot   =      5775.8452  EPtot      =    -29359.1480
 BOND   =       153.7628  ANGLE   =       389.9945  DIHED      =       661.1916
 1-4 NB =       172.7537  1-4 EEL =      2464.5348  VDWAALS    =      3741.2600
 EELEC  =    -36996.0529  EHBOND  =         0.0000  RESTRAINT  =        53.4075
 EAMBER (non-restraint)  =    -29412.5555
 EKCMT  =      2617.2548  VIRIAL  =      2490.0722  VOLUME     =     95385.8435
                                                    Density    =         1.0132
 ------------------------------------------------------------------------------

wrapping first mol.:       16.61935       23.50330       40.70891
wrapping first mol.:       16.61935       23.50330       40.70891

 NSTEP =    17500   TIME(PS) =     775.000  TEMP(K) =   297.39  PRESS =   196.7
 Etot   =    -23530.9455  EKtot   =      5739.7300  EPtot      =    -29270.6755
 BOND   =       142.8089  ANGLE   =       394.1504  DIHED      =       654.2245
 1-4 NB =       171.5056  1-4 EEL =      2476.2223  VDWAALS    =      3791.5612
 EELEC  =    -36955.9388  EHBOND  =         0.0000  RESTRAINT  =        54.7905
 EAMBER (non-restraint)  =    -29325.4660
 EKCMT  =      2628.5462  VIRIAL  =      2223.3865  VOLUME     =     95406.0555
                                                    Density    =         1.0130
 ------------------------------------------------------------------------------

wrapping first mol.:       16.61933       23.50329       40.70888
wrapping first mol.:       16.61933       23.50329       40.70888

 NSTEP =    18000   TIME(PS) =     776.000  TEMP(K) =   301.86  PRESS =   239.9
 Etot   =    -23438.8370  EKtot   =      5826.0410  EPtot      =    -29264.8780
 BOND   =       136.5575  ANGLE   =       389.1295  DIHED      =       658.3090
 1-4 NB =       175.8059  1-4 EEL =      2463.2635  VDWAALS    =      3803.2186
 EELEC  =    -36940.7950  EHBOND  =         0.0000  RESTRAINT  =        49.6330
 EAMBER (non-restraint)  =    -29314.5110
 EKCMT  =      2638.3485  VIRIAL  =      2144.1139  VOLUME     =     95405.4803
                                                    Density    =         1.0130
 ------------------------------------------------------------------------------

wrapping first mol.:       16.61785       23.50119       40.70526
wrapping first mol.:       16.61785       23.50119       40.70526

 NSTEP =    18500   TIME(PS) =     777.000  TEMP(K) =   297.81  PRESS =   212.8
 Etot   =    -23549.1781  EKtot   =      5747.9360  EPtot      =    -29297.1141
 BOND   =       147.0716  ANGLE   =       392.6654  DIHED      =       667.1220
 1-4 NB =       175.3758  1-4 EEL =      2480.2892  VDWAALS    =      3749.8476
 EELEC  =    -36954.4343  EHBOND  =         0.0000  RESTRAINT  =        44.9485
 EAMBER (non-restraint)  =    -29342.0627
 EKCMT  =      2606.2934  VIRIAL  =      2168.0700  VOLUME     =     95380.2227
                                                    Density    =         1.0133
 ------------------------------------------------------------------------------

wrapping first mol.:       16.61397       23.49570       40.69575
wrapping first mol.:       16.61397       23.49570       40.69575

 NSTEP =    19000   TIME(PS) =     778.000  TEMP(K) =   301.25  PRESS =  -524.0
 Etot   =    -23525.2251  EKtot   =      5814.2549  EPtot      =    -29339.4800
 BOND   =       142.8026  ANGLE   =       404.4898  DIHED      =       670.8517
 1-4 NB =       178.0340  1-4 EEL =      2468.2665  VDWAALS    =      3619.5369
 EELEC  =    -36870.0396  EHBOND  =         0.0000  RESTRAINT  =        46.5780
 EAMBER (non-restraint)  =    -29386.0581
 EKCMT  =      2611.7047  VIRIAL  =      3690.1765  VOLUME     =     95319.6646
                                                    Density    =         1.0139
 ------------------------------------------------------------------------------

wrapping first mol.:       16.61938       23.50335       40.70899
wrapping first mol.:       16.61938       23.50335       40.70899

 NSTEP =    19500   TIME(PS) =     779.000  TEMP(K) =   297.92  PRESS =   559.5
 Etot   =    -23532.9036  EKtot   =      5749.9492  EPtot      =    -29282.8528
 BOND   =       154.3819  ANGLE   =       406.1359  DIHED      =       661.4101
 1-4 NB =       177.0901  1-4 EEL =      2461.0293  VDWAALS    =      3920.3628
 EELEC  =    -37118.3863  EHBOND  =         0.0000  RESTRAINT  =        55.1235
 EAMBER (non-restraint)  =    -29337.9763
 EKCMT  =      2587.4468  VIRIAL  =      1435.0098  VOLUME     =     95403.5231
                                                    Density    =         1.0130
 ------------------------------------------------------------------------------

wrapping first mol.:       16.60910       23.48881       40.68382
wrapping first mol.:       16.60910       23.48881       40.68382

 NSTEP =    20000   TIME(PS) =     780.000  TEMP(K) =   300.90  PRESS =    -4.7
 Etot   =    -23458.0142  EKtot   =      5807.5430  EPtot      =    -29265.5572
 BOND   =       147.9079  ANGLE   =       429.8890  DIHED      =       658.3440
 1-4 NB =       168.7925  1-4 EEL =      2464.0708  VDWAALS    =      3724.3552
 EELEC  =    -36909.9066  EHBOND  =         0.0000  RESTRAINT  =        50.9901
 EAMBER (non-restraint)  =    -29316.5473
 EKCMT  =      2591.9772  VIRIAL  =      2601.6728  VOLUME     =     95231.4154
                                                    Density    =         1.0148
 ------------------------------------------------------------------------------

wrapping first mol.:       16.64284       23.53653       40.76646
wrapping first mol.:       16.64284       23.53653       40.76646

 NSTEP =    20500   TIME(PS) =     781.000  TEMP(K) =   301.75  PRESS =    51.0
 Etot   =    -23451.5022  EKtot   =      5823.9019  EPtot      =    -29275.4040
 BOND   =       147.0940  ANGLE   =       432.7320  DIHED      =       640.2899
 1-4 NB =       187.9683  1-4 EEL =      2466.9309  VDWAALS    =      3732.1316
 EELEC  =    -36932.2723  EHBOND  =         0.0000  RESTRAINT  =        49.7215
 EAMBER (non-restraint)  =    -29325.1255
 EKCMT  =      2629.6325  VIRIAL  =      2524.1683  VOLUME     =     95812.4865
                                                    Density    =         1.0087
 ------------------------------------------------------------------------------

wrapping first mol.:       16.64512       23.53976       40.77206
wrapping first mol.:       16.64512       23.53976       40.77206

 NSTEP =    21000   TIME(PS) =     782.000  TEMP(K) =   306.98  PRESS =   139.7
 Etot   =    -23380.8903  EKtot   =      5924.9424  EPtot      =    -29305.8327
 BOND   =       157.1102  ANGLE   =       387.6229  DIHED      =       655.9234
 1-4 NB =       186.4981  1-4 EEL =      2460.0179  VDWAALS    =      3745.6320
 EELEC  =    -36943.8484  EHBOND  =         0.0000  RESTRAINT  =        45.2112
 EAMBER (non-restraint)  =    -29351.0439
 EKCMT  =      2708.8745  VIRIAL  =      2419.6977  VOLUME     =     95851.1809
                                                    Density    =         1.0083
 ------------------------------------------------------------------------------

wrapping first mol.:       16.63105       23.51986       40.73759
wrapping first mol.:       16.63105       23.51986       40.73759

 NSTEP =    21500   TIME(PS) =     783.000  TEMP(K) =   301.69  PRESS =  -232.6
 Etot   =    -23534.9617  EKtot   =      5822.7788  EPtot      =    -29357.7405
 BOND   =       154.5439  ANGLE   =       411.3007  DIHED      =       647.4124
 1-4 NB =       178.8268  1-4 EEL =      2468.2671  VDWAALS    =      3625.9040
 EELEC  =    -36889.5353  EHBOND  =         0.0000  RESTRAINT  =        45.5400
 EAMBER (non-restraint)  =    -29403.2805
 EKCMT  =      2546.3562  VIRIAL  =      3026.5277  VOLUME     =     95611.4848
                                                    Density    =         1.0108
 ------------------------------------------------------------------------------

wrapping first mol.:       16.62138       23.50618       40.71389
wrapping first mol.:       16.62138       23.50618       40.71389

 NSTEP =    22000   TIME(PS) =     784.000  TEMP(K) =   299.92  PRESS =  -188.5
 Etot   =    -23615.0782  EKtot   =      5788.6943  EPtot      =    -29403.7726
 BOND   =       164.0298  ANGLE   =       403.2809  DIHED      =       656.2538
 1-4 NB =       173.8698  1-4 EEL =      2464.0155  VDWAALS    =      3693.6635
 EELEC  =    -37008.0711  EHBOND  =         0.0000  RESTRAINT  =        49.1852
 EAMBER (non-restraint)  =    -29452.9577
 EKCMT  =      2614.2721  VIRIAL  =      3002.8226  VOLUME     =     95444.3190
                                                    Density    =         1.0126
 ------------------------------------------------------------------------------

wrapping first mol.:       16.60527       23.48340       40.67443
wrapping first mol.:       16.60527       23.48340       40.67443

 NSTEP =    22500   TIME(PS) =     785.000  TEMP(K) =   298.66  PRESS =    33.8
 Etot   =    -23485.3913  EKtot   =      5764.2939  EPtot      =    -29249.6852
 BOND   =       143.1992  ANGLE   =       435.5800  DIHED      =       655.8638
 1-4 NB =       176.2146  1-4 EEL =      2459.8370  VDWAALS    =      3738.4670
 EELEC  =    -36915.0723  EHBOND  =         0.0000  RESTRAINT  =        56.2256
 EAMBER (non-restraint)  =    -29305.9108
 EKCMT  =      2587.0240  VIRIAL  =      2517.6570  VOLUME     =     95165.2094
                                                    Density    =         1.0155
 ------------------------------------------------------------------------------

wrapping first mol.:       16.61558       23.49797       40.69968
wrapping first mol.:       16.61558       23.49797       40.69968

 NSTEP =    23000   TIME(PS) =     786.000  TEMP(K) =   296.01  PRESS =   -13.1
 Etot   =    -23613.9163  EKtot   =      5713.1206  EPtot      =    -29327.0369
 BOND   =       144.4773  ANGLE   =       422.3265  DIHED      =       658.0825
 1-4 NB =       182.9879  1-4 EEL =      2464.7516  VDWAALS    =      3757.3076
 EELEC  =    -37008.5481  EHBOND  =         0.0000  RESTRAINT  =        51.5778
 EAMBER (non-restraint)  =    -29378.6147
 EKCMT  =      2596.1735  VIRIAL  =      2623.1564  VOLUME     =     95342.9198
                                                    Density    =         1.0136
 ------------------------------------------------------------------------------

wrapping first mol.:       16.60934       23.48916       40.68441
wrapping first mol.:       16.60934       23.48916       40.68441

 NSTEP =    23500   TIME(PS) =     787.000  TEMP(K) =   301.34  PRESS =   107.3
 Etot   =    -23430.8565  EKtot   =      5815.9468  EPtot      =    -29246.8033
 BOND   =       170.2771  ANGLE   =       395.6975  DIHED      =       659.8034
 1-4 NB =       180.6153  1-4 EEL =      2458.3736  VDWAALS    =      3810.0466
 EELEC  =    -36973.8865  EHBOND  =         0.0000  RESTRAINT  =        52.2697
 EAMBER (non-restraint)  =    -29299.0730
 EKCMT  =      2635.9137  VIRIAL  =      2415.3006  VOLUME     =     95234.6409
                                                    Density    =         1.0148
 ------------------------------------------------------------------------------

wrapping first mol.:       16.63400       23.52402       40.74480
wrapping first mol.:       16.63400       23.52402       40.74480

 NSTEP =    24000   TIME(PS) =     788.000  TEMP(K) =   300.04  PRESS =    13.3
 Etot   =    -23500.1649  EKtot   =      5791.0244  EPtot      =    -29291.1893
 BOND   =       157.7345  ANGLE   =       403.5769  DIHED      =       646.3869
 1-4 NB =       178.7379  1-4 EEL =      2448.7416  VDWAALS    =      3713.7277
 EELEC  =    -36893.2041  EHBOND  =         0.0000  RESTRAINT  =        53.1092
 EAMBER (non-restraint)  =    -29344.2986
 EKCMT  =      2617.5597  VIRIAL  =      2590.0122  VOLUME     =     95660.1281
                                                    Density    =         1.0103
 ------------------------------------------------------------------------------

wrapping first mol.:       16.63010       23.51851       40.73525
wrapping first mol.:       16.63010       23.51851       40.73525

 NSTEP =    24500   TIME(PS) =     789.000  TEMP(K) =   298.53  PRESS =    70.1
 Etot   =    -23576.6702  EKtot   =      5761.7773  EPtot      =    -29338.4475
 BOND   =       156.8924  ANGLE   =       387.7135  DIHED      =       645.4204
 1-4 NB =       173.8014  1-4 EEL =      2457.1090  VDWAALS    =      3779.2009
 EELEC  =    -36991.4071  EHBOND  =         0.0000  RESTRAINT  =        52.8220
 EAMBER (non-restraint)  =    -29391.2695
 EKCMT  =      2576.0816  VIRIAL  =      2431.3664  VOLUME     =     95592.4123
                                                    Density    =         1.0110
 ------------------------------------------------------------------------------

wrapping first mol.:       16.60180       23.47849       40.66593
wrapping first mol.:       16.60180       23.47849       40.66593

 NSTEP =    25000   TIME(PS) =     790.000  TEMP(K) =   301.51  PRESS =  -318.8
 Etot   =    -23374.7835  EKtot   =      5819.4033  EPtot      =    -29194.1868
 BOND   =       163.5024  ANGLE   =       406.9542  DIHED      =       648.7741
 1-4 NB =       167.0080  1-4 EEL =      2448.2911  VDWAALS    =      3622.7285
 EELEC  =    -36710.9706  EHBOND  =         0.0000  RESTRAINT  =        59.5256
 EAMBER (non-restraint)  =    -29253.7124
 EKCMT  =      2647.5152  VIRIAL  =      3302.1928  VOLUME     =     95108.5110
                                                    Density    =         1.0161
 ------------------------------------------------------------------------------

wrapping first mol.:       16.59731       23.47214       40.65493
wrapping first mol.:       16.59731       23.47214       40.65493

 NSTEP =    25500   TIME(PS) =     791.000  TEMP(K) =   296.28  PRESS =   149.4
 Etot   =    -23520.0999  EKtot   =      5718.4180  EPtot      =    -29238.5179
 BOND   =       138.8615  ANGLE   =       412.9319  DIHED      =       659.2515
 1-4 NB =       184.3372  1-4 EEL =      2441.8111  VDWAALS    =      3749.1670
 EELEC  =    -36872.3585  EHBOND  =         0.0000  RESTRAINT  =        47.4805
 EAMBER (non-restraint)  =    -29285.9984
 EKCMT  =      2539.6241  VIRIAL  =      2233.0807  VOLUME     =     95027.4084
                                                    Density    =         1.0170
 ------------------------------------------------------------------------------

wrapping first mol.:       16.59467       23.46841       40.64848
wrapping first mol.:       16.59467       23.46841       40.64848

 NSTEP =    26000   TIME(PS) =     792.000  TEMP(K) =   298.33  PRESS =   513.8
 Etot   =    -23595.9400  EKtot   =      5757.9873  EPtot      =    -29353.9273
 BOND   =       144.6012  ANGLE   =       418.2733  DIHED      =       660.7238
 1-4 NB =       173.6925  1-4 EEL =      2447.4816  VDWAALS    =      3844.7267
 EELEC  =    -37090.1504  EHBOND  =         0.0000  RESTRAINT  =        46.7240
 EAMBER (non-restraint)  =    -29400.6513
 EKCMT  =      2610.3949  VIRIAL  =      1556.6840  VOLUME     =     94979.0673
                                                    Density    =         1.0175
 ------------------------------------------------------------------------------

wrapping first mol.:       16.61389       23.49559       40.69555
wrapping first mol.:       16.61389       23.49559       40.69555

 NSTEP =    26500   TIME(PS) =     793.000  TEMP(K) =   294.83  PRESS =  -155.2
 Etot   =    -23541.0198  EKtot   =      5690.4395  EPtot      =    -29231.4593
 BOND   =       159.1153  ANGLE   =       389.1147  DIHED      =       648.9216
 1-4 NB =       181.3265  1-4 EEL =      2465.6141  VDWAALS    =      3644.7558
 EELEC  =    -36770.1932  EHBOND  =         0.0000  RESTRAINT  =        49.8860
 EAMBER (non-restraint)  =    -29281.3453
 EKCMT  =      2517.2849  VIRIAL  =      2836.6442  VOLUME     =     95315.1157
                                                    Density    =         1.0139
 ------------------------------------------------------------------------------

wrapping first mol.:       16.61090       23.49136       40.68822
wrapping first mol.:       16.61090       23.49136       40.68822

 NSTEP =    27000   TIME(PS) =     794.000  TEMP(K) =   298.86  PRESS =  -224.6
 Etot   =    -23544.9548  EKtot   =      5768.2734  EPtot      =    -29313.2283
 BOND   =       149.1755  ANGLE   =       382.9945  DIHED      =       668.6472
 1-4 NB =       171.0964  1-4 EEL =      2460.3665  VDWAALS    =      3678.4964
 EELEC  =    -36877.6618  EHBOND  =         0.0000  RESTRAINT  =        53.6569
 EAMBER (non-restraint)  =    -29366.8852
 EKCMT  =      2607.6062  VIRIAL  =      3069.5363  VOLUME     =     95264.1975
                                                    Density    =         1.0145
 ------------------------------------------------------------------------------

wrapping first mol.:       16.62485       23.51108       40.72239
wrapping first mol.:       16.62485       23.51108       40.72239

 NSTEP =    27500   TIME(PS) =     795.000  TEMP(K) =   304.27  PRESS =    97.6
 Etot   =    -23435.0449  EKtot   =      5872.5264  EPtot      =    -29307.5713
 BOND   =       151.8878  ANGLE   =       417.3276  DIHED      =       652.7646
 1-4 NB =       166.8754  1-4 EEL =      2458.6321  VDWAALS    =      3693.0514
 EELEC  =    -36903.7536  EHBOND  =         0.0000  RESTRAINT  =        55.6434
 EAMBER (non-restraint)  =    -29363.2146
 EKCMT  =      2576.3610  VIRIAL  =      2375.1592  VOLUME     =     95501.6650
                                                    Density    =         1.0120
 ------------------------------------------------------------------------------

wrapping first mol.:       16.61447       23.49641       40.69698
wrapping first mol.:       16.61447       23.49641       40.69698

 NSTEP =    28000   TIME(PS) =     796.000  TEMP(K) =   298.02  PRESS =  -430.3
 Etot   =    -23577.0424  EKtot   =      5752.0127  EPtot      =    -29329.0551
 BOND   =       148.9782  ANGLE   =       385.5046  DIHED      =       646.5452
 1-4 NB =       184.0112  1-4 EEL =      2476.4833  VDWAALS    =      3681.4423
 EELEC  =    -36900.7164  EHBOND  =         0.0000  RESTRAINT  =        48.6966
 EAMBER (non-restraint)  =    -29377.7517
 EKCMT  =      2611.8234  VIRIAL  =      3497.5424  VOLUME     =     95327.5109
                                                    Density    =         1.0138
 ------------------------------------------------------------------------------

wrapping first mol.:       16.64540       23.54016       40.77274
wrapping first mol.:       16.64540       23.54016       40.77274

 NSTEP =    28500   TIME(PS) =     797.000  TEMP(K) =   302.34  PRESS =   206.9
 Etot   =    -23395.7151  EKtot   =      5835.2544  EPtot      =    -29230.9695
 BOND   =       156.5763  ANGLE   =       390.4235  DIHED      =       654.7142
 1-4 NB =       180.9089  1-4 EEL =      2458.0455  VDWAALS    =      3802.2249
 EELEC  =    -36919.9688  EHBOND  =         0.0000  RESTRAINT  =        46.1060
 EAMBER (non-restraint)  =    -29277.0755
 EKCMT  =      2679.7844  VIRIAL  =      2251.5201  VOLUME     =     95855.4471
                                                    Density    =         1.0082
 ------------------------------------------------------------------------------

wrapping first mol.:       16.64650       23.54170       40.77542
wrapping first mol.:       16.64650       23.54170       40.77542

 NSTEP =    29000   TIME(PS) =     798.000  TEMP(K) =   300.49  PRESS =  -161.0
 Etot   =    -23468.0467  EKtot   =      5799.5718  EPtot      =    -29267.6184
 BOND   =       143.6933  ANGLE   =       397.3583  DIHED      =       668.3785
 1-4 NB =       179.8253  1-4 EEL =      2452.1446  VDWAALS    =      3680.2747
 EELEC  =    -36834.6652  EHBOND  =         0.0000  RESTRAINT  =        45.3720
 EAMBER (non-restraint)  =    -29312.9904
 EKCMT  =      2626.4561  VIRIAL  =      2959.6530  VOLUME     =     95877.4796
                                                    Density    =         1.0080
 ------------------------------------------------------------------------------

wrapping first mol.:       16.64230       23.53576       40.76513
wrapping first mol.:       16.64230       23.53576       40.76513

 NSTEP =    29500   TIME(PS) =     799.000  TEMP(K) =   298.22  PRESS =    68.8
 Etot   =    -23439.7536  EKtot   =      5755.8276  EPtot      =    -29195.5812
 BOND   =       155.5525  ANGLE   =       408.0668  DIHED      =       656.4017
 1-4 NB =       165.0696  1-4 EEL =      2452.2105  VDWAALS    =      3773.0290
 EELEC  =    -36855.9117  EHBOND  =         0.0000  RESTRAINT  =        50.0004
 EAMBER (non-restraint)  =    -29245.5816
 EKCMT  =      2610.8919  VIRIAL  =      2468.4836  VOLUME     =     95802.9412
                                                    Density    =         1.0088
 ------------------------------------------------------------------------------

wrapping first mol.:       16.66034       23.56128       40.80933
wrapping first mol.:       16.66034       23.56128       40.80933

 NSTEP =    30000   TIME(PS) =     800.000  TEMP(K) =   300.26  PRESS =   -82.2
 Etot   =    -23193.3509  EKtot   =      5795.1626  EPtot      =    -28988.5135
 BOND   =       140.5796  ANGLE   =       403.7588  DIHED      =       659.3281
 1-4 NB =       181.5646  1-4 EEL =      2495.8338  VDWAALS    =      3704.4755
 EELEC  =    -36619.2872  EHBOND  =         0.0000  RESTRAINT  =        45.2334
 EAMBER (non-restraint)  =    -29033.7468
 EKCMT  =      2643.7053  VIRIAL  =      2814.2124  VOLUME     =     96116.1611
                                                    Density    =         1.0055
 ------------------------------------------------------------------------------

wrapping first mol.:       16.64741       23.54299       40.77765
wrapping first mol.:       16.64741       23.54299       40.77765

 NSTEP =    30500   TIME(PS) =     801.000  TEMP(K) =   300.55  PRESS =   -19.0
 Etot   =    -23434.7625  EKtot   =      5800.7046  EPtot      =    -29235.4671
 BOND   =       141.9065  ANGLE   =       405.8061  DIHED      =       654.2652
 1-4 NB =       171.0960  1-4 EEL =      2455.7720  VDWAALS    =      3800.2871
 EELEC  =    -36924.5448  EHBOND  =         0.0000  RESTRAINT  =        59.9451
 EAMBER (non-restraint)  =    -29295.4122
 EKCMT  =      2626.9913  VIRIAL  =      2666.4251  VOLUME     =     95891.9606
                                                    Density    =         1.0078
 ------------------------------------------------------------------------------

wrapping first mol.:       16.64070       23.53350       40.76122
wrapping first mol.:       16.64070       23.53350       40.76122

 NSTEP =    31000   TIME(PS) =     802.000  TEMP(K) =   295.60  PRESS =   145.9
 Etot   =    -23363.2102  EKtot   =      5705.2051  EPtot      =    -29068.4152
 BOND   =       150.1900  ANGLE   =       412.1490  DIHED      =       659.4029
 1-4 NB =       175.7001  1-4 EEL =      2444.8893  VDWAALS    =      3785.2290
 EELEC  =    -36741.5088  EHBOND  =         0.0000  RESTRAINT  =        45.5333
 EAMBER (non-restraint)  =    -29113.9486
 EKCMT  =      2582.3123  VIRIAL  =      2280.6103  VOLUME     =     95774.7205
                                                    Density    =         1.0091
 ------------------------------------------------------------------------------

wrapping first mol.:       16.60928       23.48907       40.68427
wrapping first mol.:       16.60928       23.48907       40.68427

 NSTEP =    31500   TIME(PS) =     803.000  TEMP(K) =   295.71  PRESS =   -32.9
 Etot   =    -23581.9683  EKtot   =      5707.3950  EPtot      =    -29289.3633
 BOND   =       148.0150  ANGLE   =       410.7412  DIHED      =       659.4848
 1-4 NB =       181.7787  1-4 EEL =      2492.0608  VDWAALS    =      3737.6192
 EELEC  =    -36970.4827  EHBOND  =         0.0000  RESTRAINT  =        51.4199
 EAMBER (non-restraint)  =    -29340.7832
 EKCMT  =      2622.8651  VIRIAL  =      2690.4849  VOLUME     =     95234.8194
                                                    Density    =         1.0148
 ------------------------------------------------------------------------------

wrapping first mol.:       16.61032       23.49054       40.68680
wrapping first mol.:       16.61032       23.49054       40.68680

 NSTEP =    32000   TIME(PS) =     804.000  TEMP(K) =   300.14  PRESS =  -203.2
 Etot   =    -23636.9189  EKtot   =      5792.8403  EPtot      =    -29429.7592
 BOND   =       139.5927  ANGLE   =       421.6609  DIHED      =       645.5756
 1-4 NB =       171.4557  1-4 EEL =      2466.0495  VDWAALS    =      3746.7794
 EELEC  =    -37075.3202  EHBOND  =         0.0000  RESTRAINT  =        54.4472
 EAMBER (non-restraint)  =    -29484.2064
 EKCMT  =      2629.6204  VIRIAL  =      3047.4956  VOLUME     =     95254.0687
                                                    Density    =         1.0146
 ------------------------------------------------------------------------------

wrapping first mol.:       16.61252       23.49365       40.69219
wrapping first mol.:       16.61252       23.49365       40.69219

 NSTEP =    32500   TIME(PS) =     805.000  TEMP(K) =   303.96  PRESS =  -185.8
 Etot   =    -23371.4667  EKtot   =      5866.5947  EPtot      =    -29238.0615
 BOND   =       151.6156  ANGLE   =       421.2120  DIHED      =       647.7369
 1-4 NB =       177.7739  1-4 EEL =      2463.0078  VDWAALS    =      3623.9983
 EELEC  =    -36775.9944  EHBOND  =         0.0000  RESTRAINT  =        52.5884
 EAMBER (non-restraint)  =    -29290.6499
 EKCMT  =      2657.9787  VIRIAL  =      3040.3541  VOLUME     =     95291.7604
                                                    Density    =         1.0142
 ------------------------------------------------------------------------------

wrapping first mol.:       16.61386       23.49554       40.69547
wrapping first mol.:       16.61386       23.49554       40.69547

 NSTEP =    33000   TIME(PS) =     806.000  TEMP(K) =   303.43  PRESS =  -219.2
 Etot   =    -23491.9940  EKtot   =      5856.4678  EPtot      =    -29348.4618
 BOND   =       152.9393  ANGLE   =       389.7922  DIHED      =       659.9945
 1-4 NB =       185.5696  1-4 EEL =      2478.0962  VDWAALS    =      3670.5431
 EELEC  =    -36934.7003  EHBOND  =         0.0000  RESTRAINT  =        49.3035
 EAMBER (non-restraint)  =    -29397.7653
 EKCMT  =      2638.6845  VIRIAL  =      3089.8718  VOLUME     =     95315.1043
                                                    Density    =         1.0139
 ------------------------------------------------------------------------------

wrapping first mol.:       16.61421       23.49604       40.69633
wrapping first mol.:       16.61421       23.49604       40.69633

 NSTEP =    33500   TIME(PS) =     807.000  TEMP(K) =   298.65  PRESS =    51.1
 Etot   =    -23307.9113  EKtot   =      5764.1475  EPtot      =    -29072.0588
 BOND   =       146.7355  ANGLE   =       404.3665  DIHED      =       656.6567
 1-4 NB =       191.1436  1-4 EEL =      2471.7523  VDWAALS    =      3637.2505
 EELEC  =    -36624.8246  EHBOND  =         0.0000  RESTRAINT  =        44.8609
 EAMBER (non-restraint)  =    -29116.9196
 EKCMT  =      2604.8844  VIRIAL  =      2499.8049  VOLUME     =     95318.8163
                                                    Density    =         1.0139
 ------------------------------------------------------------------------------

wrapping first mol.:       16.60008       23.47606       40.66173
wrapping first mol.:       16.60008       23.47606       40.66173

 NSTEP =    34000   TIME(PS) =     808.000  TEMP(K) =   305.99  PRESS =   -35.3
 Etot   =    -23272.0325  EKtot   =      5905.8477  EPtot      =    -29177.8801
 BOND   =       152.1147  ANGLE   =       372.4700  DIHED      =       657.9535
 1-4 NB =       176.9258  1-4 EEL =      2451.1669  VDWAALS    =      3669.9519
 EELEC  =    -36713.5192  EHBOND  =         0.0000  RESTRAINT  =        55.0562
 EAMBER (non-restraint)  =    -29232.9363
 EKCMT  =      2671.6011  VIRIAL  =      2743.9960  VOLUME     =     95076.6810
                                                    Density    =         1.0165
 ------------------------------------------------------------------------------

wrapping first mol.:       16.61232       23.49336       40.69169
wrapping first mol.:       16.61232       23.49336       40.69169

 NSTEP =    34500   TIME(PS) =     809.000  TEMP(K) =   297.76  PRESS =  -126.9
 Etot   =    -23592.1719  EKtot   =      5746.8955  EPtot      =    -29339.0674
 BOND   =       174.7875  ANGLE   =       389.1739  DIHED      =       654.2190
 1-4 NB =       173.3374  1-4 EEL =      2456.7246  VDWAALS    =      3772.8818
 EELEC  =    -37008.5174  EHBOND  =         0.0000  RESTRAINT  =        48.3257
 EAMBER (non-restraint)  =    -29387.3931
 EKCMT  =      2581.6935  VIRIAL  =      2842.7628  VOLUME     =     95287.7745
                                                    Density    =         1.0142
 ------------------------------------------------------------------------------

wrapping first mol.:       16.59976       23.47560       40.66093
wrapping first mol.:       16.59976       23.47560       40.66093

 NSTEP =    35000   TIME(PS) =     810.000  TEMP(K) =   301.65  PRESS =  -255.5
 Etot   =    -23399.6511  EKtot   =      5821.9941  EPtot      =    -29221.6452
 BOND   =       167.5348  ANGLE   =       408.4991  DIHED      =       649.6411
 1-4 NB =       177.6882  1-4 EEL =      2459.7733  VDWAALS    =      3649.9068
 EELEC  =    -36783.0420  EHBOND  =         0.0000  RESTRAINT  =        48.3534
 EAMBER (non-restraint)  =    -29269.9986
 EKCMT  =      2645.3539  VIRIAL  =      3169.7971  VOLUME     =     95072.9350
                                                    Density    =         1.0165
 ------------------------------------------------------------------------------

wrapping first mol.:       16.60691       23.48572       40.67845
wrapping first mol.:       16.60691       23.48572       40.67845

 NSTEP =    35500   TIME(PS) =     811.000  TEMP(K) =   296.76  PRESS =    83.1
 Etot   =    -23524.4498  EKtot   =      5727.7222  EPtot      =    -29252.1720
 BOND   =       145.0285  ANGLE   =       433.3557  DIHED      =       660.7231
 1-4 NB =       170.9842  1-4 EEL =      2454.2130  VDWAALS    =      3725.5441
 EELEC  =    -36892.7036  EHBOND  =         0.0000  RESTRAINT  =        50.6830
 EAMBER (non-restraint)  =    -29302.8550
 EKCMT  =      2606.8546  VIRIAL  =      2436.0383  VOLUME     =     95192.9848
                                                    Density    =         1.0152
 ------------------------------------------------------------------------------

wrapping first mol.:       16.58786       23.45877       40.63178
wrapping first mol.:       16.58786       23.45877       40.63178

 NSTEP =    36000   TIME(PS) =     812.000  TEMP(K) =   301.71  PRESS =   -20.1
 Etot   =    -23425.2974  EKtot   =      5823.1514  EPtot      =    -29248.4488
 BOND   =       128.7125  ANGLE   =       377.8822  DIHED      =       642.0414
 1-4 NB =       181.4713  1-4 EEL =      2472.3846  VDWAALS    =      3694.1613
 EELEC  =    -36793.8892  EHBOND  =         0.0000  RESTRAINT  =        48.7873
 EAMBER (non-restraint)  =    -29297.2360
 EKCMT  =      2640.3548  VIRIAL  =      2681.5629  VOLUME     =     94866.5886
                                                    Density    =         1.0187
 ------------------------------------------------------------------------------

wrapping first mol.:       16.60446       23.48225       40.67244
wrapping first mol.:       16.60446       23.48225       40.67244

 NSTEP =    36500   TIME(PS) =     813.000  TEMP(K) =   303.55  PRESS =   189.8
 Etot   =    -23273.1278  EKtot   =      5858.6157  EPtot      =    -29131.7435
 BOND   =       128.4179  ANGLE   =       418.2781  DIHED      =       654.6585
 1-4 NB =       175.1878  1-4 EEL =      2444.4609  VDWAALS    =      3720.5935
 EELEC  =    -36716.4521  EHBOND  =         0.0000  RESTRAINT  =        43.1120
 EAMBER (non-restraint)  =    -29174.8555
 EKCMT  =      2643.5409  VIRIAL  =      2253.6245  VOLUME     =     95149.9124
                                                    Density    =         1.0157
 ------------------------------------------------------------------------------

wrapping first mol.:       16.59183       23.46439       40.64152
wrapping first mol.:       16.59183       23.46439       40.64152

 NSTEP =    37000   TIME(PS) =     814.000  TEMP(K) =   300.03  PRESS =  -229.8
 Etot   =    -23539.7106  EKtot   =      5790.6650  EPtot      =    -29330.3756
 BOND   =       155.7384  ANGLE   =       403.6306  DIHED      =       646.8603
 1-4 NB =       181.8396  1-4 EEL =      2443.9698  VDWAALS    =      3647.6017
 EELEC  =    -36858.9055  EHBOND  =         0.0000  RESTRAINT  =        48.8894
 EAMBER (non-restraint)  =    -29379.2650
 EKCMT  =      2656.3361  VIRIAL  =      3127.3174  VOLUME     =     94936.5833
                                                    Density    =         1.0180
 ------------------------------------------------------------------------------

wrapping first mol.:       16.59572       23.46990       40.65105
wrapping first mol.:       16.59572       23.46990       40.65105

 NSTEP =    37500   TIME(PS) =     815.000  TEMP(K) =   299.54  PRESS =     1.8
 Etot   =    -23540.0244  EKtot   =      5781.3545  EPtot      =    -29321.3789
 BOND   =       127.7423  ANGLE   =       403.0151  DIHED      =       638.8426
 1-4 NB =       182.1560  1-4 EEL =      2458.0624  VDWAALS    =      3789.9986
 EELEC  =    -36974.9029  EHBOND  =         0.0000  RESTRAINT  =        53.7070
 EAMBER (non-restraint)  =    -29375.0858
 EKCMT  =      2614.0594  VIRIAL  =      2610.3106  VOLUME     =     95001.4676
                                                    Density    =         1.0173
 ------------------------------------------------------------------------------

wrapping first mol.:       16.61340       23.49489       40.69435
wrapping first mol.:       16.61340       23.49489       40.69435

 NSTEP =    38000   TIME(PS) =     816.000  TEMP(K) =   301.75  PRESS =   223.1
 Etot   =    -23279.7291  EKtot   =      5823.8896  EPtot      =    -29103.6187
 BOND   =       139.9792  ANGLE   =       389.7385  DIHED      =       664.4534
 1-4 NB =       173.4324  1-4 EEL =      2447.8147  VDWAALS    =      3788.7868
 EELEC  =    -36760.4242  EHBOND  =         0.0000  RESTRAINT  =        52.6006
 EAMBER (non-restraint)  =    -29156.2193
 EKCMT  =      2646.5910  VIRIAL  =      2187.4333  VOLUME     =     95303.4327
                                                    Density    =         1.0141
 ------------------------------------------------------------------------------

wrapping first mol.:       16.61403       23.49578       40.69588
wrapping first mol.:       16.61403       23.49578       40.69588

 NSTEP =    38500   TIME(PS) =     817.000  TEMP(K) =   303.93  PRESS =   108.0
 Etot   =    -23401.8986  EKtot   =      5866.0171  EPtot      =    -29267.9157
 BOND   =       175.9277  ANGLE   =       406.4049  DIHED      =       637.4189
 1-4 NB =       165.6007  1-4 EEL =      2432.4654  VDWAALS    =      3784.9166
 EELEC  =    -36914.6354  EHBOND  =         0.0000  RESTRAINT  =        43.9854
 EAMBER (non-restraint)  =    -29311.9011
 EKCMT  =      2606.0364  VIRIAL  =      2383.8095  VOLUME     =     95315.2269
                                                    Density    =         1.0139
 ------------------------------------------------------------------------------

wrapping first mol.:       16.60293       23.48008       40.66870
wrapping first mol.:       16.60293       23.48008       40.66870

 NSTEP =    39000   TIME(PS) =     818.000  TEMP(K) =   302.92  PRESS =   101.2
 Etot   =    -23389.2674  EKtot   =      5846.5806  EPtot      =    -29235.8480
 BOND   =       160.8800  ANGLE   =       438.9053  DIHED      =       657.8819
 1-4 NB =       176.6134  1-4 EEL =      2456.0669  VDWAALS    =      3791.7689
 EELEC  =    -36973.8827  EHBOND  =         0.0000  RESTRAINT  =        55.9182
 EAMBER (non-restraint)  =    -29291.7662
 EKCMT  =      2605.9973  VIRIAL  =      2398.1212  VOLUME     =     95124.3720
                                                    Density    =         1.0160
 ------------------------------------------------------------------------------

wrapping first mol.:       16.62108       23.50576       40.71316
wrapping first mol.:       16.62108       23.50576       40.71316

 NSTEP =    39500   TIME(PS) =     819.000  TEMP(K) =   298.54  PRESS =  -282.9
 Etot   =    -23683.8877  EKtot   =      5762.0435  EPtot      =    -29445.9311
 BOND   =       130.0200  ANGLE   =       389.4202  DIHED      =       652.5881
 1-4 NB =       173.7689  1-4 EEL =      2451.3896  VDWAALS    =      3738.6602
 EELEC  =    -37030.0289  EHBOND  =         0.0000  RESTRAINT  =        48.2507
 EAMBER (non-restraint)  =    -29494.1819
 EKCMT  =      2613.7256  VIRIAL  =      3196.7005  VOLUME     =     95440.0204
                                                    Density    =         1.0126
 ------------------------------------------------------------------------------

wrapping first mol.:       16.61401       23.49576       40.69584
wrapping first mol.:       16.61401       23.49576       40.69584

 NSTEP =    40000   TIME(PS) =     820.000  TEMP(K) =   298.00  PRESS =  -212.9
 Etot   =    -23568.3026  EKtot   =      5751.6245  EPtot      =    -29319.9271
 BOND   =       146.7782  ANGLE   =       402.5552  DIHED      =       653.4278
 1-4 NB =       180.7005  1-4 EEL =      2447.8303  VDWAALS    =      3739.9613
 EELEC  =    -36945.4585  EHBOND  =         0.0000  RESTRAINT  =        54.2781
 EAMBER (non-restraint)  =    -29374.2052
 EKCMT  =      2593.1027  VIRIAL  =      3031.3060  VOLUME     =     95317.6786
                                                    Density    =         1.0139
 ------------------------------------------------------------------------------

wrapping first mol.:       16.60311       23.48034       40.66914
wrapping first mol.:       16.60311       23.48034       40.66914

 NSTEP =    40500   TIME(PS) =     821.000  TEMP(K) =   301.11  PRESS =   -97.8
 Etot   =    -23406.6421  EKtot   =      5811.5283  EPtot      =    -29218.1704
 BOND   =       160.9874  ANGLE   =       398.9052  DIHED      =       664.0136
 1-4 NB =       175.2386  1-4 EEL =      2452.6062  VDWAALS    =      3663.8141
 EELEC  =    -36783.7298  EHBOND  =         0.0000  RESTRAINT  =        49.9943
 EAMBER (non-restraint)  =    -29268.1646
 EKCMT  =      2661.6776  VIRIAL  =      2862.4521  VOLUME     =     95129.1638
                                                    Density    =         1.0159
 ------------------------------------------------------------------------------

wrapping first mol.:       16.60411       23.48175       40.67158
wrapping first mol.:       16.60411       23.48175       40.67158

 NSTEP =    41000   TIME(PS) =     822.000  TEMP(K) =   296.76  PRESS =   251.2
 Etot   =    -23449.1360  EKtot   =      5727.5645  EPtot      =    -29176.7004
 BOND   =       139.0851  ANGLE   =       382.6352  DIHED      =       662.0769
 1-4 NB =       183.7113  1-4 EEL =      2453.8972  VDWAALS    =      3654.2964
 EELEC  =    -36695.3682  EHBOND  =         0.0000  RESTRAINT  =        42.9657
 EAMBER (non-restraint)  =    -29219.6661
 EKCMT  =      2644.6266  VIRIAL  =      2128.6693  VOLUME     =     95143.3695
                                                    Density    =         1.0158
 ------------------------------------------------------------------------------

wrapping first mol.:       16.60144       23.47798       40.66505
wrapping first mol.:       16.60144       23.47798       40.66505

 NSTEP =    41500   TIME(PS) =     823.000  TEMP(K) =   301.54  PRESS =   183.8
 Etot   =    -23232.2891  EKtot   =      5819.8916  EPtot      =    -29052.1807
 BOND   =       178.1957  ANGLE   =       436.2506  DIHED      =       655.3517
 1-4 NB =       177.2264  1-4 EEL =      2434.0912  VDWAALS    =      3744.2665
 EELEC  =    -36722.5883  EHBOND  =         0.0000  RESTRAINT  =        45.0256
 EAMBER (non-restraint)  =    -29097.2063
 EKCMT  =      2619.1716  VIRIAL  =      2241.7132  VOLUME     =     95098.0598
                                                    Density    =         1.0163
 ------------------------------------------------------------------------------

wrapping first mol.:       16.62603       23.51276       40.72529
wrapping first mol.:       16.62603       23.51276       40.72529

 NSTEP =    42000   TIME(PS) =     824.000  TEMP(K) =   302.69  PRESS =   315.5
 Etot   =    -23349.3362  EKtot   =      5842.0024  EPtot      =    -29191.3387
 BOND   =       147.1639  ANGLE   =       409.7127  DIHED      =       657.6811
 1-4 NB =       186.2376  1-4 EEL =      2441.0745  VDWAALS    =      3880.6169
 EELEC  =    -36963.7536  EHBOND  =         0.0000  RESTRAINT  =        49.9281
 EAMBER (non-restraint)  =    -29241.2668
 EKCMT  =      2597.2507  VIRIAL  =      1946.4829  VOLUME     =     95520.2553
                                                    Density    =         1.0118
 ------------------------------------------------------------------------------

wrapping first mol.:       16.62021       23.50452       40.71102
wrapping first mol.:       16.62021       23.50452       40.71102

 NSTEP =    42500   TIME(PS) =     825.000  TEMP(K) =   299.80  PRESS =  -217.6
 Etot   =    -23540.0374  EKtot   =      5786.2603  EPtot      =    -29326.2977
 BOND   =       123.8383  ANGLE   =       387.9417  DIHED      =       652.9358
 1-4 NB =       187.3862  1-4 EEL =      2478.0802  VDWAALS    =      3620.8655
 EELEC  =    -36824.2690  EHBOND  =         0.0000  RESTRAINT  =        46.9237
 EAMBER (non-restraint)  =    -29373.2213
 EKCMT  =      2631.6483  VIRIAL  =      3080.0064  VOLUME     =     95424.3883
                                                    Density    =         1.0128
 ------------------------------------------------------------------------------

wrapping first mol.:       16.62359       23.50931       40.71932
wrapping first mol.:       16.62359       23.50931       40.71932

 NSTEP =    43000   TIME(PS) =     826.000  TEMP(K) =   296.58  PRESS =  -165.9
 Etot   =    -23542.9666  EKtot   =      5724.2520  EPtot      =    -29267.2185
 BOND   =       156.1804  ANGLE   =       392.6007  DIHED      =       654.0609
 1-4 NB =       181.1795  1-4 EEL =      2452.0561  VDWAALS    =      3667.0552
 EELEC  =    -36826.4221  EHBOND  =         0.0000  RESTRAINT  =        56.0709
 EAMBER (non-restraint)  =    -29323.2894
 EKCMT  =      2621.2289  VIRIAL  =      2963.1935  VOLUME     =     95482.3181
                                                    Density    =         1.0122
 ------------------------------------------------------------------------------

wrapping first mol.:       16.63214       23.52140       40.74025
wrapping first mol.:       16.63214       23.52140       40.74025

 NSTEP =    43500   TIME(PS) =     827.000  TEMP(K) =   304.62  PRESS =  -169.2
 Etot   =    -23460.2466  EKtot   =      5879.4302  EPtot      =    -29339.6767
 BOND   =       141.8006  ANGLE   =       415.7349  DIHED      =       658.4288
 1-4 NB =       170.9447  1-4 EEL =      2444.7943  VDWAALS    =      3738.3531
 EELEC  =    -36957.9457  EHBOND  =         0.0000  RESTRAINT  =        48.2126
 EAMBER (non-restraint)  =    -29387.8893
 EKCMT  =      2716.6444  VIRIAL  =      3066.0721  VOLUME     =     95629.6893
                                                    Density    =         1.0106
 ------------------------------------------------------------------------------

wrapping first mol.:       16.63875       23.53074       40.75644
wrapping first mol.:       16.63875       23.53074       40.75644

 NSTEP =    44000   TIME(PS) =     828.000  TEMP(K) =   300.86  PRESS =    76.6
 Etot   =    -23399.6875  EKtot   =      5806.8496  EPtot      =    -29206.5371
 BOND   =       124.1229  ANGLE   =       392.8861  DIHED      =       659.1757
 1-4 NB =       171.5738  1-4 EEL =      2451.1076  VDWAALS    =      3703.2542
 EELEC  =    -36757.9440  EHBOND  =         0.0000  RESTRAINT  =        49.2866
 EAMBER (non-restraint)  =    -29255.8238
 EKCMT  =      2639.3357  VIRIAL  =      2481.0441  VOLUME     =     95741.6036
                                                    Density    =         1.0094
 ------------------------------------------------------------------------------

wrapping first mol.:       16.65472       23.55333       40.79556
wrapping first mol.:       16.65472       23.55333       40.79556

 NSTEP =    44500   TIME(PS) =     829.000  TEMP(K) =   301.99  PRESS =   385.3
 Etot   =    -23382.2298  EKtot   =      5828.5171  EPtot      =    -29210.7469
 BOND   =       136.7556  ANGLE   =       399.9299  DIHED      =       661.3650
 1-4 NB =       184.0430  1-4 EEL =      2473.5633  VDWAALS    =      3754.4032
 EELEC  =    -36868.2178  EHBOND  =         0.0000  RESTRAINT  =        47.4108
 EAMBER (non-restraint)  =    -29258.1577
 EKCMT  =      2655.2017  VIRIAL  =      1856.3484  VOLUME     =     96014.9187
                                                    Density    =         1.0066
 ------------------------------------------------------------------------------

wrapping first mol.:       16.63752       23.52900       40.75343
wrapping first mol.:       16.63752       23.52900       40.75343

 NSTEP =    45000   TIME(PS) =     830.000  TEMP(K) =   297.24  PRESS =  -284.3
 Etot   =    -23589.0241  EKtot   =      5736.9497  EPtot      =    -29325.9738
 BOND   =       150.7405  ANGLE   =       407.5034  DIHED      =       644.5327
 1-4 NB =       176.2778  1-4 EEL =      2490.7632  VDWAALS    =      3726.1888
 EELEC  =    -36980.9189  EHBOND  =         0.0000  RESTRAINT  =        58.9389
 EAMBER (non-restraint)  =    -29384.9127
 EKCMT  =      2557.8832  VIRIAL  =      3145.5506  VOLUME     =     95723.4716
                                                    Density    =         1.0096
 ------------------------------------------------------------------------------

wrapping first mol.:       16.60906       23.48876       40.68372
wrapping first mol.:       16.60906       23.48876       40.68372

 NSTEP =    45500   TIME(PS) =     831.000  TEMP(K) =   298.65  PRESS =   239.5
 Etot   =    -23636.2657  EKtot   =      5764.0366  EPtot      =    -29400.3023
 BOND   =       142.5624  ANGLE   =       394.0909  DIHED      =       643.3041
 1-4 NB =       174.5428  1-4 EEL =      2464.6959  VDWAALS    =      3912.2521
 EELEC  =    -37192.0106  EHBOND  =         0.0000  RESTRAINT  =        60.2601
 EAMBER (non-restraint)  =    -29460.5624
 EKCMT  =      2614.6183  VIRIAL  =      2122.1195  VOLUME     =     95228.6631
                                                    Density    =         1.0149
 ------------------------------------------------------------------------------

wrapping first mol.:       16.59856       23.47391       40.65801
wrapping first mol.:       16.59856       23.47391       40.65801

 NSTEP =    46000   TIME(PS) =     832.000  TEMP(K) =   300.33  PRESS =    45.3
 Etot   =    -23406.0553  EKtot   =      5796.5435  EPtot      =    -29202.5988
 BOND   =       149.6682  ANGLE   =       410.4065  DIHED      =       670.2472
 1-4 NB =       173.5396  1-4 EEL =      2459.2031  VDWAALS    =      3691.7481
 EELEC  =    -36804.1601  EHBOND  =         0.0000  RESTRAINT  =        46.7487
 EAMBER (non-restraint)  =    -29249.3475
 EKCMT  =      2624.5352  VIRIAL  =      2531.5295  VOLUME     =     95049.8777
                                                    Density    =         1.0168
 ------------------------------------------------------------------------------

wrapping first mol.:       16.60908       23.48879       40.68377
wrapping first mol.:       16.60908       23.48879       40.68377

 NSTEP =    46500   TIME(PS) =     833.000  TEMP(K) =   302.29  PRESS =  -129.0
 Etot   =    -23335.1623  EKtot   =      5834.3945  EPtot      =    -29169.5568
 BOND   =       133.4978  ANGLE   =       417.9512  DIHED      =       663.5370
 1-4 NB =       181.1241  1-4 EEL =      2451.3323  VDWAALS    =      3607.8797
 EELEC  =    -36675.2735  EHBOND  =         0.0000  RESTRAINT  =        50.3946
 EAMBER (non-restraint)  =    -29219.9514
 EKCMT  =      2580.8722  VIRIAL  =      2846.0733  VOLUME     =     95232.1227
                                                    Density    =         1.0148
 ------------------------------------------------------------------------------

wrapping first mol.:       16.59699       23.47169       40.65416
wrapping first mol.:       16.59699       23.47169       40.65416

 NSTEP =    47000   TIME(PS) =     834.000  TEMP(K) =   301.35  PRESS =  -296.0
 Etot   =    -23517.6463  EKtot   =      5816.1787  EPtot      =    -29333.8250
 BOND   =       145.0352  ANGLE   =       405.0391  DIHED      =       661.2211
 1-4 NB =       178.0991  1-4 EEL =      2465.7655  VDWAALS    =      3618.7135
 EELEC  =    -36863.4786  EHBOND  =         0.0000  RESTRAINT  =        55.7801
 EAMBER (non-restraint)  =    -29389.6052
 EKCMT  =      2617.5074  VIRIAL  =      3224.7238  VOLUME     =     95025.7948
                                                    Density    =         1.0170
 ------------------------------------------------------------------------------

wrapping first mol.:       16.58646       23.45679       40.62835
wrapping first mol.:       16.58646       23.45679       40.62835

 NSTEP =    47500   TIME(PS) =     835.000  TEMP(K) =   301.82  PRESS =   -77.1
 Etot   =    -23509.8172  EKtot   =      5825.2158  EPtot      =    -29335.0330
 BOND   =       145.4522  ANGLE   =       408.0100  DIHED      =       651.5190
 1-4 NB =       184.0718  1-4 EEL =      2493.9194  VDWAALS    =      3650.8229
 EELEC  =    -36912.9818  EHBOND  =         0.0000  RESTRAINT  =        44.1534
 EAMBER (non-restraint)  =    -29379.1865
 EKCMT  =      2686.2008  VIRIAL  =      2844.0671  VOLUME     =     94843.0673
                                                    Density    =         1.0190
 ------------------------------------------------------------------------------

wrapping first mol.:       16.57813       23.44501       40.60795
wrapping first mol.:       16.57813       23.44501       40.60795

 NSTEP =    48000   TIME(PS) =     836.000  TEMP(K) =   300.58  PRESS =  -121.2
 Etot   =    -23604.3510  EKtot   =      5801.3623  EPtot      =    -29405.7133
 BOND   =       158.4423  ANGLE   =       418.9999  DIHED      =       653.7099
 1-4 NB =       178.8292  1-4 EEL =      2486.1581  VDWAALS    =      3707.0493
 EELEC  =    -37048.1809  EHBOND  =         0.0000  RESTRAINT  =        39.2789
 EAMBER (non-restraint)  =    -29444.9921
 EKCMT  =      2581.8482  VIRIAL  =      2829.7009  VOLUME     =     94700.6014
                                                    Density    =         1.0205
 ------------------------------------------------------------------------------

wrapping first mol.:       16.60611       23.48459       40.67650
wrapping first mol.:       16.60611       23.48459       40.67650

 NSTEP =    48500   TIME(PS) =     837.000  TEMP(K) =   300.22  PRESS =  -194.4
 Etot   =    -23488.1058  EKtot   =      5794.3945  EPtot      =    -29282.5004
 BOND   =       147.5251  ANGLE   =       383.0320  DIHED      =       656.2088
 1-4 NB =       175.1107  1-4 EEL =      2459.0983  VDWAALS    =      3637.0441
 EELEC  =    -36788.8192  EHBOND  =         0.0000  RESTRAINT  =        48.2999
 EAMBER (non-restraint)  =    -29330.8002
 EKCMT  =      2643.6925  VIRIAL  =      3043.1504  VOLUME     =     95181.6470
                                                    Density    =         1.0154
 ------------------------------------------------------------------------------

wrapping first mol.:       16.58582       23.45590       40.62680
wrapping first mol.:       16.58582       23.45590       40.62680

 NSTEP =    49000   TIME(PS) =     838.000  TEMP(K) =   306.92  PRESS =   -77.7
 Etot   =    -23396.6983  EKtot   =      5923.8037  EPtot      =    -29320.5020
 BOND   =       149.9014  ANGLE   =       390.4705  DIHED      =       663.8642
 1-4 NB =       182.2427  1-4 EEL =      2469.9955  VDWAALS    =      3625.4846
 EELEC  =    -36846.8560  EHBOND  =         0.0000  RESTRAINT  =        44.3950
 EAMBER (non-restraint)  =    -29364.8970
 EKCMT  =      2701.2917  VIRIAL  =      2860.4034  VOLUME     =     94832.2116
                                                    Density    =         1.0191
 ------------------------------------------------------------------------------

wrapping first mol.:       16.58470       23.45430       40.62404
wrapping first mol.:       16.58470       23.45430       40.62404

 NSTEP =    49500   TIME(PS) =     839.000  TEMP(K) =   302.60  PRESS =   -42.8
 Etot   =    -23509.4083  EKtot   =      5840.3057  EPtot      =    -29349.7140
 BOND   =       147.9159  ANGLE   =       427.3684  DIHED      =       657.6377
 1-4 NB =       178.1209  1-4 EEL =      2471.3478  VDWAALS    =      3733.1800
 EELEC  =    -37006.7227  EHBOND  =         0.0000  RESTRAINT  =        41.4380
 EAMBER (non-restraint)  =    -29391.1520
 EKCMT  =      2625.8873  VIRIAL  =      2713.5614  VOLUME     =     94812.5767
                                                    Density    =         1.0193
 ------------------------------------------------------------------------------

wrapping first mol.:       16.61841       23.50198       40.70663
wrapping first mol.:       16.61841       23.50198       40.70663

 NSTEP =    50000   TIME(PS) =     840.000  TEMP(K) =   301.32  PRESS =   169.8
 Etot   =    -23481.5917  EKtot   =      5815.7070  EPtot      =    -29297.2988
 BOND   =       152.9667  ANGLE   =       388.4018  DIHED      =       656.9040
 1-4 NB =       176.2679  1-4 EEL =      2473.2537  VDWAALS    =      3832.3081
 EELEC  =    -37025.1737  EHBOND  =         0.0000  RESTRAINT  =        47.7727
 EAMBER (non-restraint)  =    -29345.0715
 EKCMT  =      2623.6244  VIRIAL  =      2273.9174  VOLUME     =     95390.1962
                                                    Density    =         1.0131
 ------------------------------------------------------------------------------


      A V E R A G E S   O V E R     100 S T E P S


 NSTEP =    50000   TIME(PS) =     840.000  TEMP(K) =   299.96  PRESS =     3.6
 Etot   =    -23485.5622  EKtot   =      5789.4410  EPtot      =    -29275.0032
 BOND   =       148.6717  ANGLE   =       403.0582  DIHED      =       655.2596
 1-4 NB =       177.2506  1-4 EEL =      2460.7010  VDWAALS    =      3726.2528
 EELEC  =    -36896.5136  EHBOND  =         0.0000  RESTRAINT  =        50.3166
 EAMBER (non-restraint)  =    -29325.3198
 EKCMT  =      2613.4046  VIRIAL  =      2605.8196  VOLUME     =     95272.0013
                                                    Density    =         1.0144
 ------------------------------------------------------------------------------


      R M S  F L U C T U A T I O N S


 NSTEP =    50000   TIME(PS) =     840.000  TEMP(K) =     2.94  PRESS =   221.0
 Etot   =       105.8301  EKtot   =        56.6652  EPtot      =        84.8416
 BOND   =        11.0857  ANGLE   =        15.3966  DIHED      =         7.2904
 1-4 NB =         5.9359  1-4 EEL =        13.4884  VDWAALS    =        74.4557
 EELEC  =       116.2139  EHBOND  =         0.0000  RESTRAINT  =         4.4614
 EAMBER (non-restraint)  =        80.3802
 EKCMT  =        40.4922  VIRIAL  =       457.3946  VOLUME     =       304.4221
                                                    Density    =         0.0032
 ------------------------------------------------------------------------------

--------------------------------------------------------------------------------
   5.  TIMINGS
--------------------------------------------------------------------------------

|  NonSetup CPU Time in Major Routines:
|
|     Routine           Sec        %
|     ------------------------------
|     Nonbond          55.31   88.44
|     Bond              0.00    0.00
|     Angle             0.00    0.00
|     Dihedral          0.00    0.00
|     Shake             0.22    0.35
|     RunMD             6.98   11.16
|     Other             0.03    0.04
|     ------------------------------
|     Total            62.54

|  PME Nonbond Pairlist CPU Time:
|
|     Routine              Sec        %
|     ---------------------------------
|     Set Up Cit           0.00    0.00
|     Build List           0.00    0.00
|     ---------------------------------
|     Total                0.00    0.00

|  PME Direct Force CPU Time:
|
|     Routine              Sec        %
|     ---------------------------------
|     NonBonded Calc       0.00    0.00
|     Exclude Masked       0.00    0.00
|     Other                0.02    0.03
|     ---------------------------------
|     Total                0.02    0.03

|  PME Reciprocal Force CPU Time:
|
|     Routine              Sec        %
|     ---------------------------------
|     1D bspline           0.00    0.00
|     Grid Charges         0.00    0.00
|     Scalar Sum           0.00    0.00
|     Gradient Sum         0.00    0.00
|     FFT                  0.00    0.00
|     ---------------------------------
|     Total                0.00    0.00

|  Final Performance Info:
|     -----------------------------------------------------
|     Average timings for last    1500 steps:
|     Elapsed(s) =       1.88 Per Step(ms) =       1.25
|         ns/day =     137.95   seconds/ns =     626.31
|
|     Average timings for all steps:
|     Elapsed(s) =      62.54 Per Step(ms) =       1.25
|         ns/day =     138.15   seconds/ns =     625.42
|     -----------------------------------------------------

|  Setup CPU time:            0.38 seconds
|  NonSetup CPU time:        62.54 seconds
|  Total CPU time:           62.92 seconds     0.02 hours

|  Setup wall time:           1    seconds
|  NonSetup wall time:       62    seconds
|  Total wall time:          63    seconds     0.02 hours
