
          -------------------------------------------------------
          Amber 16 PMEMD                              2016
          -------------------------------------------------------

| PMEMD implementation of SANDER, Release 16

| Run on 06/19/2017 at 23:40:50

|   Executable path: pmemd
| Working directory: /home/german/alex/run/3rm/mhe/m
|          Hostname: Unknown
  [-O]verwriting output

File Assignments:
|   MDIN: min.in                                                                
|  MDOUT: min.out                                                               
| INPCRD: 3rm.rst7                                                              
|   PARM: /home/german/alex/top_files/3rm.prmtop                                
| RESTRT: m3rm.rst7                                                             
|   REFC: 3rm.rst7                                                              
|  MDVEL: mdvel                                                                 
|   MDEN: mden                                                                  
|  MDCRD: m3rm.crd                                                              
| MDINFO: mdinfo                                                                
|  MDFRC: mdfrc                                                                 


 Here is the input file:

Minimization with Cartesian restraints                                         
&cntrl                                                                         
imin=1,                                                                        
ntmin=1,                                ! Steepest Descent, then Conjugate Grad
ncyc=100,                               ! 100 steps of Steepest Descent        
maxcyc=500,                             ! 400 steps of Conjugate Gradient      
ntpr=5,                                                                        
ntr=1,                                  ! Use restraints                       
restraint_wt=100.0,                     ! 100 Kcal/mol                         
restraintmask=':1-49',                 ! Apply restraints on whole molecule. Mi
&end                                                                           


Note: ig = -1. Setting random seed to   212530 based on wallclock time in 
      microseconds.
 
 
| Conditional Compilation Defines Used:
| PUBFFT
| BINTRAJ
| EMIL

| Largest sphere to fit in unit cell has radius =    23.037

| New format PARM file being parsed.
| Version =    1.000 Date = 06/17/17 Time = 14:32:14

| Note: 1-4 EEL scale factors are being read from the topology file.

| Note: 1-4 VDW scale factors are being read from the topology file.
| Duplicated    0 dihedrals

| Duplicated    0 dihedrals

--------------------------------------------------------------------------------
   1.  RESOURCE   USE: 
--------------------------------------------------------------------------------

 getting new box info from bottom of inpcrd
 NATOM  =   11635 NTYPES =      17 NBONH =   11238 MBONA  =     402
 NTHETH =     874 MTHETA =     539 NPHIH =    1768 MPHIA  =    1688
 NHPARM =       0 NPARM  =       0 NNB   =   18755 NRES   =    3670
 NBONA  =     402 NTHETA =     539 NPHIA =    1688 NUMBND =      69
 NUMANG =     154 NPTRA  =     196 NATYP =      37 NPHB   =       1
 IFBOX  =       2 NMXRS  =      25 IFCAP =       0 NEXTRA =       0
 NCOPY  =       0

| Coordinate Index Table dimensions:    11   11   11
| Direct force subcell size =     5.1299    5.1299    5.1299

     BOX TYPE: TRUNCATED OCTAHEDRON

--------------------------------------------------------------------------------
   2.  CONTROL  DATA  FOR  THE  RUN
--------------------------------------------------------------------------------

default_name                                                                    

General flags:
     imin    =       1, nmropt  =       0

Nature and format of input:
     ntx     =       1, irest   =       0, ntrx    =       1

Nature and format of output:
     ntxo    =       2, ntpr    =       5, ntrx    =       1, ntwr    =       1
     iwrap   =       0, ntwx    =       0, ntwv    =       0, ntwe    =       0
     ioutfm  =       1, ntwprt  =       0, idecomp =       0, rbornstat=      0

Potential function:
     ntf     =       1, ntb     =       1, igb     =       0, nsnb    =      25
     ipol    =       0, gbsa    =       0, iesp    =       0
     dielc   =   1.00000, cut     =   8.00000, intdiel =   1.00000

Frozen or restrained atoms:
     ibelly  =       0, ntr     =       1
     restraint_wt = 100.00000

Energy minimization:
     maxcyc  =     500, ncyc    =     100, ntmin   =       1
     dx0     =   0.01000, drms    =   0.00010

| Intermolecular bonds treatment:
|     no_intermolecular_bonds =       1

| Energy averages sample interval:
|     ene_avg_sampling =       1

Ewald parameters:
     verbose =       0, ew_type =       0, nbflag  =       1, use_pme =       1
     vdwmeth =       1, eedmeth =       1, netfrc  =       0
     Box X =   56.429   Box Y =   56.429   Box Z =   56.429
     Alpha =  109.471   Beta  =  109.471   Gamma =  109.471
     NFFT1 =   60       NFFT2 =   60       NFFT3 =   60
     Cutoff=    8.000   Tol   =0.100E-04
     Ewald Coefficient =  0.34864
     Interpolation order =    4

    LOADING THE CONSTRAINED ATOMS AS GROUPS


   5.  REFERENCE ATOM COORDINATES

  default_name                                                                    
     Mask :1-49; matches   778 atoms

--------------------------------------------------------------------------------
   3.  ATOMIC COORDINATES AND VELOCITIES
--------------------------------------------------------------------------------

default_name                                                                    
 begin time read from input coords =     0.000 ps

 
 Number of triangulated 3-point waters found:     3618

     Sum of charges from parm topology file =  -0.00000003
     Forcing neutrality...

| Dynamic Memory, Types Used:
| Reals              427897
| Integers           334663

| Nonbonded Pairs Initial Allocation:     1943335

--------------------------------------------------------------------------------
   4.  RESULTS
--------------------------------------------------------------------------------

 ---------------------------------------------------
 APPROXIMATING switch and d/dx switch using CUBIC SPLINE INTERPOLATION
 using   5000.0 points per unit in tabled values
 TESTING RELATIVE ERROR over r ranging from 0.0 to cutoff
| CHECK switch(x): max rel err =   0.2738E-14   at   2.422500
| CHECK d/dx switch(x): max rel err =   0.8332E-11   at   2.782960
 ---------------------------------------------------
|---------------------------------------------------
| APPROXIMATING direct energy using CUBIC SPLINE INTERPOLATION
|  with   50.0 points per unit in tabled values
| Relative Error Limit not exceeded for r .gt.   2.47
| APPROXIMATING direct force using CUBIC SPLINE INTERPOLATION
|  with   50.0 points per unit in tabled values
| Relative Error Limit not exceeded for r .gt.   2.89
|---------------------------------------------------


   NSTEP       ENERGY          RMS            GMAX         NAME    NUMBER
      1      -3.0450E+04     1.5111E+01     5.8703E+02     O        4460

 BOND    =       66.4957  ANGLE   =      121.2334  DIHED      =      549.9568
 VDWAALS =     3913.6379  EEL     =   -37915.8595  HBOND      =        0.0000
 1-4 VDW =      237.8300  1-4 EEL =     2577.0866  RESTRAINT  =        0.0000


   NSTEP       ENERGY          RMS            GMAX         NAME    NUMBER
      5      -3.0625E+04     1.4012E+01     4.8282E+02     O        4460

 BOND    =       65.7774  ANGLE   =      119.8919  DIHED      =      549.8427
 VDWAALS =     3849.3147  EEL     =   -38023.7521  HBOND      =        0.0000
 1-4 VDW =      237.4305  1-4 EEL =     2576.8209  RESTRAINT  =        0.0162
 EAMBER  =   -30624.6739


   NSTEP       ENERGY          RMS            GMAX         NAME    NUMBER
     10      -3.1066E+04     1.1626E+01     3.0467E+02     O        4460

 BOND    =       95.9337  ANGLE   =      116.0706  DIHED      =      549.5149
 VDWAALS =     3708.9469  EEL     =   -38348.4477  HBOND      =        0.0000
 1-4 VDW =      236.2192  1-4 EEL =     2575.9911  RESTRAINT  =        0.2589
 EAMBER  =   -31065.7713


   NSTEP       ENERGY          RMS            GMAX         NAME    NUMBER
     15      -3.1894E+04     8.0276E+00     1.4225E+02     O        4460

 BOND    =      328.1627  ANGLE   =      107.3862  DIHED      =      548.8080
 VDWAALS =     3500.3925  EEL     =   -39187.8458  HBOND      =        0.0000
 1-4 VDW =      233.0199  1-4 EEL =     2573.5701  RESTRAINT  =        2.1913
 EAMBER  =   -31896.5063


   NSTEP       ENERGY          RMS            GMAX         NAME    NUMBER
     20      -3.3132E+04     4.1772E+00     6.6436E+01     O        4460

 BOND    =     1137.8339  ANGLE   =       92.0380  DIHED      =      548.4640
 VDWAALS =     3266.7089  EEL     =   -40981.5054  HBOND      =        0.0000
 1-4 VDW =      225.7956  1-4 EEL =     2565.7338  RESTRAINT  =       12.7395
 EAMBER  =   -33144.9312


   NSTEP       ENERGY          RMS            GMAX         NAME    NUMBER
     25      -3.4737E+04     2.4766E+00     1.6868E+01     O        4460

 BOND    =     1804.1949  ANGLE   =       81.8887  DIHED      =      549.3770
 VDWAALS =     3119.6709  EEL     =   -43097.5333  HBOND      =        0.0000
 1-4 VDW =      216.5986  1-4 EEL =     2549.1566  RESTRAINT  =       39.4655
 EAMBER  =   -34776.6467


   NSTEP       ENERGY          RMS            GMAX         NAME    NUMBER
     30      -3.5490E+04     8.7976E+00     6.9437E+01     CZ        397

 BOND    =     1592.0588  ANGLE   =       82.5669  DIHED      =      549.2057
 VDWAALS =     3141.8072  EEL     =   -43664.1157  HBOND      =        0.0000
 1-4 VDW =      214.0907  1-4 EEL =     2549.0956  RESTRAINT  =       45.0562
 EAMBER  =   -35535.2907


   NSTEP       ENERGY          RMS            GMAX         NAME    NUMBER
     35      -3.5927E+04     8.2730E+00     6.9196E+01     CZ        397

 BOND    =     1606.4447  ANGLE   =       82.6095  DIHED      =      549.1685
 VDWAALS =     3163.9978  EEL     =   -44137.0699  HBOND      =        0.0000
 1-4 VDW =      214.0859  1-4 EEL =     2549.0388  RESTRAINT  =       45.1640
 EAMBER  =   -35971.7248


   NSTEP       ENERGY          RMS            GMAX         NAME    NUMBER
     40      -3.6611E+04     3.1531E+00     1.5420E+01     Cl-       781

 BOND    =     2267.2585  ANGLE   =       81.3485  DIHED      =      549.0734
 VDWAALS =     3178.3209  EEL     =   -45493.2450  HBOND      =        0.0000
 1-4 VDW =      215.0009  1-4 EEL =     2546.0341  RESTRAINT  =       45.4453
 EAMBER  =   -36656.2089


   NSTEP       ENERGY          RMS            GMAX         NAME    NUMBER
     45      -3.6930E+04     2.2436E+00     1.5588E+01     Cl-       781

 BOND    =     2183.2211  ANGLE   =       81.0931  DIHED      =      549.0401
 VDWAALS =     3204.9805  EEL     =   -45754.9468  HBOND      =        0.0000
 1-4 VDW =      214.8811  1-4 EEL =     2546.2976  RESTRAINT  =       45.3094
 EAMBER  =   -36975.4332


   NSTEP       ENERGY          RMS            GMAX         NAME    NUMBER
     50      -3.7155E+04     3.7893E+00     1.5841E+01     Cl-       781

 BOND    =     2428.3895  ANGLE   =       81.2486  DIHED      =      549.0094
 VDWAALS =     3233.1351  EEL     =   -46253.5018  HBOND      =        0.0000
 1-4 VDW =      214.8926  1-4 EEL =     2546.1977  RESTRAINT  =       45.3421
 EAMBER  =   -37200.6289


   NSTEP       ENERGY          RMS            GMAX         NAME    NUMBER
     55      -3.7388E+04     4.1296E+00     1.6158E+01     Cl-       781

 BOND    =     2507.1904  ANGLE   =       81.2046  DIHED      =      548.9833
 VDWAALS =     3265.0404  EEL     =   -46596.9807  HBOND      =        0.0000
 1-4 VDW =      214.8339  1-4 EEL =     2546.3276  RESTRAINT  =       45.2612
 EAMBER  =   -37433.4006


   NSTEP       ENERGY          RMS            GMAX         NAME    NUMBER
     60      -3.7588E+04     3.9835E+00     1.6458E+01     Cl-       781

 BOND    =     2510.8508  ANGLE   =       81.1313  DIHED      =      548.9670
 VDWAALS =     3294.2137  EEL     =   -46830.0082  HBOND      =        0.0000
 1-4 VDW =      214.8220  1-4 EEL =     2546.3797  RESTRAINT  =       45.1992
 EAMBER  =   -37633.6437


   NSTEP       ENERGY          RMS            GMAX         NAME    NUMBER
     65      -3.7845E+04     1.2345E+00     1.6770E+01     Cl-       781

 BOND    =     2066.7316  ANGLE   =       80.7804  DIHED      =      548.9605
 VDWAALS =     3327.5510  EEL     =   -46675.5006  HBOND      =        0.0000
 1-4 VDW =      214.8049  1-4 EEL =     2546.5727  RESTRAINT  =       45.0264
 EAMBER  =   -37890.0996


   NSTEP       ENERGY          RMS            GMAX         NAME    NUMBER
     70      -3.7931E+04     4.3982E+00     1.7122E+01     Cl-       781

 BOND    =     2614.9882  ANGLE   =       81.0785  DIHED      =      548.9330
 VDWAALS =     3358.7036  EEL     =   -47341.4381  HBOND      =        0.0000
 1-4 VDW =      214.7818  1-4 EEL =     2546.4873  RESTRAINT  =       45.1095
 EAMBER  =   -37976.4657


   NSTEP       ENERGY          RMS            GMAX         NAME    NUMBER
     75      -3.8087E+04     4.5950E+00     1.7445E+01     Cl-       781

 BOND    =     2664.4292  ANGLE   =       81.0806  DIHED      =      548.9161
 VDWAALS =     3393.0662  EEL     =   -47580.7208  HBOND      =        0.0000
 1-4 VDW =      214.7603  1-4 EEL =     2546.5321  RESTRAINT  =       45.0817
 EAMBER  =   -38131.9365


   NSTEP       ENERGY          RMS            GMAX         NAME    NUMBER
     80      -3.8334E+04     1.5190E+00     1.7701E+01     Cl-       781

 BOND    =     2060.1048  ANGLE   =       80.7044  DIHED      =      548.9212
 VDWAALS =     3429.2974  EEL     =   -47259.4257  HBOND      =        0.0000
 1-4 VDW =      214.7947  1-4 EEL =     2546.6407  RESTRAINT  =       44.9224
 EAMBER  =   -38378.9625


   NSTEP       ENERGY          RMS            GMAX         NAME    NUMBER
     85      -3.8455E+04     1.0400E+00     1.7860E+01     Cl-       781

 BOND    =     2143.1042  ANGLE   =       80.7579  DIHED      =      548.9075
 VDWAALS =     3456.6229  EEL     =   -47490.5193  HBOND      =        0.0000
 1-4 VDW =      214.7793  1-4 EEL =     2546.6466  RESTRAINT  =       44.9258
 EAMBER  =   -38499.7009


   NSTEP       ENERGY          RMS            GMAX         NAME    NUMBER
     90      -3.8593E+04     1.0321E+00     1.7914E+01     Cl-       781

 BOND    =     2152.1018  ANGLE   =       80.7475  DIHED      =      548.8959
 VDWAALS =     3492.6273  EEL     =   -47673.8997  HBOND      =        0.0000
 1-4 VDW =      214.7752  1-4 EEL =     2546.6654  RESTRAINT  =       44.9059
 EAMBER  =   -38638.0867


   NSTEP       ENERGY          RMS            GMAX         NAME    NUMBER
     95      -3.8714E+04     2.1602E+00     1.7688E+01     Cl-       781

 BOND    =     2039.8439  ANGLE   =       80.6543  DIHED      =      548.8915
 VDWAALS =     3532.4387  EEL     =   -47722.4409  HBOND      =        0.0000
 1-4 VDW =      214.7923  1-4 EEL =     2546.6975  RESTRAINT  =       44.8567
 EAMBER  =   -38759.1228


   NSTEP       ENERGY          RMS            GMAX         NAME    NUMBER
    100      -3.8838E+04     1.2809E+00     1.7183E+01     Cl-       781

 BOND    =     2134.2349  ANGLE   =       80.7099  DIHED      =      548.8771
 VDWAALS =     3564.1282  EEL     =   -47972.3513  HBOND      =        0.0000
 1-4 VDW =      214.7745  1-4 EEL =     2546.7057  RESTRAINT  =       44.8649
 EAMBER  =   -38882.9209


   NSTEP       ENERGY          RMS            GMAX         NAME    NUMBER
    105      -3.8896E+04     9.4519E-01     1.6766E+01     Cl-       781

 BOND    =     2192.8985  ANGLE   =       80.7557  DIHED      =      548.8686
 VDWAALS =     3580.8157  EEL     =   -48106.0987  HBOND      =        0.0000
 1-4 VDW =      214.7617  1-4 EEL =     2546.7096  RESTRAINT  =       44.8747
 EAMBER  =   -38941.2888


   NSTEP       ENERGY          RMS            GMAX         NAME    NUMBER
    110      -3.9863E+04     6.3668E+00     6.3964E+02     Cl-       781

 BOND    =     2959.5562  ANGLE   =       82.6660  DIHED      =      548.7680
 VDWAALS =     4371.8484  EEL     =   -50633.3983  HBOND      =        0.0000
 1-4 VDW =      214.6315  1-4 EEL =     2547.0783  RESTRAINT  =       45.7111
 EAMBER  =   -39908.8499


   NSTEP       ENERGY          RMS            GMAX         NAME    NUMBER
    115      -4.0264E+04     1.3891E+00     7.2786E+01     HZ2       216

 BOND    =     2526.0627  ANGLE   =       83.3211  DIHED      =      548.8140
 VDWAALS =     4468.6676  EEL     =   -50706.5134  HBOND      =        0.0000
 1-4 VDW =      214.8370  1-4 EEL =     2547.5287  RESTRAINT  =       53.6430
 EAMBER  =   -40317.2825


   NSTEP       ENERGY          RMS            GMAX         NAME    NUMBER
    120      -4.0550E+04     4.0947E+00     1.9837E+02     HZ2       216

 BOND    =     2725.1073  ANGLE   =      102.1229  DIHED      =      549.0842
 VDWAALS =     4760.3216  EEL     =   -51518.7863  HBOND      =        0.0000
 1-4 VDW =      215.0209  1-4 EEL =     2546.2005  RESTRAINT  =       71.0536
 EAMBER  =   -40620.9289


   NSTEP       ENERGY          RMS            GMAX         NAME    NUMBER
    125      -4.0907E+04     1.2606E+00     5.6873E+01     HZ2       216

 BOND    =     2618.8100  ANGLE   =       86.7717  DIHED      =      548.7578
 VDWAALS =     5066.2918  EEL     =   -52043.9787  HBOND      =        0.0000
 1-4 VDW =      214.8387  1-4 EEL =     2546.8319  RESTRAINT  =       55.1260
 EAMBER  =   -40961.6768


   NSTEP       ENERGY          RMS            GMAX         NAME    NUMBER
    130      -4.0909E+04     1.2226E+00     5.6541E+01     HZ2       216

 BOND    =     2620.1151  ANGLE   =       86.5871  DIHED      =      548.7534
 VDWAALS =     5066.1499  EEL     =   -52046.6737  HBOND      =        0.0000
 1-4 VDW =      214.8418  1-4 EEL =     2546.8335  RESTRAINT  =       54.8426
 EAMBER  =   -40963.3929


   NSTEP       ENERGY          RMS            GMAX         NAME    NUMBER
    135      -4.1038E+04     2.1387E+00     7.0767E+01     CG        469

 BOND    =     2702.1470  ANGLE   =       88.3445  DIHED      =      548.7269
 VDWAALS =     5051.4100  EEL     =   -52245.8581  HBOND      =        0.0000
 1-4 VDW =      214.5725  1-4 EEL =     2547.8373  RESTRAINT  =       54.8491
 EAMBER  =   -41092.8200


   NSTEP       ENERGY          RMS            GMAX         NAME    NUMBER
    140      -4.1174E+04     1.8642E+00     1.3204E+02     HZ2       216

 BOND    =     2638.7364  ANGLE   =       92.5471  DIHED      =      548.9532
 VDWAALS =     5061.7850  EEL     =   -52354.4848  HBOND      =        0.0000
 1-4 VDW =      214.2665  1-4 EEL =     2548.9337  RESTRAINT  =       75.3000
 EAMBER  =   -41249.2629


   NSTEP       ENERGY          RMS            GMAX         NAME    NUMBER
    145      -4.1398E+04     1.6397E+00     5.6285E+01     CD        208

 BOND    =     2589.5986  ANGLE   =       84.3998  DIHED      =      548.6115
 VDWAALS =     5121.9128  EEL     =   -52557.2959  HBOND      =        0.0000
 1-4 VDW =      214.7339  1-4 EEL =     2546.8884  RESTRAINT  =       53.1134
 EAMBER  =   -41451.1508


   NSTEP       ENERGY          RMS            GMAX         NAME    NUMBER
    150      -4.1528E+04     1.9216E+00     8.7804E+01     CD        208

 BOND    =     2650.4075  ANGLE   =       85.3814  DIHED      =      548.7048
 VDWAALS =     5186.3150  EEL     =   -52809.3496  HBOND      =        0.0000
 1-4 VDW =      214.6416  1-4 EEL =     2546.8301  RESTRAINT  =       48.9615
 EAMBER  =   -41577.0692


   NSTEP       ENERGY          RMS            GMAX         NAME    NUMBER
    155      -4.1532E+04     1.8224E+00     8.2864E+01     CD        208

 BOND    =     2651.5528  ANGLE   =       85.1521  DIHED      =      548.6978
 VDWAALS =     5186.1432  EEL     =   -52813.5388  HBOND      =        0.0000
 1-4 VDW =      214.6351  1-4 EEL =     2546.8352  RESTRAINT  =       48.7743
 EAMBER  =   -41580.5225


   NSTEP       ENERGY          RMS            GMAX         NAME    NUMBER
    160      -4.1633E+04     1.3412E+00     5.5303E+01     CE        211

 BOND    =     2631.4803  ANGLE   =       86.5269  DIHED      =      548.8730
 VDWAALS =     5180.1374  EEL     =   -52889.9744  HBOND      =        0.0000
 1-4 VDW =      214.9589  1-4 EEL =     2547.0434  RESTRAINT  =       47.4968
 EAMBER  =   -41680.9544


   NSTEP       ENERGY          RMS            GMAX         NAME    NUMBER
    165      -4.1754E+04     1.3452E+00     6.5397E+01     HE3       213

 BOND    =     2686.0678  ANGLE   =       91.7914  DIHED      =      548.9766
 VDWAALS =     5209.7717  EEL     =   -53110.9945  HBOND      =        0.0000
 1-4 VDW =      214.8862  1-4 EEL =     2547.5701  RESTRAINT  =       57.5840
 EAMBER  =   -41811.9308


   NSTEP       ENERGY          RMS            GMAX         NAME    NUMBER
    170      -4.1855E+04     1.5018E+00     4.5763E+01     HZ3       217

 BOND    =     2694.8346  ANGLE   =       83.1639  DIHED      =      549.1223
 VDWAALS =     5325.9023  EEL     =   -53317.1215  HBOND      =        0.0000
 1-4 VDW =      214.7282  1-4 EEL =     2547.1947  RESTRAINT  =       46.7366
 EAMBER  =   -41902.1755


   NSTEP       ENERGY          RMS            GMAX         NAME    NUMBER
    175      -4.1946E+04     1.8086E+00     6.6635E+01     CG         54

 BOND    =     2754.8476  ANGLE   =       93.9721  DIHED      =      548.6961
 VDWAALS =     5494.3843  EEL     =   -53655.8365  HBOND      =        0.0000
 1-4 VDW =      215.0913  1-4 EEL =     2546.5728  RESTRAINT  =       56.5795
 EAMBER  =   -42002.2724


   NSTEP       ENERGY          RMS            GMAX         NAME    NUMBER
    180      -4.1949E+04     1.7088E+00     6.2621E+01     HZ3       217

 BOND    =     2753.1968  ANGLE   =       93.3394  DIHED      =      548.6841
 VDWAALS =     5494.4553  EEL     =   -53656.5355  HBOND      =        0.0000
 1-4 VDW =      215.0893  1-4 EEL =     2546.5841  RESTRAINT  =       56.1224
 EAMBER  =   -42005.1864


   NSTEP       ENERGY          RMS            GMAX         NAME    NUMBER
    185      -4.2024E+04     1.1430E+00     4.4375E+01     CG         54

 BOND    =     2738.3707  ANGLE   =       82.7374  DIHED      =      548.9225
 VDWAALS =     5500.8980  EEL     =   -53702.5254  HBOND      =        0.0000
 1-4 VDW =      214.3956  1-4 EEL =     2547.3293  RESTRAINT  =       46.3226
 EAMBER  =   -42069.8718


   NSTEP       ENERGY          RMS            GMAX         NAME    NUMBER
    190      -4.2098E+04     1.2807E+00     6.0128E+01     HZ2       216

 BOND    =     2772.5270  ANGLE   =       87.5572  DIHED      =      548.8769
 VDWAALS =     5535.9192  EEL     =   -53858.1982  HBOND      =        0.0000
 1-4 VDW =      214.5722  1-4 EEL =     2547.6814  RESTRAINT  =       53.3260
 EAMBER  =   -42151.0644


   NSTEP       ENERGY          RMS            GMAX         NAME    NUMBER
    195      -4.2181E+04     1.5031E+00     7.0551E+01     CE        211

 BOND    =     2762.3198  ANGLE   =       84.7241  DIHED      =      548.7035
 VDWAALS =     5633.9557  EEL     =   -54020.0042  HBOND      =        0.0000
 1-4 VDW =      214.6105  1-4 EEL =     2547.1738  RESTRAINT  =       47.0218
 EAMBER  =   -42228.5168


   NSTEP       ENERGY          RMS            GMAX         NAME    NUMBER
    200      -4.2237E+04     1.4042E+00     9.5655E+01     C         776

 BOND    =     2787.7950  ANGLE   =       87.2529  DIHED      =      548.9861
 VDWAALS =     5692.6829  EEL     =   -54167.7206  HBOND      =        0.0000
 1-4 VDW =      214.6975  1-4 EEL =     2546.8336  RESTRAINT  =       52.5648
 EAMBER  =   -42289.4726


   NSTEP       ENERGY          RMS            GMAX         NAME    NUMBER
    205      -4.2239E+04     1.3082E+00     8.2767E+01     C         776

 BOND    =     2786.9512  ANGLE   =       86.9365  DIHED      =      548.9641
 VDWAALS =     5692.6466  EEL     =   -54168.6228  HBOND      =        0.0000
 1-4 VDW =      214.6852  1-4 EEL =     2546.8274  RESTRAINT  =       52.2809
 EAMBER  =   -42291.6117


   NSTEP       ENERGY          RMS            GMAX         NAME    NUMBER
    210      -4.2301E+04     1.1553E+00     4.9246E+01     CE        211

 BOND    =     2784.5869  ANGLE   =       84.1999  DIHED      =      548.5658
 VDWAALS =     5690.3540  EEL     =   -54217.7459  HBOND      =        0.0000
 1-4 VDW =      214.9307  1-4 EEL =     2547.1101  RESTRAINT  =       46.5751
 EAMBER  =   -42347.9985


   NSTEP       ENERGY          RMS            GMAX         NAME    NUMBER
    215      -4.2353E+04     1.1554E+00     6.0841E+01     HZ2       216

 BOND    =     2804.4696  ANGLE   =       87.1216  DIHED      =      548.7482
 VDWAALS =     5703.9105  EEL     =   -54312.5615  HBOND      =        0.0000
 1-4 VDW =      214.6208  1-4 EEL =     2547.8871  RESTRAINT  =       52.6023
 EAMBER  =   -42405.8037


   NSTEP       ENERGY          RMS            GMAX         NAME    NUMBER
    220      -4.2431E+04     1.2456E+00     4.8296E+01     CG        361

 BOND    =     2806.7038  ANGLE   =       82.6090  DIHED      =      548.7556
 VDWAALS =     5794.3239  EEL     =   -54471.2266  HBOND      =        0.0000
 1-4 VDW =      214.8281  1-4 EEL =     2546.8752  RESTRAINT  =       46.2610
 EAMBER  =   -42477.1310


   NSTEP       ENERGY          RMS            GMAX         NAME    NUMBER
    225      -4.2476E+04     1.5086E+00     5.8777E+01     HZ3       217

 BOND    =     2837.7699  ANGLE   =       89.5544  DIHED      =      548.5547
 VDWAALS =     5872.3989  EEL     =   -54638.2355  HBOND      =        0.0000
 1-4 VDW =      214.9669  1-4 EEL =     2547.0673  RESTRAINT  =       51.6169
 EAMBER  =   -42527.9234


   NSTEP       ENERGY          RMS            GMAX         NAME    NUMBER
    230      -4.2479E+04     1.3961E+00     5.6209E+01     HZ3       217

 BOND    =     2835.8685  ANGLE   =       89.0398  DIHED      =      548.5465
 VDWAALS =     5872.3717  EEL     =   -54638.3449  HBOND      =        0.0000
 1-4 VDW =      214.9665  1-4 EEL =     2547.0466  RESTRAINT  =       51.2463
 EAMBER  =   -42530.5052


   NSTEP       ENERGY          RMS            GMAX         NAME    NUMBER
    235      -4.2534E+04     1.2023E+00     4.7893E+01     CG        361

 BOND    =     2841.6906  ANGLE   =       83.8672  DIHED      =      549.0458
 VDWAALS =     5879.8313  EEL     =   -54697.3059  HBOND      =        0.0000
 1-4 VDW =      214.4645  1-4 EEL =     2547.3197  RESTRAINT  =       47.2674
 EAMBER  =   -42581.0869


   NSTEP       ENERGY          RMS            GMAX         NAME    NUMBER
    240      -4.2589E+04     1.0954E+00     5.6884E+01     HZ2       216

 BOND    =     2863.5599  ANGLE   =       84.1980  DIHED      =      548.6628
 VDWAALS =     5922.7035  EEL     =   -54818.9633  HBOND      =        0.0000
 1-4 VDW =      214.5573  1-4 EEL =     2547.8375  RESTRAINT  =       48.8442
 EAMBER  =   -42637.4443


   NSTEP       ENERGY          RMS            GMAX         NAME    NUMBER
    245      -4.2641E+04     9.4802E-01     5.0361E+01     CE        211

 BOND    =     2852.5386  ANGLE   =       84.1136  DIHED      =      548.5668
 VDWAALS =     5993.9524  EEL     =   -54927.6749  HBOND      =        0.0000
 1-4 VDW =      214.9163  1-4 EEL =     2546.8010  RESTRAINT  =       45.7552
 EAMBER  =   -42686.7862


   NSTEP       ENERGY          RMS            GMAX         NAME    NUMBER
    250      -4.2685E+04     1.2561E+00     6.2484E+01     HZ2       216

 BOND    =     2879.9142  ANGLE   =       88.8558  DIHED      =      549.2224
 VDWAALS =     6062.6344  EEL     =   -55083.2422  HBOND      =        0.0000
 1-4 VDW =      214.7785  1-4 EEL =     2546.8612  RESTRAINT  =       56.1825
 EAMBER  =   -42740.9757


   NSTEP       ENERGY          RMS            GMAX         NAME    NUMBER
    255      -4.2687E+04     1.1752E+00     6.1230E+01     HZ2       216

 BOND    =     2878.4026  ANGLE   =       88.4897  DIHED      =      549.1829
 VDWAALS =     6062.5665  EEL     =   -55083.1045  HBOND      =        0.0000
 1-4 VDW =      214.7748  1-4 EEL =     2546.8645  RESTRAINT  =       55.7749
 EAMBER  =   -42742.8235


   NSTEP       ENERGY          RMS            GMAX         NAME    NUMBER
    260      -4.2738E+04     8.5608E-01     3.6958E+01     CG        361

 BOND    =     2879.1750  ANGLE   =       82.8196  DIHED      =      548.5137
 VDWAALS =     6060.6324  EEL     =   -55116.0614  HBOND      =        0.0000
 1-4 VDW =      214.9358  1-4 EEL =     2547.1105  RESTRAINT  =       45.1983
 EAMBER  =   -42782.8744


   NSTEP       ENERGY          RMS            GMAX         NAME    NUMBER
    265      -4.2766E+04     9.6792E-01     5.6227E+01     HZ2       216

 BOND    =     2887.3564  ANGLE   =       84.2749  DIHED      =      548.7141
 VDWAALS =     6068.0515  EEL     =   -55166.4329  HBOND      =        0.0000
 1-4 VDW =      214.6590  1-4 EEL =     2547.8838  RESTRAINT  =       49.1718
 EAMBER  =   -42815.4933


   NSTEP       ENERGY          RMS            GMAX         NAME    NUMBER
    270      -4.2835E+04     1.2828E+00     7.2637E+01     CG        361

 BOND    =     2908.0762  ANGLE   =       83.1792  DIHED      =      548.7216
 VDWAALS =     6149.0794  EEL     =   -55332.5545  HBOND      =        0.0000
 1-4 VDW =      214.9792  1-4 EEL =     2546.9064  RESTRAINT  =       47.0631
 EAMBER  =   -42881.6125


   NSTEP       ENERGY          RMS            GMAX         NAME    NUMBER
    275      -4.2870E+04     1.3573E+00     5.5367E+01     CG         54

 BOND    =     2906.9147  ANGLE   =       88.4117  DIHED      =      548.5049
 VDWAALS =     6200.8271  EEL     =   -55427.1273  HBOND      =        0.0000
 1-4 VDW =      214.9083  1-4 EEL =     2547.2362  RESTRAINT  =       49.9366
 EAMBER  =   -42920.3245


   NSTEP       ENERGY          RMS            GMAX         NAME    NUMBER
    280      -4.2873E+04     1.2348E+00     4.6287E+01     CG         54

 BOND    =     2905.6194  ANGLE   =       87.8676  DIHED      =      548.4953
 VDWAALS =     6200.8710  EEL     =   -55427.7364  HBOND      =        0.0000
 1-4 VDW =      214.9116  1-4 EEL =     2547.1982  RESTRAINT  =       49.6033
 EAMBER  =   -42922.7732


   NSTEP       ENERGY          RMS            GMAX         NAME    NUMBER
    285      -4.2918E+04     1.0131E+00     4.0666E+01     CG        361

 BOND    =     2916.5719  ANGLE   =       83.7705  DIHED      =      549.0307
 VDWAALS =     6209.7676  EEL     =   -55486.0352  HBOND      =        0.0000
 1-4 VDW =      214.5249  1-4 EEL =     2547.3899  RESTRAINT  =       46.7476
 EAMBER  =   -42964.9798


   NSTEP       ENERGY          RMS            GMAX         NAME    NUMBER
    290      -4.2962E+04     9.5219E-01     4.7623E+01     HZ2       216

 BOND    =     2928.9707  ANGLE   =       83.3497  DIHED      =      548.6981
 VDWAALS =     6249.4263  EEL     =   -55582.3032  HBOND      =        0.0000
 1-4 VDW =      214.6126  1-4 EEL =     2547.8210  RESTRAINT  =       47.2629
 EAMBER  =   -43009.4247


   NSTEP       ENERGY          RMS            GMAX         NAME    NUMBER
    295      -4.3001E+04     7.5372E-01     3.7898E+01     CE        211

 BOND    =     2923.6987  ANGLE   =       83.1404  DIHED      =      548.5176
 VDWAALS =     6303.9626  EEL     =   -55667.1799  HBOND      =        0.0000
 1-4 VDW =      214.8880  1-4 EEL =     2546.8800  RESTRAINT  =       45.2934
 EAMBER  =   -43046.0926


   NSTEP       ENERGY          RMS            GMAX         NAME    NUMBER
    300      -4.3040E+04     1.2000E+00     6.2468E+01     HZ2       216

 BOND    =     2949.3981  ANGLE   =       89.0311  DIHED      =      549.3314
 VDWAALS =     6375.1302  EEL     =   -55820.5936  HBOND      =        0.0000
 1-4 VDW =      214.8302  1-4 EEL =     2546.8165  RESTRAINT  =       55.8194
 EAMBER  =   -43096.0562


   NSTEP       ENERGY          RMS            GMAX         NAME    NUMBER
    305      -4.3042E+04     1.1216E+00     6.1075E+01     HZ2       216

 BOND    =     2948.3568  ANGLE   =       88.6535  DIHED      =      549.2826
 VDWAALS =     6375.0515  EEL     =   -55820.7785  HBOND      =        0.0000
 1-4 VDW =      214.8277  1-4 EEL =     2546.8228  RESTRAINT  =       55.3920
 EAMBER  =   -43097.7837


   NSTEP       ENERGY          RMS            GMAX         NAME    NUMBER
    310      -4.3088E+04     7.1988E-01     2.8983E+01     CE        211

 BOND    =     2947.2665  ANGLE   =       82.6964  DIHED      =      548.4611
 VDWAALS =     6371.6250  EEL     =   -55844.9957  HBOND      =        0.0000
 1-4 VDW =      214.8974  1-4 EEL =     2547.1445  RESTRAINT  =       44.8806
 EAMBER  =   -43132.9048


   NSTEP       ENERGY          RMS            GMAX         NAME    NUMBER
    315      -4.3112E+04     8.8679E-01     4.8423E+01     HZ2       216

 BOND    =     2954.3375  ANGLE   =       83.5291  DIHED      =      548.7099
 VDWAALS =     6376.3081  EEL     =   -55884.7440  HBOND      =        0.0000
 1-4 VDW =      214.6775  1-4 EEL =     2547.8261  RESTRAINT  =       47.8555
 EAMBER  =   -43159.3559


   NSTEP       ENERGY          RMS            GMAX         NAME    NUMBER
    320      -4.3166E+04     1.1554E+00     5.9180E+01     CG        361

 BOND    =     2969.3681  ANGLE   =       82.8725  DIHED      =      548.6263
 VDWAALS =     6436.9782  EEL     =   -56012.1452  HBOND      =        0.0000
 1-4 VDW =      214.9577  1-4 EEL =     2546.9612  RESTRAINT  =       46.0954
 EAMBER  =   -43212.3812


   NSTEP       ENERGY          RMS            GMAX         NAME    NUMBER
    325      -4.3193E+04     1.2215E+00     5.3501E+01     CG         54

 BOND    =     2969.1706  ANGLE   =       87.0211  DIHED      =      548.4126
 VDWAALS =     6473.9808  EEL     =   -56082.4256  HBOND      =        0.0000
 1-4 VDW =      214.8456  1-4 EEL =     2547.2459  RESTRAINT  =       48.3682
 EAMBER  =   -43241.7490


   NSTEP       ENERGY          RMS            GMAX         NAME    NUMBER
    330      -4.3196E+04     1.0857E+00     4.3219E+01     CG         54

 BOND    =     2967.8468  ANGLE   =       86.5184  DIHED      =      548.4060
 VDWAALS =     6474.0376  EEL     =   -56082.9256  HBOND      =        0.0000
 1-4 VDW =      214.8527  1-4 EEL =     2547.2055  RESTRAINT  =       48.0757
 EAMBER  =   -43244.0587


   NSTEP       ENERGY          RMS            GMAX         NAME    NUMBER
    335      -4.3232E+04     8.4303E-01     3.1717E+01     CA        200

 BOND    =     2979.2981  ANGLE   =       83.2945  DIHED      =      548.9033
 VDWAALS =     6482.6529  EEL     =   -56133.8072  HBOND      =        0.0000
 1-4 VDW =      214.5730  1-4 EEL =     2547.3876  RESTRAINT  =       45.9787
 EAMBER  =   -43277.6979


   NSTEP       ENERGY          RMS            GMAX         NAME    NUMBER
    340      -4.3266E+04     8.5924E-01     4.2860E+01     HZ2       216

 BOND    =     2988.2800  ANGLE   =       83.0831  DIHED      =      548.6989
 VDWAALS =     6517.6985  EEL     =   -56212.8351  HBOND      =        0.0000
 1-4 VDW =      214.6543  1-4 EEL =     2547.7594  RESTRAINT  =       46.7681
 EAMBER  =   -43312.6610


   NSTEP       ENERGY          RMS            GMAX         NAME    NUMBER
    345      -4.3299E+04     6.6598E-01     3.2787E+01     CE        211

 BOND    =     2986.1629  ANGLE   =       83.0103  DIHED      =      548.4730
 VDWAALS =     6566.0199  EEL     =   -56289.5182  HBOND      =        0.0000
 1-4 VDW =      214.8470  1-4 EEL =     2546.9773  RESTRAINT  =       45.1360
 EAMBER  =   -43344.0279


   NSTEP       ENERGY          RMS            GMAX         NAME    NUMBER
    350      -4.3334E+04     1.1388E+00     6.1796E+01     HZ2       216

 BOND    =     3008.7163  ANGLE   =       88.7377  DIHED      =      549.3166
 VDWAALS =     6631.1391  EEL     =   -56428.4440  HBOND      =        0.0000
 1-4 VDW =      214.8656  1-4 EEL =     2546.8085  RESTRAINT  =       55.1652
 EAMBER  =   -43388.8602


   NSTEP       ENERGY          RMS            GMAX         NAME    NUMBER
    355      -4.3336E+04     1.0589E+00     6.0286E+01     HZ2       216

 BOND    =     3007.6433  ANGLE   =       88.3601  DIHED      =      549.2653
 VDWAALS =     6631.0468  EEL     =   -56428.5211  HBOND      =        0.0000
 1-4 VDW =      214.8621  1-4 EEL =     2546.8185  RESTRAINT  =       54.7266
 EAMBER  =   -43390.5250


   NSTEP       ENERGY          RMS            GMAX         NAME    NUMBER
    360      -4.3376E+04     6.4284E-01     2.5367E+01     CE        211

 BOND    =     3004.7486  ANGLE   =       82.7017  DIHED      =      548.4124
 VDWAALS =     6627.0704  EEL     =   -56446.0463  HBOND      =        0.0000
 1-4 VDW =      214.8659  1-4 EEL =     2547.1920  RESTRAINT  =       44.7941
 EAMBER  =   -43421.0552


   NSTEP       ENERGY          RMS            GMAX         NAME    NUMBER
    365      -4.3395E+04     7.9873E-01     4.2759E+01     HZ2       216

 BOND    =     3011.7326  ANGLE   =       83.1287  DIHED      =      548.6985
 VDWAALS =     6630.1057  EEL     =   -56478.6510  HBOND      =        0.0000
 1-4 VDW =      214.7017  1-4 EEL =     2547.7602  RESTRAINT  =       47.0287
 EAMBER  =   -43442.5237


   NSTEP       ENERGY          RMS            GMAX         NAME    NUMBER
    370      -4.3439E+04     1.0887E+00     5.6900E+01     CG        361

 BOND    =     3023.6760  ANGLE   =       82.7784  DIHED      =      548.5740
 VDWAALS =     6677.4438  EEL     =   -56579.5571  HBOND      =        0.0000
 1-4 VDW =      214.9658  1-4 EEL =     2547.0463  RESTRAINT  =       45.8117
 EAMBER  =   -43485.0727


   NSTEP       ENERGY          RMS            GMAX         NAME    NUMBER
    375      -4.3461E+04     1.1113E+00     5.1634E+01     CG        361

 BOND    =     3020.9939  ANGLE   =       86.1651  DIHED      =      548.3789
 VDWAALS =     6704.8181  EEL     =   -56630.8523  HBOND      =        0.0000
 1-4 VDW =      214.8349  1-4 EEL =     2547.2504  RESTRAINT  =       47.4959
 EAMBER  =   -43508.4108


   NSTEP       ENERGY          RMS            GMAX         NAME    NUMBER
    380      -4.3463E+04     9.6362E-01     3.9821E+01     CG        361

 BOND    =     3019.7578  ANGLE   =       85.6829  DIHED      =      548.3740
 VDWAALS =     6704.8895  EEL     =   -56631.3647  HBOND      =        0.0000
 1-4 VDW =      214.8429  1-4 EEL =     2547.2101  RESTRAINT  =       47.2257
 EAMBER  =   -43510.6074


   NSTEP       ENERGY          RMS            GMAX         NAME    NUMBER
    385      -4.3492E+04     7.5062E-01     2.9670E+01     CA        200

 BOND    =     3031.2933  ANGLE   =       83.1070  DIHED      =      548.8579
 VDWAALS =     6712.6605  EEL     =   -56675.2654  HBOND      =        0.0000
 1-4 VDW =      214.5988  1-4 EEL =     2547.4127  RESTRAINT  =       45.6493
 EAMBER  =   -43537.3353


   NSTEP       ENERGY          RMS            GMAX         NAME    NUMBER
    390      -4.3519E+04     7.7462E-01     3.9537E+01     HZ2       216

 BOND    =     3037.2408  ANGLE   =       82.9304  DIHED      =      548.6982
 VDWAALS =     6742.1562  EEL     =   -56738.9662  HBOND      =        0.0000
 1-4 VDW =      214.6956  1-4 EEL =     2547.7012  RESTRAINT  =       46.4430
 EAMBER  =   -43565.5438


   NSTEP       ENERGY          RMS            GMAX         NAME    NUMBER
    395      -4.3547E+04     5.7975E-01     2.6711E+01     CE        211

 BOND    =     3036.9833  ANGLE   =       82.7927  DIHED      =      548.4499
 VDWAALS =     6783.8757  EEL     =   -56806.3217  HBOND      =        0.0000
 1-4 VDW =      214.8280  1-4 EEL =     2547.0545  RESTRAINT  =       44.9618
 EAMBER  =   -43592.3376


   NSTEP       ENERGY          RMS            GMAX         NAME    NUMBER
    400      -4.3578E+04     1.0916E+00     5.8023E+01     HZ2       216

 BOND    =     3057.9740  ANGLE   =       87.9189  DIHED      =      549.3396
 VDWAALS =     6842.4261  EEL     =   -56931.2295  HBOND      =        0.0000
 1-4 VDW =      214.8767  1-4 EEL =     2546.8303  RESTRAINT  =       53.8059
 EAMBER  =   -43631.8638


   NSTEP       ENERGY          RMS            GMAX         NAME    NUMBER
    405      -4.3580E+04     1.0071E+00     5.6446E+01     HZ2       216

 BOND    =     3056.8349  ANGLE   =       87.5571  DIHED      =      549.2838
 VDWAALS =     6842.3217  EEL     =   -56931.2430  HBOND      =        0.0000
 1-4 VDW =      214.8723  1-4 EEL =     2546.8436  RESTRAINT  =       53.3755
 EAMBER  =   -43633.5296


   NSTEP       ENERGY          RMS            GMAX         NAME    NUMBER
    410      -4.3616E+04     5.6763E-01     2.2662E+01     CE        211

 BOND    =     3051.5887  ANGLE   =       82.7183  DIHED      =      548.3964
 VDWAALS =     6838.1847  EEL     =   -56943.1883  HBOND      =        0.0000
 1-4 VDW =      214.8535  1-4 EEL =     2547.1845  RESTRAINT  =       44.7295
 EAMBER  =   -43660.2622


   NSTEP       ENERGY          RMS            GMAX         NAME    NUMBER
    415      -4.3632E+04     7.2502E-01     3.9849E+01     HZ2       216

 BOND    =     3059.5122  ANGLE   =       82.9871  DIHED      =      548.7003
 VDWAALS =     6840.1006  EEL     =   -56972.8719  HBOND      =        0.0000
 1-4 VDW =      214.7291  1-4 EEL =     2547.7099  RESTRAINT  =       46.6791
 EAMBER  =   -43679.1327


   NSTEP       ENERGY          RMS            GMAX         NAME    NUMBER
    420      -4.3668E+04     1.0074E+00     5.3627E+01     CG        361

 BOND    =     3066.6215  ANGLE   =       82.6333  DIHED      =      548.5507
 VDWAALS =     6877.6046  EEL     =   -57051.0947  HBOND      =        0.0000
 1-4 VDW =      214.9674  1-4 EEL =     2547.1091  RESTRAINT  =       45.3995
 EAMBER  =   -43713.6081


   NSTEP       ENERGY          RMS            GMAX         NAME    NUMBER
    425      -4.3686E+04     1.0237E+00     5.1498E+01     CG        361

 BOND    =     3065.3520  ANGLE   =       85.5893  DIHED      =      548.3705
 VDWAALS =     6899.5600  EEL     =   -57093.8187  HBOND      =        0.0000
 1-4 VDW =      214.8425  1-4 EEL =     2547.2246  RESTRAINT  =       46.8285
 EAMBER  =   -43732.8797


   NSTEP       ENERGY          RMS            GMAX         NAME    NUMBER
    430      -4.3688E+04     8.6571E-01     3.8175E+01     CG        361

 BOND    =     3064.1556  ANGLE   =       85.1196  DIHED      =      548.3660
 VDWAALS =     6899.6446  EEL     =   -57094.3172  HBOND      =        0.0000
 1-4 VDW =      214.8503  1-4 EEL =     2547.1865  RESTRAINT  =       46.5731
 EAMBER  =   -43734.9946


   NSTEP       ENERGY          RMS            GMAX         NAME    NUMBER
    435      -4.3712E+04     7.3894E-01     2.8993E+01     CA        200

 BOND    =     3075.5230  ANGLE   =       83.1405  DIHED      =      548.8925
 VDWAALS =     6907.0234  EEL     =   -57133.8879  HBOND      =        0.0000
 1-4 VDW =      214.5977  1-4 EEL =     2547.4696  RESTRAINT  =       45.4764
 EAMBER  =   -43757.2412


   NSTEP       ENERGY          RMS            GMAX         NAME    NUMBER
    440      -4.3744E+04     5.8337E-01     2.1380E+01     HZ2       216

 BOND    =     3074.8726  ANGLE   =       83.6762  DIHED      =      548.3575
 VDWAALS =     6941.0188  EEL     =   -57198.8583  HBOND      =        0.0000
 1-4 VDW =      214.8039  1-4 EEL =     2547.3279  RESTRAINT  =       45.1640
 EAMBER  =   -43788.8015


   NSTEP       ENERGY          RMS            GMAX         NAME    NUMBER
    445      -4.3762E+04     7.9069E-01     4.4495E+01     CD        208

 BOND    =     3083.7962  ANGLE   =       83.2818  DIHED      =      548.4988
 VDWAALS =     6971.8169  EEL     =   -57256.6710  HBOND      =        0.0000
 1-4 VDW =      214.8047  1-4 EEL =     2546.9539  RESTRAINT  =       45.9519
 EAMBER  =   -43807.5187


   NSTEP       ENERGY          RMS            GMAX         NAME    NUMBER
    450      -4.3813E+04     1.0337E+00     5.5827E+01     CE        211

 BOND    =     3102.0717  ANGLE   =       85.8550  DIHED      =      549.1801
 VDWAALS =     7031.7110  EEL     =   -57394.6605  HBOND      =        0.0000
 1-4 VDW =      214.8958  1-4 EEL =     2546.9707  RESTRAINT  =       50.7871
 EAMBER  =   -43863.9762


   NSTEP       ENERGY          RMS            GMAX         NAME    NUMBER
    455      -4.3815E+04     9.4737E-01     5.1053E+01     CE        211

 BOND    =     3100.8801  ANGLE   =       85.6267  DIHED      =      549.1338
 VDWAALS =     7031.6552  EEL     =   -57394.6387  HBOND      =        0.0000
 1-4 VDW =      214.8883  1-4 EEL =     2546.9776  RESTRAINT  =       50.4719
 EAMBER  =   -43865.4769


   NSTEP       ENERGY          RMS            GMAX         NAME    NUMBER
    460      -4.3840E+04     4.9482E-01     1.6905E+01     CE        211

 BOND    =     3096.5505  ANGLE   =       82.4498  DIHED      =      548.4468
 VDWAALS =     7030.4331  EEL     =   -57404.5095  HBOND      =        0.0000
 1-4 VDW =      214.8769  1-4 EEL =     2547.1587  RESTRAINT  =       44.2618
 EAMBER  =   -43884.5937


   NSTEP       ENERGY          RMS            GMAX         NAME    NUMBER
    465      -4.3852E+04     6.6319E-01     3.3765E+01     HZ2       216

 BOND    =     3102.0127  ANGLE   =       82.9023  DIHED      =      548.5897
 VDWAALS =     7034.5130  EEL     =   -57428.7575  HBOND      =        0.0000
 1-4 VDW =      214.7599  1-4 EEL =     2547.6238  RESTRAINT  =       45.9146
 EAMBER  =   -43898.3559


   NSTEP       ENERGY          RMS            GMAX         NAME    NUMBER
    470      -4.3887E+04     1.2105E+00     5.6274E+01     CG        361

 BOND    =     3119.6767  ANGLE   =       82.9900  DIHED      =      548.6665
 VDWAALS =     7084.5929  EEL     =   -57530.7841  HBOND      =        0.0000
 1-4 VDW =      215.0253  1-4 EEL =     2547.1085  RESTRAINT  =       45.5174
 EAMBER  =   -43932.7241


   NSTEP       ENERGY          RMS            GMAX         NAME    NUMBER
    475      -4.3910E+04     9.6385E-01     7.0744E+01     CG        361

 BOND    =     3112.0654  ANGLE   =       85.3907  DIHED      =      548.4824
 VDWAALS =     7107.4766  EEL     =   -57571.9943  HBOND      =        0.0000
 1-4 VDW =      214.9932  1-4 EEL =     2547.1489  RESTRAINT  =       46.7240
 EAMBER  =   -43956.4372


   NSTEP       ENERGY          RMS            GMAX         NAME    NUMBER
    480      -4.3912E+04     8.3246E-01     5.3551E+01     CG        361

 BOND    =     3110.9331  ANGLE   =       85.0495  DIHED      =      548.4648
 VDWAALS =     7107.4843  EEL     =   -57572.2630  HBOND      =        0.0000
 1-4 VDW =      214.9828  1-4 EEL =     2547.1299  RESTRAINT  =       46.5082
 EAMBER  =   -43958.2187


   NSTEP       ENERGY          RMS            GMAX         NAME    NUMBER
    485      -4.3939E+04     7.9546E-01     2.6377E+01     HZ2       216

 BOND    =     3124.1322  ANGLE   =       83.0079  DIHED      =      549.2290
 VDWAALS =     7111.9853  EEL     =   -57615.0218  HBOND      =        0.0000
 1-4 VDW =      214.6481  1-4 EEL =     2547.4691  RESTRAINT  =       45.4223
 EAMBER  =   -43984.5501


   NSTEP       ENERGY          RMS            GMAX         NAME    NUMBER
    490      -4.3970E+04     4.8415E-01     1.7623E+01     CG         54

 BOND    =     3120.1686  ANGLE   =       83.4029  DIHED      =      548.4158
 VDWAALS =     7135.8060  EEL     =   -57664.2681  HBOND      =        0.0000
 1-4 VDW =      214.8446  1-4 EEL =     2547.3407  RESTRAINT  =       44.6969
 EAMBER  =   -44014.2896


   NSTEP       ENERGY          RMS            GMAX         NAME    NUMBER
    495      -4.3982E+04     6.8310E-01     3.5852E+01     CG         54

 BOND    =     3126.3332  ANGLE   =       83.1771  DIHED      =      548.5690
 VDWAALS =     7154.9793  EEL     =   -57703.0754  HBOND      =        0.0000
 1-4 VDW =      214.8787  1-4 EEL =     2546.9641  RESTRAINT  =       45.7786
 EAMBER  =   -44028.1740


   NSTEP       ENERGY          RMS            GMAX         NAME    NUMBER
    500      -4.4023E+04     9.8248E-01     5.8806E+01     CE        211

 BOND    =     3144.1007  ANGLE   =       85.0341  DIHED      =      548.7721
 VDWAALS =     7197.0720  EEL     =   -57808.5029  HBOND      =        0.0000
 1-4 VDW =      214.9325  1-4 EEL =     2547.0016  RESTRAINT  =       48.7243
 EAMBER  =   -44071.5899


  Maximum number of minimization cycles reached.


                    FINAL RESULTS



   NSTEP       ENERGY          RMS            GMAX         NAME    NUMBER
    500      -4.4023E+04     9.8248E-01     5.8806E+01     CE        211

 BOND    =     3144.1007  ANGLE   =       85.0341  DIHED      =      548.7721
 VDWAALS =     7197.0720  EEL     =   -57808.5029  HBOND      =        0.0000
 1-4 VDW =      214.9325  1-4 EEL =     2547.0016  RESTRAINT  =       48.7243
 EAMBER  =   -44071.5899
--------------------------------------------------------------------------------
   5.  TIMINGS
--------------------------------------------------------------------------------

|  NonSetup CPU Time in Major Routines:
|
|     Routine           Sec        %
|     ------------------------------
|     Nonbond          20.16   97.66
|     Bond              0.06    0.27
|     Angle             0.05    0.23
|     Dihedral          0.30    1.43
|     Shake             0.00    0.00
|     Other             0.08    0.41
|     ------------------------------
|     Total            20.65

|  PME Nonbond Pairlist CPU Time:
|
|     Routine              Sec        %
|     ---------------------------------
|     Set Up Cit           0.00    0.00
|     Build List           0.56    2.69
|     ---------------------------------
|     Total                0.56    2.69

|  PME Direct Force CPU Time:
|
|     Routine              Sec        %
|     ---------------------------------
|     NonBonded Calc      12.88   62.38
|     Exclude Masked       0.23    1.12
|     Other                0.04    0.17
|     ---------------------------------
|     Total               13.15   63.68

|  PME Reciprocal Force CPU Time:
|
|     Routine              Sec        %
|     ---------------------------------
|     1D bspline           0.16    0.77
|     Grid Charges         0.40    1.92
|     Scalar Sum           2.44   11.82
|     Gradient Sum         0.67    3.25
|     FFT                  2.78   13.48
|     ---------------------------------
|     Total                6.45   31.25

|  Setup CPU time:            0.06 seconds
|  NonSetup CPU time:        20.65 seconds
|  Total CPU time:           20.70 seconds     0.01 hours

|  Setup wall time:           0    seconds
|  NonSetup wall time:       21    seconds
|  Total wall time:          21    seconds     0.01 hours
