
          -------------------------------------------------------
          Amber 16 PMEMD                              2016
          -------------------------------------------------------

| PMEMD implementation of SANDER, Release 16

| Run on 06/19/2017 at 23:42:14

|   Executable path: pmemd
| Working directory: /home/german/alex/run/3rm/mhe/m
|          Hostname: Unknown
  [-O]verwriting output

File Assignments:
|   MDIN: mmin.in                                                               
|  MDOUT: mmin.out                                                              
| INPCRD: m3rm.rst7                                                             
|   PARM: /home/german/alex/top_files/3rm.prmtop                                
| RESTRT: mm3rm.rst7                                                            
|   REFC: 3rm.rst7                                                              
|  MDVEL: mdvel                                                                 
|   MDEN: mden                                                                  
|  MDCRD: mm3rm.crd                                                             
| MDINFO: mdinfo                                                                
|  MDFRC: mdfrc                                                                 


 Here is the input file:

Minimization with Cartesian restraints                                         
&cntrl                                                                         
imin=1,                                                                        
ntmin=1,                                ! Steepest Descent, then Conjugate Grad
ncyc=100,                               ! 100 steps of Steepest Descent        
maxcyc=500,                             ! 400 steps of Conjugate Gradient      
ntpr=5,                                                                        
&end                                                                           


Note: ig = -1. Setting random seed to   134070 based on wallclock time in 
      microseconds.
 
 
| Conditional Compilation Defines Used:
| PUBFFT
| BINTRAJ
| EMIL

| Largest sphere to fit in unit cell has radius =    23.037

| New format PARM file being parsed.
| Version =    1.000 Date = 06/17/17 Time = 14:32:14

| Note: 1-4 EEL scale factors are being read from the topology file.

| Note: 1-4 VDW scale factors are being read from the topology file.
| Duplicated    0 dihedrals

| Duplicated    0 dihedrals

--------------------------------------------------------------------------------
   1.  RESOURCE   USE: 
--------------------------------------------------------------------------------

 getting box info from netcdf restart file
 NATOM  =   11635 NTYPES =      17 NBONH =   11238 MBONA  =     402
 NTHETH =     874 MTHETA =     539 NPHIH =    1768 MPHIA  =    1688
 NHPARM =       0 NPARM  =       0 NNB   =   18755 NRES   =    3670
 NBONA  =     402 NTHETA =     539 NPHIA =    1688 NUMBND =      69
 NUMANG =     154 NPTRA  =     196 NATYP =      37 NPHB   =       1
 IFBOX  =       2 NMXRS  =      25 IFCAP =       0 NEXTRA =       0
 NCOPY  =       0

| Coordinate Index Table dimensions:    11   11   11
| Direct force subcell size =     5.1299    5.1299    5.1299

     BOX TYPE: TRUNCATED OCTAHEDRON

--------------------------------------------------------------------------------
   2.  CONTROL  DATA  FOR  THE  RUN
--------------------------------------------------------------------------------

default_name                                                                    

General flags:
     imin    =       1, nmropt  =       0

Nature and format of input:
     ntx     =       1, irest   =       0, ntrx    =       1

Nature and format of output:
     ntxo    =       2, ntpr    =       5, ntrx    =       1, ntwr    =       1
     iwrap   =       0, ntwx    =       0, ntwv    =       0, ntwe    =       0
     ioutfm  =       1, ntwprt  =       0, idecomp =       0, rbornstat=      0

Potential function:
     ntf     =       1, ntb     =       1, igb     =       0, nsnb    =      25
     ipol    =       0, gbsa    =       0, iesp    =       0
     dielc   =   1.00000, cut     =   8.00000, intdiel =   1.00000

Frozen or restrained atoms:
     ibelly  =       0, ntr     =       0

Energy minimization:
     maxcyc  =     500, ncyc    =     100, ntmin   =       1
     dx0     =   0.01000, drms    =   0.00010

| Intermolecular bonds treatment:
|     no_intermolecular_bonds =       1

| Energy averages sample interval:
|     ene_avg_sampling =       1

Ewald parameters:
     verbose =       0, ew_type =       0, nbflag  =       1, use_pme =       1
     vdwmeth =       1, eedmeth =       1, netfrc  =       0
     Box X =   56.429   Box Y =   56.429   Box Z =   56.429
     Alpha =  109.471   Beta  =  109.471   Gamma =  109.471
     NFFT1 =   60       NFFT2 =   60       NFFT3 =   60
     Cutoff=    8.000   Tol   =0.100E-04
     Ewald Coefficient =  0.34864
     Interpolation order =    4

--------------------------------------------------------------------------------
   3.  ATOMIC COORDINATES AND VELOCITIES
--------------------------------------------------------------------------------

default_name                                                                    
 begin time read from input coords =     0.000 ps

 
 Number of triangulated 3-point waters found:     3618

     Sum of charges from parm topology file =  -0.00000003
     Forcing neutrality...

| Dynamic Memory, Types Used:
| Reals              381357
| Integers           323028

| Nonbonded Pairs Initial Allocation:     1943335

--------------------------------------------------------------------------------
   4.  RESULTS
--------------------------------------------------------------------------------

 ---------------------------------------------------
 APPROXIMATING switch and d/dx switch using CUBIC SPLINE INTERPOLATION
 using   5000.0 points per unit in tabled values
 TESTING RELATIVE ERROR over r ranging from 0.0 to cutoff
| CHECK switch(x): max rel err =   0.2738E-14   at   2.422500
| CHECK d/dx switch(x): max rel err =   0.8332E-11   at   2.782960
 ---------------------------------------------------
|---------------------------------------------------
| APPROXIMATING direct energy using CUBIC SPLINE INTERPOLATION
|  with   50.0 points per unit in tabled values
| Relative Error Limit not exceeded for r .gt.   2.47
| APPROXIMATING direct force using CUBIC SPLINE INTERPOLATION
|  with   50.0 points per unit in tabled values
| Relative Error Limit not exceeded for r .gt.   2.89
|---------------------------------------------------


   NSTEP       ENERGY          RMS            GMAX         NAME    NUMBER
      1      -4.4072E+04     1.1092E+00     4.9789E+01     CE        211

 BOND    =     3144.1007  ANGLE   =       85.0341  DIHED      =      548.7721
 VDWAALS =     7197.0720  EEL     =   -57808.5029  HBOND      =        0.0000
 1-4 VDW =      214.9325  1-4 EEL =     2547.0016  RESTRAINT  =        0.0000


   NSTEP       ENERGY          RMS            GMAX         NAME    NUMBER
      5      -4.4083E+04     7.9376E-01     2.7160E+01     CE        211

 BOND    =     3137.6866  ANGLE   =       83.8836  DIHED      =      548.8864
 VDWAALS =     7195.6835  EEL     =   -57807.3950  HBOND      =        0.0000
 1-4 VDW =      213.5283  1-4 EEL =     2544.9349  RESTRAINT  =        0.0000


   NSTEP       ENERGY          RMS            GMAX         NAME    NUMBER
     10      -4.4105E+04     5.5414E-01     9.9549E+00     HZ2       216

 BOND    =     3134.7354  ANGLE   =       81.8860  DIHED      =      549.6861
 VDWAALS =     7191.7142  EEL     =   -57808.8575  HBOND      =        0.0000
 1-4 VDW =      209.0694  1-4 EEL =     2536.8840  RESTRAINT  =        0.0000


   NSTEP       ENERGY          RMS            GMAX         NAME    NUMBER
     15      -4.4144E+04     3.8756E-01     6.7617E+00     O         461

 BOND    =     3137.5098  ANGLE   =       82.7419  DIHED      =      551.3691
 VDWAALS =     7187.7655  EEL     =   -57819.8684  HBOND      =        0.0000
 1-4 VDW =      199.1916  1-4 EEL =     2517.1185  RESTRAINT  =        0.0000


   NSTEP       ENERGY          RMS            GMAX         NAME    NUMBER
     20      -4.4177E+04     1.1980E+00     4.5516E+01     CG         54

 BOND    =     3144.9982  ANGLE   =       86.6539  DIHED      =      552.3433
 VDWAALS =     7191.9427  EEL     =   -57840.6035  HBOND      =        0.0000
 1-4 VDW =      188.8944  1-4 EEL =     2498.5623  RESTRAINT  =        0.0000


   NSTEP       ENERGY          RMS            GMAX         NAME    NUMBER
     25      -4.4197E+04     3.3680E-01     1.2383E+01     CG         54

 BOND    =     3144.8708  ANGLE   =       87.2433  DIHED      =      552.4503
 VDWAALS =     7195.1723  EEL     =   -57856.7923  HBOND      =        0.0000
 1-4 VDW =      185.7256  1-4 EEL =     2494.6129  RESTRAINT  =        0.0000


   NSTEP       ENERGY          RMS            GMAX         NAME    NUMBER
     30      -4.4207E+04     3.0637E-01     9.4230E+00     CG         54

 BOND    =     3146.2539  ANGLE   =       87.9525  DIHED      =      552.5329
 VDWAALS =     7198.1938  EEL     =   -57866.6772  HBOND      =        0.0000
 1-4 VDW =      183.6117  1-4 EEL =     2491.4929  RESTRAINT  =        0.0000


   NSTEP       ENERGY          RMS            GMAX         NAME    NUMBER
     35      -4.4216E+04     5.7288E-01     3.2978E+01     CG         54

 BOND    =     3150.0830  ANGLE   =       89.0142  DIHED      =      552.6143
 VDWAALS =     7202.0199  EEL     =   -57879.7484  HBOND      =        0.0000
 1-4 VDW =      181.3636  1-4 EEL =     2488.3289  RESTRAINT  =        0.0000


   NSTEP       ENERGY          RMS            GMAX         NAME    NUMBER
     40      -4.4226E+04     3.9187E-01     1.4354E+01     C         170

 BOND    =     3150.3491  ANGLE   =       89.4579  DIHED      =      552.6560
 VDWAALS =     7205.3523  EEL     =   -57889.3127  HBOND      =        0.0000
 1-4 VDW =      179.8053  1-4 EEL =     2485.9487  RESTRAINT  =        0.0000


   NSTEP       ENERGY          RMS            GMAX         NAME    NUMBER
     45      -4.4235E+04     4.3964E-01     1.9494E+01     C         170

 BOND    =     3152.4761  ANGLE   =       90.1411  DIHED      =      552.6969
 VDWAALS =     7209.1849  EEL     =   -57900.9791  HBOND      =        0.0000
 1-4 VDW =      178.2192  1-4 EEL =     2483.5974  RESTRAINT  =        0.0000


   NSTEP       ENERGY          RMS            GMAX         NAME    NUMBER
     50      -4.4242E+04     6.5077E-01     3.3694E+01     C         170

 BOND    =     3156.0256  ANGLE   =       90.9084  DIHED      =      552.7299
 VDWAALS =     7212.9575  EEL     =   -57912.9621  HBOND      =        0.0000
 1-4 VDW =      176.8282  1-4 EEL =     2481.5715  RESTRAINT  =        0.0000


   NSTEP       ENERGY          RMS            GMAX         NAME    NUMBER
     55      -4.4251E+04     6.5854E-01     3.5570E+01     C         170

 BOND    =     3157.6485  ANGLE   =       91.5015  DIHED      =      552.7500
 VDWAALS =     7217.0512  EEL     =   -57924.6259  HBOND      =        0.0000
 1-4 VDW =      175.5532  1-4 EEL =     2479.5836  RESTRAINT  =        0.0000


   NSTEP       ENERGY          RMS            GMAX         NAME    NUMBER
     60      -4.4259E+04     6.8913E-01     3.8758E+01     C         170

 BOND    =     3159.3275  ANGLE   =       92.1634  DIHED      =      552.7738
 VDWAALS =     7221.3030  EEL     =   -57936.6306  HBOND      =        0.0000
 1-4 VDW =      174.3757  1-4 EEL =     2477.6845  RESTRAINT  =        0.0000


   NSTEP       ENERGY          RMS            GMAX         NAME    NUMBER
     65      -4.4267E+04     7.5469E-01     4.3977E+01     C         170

 BOND    =     3161.4249  ANGLE   =       92.7747  DIHED      =      552.7812
 VDWAALS =     7225.6380  EEL     =   -57948.8548  HBOND      =        0.0000
 1-4 VDW =      173.3101  1-4 EEL =     2475.9491  RESTRAINT  =        0.0000


   NSTEP       ENERGY          RMS            GMAX         NAME    NUMBER
     70      -4.4274E+04     7.2899E-01     4.2856E+01     C         170

 BOND    =     3162.4527  ANGLE   =       93.2193  DIHED      =      552.7913
 VDWAALS =     7229.4950  EEL     =   -57959.3721  HBOND      =        0.0000
 1-4 VDW =      172.4780  1-4 EEL =     2474.5339  RESTRAINT  =        0.0000


   NSTEP       ENERGY          RMS            GMAX         NAME    NUMBER
     75      -4.4282E+04     7.6632E-01     4.6441E+01     C         170

 BOND    =     3164.1462  ANGLE   =       93.7268  DIHED      =      552.7969
 VDWAALS =     7233.7625  EEL     =   -57971.0821  HBOND      =        0.0000
 1-4 VDW =      171.6379  1-4 EEL =     2473.0830  RESTRAINT  =        0.0000


   NSTEP       ENERGY          RMS            GMAX         NAME    NUMBER
     80      -4.4290E+04     7.8752E-01     4.9015E+01     C         170

 BOND    =     3165.6417  ANGLE   =       94.1899  DIHED      =      552.7981
 VDWAALS =     7238.1528  EEL     =   -57982.9057  HBOND      =        0.0000
 1-4 VDW =      170.8616  1-4 EEL =     2471.7024  RESTRAINT  =        0.0000


   NSTEP       ENERGY          RMS            GMAX         NAME    NUMBER
     85      -4.4299E+04     2.4801E-01     6.1881E+00     C         170

 BOND    =     3161.8816  ANGLE   =       94.2230  DIHED      =      552.7942
 VDWAALS =     7242.0951  EEL     =   -57991.2359  HBOND      =        0.0000
 1-4 VDW =      170.3055  1-4 EEL =     2470.4583  RESTRAINT  =        0.0000


   NSTEP       ENERGY          RMS            GMAX         NAME    NUMBER
     90      -4.4303E+04     8.6493E-01     5.5513E+01     C         170

 BOND    =     3168.9367  ANGLE   =       95.0678  DIHED      =      552.7937
 VDWAALS =     7246.3395  EEL     =   -58005.2533  HBOND      =        0.0000
 1-4 VDW =      169.5770  1-4 EEL =     2469.3883  RESTRAINT  =        0.0000


   NSTEP       ENERGY          RMS            GMAX         NAME    NUMBER
     95      -4.4310E+04     8.8657E-01     5.7142E+01     C         170

 BOND    =     3170.3247  ANGLE   =       95.4826  DIHED      =      552.7867
 VDWAALS =     7250.6433  EEL     =   -58016.8093  HBOND      =        0.0000
 1-4 VDW =      168.9854  1-4 EEL =     2468.2875  RESTRAINT  =        0.0000


   NSTEP       ENERGY          RMS            GMAX         NAME    NUMBER
    100      -4.4317E+04     9.1778E-01     5.9255E+01     C         170

 BOND    =     3171.7709  ANGLE   =       95.8995  DIHED      =      552.7782
 VDWAALS =     7255.0716  EEL     =   -58028.6029  HBOND      =        0.0000
 1-4 VDW =      168.4249  1-4 EEL =     2467.2221  RESTRAINT  =        0.0000


   NSTEP       ENERGY          RMS            GMAX         NAME    NUMBER
    105      -4.4412E+04     9.7393E-01     5.1712E+01     C         170

 BOND    =     3195.5821  ANGLE   =      101.3431  DIHED      =      553.2896
 VDWAALS =     7317.2969  EEL     =   -58194.9719  HBOND      =        0.0000
 1-4 VDW =      161.4231  1-4 EEL =     2454.0649  RESTRAINT  =        0.0000


   NSTEP       ENERGY          RMS            GMAX         NAME    NUMBER
    110      -4.4551E+04     1.8443E+00     7.5051E+01     OE1       667

 BOND    =     3296.9571  ANGLE   =      123.5786  DIHED      =      561.7836
 VDWAALS =     7530.9115  EEL     =   -58630.5879  HBOND      =        0.0000
 1-4 VDW =      143.4446  1-4 EEL =     2423.2680  RESTRAINT  =        0.0000


   NSTEP       ENERGY          RMS            GMAX         NAME    NUMBER
    115      -4.4619E+04     1.2425E+00     3.2559E+01     H1       2343

 BOND    =     3260.8972  ANGLE   =      149.0259  DIHED      =      565.0069
 VDWAALS =     7603.4754  EEL     =   -58745.8130  HBOND      =        0.0000
 1-4 VDW =      142.2456  1-4 EEL =     2406.2566  RESTRAINT  =        0.0000


   NSTEP       ENERGY          RMS            GMAX         NAME    NUMBER
    120      -4.4664E+04     1.1644E+00     4.6640E+01     CG         54

 BOND    =     3302.8795  ANGLE   =      163.5460  DIHED      =      568.6587
 VDWAALS =     7689.9884  EEL     =   -58929.6763  HBOND      =        0.0000
 1-4 VDW =      141.2173  1-4 EEL =     2399.5960  RESTRAINT  =        0.0000


   NSTEP       ENERGY          RMS            GMAX         NAME    NUMBER
    125      -4.4714E+04     8.3784E-01     3.3718E+01     CG         54

 BOND    =     3320.5358  ANGLE   =      155.4978  DIHED      =      573.2680
 VDWAALS =     7802.8056  EEL     =   -59102.1780  HBOND      =        0.0000
 1-4 VDW =      138.3423  1-4 EEL =     2397.3737  RESTRAINT  =        0.0000


   NSTEP       ENERGY          RMS            GMAX         NAME    NUMBER
    130      -4.4716E+04     7.4052E-01     2.5098E+01     CB        660

 BOND    =     3316.7932  ANGLE   =      155.3834  DIHED      =      573.1419
 VDWAALS =     7802.5561  EEL     =   -59099.8960  HBOND      =        0.0000
 1-4 VDW =      138.3787  1-4 EEL =     2397.3912  RESTRAINT  =        0.0000


   NSTEP       ENERGY          RMS            GMAX         NAME    NUMBER
    135      -4.4751E+04     7.3700E-01     2.0656E+01     CG        663

 BOND    =     3313.2677  ANGLE   =      156.4911  DIHED      =      568.9006
 VDWAALS =     7782.3774  EEL     =   -59114.5606  HBOND      =        0.0000
 1-4 VDW =      141.0976  1-4 EEL =     2401.7521  RESTRAINT  =        0.0000


   NSTEP       ENERGY          RMS            GMAX         NAME    NUMBER
    140      -4.4803E+04     9.7451E-01     2.7054E+01     CG        663

 BOND    =     3312.2881  ANGLE   =      141.7084  DIHED      =      562.6608
 VDWAALS =     7767.8530  EEL     =   -59152.3771  HBOND      =        0.0000
 1-4 VDW =      146.5384  1-4 EEL =     2417.9264  RESTRAINT  =        0.0000


   NSTEP       ENERGY          RMS            GMAX         NAME    NUMBER
    145      -4.4838E+04     7.8459E-01     3.3513E+01     CG         54

 BOND    =     3308.2972  ANGLE   =      120.6577  DIHED      =      559.7832
 VDWAALS =     7767.7577  EEL     =   -59176.3459  HBOND      =        0.0000
 1-4 VDW =      149.9919  1-4 EEL =     2431.6927  RESTRAINT  =        0.0000


   NSTEP       ENERGY          RMS            GMAX         NAME    NUMBER
    150      -4.4867E+04     8.4951E-01     5.4677E+01     CG         54

 BOND    =     3291.8611  ANGLE   =      118.6754  DIHED      =      555.6740
 VDWAALS =     7771.4778  EEL     =   -59200.0023  HBOND      =        0.0000
 1-4 VDW =      155.4356  1-4 EEL =     2440.2529  RESTRAINT  =        0.0000


   NSTEP       ENERGY          RMS            GMAX         NAME    NUMBER
    155      -4.4869E+04     6.8552E-01     3.7404E+01     CG         54

 BOND    =     3291.3750  ANGLE   =      118.1231  DIHED      =      555.6362
 VDWAALS =     7771.4553  EEL     =   -59200.8671  HBOND      =        0.0000
 1-4 VDW =      155.4393  1-4 EEL =     2440.2036  RESTRAINT  =        0.0000


   NSTEP       ENERGY          RMS            GMAX         NAME    NUMBER
    160      -4.4881E+04     5.3685E-01     2.0015E+01     CD        666

 BOND    =     3285.6000  ANGLE   =      115.9163  DIHED      =      555.7467
 VDWAALS =     7768.5381  EEL     =   -59201.5003  HBOND      =        0.0000
 1-4 VDW =      155.2479  1-4 EEL =     2439.6165  RESTRAINT  =        0.0000


   NSTEP       ENERGY          RMS            GMAX         NAME    NUMBER
    165      -4.4903E+04     6.0190E-01     2.5101E+01     CB        660

 BOND    =     3298.6474  ANGLE   =      118.2813  DIHED      =      554.3048
 VDWAALS =     7766.9022  EEL     =   -59235.1923  HBOND      =        0.0000
 1-4 VDW =      153.8527  1-4 EEL =     2440.2408  RESTRAINT  =        0.0000


   NSTEP       ENERGY          RMS            GMAX         NAME    NUMBER
    170      -4.4925E+04     6.9643E-01     3.2102E+01     CD        666

 BOND    =     3299.3676  ANGLE   =      115.0665  DIHED      =      553.9489
 VDWAALS =     7778.2275  EEL     =   -59261.1743  HBOND      =        0.0000
 1-4 VDW =      152.4019  1-4 EEL =     2436.9303  RESTRAINT  =        0.0000


   NSTEP       ENERGY          RMS            GMAX         NAME    NUMBER
    175      -4.4953E+04     7.0659E-01     3.2851E+01     CD        666

 BOND    =     3306.5468  ANGLE   =      115.0091  DIHED      =      555.6380
 VDWAALS =     7800.1055  EEL     =   -59316.6383  HBOND      =        0.0000
 1-4 VDW =      152.9782  1-4 EEL =     2433.4333  RESTRAINT  =        0.0000


   NSTEP       ENERGY          RMS            GMAX         NAME    NUMBER
    180      -4.4955E+04     5.7606E-01     2.1157E+01     CD        666

 BOND    =     3304.0582  ANGLE   =      114.8274  DIHED      =      555.5786
 VDWAALS =     7799.9627  EEL     =   -59315.5844  HBOND      =        0.0000
 1-4 VDW =      152.9717  1-4 EEL =     2433.4858  RESTRAINT  =        0.0000


   NSTEP       ENERGY          RMS            GMAX         NAME    NUMBER
    185      -4.4971E+04     5.9706E-01     3.0353E+01     CD        666

 BOND    =     3298.9190  ANGLE   =      114.2418  DIHED      =      554.0212
 VDWAALS =     7798.4052  EEL     =   -59325.9990  HBOND      =        0.0000
 1-4 VDW =      153.2911  1-4 EEL =     2436.1761  RESTRAINT  =        0.0000


   NSTEP       ENERGY          RMS            GMAX         NAME    NUMBER
    190      -4.4991E+04     4.7970E-01     1.3492E+01     OD1        55

 BOND    =     3297.3365  ANGLE   =      109.8555  DIHED      =      553.5127
 VDWAALS =     7807.6896  EEL     =   -59355.1229  HBOND      =        0.0000
 1-4 VDW =      154.8987  1-4 EEL =     2441.1086  RESTRAINT  =        0.0000


   NSTEP       ENERGY          RMS            GMAX         NAME    NUMBER
    195      -4.5004E+04     5.4441E-01     2.4380E+01     CG         54

 BOND    =     3299.2385  ANGLE   =      108.1119  DIHED      =      554.0944
 VDWAALS =     7823.6165  EEL     =   -59388.9478  HBOND      =        0.0000
 1-4 VDW =      156.6532  1-4 EEL =     2443.6808  RESTRAINT  =        0.0000


   NSTEP       ENERGY          RMS            GMAX         NAME    NUMBER
    200      -4.5019E+04     5.2230E-01     2.2609E+01     CD        666

 BOND    =     3303.2969  ANGLE   =      111.9127  DIHED      =      553.7718
 VDWAALS =     7839.9019  EEL     =   -59430.5006  HBOND      =        0.0000
 1-4 VDW =      157.8274  1-4 EEL =     2445.1725  RESTRAINT  =        0.0000


   NSTEP       ENERGY          RMS            GMAX         NAME    NUMBER
    205      -4.5020E+04     4.2148E-01     1.5383E+01     CD        666

 BOND    =     3304.6791  ANGLE   =      111.0330  DIHED      =      553.7286
 VDWAALS =     7839.7392  EEL     =   -59432.2843  HBOND      =        0.0000
 1-4 VDW =      157.7946  1-4 EEL =     2445.1919  RESTRAINT  =        0.0000


   NSTEP       ENERGY          RMS            GMAX         NAME    NUMBER
    210      -4.5033E+04     5.6614E-01     3.2164E+01     CG         54

 BOND    =     3307.8813  ANGLE   =      107.3539  DIHED      =      553.7502
 VDWAALS =     7834.8385  EEL     =   -59438.8792  HBOND      =        0.0000
 1-4 VDW =      156.9185  1-4 EEL =     2445.4731  RESTRAINT  =        0.0000


   NSTEP       ENERGY          RMS            GMAX         NAME    NUMBER
    215      -4.5050E+04     8.5506E-01     6.1881E+01     CG         54

 BOND    =     3325.4288  ANGLE   =      116.3567  DIHED      =      552.6922
 VDWAALS =     7833.6515  EEL     =   -59475.9251  HBOND      =        0.0000
 1-4 VDW =      154.7374  1-4 EEL =     2443.0056  RESTRAINT  =        0.0000


   NSTEP       ENERGY          RMS            GMAX         NAME    NUMBER
    220      -4.5064E+04     5.3630E-01     1.4909E+01     CD        666

 BOND    =     3307.1858  ANGLE   =      111.0934  DIHED      =      553.2039
 VDWAALS =     7843.1608  EEL     =   -59472.7985  HBOND      =        0.0000
 1-4 VDW =      154.2180  1-4 EEL =     2439.7063  RESTRAINT  =        0.0000


   NSTEP       ENERGY          RMS            GMAX         NAME    NUMBER
    225      -4.5083E+04     6.0625E-01     2.0931E+01     CG        663

 BOND    =     3323.3761  ANGLE   =      112.7648  DIHED      =      554.5176
 VDWAALS =     7861.0697  EEL     =   -59526.1383  HBOND      =        0.0000
 1-4 VDW =      154.0405  1-4 EEL =     2436.9238  RESTRAINT  =        0.0000


   NSTEP       ENERGY          RMS            GMAX         NAME    NUMBER
    230      -4.5085E+04     5.0086E-01     1.6737E+01     CG        663

 BOND    =     3321.0591  ANGLE   =      112.5005  DIHED      =      554.4311
 VDWAALS =     7860.8790  EEL     =   -59525.0036  HBOND      =        0.0000
 1-4 VDW =      154.0226  1-4 EEL =     2436.9815  RESTRAINT  =        0.0000


   NSTEP       ENERGY          RMS            GMAX         NAME    NUMBER
    235      -4.5099E+04     5.2934E-01     2.1301E+01     CD        666

 BOND    =     3314.2861  ANGLE   =      111.7848  DIHED      =      552.9089
 VDWAALS =     7861.3721  EEL     =   -59531.8516  HBOND      =        0.0000
 1-4 VDW =      153.9971  1-4 EEL =     2438.8560  RESTRAINT  =        0.0000


   NSTEP       ENERGY          RMS            GMAX         NAME    NUMBER
    240      -4.5113E+04     4.1603E-01     1.3459E+01     OE1       667

 BOND    =     3316.9507  ANGLE   =      108.4043  DIHED      =      552.9339
 VDWAALS =     7868.8334  EEL     =   -59556.8518  HBOND      =        0.0000
 1-4 VDW =      154.7214  1-4 EEL =     2441.6169  RESTRAINT  =        0.0000


   NSTEP       ENERGY          RMS            GMAX         NAME    NUMBER
    245      -4.5127E+04     5.2831E-01     1.7688E+01     CG        663

 BOND    =     3318.0836  ANGLE   =      107.3724  DIHED      =      553.7724
 VDWAALS =     7885.2111  EEL     =   -59589.9735  HBOND      =        0.0000
 1-4 VDW =      156.0306  1-4 EEL =     2442.5850  RESTRAINT  =        0.0000


   NSTEP       ENERGY          RMS            GMAX         NAME    NUMBER
    250      -4.5142E+04     6.1190E-01     2.7989E+01     CG         54

 BOND    =     3323.4771  ANGLE   =      111.9777  DIHED      =      553.2625
 VDWAALS =     7902.8798  EEL     =   -59633.8384  HBOND      =        0.0000
 1-4 VDW =      156.6470  1-4 EEL =     2443.0987  RESTRAINT  =        0.0000


   NSTEP       ENERGY          RMS            GMAX         NAME    NUMBER
    255      -4.5144E+04     4.7501E-01     2.2029E+01     CG        663

 BOND    =     3324.1706  ANGLE   =      111.4493  DIHED      =      553.2102
 VDWAALS =     7902.9559  EEL     =   -59635.7143  HBOND      =        0.0000
 1-4 VDW =      156.6135  1-4 EEL =     2443.1480  RESTRAINT  =        0.0000


   NSTEP       ENERGY          RMS            GMAX         NAME    NUMBER
    260      -4.5153E+04     4.3435E-01     1.2610E+01     CE2       563

 BOND    =     3319.4292  ANGLE   =      106.9438  DIHED      =      553.1118
 VDWAALS =     7901.0316  EEL     =   -59633.8825  HBOND      =        0.0000
 1-4 VDW =      156.1843  1-4 EEL =     2443.8191  RESTRAINT  =        0.0000


   NSTEP       ENERGY          RMS            GMAX         NAME    NUMBER
    265      -4.5169E+04     4.7497E-01     2.7943E+01     CG         54

 BOND    =     3332.9761  ANGLE   =      111.5999  DIHED      =      552.1155
 VDWAALS =     7901.3231  EEL     =   -59664.7242  HBOND      =        0.0000
 1-4 VDW =      154.8793  1-4 EEL =     2443.1450  RESTRAINT  =        0.0000


   NSTEP       ENERGY          RMS            GMAX         NAME    NUMBER
    270      -4.5180E+04     5.8382E-01     2.0110E+01     CD        666

 BOND    =     3331.0863  ANGLE   =      112.1238  DIHED      =      552.2015
 VDWAALS =     7912.6386  EEL     =   -59682.9127  HBOND      =        0.0000
 1-4 VDW =      153.9379  1-4 EEL =     2440.5668  RESTRAINT  =        0.0000


   NSTEP       ENERGY          RMS            GMAX         NAME    NUMBER
    275      -4.5198E+04     8.2326E-01     4.0504E+01     CD        666

 BOND    =     3349.7247  ANGLE   =      112.4543  DIHED      =      553.7229
 VDWAALS =     7935.8283  EEL     =   -59741.0655  HBOND      =        0.0000
 1-4 VDW =      153.6201  1-4 EEL =     2438.0547  RESTRAINT  =        0.0000


   NSTEP       ENERGY          RMS            GMAX         NAME    NUMBER
    280      -4.5200E+04     6.5095E-01     2.7325E+01     CD        666

 BOND    =     3345.3057  ANGLE   =      112.1950  DIHED      =      553.6577
 VDWAALS =     7935.6042  EEL     =   -59738.1206  HBOND      =        0.0000
 1-4 VDW =      153.6247  1-4 EEL =     2438.0342  RESTRAINT  =        0.0000


   NSTEP       ENERGY          RMS            GMAX         NAME    NUMBER
    285      -4.5215E+04     5.8692E-01     1.9950E+01     CG        663

 BOND    =     3341.3997  ANGLE   =      113.0101  DIHED      =      552.1502
 VDWAALS =     7934.8003  EEL     =   -59749.2803  HBOND      =        0.0000
 1-4 VDW =      153.6705  1-4 EEL =     2439.3994  RESTRAINT  =        0.0000


   NSTEP       ENERGY          RMS            GMAX         NAME    NUMBER
    290      -4.5231E+04     5.6131E-01     1.7259E+01     CG         54

 BOND    =     3335.5586  ANGLE   =      108.3075  DIHED      =      552.4491
 VDWAALS =     7944.1459  EEL     =   -59768.5514  HBOND      =        0.0000
 1-4 VDW =      154.7113  1-4 EEL =     2442.6337  RESTRAINT  =        0.0000


   NSTEP       ENERGY          RMS            GMAX         NAME    NUMBER
    295      -4.5240E+04     4.4751E-01     1.7329E+01     OE1       667

 BOND    =     3341.2135  ANGLE   =      107.3163  DIHED      =      552.9978
 VDWAALS =     7952.9780  EEL     =   -59792.1679  HBOND      =        0.0000
 1-4 VDW =      155.3726  1-4 EEL =     2442.6849  RESTRAINT  =        0.0000


   NSTEP       ENERGY          RMS            GMAX         NAME    NUMBER
    300      -4.5250E+04     5.0157E-01     1.9584E+01     CG        663

 BOND    =     3347.2746  ANGLE   =      112.2248  DIHED      =      553.0459
 VDWAALS =     7967.9396  EEL     =   -59829.4320  HBOND      =        0.0000
 1-4 VDW =      156.0817  1-4 EEL =     2442.3844  RESTRAINT  =        0.0000


   NSTEP       ENERGY          RMS            GMAX         NAME    NUMBER
    305      -4.5252E+04     3.8829E-01     1.5358E+01     CG        663

 BOND    =     3344.4893  ANGLE   =      111.5567  DIHED      =      552.9882
 VDWAALS =     7968.1763  EEL     =   -59827.7703  HBOND      =        0.0000
 1-4 VDW =      156.0621  1-4 EEL =     2442.4467  RESTRAINT  =        0.0000


   NSTEP       ENERGY          RMS            GMAX         NAME    NUMBER
    310      -4.5261E+04     4.4652E-01     1.9748E+01     CG         54

 BOND    =     3340.6961  ANGLE   =      107.1411  DIHED      =      552.9021
 VDWAALS =     7966.3808  EEL     =   -59826.7294  HBOND      =        0.0000
 1-4 VDW =      155.5283  1-4 EEL =     2443.3811  RESTRAINT  =        0.0000


   NSTEP       ENERGY          RMS            GMAX         NAME    NUMBER
    315      -4.5274E+04     4.1330E-01     1.2700E+01     CG         54

 BOND    =     3344.9270  ANGLE   =      111.2762  DIHED      =      551.8513
 VDWAALS =     7967.4077  EEL     =   -59846.2556  HBOND      =        0.0000
 1-4 VDW =      154.7287  1-4 EEL =     2442.4895  RESTRAINT  =        0.0000


   NSTEP       ENERGY          RMS            GMAX         NAME    NUMBER
    320      -4.5284E+04     5.7779E-01     1.9250E+01     CG        663

 BOND    =     3340.5920  ANGLE   =      112.7294  DIHED      =      552.2551
 VDWAALS =     7979.3788  EEL     =   -59863.5015  HBOND      =        0.0000
 1-4 VDW =      154.0319  1-4 EEL =     2440.1541  RESTRAINT  =        0.0000


   NSTEP       ENERGY          RMS            GMAX         NAME    NUMBER
    325      -4.5303E+04     7.6114E-01     4.1586E+01     CD        666

 BOND    =     3349.9514  ANGLE   =      112.5084  DIHED      =      553.5962
 VDWAALS =     8000.3041  EEL     =   -59911.3587  HBOND      =        0.0000
 1-4 VDW =      153.8687  1-4 EEL =     2438.2985  RESTRAINT  =        0.0000


   NSTEP       ENERGY          RMS            GMAX         NAME    NUMBER
    330      -4.5305E+04     5.8480E-01     2.5270E+01     CD        666

 BOND    =     3350.7825  ANGLE   =      112.2327  DIHED      =      553.5340
 VDWAALS =     8000.0243  EEL     =   -59913.6444  HBOND      =        0.0000
 1-4 VDW =      153.8657  1-4 EEL =     2438.3408  RESTRAINT  =        0.0000


   NSTEP       ENERGY          RMS            GMAX         NAME    NUMBER
    335      -4.5317E+04     4.8428E-01     2.5450E+01     CD        666

 BOND    =     3341.8947  ANGLE   =      112.2505  DIHED      =      552.2457
 VDWAALS =     8000.3558  EEL     =   -59917.0892  HBOND      =        0.0000
 1-4 VDW =      153.8179  1-4 EEL =     2439.6237  RESTRAINT  =        0.0000


   NSTEP       ENERGY          RMS            GMAX         NAME    NUMBER
    340      -4.5329E+04     4.2093E-01     1.2721E+01     OE1       667

 BOND    =     3357.6036  ANGLE   =      109.5901  DIHED      =      552.4102
 VDWAALS =     8006.3001  EEL     =   -59950.8235  HBOND      =        0.0000
 1-4 VDW =      154.4115  1-4 EEL =     2441.9258  RESTRAINT  =        0.0000


   NSTEP       ENERGY          RMS            GMAX         NAME    NUMBER
    345      -4.5339E+04     4.6556E-01     2.2202E+01     CG         54

 BOND    =     3353.2972  ANGLE   =      107.6816  DIHED      =      553.4645
 VDWAALS =     8020.8279  EEL     =   -59972.3829  HBOND      =        0.0000
 1-4 VDW =      155.2627  1-4 EEL =     2442.3614  RESTRAINT  =        0.0000


   NSTEP       ENERGY          RMS            GMAX         NAME    NUMBER
    350      -4.5351E+04     6.0110E-01     2.6521E+01     CG        663

 BOND    =     3363.1851  ANGLE   =      113.8536  DIHED      =      553.5573
 VDWAALS =     8038.1934  EEL     =   -60018.1327  HBOND      =        0.0000
 1-4 VDW =      155.9346  1-4 EEL =     2442.0902  RESTRAINT  =        0.0000


   NSTEP       ENERGY          RMS            GMAX         NAME    NUMBER
    355      -4.5353E+04     4.7752E-01     2.2230E+01     CG        663

 BOND    =     3361.5421  ANGLE   =      113.2684  DIHED      =      553.4897
 VDWAALS =     8038.3968  EEL     =   -60017.7414  HBOND      =        0.0000
 1-4 VDW =      155.9227  1-4 EEL =     2442.1348  RESTRAINT  =        0.0000


   NSTEP       ENERGY          RMS            GMAX         NAME    NUMBER
    360      -4.5363E+04     4.3907E-01     2.3551E+01     CG         54

 BOND    =     3358.8668  ANGLE   =      107.6451  DIHED      =      553.4773
 VDWAALS =     8036.5665  EEL     =   -60017.7720  HBOND      =        0.0000
 1-4 VDW =      155.4627  1-4 EEL =     2443.0503  RESTRAINT  =        0.0000


   NSTEP       ENERGY          RMS            GMAX         NAME    NUMBER
    365      -4.5378E+04     4.9005E-01     1.6891E+01     OD1        55

 BOND    =     3364.9289  ANGLE   =      111.4409  DIHED      =      552.2142
 VDWAALS =     8035.7037  EEL     =   -60038.3136  HBOND      =        0.0000
 1-4 VDW =      154.3945  1-4 EEL =     2442.0806  RESTRAINT  =        0.0000


   NSTEP       ENERGY          RMS            GMAX         NAME    NUMBER
    370      -4.5385E+04     4.8078E-01     1.6482E+01     CD        666

 BOND    =     3358.9981  ANGLE   =      112.3216  DIHED      =      552.4176
 VDWAALS =     8044.1639  EEL     =   -60047.0411  HBOND      =        0.0000
 1-4 VDW =      153.9313  1-4 EEL =     2440.4602  RESTRAINT  =        0.0000


   NSTEP       ENERGY          RMS            GMAX         NAME    NUMBER
    375      -4.5399E+04     8.0145E-01     5.0502E+01     CD        666

 BOND    =     3372.8096  ANGLE   =      113.2554  DIHED      =      554.0059
 VDWAALS =     8065.0164  EEL     =   -60096.0621  HBOND      =        0.0000
 1-4 VDW =      153.7568  1-4 EEL =     2438.2694  RESTRAINT  =        0.0000


   NSTEP       ENERGY          RMS            GMAX         NAME    NUMBER
    380      -4.5401E+04     6.2575E-01     3.2699E+01     CD        666

 BOND    =     3371.3543  ANGLE   =      113.0281  DIHED      =      553.9499
 VDWAALS =     8064.7604  EEL     =   -60096.1180  HBOND      =        0.0000
 1-4 VDW =      153.7590  1-4 EEL =     2438.2998  RESTRAINT  =        0.0000


   NSTEP       ENERGY          RMS            GMAX         NAME    NUMBER
    385      -4.5414E+04     4.8269E-01     1.6792E+01     CD        666

 BOND    =     3364.0111  ANGLE   =      112.2985  DIHED      =      552.5308
 VDWAALS =     8064.4092  EEL     =   -60101.0603  HBOND      =        0.0000
 1-4 VDW =      153.7365  1-4 EEL =     2439.7367  RESTRAINT  =        0.0000


   NSTEP       ENERGY          RMS            GMAX         NAME    NUMBER
    390      -4.5425E+04     3.8440E-01     1.3192E+01     CG        663

 BOND    =     3370.8649  ANGLE   =      110.1205  DIHED      =      552.6338
 VDWAALS =     8069.4309  EEL     =   -60124.6715  HBOND      =        0.0000
 1-4 VDW =      154.3211  1-4 EEL =     2441.8903  RESTRAINT  =        0.0000


   NSTEP       ENERGY          RMS            GMAX         NAME    NUMBER
    395      -4.5436E+04     4.3232E-01     1.8294E+01     CG         54

 BOND    =     3372.0309  ANGLE   =      108.1598  DIHED      =      553.5934
 VDWAALS =     8084.8434  EEL     =   -60152.1684  HBOND      =        0.0000
 1-4 VDW =      155.1677  1-4 EEL =     2442.6279  RESTRAINT  =        0.0000


   NSTEP       ENERGY          RMS            GMAX         NAME    NUMBER
    400      -4.5446E+04     5.4023E-01     2.3286E+01     CG        663

 BOND    =     3376.8108  ANGLE   =      113.8816  DIHED      =      553.6616
 VDWAALS =     8101.3353  EEL     =   -60189.7455  HBOND      =        0.0000
 1-4 VDW =      155.8709  1-4 EEL =     2442.2960  RESTRAINT  =        0.0000


   NSTEP       ENERGY          RMS            GMAX         NAME    NUMBER
    405      -4.5447E+04     4.2487E-01     1.9397E+01     CG        663

 BOND    =     3375.4381  ANGLE   =      113.2325  DIHED      =      553.5956
 VDWAALS =     8101.5300  EEL     =   -60189.4096  HBOND      =        0.0000
 1-4 VDW =      155.8597  1-4 EEL =     2442.3333  RESTRAINT  =        0.0000


   NSTEP       ENERGY          RMS            GMAX         NAME    NUMBER
    410      -4.5457E+04     4.4837E-01     2.3364E+01     CG         54

 BOND    =     3375.7202  ANGLE   =      107.7984  DIHED      =      553.7404
 VDWAALS =     8099.5420  EEL     =   -60192.0315  HBOND      =        0.0000
 1-4 VDW =      155.3871  1-4 EEL =     2443.2048  RESTRAINT  =        0.0000


   NSTEP       ENERGY          RMS            GMAX         NAME    NUMBER
    415      -4.5472E+04     5.3597E-01     1.6093E+01     OD1        55

 BOND    =     3380.1493  ANGLE   =      111.5692  DIHED      =      552.2371
 VDWAALS =     8100.3029  EEL     =   -60211.9213  HBOND      =        0.0000
 1-4 VDW =      154.2671  1-4 EEL =     2441.7768  RESTRAINT  =        0.0000


   NSTEP       ENERGY          RMS            GMAX         NAME    NUMBER
    420      -4.5477E+04     4.3483E-01     1.3083E+01     H2        802

 BOND    =     3374.8718  ANGLE   =      111.7075  DIHED      =      552.4318
 VDWAALS =     8107.5453  EEL     =   -60218.6164  HBOND      =        0.0000
 1-4 VDW =      154.0268  1-4 EEL =     2440.6639  RESTRAINT  =        0.0000


   NSTEP       ENERGY          RMS            GMAX         NAME    NUMBER
    425      -4.5495E+04     7.5458E-01     4.8789E+01     CD        666

 BOND    =     3387.9614  ANGLE   =      114.2976  DIHED      =      553.8923
 VDWAALS =     8133.5290  EEL     =   -60277.4409  HBOND      =        0.0000
 1-4 VDW =      153.9136  1-4 EEL =     2438.4734  RESTRAINT  =        0.0000


   NSTEP       ENERGY          RMS            GMAX         NAME    NUMBER
    430      -4.5498E+04     5.5990E-01     2.7938E+01     CD        666

 BOND    =     3386.9176  ANGLE   =      113.9609  DIHED      =      553.8135
 VDWAALS =     8133.3094  EEL     =   -60277.9328  HBOND      =        0.0000
 1-4 VDW =      153.9050  1-4 EEL =     2438.5183  RESTRAINT  =        0.0000


   NSTEP       ENERGY          RMS            GMAX         NAME    NUMBER
    435      -4.5511E+04     4.2924E-01     1.3692E+01     CD        666

 BOND    =     3379.5037  ANGLE   =      112.2298  DIHED      =      552.2113
 VDWAALS =     8131.9480  EEL     =   -60281.0450  HBOND      =        0.0000
 1-4 VDW =      153.8602  1-4 EEL =     2440.1185  RESTRAINT  =        0.0000


   NSTEP       ENERGY          RMS            GMAX         NAME    NUMBER
    440      -4.5521E+04     3.6885E-01     1.2891E+01     CG        663

 BOND    =     3387.5249  ANGLE   =      109.4734  DIHED      =      552.3814
 VDWAALS =     8136.2515  EEL     =   -60302.4731  HBOND      =        0.0000
 1-4 VDW =      154.3471  1-4 EEL =     2441.8886  RESTRAINT  =        0.0000


   NSTEP       ENERGY          RMS            GMAX         NAME    NUMBER
    445      -4.5531E+04     4.0465E-01     1.9003E+01     CG         54

 BOND    =     3386.6931  ANGLE   =      108.1992  DIHED      =      553.1350
 VDWAALS =     8150.5817  EEL     =   -60327.0252  HBOND      =        0.0000
 1-4 VDW =      155.2054  1-4 EEL =     2442.4870  RESTRAINT  =        0.0000


   NSTEP       ENERGY          RMS            GMAX         NAME    NUMBER
    450      -4.5540E+04     4.8894E-01     2.4049E+01     CG        663

 BOND    =     3391.0769  ANGLE   =      112.9977  DIHED      =      552.9060
 VDWAALS =     8163.5847  EEL     =   -60358.7338  HBOND      =        0.0000
 1-4 VDW =      155.7143  1-4 EEL =     2442.2427  RESTRAINT  =        0.0000


   NSTEP       ENERGY          RMS            GMAX         NAME    NUMBER
    455      -4.5542E+04     3.6855E-01     1.8318E+01     CG        663

 BOND    =     3390.1614  ANGLE   =      112.4469  DIHED      =      552.8327
 VDWAALS =     8163.7461  EEL     =   -60358.9427  HBOND      =        0.0000
 1-4 VDW =      155.6959  1-4 EEL =     2442.3133  RESTRAINT  =        0.0000


   NSTEP       ENERGY          RMS            GMAX         NAME    NUMBER
    460      -4.5549E+04     4.0929E-01     1.9670E+01     CD        666

 BOND    =     3390.9587  ANGLE   =      107.8252  DIHED      =      552.9436
 VDWAALS =     8162.4967  EEL     =   -60361.6416  HBOND      =        0.0000
 1-4 VDW =      155.2824  1-4 EEL =     2443.1458  RESTRAINT  =        0.0000


   NSTEP       ENERGY          RMS            GMAX         NAME    NUMBER
    465      -4.5562E+04     5.1337E-01     1.6988E+01     OD1        55

 BOND    =     3397.2718  ANGLE   =      111.2510  DIHED      =      551.5413
 VDWAALS =     8164.2539  EEL     =   -60382.4303  HBOND      =        0.0000
 1-4 VDW =      154.3123  1-4 EEL =     2441.8778  RESTRAINT  =        0.0000


   NSTEP       ENERGY          RMS            GMAX         NAME    NUMBER
    470      -4.5568E+04     4.5375E-01     1.2645E+01     CG        625

 BOND    =     3391.6742  ANGLE   =      111.8898  DIHED      =      551.6446
 VDWAALS =     8171.4878  EEL     =   -60389.3976  HBOND      =        0.0000
 1-4 VDW =      153.9862  1-4 EEL =     2440.6568  RESTRAINT  =        0.0000


   NSTEP       ENERGY          RMS            GMAX         NAME    NUMBER
    475      -4.5583E+04     8.0833E-01     3.6473E+01     CD        666

 BOND    =     3405.3158  ANGLE   =      113.5395  DIHED      =      553.0839
 VDWAALS =     8195.4039  EEL     =   -60442.8957  HBOND      =        0.0000
 1-4 VDW =      153.7735  1-4 EEL =     2438.6164  RESTRAINT  =        0.0000


   NSTEP       ENERGY          RMS            GMAX         NAME    NUMBER
    480      -4.5585E+04     6.3863E-01     2.7407E+01     CD        666

 BOND    =     3403.3049  ANGLE   =      113.3338  DIHED      =      553.0218
 VDWAALS =     8195.1424  EEL     =   -60442.4411  HBOND      =        0.0000
 1-4 VDW =      153.7706  1-4 EEL =     2438.6322  RESTRAINT  =        0.0000


   NSTEP       ENERGY          RMS            GMAX         NAME    NUMBER
    485      -4.5600E+04     5.0138E-01     1.8325E+01     CG        625

 BOND    =     3398.1761  ANGLE   =      112.8487  DIHED      =      551.4636
 VDWAALS =     8192.7684  EEL     =   -60448.9988  HBOND      =        0.0000
 1-4 VDW =      153.8385  1-4 EEL =     2439.8591  RESTRAINT  =        0.0000


   NSTEP       ENERGY          RMS            GMAX         NAME    NUMBER
    490      -4.5612E+04     4.0123E-01     1.3153E+01     CG        663

 BOND    =     3400.9659  ANGLE   =      109.5233  DIHED      =      551.5937
 VDWAALS =     8196.9180  EEL     =   -60467.0756  HBOND      =        0.0000
 1-4 VDW =      154.4122  1-4 EEL =     2442.1568  RESTRAINT  =        0.0000


   NSTEP       ENERGY          RMS            GMAX         NAME    NUMBER
    495      -4.5619E+04     3.9704E-01     1.3851E+01     OE1       667

 BOND    =     3402.2432  ANGLE   =      108.4455  DIHED      =      552.1905
 VDWAALS =     8205.7853  EEL     =   -60484.8946  HBOND      =        0.0000
 1-4 VDW =      154.9139  1-4 EEL =     2442.3986  RESTRAINT  =        0.0000


   NSTEP       ENERGY          RMS            GMAX         NAME    NUMBER
    500      -4.5626E+04     3.6284E-01     1.5775E+01     CD        666

 BOND    =     3404.1977  ANGLE   =      111.9211  DIHED      =      552.1299
 VDWAALS =     8215.3100  EEL     =   -60506.5312  HBOND      =        0.0000
 1-4 VDW =      155.3898  1-4 EEL =     2441.9062  RESTRAINT  =        0.0000


  Maximum number of minimization cycles reached.


                    FINAL RESULTS



   NSTEP       ENERGY          RMS            GMAX         NAME    NUMBER
    500      -4.5626E+04     3.6284E-01     1.5775E+01     CD        666

 BOND    =     3404.1977  ANGLE   =      111.9211  DIHED      =      552.1299
 VDWAALS =     8215.3100  EEL     =   -60506.5312  HBOND      =        0.0000
 1-4 VDW =      155.3898  1-4 EEL =     2441.9062  RESTRAINT  =        0.0000
--------------------------------------------------------------------------------
   5.  TIMINGS
--------------------------------------------------------------------------------

|  NonSetup CPU Time in Major Routines:
|
|     Routine           Sec        %
|     ------------------------------
|     Nonbond          25.77   97.78
|     Bond              0.07    0.27
|     Angle             0.05    0.18
|     Dihedral          0.38    1.44
|     Shake             0.00    0.00
|     Other             0.08    0.32
|     ------------------------------
|     Total            26.36

|  PME Nonbond Pairlist CPU Time:
|
|     Routine              Sec        %
|     ---------------------------------
|     Set Up Cit           0.00    0.02
|     Build List           0.28    1.05
|     ---------------------------------
|     Total                0.28    1.06

|  PME Direct Force CPU Time:
|
|     Routine              Sec        %
|     ---------------------------------
|     NonBonded Calc      15.95   60.51
|     Exclude Masked       0.31    1.18
|     Other                0.11    0.42
|     ---------------------------------
|     Total               16.37   62.12

|  PME Reciprocal Force CPU Time:
|
|     Routine              Sec        %
|     ---------------------------------
|     1D bspline           0.29    1.11
|     Grid Charges         0.62    2.37
|     Scalar Sum           3.06   11.61
|     Gradient Sum         0.92    3.51
|     FFT                  4.21   15.98
|     ---------------------------------
|     Total                9.11   34.57

|  Setup CPU time:            0.04 seconds
|  NonSetup CPU time:        26.36 seconds
|  Total CPU time:           26.40 seconds     0.01 hours

|  Setup wall time:           0    seconds
|  NonSetup wall time:       27    seconds
|  Total wall time:          27    seconds     0.01 hours
