
          -------------------------------------------------------
          Amber 16 PMEMD                              2016
          -------------------------------------------------------

| PMEMD implementation of SANDER, Release 16

| Run on 10/27/2017 at 16:10:03

|   Executable path: pmemd.cuda
| Working directory: /home/german/alex/run/1r/mhe/e
|          Hostname: Unknown
  [-O]verwriting output

File Assignments:
|   MDIN: 22equ.in                                                              
|  MDOUT: 22equ.out                                                             
| INPCRD: 21e1r.rst7                                                            
|   PARM: /home/german/alex/top_files/1r.prmtop                                 
| RESTRT: 22e1r.rst7                                                            
|   REFC: 21e1r.rst7                                                            
|  MDVEL: mdvel                                                                 
|   MDEN: mden                                                                  
|  MDCRD: 22e1r.nc                                                              
| MDINFO: mdinfo                                                                
|  MDFRC: mdfrc                                                                 


 Here is the input file:

Equilibration with solute restrictions                                         
&cntrl                                                                         
imin = 0,                           ! No Minimization                          
nmropt = 0,                         ! No NMR restraints read                   
                                                                               
! Nature and format of the input                                               
ntx = 5,                            ! Coordinates but no velocities will be rea
irest = 1,                          ! Do not run a new simulation              
                                                                               
! Nature and format of the output                                              
ntxo = 1,                           ! rstrt file in ASCII format               
ntpr = 500,                         ! inf in output every ntpr steps           
ntwr = 500,                         ! rstrt file every ntwr steps              
ntwx = 500,                         ! mdcrd file every ntwx steps              
ntwv = 0,                           ! mdvel without velocities                 
ntwe = 0,                           ! Energies and temperatures not written in 
idecomp = 0,                        ! No energy decomposition                  
iwrap = 1,                          ! Coordinates of the restart and mdcrd file
                                                                               
! Frozen or restrained atoms                                                   
ibelly = 0,                         ! No frozen atoms                          
ntr=1,                              ! Harmonic potential restraints            
restraint_wt = 0.5,                ! The weight for the positional restraints  
restraintmask = ':1-57@N,CA,C,O',   ! restrained residues                      
                                                                               
! Molecular dynamics                                                           
nstlim = 50000,                     ! Number of MD-steps                       
dt = 0.002,                         ! Time step                                
                                                                               
! Temperature regulation                                                       
ntt = 3,                            ! Langevin thermostat                      
gamma_ln = 5,                       ! Gamma constant for Langevin              
temp0 = 300.0,                      ! Reference T at which the system is to be 
tempi = 300.0,                      ! Initial T                                
ig = -1,                            ! Seed for the RNG                         
                                                                               
! P and V regulation                                                           
ntp = 0,                            ! Constant V                               
ntb = 1,                            ! Periodic box for constant V              
                                                                               
! SHAKE variables                                                              
ntc = 2,                            ! Bonds involving H are constrained        
ntf = 2,                            ! Bond interaction involving H are ommited.
                                                                               
cut = 10.0,                         ! Nonbonded cutoff                         
/                                                                              
&end                                                                           


Note: ig = -1. Setting random seed to   722287 based on wallclock time in 
      microseconds.
 
|--------------------- INFORMATION ----------------------
| GPU (CUDA) Version of PMEMD in use: NVIDIA GPU IN USE.
|                    Version 16.0.0
| 
|                      02/25/2016
| 
| Implementation by:
|                    Ross C. Walker     (SDSC)
|                    Scott Le Grand     (nVIDIA)
| 
| Precision model in use:
|      [SPFP] - Single Precision Forces, 64-bit Fixed Point
|               Accumulation. (Default)
| 
|--------------------------------------------------------
 
|----------------- CITATION INFORMATION -----------------
|
|    When publishing work that utilized the CUDA version
|    of AMBER, please cite the following in addition to
|    the regular AMBER citations:
|
|  - Romelia Salomon-Ferrer; Andreas W. Goetz; Duncan
|    Poole; Scott Le Grand; Ross C. Walker "Routine
|    microsecond molecular dynamics simulations with
|    AMBER - Part II: Particle Mesh Ewald", J. Chem.
|    Theory Comput., 2013, 9 (9), pp3878-3888,
|    DOI: 10.1021/ct400314y.
|
|  - Andreas W. Goetz; Mark J. Williamson; Dong Xu;
|    Duncan Poole; Scott Le Grand; Ross C. Walker
|    "Routine microsecond molecular dynamics simulations
|    with AMBER - Part I: Generalized Born", J. Chem.
|    Theory Comput., 2012, 8 (5), pp1542-1555.
|
|  - Scott Le Grand; Andreas W. Goetz; Ross C. Walker
|    "SPFP: Speed without compromise - a mixed precision
|    model for GPU accelerated molecular dynamics
|    simulations.", Comp. Phys. Comm., 2013, 184
|    pp374-380, DOI: 10.1016/j.cpc.2012.09.022
|
|--------------------------------------------------------
 
|------------------- GPU DEVICE INFO --------------------
|
|            CUDA_VISIBLE_DEVICES: 1
|   CUDA Capable Devices Detected:      1
|           CUDA Device ID in use:      0
|                CUDA Device Name: GeForce GTX 1060 6GB
|     CUDA Device Global Mem Size:   6072 MB
| CUDA Device Num Multiprocessors:     10
|           CUDA Device Core Freq:   1.76 GHz
|
|--------------------------------------------------------
 
 
| Conditional Compilation Defines Used:
| PUBFFT
| BINTRAJ
| CUDA
| EMIL

| Largest sphere to fit in unit cell has radius =    24.199

| New format PARM file being parsed.
| Version =    1.000 Date = 10/26/17 Time = 14:22:23

| Note: 1-4 EEL scale factors are being read from the topology file.

| Note: 1-4 VDW scale factors are being read from the topology file.
| Duplicated    0 dihedrals

| Duplicated    0 dihedrals

--------------------------------------------------------------------------------
   1.  RESOURCE   USE: 
--------------------------------------------------------------------------------

 getting new box info from bottom of inpcrd
 NATOM  =   13656 NTYPES =      17 NBONH =   13195 MBONA  =     468
 NTHETH =    1031 MTHETA =     630 NPHIH =    2066 MPHIA  =    1981
 NHPARM =       0 NPARM  =       0 NNB   =   22021 NRES   =    4309
 NBONA  =     468 NTHETA =     630 NPHIA =    1981 NUMBND =      67
 NUMANG =     152 NPTRA  =     191 NATYP =      36 NPHB   =       1
 IFBOX  =       2 NMXRS  =      25 IFCAP =       0 NEXTRA =       0
 NCOPY  =       0

| Coordinate Index Table dimensions:     9    9    9
| Direct force subcell size =     6.5862    6.5862    6.5862

     BOX TYPE: TRUNCATED OCTAHEDRON

--------------------------------------------------------------------------------
   2.  CONTROL  DATA  FOR  THE  RUN
--------------------------------------------------------------------------------

default_name                                                                    

General flags:
     imin    =       0, nmropt  =       0

Nature and format of input:
     ntx     =       5, irest   =       1, ntrx    =       1

Nature and format of output:
     ntxo    =       1, ntpr    =     500, ntrx    =       1, ntwr    =     500
     iwrap   =       1, ntwx    =     500, ntwv    =       0, ntwe    =       0
     ioutfm  =       1, ntwprt  =       0, idecomp =       0, rbornstat=      0

Potential function:
     ntf     =       2, ntb     =       1, igb     =       0, nsnb    =      25
     ipol    =       0, gbsa    =       0, iesp    =       0
     dielc   =   1.00000, cut     =  10.00000, intdiel =   1.00000

Frozen or restrained atoms:
     ibelly  =       0, ntr     =       1
     restraint_wt =   0.50000

Molecular dynamics:
     nstlim  =     50000, nscm    =         0, nrespa  =         1
     t       =   0.00000, dt      =   0.00200, vlimit  =  -1.00000

Langevin dynamics temperature regulation:
     ig      =  722287
     temp0   = 300.00000, tempi   = 300.00000, gamma_ln=   5.00000

SHAKE:
     ntc     =       2, jfastw  =       0
     tol     =   0.00001

| Intermolecular bonds treatment:
|     no_intermolecular_bonds =       1

| Energy averages sample interval:
|     ene_avg_sampling =     500

Ewald parameters:
     verbose =       0, ew_type =       0, nbflag  =       1, use_pme =       1
     vdwmeth =       1, eedmeth =       1, netfrc  =       1
     Box X =   59.276   Box Y =   59.276   Box Z =   59.276
     Alpha =  109.471   Beta  =  109.471   Gamma =  109.471
     NFFT1 =   64       NFFT2 =   64       NFFT3 =   64
     Cutoff=   10.000   Tol   =0.100E-04
     Ewald Coefficient =  0.27511
     Interpolation order =    4

    LOADING THE CONSTRAINED ATOMS AS GROUPS


   5.  REFERENCE ATOM COORDINATES

  default_name                                                                    
     Mask :1-57@N,CA,C,O; matches   228 atoms

--------------------------------------------------------------------------------
   3.  ATOMIC COORDINATES AND VELOCITIES
--------------------------------------------------------------------------------

default_name                                                                    
 begin time read from input coords =  2240.000 ps

 
 Number of triangulated 3-point waters found:     4248

     Sum of charges from parm topology file =  -0.00000003
     Forcing neutrality...

| Dynamic Memory, Types Used:
| Reals              542286
| Integers           428516

| Nonbonded Pairs Initial Allocation:     4130598

| GPU memory information (estimate):
| KB of GPU memory in use:    133484
| KB of CPU memory in use:     25292

--------------------------------------------------------------------------------
   4.  RESULTS
--------------------------------------------------------------------------------

 ---------------------------------------------------
 APPROXIMATING switch and d/dx switch using CUBIC SPLINE INTERPOLATION
 using   5000.0 points per unit in tabled values
 TESTING RELATIVE ERROR over r ranging from 0.0 to cutoff
| CHECK switch(x): max rel err =   0.2738E-14   at   2.422500
| CHECK d/dx switch(x): max rel err =   0.8314E-11   at   2.736960
 ---------------------------------------------------
|---------------------------------------------------
| APPROXIMATING direct energy using CUBIC SPLINE INTERPOLATION
|  with   50.0 points per unit in tabled values
| Relative Error Limit not exceeded for r .gt.   2.33
| APPROXIMATING direct force using CUBIC SPLINE INTERPOLATION
|  with   50.0 points per unit in tabled values
| Relative Error Limit not exceeded for r .gt.   2.80
|---------------------------------------------------
wrapping first mol.:       19.75862       27.94291       48.39854
wrapping first mol.:       19.75862       27.94291       48.39854

 NSTEP =      500   TIME(PS) =    2241.000  TEMP(K) =   302.01  PRESS =     0.0
 Etot   =    -32998.5295  EKtot   =      8334.0645  EPtot      =    -41332.5940
 BOND   =       192.3151  ANGLE   =       497.2739  DIHED      =       739.9433
 1-4 NB =       198.9131  1-4 EEL =      2895.0388  VDWAALS    =      5339.5865
 EELEC  =    -51208.9148  EHBOND  =         0.0000  RESTRAINT  =        13.2501
 EAMBER (non-restraint)  =    -41345.8441
 ------------------------------------------------------------------------------

wrapping first mol.:       19.75862       27.94291       48.39854
wrapping first mol.:       19.75862       27.94291       48.39854

 NSTEP =     1000   TIME(PS) =    2242.000  TEMP(K) =   298.52  PRESS =     0.0
 Etot   =    -33077.2490  EKtot   =      8237.7852  EPtot      =    -41315.0342
 BOND   =       201.2949  ANGLE   =       489.6882  DIHED      =       743.9069
 1-4 NB =       194.0874  1-4 EEL =      2921.9182  VDWAALS    =      5423.5438
 EELEC  =    -51307.2327  EHBOND  =         0.0000  RESTRAINT  =        17.7591
 EAMBER (non-restraint)  =    -41332.7933
 ------------------------------------------------------------------------------

wrapping first mol.:       19.75862       27.94291       48.39854
wrapping first mol.:       19.75862       27.94291       48.39854

 NSTEP =     1500   TIME(PS) =    2243.000  TEMP(K) =   297.53  PRESS =     0.0
 Etot   =    -33119.4669  EKtot   =      8210.3174  EPtot      =    -41329.7843
 BOND   =       159.3420  ANGLE   =       464.2949  DIHED      =       735.5974
 1-4 NB =       204.8336  1-4 EEL =      2946.6716  VDWAALS    =      5225.0647
 EELEC  =    -51082.4159  EHBOND  =         0.0000  RESTRAINT  =        16.8274
 EAMBER (non-restraint)  =    -41346.6116
 ------------------------------------------------------------------------------

wrapping first mol.:       19.75862       27.94291       48.39854
wrapping first mol.:       19.75862       27.94291       48.39854

 NSTEP =     2000   TIME(PS) =    2244.000  TEMP(K) =   301.01  PRESS =     0.0
 Etot   =    -33270.3572  EKtot   =      8306.4268  EPtot      =    -41576.7840
 BOND   =       170.1343  ANGLE   =       473.6295  DIHED      =       747.9589
 1-4 NB =       206.7619  1-4 EEL =      2954.4436  VDWAALS    =      5626.9063
 EELEC  =    -51773.3766  EHBOND  =         0.0000  RESTRAINT  =        16.7582
 EAMBER (non-restraint)  =    -41593.5422
 ------------------------------------------------------------------------------

wrapping first mol.:       19.75862       27.94291       48.39854
wrapping first mol.:       19.75862       27.94291       48.39854

 NSTEP =     2500   TIME(PS) =    2245.000  TEMP(K) =   299.22  PRESS =     0.0
 Etot   =    -33076.0576  EKtot   =      8256.9951  EPtot      =    -41333.0527
 BOND   =       162.2880  ANGLE   =       496.7162  DIHED      =       755.2241
 1-4 NB =       206.5827  1-4 EEL =      2924.1845  VDWAALS    =      5334.4467
 EELEC  =    -51226.6347  EHBOND  =         0.0000  RESTRAINT  =        14.1399
 EAMBER (non-restraint)  =    -41347.1925
 ------------------------------------------------------------------------------

wrapping first mol.:       19.75862       27.94291       48.39854
wrapping first mol.:       19.75862       27.94291       48.39854

 NSTEP =     3000   TIME(PS) =    2246.000  TEMP(K) =   293.59  PRESS =     0.0
 Etot   =    -33283.5977  EKtot   =      8101.7603  EPtot      =    -41385.3580
 BOND   =       187.5171  ANGLE   =       457.0836  DIHED      =       735.1596
 1-4 NB =       209.9877  1-4 EEL =      2949.8593  VDWAALS    =      5401.3502
 EELEC  =    -51341.5204  EHBOND  =         0.0000  RESTRAINT  =        15.2049
 EAMBER (non-restraint)  =    -41400.5629
 ------------------------------------------------------------------------------

wrapping first mol.:       19.75862       27.94291       48.39854
wrapping first mol.:       19.75862       27.94291       48.39854

 NSTEP =     3500   TIME(PS) =    2247.000  TEMP(K) =   299.67  PRESS =     0.0
 Etot   =    -33115.7395  EKtot   =      8269.3545  EPtot      =    -41385.0940
 BOND   =       183.4707  ANGLE   =       463.3563  DIHED      =       746.1261
 1-4 NB =       199.5195  1-4 EEL =      2918.9138  VDWAALS    =      5315.9390
 EELEC  =    -51225.6640  EHBOND  =         0.0000  RESTRAINT  =        13.2446
 EAMBER (non-restraint)  =    -41398.3387
 ------------------------------------------------------------------------------

wrapping first mol.:       19.75862       27.94291       48.39854
wrapping first mol.:       19.75862       27.94291       48.39854

 NSTEP =     4000   TIME(PS) =    2248.000  TEMP(K) =   296.73  PRESS =     0.0
 Etot   =    -33284.9714  EKtot   =      8188.1729  EPtot      =    -41473.1443
 BOND   =       148.7984  ANGLE   =       486.0947  DIHED      =       745.5919
 1-4 NB =       205.3465  1-4 EEL =      2940.3725  VDWAALS    =      5443.0922
 EELEC  =    -51463.5343  EHBOND  =         0.0000  RESTRAINT  =        21.0938
 EAMBER (non-restraint)  =    -41494.2381
 ------------------------------------------------------------------------------

wrapping first mol.:       19.75862       27.94291       48.39854
wrapping first mol.:       19.75862       27.94291       48.39854

 NSTEP =     4500   TIME(PS) =    2249.000  TEMP(K) =   296.88  PRESS =     0.0
 Etot   =    -33286.8798  EKtot   =      8192.4199  EPtot      =    -41479.2997
 BOND   =       170.5833  ANGLE   =       467.4710  DIHED      =       749.6241
 1-4 NB =       214.5436  1-4 EEL =      2932.9286  VDWAALS    =      5182.0221
 EELEC  =    -51216.5090  EHBOND  =         0.0000  RESTRAINT  =        20.0365
 EAMBER (non-restraint)  =    -41499.3363
 ------------------------------------------------------------------------------

wrapping first mol.:       19.75862       27.94291       48.39854
wrapping first mol.:       19.75862       27.94291       48.39854

 NSTEP =     5000   TIME(PS) =    2250.000  TEMP(K) =   299.01  PRESS =     0.0
 Etot   =    -33041.3530  EKtot   =      8251.2256  EPtot      =    -41292.5786
 BOND   =       179.0517  ANGLE   =       494.4864  DIHED      =       739.6584
 1-4 NB =       207.2961  1-4 EEL =      2939.6276  VDWAALS    =      5344.1001
 EELEC  =    -51219.1546  EHBOND  =         0.0000  RESTRAINT  =        22.3557
 EAMBER (non-restraint)  =    -41314.9343
 ------------------------------------------------------------------------------

wrapping first mol.:       19.75862       27.94291       48.39854
wrapping first mol.:       19.75862       27.94291       48.39854

 NSTEP =     5500   TIME(PS) =    2251.000  TEMP(K) =   294.52  PRESS =     0.0
 Etot   =    -33236.2049  EKtot   =      8127.3101  EPtot      =    -41363.5149
 BOND   =       195.1793  ANGLE   =       492.1132  DIHED      =       760.4079
 1-4 NB =       202.0981  1-4 EEL =      2926.9778  VDWAALS    =      5448.8990
 EELEC  =    -51405.4134  EHBOND  =         0.0000  RESTRAINT  =        16.2233
 EAMBER (non-restraint)  =    -41379.7382
 ------------------------------------------------------------------------------

wrapping first mol.:       19.75862       27.94291       48.39854
wrapping first mol.:       19.75862       27.94291       48.39854

 NSTEP =     6000   TIME(PS) =    2252.000  TEMP(K) =   298.31  PRESS =     0.0
 Etot   =    -33169.6129  EKtot   =      8231.8496  EPtot      =    -41401.4625
 BOND   =       199.3088  ANGLE   =       502.8471  DIHED      =       745.1160
 1-4 NB =       206.3972  1-4 EEL =      2925.5907  VDWAALS    =      5290.1478
 EELEC  =    -51290.1742  EHBOND  =         0.0000  RESTRAINT  =        19.3042
 EAMBER (non-restraint)  =    -41420.7667
 ------------------------------------------------------------------------------

wrapping first mol.:       19.75862       27.94291       48.39854
wrapping first mol.:       19.75862       27.94291       48.39854

 NSTEP =     6500   TIME(PS) =    2253.000  TEMP(K) =   300.46  PRESS =     0.0
 Etot   =    -32961.3183  EKtot   =      8291.2314  EPtot      =    -41252.5497
 BOND   =       176.3122  ANGLE   =       478.3873  DIHED      =       731.5276
 1-4 NB =       205.5897  1-4 EEL =      2949.4353  VDWAALS    =      5432.4394
 EELEC  =    -51240.7718  EHBOND  =         0.0000  RESTRAINT  =        14.5306
 EAMBER (non-restraint)  =    -41267.0803
 ------------------------------------------------------------------------------

wrapping first mol.:       19.75862       27.94291       48.39854
wrapping first mol.:       19.75862       27.94291       48.39854

 NSTEP =     7000   TIME(PS) =    2254.000  TEMP(K) =   298.59  PRESS =     0.0
 Etot   =    -32900.8581  EKtot   =      8239.6152  EPtot      =    -41140.4733
 BOND   =       167.1056  ANGLE   =       490.6271  DIHED      =       735.1343
 1-4 NB =       205.3321  1-4 EEL =      2942.1116  VDWAALS    =      5206.5111
 EELEC  =    -50907.9779  EHBOND  =         0.0000  RESTRAINT  =        20.6828
 EAMBER (non-restraint)  =    -41161.1561
 ------------------------------------------------------------------------------

wrapping first mol.:       19.75862       27.94291       48.39854
wrapping first mol.:       19.75862       27.94291       48.39854

 NSTEP =     7500   TIME(PS) =    2255.000  TEMP(K) =   302.01  PRESS =     0.0
 Etot   =    -32808.7825  EKtot   =      8333.9443  EPtot      =    -41142.7268
 BOND   =       183.6662  ANGLE   =       486.1401  DIHED      =       739.8833
 1-4 NB =       213.3638  1-4 EEL =      2957.2856  VDWAALS    =      5416.8128
 EELEC  =    -51163.0524  EHBOND  =         0.0000  RESTRAINT  =        23.1738
 EAMBER (non-restraint)  =    -41165.9007
 ------------------------------------------------------------------------------

wrapping first mol.:       19.75862       27.94291       48.39854
wrapping first mol.:       19.75862       27.94291       48.39854

 NSTEP =     8000   TIME(PS) =    2256.000  TEMP(K) =   303.84  PRESS =     0.0
 Etot   =    -32925.4799  EKtot   =      8384.6162  EPtot      =    -41310.0961
 BOND   =       167.7757  ANGLE   =       473.5394  DIHED      =       744.2839
 1-4 NB =       196.2882  1-4 EEL =      2953.5742  VDWAALS    =      5388.0553
 EELEC  =    -51247.5331  EHBOND  =         0.0000  RESTRAINT  =        13.9201
 EAMBER (non-restraint)  =    -41324.0162
 ------------------------------------------------------------------------------

wrapping first mol.:       19.75862       27.94291       48.39854
wrapping first mol.:       19.75862       27.94291       48.39854

 NSTEP =     8500   TIME(PS) =    2257.000  TEMP(K) =   298.62  PRESS =     0.0
 Etot   =    -33146.2769  EKtot   =      8240.3984  EPtot      =    -41386.6753
 BOND   =       168.7931  ANGLE   =       474.2705  DIHED      =       738.2552
 1-4 NB =       206.1246  1-4 EEL =      2935.7086  VDWAALS    =      5443.1939
 EELEC  =    -51368.9976  EHBOND  =         0.0000  RESTRAINT  =        15.9764
 EAMBER (non-restraint)  =    -41402.6517
 ------------------------------------------------------------------------------

wrapping first mol.:       19.75862       27.94291       48.39854
wrapping first mol.:       19.75862       27.94291       48.39854

 NSTEP =     9000   TIME(PS) =    2258.000  TEMP(K) =   298.46  PRESS =     0.0
 Etot   =    -32957.0165  EKtot   =      8235.9961  EPtot      =    -41193.0126
 BOND   =       162.5847  ANGLE   =       501.8320  DIHED      =       767.6005
 1-4 NB =       210.0681  1-4 EEL =      2951.5096  VDWAALS    =      5549.6557
 EELEC  =    -51360.5607  EHBOND  =         0.0000  RESTRAINT  =        24.2974
 EAMBER (non-restraint)  =    -41217.3100
 ------------------------------------------------------------------------------

wrapping first mol.:       19.75862       27.94291       48.39854
wrapping first mol.:       19.75862       27.94291       48.39854

 NSTEP =     9500   TIME(PS) =    2259.000  TEMP(K) =   300.44  PRESS =     0.0
 Etot   =    -33082.8164  EKtot   =      8290.5586  EPtot      =    -41373.3750
 BOND   =       179.0400  ANGLE   =       478.0306  DIHED      =       732.5917
 1-4 NB =       200.5801  1-4 EEL =      2946.7920  VDWAALS    =      5330.1538
 EELEC  =    -51255.0525  EHBOND  =         0.0000  RESTRAINT  =        14.4894
 EAMBER (non-restraint)  =    -41387.8644
 ------------------------------------------------------------------------------

wrapping first mol.:       19.75862       27.94291       48.39854
wrapping first mol.:       19.75862       27.94291       48.39854

 NSTEP =    10000   TIME(PS) =    2260.000  TEMP(K) =   300.22  PRESS =     0.0
 Etot   =    -33002.3578  EKtot   =      8284.4795  EPtot      =    -41286.8373
 BOND   =       156.6733  ANGLE   =       469.6703  DIHED      =       743.1832
 1-4 NB =       209.2728  1-4 EEL =      2936.7892  VDWAALS    =      5492.3317
 EELEC  =    -51313.5330  EHBOND  =         0.0000  RESTRAINT  =        18.7752
 EAMBER (non-restraint)  =    -41305.6125
 ------------------------------------------------------------------------------

wrapping first mol.:       19.75862       27.94291       48.39854
wrapping first mol.:       19.75862       27.94291       48.39854

 NSTEP =    10500   TIME(PS) =    2261.000  TEMP(K) =   297.13  PRESS =     0.0
 Etot   =    -32941.5693  EKtot   =      8199.2998  EPtot      =    -41140.8691
 BOND   =       170.2957  ANGLE   =       496.7423  DIHED      =       739.2619
 1-4 NB =       205.5511  1-4 EEL =      2908.7181  VDWAALS    =      5247.7548
 EELEC  =    -50926.4921  EHBOND  =         0.0000  RESTRAINT  =        17.2991
 EAMBER (non-restraint)  =    -41158.1682
 ------------------------------------------------------------------------------

wrapping first mol.:       19.75862       27.94291       48.39854
wrapping first mol.:       19.75862       27.94291       48.39854

 NSTEP =    11000   TIME(PS) =    2262.000  TEMP(K) =   298.03  PRESS =     0.0
 Etot   =    -33174.0187  EKtot   =      8224.2988  EPtot      =    -41398.3176
 BOND   =       174.4461  ANGLE   =       453.0123  DIHED      =       745.1240
 1-4 NB =       196.7524  1-4 EEL =      2919.6324  VDWAALS    =      5298.2618
 EELEC  =    -51200.4094  EHBOND  =         0.0000  RESTRAINT  =        14.8628
 EAMBER (non-restraint)  =    -41413.1804
 ------------------------------------------------------------------------------

wrapping first mol.:       19.75862       27.94291       48.39854
wrapping first mol.:       19.75862       27.94291       48.39854

 NSTEP =    11500   TIME(PS) =    2263.000  TEMP(K) =   302.26  PRESS =     0.0
 Etot   =    -33050.2633  EKtot   =      8341.0029  EPtot      =    -41391.2662
 BOND   =       180.4779  ANGLE   =       499.5263  DIHED      =       732.8433
 1-4 NB =       206.6776  1-4 EEL =      2907.8915  VDWAALS    =      5270.0626
 EELEC  =    -51203.4465  EHBOND  =         0.0000  RESTRAINT  =        14.7012
 EAMBER (non-restraint)  =    -41405.9674
 ------------------------------------------------------------------------------

wrapping first mol.:       19.75862       27.94291       48.39854
wrapping first mol.:       19.75862       27.94291       48.39854

 NSTEP =    12000   TIME(PS) =    2264.000  TEMP(K) =   301.05  PRESS =     0.0
 Etot   =    -33076.0677  EKtot   =      8307.6445  EPtot      =    -41383.7122
 BOND   =       180.3677  ANGLE   =       472.2448  DIHED      =       745.9021
 1-4 NB =       193.0628  1-4 EEL =      2917.8151  VDWAALS    =      5317.0691
 EELEC  =    -51228.2884  EHBOND  =         0.0000  RESTRAINT  =        18.1147
 EAMBER (non-restraint)  =    -41401.8269
 ------------------------------------------------------------------------------

wrapping first mol.:       19.75862       27.94291       48.39854
wrapping first mol.:       19.75862       27.94291       48.39854

 NSTEP =    12500   TIME(PS) =    2265.000  TEMP(K) =   302.32  PRESS =     0.0
 Etot   =    -32920.8191  EKtot   =      8342.6787  EPtot      =    -41263.4979
 BOND   =       176.4305  ANGLE   =       482.2458  DIHED      =       735.0620
 1-4 NB =       204.7361  1-4 EEL =      2940.4585  VDWAALS    =      5206.5891
 EELEC  =    -51028.2148  EHBOND  =         0.0000  RESTRAINT  =        19.1950
 EAMBER (non-restraint)  =    -41282.6928
 ------------------------------------------------------------------------------

wrapping first mol.:       19.75862       27.94291       48.39854
wrapping first mol.:       19.75862       27.94291       48.39854

 NSTEP =    13000   TIME(PS) =    2266.000  TEMP(K) =   302.76  PRESS =     0.0
 Etot   =    -33086.6286  EKtot   =      8354.6299  EPtot      =    -41441.2585
 BOND   =       160.9519  ANGLE   =       456.5803  DIHED      =       739.6992
 1-4 NB =       211.4781  1-4 EEL =      2950.0755  VDWAALS    =      5586.8621
 EELEC  =    -51566.4850  EHBOND  =         0.0000  RESTRAINT  =        19.5795
 EAMBER (non-restraint)  =    -41460.8380
 ------------------------------------------------------------------------------

wrapping first mol.:       19.75862       27.94291       48.39854
wrapping first mol.:       19.75862       27.94291       48.39854

 NSTEP =    13500   TIME(PS) =    2267.000  TEMP(K) =   301.13  PRESS =     0.0
 Etot   =    -32827.4545  EKtot   =      8309.6543  EPtot      =    -41137.1088
 BOND   =       203.0266  ANGLE   =       474.1723  DIHED      =       752.2354
 1-4 NB =       192.7832  1-4 EEL =      2912.2553  VDWAALS    =      5347.1202
 EELEC  =    -51036.7090  EHBOND  =         0.0000  RESTRAINT  =        18.0074
 EAMBER (non-restraint)  =    -41155.1161
 ------------------------------------------------------------------------------

wrapping first mol.:       19.75862       27.94291       48.39854
wrapping first mol.:       19.75862       27.94291       48.39854

 NSTEP =    14000   TIME(PS) =    2268.000  TEMP(K) =   302.76  PRESS =     0.0
 Etot   =    -33034.6120  EKtot   =      8354.7197  EPtot      =    -41389.3317
 BOND   =       189.2077  ANGLE   =       486.6573  DIHED      =       743.3609
 1-4 NB =       188.8008  1-4 EEL =      2916.2166  VDWAALS    =      5363.7599
 EELEC  =    -51298.8367  EHBOND  =         0.0000  RESTRAINT  =        21.5018
 EAMBER (non-restraint)  =    -41410.8336
 ------------------------------------------------------------------------------

wrapping first mol.:       19.75862       27.94291       48.39854
wrapping first mol.:       19.75862       27.94291       48.39854

 NSTEP =    14500   TIME(PS) =    2269.000  TEMP(K) =   297.08  PRESS =     0.0
 Etot   =    -32915.3556  EKtot   =      8197.8730  EPtot      =    -41113.2287
 BOND   =       177.4671  ANGLE   =       499.8285  DIHED      =       748.6709
 1-4 NB =       189.9348  1-4 EEL =      2940.6620  VDWAALS    =      5225.5442
 EELEC  =    -50909.9186  EHBOND  =         0.0000  RESTRAINT  =        14.5824
 EAMBER (non-restraint)  =    -41127.8111
 ------------------------------------------------------------------------------

wrapping first mol.:       19.75862       27.94291       48.39854
wrapping first mol.:       19.75862       27.94291       48.39854

 NSTEP =    15000   TIME(PS) =    2270.000  TEMP(K) =   299.05  PRESS =     0.0
 Etot   =    -33216.0154  EKtot   =      8252.2578  EPtot      =    -41468.2732
 BOND   =       165.6102  ANGLE   =       471.1118  DIHED      =       729.7271
 1-4 NB =       200.1209  1-4 EEL =      2936.8559  VDWAALS    =      5459.0142
 EELEC  =    -51452.7984  EHBOND  =         0.0000  RESTRAINT  =        22.0851
 EAMBER (non-restraint)  =    -41490.3583
 ------------------------------------------------------------------------------

wrapping first mol.:       19.75862       27.94291       48.39854
wrapping first mol.:       19.75862       27.94291       48.39854

 NSTEP =    15500   TIME(PS) =    2271.000  TEMP(K) =   296.70  PRESS =     0.0
 Etot   =    -33124.3699  EKtot   =      8187.4570  EPtot      =    -41311.8270
 BOND   =       165.7678  ANGLE   =       484.7573  DIHED      =       748.0155
 1-4 NB =       199.1995  1-4 EEL =      2911.4199  VDWAALS    =      5269.4682
 EELEC  =    -51109.5061  EHBOND  =         0.0000  RESTRAINT  =        19.0509
 EAMBER (non-restraint)  =    -41330.8779
 ------------------------------------------------------------------------------

wrapping first mol.:       19.75862       27.94291       48.39854
wrapping first mol.:       19.75862       27.94291       48.39854

 NSTEP =    16000   TIME(PS) =    2272.000  TEMP(K) =   300.61  PRESS =     0.0
 Etot   =    -33044.1661  EKtot   =      8295.2480  EPtot      =    -41339.4141
 BOND   =       172.6781  ANGLE   =       475.9619  DIHED      =       750.4528
 1-4 NB =       197.7594  1-4 EEL =      2917.9321  VDWAALS    =      5357.2227
 EELEC  =    -51234.4515  EHBOND  =         0.0000  RESTRAINT  =        23.0305
 EAMBER (non-restraint)  =    -41362.4446
 ------------------------------------------------------------------------------

wrapping first mol.:       19.75862       27.94291       48.39854
wrapping first mol.:       19.75862       27.94291       48.39854

 NSTEP =    16500   TIME(PS) =    2273.000  TEMP(K) =   300.08  PRESS =     0.0
 Etot   =    -33131.4726  EKtot   =      8280.6807  EPtot      =    -41412.1532
 BOND   =       161.1597  ANGLE   =       467.6793  DIHED      =       737.1372
 1-4 NB =       205.2924  1-4 EEL =      2952.2056  VDWAALS    =      5396.3994
 EELEC  =    -51352.5523  EHBOND  =         0.0000  RESTRAINT  =        20.5255
 EAMBER (non-restraint)  =    -41432.6787
 ------------------------------------------------------------------------------

wrapping first mol.:       19.75862       27.94291       48.39854
wrapping first mol.:       19.75862       27.94291       48.39854

 NSTEP =    17000   TIME(PS) =    2274.000  TEMP(K) =   299.93  PRESS =     0.0
 Etot   =    -33393.0447  EKtot   =      8276.6289  EPtot      =    -41669.6736
 BOND   =       168.5563  ANGLE   =       479.4652  DIHED      =       733.1375
 1-4 NB =       200.0266  1-4 EEL =      2926.5142  VDWAALS    =      5304.2034
 EELEC  =    -51503.0166  EHBOND  =         0.0000  RESTRAINT  =        21.4399
 EAMBER (non-restraint)  =    -41691.1135
 ------------------------------------------------------------------------------

wrapping first mol.:       19.75862       27.94291       48.39854
wrapping first mol.:       19.75862       27.94291       48.39854

 NSTEP =    17500   TIME(PS) =    2275.000  TEMP(K) =   301.76  PRESS =     0.0
 Etot   =    -33016.0776  EKtot   =      8327.0752  EPtot      =    -41343.1528
 BOND   =       174.1668  ANGLE   =       470.1859  DIHED      =       750.5501
 1-4 NB =       199.2139  1-4 EEL =      2936.5180  VDWAALS    =      5413.8375
 EELEC  =    -51308.6893  EHBOND  =         0.0000  RESTRAINT  =        21.0643
 EAMBER (non-restraint)  =    -41364.2172
 ------------------------------------------------------------------------------

wrapping first mol.:       19.75862       27.94291       48.39854
wrapping first mol.:       19.75862       27.94291       48.39854

 NSTEP =    18000   TIME(PS) =    2276.000  TEMP(K) =   302.49  PRESS =     0.0
 Etot   =    -33030.0089  EKtot   =      8347.3145  EPtot      =    -41377.3233
 BOND   =       161.2668  ANGLE   =       494.2777  DIHED      =       741.0675
 1-4 NB =       198.2463  1-4 EEL =      2914.4794  VDWAALS    =      5158.9993
 EELEC  =    -51066.7317  EHBOND  =         0.0000  RESTRAINT  =        21.0713
 EAMBER (non-restraint)  =    -41398.3947
 ------------------------------------------------------------------------------

wrapping first mol.:       19.75862       27.94291       48.39854
wrapping first mol.:       19.75862       27.94291       48.39854

 NSTEP =    18500   TIME(PS) =    2277.000  TEMP(K) =   303.49  PRESS =     0.0
 Etot   =    -32852.8239  EKtot   =      8374.8760  EPtot      =    -41227.6998
 BOND   =       161.6324  ANGLE   =       479.9161  DIHED      =       756.0200
 1-4 NB =       204.0442  1-4 EEL =      2894.4324  VDWAALS    =      5402.5218
 EELEC  =    -51145.7244  EHBOND  =         0.0000  RESTRAINT  =        19.4577
 EAMBER (non-restraint)  =    -41247.1575
 ------------------------------------------------------------------------------

wrapping first mol.:       19.75862       27.94291       48.39854
wrapping first mol.:       19.75862       27.94291       48.39854

 NSTEP =    19000   TIME(PS) =    2278.000  TEMP(K) =   290.08  PRESS =     0.0
 Etot   =    -33204.6339  EKtot   =      8004.8994  EPtot      =    -41209.5333
 BOND   =       168.2898  ANGLE   =       496.6033  DIHED      =       751.1832
 1-4 NB =       197.6564  1-4 EEL =      2939.9727  VDWAALS    =      5407.4952
 EELEC  =    -51189.0987  EHBOND  =         0.0000  RESTRAINT  =        18.3647
 EAMBER (non-restraint)  =    -41227.8980
 ------------------------------------------------------------------------------

wrapping first mol.:       19.75862       27.94291       48.39854
wrapping first mol.:       19.75862       27.94291       48.39854

 NSTEP =    19500   TIME(PS) =    2279.000  TEMP(K) =   300.68  PRESS =     0.0
 Etot   =    -32981.2032  EKtot   =      8297.3652  EPtot      =    -41278.5684
 BOND   =       167.0343  ANGLE   =       430.5064  DIHED      =       758.3975
 1-4 NB =       210.7562  1-4 EEL =      2937.2392  VDWAALS    =      5365.4670
 EELEC  =    -51165.9217  EHBOND  =         0.0000  RESTRAINT  =        17.9527
 EAMBER (non-restraint)  =    -41296.5211
 ------------------------------------------------------------------------------

wrapping first mol.:       19.75862       27.94291       48.39854
wrapping first mol.:       19.75862       27.94291       48.39854

 NSTEP =    20000   TIME(PS) =    2280.000  TEMP(K) =   300.28  PRESS =     0.0
 Etot   =    -33125.6143  EKtot   =      8286.2129  EPtot      =    -41411.8272
 BOND   =       161.0664  ANGLE   =       475.3037  DIHED      =       739.9746
 1-4 NB =       212.3787  1-4 EEL =      2952.9785  VDWAALS    =      5270.3576
 EELEC  =    -51244.9814  EHBOND  =         0.0000  RESTRAINT  =        21.0948
 EAMBER (non-restraint)  =    -41432.9219
 ------------------------------------------------------------------------------

wrapping first mol.:       19.75862       27.94291       48.39854
wrapping first mol.:       19.75862       27.94291       48.39854

 NSTEP =    20500   TIME(PS) =    2281.000  TEMP(K) =   303.46  PRESS =     0.0
 Etot   =    -32998.8700  EKtot   =      8373.9756  EPtot      =    -41372.8456
 BOND   =       182.4415  ANGLE   =       468.1993  DIHED      =       748.4086
 1-4 NB =       204.3529  1-4 EEL =      2928.2974  VDWAALS    =      5477.0810
 EELEC  =    -51398.4866  EHBOND  =         0.0000  RESTRAINT  =        16.8603
 EAMBER (non-restraint)  =    -41389.7059
 ------------------------------------------------------------------------------

wrapping first mol.:       19.75862       27.94291       48.39854
wrapping first mol.:       19.75862       27.94291       48.39854

 NSTEP =    21000   TIME(PS) =    2282.000  TEMP(K) =   297.13  PRESS =     0.0
 Etot   =    -33269.9310  EKtot   =      8199.2881  EPtot      =    -41469.2191
 BOND   =       167.8488  ANGLE   =       485.0362  DIHED      =       760.1866
 1-4 NB =       197.1077  1-4 EEL =      2930.5347  VDWAALS    =      5463.4691
 EELEC  =    -51493.2703  EHBOND  =         0.0000  RESTRAINT  =        19.8679
 EAMBER (non-restraint)  =    -41489.0871
 ------------------------------------------------------------------------------

wrapping first mol.:       19.75862       27.94291       48.39854
wrapping first mol.:       19.75862       27.94291       48.39854

 NSTEP =    21500   TIME(PS) =    2283.000  TEMP(K) =   296.78  PRESS =     0.0
 Etot   =    -33173.5606  EKtot   =      8189.6694  EPtot      =    -41363.2301
 BOND   =       175.2178  ANGLE   =       480.0068  DIHED      =       752.9087
 1-4 NB =       202.9176  1-4 EEL =      2932.5762  VDWAALS    =      5435.0117
 EELEC  =    -51358.5328  EHBOND  =         0.0000  RESTRAINT  =        16.6641
 EAMBER (non-restraint)  =    -41379.8941
 ------------------------------------------------------------------------------

wrapping first mol.:       19.75862       27.94291       48.39854
wrapping first mol.:       19.75862       27.94291       48.39854

 NSTEP =    22000   TIME(PS) =    2284.000  TEMP(K) =   298.25  PRESS =     0.0
 Etot   =    -32973.6334  EKtot   =      8230.1133  EPtot      =    -41203.7467
 BOND   =       177.7739  ANGLE   =       486.4176  DIHED      =       750.2385
 1-4 NB =       211.0166  1-4 EEL =      2944.4785  VDWAALS    =      5332.0503
 EELEC  =    -51121.3379  EHBOND  =         0.0000  RESTRAINT  =        15.6158
 EAMBER (non-restraint)  =    -41219.3624
 ------------------------------------------------------------------------------

wrapping first mol.:       19.75862       27.94291       48.39854
wrapping first mol.:       19.75862       27.94291       48.39854

 NSTEP =    22500   TIME(PS) =    2285.000  TEMP(K) =   297.72  PRESS =     0.0
 Etot   =    -33234.2387  EKtot   =      8215.7471  EPtot      =    -41449.9858
 BOND   =       195.9035  ANGLE   =       471.4680  DIHED      =       726.4708
 1-4 NB =       197.2917  1-4 EEL =      2948.4678  VDWAALS    =      5319.6717
 EELEC  =    -51331.1065  EHBOND  =         0.0000  RESTRAINT  =        21.8473
 EAMBER (non-restraint)  =    -41471.8331
 ------------------------------------------------------------------------------

wrapping first mol.:       19.75862       27.94291       48.39854
wrapping first mol.:       19.75862       27.94291       48.39854

 NSTEP =    23000   TIME(PS) =    2286.000  TEMP(K) =   297.28  PRESS =     0.0
 Etot   =    -33116.3318  EKtot   =      8203.4414  EPtot      =    -41319.7732
 BOND   =       171.1859  ANGLE   =       464.0711  DIHED      =       730.5026
 1-4 NB =       202.6190  1-4 EEL =      2928.6848  VDWAALS    =      5235.2368
 EELEC  =    -51070.6095  EHBOND  =         0.0000  RESTRAINT  =        18.5361
 EAMBER (non-restraint)  =    -41338.3093
 ------------------------------------------------------------------------------

wrapping first mol.:       19.75862       27.94291       48.39854
wrapping first mol.:       19.75862       27.94291       48.39854

 NSTEP =    23500   TIME(PS) =    2287.000  TEMP(K) =   299.77  PRESS =     0.0
 Etot   =    -33053.8419  EKtot   =      8272.1768  EPtot      =    -41326.0187
 BOND   =       169.7557  ANGLE   =       522.6248  DIHED      =       737.5823
 1-4 NB =       197.4170  1-4 EEL =      2935.7256  VDWAALS    =      5250.8492
 EELEC  =    -51158.6740  EHBOND  =         0.0000  RESTRAINT  =        18.7007
 EAMBER (non-restraint)  =    -41344.7194
 ------------------------------------------------------------------------------

wrapping first mol.:       19.75862       27.94291       48.39854
wrapping first mol.:       19.75862       27.94291       48.39854

 NSTEP =    24000   TIME(PS) =    2288.000  TEMP(K) =   301.22  PRESS =     0.0
 Etot   =    -33063.6584  EKtot   =      8312.1045  EPtot      =    -41375.7629
 BOND   =       169.6580  ANGLE   =       488.9704  DIHED      =       740.3579
 1-4 NB =       207.5134  1-4 EEL =      2923.7377  VDWAALS    =      5404.4285
 EELEC  =    -51330.3641  EHBOND  =         0.0000  RESTRAINT  =        19.9353
 EAMBER (non-restraint)  =    -41395.6982
 ------------------------------------------------------------------------------

wrapping first mol.:       19.75862       27.94291       48.39854
wrapping first mol.:       19.75862       27.94291       48.39854

 NSTEP =    24500   TIME(PS) =    2289.000  TEMP(K) =   297.01  PRESS =     0.0
 Etot   =    -33325.6467  EKtot   =      8195.9648  EPtot      =    -41521.6116
 BOND   =       175.4806  ANGLE   =       484.6049  DIHED      =       743.8360
 1-4 NB =       199.1695  1-4 EEL =      2926.8346  VDWAALS    =      5438.2660
 EELEC  =    -51512.0366  EHBOND  =         0.0000  RESTRAINT  =        22.2335
 EAMBER (non-restraint)  =    -41543.8451
 ------------------------------------------------------------------------------

wrapping first mol.:       19.75862       27.94291       48.39854
wrapping first mol.:       19.75862       27.94291       48.39854

 NSTEP =    25000   TIME(PS) =    2290.000  TEMP(K) =   302.25  PRESS =     0.0
 Etot   =    -32982.4023  EKtot   =      8340.7441  EPtot      =    -41323.1464
 BOND   =       200.4376  ANGLE   =       463.3656  DIHED      =       742.7331
 1-4 NB =       195.2288  1-4 EEL =      2938.0774  VDWAALS    =      5475.7114
 EELEC  =    -51360.8769  EHBOND  =         0.0000  RESTRAINT  =        22.1767
 EAMBER (non-restraint)  =    -41345.3231
 ------------------------------------------------------------------------------

wrapping first mol.:       19.75862       27.94291       48.39854
wrapping first mol.:       19.75862       27.94291       48.39854

 NSTEP =    25500   TIME(PS) =    2291.000  TEMP(K) =   301.82  PRESS =     0.0
 Etot   =    -32939.3677  EKtot   =      8328.7480  EPtot      =    -41268.1158
 BOND   =       192.2882  ANGLE   =       478.1223  DIHED      =       744.2371
 1-4 NB =       207.0799  1-4 EEL =      2934.3822  VDWAALS    =      5409.1868
 EELEC  =    -51251.2046  EHBOND  =         0.0000  RESTRAINT  =        17.7924
 EAMBER (non-restraint)  =    -41285.9081
 ------------------------------------------------------------------------------

wrapping first mol.:       19.75862       27.94291       48.39854
wrapping first mol.:       19.75862       27.94291       48.39854

 NSTEP =    26000   TIME(PS) =    2292.000  TEMP(K) =   304.03  PRESS =     0.0
 Etot   =    -33097.5192  EKtot   =      8389.7637  EPtot      =    -41487.2829
 BOND   =       185.6805  ANGLE   =       499.1587  DIHED      =       742.5646
 1-4 NB =       195.5443  1-4 EEL =      2897.1663  VDWAALS    =      5386.0669
 EELEC  =    -51413.6821  EHBOND  =         0.0000  RESTRAINT  =        20.2180
 EAMBER (non-restraint)  =    -41507.5008
 ------------------------------------------------------------------------------

wrapping first mol.:       19.75862       27.94291       48.39854
wrapping first mol.:       19.75862       27.94291       48.39854

 NSTEP =    26500   TIME(PS) =    2293.000  TEMP(K) =   301.99  PRESS =     0.0
 Etot   =    -33239.9374  EKtot   =      8333.5273  EPtot      =    -41573.4648
 BOND   =       167.2058  ANGLE   =       495.3600  DIHED      =       743.0309
 1-4 NB =       202.0585  1-4 EEL =      2935.6546  VDWAALS    =      5414.2657
 EELEC  =    -51549.3201  EHBOND  =         0.0000  RESTRAINT  =        18.2797
 EAMBER (non-restraint)  =    -41591.7445
 ------------------------------------------------------------------------------

wrapping first mol.:       19.75862       27.94291       48.39854
wrapping first mol.:       19.75862       27.94291       48.39854

 NSTEP =    27000   TIME(PS) =    2294.000  TEMP(K) =   301.78  PRESS =     0.0
 Etot   =    -33417.7365  EKtot   =      8327.6064  EPtot      =    -41745.3429
 BOND   =       191.7645  ANGLE   =       474.9819  DIHED      =       751.3362
 1-4 NB =       199.5029  1-4 EEL =      2940.0906  VDWAALS    =      5514.9532
 EELEC  =    -51839.8134  EHBOND  =         0.0000  RESTRAINT  =        21.8410
 EAMBER (non-restraint)  =    -41767.1840
 ------------------------------------------------------------------------------

wrapping first mol.:       19.75862       27.94291       48.39854
wrapping first mol.:       19.75862       27.94291       48.39854

 NSTEP =    27500   TIME(PS) =    2295.000  TEMP(K) =   295.75  PRESS =     0.0
 Etot   =    -33263.9866  EKtot   =      8161.2485  EPtot      =    -41425.2352
 BOND   =       163.7982  ANGLE   =       457.9935  DIHED      =       740.4298
 1-4 NB =       207.7628  1-4 EEL =      2959.8744  VDWAALS    =      5376.9860
 EELEC  =    -51353.4273  EHBOND  =         0.0000  RESTRAINT  =        21.3474
 EAMBER (non-restraint)  =    -41446.5826
 ------------------------------------------------------------------------------

wrapping first mol.:       19.75862       27.94291       48.39854
wrapping first mol.:       19.75862       27.94291       48.39854

 NSTEP =    28000   TIME(PS) =    2296.000  TEMP(K) =   298.28  PRESS =     0.0
 Etot   =    -33277.6118  EKtot   =      8231.1396  EPtot      =    -41508.7514
 BOND   =       163.8571  ANGLE   =       469.9285  DIHED      =       748.8480
 1-4 NB =       193.2697  1-4 EEL =      2932.4598  VDWAALS    =      5422.0573
 EELEC  =    -51456.8800  EHBOND  =         0.0000  RESTRAINT  =        17.7081
 EAMBER (non-restraint)  =    -41526.4595
 ------------------------------------------------------------------------------

wrapping first mol.:       19.75862       27.94291       48.39854
wrapping first mol.:       19.75862       27.94291       48.39854

 NSTEP =    28500   TIME(PS) =    2297.000  TEMP(K) =   301.68  PRESS =     0.0
 Etot   =    -33286.7771  EKtot   =      8324.8477  EPtot      =    -41611.6248
 BOND   =       162.1926  ANGLE   =       474.8855  DIHED      =       748.7411
 1-4 NB =       204.9472  1-4 EEL =      2945.7670  VDWAALS    =      5461.2531
 EELEC  =    -51627.2744  EHBOND  =         0.0000  RESTRAINT  =        17.8630
 EAMBER (non-restraint)  =    -41629.4878
 ------------------------------------------------------------------------------

wrapping first mol.:       19.75862       27.94291       48.39854
wrapping first mol.:       19.75862       27.94291       48.39854

 NSTEP =    29000   TIME(PS) =    2298.000  TEMP(K) =   300.77  PRESS =     0.0
 Etot   =    -33139.2143  EKtot   =      8299.8682  EPtot      =    -41439.0824
 BOND   =       169.0540  ANGLE   =       480.4890  DIHED      =       747.2201
 1-4 NB =       211.0665  1-4 EEL =      2964.4076  VDWAALS    =      5452.4125
 EELEC  =    -51484.8817  EHBOND  =         0.0000  RESTRAINT  =        21.1495
 EAMBER (non-restraint)  =    -41460.2319
 ------------------------------------------------------------------------------

wrapping first mol.:       19.75862       27.94291       48.39854
wrapping first mol.:       19.75862       27.94291       48.39854

 NSTEP =    29500   TIME(PS) =    2299.000  TEMP(K) =   297.69  PRESS =     0.0
 Etot   =    -33435.1320  EKtot   =      8214.7559  EPtot      =    -41649.8879
 BOND   =       165.5723  ANGLE   =       476.7253  DIHED      =       749.0130
 1-4 NB =       195.4473  1-4 EEL =      2880.0138  VDWAALS    =      5572.5895
 EELEC  =    -51714.3380  EHBOND  =         0.0000  RESTRAINT  =        25.0890
 EAMBER (non-restraint)  =    -41674.9769
 ------------------------------------------------------------------------------

wrapping first mol.:       19.75862       27.94291       48.39854
wrapping first mol.:       19.75862       27.94291       48.39854

 NSTEP =    30000   TIME(PS) =    2300.000  TEMP(K) =   299.81  PRESS =     0.0
 Etot   =    -33262.0038  EKtot   =      8273.3896  EPtot      =    -41535.3934
 BOND   =       164.3354  ANGLE   =       477.5653  DIHED      =       744.4017
 1-4 NB =       199.2204  1-4 EEL =      2940.9289  VDWAALS    =      5317.1459
 EELEC  =    -51402.9325  EHBOND  =         0.0000  RESTRAINT  =        23.9414
 EAMBER (non-restraint)  =    -41559.3348
 ------------------------------------------------------------------------------

wrapping first mol.:       19.75862       27.94291       48.39854
wrapping first mol.:       19.75862       27.94291       48.39854

 NSTEP =    30500   TIME(PS) =    2301.000  TEMP(K) =   299.41  PRESS =     0.0
 Etot   =    -33176.2806  EKtot   =      8262.1650  EPtot      =    -41438.4456
 BOND   =       195.2082  ANGLE   =       491.1847  DIHED      =       745.5244
 1-4 NB =       197.4499  1-4 EEL =      2913.4771  VDWAALS    =      5566.2123
 EELEC  =    -51565.2723  EHBOND  =         0.0000  RESTRAINT  =        17.7699
 EAMBER (non-restraint)  =    -41456.2156
 ------------------------------------------------------------------------------

wrapping first mol.:       19.75862       27.94291       48.39854
wrapping first mol.:       19.75862       27.94291       48.39854

 NSTEP =    31000   TIME(PS) =    2302.000  TEMP(K) =   295.66  PRESS =     0.0
 Etot   =    -33347.7779  EKtot   =      8158.8667  EPtot      =    -41506.6446
 BOND   =       166.4825  ANGLE   =       479.6619  DIHED      =       761.6787
 1-4 NB =       204.9127  1-4 EEL =      2940.1895  VDWAALS    =      5351.6814
 EELEC  =    -51427.4732  EHBOND  =         0.0000  RESTRAINT  =        16.2219
 EAMBER (non-restraint)  =    -41522.8666
 ------------------------------------------------------------------------------

wrapping first mol.:       19.75862       27.94291       48.39854
wrapping first mol.:       19.75862       27.94291       48.39854

 NSTEP =    31500   TIME(PS) =    2303.000  TEMP(K) =   299.13  PRESS =     0.0
 Etot   =    -33006.5920  EKtot   =      8254.6572  EPtot      =    -41261.2493
 BOND   =       173.8981  ANGLE   =       474.8047  DIHED      =       732.1611
 1-4 NB =       208.1750  1-4 EEL =      2964.4356  VDWAALS    =      5286.9183
 EELEC  =    -51117.5149  EHBOND  =         0.0000  RESTRAINT  =        15.8728
 EAMBER (non-restraint)  =    -41277.1220
 ------------------------------------------------------------------------------

wrapping first mol.:       19.75862       27.94291       48.39854
wrapping first mol.:       19.75862       27.94291       48.39854

 NSTEP =    32000   TIME(PS) =    2304.000  TEMP(K) =   298.13  PRESS =     0.0
 Etot   =    -33191.0153  EKtot   =      8226.9736  EPtot      =    -41417.9889
 BOND   =       159.7033  ANGLE   =       475.0765  DIHED      =       734.8333
 1-4 NB =       211.7657  1-4 EEL =      2935.0201  VDWAALS    =      5366.4454
 EELEC  =    -51317.1696  EHBOND  =         0.0000  RESTRAINT  =        16.3365
 EAMBER (non-restraint)  =    -41434.3254
 ------------------------------------------------------------------------------

wrapping first mol.:       19.75862       27.94291       48.39854
wrapping first mol.:       19.75862       27.94291       48.39854

 NSTEP =    32500   TIME(PS) =    2305.000  TEMP(K) =   300.43  PRESS =     0.0
 Etot   =    -33054.3549  EKtot   =      8290.2773  EPtot      =    -41344.6322
 BOND   =       175.3599  ANGLE   =       488.2154  DIHED      =       739.8172
 1-4 NB =       195.7108  1-4 EEL =      2941.7220  VDWAALS    =      5601.0431
 EELEC  =    -51504.6226  EHBOND  =         0.0000  RESTRAINT  =        18.1220
 EAMBER (non-restraint)  =    -41362.7542
 ------------------------------------------------------------------------------

wrapping first mol.:       19.75862       27.94291       48.39854
wrapping first mol.:       19.75862       27.94291       48.39854

 NSTEP =    33000   TIME(PS) =    2306.000  TEMP(K) =   296.62  PRESS =     0.0
 Etot   =    -32999.7564  EKtot   =      8185.3179  EPtot      =    -41185.0743
 BOND   =       170.9926  ANGLE   =       504.6128  DIHED      =       744.2170
 1-4 NB =       202.5270  1-4 EEL =      2942.1908  VDWAALS    =      5453.0904
 EELEC  =    -51220.2896  EHBOND  =         0.0000  RESTRAINT  =        17.5848
 EAMBER (non-restraint)  =    -41202.6590
 ------------------------------------------------------------------------------

wrapping first mol.:       19.75862       27.94291       48.39854
wrapping first mol.:       19.75862       27.94291       48.39854

 NSTEP =    33500   TIME(PS) =    2307.000  TEMP(K) =   298.35  PRESS =     0.0
 Etot   =    -33236.4372  EKtot   =      8233.0664  EPtot      =    -41469.5036
 BOND   =       161.0299  ANGLE   =       492.9216  DIHED      =       744.2213
 1-4 NB =       197.3213  1-4 EEL =      2906.3027  VDWAALS    =      5397.6171
 EELEC  =    -51383.8391  EHBOND  =         0.0000  RESTRAINT  =        14.9215
 EAMBER (non-restraint)  =    -41484.4252
 ------------------------------------------------------------------------------

wrapping first mol.:       19.75862       27.94291       48.39854
wrapping first mol.:       19.75862       27.94291       48.39854

 NSTEP =    34000   TIME(PS) =    2308.000  TEMP(K) =   301.68  PRESS =     0.0
 Etot   =    -33164.6324  EKtot   =      8324.9150  EPtot      =    -41489.5474
 BOND   =       171.0680  ANGLE   =       484.5374  DIHED      =       743.8025
 1-4 NB =       198.7526  1-4 EEL =      2949.3907  VDWAALS    =      5216.6040
 EELEC  =    -51267.3639  EHBOND  =         0.0000  RESTRAINT  =        13.6612
 EAMBER (non-restraint)  =    -41503.2087
 ------------------------------------------------------------------------------

wrapping first mol.:       19.75862       27.94291       48.39854
wrapping first mol.:       19.75862       27.94291       48.39854

 NSTEP =    34500   TIME(PS) =    2309.000  TEMP(K) =   301.86  PRESS =     0.0
 Etot   =    -33055.2213  EKtot   =      8329.9033  EPtot      =    -41385.1246
 BOND   =       151.6868  ANGLE   =       487.6516  DIHED      =       743.3618
 1-4 NB =       211.3676  1-4 EEL =      2946.9959  VDWAALS    =      5307.0506
 EELEC  =    -51246.0469  EHBOND  =         0.0000  RESTRAINT  =        12.8080
 EAMBER (non-restraint)  =    -41397.9326
 ------------------------------------------------------------------------------

wrapping first mol.:       19.75862       27.94291       48.39854
wrapping first mol.:       19.75862       27.94291       48.39854

 NSTEP =    35000   TIME(PS) =    2310.000  TEMP(K) =   298.25  PRESS =     0.0
 Etot   =    -33264.6698  EKtot   =      8230.2080  EPtot      =    -41494.8778
 BOND   =       175.1537  ANGLE   =       480.6376  DIHED      =       743.9859
 1-4 NB =       207.2924  1-4 EEL =      2963.6966  VDWAALS    =      5311.2941
 EELEC  =    -51392.3890  EHBOND  =         0.0000  RESTRAINT  =        15.4510
 EAMBER (non-restraint)  =    -41510.3288
 ------------------------------------------------------------------------------

wrapping first mol.:       19.75862       27.94291       48.39854
wrapping first mol.:       19.75862       27.94291       48.39854

 NSTEP =    35500   TIME(PS) =    2311.000  TEMP(K) =   301.24  PRESS =     0.0
 Etot   =    -33174.6540  EKtot   =      8312.8203  EPtot      =    -41487.4743
 BOND   =       161.3835  ANGLE   =       461.4366  DIHED      =       745.3980
 1-4 NB =       194.5593  1-4 EEL =      2920.9217  VDWAALS    =      5436.1123
 EELEC  =    -51421.4581  EHBOND  =         0.0000  RESTRAINT  =        14.1723
 EAMBER (non-restraint)  =    -41501.6466
 ------------------------------------------------------------------------------

wrapping first mol.:       19.75862       27.94291       48.39854
wrapping first mol.:       19.75862       27.94291       48.39854

 NSTEP =    36000   TIME(PS) =    2312.000  TEMP(K) =   303.61  PRESS =     0.0
 Etot   =    -33111.3919  EKtot   =      8378.2461  EPtot      =    -41489.6380
 BOND   =       177.0294  ANGLE   =       457.4134  DIHED      =       745.6619
 1-4 NB =       210.8144  1-4 EEL =      2962.2188  VDWAALS    =      5458.0490
 EELEC  =    -51514.5084  EHBOND  =         0.0000  RESTRAINT  =        13.6836
 EAMBER (non-restraint)  =    -41503.3216
 ------------------------------------------------------------------------------

wrapping first mol.:       19.75862       27.94291       48.39854
wrapping first mol.:       19.75862       27.94291       48.39854

 NSTEP =    36500   TIME(PS) =    2313.000  TEMP(K) =   298.53  PRESS =     0.0
 Etot   =    -33102.9203  EKtot   =      8238.0420  EPtot      =    -41340.9623
 BOND   =       161.7935  ANGLE   =       504.4291  DIHED      =       749.0461
 1-4 NB =       211.1425  1-4 EEL =      2966.6211  VDWAALS    =      5270.4678
 EELEC  =    -51216.4726  EHBOND  =         0.0000  RESTRAINT  =        12.0101
 EAMBER (non-restraint)  =    -41352.9724
 ------------------------------------------------------------------------------

wrapping first mol.:       19.75862       27.94291       48.39854
wrapping first mol.:       19.75862       27.94291       48.39854

 NSTEP =    37000   TIME(PS) =    2314.000  TEMP(K) =   293.92  PRESS =     0.0
 Etot   =    -33213.0183  EKtot   =      8110.7764  EPtot      =    -41323.7947
 BOND   =       170.2202  ANGLE   =       490.0178  DIHED      =       731.3523
 1-4 NB =       203.0809  1-4 EEL =      2975.1611  VDWAALS    =      5397.9118
 EELEC  =    -51307.6067  EHBOND  =         0.0000  RESTRAINT  =        16.0680
 EAMBER (non-restraint)  =    -41339.8627
 ------------------------------------------------------------------------------

wrapping first mol.:       19.75862       27.94291       48.39854
wrapping first mol.:       19.75862       27.94291       48.39854

 NSTEP =    37500   TIME(PS) =    2315.000  TEMP(K) =   301.72  PRESS =     0.0
 Etot   =    -33084.0699  EKtot   =      8325.9912  EPtot      =    -41410.0611
 BOND   =       169.0563  ANGLE   =       497.3191  DIHED      =       753.4146
 1-4 NB =       201.3778  1-4 EEL =      2925.4979  VDWAALS    =      5295.0656
 EELEC  =    -51270.7169  EHBOND  =         0.0000  RESTRAINT  =        18.9245
 EAMBER (non-restraint)  =    -41428.9856
 ------------------------------------------------------------------------------

wrapping first mol.:       19.75862       27.94291       48.39854
wrapping first mol.:       19.75862       27.94291       48.39854

 NSTEP =    38000   TIME(PS) =    2316.000  TEMP(K) =   301.99  PRESS =     0.0
 Etot   =    -33066.7672  EKtot   =      8333.4824  EPtot      =    -41400.2496
 BOND   =       154.6872  ANGLE   =       477.3014  DIHED      =       729.6077
 1-4 NB =       204.5514  1-4 EEL =      2952.8966  VDWAALS    =      5377.0521
 EELEC  =    -51313.6698  EHBOND  =         0.0000  RESTRAINT  =        17.3239
 EAMBER (non-restraint)  =    -41417.5735
 ------------------------------------------------------------------------------

wrapping first mol.:       19.75862       27.94291       48.39854
wrapping first mol.:       19.75862       27.94291       48.39854

 NSTEP =    38500   TIME(PS) =    2317.000  TEMP(K) =   299.09  PRESS =     0.0
 Etot   =    -33148.1265  EKtot   =      8253.4326  EPtot      =    -41401.5591
 BOND   =       166.8941  ANGLE   =       475.9294  DIHED      =       733.3272
 1-4 NB =       206.3581  1-4 EEL =      2943.5488  VDWAALS    =      5572.6502
 EELEC  =    -51523.6992  EHBOND  =         0.0000  RESTRAINT  =        23.4323
 EAMBER (non-restraint)  =    -41424.9915
 ------------------------------------------------------------------------------

wrapping first mol.:       19.75862       27.94291       48.39854
wrapping first mol.:       19.75862       27.94291       48.39854

 NSTEP =    39000   TIME(PS) =    2318.000  TEMP(K) =   297.08  PRESS =     0.0
 Etot   =    -33153.7797  EKtot   =      8197.9131  EPtot      =    -41351.6928
 BOND   =       176.8429  ANGLE   =       527.8462  DIHED      =       742.3827
 1-4 NB =       195.9434  1-4 EEL =      2950.8431  VDWAALS    =      5250.8258
 EELEC  =    -51213.4429  EHBOND  =         0.0000  RESTRAINT  =        17.0659
 EAMBER (non-restraint)  =    -41368.7588
 ------------------------------------------------------------------------------

wrapping first mol.:       19.75862       27.94291       48.39854
wrapping first mol.:       19.75862       27.94291       48.39854

 NSTEP =    39500   TIME(PS) =    2319.000  TEMP(K) =   297.12  PRESS =     0.0
 Etot   =    -33233.2400  EKtot   =      8199.0234  EPtot      =    -41432.2634
 BOND   =       181.5656  ANGLE   =       471.4662  DIHED      =       750.4509
 1-4 NB =       195.1578  1-4 EEL =      2929.1247  VDWAALS    =      5423.4245
 EELEC  =    -51401.4004  EHBOND  =         0.0000  RESTRAINT  =        17.9472
 EAMBER (non-restraint)  =    -41450.2106
 ------------------------------------------------------------------------------

wrapping first mol.:       19.75862       27.94291       48.39854
wrapping first mol.:       19.75862       27.94291       48.39854

 NSTEP =    40000   TIME(PS) =    2320.000  TEMP(K) =   299.44  PRESS =     0.0
 Etot   =    -33105.7910  EKtot   =      8263.0381  EPtot      =    -41368.8291
 BOND   =       168.9127  ANGLE   =       467.2785  DIHED      =       721.4021
 1-4 NB =       202.7811  1-4 EEL =      2937.1690  VDWAALS    =      5257.3497
 EELEC  =    -51137.8513  EHBOND  =         0.0000  RESTRAINT  =        14.1292
 EAMBER (non-restraint)  =    -41382.9583
 ------------------------------------------------------------------------------

wrapping first mol.:       19.75862       27.94291       48.39854
wrapping first mol.:       19.75862       27.94291       48.39854

 NSTEP =    40500   TIME(PS) =    2321.000  TEMP(K) =   301.19  PRESS =     0.0
 Etot   =    -33036.2784  EKtot   =      8311.2676  EPtot      =    -41347.5460
 BOND   =       171.6195  ANGLE   =       488.7749  DIHED      =       737.3800
 1-4 NB =       201.7336  1-4 EEL =      2950.0734  VDWAALS    =      5306.7691
 EELEC  =    -51220.8686  EHBOND  =         0.0000  RESTRAINT  =        16.9721
 EAMBER (non-restraint)  =    -41364.5181
 ------------------------------------------------------------------------------

wrapping first mol.:       19.75862       27.94291       48.39854
wrapping first mol.:       19.75862       27.94291       48.39854

 NSTEP =    41000   TIME(PS) =    2322.000  TEMP(K) =   295.56  PRESS =     0.0
 Etot   =    -33194.2272  EKtot   =      8155.9106  EPtot      =    -41350.1379
 BOND   =       175.8465  ANGLE   =       500.5616  DIHED      =       736.9863
 1-4 NB =       199.0810  1-4 EEL =      2930.6941  VDWAALS    =      5324.7374
 EELEC  =    -51238.8710  EHBOND  =         0.0000  RESTRAINT  =        20.8262
 EAMBER (non-restraint)  =    -41370.9641
 ------------------------------------------------------------------------------

wrapping first mol.:       19.75862       27.94291       48.39854
wrapping first mol.:       19.75862       27.94291       48.39854

 NSTEP =    41500   TIME(PS) =    2323.000  TEMP(K) =   303.08  PRESS =     0.0
 Etot   =    -32896.2834  EKtot   =      8363.6562  EPtot      =    -41259.9397
 BOND   =       186.2130  ANGLE   =       487.2221  DIHED      =       747.5769
 1-4 NB =       210.2782  1-4 EEL =      2929.7201  VDWAALS    =      5450.4298
 EELEC  =    -51292.1865  EHBOND  =         0.0000  RESTRAINT  =        20.8067
 EAMBER (non-restraint)  =    -41280.7463
 ------------------------------------------------------------------------------

wrapping first mol.:       19.75862       27.94291       48.39854
wrapping first mol.:       19.75862       27.94291       48.39854

 NSTEP =    42000   TIME(PS) =    2324.000  TEMP(K) =   299.38  PRESS =     0.0
 Etot   =    -32925.7562  EKtot   =      8261.3604  EPtot      =    -41187.1166
 BOND   =       165.5329  ANGLE   =       464.6469  DIHED      =       744.8859
 1-4 NB =       203.4697  1-4 EEL =      2938.2679  VDWAALS    =      5074.6081
 EELEC  =    -50794.6846  EHBOND  =         0.0000  RESTRAINT  =        16.1565
 EAMBER (non-restraint)  =    -41203.2731
 ------------------------------------------------------------------------------

wrapping first mol.:       19.75862       27.94291       48.39854
wrapping first mol.:       19.75862       27.94291       48.39854

 NSTEP =    42500   TIME(PS) =    2325.000  TEMP(K) =   301.40  PRESS =     0.0
 Etot   =    -32905.7509  EKtot   =      8317.1016  EPtot      =    -41222.8525
 BOND   =       157.7813  ANGLE   =       488.8719  DIHED      =       739.9060
 1-4 NB =       201.3209  1-4 EEL =      2946.0137  VDWAALS    =      5362.9746
 EELEC  =    -51137.0946  EHBOND  =         0.0000  RESTRAINT  =        17.3739
 EAMBER (non-restraint)  =    -41240.2263
 ------------------------------------------------------------------------------

wrapping first mol.:       19.75862       27.94291       48.39854
wrapping first mol.:       19.75862       27.94291       48.39854

 NSTEP =    43000   TIME(PS) =    2326.000  TEMP(K) =   299.04  PRESS =     0.0
 Etot   =    -33050.0974  EKtot   =      8252.0459  EPtot      =    -41302.1433
 BOND   =       175.4164  ANGLE   =       519.9514  DIHED      =       727.7522
 1-4 NB =       200.7286  1-4 EEL =      2959.6518  VDWAALS    =      5374.2870
 EELEC  =    -51276.5996  EHBOND  =         0.0000  RESTRAINT  =        16.6690
 EAMBER (non-restraint)  =    -41318.8123
 ------------------------------------------------------------------------------

wrapping first mol.:       19.75862       27.94291       48.39854
wrapping first mol.:       19.75862       27.94291       48.39854

 NSTEP =    43500   TIME(PS) =    2327.000  TEMP(K) =   299.05  PRESS =     0.0
 Etot   =    -32987.2600  EKtot   =      8252.3145  EPtot      =    -41239.5744
 BOND   =       176.4562  ANGLE   =       501.5686  DIHED      =       738.9801
 1-4 NB =       212.5906  1-4 EEL =      2945.8823  VDWAALS    =      5359.6185
 EELEC  =    -51191.3191  EHBOND  =         0.0000  RESTRAINT  =        16.6485
 EAMBER (non-restraint)  =    -41256.2229
 ------------------------------------------------------------------------------

wrapping first mol.:       19.75862       27.94291       48.39854
wrapping first mol.:       19.75862       27.94291       48.39854

 NSTEP =    44000   TIME(PS) =    2328.000  TEMP(K) =   299.17  PRESS =     0.0
 Etot   =    -32925.1277  EKtot   =      8255.5127  EPtot      =    -41180.6404
 BOND   =       168.4494  ANGLE   =       496.7944  DIHED      =       744.4556
 1-4 NB =       209.8796  1-4 EEL =      2952.9875  VDWAALS    =      5314.5198
 EELEC  =    -51085.8536  EHBOND  =         0.0000  RESTRAINT  =        18.1270
 EAMBER (non-restraint)  =    -41198.7673
 ------------------------------------------------------------------------------

wrapping first mol.:       19.75862       27.94291       48.39854
wrapping first mol.:       19.75862       27.94291       48.39854

 NSTEP =    44500   TIME(PS) =    2329.000  TEMP(K) =   302.03  PRESS =     0.0
 Etot   =    -33021.6912  EKtot   =      8334.6709  EPtot      =    -41356.3621
 BOND   =       166.3250  ANGLE   =       487.5223  DIHED      =       765.8199
 1-4 NB =       200.9872  1-4 EEL =      2959.2895  VDWAALS    =      5449.7502
 EELEC  =    -51403.0769  EHBOND  =         0.0000  RESTRAINT  =        17.0208
 EAMBER (non-restraint)  =    -41373.3829
 ------------------------------------------------------------------------------

wrapping first mol.:       19.75862       27.94291       48.39854
wrapping first mol.:       19.75862       27.94291       48.39854

 NSTEP =    45000   TIME(PS) =    2330.000  TEMP(K) =   300.03  PRESS =     0.0
 Etot   =    -33067.6916  EKtot   =      8279.2344  EPtot      =    -41346.9260
 BOND   =       161.2475  ANGLE   =       483.8665  DIHED      =       747.7860
 1-4 NB =       194.1668  1-4 EEL =      2925.9266  VDWAALS    =      5345.8118
 EELEC  =    -51218.3352  EHBOND  =         0.0000  RESTRAINT  =        12.6040
 EAMBER (non-restraint)  =    -41359.5299
 ------------------------------------------------------------------------------

wrapping first mol.:       19.75862       27.94291       48.39854
wrapping first mol.:       19.75862       27.94291       48.39854

 NSTEP =    45500   TIME(PS) =    2331.000  TEMP(K) =   297.85  PRESS =     0.0
 Etot   =    -33109.2415  EKtot   =      8219.3066  EPtot      =    -41328.5482
 BOND   =       151.0699  ANGLE   =       477.8882  DIHED      =       746.7436
 1-4 NB =       205.5438  1-4 EEL =      2927.5573  VDWAALS    =      5386.8471
 EELEC  =    -51244.3478  EHBOND  =         0.0000  RESTRAINT  =        20.1499
 EAMBER (non-restraint)  =    -41348.6980
 ------------------------------------------------------------------------------

wrapping first mol.:       19.75862       27.94291       48.39854
wrapping first mol.:       19.75862       27.94291       48.39854

 NSTEP =    46000   TIME(PS) =    2332.000  TEMP(K) =   303.86  PRESS =     0.0
 Etot   =    -33085.3345  EKtot   =      8385.1582  EPtot      =    -41470.4927
 BOND   =       158.9097  ANGLE   =       485.1241  DIHED      =       733.1002
 1-4 NB =       210.4568  1-4 EEL =      2932.4806  VDWAALS    =      5260.8132
 EELEC  =    -51268.4435  EHBOND  =         0.0000  RESTRAINT  =        17.0662
 EAMBER (non-restraint)  =    -41487.5589
 ------------------------------------------------------------------------------

wrapping first mol.:       19.75862       27.94291       48.39854
wrapping first mol.:       19.75862       27.94291       48.39854

 NSTEP =    46500   TIME(PS) =    2333.000  TEMP(K) =   302.96  PRESS =     0.0
 Etot   =    -33040.0835  EKtot   =      8360.1455  EPtot      =    -41400.2290
 BOND   =       189.7154  ANGLE   =       462.4500  DIHED      =       756.9566
 1-4 NB =       200.0744  1-4 EEL =      2957.0380  VDWAALS    =      5304.0648
 EELEC  =    -51290.9055  EHBOND  =         0.0000  RESTRAINT  =        20.3774
 EAMBER (non-restraint)  =    -41420.6064
 ------------------------------------------------------------------------------

wrapping first mol.:       19.75862       27.94291       48.39854
wrapping first mol.:       19.75862       27.94291       48.39854

 NSTEP =    47000   TIME(PS) =    2334.000  TEMP(K) =   299.87  PRESS =     0.0
 Etot   =    -32952.4266  EKtot   =      8274.8271  EPtot      =    -41227.2537
 BOND   =       186.5439  ANGLE   =       454.4881  DIHED      =       752.2353
 1-4 NB =       198.8806  1-4 EEL =      2962.3688  VDWAALS    =      5278.8433
 EELEC  =    -51076.9755  EHBOND  =         0.0000  RESTRAINT  =        16.3618
 EAMBER (non-restraint)  =    -41243.6155
 ------------------------------------------------------------------------------

wrapping first mol.:       19.75862       27.94291       48.39854
wrapping first mol.:       19.75862       27.94291       48.39854

 NSTEP =    47500   TIME(PS) =    2335.000  TEMP(K) =   301.86  PRESS =     0.0
 Etot   =    -32859.2928  EKtot   =      8329.9160  EPtot      =    -41189.2089
 BOND   =       184.2835  ANGLE   =       473.2853  DIHED      =       731.0308
 1-4 NB =       202.9647  1-4 EEL =      2915.9580  VDWAALS    =      5387.5228
 EELEC  =    -51102.8711  EHBOND  =         0.0000  RESTRAINT  =        18.6172
 EAMBER (non-restraint)  =    -41207.8261
 ------------------------------------------------------------------------------

wrapping first mol.:       19.75862       27.94291       48.39854
wrapping first mol.:       19.75862       27.94291       48.39854

 NSTEP =    48000   TIME(PS) =    2336.000  TEMP(K) =   301.19  PRESS =     0.0
 Etot   =    -33025.0329  EKtot   =      8311.5029  EPtot      =    -41336.5359
 BOND   =       158.9992  ANGLE   =       497.0696  DIHED      =       743.4084
 1-4 NB =       195.2826  1-4 EEL =      2925.1013  VDWAALS    =      5354.6361
 EELEC  =    -51229.0079  EHBOND  =         0.0000  RESTRAINT  =        17.9747
 EAMBER (non-restraint)  =    -41354.5106
 ------------------------------------------------------------------------------

wrapping first mol.:       19.75862       27.94291       48.39854
wrapping first mol.:       19.75862       27.94291       48.39854

 NSTEP =    48500   TIME(PS) =    2337.000  TEMP(K) =   295.72  PRESS =     0.0
 Etot   =    -33141.2986  EKtot   =      8160.4634  EPtot      =    -41301.7620
 BOND   =       153.8583  ANGLE   =       471.8424  DIHED      =       742.7566
 1-4 NB =       209.3465  1-4 EEL =      2934.5664  VDWAALS    =      5216.8568
 EELEC  =    -51051.1408  EHBOND  =         0.0000  RESTRAINT  =        20.1519
 EAMBER (non-restraint)  =    -41321.9139
 ------------------------------------------------------------------------------

wrapping first mol.:       19.75862       27.94291       48.39854
wrapping first mol.:       19.75862       27.94291       48.39854

 NSTEP =    49000   TIME(PS) =    2338.000  TEMP(K) =   300.01  PRESS =     0.0
 Etot   =    -33165.5867  EKtot   =      8278.8623  EPtot      =    -41444.4490
 BOND   =       183.4614  ANGLE   =       468.9442  DIHED      =       734.7331
 1-4 NB =       200.8532  1-4 EEL =      2930.9904  VDWAALS    =      5390.6804
 EELEC  =    -51374.6115  EHBOND  =         0.0000  RESTRAINT  =        20.4998
 EAMBER (non-restraint)  =    -41464.9488
 ------------------------------------------------------------------------------

wrapping first mol.:       19.75862       27.94291       48.39854
wrapping first mol.:       19.75862       27.94291       48.39854

 NSTEP =    49500   TIME(PS) =    2339.000  TEMP(K) =   301.47  PRESS =     0.0
 Etot   =    -33180.5451  EKtot   =      8318.9785  EPtot      =    -41499.5236
 BOND   =       176.0328  ANGLE   =       468.6370  DIHED      =       738.2304
 1-4 NB =       196.9204  1-4 EEL =      2938.5960  VDWAALS    =      5411.1101
 EELEC  =    -51455.3734  EHBOND  =         0.0000  RESTRAINT  =        26.3232
 EAMBER (non-restraint)  =    -41525.8468
 ------------------------------------------------------------------------------

wrapping first mol.:       19.75862       27.94291       48.39854
wrapping first mol.:       19.75862       27.94291       48.39854

 NSTEP =    50000   TIME(PS) =    2340.000  TEMP(K) =   302.20  PRESS =     0.0
 Etot   =    -33116.8774  EKtot   =      8339.3750  EPtot      =    -41456.2524
 BOND   =       181.2017  ANGLE   =       468.8173  DIHED      =       736.4290
 1-4 NB =       198.5065  1-4 EEL =      2913.5451  VDWAALS    =      5589.8830
 EELEC  =    -51564.8137  EHBOND  =         0.0000  RESTRAINT  =        20.1786
 EAMBER (non-restraint)  =    -41476.4310
 ------------------------------------------------------------------------------


      A V E R A G E S   O V E R     100 S T E P S


 NSTEP =    50000   TIME(PS) =    2340.000  TEMP(K) =   299.64  PRESS =     0.0
 Etot   =    -33100.1893  EKtot   =      8268.5919  EPtot      =    -41368.7811
 BOND   =       172.8052  ANGLE   =       481.2237  DIHED      =       743.3044
 1-4 NB =       202.6210  1-4 EEL =      2935.9630  VDWAALS    =      5370.0258
 EELEC  =    -51292.9953  EHBOND  =         0.0000  RESTRAINT  =        18.2710
 EAMBER (non-restraint)  =    -41387.0522
 ------------------------------------------------------------------------------


      R M S  F L U C T U A T I O N S


 NSTEP =    50000   TIME(PS) =    2340.000  TEMP(K) =     2.54  PRESS =     0.0
 Etot   =       132.4377  EKtot   =        70.1101  EPtot      =       120.1521
 BOND   =        11.8503  ANGLE   =        15.4356  DIHED      =         8.4950
 1-4 NB =         5.8385  1-4 EEL =        17.3569  VDWAALS    =       102.8565
 EELEC  =       178.3664  EHBOND  =         0.0000  RESTRAINT  =         3.0009
 EAMBER (non-restraint)  =       117.1512
 ------------------------------------------------------------------------------

--------------------------------------------------------------------------------
   5.  TIMINGS
--------------------------------------------------------------------------------

|  NonSetup CPU Time in Major Routines:
|
|     Routine           Sec        %
|     ------------------------------
|     Nonbond           5.28    8.22
|     Bond              0.00    0.00
|     Angle             0.00    0.00
|     Dihedral          0.00    0.00
|     Shake             0.32    0.50
|     RunMD            58.62   91.23
|     Other             0.04    0.06
|     ------------------------------
|     Total            64.26

|  PME Nonbond Pairlist CPU Time:
|
|     Routine              Sec        %
|     ---------------------------------
|     Set Up Cit           0.00    0.00
|     Build List           0.00    0.00
|     ---------------------------------
|     Total                0.00    0.00

|  PME Direct Force CPU Time:
|
|     Routine              Sec        %
|     ---------------------------------
|     NonBonded Calc       0.00    0.00
|     Exclude Masked       0.00    0.00
|     Other                0.02    0.04
|     ---------------------------------
|     Total                0.02    0.04

|  PME Reciprocal Force CPU Time:
|
|     Routine              Sec        %
|     ---------------------------------
|     1D bspline           0.00    0.00
|     Grid Charges         0.00    0.00
|     Scalar Sum           0.00    0.00
|     Gradient Sum         0.00    0.00
|     FFT                  0.00    0.00
|     ---------------------------------
|     Total                0.00    0.00

|  Final Performance Info:
|     -----------------------------------------------------
|     Average timings for last    3000 steps:
|     Elapsed(s) =       3.85 Per Step(ms) =       1.28
|         ns/day =     134.54   seconds/ns =     642.20
|
|     Average timings for all steps:
|     Elapsed(s) =      64.26 Per Step(ms) =       1.29
|         ns/day =     134.46   seconds/ns =     642.57
|     -----------------------------------------------------

|  Setup CPU time:            0.45 seconds
|  NonSetup CPU time:        64.26 seconds
|  Total CPU time:           64.71 seconds     0.02 hours

|  Setup wall time:           0    seconds
|  NonSetup wall time:       64    seconds
|  Total wall time:          64    seconds     0.02 hours
