
          -------------------------------------------------------
          Amber 16 PMEMD                              2016
          -------------------------------------------------------

| PMEMD implementation of SANDER, Release 16

| Run on 10/27/2017 at 16:11:08

|   Executable path: pmemd.cuda
| Working directory: /home/german/alex/run/1r/mhe/e
|          Hostname: Unknown
  [-O]verwriting output

File Assignments:
|   MDIN: 23equ.in                                                              
|  MDOUT: 23equ.out                                                             
| INPCRD: 22e1r.rst7                                                            
|   PARM: /home/german/alex/top_files/1r.prmtop                                 
| RESTRT: 23e1r.rst7                                                            
|   REFC: 22e1r.rst7                                                            
|  MDVEL: mdvel                                                                 
|   MDEN: mden                                                                  
|  MDCRD: 23e1r.nc                                                              
| MDINFO: mdinfo                                                                
|  MDFRC: mdfrc                                                                 


 Here is the input file:

Equilibration with solute restrictions                                         
&cntrl                                                                         
imin = 0,                           ! No Minimization                          
nmropt = 0,                         ! No NMR restraints read                   
                                                                               
! Nature and format of the input                                               
ntx = 5,                            ! Coordinates but no velocities will be rea
irest = 1,                          ! Do not run a new simulation              
                                                                               
! Nature and format of the output                                              
ntxo = 1,                           ! rstrt file in ASCII format               
ntpr = 500,                         ! inf in output every ntpr steps           
ntwr = 500,                         ! rstrt file every ntwr steps              
ntwx = 500,                         ! mdcrd file every ntwx steps              
ntwv = 0,                           ! mdvel without velocities                 
ntwe = 0,                           ! Energies and temperatures not written in 
idecomp = 0,                        ! No energy decomposition                  
iwrap = 1,                          ! Coordinates of the restart and mdcrd file
                                                                               
! Frozen or restrained atoms                                                   
ibelly = 0,                         ! No frozen atoms                          
ntr=1,                              ! Harmonic potential restraints            
restraint_wt = 0.4,                ! The weight for the positional restraints  
restraintmask = ':1-57@N,CA,C,O',   ! restrained residues                      
                                                                               
! Molecular dynamics                                                           
nstlim = 50000,                     ! Number of MD-steps                       
dt = 0.002,                         ! Time step                                
                                                                               
! Temperature regulation                                                       
ntt = 3,                            ! Langevin thermostat                      
gamma_ln = 5,                       ! Gamma constant for Langevin              
temp0 = 300.0,                      ! Reference T at which the system is to be 
tempi = 300.0,                      ! Initial T                                
ig = -1,                            ! Seed for the RNG                         
                                                                               
! P and V regulation                                                           
ntp = 0,                            ! Constant V                               
ntb = 1,                            ! Periodic box for constant V              
                                                                               
! SHAKE variables                                                              
ntc = 2,                            ! Bonds involving H are constrained        
ntf = 2,                            ! Bond interaction involving H are ommited.
                                                                               
cut = 10.0,                         ! Nonbonded cutoff                         
/                                                                              
&end                                                                           


Note: ig = -1. Setting random seed to   532277 based on wallclock time in 
      microseconds.
 
|--------------------- INFORMATION ----------------------
| GPU (CUDA) Version of PMEMD in use: NVIDIA GPU IN USE.
|                    Version 16.0.0
| 
|                      02/25/2016
| 
| Implementation by:
|                    Ross C. Walker     (SDSC)
|                    Scott Le Grand     (nVIDIA)
| 
| Precision model in use:
|      [SPFP] - Single Precision Forces, 64-bit Fixed Point
|               Accumulation. (Default)
| 
|--------------------------------------------------------
 
|----------------- CITATION INFORMATION -----------------
|
|    When publishing work that utilized the CUDA version
|    of AMBER, please cite the following in addition to
|    the regular AMBER citations:
|
|  - Romelia Salomon-Ferrer; Andreas W. Goetz; Duncan
|    Poole; Scott Le Grand; Ross C. Walker "Routine
|    microsecond molecular dynamics simulations with
|    AMBER - Part II: Particle Mesh Ewald", J. Chem.
|    Theory Comput., 2013, 9 (9), pp3878-3888,
|    DOI: 10.1021/ct400314y.
|
|  - Andreas W. Goetz; Mark J. Williamson; Dong Xu;
|    Duncan Poole; Scott Le Grand; Ross C. Walker
|    "Routine microsecond molecular dynamics simulations
|    with AMBER - Part I: Generalized Born", J. Chem.
|    Theory Comput., 2012, 8 (5), pp1542-1555.
|
|  - Scott Le Grand; Andreas W. Goetz; Ross C. Walker
|    "SPFP: Speed without compromise - a mixed precision
|    model for GPU accelerated molecular dynamics
|    simulations.", Comp. Phys. Comm., 2013, 184
|    pp374-380, DOI: 10.1016/j.cpc.2012.09.022
|
|--------------------------------------------------------
 
|------------------- GPU DEVICE INFO --------------------
|
|            CUDA_VISIBLE_DEVICES: 1
|   CUDA Capable Devices Detected:      1
|           CUDA Device ID in use:      0
|                CUDA Device Name: GeForce GTX 1060 6GB
|     CUDA Device Global Mem Size:   6072 MB
| CUDA Device Num Multiprocessors:     10
|           CUDA Device Core Freq:   1.76 GHz
|
|--------------------------------------------------------
 
 
| Conditional Compilation Defines Used:
| PUBFFT
| BINTRAJ
| CUDA
| EMIL

| Largest sphere to fit in unit cell has radius =    24.199

| New format PARM file being parsed.
| Version =    1.000 Date = 10/26/17 Time = 14:22:23

| Note: 1-4 EEL scale factors are being read from the topology file.

| Note: 1-4 VDW scale factors are being read from the topology file.
| Duplicated    0 dihedrals

| Duplicated    0 dihedrals

--------------------------------------------------------------------------------
   1.  RESOURCE   USE: 
--------------------------------------------------------------------------------

 getting new box info from bottom of inpcrd
 NATOM  =   13656 NTYPES =      17 NBONH =   13195 MBONA  =     468
 NTHETH =    1031 MTHETA =     630 NPHIH =    2066 MPHIA  =    1981
 NHPARM =       0 NPARM  =       0 NNB   =   22021 NRES   =    4309
 NBONA  =     468 NTHETA =     630 NPHIA =    1981 NUMBND =      67
 NUMANG =     152 NPTRA  =     191 NATYP =      36 NPHB   =       1
 IFBOX  =       2 NMXRS  =      25 IFCAP =       0 NEXTRA =       0
 NCOPY  =       0

| Coordinate Index Table dimensions:     9    9    9
| Direct force subcell size =     6.5862    6.5862    6.5862

     BOX TYPE: TRUNCATED OCTAHEDRON

--------------------------------------------------------------------------------
   2.  CONTROL  DATA  FOR  THE  RUN
--------------------------------------------------------------------------------

default_name                                                                    

General flags:
     imin    =       0, nmropt  =       0

Nature and format of input:
     ntx     =       5, irest   =       1, ntrx    =       1

Nature and format of output:
     ntxo    =       1, ntpr    =     500, ntrx    =       1, ntwr    =     500
     iwrap   =       1, ntwx    =     500, ntwv    =       0, ntwe    =       0
     ioutfm  =       1, ntwprt  =       0, idecomp =       0, rbornstat=      0

Potential function:
     ntf     =       2, ntb     =       1, igb     =       0, nsnb    =      25
     ipol    =       0, gbsa    =       0, iesp    =       0
     dielc   =   1.00000, cut     =  10.00000, intdiel =   1.00000

Frozen or restrained atoms:
     ibelly  =       0, ntr     =       1
     restraint_wt =   0.40000

Molecular dynamics:
     nstlim  =     50000, nscm    =         0, nrespa  =         1
     t       =   0.00000, dt      =   0.00200, vlimit  =  -1.00000

Langevin dynamics temperature regulation:
     ig      =  532277
     temp0   = 300.00000, tempi   = 300.00000, gamma_ln=   5.00000

SHAKE:
     ntc     =       2, jfastw  =       0
     tol     =   0.00001

| Intermolecular bonds treatment:
|     no_intermolecular_bonds =       1

| Energy averages sample interval:
|     ene_avg_sampling =     500

Ewald parameters:
     verbose =       0, ew_type =       0, nbflag  =       1, use_pme =       1
     vdwmeth =       1, eedmeth =       1, netfrc  =       1
     Box X =   59.276   Box Y =   59.276   Box Z =   59.276
     Alpha =  109.471   Beta  =  109.471   Gamma =  109.471
     NFFT1 =   64       NFFT2 =   64       NFFT3 =   64
     Cutoff=   10.000   Tol   =0.100E-04
     Ewald Coefficient =  0.27511
     Interpolation order =    4

    LOADING THE CONSTRAINED ATOMS AS GROUPS


   5.  REFERENCE ATOM COORDINATES

  default_name                                                                    
     Mask :1-57@N,CA,C,O; matches   228 atoms

--------------------------------------------------------------------------------
   3.  ATOMIC COORDINATES AND VELOCITIES
--------------------------------------------------------------------------------

default_name                                                                    
 begin time read from input coords =  2340.000 ps

 
 Number of triangulated 3-point waters found:     4248

     Sum of charges from parm topology file =  -0.00000003
     Forcing neutrality...

| Dynamic Memory, Types Used:
| Reals              542286
| Integers           428516

| Nonbonded Pairs Initial Allocation:     4130598

| GPU memory information (estimate):
| KB of GPU memory in use:    133484
| KB of CPU memory in use:     25292

--------------------------------------------------------------------------------
   4.  RESULTS
--------------------------------------------------------------------------------

 ---------------------------------------------------
 APPROXIMATING switch and d/dx switch using CUBIC SPLINE INTERPOLATION
 using   5000.0 points per unit in tabled values
 TESTING RELATIVE ERROR over r ranging from 0.0 to cutoff
| CHECK switch(x): max rel err =   0.2738E-14   at   2.422500
| CHECK d/dx switch(x): max rel err =   0.8314E-11   at   2.736960
 ---------------------------------------------------
|---------------------------------------------------
| APPROXIMATING direct energy using CUBIC SPLINE INTERPOLATION
|  with   50.0 points per unit in tabled values
| Relative Error Limit not exceeded for r .gt.   2.33
| APPROXIMATING direct force using CUBIC SPLINE INTERPOLATION
|  with   50.0 points per unit in tabled values
| Relative Error Limit not exceeded for r .gt.   2.80
|---------------------------------------------------
wrapping first mol.:       19.75862       27.94291       48.39854
wrapping first mol.:       19.75862       27.94291       48.39854

 NSTEP =      500   TIME(PS) =    2341.000  TEMP(K) =   297.93  PRESS =     0.0
 Etot   =    -33157.9797  EKtot   =      8221.4277  EPtot      =    -41379.4075
 BOND   =       189.8543  ANGLE   =       451.5104  DIHED      =       747.4541
 1-4 NB =       207.0042  1-4 EEL =      2949.8278  VDWAALS    =      5329.8436
 EELEC  =    -51267.7179  EHBOND  =         0.0000  RESTRAINT  =        12.8160
 EAMBER (non-restraint)  =    -41392.2235
 ------------------------------------------------------------------------------

wrapping first mol.:       19.75862       27.94291       48.39854
wrapping first mol.:       19.75862       27.94291       48.39854

 NSTEP =     1000   TIME(PS) =    2342.000  TEMP(K) =   297.00  PRESS =     0.0
 Etot   =    -33100.7506  EKtot   =      8195.7656  EPtot      =    -41296.5162
 BOND   =       194.7399  ANGLE   =       472.6863  DIHED      =       750.9074
 1-4 NB =       203.4163  1-4 EEL =      2921.9471  VDWAALS    =      5310.5625
 EELEC  =    -51167.0016  EHBOND  =         0.0000  RESTRAINT  =        16.2258
 EAMBER (non-restraint)  =    -41312.7420
 ------------------------------------------------------------------------------

wrapping first mol.:       19.75862       27.94291       48.39854
wrapping first mol.:       19.75862       27.94291       48.39854

 NSTEP =     1500   TIME(PS) =    2343.000  TEMP(K) =   299.49  PRESS =     0.0
 Etot   =    -33113.7631  EKtot   =      8264.4561  EPtot      =    -41378.2191
 BOND   =       168.3650  ANGLE   =       451.2165  DIHED      =       736.9218
 1-4 NB =       201.2241  1-4 EEL =      2950.2795  VDWAALS    =      5449.4720
 EELEC  =    -51350.1288  EHBOND  =         0.0000  RESTRAINT  =        14.4308
 EAMBER (non-restraint)  =    -41392.6499
 ------------------------------------------------------------------------------

wrapping first mol.:       19.75862       27.94291       48.39854
wrapping first mol.:       19.75862       27.94291       48.39854

 NSTEP =     2000   TIME(PS) =    2344.000  TEMP(K) =   296.38  PRESS =     0.0
 Etot   =    -33158.7079  EKtot   =      8178.5713  EPtot      =    -41337.2792
 BOND   =       174.4157  ANGLE   =       471.1138  DIHED      =       739.8480
 1-4 NB =       197.9869  1-4 EEL =      2928.1738  VDWAALS    =      5361.8990
 EELEC  =    -51227.1852  EHBOND  =         0.0000  RESTRAINT  =        16.4687
 EAMBER (non-restraint)  =    -41353.7479
 ------------------------------------------------------------------------------

wrapping first mol.:       19.75862       27.94291       48.39854
wrapping first mol.:       19.75862       27.94291       48.39854

 NSTEP =     2500   TIME(PS) =    2345.000  TEMP(K) =   304.24  PRESS =     0.0
 Etot   =    -32871.3097  EKtot   =      8395.4980  EPtot      =    -41266.8077
 BOND   =       182.5555  ANGLE   =       501.9646  DIHED      =       756.5142
 1-4 NB =       194.0784  1-4 EEL =      2918.6986  VDWAALS    =      5212.9447
 EELEC  =    -51057.9095  EHBOND  =         0.0000  RESTRAINT  =        24.3457
 EAMBER (non-restraint)  =    -41291.1534
 ------------------------------------------------------------------------------

wrapping first mol.:       19.75862       27.94291       48.39854
wrapping first mol.:       19.75862       27.94291       48.39854

 NSTEP =     3000   TIME(PS) =    2346.000  TEMP(K) =   304.05  PRESS =     0.0
 Etot   =    -32944.4707  EKtot   =      8390.2158  EPtot      =    -41334.6865
 BOND   =       161.5302  ANGLE   =       494.2161  DIHED      =       750.7906
 1-4 NB =       207.7214  1-4 EEL =      2948.1504  VDWAALS    =      5432.4501
 EELEC  =    -51349.8741  EHBOND  =         0.0000  RESTRAINT  =        20.3289
 EAMBER (non-restraint)  =    -41355.0154
 ------------------------------------------------------------------------------

wrapping first mol.:       19.75862       27.94291       48.39854
wrapping first mol.:       19.75862       27.94291       48.39854

 NSTEP =     3500   TIME(PS) =    2347.000  TEMP(K) =   300.07  PRESS =     0.0
 Etot   =    -32939.7669  EKtot   =      8280.5176  EPtot      =    -41220.2845
 BOND   =       181.0562  ANGLE   =       473.0136  DIHED      =       756.5201
 1-4 NB =       204.7313  1-4 EEL =      2946.1519  VDWAALS    =      5274.5502
 EELEC  =    -51077.0181  EHBOND  =         0.0000  RESTRAINT  =        20.7103
 EAMBER (non-restraint)  =    -41240.9948
 ------------------------------------------------------------------------------

wrapping first mol.:       19.75862       27.94291       48.39854
wrapping first mol.:       19.75862       27.94291       48.39854

 NSTEP =     4000   TIME(PS) =    2348.000  TEMP(K) =   300.69  PRESS =     0.0
 Etot   =    -33104.0571  EKtot   =      8297.6113  EPtot      =    -41401.6685
 BOND   =       177.7422  ANGLE   =       486.1391  DIHED      =       752.3967
 1-4 NB =       197.7063  1-4 EEL =      2915.2778  VDWAALS    =      5307.1838
 EELEC  =    -51253.8578  EHBOND  =         0.0000  RESTRAINT  =        15.7434
 EAMBER (non-restraint)  =    -41417.4118
 ------------------------------------------------------------------------------

wrapping first mol.:       19.75862       27.94291       48.39854
wrapping first mol.:       19.75862       27.94291       48.39854

 NSTEP =     4500   TIME(PS) =    2349.000  TEMP(K) =   299.02  PRESS =     0.0
 Etot   =    -33038.6574  EKtot   =      8251.5752  EPtot      =    -41290.2326
 BOND   =       171.3922  ANGLE   =       480.9717  DIHED      =       743.8436
 1-4 NB =       200.7803  1-4 EEL =      2940.6975  VDWAALS    =      5214.2028
 EELEC  =    -51055.9161  EHBOND  =         0.0000  RESTRAINT  =        13.7953
 EAMBER (non-restraint)  =    -41304.0280
 ------------------------------------------------------------------------------

wrapping first mol.:       19.75862       27.94291       48.39854
wrapping first mol.:       19.75862       27.94291       48.39854

 NSTEP =     5000   TIME(PS) =    2350.000  TEMP(K) =   297.69  PRESS =     0.0
 Etot   =    -33188.5714  EKtot   =      8214.7451  EPtot      =    -41403.3165
 BOND   =       176.5843  ANGLE   =       460.4110  DIHED      =       750.1355
 1-4 NB =       202.7873  1-4 EEL =      2926.7609  VDWAALS    =      5252.1469
 EELEC  =    -51193.9833  EHBOND  =         0.0000  RESTRAINT  =        21.8410
 EAMBER (non-restraint)  =    -41425.1575
 ------------------------------------------------------------------------------

wrapping first mol.:       19.75862       27.94291       48.39854
wrapping first mol.:       19.75862       27.94291       48.39854

 NSTEP =     5500   TIME(PS) =    2351.000  TEMP(K) =   300.08  PRESS =     0.0
 Etot   =    -33214.7086  EKtot   =      8280.7764  EPtot      =    -41495.4850
 BOND   =       161.8977  ANGLE   =       470.4377  DIHED      =       748.7032
 1-4 NB =       212.6721  1-4 EEL =      2935.9995  VDWAALS    =      5307.2804
 EELEC  =    -51349.9369  EHBOND  =         0.0000  RESTRAINT  =        17.4612
 EAMBER (non-restraint)  =    -41512.9462
 ------------------------------------------------------------------------------

wrapping first mol.:       19.75862       27.94291       48.39854
wrapping first mol.:       19.75862       27.94291       48.39854

 NSTEP =     6000   TIME(PS) =    2352.000  TEMP(K) =   301.31  PRESS =     0.0
 Etot   =    -33065.0648  EKtot   =      8314.6475  EPtot      =    -41379.7122
 BOND   =       170.1837  ANGLE   =       491.1476  DIHED      =       738.6466
 1-4 NB =       210.4466  1-4 EEL =      2951.1398  VDWAALS    =      5333.6306
 EELEC  =    -51294.7568  EHBOND  =         0.0000  RESTRAINT  =        19.8498
 EAMBER (non-restraint)  =    -41399.5620
 ------------------------------------------------------------------------------

wrapping first mol.:       19.75862       27.94291       48.39854
wrapping first mol.:       19.75862       27.94291       48.39854

 NSTEP =     6500   TIME(PS) =    2353.000  TEMP(K) =   299.42  PRESS =     0.0
 Etot   =    -33137.3233  EKtot   =      8262.4189  EPtot      =    -41399.7422
 BOND   =       182.1518  ANGLE   =       481.2878  DIHED      =       726.1945
 1-4 NB =       207.5601  1-4 EEL =      2950.7174  VDWAALS    =      5353.4276
 EELEC  =    -51315.6416  EHBOND  =         0.0000  RESTRAINT  =        14.5602
 EAMBER (non-restraint)  =    -41414.3024
 ------------------------------------------------------------------------------

wrapping first mol.:       19.75862       27.94291       48.39854
wrapping first mol.:       19.75862       27.94291       48.39854

 NSTEP =     7000   TIME(PS) =    2354.000  TEMP(K) =   299.86  PRESS =     0.0
 Etot   =    -33087.3620  EKtot   =      8274.6953  EPtot      =    -41362.0573
 BOND   =       156.0395  ANGLE   =       479.9767  DIHED      =       748.5718
 1-4 NB =       205.8790  1-4 EEL =      2945.4752  VDWAALS    =      5200.2855
 EELEC  =    -51116.0751  EHBOND  =         0.0000  RESTRAINT  =        17.7900
 EAMBER (non-restraint)  =    -41379.8473
 ------------------------------------------------------------------------------

wrapping first mol.:       19.75862       27.94291       48.39854
wrapping first mol.:       19.75862       27.94291       48.39854

 NSTEP =     7500   TIME(PS) =    2355.000  TEMP(K) =   296.64  PRESS =     0.0
 Etot   =    -33138.4712  EKtot   =      8185.9521  EPtot      =    -41324.4233
 BOND   =       173.8946  ANGLE   =       512.5345  DIHED      =       734.4817
 1-4 NB =       196.2139  1-4 EEL =      2930.9404  VDWAALS    =      5384.5097
 EELEC  =    -51274.4558  EHBOND  =         0.0000  RESTRAINT  =        17.4577
 EAMBER (non-restraint)  =    -41341.8811
 ------------------------------------------------------------------------------

wrapping first mol.:       19.75862       27.94291       48.39854
wrapping first mol.:       19.75862       27.94291       48.39854

 NSTEP =     8000   TIME(PS) =    2356.000  TEMP(K) =   298.82  PRESS =     0.0
 Etot   =    -33164.2204  EKtot   =      8245.9102  EPtot      =    -41410.1305
 BOND   =       165.5639  ANGLE   =       471.7920  DIHED      =       730.4244
 1-4 NB =       193.0949  1-4 EEL =      2948.4921  VDWAALS    =      5534.4054
 EELEC  =    -51468.3579  EHBOND  =         0.0000  RESTRAINT  =        14.4546
 EAMBER (non-restraint)  =    -41424.5851
 ------------------------------------------------------------------------------

wrapping first mol.:       19.75862       27.94291       48.39854
wrapping first mol.:       19.75862       27.94291       48.39854

 NSTEP =     8500   TIME(PS) =    2357.000  TEMP(K) =   300.17  PRESS =     0.0
 Etot   =    -33170.2309  EKtot   =      8283.1016  EPtot      =    -41453.3325
 BOND   =       149.8182  ANGLE   =       494.4036  DIHED      =       724.2353
 1-4 NB =       212.2782  1-4 EEL =      2952.1767  VDWAALS    =      5309.2476
 EELEC  =    -51314.0031  EHBOND  =         0.0000  RESTRAINT  =        18.5110
 EAMBER (non-restraint)  =    -41471.8435
 ------------------------------------------------------------------------------

wrapping first mol.:       19.75862       27.94291       48.39854
wrapping first mol.:       19.75862       27.94291       48.39854

 NSTEP =     9000   TIME(PS) =    2358.000  TEMP(K) =   299.42  PRESS =     0.0
 Etot   =    -33182.1205  EKtot   =      8262.6113  EPtot      =    -41444.7318
 BOND   =       173.6698  ANGLE   =       474.0857  DIHED      =       752.0126
 1-4 NB =       197.6598  1-4 EEL =      2960.5549  VDWAALS    =      5537.5783
 EELEC  =    -51561.5621  EHBOND  =         0.0000  RESTRAINT  =        21.2692
 EAMBER (non-restraint)  =    -41466.0011
 ------------------------------------------------------------------------------

wrapping first mol.:       19.75862       27.94291       48.39854
wrapping first mol.:       19.75862       27.94291       48.39854

 NSTEP =     9500   TIME(PS) =    2359.000  TEMP(K) =   299.42  PRESS =     0.0
 Etot   =    -33102.5612  EKtot   =      8262.6133  EPtot      =    -41365.1745
 BOND   =       164.7109  ANGLE   =       468.3501  DIHED      =       739.4515
 1-4 NB =       209.1049  1-4 EEL =      2959.6324  VDWAALS    =      5368.2231
 EELEC  =    -51294.3285  EHBOND  =         0.0000  RESTRAINT  =        19.6810
 EAMBER (non-restraint)  =    -41384.8554
 ------------------------------------------------------------------------------

wrapping first mol.:       19.75862       27.94291       48.39854
wrapping first mol.:       19.75862       27.94291       48.39854

 NSTEP =    10000   TIME(PS) =    2360.000  TEMP(K) =   299.82  PRESS =     0.0
 Etot   =    -33096.7286  EKtot   =      8273.4404  EPtot      =    -41370.1691
 BOND   =       181.0127  ANGLE   =       468.4867  DIHED      =       731.1942
 1-4 NB =       201.7228  1-4 EEL =      2952.1109  VDWAALS    =      5330.1799
 EELEC  =    -51252.3126  EHBOND  =         0.0000  RESTRAINT  =        17.4364
 EAMBER (non-restraint)  =    -41387.6054
 ------------------------------------------------------------------------------

wrapping first mol.:       19.75862       27.94291       48.39854
wrapping first mol.:       19.75862       27.94291       48.39854

 NSTEP =    10500   TIME(PS) =    2361.000  TEMP(K) =   298.38  PRESS =     0.0
 Etot   =    -33152.3765  EKtot   =      8233.7324  EPtot      =    -41386.1089
 BOND   =       173.1039  ANGLE   =       478.9464  DIHED      =       748.3097
 1-4 NB =       196.7903  1-4 EEL =      2916.2527  VDWAALS    =      5267.8066
 EELEC  =    -51181.1265  EHBOND  =         0.0000  RESTRAINT  =        13.8079
 EAMBER (non-restraint)  =    -41399.9168
 ------------------------------------------------------------------------------

wrapping first mol.:       19.75862       27.94291       48.39854
wrapping first mol.:       19.75862       27.94291       48.39854

 NSTEP =    11000   TIME(PS) =    2362.000  TEMP(K) =   303.72  PRESS =     0.0
 Etot   =    -32831.0780  EKtot   =      8381.2676  EPtot      =    -41212.3455
 BOND   =       183.3219  ANGLE   =       498.5363  DIHED      =       754.3258
 1-4 NB =       207.3612  1-4 EEL =      2950.4705  VDWAALS    =      5220.2334
 EELEC  =    -51042.6942  EHBOND  =         0.0000  RESTRAINT  =        16.0996
 EAMBER (non-restraint)  =    -41228.4452
 ------------------------------------------------------------------------------

wrapping first mol.:       19.75862       27.94291       48.39854
wrapping first mol.:       19.75862       27.94291       48.39854

 NSTEP =    11500   TIME(PS) =    2363.000  TEMP(K) =   298.90  PRESS =     0.0
 Etot   =    -33018.2343  EKtot   =      8248.1221  EPtot      =    -41266.3564
 BOND   =       167.4802  ANGLE   =       486.1517  DIHED      =       755.2559
 1-4 NB =       212.2678  1-4 EEL =      2942.7242  VDWAALS    =      5529.5870
 EELEC  =    -51377.1706  EHBOND  =         0.0000  RESTRAINT  =        17.3474
 EAMBER (non-restraint)  =    -41283.7038
 ------------------------------------------------------------------------------

wrapping first mol.:       19.75862       27.94291       48.39854
wrapping first mol.:       19.75862       27.94291       48.39854

 NSTEP =    12000   TIME(PS) =    2364.000  TEMP(K) =   302.78  PRESS =     0.0
 Etot   =    -32999.5310  EKtot   =      8355.3838  EPtot      =    -41354.9148
 BOND   =       174.3952  ANGLE   =       493.2869  DIHED      =       739.5535
 1-4 NB =       207.8998  1-4 EEL =      2938.8825  VDWAALS    =      5298.8548
 EELEC  =    -51229.7664  EHBOND  =         0.0000  RESTRAINT  =        21.9789
 EAMBER (non-restraint)  =    -41376.8937
 ------------------------------------------------------------------------------

wrapping first mol.:       19.75862       27.94291       48.39854
wrapping first mol.:       19.75862       27.94291       48.39854

 NSTEP =    12500   TIME(PS) =    2365.000  TEMP(K) =   299.93  PRESS =     0.0
 Etot   =    -33028.4238  EKtot   =      8276.6963  EPtot      =    -41305.1201
 BOND   =       161.9537  ANGLE   =       497.8690  DIHED      =       748.5961
 1-4 NB =       205.8580  1-4 EEL =      2951.1015  VDWAALS    =      5365.1441
 EELEC  =    -51252.5401  EHBOND  =         0.0000  RESTRAINT  =        16.8975
 EAMBER (non-restraint)  =    -41322.0176
 ------------------------------------------------------------------------------

wrapping first mol.:       19.75862       27.94291       48.39854
wrapping first mol.:       19.75862       27.94291       48.39854

 NSTEP =    13000   TIME(PS) =    2366.000  TEMP(K) =   299.30  PRESS =     0.0
 Etot   =    -33206.8194  EKtot   =      8259.1455  EPtot      =    -41465.9649
 BOND   =       157.8610  ANGLE   =       484.1633  DIHED      =       741.1570
 1-4 NB =       200.9887  1-4 EEL =      2939.7091  VDWAALS    =      5324.2171
 EELEC  =    -51329.9544  EHBOND  =         0.0000  RESTRAINT  =        15.8932
 EAMBER (non-restraint)  =    -41481.8581
 ------------------------------------------------------------------------------

wrapping first mol.:       19.75862       27.94291       48.39854
wrapping first mol.:       19.75862       27.94291       48.39854

 NSTEP =    13500   TIME(PS) =    2367.000  TEMP(K) =   299.12  PRESS =     0.0
 Etot   =    -33215.5059  EKtot   =      8254.2354  EPtot      =    -41469.7413
 BOND   =       158.6672  ANGLE   =       482.5657  DIHED      =       744.0944
 1-4 NB =       213.5365  1-4 EEL =      2948.3913  VDWAALS    =      5374.6091
 EELEC  =    -51411.0881  EHBOND  =         0.0000  RESTRAINT  =        19.4825
 EAMBER (non-restraint)  =    -41489.2238
 ------------------------------------------------------------------------------

wrapping first mol.:       19.75862       27.94291       48.39854
wrapping first mol.:       19.75862       27.94291       48.39854

 NSTEP =    14000   TIME(PS) =    2368.000  TEMP(K) =   303.52  PRESS =     0.0
 Etot   =    -32926.6891  EKtot   =      8375.5566  EPtot      =    -41302.2458
 BOND   =       193.1600  ANGLE   =       478.5177  DIHED      =       753.6396
 1-4 NB =       207.6233  1-4 EEL =      2941.4323  VDWAALS    =      5542.9203
 EELEC  =    -51433.8089  EHBOND  =         0.0000  RESTRAINT  =        14.2699
 EAMBER (non-restraint)  =    -41316.5157
 ------------------------------------------------------------------------------

wrapping first mol.:       19.75862       27.94291       48.39854
wrapping first mol.:       19.75862       27.94291       48.39854

 NSTEP =    14500   TIME(PS) =    2369.000  TEMP(K) =   303.50  PRESS =     0.0
 Etot   =    -32961.8546  EKtot   =      8375.0430  EPtot      =    -41336.8976
 BOND   =       164.8711  ANGLE   =       499.2586  DIHED      =       731.9792
 1-4 NB =       195.5051  1-4 EEL =      2924.4443  VDWAALS    =      5346.9994
 EELEC  =    -51215.3713  EHBOND  =         0.0000  RESTRAINT  =        15.4160
 EAMBER (non-restraint)  =    -41352.3136
 ------------------------------------------------------------------------------

wrapping first mol.:       19.75862       27.94291       48.39854
wrapping first mol.:       19.75862       27.94291       48.39854

 NSTEP =    15000   TIME(PS) =    2370.000  TEMP(K) =   298.86  PRESS =     0.0
 Etot   =    -33182.0081  EKtot   =      8247.1748  EPtot      =    -41429.1829
 BOND   =       173.1086  ANGLE   =       483.6301  DIHED      =       737.1540
 1-4 NB =       204.1457  1-4 EEL =      2936.5396  VDWAALS    =      5303.0681
 EELEC  =    -51289.0690  EHBOND  =         0.0000  RESTRAINT  =        22.2400
 EAMBER (non-restraint)  =    -41451.4229
 ------------------------------------------------------------------------------

wrapping first mol.:       19.75862       27.94291       48.39854
wrapping first mol.:       19.75862       27.94291       48.39854

 NSTEP =    15500   TIME(PS) =    2371.000  TEMP(K) =   294.94  PRESS =     0.0
 Etot   =    -33365.6438  EKtot   =      8138.8931  EPtot      =    -41504.5369
 BOND   =       161.5449  ANGLE   =       503.7600  DIHED      =       734.5268
 1-4 NB =       206.0559  1-4 EEL =      2942.3182  VDWAALS    =      5596.5903
 EELEC  =    -51668.8779  EHBOND  =         0.0000  RESTRAINT  =        19.5449
 EAMBER (non-restraint)  =    -41524.0818
 ------------------------------------------------------------------------------

wrapping first mol.:       19.75862       27.94291       48.39854
wrapping first mol.:       19.75862       27.94291       48.39854

 NSTEP =    16000   TIME(PS) =    2372.000  TEMP(K) =   298.40  PRESS =     0.0
 Etot   =    -33257.7090  EKtot   =      8234.2871  EPtot      =    -41491.9961
 BOND   =       162.0552  ANGLE   =       491.6212  DIHED      =       750.2170
 1-4 NB =       202.8813  1-4 EEL =      2955.9623  VDWAALS    =      5483.1505
 EELEC  =    -51557.3024  EHBOND  =         0.0000  RESTRAINT  =        19.4188
 EAMBER (non-restraint)  =    -41511.4149
 ------------------------------------------------------------------------------

wrapping first mol.:       19.75862       27.94291       48.39854
wrapping first mol.:       19.75862       27.94291       48.39854

 NSTEP =    16500   TIME(PS) =    2373.000  TEMP(K) =   302.86  PRESS =     0.0
 Etot   =    -33135.1709  EKtot   =      8357.5010  EPtot      =    -41492.6719
 BOND   =       177.1320  ANGLE   =       461.0350  DIHED      =       743.4926
 1-4 NB =       199.7880  1-4 EEL =      2935.0775  VDWAALS    =      5216.7608
 EELEC  =    -51245.9260  EHBOND  =         0.0000  RESTRAINT  =        19.9682
 EAMBER (non-restraint)  =    -41512.6401
 ------------------------------------------------------------------------------

wrapping first mol.:       19.75862       27.94291       48.39854
wrapping first mol.:       19.75862       27.94291       48.39854

 NSTEP =    17000   TIME(PS) =    2374.000  TEMP(K) =   293.84  PRESS =     0.0
 Etot   =    -33495.1621  EKtot   =      8108.4214  EPtot      =    -41603.5835
 BOND   =       161.1581  ANGLE   =       466.7389  DIHED      =       725.8062
 1-4 NB =       194.9075  1-4 EEL =      2946.8177  VDWAALS    =      5482.2236
 EELEC  =    -51597.4434  EHBOND  =         0.0000  RESTRAINT  =        16.2079
 EAMBER (non-restraint)  =    -41619.7914
 ------------------------------------------------------------------------------

wrapping first mol.:       19.75862       27.94291       48.39854
wrapping first mol.:       19.75862       27.94291       48.39854

 NSTEP =    17500   TIME(PS) =    2375.000  TEMP(K) =   306.98  PRESS =     0.0
 Etot   =    -32921.2913  EKtot   =      8471.0889  EPtot      =    -41392.3801
 BOND   =       174.6726  ANGLE   =       471.7097  DIHED      =       747.2280
 1-4 NB =       206.3759  1-4 EEL =      2974.9074  VDWAALS    =      5467.5474
 EELEC  =    -51448.5313  EHBOND  =         0.0000  RESTRAINT  =        13.7102
 EAMBER (non-restraint)  =    -41406.0903
 ------------------------------------------------------------------------------

wrapping first mol.:       19.75862       27.94291       48.39854
wrapping first mol.:       19.75862       27.94291       48.39854

 NSTEP =    18000   TIME(PS) =    2376.000  TEMP(K) =   298.93  PRESS =     0.0
 Etot   =    -32935.6639  EKtot   =      8249.1045  EPtot      =    -41184.7683
 BOND   =       168.8938  ANGLE   =       502.0316  DIHED      =       752.9449
 1-4 NB =       206.2712  1-4 EEL =      2948.1281  VDWAALS    =      5344.3800
 EELEC  =    -51122.4818  EHBOND  =         0.0000  RESTRAINT  =        15.0639
 EAMBER (non-restraint)  =    -41199.8322
 ------------------------------------------------------------------------------

wrapping first mol.:       19.75862       27.94291       48.39854
wrapping first mol.:       19.75862       27.94291       48.39854

 NSTEP =    18500   TIME(PS) =    2377.000  TEMP(K) =   300.75  PRESS =     0.0
 Etot   =    -33147.9431  EKtot   =      8299.3301  EPtot      =    -41447.2732
 BOND   =       181.0747  ANGLE   =       477.2624  DIHED      =       748.0520
 1-4 NB =       197.9769  1-4 EEL =      2957.1507  VDWAALS    =      5495.3782
 EELEC  =    -51518.5377  EHBOND  =         0.0000  RESTRAINT  =        14.3696
 EAMBER (non-restraint)  =    -41461.6428
 ------------------------------------------------------------------------------

wrapping first mol.:       19.75862       27.94291       48.39854
wrapping first mol.:       19.75862       27.94291       48.39854

 NSTEP =    19000   TIME(PS) =    2378.000  TEMP(K) =   303.36  PRESS =     0.0
 Etot   =    -32970.1011  EKtot   =      8371.2646  EPtot      =    -41341.3657
 BOND   =       172.5238  ANGLE   =       456.0696  DIHED      =       756.1728
 1-4 NB =       210.4887  1-4 EEL =      2956.4754  VDWAALS    =      5503.7230
 EELEC  =    -51416.5205  EHBOND  =         0.0000  RESTRAINT  =        19.7015
 EAMBER (non-restraint)  =    -41361.0673
 ------------------------------------------------------------------------------

wrapping first mol.:       19.75862       27.94291       48.39854
wrapping first mol.:       19.75862       27.94291       48.39854

 NSTEP =    19500   TIME(PS) =    2379.000  TEMP(K) =   297.98  PRESS =     0.0
 Etot   =    -33212.6531  EKtot   =      8222.7969  EPtot      =    -41435.4500
 BOND   =       168.7161  ANGLE   =       509.9883  DIHED      =       758.2470
 1-4 NB =       204.3452  1-4 EEL =      2942.8827  VDWAALS    =      5232.2059
 EELEC  =    -51270.7017  EHBOND  =         0.0000  RESTRAINT  =        18.8667
 EAMBER (non-restraint)  =    -41454.3167
 ------------------------------------------------------------------------------

wrapping first mol.:       19.75862       27.94291       48.39854
wrapping first mol.:       19.75862       27.94291       48.39854

 NSTEP =    20000   TIME(PS) =    2380.000  TEMP(K) =   303.79  PRESS =     0.0
 Etot   =    -33068.2145  EKtot   =      8383.0508  EPtot      =    -41451.2652
 BOND   =       186.6424  ANGLE   =       492.4866  DIHED      =       746.0533
 1-4 NB =       203.7748  1-4 EEL =      2949.2769  VDWAALS    =      5373.8309
 EELEC  =    -51417.6108  EHBOND  =         0.0000  RESTRAINT  =        14.2807
 EAMBER (non-restraint)  =    -41465.5459
 ------------------------------------------------------------------------------

wrapping first mol.:       19.75862       27.94291       48.39854
wrapping first mol.:       19.75862       27.94291       48.39854

 NSTEP =    20500   TIME(PS) =    2381.000  TEMP(K) =   300.36  PRESS =     0.0
 Etot   =    -33166.8548  EKtot   =      8288.4873  EPtot      =    -41455.3421
 BOND   =       186.7219  ANGLE   =       466.8075  DIHED      =       737.9567
 1-4 NB =       197.5215  1-4 EEL =      2953.8134  VDWAALS    =      5188.4601
 EELEC  =    -51201.1590  EHBOND  =         0.0000  RESTRAINT  =        14.5357
 EAMBER (non-restraint)  =    -41469.8779
 ------------------------------------------------------------------------------

wrapping first mol.:       19.75862       27.94291       48.39854
wrapping first mol.:       19.75862       27.94291       48.39854

 NSTEP =    21000   TIME(PS) =    2382.000  TEMP(K) =   298.12  PRESS =     0.0
 Etot   =    -33252.3577  EKtot   =      8226.5264  EPtot      =    -41478.8841
 BOND   =       168.7508  ANGLE   =       460.3271  DIHED      =       741.4838
 1-4 NB =       204.7600  1-4 EEL =      2950.4602  VDWAALS    =      5297.4303
 EELEC  =    -51319.3204  EHBOND  =         0.0000  RESTRAINT  =        17.2241
 EAMBER (non-restraint)  =    -41496.1081
 ------------------------------------------------------------------------------

wrapping first mol.:       19.75862       27.94291       48.39854
wrapping first mol.:       19.75862       27.94291       48.39854

 NSTEP =    21500   TIME(PS) =    2383.000  TEMP(K) =   297.86  PRESS =     0.0
 Etot   =    -33288.0081  EKtot   =      8219.5391  EPtot      =    -41507.5472
 BOND   =       167.0746  ANGLE   =       475.3989  DIHED      =       732.6564
 1-4 NB =       205.4800  1-4 EEL =      2934.7619  VDWAALS    =      5385.6225
 EELEC  =    -51425.0527  EHBOND  =         0.0000  RESTRAINT  =        16.5112
 EAMBER (non-restraint)  =    -41524.0584
 ------------------------------------------------------------------------------

wrapping first mol.:       19.75862       27.94291       48.39854
wrapping first mol.:       19.75862       27.94291       48.39854

 NSTEP =    22000   TIME(PS) =    2384.000  TEMP(K) =   298.82  PRESS =     0.0
 Etot   =    -33245.5575  EKtot   =      8245.8818  EPtot      =    -41491.4393
 BOND   =       182.0683  ANGLE   =       454.3409  DIHED      =       744.9670
 1-4 NB =       211.1422  1-4 EEL =      2940.0008  VDWAALS    =      5423.2179
 EELEC  =    -51463.6283  EHBOND  =         0.0000  RESTRAINT  =        16.4520
 EAMBER (non-restraint)  =    -41507.8913
 ------------------------------------------------------------------------------

wrapping first mol.:       19.75862       27.94291       48.39854
wrapping first mol.:       19.75862       27.94291       48.39854

 NSTEP =    22500   TIME(PS) =    2385.000  TEMP(K) =   298.10  PRESS =     0.0
 Etot   =    -33341.5707  EKtot   =      8225.9873  EPtot      =    -41567.5580
 BOND   =       183.0969  ANGLE   =       483.8349  DIHED      =       744.5270
 1-4 NB =       195.9174  1-4 EEL =      2915.9897  VDWAALS    =      5459.3320
 EELEC  =    -51564.8180  EHBOND  =         0.0000  RESTRAINT  =        14.5621
 EAMBER (non-restraint)  =    -41582.1201
 ------------------------------------------------------------------------------

wrapping first mol.:       19.75862       27.94291       48.39854
wrapping first mol.:       19.75862       27.94291       48.39854

 NSTEP =    23000   TIME(PS) =    2386.000  TEMP(K) =   295.56  PRESS =     0.0
 Etot   =    -33288.3275  EKtot   =      8156.0156  EPtot      =    -41444.3431
 BOND   =       181.0190  ANGLE   =       485.0064  DIHED      =       736.9657
 1-4 NB =       192.0081  1-4 EEL =      2935.5397  VDWAALS    =      5415.0644
 EELEC  =    -51408.4664  EHBOND  =         0.0000  RESTRAINT  =        18.5200
 EAMBER (non-restraint)  =    -41462.8631
 ------------------------------------------------------------------------------

wrapping first mol.:       19.75862       27.94291       48.39854
wrapping first mol.:       19.75862       27.94291       48.39854

 NSTEP =    23500   TIME(PS) =    2387.000  TEMP(K) =   298.54  PRESS =     0.0
 Etot   =    -33175.8574  EKtot   =      8238.2920  EPtot      =    -41414.1494
 BOND   =       182.6565  ANGLE   =       479.3212  DIHED      =       753.4068
 1-4 NB =       200.8158  1-4 EEL =      2899.9343  VDWAALS    =      5346.5275
 EELEC  =    -51294.0647  EHBOND  =         0.0000  RESTRAINT  =        17.2532
 EAMBER (non-restraint)  =    -41431.4026
 ------------------------------------------------------------------------------

wrapping first mol.:       19.75862       27.94291       48.39854
wrapping first mol.:       19.75862       27.94291       48.39854

 NSTEP =    24000   TIME(PS) =    2388.000  TEMP(K) =   303.81  PRESS =     0.0
 Etot   =    -32996.7401  EKtot   =      8383.7031  EPtot      =    -41380.4432
 BOND   =       186.4249  ANGLE   =       466.2345  DIHED      =       755.0304
 1-4 NB =       201.2712  1-4 EEL =      2917.7194  VDWAALS    =      5247.6212
 EELEC  =    -51175.4614  EHBOND  =         0.0000  RESTRAINT  =        20.7165
 EAMBER (non-restraint)  =    -41401.1597
 ------------------------------------------------------------------------------

wrapping first mol.:       19.75862       27.94291       48.39854
wrapping first mol.:       19.75862       27.94291       48.39854

 NSTEP =    24500   TIME(PS) =    2389.000  TEMP(K) =   295.00  PRESS =     0.0
 Etot   =    -33158.3920  EKtot   =      8140.5347  EPtot      =    -41298.9267
 BOND   =       159.1885  ANGLE   =       474.8704  DIHED      =       748.4299
 1-4 NB =       202.0225  1-4 EEL =      2934.6372  VDWAALS    =      5366.2423
 EELEC  =    -51203.2961  EHBOND  =         0.0000  RESTRAINT  =        18.9785
 EAMBER (non-restraint)  =    -41317.9052
 ------------------------------------------------------------------------------

wrapping first mol.:       19.75862       27.94291       48.39854
wrapping first mol.:       19.75862       27.94291       48.39854

 NSTEP =    25000   TIME(PS) =    2390.000  TEMP(K) =   302.14  PRESS =     0.0
 Etot   =    -32802.6026  EKtot   =      8337.5947  EPtot      =    -41140.1974
 BOND   =       186.3086  ANGLE   =       506.9061  DIHED      =       741.3504
 1-4 NB =       216.6571  1-4 EEL =      2954.7043  VDWAALS    =      5261.5855
 EELEC  =    -51025.6114  EHBOND  =         0.0000  RESTRAINT  =        17.9021
 EAMBER (non-restraint)  =    -41158.0995
 ------------------------------------------------------------------------------

wrapping first mol.:       19.75862       27.94291       48.39854
wrapping first mol.:       19.75862       27.94291       48.39854

 NSTEP =    25500   TIME(PS) =    2391.000  TEMP(K) =   301.01  PRESS =     0.0
 Etot   =    -32980.1235  EKtot   =      8306.5498  EPtot      =    -41286.6733
 BOND   =       172.9396  ANGLE   =       488.9580  DIHED      =       749.3005
 1-4 NB =       204.3118  1-4 EEL =      2925.2912  VDWAALS    =      5364.4982
 EELEC  =    -51207.5896  EHBOND  =         0.0000  RESTRAINT  =        15.6169
 EAMBER (non-restraint)  =    -41302.2903
 ------------------------------------------------------------------------------

wrapping first mol.:       19.75862       27.94291       48.39854
wrapping first mol.:       19.75862       27.94291       48.39854

 NSTEP =    26000   TIME(PS) =    2392.000  TEMP(K) =   300.20  PRESS =     0.0
 Etot   =    -32926.1249  EKtot   =      8283.9502  EPtot      =    -41210.0751
 BOND   =       176.6501  ANGLE   =       471.3968  DIHED      =       745.5491
 1-4 NB =       192.2319  1-4 EEL =      2952.1065  VDWAALS    =      5480.3438
 EELEC  =    -51246.1359  EHBOND  =         0.0000  RESTRAINT  =        17.7825
 EAMBER (non-restraint)  =    -41227.8576
 ------------------------------------------------------------------------------

wrapping first mol.:       19.75862       27.94291       48.39854
wrapping first mol.:       19.75862       27.94291       48.39854

 NSTEP =    26500   TIME(PS) =    2393.000  TEMP(K) =   297.61  PRESS =     0.0
 Etot   =    -33010.4056  EKtot   =      8212.5605  EPtot      =    -41222.9662
 BOND   =       172.3781  ANGLE   =       464.6890  DIHED      =       743.1346
 1-4 NB =       196.7655  1-4 EEL =      2946.7162  VDWAALS    =      5353.7516
 EELEC  =    -51116.0096  EHBOND  =         0.0000  RESTRAINT  =        15.6085
 EAMBER (non-restraint)  =    -41238.5747
 ------------------------------------------------------------------------------

wrapping first mol.:       19.75862       27.94291       48.39854
wrapping first mol.:       19.75862       27.94291       48.39854

 NSTEP =    27000   TIME(PS) =    2394.000  TEMP(K) =   299.57  PRESS =     0.0
 Etot   =    -32999.3611  EKtot   =      8266.7803  EPtot      =    -41266.1414
 BOND   =       176.8883  ANGLE   =       462.9087  DIHED      =       745.1370
 1-4 NB =       205.1163  1-4 EEL =      2967.7166  VDWAALS    =      5342.1252
 EELEC  =    -51179.6587  EHBOND  =         0.0000  RESTRAINT  =        13.6251
 EAMBER (non-restraint)  =    -41279.7665
 ------------------------------------------------------------------------------

wrapping first mol.:       19.75862       27.94291       48.39854
wrapping first mol.:       19.75862       27.94291       48.39854

 NSTEP =    27500   TIME(PS) =    2395.000  TEMP(K) =   300.33  PRESS =     0.0
 Etot   =    -33115.2803  EKtot   =      8287.7812  EPtot      =    -41403.0616
 BOND   =       170.2250  ANGLE   =       468.3443  DIHED      =       737.2058
 1-4 NB =       207.3072  1-4 EEL =      2953.5980  VDWAALS    =      5499.2120
 EELEC  =    -51455.5018  EHBOND  =         0.0000  RESTRAINT  =        16.5480
 EAMBER (non-restraint)  =    -41419.6096
 ------------------------------------------------------------------------------

wrapping first mol.:       19.75862       27.94291       48.39854
wrapping first mol.:       19.75862       27.94291       48.39854

 NSTEP =    28000   TIME(PS) =    2396.000  TEMP(K) =   300.81  PRESS =     0.0
 Etot   =    -33159.6733  EKtot   =      8300.8750  EPtot      =    -41460.5483
 BOND   =       175.1009  ANGLE   =       495.5738  DIHED      =       747.0181
 1-4 NB =       199.9049  1-4 EEL =      2950.7040  VDWAALS    =      5262.8869
 EELEC  =    -51307.9290  EHBOND  =         0.0000  RESTRAINT  =        16.1923
 EAMBER (non-restraint)  =    -41476.7406
 ------------------------------------------------------------------------------

wrapping first mol.:       19.75862       27.94291       48.39854
wrapping first mol.:       19.75862       27.94291       48.39854

 NSTEP =    28500   TIME(PS) =    2397.000  TEMP(K) =   302.74  PRESS =     0.0
 Etot   =    -33195.4437  EKtot   =      8354.1797  EPtot      =    -41549.6234
 BOND   =       178.8854  ANGLE   =       464.0194  DIHED      =       752.1720
 1-4 NB =       203.7176  1-4 EEL =      2952.8451  VDWAALS    =      5459.2310
 EELEC  =    -51576.4070  EHBOND  =         0.0000  RESTRAINT  =        15.9130
 EAMBER (non-restraint)  =    -41565.5365
 ------------------------------------------------------------------------------

wrapping first mol.:       19.75862       27.94291       48.39854
wrapping first mol.:       19.75862       27.94291       48.39854

 NSTEP =    29000   TIME(PS) =    2398.000  TEMP(K) =   302.95  PRESS =     0.0
 Etot   =    -32985.8067  EKtot   =      8359.8496  EPtot      =    -41345.6563
 BOND   =       176.4028  ANGLE   =       476.2211  DIHED      =       735.1821
 1-4 NB =       200.2068  1-4 EEL =      2938.3141  VDWAALS    =      5361.8469
 EELEC  =    -51252.8020  EHBOND  =         0.0000  RESTRAINT  =        18.9719
 EAMBER (non-restraint)  =    -41364.6282
 ------------------------------------------------------------------------------

wrapping first mol.:       19.75862       27.94291       48.39854
wrapping first mol.:       19.75862       27.94291       48.39854

 NSTEP =    29500   TIME(PS) =    2399.000  TEMP(K) =   298.10  PRESS =     0.0
 Etot   =    -33333.6953  EKtot   =      8226.0254  EPtot      =    -41559.7207
 BOND   =       182.6580  ANGLE   =       476.4870  DIHED      =       738.1144
 1-4 NB =       205.2827  1-4 EEL =      2954.1184  VDWAALS    =      5480.6756
 EELEC  =    -51615.5176  EHBOND  =         0.0000  RESTRAINT  =        18.4607
 EAMBER (non-restraint)  =    -41578.1814
 ------------------------------------------------------------------------------

wrapping first mol.:       19.75862       27.94291       48.39854
wrapping first mol.:       19.75862       27.94291       48.39854

 NSTEP =    30000   TIME(PS) =    2400.000  TEMP(K) =   301.53  PRESS =     0.0
 Etot   =    -33034.1573  EKtot   =      8320.6777  EPtot      =    -41354.8350
 BOND   =       165.0111  ANGLE   =       484.4878  DIHED      =       750.3942
 1-4 NB =       202.5433  1-4 EEL =      2927.3316  VDWAALS    =      5370.7591
 EELEC  =    -51274.9220  EHBOND  =         0.0000  RESTRAINT  =        19.5599
 EAMBER (non-restraint)  =    -41374.3949
 ------------------------------------------------------------------------------

wrapping first mol.:       19.75862       27.94291       48.39854
wrapping first mol.:       19.75862       27.94291       48.39854

 NSTEP =    30500   TIME(PS) =    2401.000  TEMP(K) =   301.71  PRESS =     0.0
 Etot   =    -33126.5958  EKtot   =      8325.7324  EPtot      =    -41452.3283
 BOND   =       144.8784  ANGLE   =       490.8634  DIHED      =       750.4703
 1-4 NB =       204.3539  1-4 EEL =      2938.5508  VDWAALS    =      5388.6201
 EELEC  =    -51385.4633  EHBOND  =         0.0000  RESTRAINT  =        15.3981
 EAMBER (non-restraint)  =    -41467.7264
 ------------------------------------------------------------------------------

wrapping first mol.:       19.75862       27.94291       48.39854
wrapping first mol.:       19.75862       27.94291       48.39854

 NSTEP =    31000   TIME(PS) =    2402.000  TEMP(K) =   299.69  PRESS =     0.0
 Etot   =    -33131.2119  EKtot   =      8269.9697  EPtot      =    -41401.1816
 BOND   =       189.6425  ANGLE   =       509.0869  DIHED      =       738.4205
 1-4 NB =       197.7331  1-4 EEL =      2905.3882  VDWAALS    =      5372.1350
 EELEC  =    -51327.5494  EHBOND  =         0.0000  RESTRAINT  =        13.9614
 EAMBER (non-restraint)  =    -41415.1431
 ------------------------------------------------------------------------------

wrapping first mol.:       19.75862       27.94291       48.39854
wrapping first mol.:       19.75862       27.94291       48.39854

 NSTEP =    31500   TIME(PS) =    2403.000  TEMP(K) =   303.18  PRESS =     0.0
 Etot   =    -33037.3801  EKtot   =      8366.1719  EPtot      =    -41403.5520
 BOND   =       184.4983  ANGLE   =       490.8929  DIHED      =       743.4801
 1-4 NB =       207.5197  1-4 EEL =      2919.4202  VDWAALS    =      5447.5274
 EELEC  =    -51414.0405  EHBOND  =         0.0000  RESTRAINT  =        17.1498
 EAMBER (non-restraint)  =    -41420.7018
 ------------------------------------------------------------------------------

wrapping first mol.:       19.75862       27.94291       48.39854
wrapping first mol.:       19.75862       27.94291       48.39854

 NSTEP =    32000   TIME(PS) =    2404.000  TEMP(K) =   300.16  PRESS =     0.0
 Etot   =    -32912.7181  EKtot   =      8282.8789  EPtot      =    -41195.5970
 BOND   =       182.8376  ANGLE   =       491.9477  DIHED      =       738.4397
 1-4 NB =       189.5810  1-4 EEL =      2914.2446  VDWAALS    =      5375.6730
 EELEC  =    -51104.8151  EHBOND  =         0.0000  RESTRAINT  =        16.4945
 EAMBER (non-restraint)  =    -41212.0915
 ------------------------------------------------------------------------------

wrapping first mol.:       19.75862       27.94291       48.39854
wrapping first mol.:       19.75862       27.94291       48.39854

 NSTEP =    32500   TIME(PS) =    2405.000  TEMP(K) =   301.87  PRESS =     0.0
 Etot   =    -32910.2269  EKtot   =      8330.1963  EPtot      =    -41240.4232
 BOND   =       179.2276  ANGLE   =       473.0421  DIHED      =       749.3773
 1-4 NB =       197.8716  1-4 EEL =      2935.9311  VDWAALS    =      5336.2125
 EELEC  =    -51129.2187  EHBOND  =         0.0000  RESTRAINT  =        17.1332
 EAMBER (non-restraint)  =    -41257.5564
 ------------------------------------------------------------------------------

wrapping first mol.:       19.75862       27.94291       48.39854
wrapping first mol.:       19.75862       27.94291       48.39854

 NSTEP =    33000   TIME(PS) =    2406.000  TEMP(K) =   299.72  PRESS =     0.0
 Etot   =    -33102.1368  EKtot   =      8270.9141  EPtot      =    -41373.0508
 BOND   =       194.5340  ANGLE   =       504.5820  DIHED      =       767.6141
 1-4 NB =       199.5654  1-4 EEL =      2885.7914  VDWAALS    =      5518.7075
 EELEC  =    -51459.8080  EHBOND  =         0.0000  RESTRAINT  =        15.9629
 EAMBER (non-restraint)  =    -41389.0137
 ------------------------------------------------------------------------------

wrapping first mol.:       19.75862       27.94291       48.39854
wrapping first mol.:       19.75862       27.94291       48.39854

 NSTEP =    33500   TIME(PS) =    2407.000  TEMP(K) =   294.50  PRESS =     0.0
 Etot   =    -33122.3801  EKtot   =      8126.8579  EPtot      =    -41249.2380
 BOND   =       170.2384  ANGLE   =       461.6388  DIHED      =       732.4056
 1-4 NB =       213.3422  1-4 EEL =      2966.9329  VDWAALS    =      5474.5178
 EELEC  =    -51288.0380  EHBOND  =         0.0000  RESTRAINT  =        19.7243
 EAMBER (non-restraint)  =    -41268.9623
 ------------------------------------------------------------------------------

wrapping first mol.:       19.75862       27.94291       48.39854
wrapping first mol.:       19.75862       27.94291       48.39854

 NSTEP =    34000   TIME(PS) =    2408.000  TEMP(K) =   303.24  PRESS =     0.0
 Etot   =    -33068.1228  EKtot   =      8367.8887  EPtot      =    -41436.0115
 BOND   =       178.0605  ANGLE   =       479.8187  DIHED      =       734.9532
 1-4 NB =       199.2795  1-4 EEL =      2926.9024  VDWAALS    =      5269.4796
 EELEC  =    -51242.7944  EHBOND  =         0.0000  RESTRAINT  =        18.2890
 EAMBER (non-restraint)  =    -41454.3005
 ------------------------------------------------------------------------------

wrapping first mol.:       19.75862       27.94291       48.39854
wrapping first mol.:       19.75862       27.94291       48.39854

 NSTEP =    34500   TIME(PS) =    2409.000  TEMP(K) =   301.61  PRESS =     0.0
 Etot   =    -32785.4302  EKtot   =      8322.9199  EPtot      =    -41108.3501
 BOND   =       173.5576  ANGLE   =       497.4225  DIHED      =       756.0750
 1-4 NB =       198.2719  1-4 EEL =      2939.9118  VDWAALS    =      5320.1202
 EELEC  =    -51015.8316  EHBOND  =         0.0000  RESTRAINT  =        22.1226
 EAMBER (non-restraint)  =    -41130.4726
 ------------------------------------------------------------------------------

wrapping first mol.:       19.75862       27.94291       48.39854
wrapping first mol.:       19.75862       27.94291       48.39854

 NSTEP =    35000   TIME(PS) =    2410.000  TEMP(K) =   296.48  PRESS =     0.0
 Etot   =    -33035.7968  EKtot   =      8181.3223  EPtot      =    -41217.1191
 BOND   =       193.3041  ANGLE   =       513.0813  DIHED      =       757.0063
 1-4 NB =       207.7013  1-4 EEL =      2922.7646  VDWAALS    =      5318.4272
 EELEC  =    -51148.1341  EHBOND  =         0.0000  RESTRAINT  =        18.7303
 EAMBER (non-restraint)  =    -41235.8494
 ------------------------------------------------------------------------------

wrapping first mol.:       19.75862       27.94291       48.39854
wrapping first mol.:       19.75862       27.94291       48.39854

 NSTEP =    35500   TIME(PS) =    2411.000  TEMP(K) =   305.12  PRESS =     0.0
 Etot   =    -32964.6500  EKtot   =      8419.8145  EPtot      =    -41384.4645
 BOND   =       190.1702  ANGLE   =       495.5205  DIHED      =       750.7032
 1-4 NB =       197.6929  1-4 EEL =      2924.6346  VDWAALS    =      5247.1169
 EELEC  =    -51209.7367  EHBOND  =         0.0000  RESTRAINT  =        19.4340
 EAMBER (non-restraint)  =    -41403.8984
 ------------------------------------------------------------------------------

wrapping first mol.:       19.75862       27.94291       48.39854
wrapping first mol.:       19.75862       27.94291       48.39854

 NSTEP =    36000   TIME(PS) =    2412.000  TEMP(K) =   301.79  PRESS =     0.0
 Etot   =    -33025.1238  EKtot   =      8327.8516  EPtot      =    -41352.9754
 BOND   =       176.2032  ANGLE   =       456.2919  DIHED      =       756.2328
 1-4 NB =       206.6597  1-4 EEL =      2952.1965  VDWAALS    =      5344.9377
 EELEC  =    -51265.4200  EHBOND  =         0.0000  RESTRAINT  =        19.9229
 EAMBER (non-restraint)  =    -41372.8983
 ------------------------------------------------------------------------------

wrapping first mol.:       19.75862       27.94291       48.39854
wrapping first mol.:       19.75862       27.94291       48.39854

 NSTEP =    36500   TIME(PS) =    2413.000  TEMP(K) =   297.55  PRESS =     0.0
 Etot   =    -33105.3003  EKtot   =      8210.9141  EPtot      =    -41316.2144
 BOND   =       183.8720  ANGLE   =       479.0128  DIHED      =       751.0465
 1-4 NB =       204.9022  1-4 EEL =      2904.0609  VDWAALS    =      5445.6460
 EELEC  =    -51308.5439  EHBOND  =         0.0000  RESTRAINT  =        23.7891
 EAMBER (non-restraint)  =    -41340.0035
 ------------------------------------------------------------------------------

wrapping first mol.:       19.75862       27.94291       48.39854
wrapping first mol.:       19.75862       27.94291       48.39854

 NSTEP =    37000   TIME(PS) =    2414.000  TEMP(K) =   296.32  PRESS =     0.0
 Etot   =    -33116.0076  EKtot   =      8177.0264  EPtot      =    -41293.0339
 BOND   =       154.3743  ANGLE   =       488.8965  DIHED      =       748.1771
 1-4 NB =       206.6700  1-4 EEL =      2933.8760  VDWAALS    =      5379.1783
 EELEC  =    -51225.6164  EHBOND  =         0.0000  RESTRAINT  =        21.4103
 EAMBER (non-restraint)  =    -41314.4442
 ------------------------------------------------------------------------------

wrapping first mol.:       19.75862       27.94291       48.39854
wrapping first mol.:       19.75862       27.94291       48.39854

 NSTEP =    37500   TIME(PS) =    2415.000  TEMP(K) =   300.61  PRESS =     0.0
 Etot   =    -33257.2536  EKtot   =      8295.4102  EPtot      =    -41552.6637
 BOND   =       167.7867  ANGLE   =       459.4056  DIHED      =       740.7695
 1-4 NB =       214.7064  1-4 EEL =      2924.8094  VDWAALS    =      5435.2561
 EELEC  =    -51514.5636  EHBOND  =         0.0000  RESTRAINT  =        19.1662
 EAMBER (non-restraint)  =    -41571.8299
 ------------------------------------------------------------------------------

wrapping first mol.:       19.75862       27.94291       48.39854
wrapping first mol.:       19.75862       27.94291       48.39854

 NSTEP =    38000   TIME(PS) =    2416.000  TEMP(K) =   298.47  PRESS =     0.0
 Etot   =    -33219.0292  EKtot   =      8236.2764  EPtot      =    -41455.3056
 BOND   =       160.1483  ANGLE   =       465.9817  DIHED      =       757.1502
 1-4 NB =       204.5145  1-4 EEL =      2937.9455  VDWAALS    =      5375.3179
 EELEC  =    -51375.3804  EHBOND  =         0.0000  RESTRAINT  =        19.0167
 EAMBER (non-restraint)  =    -41474.3223
 ------------------------------------------------------------------------------

wrapping first mol.:       19.75862       27.94291       48.39854
wrapping first mol.:       19.75862       27.94291       48.39854

 NSTEP =    38500   TIME(PS) =    2417.000  TEMP(K) =   296.28  PRESS =     0.0
 Etot   =    -33249.1942  EKtot   =      8176.0171  EPtot      =    -41425.2113
 BOND   =       181.2082  ANGLE   =       465.8399  DIHED      =       753.1751
 1-4 NB =       207.3546  1-4 EEL =      2931.0833  VDWAALS    =      5411.4518
 EELEC  =    -51396.6467  EHBOND  =         0.0000  RESTRAINT  =        21.3226
 EAMBER (non-restraint)  =    -41446.5340
 ------------------------------------------------------------------------------

wrapping first mol.:       19.75862       27.94291       48.39854
wrapping first mol.:       19.75862       27.94291       48.39854

 NSTEP =    39000   TIME(PS) =    2418.000  TEMP(K) =   298.58  PRESS =     0.0
 Etot   =    -33201.1299  EKtot   =      8239.4766  EPtot      =    -41440.6064
 BOND   =       183.6485  ANGLE   =       467.8519  DIHED      =       737.1831
 1-4 NB =       192.8478  1-4 EEL =      2911.2084  VDWAALS    =      5492.8968
 EELEC  =    -51450.6110  EHBOND  =         0.0000  RESTRAINT  =        24.3681
 EAMBER (non-restraint)  =    -41464.9745
 ------------------------------------------------------------------------------

wrapping first mol.:       19.75862       27.94291       48.39854
wrapping first mol.:       19.75862       27.94291       48.39854

 NSTEP =    39500   TIME(PS) =    2419.000  TEMP(K) =   303.10  PRESS =     0.0
 Etot   =    -32773.6608  EKtot   =      8364.1621  EPtot      =    -41137.8229
 BOND   =       166.9462  ANGLE   =       480.5604  DIHED      =       761.3572
 1-4 NB =       209.1110  1-4 EEL =      2914.2336  VDWAALS    =      5285.8571
 EELEC  =    -50974.0051  EHBOND  =         0.0000  RESTRAINT  =        18.1168
 EAMBER (non-restraint)  =    -41155.9396
 ------------------------------------------------------------------------------

wrapping first mol.:       19.75862       27.94291       48.39854
wrapping first mol.:       19.75862       27.94291       48.39854

 NSTEP =    40000   TIME(PS) =    2420.000  TEMP(K) =   295.77  PRESS =     0.0
 Etot   =    -33196.0365  EKtot   =      8161.8096  EPtot      =    -41357.8461
 BOND   =       176.9001  ANGLE   =       508.0029  DIHED      =       743.0684
 1-4 NB =       200.5450  1-4 EEL =      2939.1641  VDWAALS    =      5246.0722
 EELEC  =    -51187.9486  EHBOND  =         0.0000  RESTRAINT  =        16.3498
 EAMBER (non-restraint)  =    -41374.1959
 ------------------------------------------------------------------------------

wrapping first mol.:       19.75862       27.94291       48.39854
wrapping first mol.:       19.75862       27.94291       48.39854

 NSTEP =    40500   TIME(PS) =    2421.000  TEMP(K) =   301.73  PRESS =     0.0
 Etot   =    -33122.5363  EKtot   =      8326.1709  EPtot      =    -41448.7072
 BOND   =       162.6508  ANGLE   =       476.1599  DIHED      =       737.8294
 1-4 NB =       195.3677  1-4 EEL =      2941.2650  VDWAALS    =      5271.9560
 EELEC  =    -51250.9674  EHBOND  =         0.0000  RESTRAINT  =        17.0312
 EAMBER (non-restraint)  =    -41465.7384
 ------------------------------------------------------------------------------

wrapping first mol.:       19.75862       27.94291       48.39854
wrapping first mol.:       19.75862       27.94291       48.39854

 NSTEP =    41000   TIME(PS) =    2422.000  TEMP(K) =   296.18  PRESS =     0.0
 Etot   =    -33160.0757  EKtot   =      8173.2500  EPtot      =    -41333.3257
 BOND   =       167.5235  ANGLE   =       461.1019  DIHED      =       749.1170
 1-4 NB =       198.1388  1-4 EEL =      2929.8754  VDWAALS    =      5322.2319
 EELEC  =    -51184.7586  EHBOND  =         0.0000  RESTRAINT  =        23.4445
 EAMBER (non-restraint)  =    -41356.7701
 ------------------------------------------------------------------------------

wrapping first mol.:       19.75862       27.94291       48.39854
wrapping first mol.:       19.75862       27.94291       48.39854

 NSTEP =    41500   TIME(PS) =    2423.000  TEMP(K) =   295.17  PRESS =     0.0
 Etot   =    -33266.6405  EKtot   =      8145.3857  EPtot      =    -41412.0263
 BOND   =       155.8926  ANGLE   =       465.0960  DIHED      =       742.4567
 1-4 NB =       204.1924  1-4 EEL =      2952.3177  VDWAALS    =      5180.8135
 EELEC  =    -51135.7866  EHBOND  =         0.0000  RESTRAINT  =        22.9914
 EAMBER (non-restraint)  =    -41435.0177
 ------------------------------------------------------------------------------

wrapping first mol.:       19.75862       27.94291       48.39854
wrapping first mol.:       19.75862       27.94291       48.39854

 NSTEP =    42000   TIME(PS) =    2424.000  TEMP(K) =   304.33  PRESS =     0.0
 Etot   =    -32936.6901  EKtot   =      8398.0449  EPtot      =    -41334.7351
 BOND   =       167.8606  ANGLE   =       494.7757  DIHED      =       730.1703
 1-4 NB =       194.4192  1-4 EEL =      2929.6095  VDWAALS    =      5339.1649
 EELEC  =    -51207.7320  EHBOND  =         0.0000  RESTRAINT  =        16.9967
 EAMBER (non-restraint)  =    -41351.7318
 ------------------------------------------------------------------------------

wrapping first mol.:       19.75862       27.94291       48.39854
wrapping first mol.:       19.75862       27.94291       48.39854

 NSTEP =    42500   TIME(PS) =    2425.000  TEMP(K) =   301.00  PRESS =     0.0
 Etot   =    -32957.5981  EKtot   =      8306.1074  EPtot      =    -41263.7056
 BOND   =       185.8997  ANGLE   =       488.3372  DIHED      =       729.6979
 1-4 NB =       200.5989  1-4 EEL =      2911.1389  VDWAALS    =      5356.6357
 EELEC  =    -51151.5181  EHBOND  =         0.0000  RESTRAINT  =        15.5042
 EAMBER (non-restraint)  =    -41279.2097
 ------------------------------------------------------------------------------

wrapping first mol.:       19.75862       27.94291       48.39854
wrapping first mol.:       19.75862       27.94291       48.39854

 NSTEP =    43000   TIME(PS) =    2426.000  TEMP(K) =   302.26  PRESS =     0.0
 Etot   =    -33096.6480  EKtot   =      8340.8496  EPtot      =    -41437.4976
 BOND   =       173.7745  ANGLE   =       470.0437  DIHED      =       750.4968
 1-4 NB =       208.2551  1-4 EEL =      2960.9575  VDWAALS    =      5329.9507
 EELEC  =    -51346.7274  EHBOND  =         0.0000  RESTRAINT  =        15.7515
 EAMBER (non-restraint)  =    -41453.2491
 ------------------------------------------------------------------------------

wrapping first mol.:       19.75862       27.94291       48.39854
wrapping first mol.:       19.75862       27.94291       48.39854

 NSTEP =    43500   TIME(PS) =    2427.000  TEMP(K) =   301.19  PRESS =     0.0
 Etot   =    -32908.1196  EKtot   =      8311.2441  EPtot      =    -41219.3637
 BOND   =       182.1927  ANGLE   =       481.3971  DIHED      =       733.2696
 1-4 NB =       211.8402  1-4 EEL =      2924.7141  VDWAALS    =      5447.3331
 EELEC  =    -51218.5645  EHBOND  =         0.0000  RESTRAINT  =        18.4540
 EAMBER (non-restraint)  =    -41237.8177
 ------------------------------------------------------------------------------

wrapping first mol.:       19.75862       27.94291       48.39854
wrapping first mol.:       19.75862       27.94291       48.39854

 NSTEP =    44000   TIME(PS) =    2428.000  TEMP(K) =   303.18  PRESS =     0.0
 Etot   =    -33015.4554  EKtot   =      8366.1807  EPtot      =    -41381.6361
 BOND   =       179.5166  ANGLE   =       493.6059  DIHED      =       741.0494
 1-4 NB =       203.7966  1-4 EEL =      2954.3560  VDWAALS    =      5416.3215
 EELEC  =    -51392.2430  EHBOND  =         0.0000  RESTRAINT  =        21.9609
 EAMBER (non-restraint)  =    -41403.5970
 ------------------------------------------------------------------------------

wrapping first mol.:       19.75862       27.94291       48.39854
wrapping first mol.:       19.75862       27.94291       48.39854

 NSTEP =    44500   TIME(PS) =    2429.000  TEMP(K) =   302.22  PRESS =     0.0
 Etot   =    -32962.9302  EKtot   =      8339.8896  EPtot      =    -41302.8198
 BOND   =       154.3287  ANGLE   =       506.8746  DIHED      =       739.7801
 1-4 NB =       206.7941  1-4 EEL =      2949.8887  VDWAALS    =      5146.5125
 EELEC  =    -51026.8926  EHBOND  =         0.0000  RESTRAINT  =        19.8941
 EAMBER (non-restraint)  =    -41322.7139
 ------------------------------------------------------------------------------

wrapping first mol.:       19.75862       27.94291       48.39854
wrapping first mol.:       19.75862       27.94291       48.39854

 NSTEP =    45000   TIME(PS) =    2430.000  TEMP(K) =   301.30  PRESS =     0.0
 Etot   =    -32947.1230  EKtot   =      8314.2930  EPtot      =    -41261.4160
 BOND   =       161.6764  ANGLE   =       535.0578  DIHED      =       737.9162
 1-4 NB =       203.8363  1-4 EEL =      2914.5250  VDWAALS    =      5372.5862
 EELEC  =    -51203.3568  EHBOND  =         0.0000  RESTRAINT  =        16.3429
 EAMBER (non-restraint)  =    -41277.7589
 ------------------------------------------------------------------------------

wrapping first mol.:       19.75862       27.94291       48.39854
wrapping first mol.:       19.75862       27.94291       48.39854

 NSTEP =    45500   TIME(PS) =    2431.000  TEMP(K) =   299.85  PRESS =     0.0
 Etot   =    -32937.4234  EKtot   =      8274.5176  EPtot      =    -41211.9409
 BOND   =       183.3629  ANGLE   =       477.5134  DIHED      =       745.6881
 1-4 NB =       201.5576  1-4 EEL =      2920.0425  VDWAALS    =      5440.6436
 EELEC  =    -51198.7493  EHBOND  =         0.0000  RESTRAINT  =        18.0002
 EAMBER (non-restraint)  =    -41229.9412
 ------------------------------------------------------------------------------

wrapping first mol.:       19.75862       27.94291       48.39854
wrapping first mol.:       19.75862       27.94291       48.39854

 NSTEP =    46000   TIME(PS) =    2432.000  TEMP(K) =   305.59  PRESS =     0.0
 Etot   =    -32978.9374  EKtot   =      8432.8730  EPtot      =    -41411.8104
 BOND   =       166.4755  ANGLE   =       465.0062  DIHED      =       738.0921
 1-4 NB =       209.5308  1-4 EEL =      2944.1950  VDWAALS    =      5351.9189
 EELEC  =    -51305.3575  EHBOND  =         0.0000  RESTRAINT  =        18.3286
 EAMBER (non-restraint)  =    -41430.1390
 ------------------------------------------------------------------------------

wrapping first mol.:       19.75862       27.94291       48.39854
wrapping first mol.:       19.75862       27.94291       48.39854

 NSTEP =    46500   TIME(PS) =    2433.000  TEMP(K) =   299.55  PRESS =     0.0
 Etot   =    -33136.1353  EKtot   =      8266.0801  EPtot      =    -41402.2153
 BOND   =       166.5801  ANGLE   =       472.0426  DIHED      =       736.7901
 1-4 NB =       206.1785  1-4 EEL =      2937.6644  VDWAALS    =      5527.4604
 EELEC  =    -51464.6726  EHBOND  =         0.0000  RESTRAINT  =        15.7412
 EAMBER (non-restraint)  =    -41417.9566
 ------------------------------------------------------------------------------

wrapping first mol.:       19.75862       27.94291       48.39854
wrapping first mol.:       19.75862       27.94291       48.39854

 NSTEP =    47000   TIME(PS) =    2434.000  TEMP(K) =   297.38  PRESS =     0.0
 Etot   =    -33371.4681  EKtot   =      8206.2432  EPtot      =    -41577.7113
 BOND   =       165.3584  ANGLE   =       447.1973  DIHED      =       747.6288
 1-4 NB =       191.2787  1-4 EEL =      2943.4817  VDWAALS    =      5339.4083
 EELEC  =    -51429.7650  EHBOND  =         0.0000  RESTRAINT  =        17.7004
 EAMBER (non-restraint)  =    -41595.4117
 ------------------------------------------------------------------------------

wrapping first mol.:       19.75862       27.94291       48.39854
wrapping first mol.:       19.75862       27.94291       48.39854

 NSTEP =    47500   TIME(PS) =    2435.000  TEMP(K) =   302.14  PRESS =     0.0
 Etot   =    -33216.9249  EKtot   =      8337.6387  EPtot      =    -41554.5636
 BOND   =       172.2066  ANGLE   =       450.3341  DIHED      =       721.4524
 1-4 NB =       208.3982  1-4 EEL =      2911.9453  VDWAALS    =      5291.0662
 EELEC  =    -51331.0288  EHBOND  =         0.0000  RESTRAINT  =        21.0625
 EAMBER (non-restraint)  =    -41575.6260
 ------------------------------------------------------------------------------

wrapping first mol.:       19.75862       27.94291       48.39854
wrapping first mol.:       19.75862       27.94291       48.39854

 NSTEP =    48000   TIME(PS) =    2436.000  TEMP(K) =   302.72  PRESS =     0.0
 Etot   =    -33139.9550  EKtot   =      8353.5859  EPtot      =    -41493.5409
 BOND   =       173.2191  ANGLE   =       493.5778  DIHED      =       764.0820
 1-4 NB =       205.8400  1-4 EEL =      2942.5855  VDWAALS    =      5467.7430
 EELEC  =    -51561.1454  EHBOND  =         0.0000  RESTRAINT  =        20.5571
 EAMBER (non-restraint)  =    -41514.0980
 ------------------------------------------------------------------------------

wrapping first mol.:       19.75862       27.94291       48.39854
wrapping first mol.:       19.75862       27.94291       48.39854

 NSTEP =    48500   TIME(PS) =    2437.000  TEMP(K) =   299.85  PRESS =     0.0
 Etot   =    -33186.5042  EKtot   =      8274.4434  EPtot      =    -41460.9475
 BOND   =       185.8362  ANGLE   =       478.5163  DIHED      =       737.4009
 1-4 NB =       208.5484  1-4 EEL =      2932.2351  VDWAALS    =      5561.2926
 EELEC  =    -51581.1090  EHBOND  =         0.0000  RESTRAINT  =        16.3320
 EAMBER (non-restraint)  =    -41477.2795
 ------------------------------------------------------------------------------

wrapping first mol.:       19.75862       27.94291       48.39854
wrapping first mol.:       19.75862       27.94291       48.39854

 NSTEP =    49000   TIME(PS) =    2438.000  TEMP(K) =   298.94  PRESS =     0.0
 Etot   =    -33327.5646  EKtot   =      8249.2275  EPtot      =    -41576.7921
 BOND   =       178.2304  ANGLE   =       476.4376  DIHED      =       753.5664
 1-4 NB =       197.8760  1-4 EEL =      2950.5854  VDWAALS    =      5385.0504
 EELEC  =    -51535.3042  EHBOND  =         0.0000  RESTRAINT  =        16.7659
 EAMBER (non-restraint)  =    -41593.5580
 ------------------------------------------------------------------------------

wrapping first mol.:       19.75862       27.94291       48.39854
wrapping first mol.:       19.75862       27.94291       48.39854

 NSTEP =    49500   TIME(PS) =    2439.000  TEMP(K) =   302.47  PRESS =     0.0
 Etot   =    -33235.7609  EKtot   =      8346.7188  EPtot      =    -41582.4796
 BOND   =       164.7275  ANGLE   =       474.6303  DIHED      =       733.6592
 1-4 NB =       209.6591  1-4 EEL =      2947.0348  VDWAALS    =      5391.0435
 EELEC  =    -51519.6142  EHBOND  =         0.0000  RESTRAINT  =        16.3802
 EAMBER (non-restraint)  =    -41598.8598
 ------------------------------------------------------------------------------

wrapping first mol.:       19.75862       27.94291       48.39854
wrapping first mol.:       19.75862       27.94291       48.39854

 NSTEP =    50000   TIME(PS) =    2440.000  TEMP(K) =   297.00  PRESS =     0.0
 Etot   =    -33179.4566  EKtot   =      8195.8066  EPtot      =    -41375.2633
 BOND   =       152.9597  ANGLE   =       487.2505  DIHED      =       749.4868
 1-4 NB =       213.7020  1-4 EEL =      2923.9063  VDWAALS    =      5387.3186
 EELEC  =    -51313.3605  EHBOND  =         0.0000  RESTRAINT  =        23.4733
 EAMBER (non-restraint)  =    -41398.7366
 ------------------------------------------------------------------------------


      A V E R A G E S   O V E R     100 S T E P S


 NSTEP =    50000   TIME(PS) =    2440.000  TEMP(K) =   300.04  PRESS =     0.0
 Etot   =    -33098.8857  EKtot   =      8279.7260  EPtot      =    -41378.6117
 BOND   =       173.4227  ANGLE   =       480.5220  DIHED      =       744.4277
 1-4 NB =       203.3393  1-4 EEL =      2937.8983  VDWAALS    =      5367.5129
 EELEC  =    -51303.6472  EHBOND  =         0.0000  RESTRAINT  =        17.9125
 EAMBER (non-restraint)  =    -41396.5242
 ------------------------------------------------------------------------------


      R M S  F L U C T U A T I O N S


 NSTEP =    50000   TIME(PS) =    2440.000  TEMP(K) =     2.68  PRESS =     0.0
 Etot   =       137.2226  EKtot   =        73.8943  EPtot      =       107.7136
 BOND   =        10.5540  ANGLE   =        16.3561  DIHED      =         9.0682
 1-4 NB =         5.8380  1-4 EEL =        16.2122  VDWAALS    =        95.0358
 EELEC  =       152.2302  EHBOND  =         0.0000  RESTRAINT  =         2.6831
 EAMBER (non-restraint)  =       105.0305
 ------------------------------------------------------------------------------

--------------------------------------------------------------------------------
   5.  TIMINGS
--------------------------------------------------------------------------------

|  NonSetup CPU Time in Major Routines:
|
|     Routine           Sec        %
|     ------------------------------
|     Nonbond           4.96    7.74
|     Bond              0.00    0.00
|     Angle             0.00    0.00
|     Dihedral          0.00    0.00
|     Shake             0.31    0.49
|     RunMD            58.80   91.70
|     Other             0.05    0.07
|     ------------------------------
|     Total            64.12

|  PME Nonbond Pairlist CPU Time:
|
|     Routine              Sec        %
|     ---------------------------------
|     Set Up Cit           0.00    0.00
|     Build List           0.00    0.00
|     ---------------------------------
|     Total                0.00    0.00

|  PME Direct Force CPU Time:
|
|     Routine              Sec        %
|     ---------------------------------
|     NonBonded Calc       0.00    0.00
|     Exclude Masked       0.00    0.00
|     Other                0.02    0.04
|     ---------------------------------
|     Total                0.02    0.04

|  PME Reciprocal Force CPU Time:
|
|     Routine              Sec        %
|     ---------------------------------
|     1D bspline           0.00    0.00
|     Grid Charges         0.00    0.00
|     Scalar Sum           0.00    0.00
|     Gradient Sum         0.00    0.00
|     FFT                  0.00    0.00
|     ---------------------------------
|     Total                0.00    0.00

|  Final Performance Info:
|     -----------------------------------------------------
|     Average timings for last    3000 steps:
|     Elapsed(s) =       3.85 Per Step(ms) =       1.28
|         ns/day =     134.69   seconds/ns =     641.47
|
|     Average timings for all steps:
|     Elapsed(s) =      64.11 Per Step(ms) =       1.28
|         ns/day =     134.76   seconds/ns =     641.15
|     -----------------------------------------------------

|  Setup CPU time:            0.45 seconds
|  NonSetup CPU time:        64.12 seconds
|  Total CPU time:           64.57 seconds     0.02 hours

|  Setup wall time:           0    seconds
|  NonSetup wall time:       64    seconds
|  Total wall time:          64    seconds     0.02 hours
