
          -------------------------------------------------------
          Amber 16 PMEMD                              2016
          -------------------------------------------------------

| PMEMD implementation of SANDER, Release 16

| Run on 06/20/2017 at 00:42:27

|   Executable path: pmemd.cuda
| Working directory: /home/german/alex/run/5rm/mhe/e
|          Hostname: Unknown
  [-O]verwriting output

File Assignments:
|   MDIN: 10equ.in                                                              
|  MDOUT: 10equ.out                                                             
| INPCRD: 9e5rm.rst7                                                            
|   PARM: /home/german/alex/top_files/5rm.prmtop                                
| RESTRT: 10e5rm.rst7                                                           
|   REFC: 9e5rm.rst7                                                            
|  MDVEL: mdvel                                                                 
|   MDEN: mden                                                                  
|  MDCRD: 10e5rm.nc                                                             
| MDINFO: mdinfo                                                                
|  MDFRC: mdfrc                                                                 


 Here is the input file:

Equilibration with solute restrictions                                         
&cntrl                                                                         
imin = 0,                           ! No Minimization                          
nmropt = 0,                         ! No NMR restraints read                   
                                                                               
! Nature and format of the input                                               
ntx = 5,                            ! Coordinates but no velocities will be rea
irest = 1,                          ! Do not run a new simulation              
                                                                               
! Nature and format of the output                                              
ntxo = 1,                           ! rstrt file in ASCII format               
ntpr = 500,                         ! inf in output every ntpr steps           
ntwr = 500,                         ! rstrt file every ntwr steps              
ntwx = 500,                         ! mdcrd file every ntwx steps              
ntwv = 0,                           ! mdvel without velocities                 
ntwe = 0,                           ! Energies and temperatures not written in 
idecomp = 0,                        ! No energy decomposition                  
iwrap = 1,                          ! Coordinates of the restart and mdcrd file
                                                                               
! Frozen or restrained atoms                                                   
ibelly = 0,                         ! No frozen atoms                          
ntr=1,                              ! Harmonic potential restraints            
restraint_wt = 6.0,                ! The weight for the positional restraints  
restraintmask = ':1-49@N,CA,C,O',  ! restrained residues                       
                                                                               
! Molecular dynamics                                                           
nstlim = 50000,                     ! Number of MD-steps                       
dt = 0.002,                         ! Time step                                
                                                                               
! Temperature regulation                                                       
ntt = 3,                            ! Langevin thermostat                      
gamma_ln = 5,                       ! Gamma constant for Langevin              
!temp0 = 300.0,                     ! Reference T at which the system is to be 
tempi = 300.0,                      ! Initial T                                
ig = -1,                            ! Seed for the RNG                         
                                                                               
! P and V regulation                                                           
ntp = 1,                            ! Constant P. Isotropic scaling            
barostat = 1,                       ! Berendsen barostat                       
taup = 1,                           ! Pressure relaxation time                 
nrespa = 1,                         ! Evaluate at each step                    
ntb = 2,                            ! Periodic box for constant P              
                                                                               
! SHAKE variables                                                              
ntc = 2,                            ! Bonds involving H are constrained        
ntf = 2,                            ! Bond interaction involving H are ommited.
                                                                               
cut = 10.0,                         ! Nonbonded cutoff                         
/                                                                              
&end                                                                           


Note: ig = -1. Setting random seed to    52723 based on wallclock time in 
      microseconds.
 
|--------------------- INFORMATION ----------------------
| GPU (CUDA) Version of PMEMD in use: NVIDIA GPU IN USE.
|                    Version 16.0.0
| 
|                      02/25/2016
| 
| Implementation by:
|                    Ross C. Walker     (SDSC)
|                    Scott Le Grand     (nVIDIA)
| 
| Precision model in use:
|      [SPFP] - Single Precision Forces, 64-bit Fixed Point
|               Accumulation. (Default)
| 
|--------------------------------------------------------
 
|----------------- CITATION INFORMATION -----------------
|
|    When publishing work that utilized the CUDA version
|    of AMBER, please cite the following in addition to
|    the regular AMBER citations:
|
|  - Romelia Salomon-Ferrer; Andreas W. Goetz; Duncan
|    Poole; Scott Le Grand; Ross C. Walker "Routine
|    microsecond molecular dynamics simulations with
|    AMBER - Part II: Particle Mesh Ewald", J. Chem.
|    Theory Comput., 2013, 9 (9), pp3878-3888,
|    DOI: 10.1021/ct400314y.
|
|  - Andreas W. Goetz; Mark J. Williamson; Dong Xu;
|    Duncan Poole; Scott Le Grand; Ross C. Walker
|    "Routine microsecond molecular dynamics simulations
|    with AMBER - Part I: Generalized Born", J. Chem.
|    Theory Comput., 2012, 8 (5), pp1542-1555.
|
|  - Scott Le Grand; Andreas W. Goetz; Ross C. Walker
|    "SPFP: Speed without compromise - a mixed precision
|    model for GPU accelerated molecular dynamics
|    simulations.", Comp. Phys. Comm., 2013, 184
|    pp374-380, DOI: 10.1016/j.cpc.2012.09.022
|
|--------------------------------------------------------
 
|------------------- GPU DEVICE INFO --------------------
|
|            CUDA_VISIBLE_DEVICES: 0
|   CUDA Capable Devices Detected:      1
|           CUDA Device ID in use:      0
|                CUDA Device Name: GeForce GTX 1060 6GB
|     CUDA Device Global Mem Size:   6072 MB
| CUDA Device Num Multiprocessors:     10
|           CUDA Device Core Freq:   1.76 GHz
|
|--------------------------------------------------------
 
 
| Conditional Compilation Defines Used:
| PUBFFT
| BINTRAJ
| CUDA
| EMIL

| Largest sphere to fit in unit cell has radius =    21.616

| New format PARM file being parsed.
| Version =    1.000 Date = 06/17/17 Time = 14:34:14

| Note: 1-4 EEL scale factors are being read from the topology file.

| Note: 1-4 VDW scale factors are being read from the topology file.
| Duplicated    0 dihedrals

| Duplicated    0 dihedrals

--------------------------------------------------------------------------------
   1.  RESOURCE   USE: 
--------------------------------------------------------------------------------

 getting new box info from bottom of inpcrd
 NATOM  =   11377 NTYPES =      17 NBONH =   10980 MBONA  =     402
 NTHETH =     874 MTHETA =     539 NPHIH =    1768 MPHIA  =    1685
 NHPARM =       0 NPARM  =       0 NNB   =   18411 NRES   =    3584
 NBONA  =     402 NTHETA =     539 NPHIA =    1685 NUMBND =      67
 NUMANG =     152 NPTRA  =     191 NATYP =      36 NPHB   =       1
 IFBOX  =       2 NMXRS  =      25 IFCAP =       0 NEXTRA =       0
 NCOPY  =       0

| Coordinate Index Table dimensions:     8    8    8
| Direct force subcell size =     6.6186    6.6186    6.6186

     BOX TYPE: TRUNCATED OCTAHEDRON

--------------------------------------------------------------------------------
   2.  CONTROL  DATA  FOR  THE  RUN
--------------------------------------------------------------------------------

default_name                                                                    

General flags:
     imin    =       0, nmropt  =       0

Nature and format of input:
     ntx     =       5, irest   =       1, ntrx    =       1

Nature and format of output:
     ntxo    =       1, ntpr    =     500, ntrx    =       1, ntwr    =     500
     iwrap   =       1, ntwx    =     500, ntwv    =       0, ntwe    =       0
     ioutfm  =       1, ntwprt  =       0, idecomp =       0, rbornstat=      0

Potential function:
     ntf     =       2, ntb     =       2, igb     =       0, nsnb    =      25
     ipol    =       0, gbsa    =       0, iesp    =       0
     dielc   =   1.00000, cut     =  10.00000, intdiel =   1.00000

Frozen or restrained atoms:
     ibelly  =       0, ntr     =       1
     restraint_wt =   6.00000

Molecular dynamics:
     nstlim  =     50000, nscm    =         0, nrespa  =         1
     t       =   0.00000, dt      =   0.00200, vlimit  =  -1.00000

Langevin dynamics temperature regulation:
     ig      =   52723
     temp0   = 300.00000, tempi   = 300.00000, gamma_ln=   5.00000

Pressure regulation:
     ntp     =       1
     pres0   =   1.00000, comp    =  44.60000, taup    =   1.00000

SHAKE:
     ntc     =       2, jfastw  =       0
     tol     =   0.00001

| Intermolecular bonds treatment:
|     no_intermolecular_bonds =       1

| Energy averages sample interval:
|     ene_avg_sampling =     500

Ewald parameters:
     verbose =       0, ew_type =       0, nbflag  =       1, use_pme =       1
     vdwmeth =       1, eedmeth =       1, netfrc  =       1
     Box X =   52.949   Box Y =   52.949   Box Z =   52.949
     Alpha =  109.471   Beta  =  109.471   Gamma =  109.471
     NFFT1 =   56       NFFT2 =   56       NFFT3 =   56
     Cutoff=   10.000   Tol   =0.100E-04
     Ewald Coefficient =  0.27511
     Interpolation order =    4

    LOADING THE CONSTRAINED ATOMS AS GROUPS


   5.  REFERENCE ATOM COORDINATES

  default_name                                                                    
     Mask :1-49@N,CA,C,O; matches   196 atoms

--------------------------------------------------------------------------------
   3.  ATOMIC COORDINATES AND VELOCITIES
--------------------------------------------------------------------------------

default_name                                                                    
 begin time read from input coords =  1040.000 ps

 
 Number of triangulated 3-point waters found:     3532

     Sum of charges from parm topology file =  -0.00000003
     Forcing neutrality...

| Dynamic Memory, Types Used:
| Reals              631529
| Integers           358688

| Nonbonded Pairs Initial Allocation:     3441258

| GPU memory information (estimate):
| KB of GPU memory in use:     84598
| KB of CPU memory in use:     17494

--------------------------------------------------------------------------------
   4.  RESULTS
--------------------------------------------------------------------------------

 ---------------------------------------------------
 APPROXIMATING switch and d/dx switch using CUBIC SPLINE INTERPOLATION
 using   5000.0 points per unit in tabled values
 TESTING RELATIVE ERROR over r ranging from 0.0 to cutoff
| CHECK switch(x): max rel err =   0.2738E-14   at   2.422500
| CHECK d/dx switch(x): max rel err =   0.8314E-11   at   2.736960
 ---------------------------------------------------
|---------------------------------------------------
| APPROXIMATING direct energy using CUBIC SPLINE INTERPOLATION
|  with   50.0 points per unit in tabled values
| Relative Error Limit not exceeded for r .gt.   2.33
| APPROXIMATING direct force using CUBIC SPLINE INTERPOLATION
|  with   50.0 points per unit in tabled values
| Relative Error Limit not exceeded for r .gt.   2.80
|---------------------------------------------------
wrapping first mol.:       17.63491       24.93953       43.19653
wrapping first mol.:       17.63491       24.93953       43.19653

 NSTEP =      500   TIME(PS) =    1041.000  TEMP(K) =   304.07  PRESS =    76.4
 Etot   =    -28288.6937  EKtot   =      6994.3301  EPtot      =    -35283.0238
 BOND   =       148.1262  ANGLE   =       391.0811  DIHED      =       621.8321
 1-4 NB =       172.4607  1-4 EEL =      2436.8517  VDWAALS    =      4660.5091
 EELEC  =    -43750.8167  EHBOND  =         0.0000  RESTRAINT  =        36.9321
 EAMBER (non-restraint)  =    -35319.9559
 EKCMT  =      3137.4995  VIRIAL  =      2949.5031  VOLUME     =    113987.8808
                                                    Density    =         1.0108
 ------------------------------------------------------------------------------

wrapping first mol.:       17.61714       24.91440       43.15300
wrapping first mol.:       17.61714       24.91440       43.15300

 NSTEP =     1000   TIME(PS) =    1042.000  TEMP(K) =   299.68  PRESS =     3.1
 Etot   =    -28401.0032  EKtot   =      6893.5342  EPtot      =    -35294.5374
 BOND   =       127.7174  ANGLE   =       421.6886  DIHED      =       625.8533
 1-4 NB =       172.5081  1-4 EEL =      2425.2728  VDWAALS    =      4666.7042
 EELEC  =    -43779.4317  EHBOND  =         0.0000  RESTRAINT  =        45.1499
 EAMBER (non-restraint)  =    -35339.6873
 EKCMT  =      3200.7474  VIRIAL  =      3193.1779  VOLUME     =    113644.3780
                                                    Density    =         1.0139
 ------------------------------------------------------------------------------

wrapping first mol.:       17.61279       24.90824       43.14233
wrapping first mol.:       17.61279       24.90824       43.14233

 NSTEP =     1500   TIME(PS) =    1043.000  TEMP(K) =   303.46  PRESS =   251.2
 Etot   =    -28284.1618  EKtot   =      6980.3892  EPtot      =    -35264.5509
 BOND   =       152.2992  ANGLE   =       430.2676  DIHED      =       632.6670
 1-4 NB =       177.3875  1-4 EEL =      2422.2610  VDWAALS    =      4631.6311
 EELEC  =    -43758.0958  EHBOND  =         0.0000  RESTRAINT  =        47.0315
 EAMBER (non-restraint)  =    -35311.5824
 EKCMT  =      3252.5435  VIRIAL  =      2636.7123  VOLUME     =    113557.5832
                                                    Density    =         1.0147
 ------------------------------------------------------------------------------

wrapping first mol.:       17.62941       24.93175       43.18306
wrapping first mol.:       17.62941       24.93175       43.18306

 NSTEP =     2000   TIME(PS) =    1044.000  TEMP(K) =   302.73  PRESS =  -205.9
 Etot   =    -28266.0098  EKtot   =      6963.6904  EPtot      =    -35229.7002
 BOND   =       155.4648  ANGLE   =       399.4428  DIHED      =       632.9754
 1-4 NB =       169.5475  1-4 EEL =      2442.7454  VDWAALS    =      4565.9837
 EELEC  =    -43632.9229  EHBOND  =         0.0000  RESTRAINT  =        37.0631
 EAMBER (non-restraint)  =    -35266.7633
 EKCMT  =      3231.6269  VIRIAL  =      3738.0029  VOLUME     =    113884.0937
                                                    Density    =         1.0118
 ------------------------------------------------------------------------------

wrapping first mol.:       17.61699       24.91418       43.15263
wrapping first mol.:       17.61699       24.91418       43.15263

 NSTEP =     2500   TIME(PS) =    1045.000  TEMP(K) =   301.42  PRESS =  -126.0
 Etot   =    -28382.5040  EKtot   =      6933.5713  EPtot      =    -35316.0753
 BOND   =       138.3760  ANGLE   =       384.5441  DIHED      =       640.7798
 1-4 NB =       173.7942  1-4 EEL =      2438.9807  VDWAALS    =      4543.7211
 EELEC  =    -43683.6776  EHBOND  =         0.0000  RESTRAINT  =        47.4063
 EAMBER (non-restraint)  =    -35363.4816
 EKCMT  =      3202.1734  VIRIAL  =      3511.3018  VOLUME     =    113642.7256
                                                    Density    =         1.0139
 ------------------------------------------------------------------------------

wrapping first mol.:       17.63372       24.93784       43.19361
wrapping first mol.:       17.63372       24.93784       43.19361

 NSTEP =     3000   TIME(PS) =    1046.000  TEMP(K) =   300.07  PRESS =   122.4
 Etot   =    -28303.6546  EKtot   =      6902.5366  EPtot      =    -35206.1912
 BOND   =       154.4672  ANGLE   =       416.8232  DIHED      =       630.2034
 1-4 NB =       171.2239  1-4 EEL =      2434.0079  VDWAALS    =      4692.9366
 EELEC  =    -43745.4031  EHBOND  =         0.0000  RESTRAINT  =        39.5498
 EAMBER (non-restraint)  =    -35245.7410
 EKCMT  =      3108.2091  VIRIAL  =      2806.9168  VOLUME     =    113964.2688
                                                    Density    =         1.0110
 ------------------------------------------------------------------------------

wrapping first mol.:       17.63563       24.94054       43.19828
wrapping first mol.:       17.63563       24.94054       43.19828

 NSTEP =     3500   TIME(PS) =    1047.000  TEMP(K) =   302.15  PRESS =   242.6
 Etot   =    -28398.5681  EKtot   =      6950.2080  EPtot      =    -35348.7761
 BOND   =       156.1785  ANGLE   =       387.7831  DIHED      =       616.5121
 1-4 NB =       170.8535  1-4 EEL =      2410.2307  VDWAALS    =      4702.5705
 EELEC  =    -43832.7324  EHBOND  =         0.0000  RESTRAINT  =        39.8279
 EAMBER (non-restraint)  =    -35388.6040
 EKCMT  =      3193.3990  VIRIAL  =      2596.3726  VOLUME     =    114000.0300
                                                    Density    =         1.0107
 ------------------------------------------------------------------------------

wrapping first mol.:       17.63821       24.94420       43.20461
wrapping first mol.:       17.63821       24.94420       43.20461

 NSTEP =     4000   TIME(PS) =    1048.000  TEMP(K) =   301.59  PRESS =   491.9
 Etot   =    -28363.0080  EKtot   =      6937.4531  EPtot      =    -35300.4612
 BOND   =       144.6103  ANGLE   =       427.3441  DIHED      =       611.0878
 1-4 NB =       171.1633  1-4 EEL =      2436.4353  VDWAALS    =      4772.3980
 EELEC  =    -43909.6857  EHBOND  =         0.0000  RESTRAINT  =        46.1857
 EAMBER (non-restraint)  =    -35346.6469
 EKCMT  =      3197.1649  VIRIAL  =      1985.8673  VOLUME     =    114047.6414
                                                    Density    =         1.0103
 ------------------------------------------------------------------------------

wrapping first mol.:       17.63034       24.93307       43.18534
wrapping first mol.:       17.63034       24.93307       43.18534

 NSTEP =     4500   TIME(PS) =    1049.000  TEMP(K) =   300.84  PRESS =    72.9
 Etot   =    -28375.0729  EKtot   =      6920.2402  EPtot      =    -35295.3131
 BOND   =       135.7227  ANGLE   =       431.1942  DIHED      =       627.8805
 1-4 NB =       177.9129  1-4 EEL =      2433.3654  VDWAALS    =      4687.2935
 EELEC  =    -43832.4531  EHBOND  =         0.0000  RESTRAINT  =        43.7707
 EAMBER (non-restraint)  =    -35339.0839
 EKCMT  =      3217.8587  VIRIAL  =      3038.5001  VOLUME     =    113899.3426
                                                    Density    =         1.0116
 ------------------------------------------------------------------------------

wrapping first mol.:       17.64529       24.95421       43.22195
wrapping first mol.:       17.64529       24.95421       43.22195

 NSTEP =     5000   TIME(PS) =    1050.000  TEMP(K) =   303.30  PRESS =    -7.7
 Etot   =    -28414.8084  EKtot   =      6976.7236  EPtot      =    -35391.5321
 BOND   =       131.0285  ANGLE   =       416.1465  DIHED      =       641.1666
 1-4 NB =       166.6248  1-4 EEL =      2447.1342  VDWAALS    =      4686.9732
 EELEC  =    -43920.1573  EHBOND  =         0.0000  RESTRAINT  =        39.5515
 EAMBER (non-restraint)  =    -35431.0836
 EKCMT  =      3245.5319  VIRIAL  =      3264.6330  VOLUME     =    114190.0610
                                                    Density    =         1.0090
 ------------------------------------------------------------------------------

wrapping first mol.:       17.63959       24.94615       43.20800
wrapping first mol.:       17.63959       24.94615       43.20800

 NSTEP =     5500   TIME(PS) =    1051.000  TEMP(K) =   298.80  PRESS =    51.6
 Etot   =    -28565.6102  EKtot   =      6873.1895  EPtot      =    -35438.7996
 BOND   =       135.2153  ANGLE   =       392.4492  DIHED      =       642.7307
 1-4 NB =       177.1295  1-4 EEL =      2456.6080  VDWAALS    =      4687.5688
 EELEC  =    -43986.5982  EHBOND  =         0.0000  RESTRAINT  =        56.0970
 EAMBER (non-restraint)  =    -35494.8966
 EKCMT  =      3148.0827  VIRIAL  =      3021.0875  VOLUME     =    114078.9336
                                                    Density    =         1.0100
 ------------------------------------------------------------------------------

wrapping first mol.:       17.64112       24.94832       43.21175
wrapping first mol.:       17.64112       24.94832       43.21175

 NSTEP =     6000   TIME(PS) =    1052.000  TEMP(K) =   302.82  PRESS =   -64.4
 Etot   =    -28281.2706  EKtot   =      6965.7144  EPtot      =    -35246.9850
 BOND   =       154.3457  ANGLE   =       412.8059  DIHED      =       633.7781
 1-4 NB =       176.3844  1-4 EEL =      2444.8512  VDWAALS    =      4557.4707
 EELEC  =    -43677.9656  EHBOND  =         0.0000  RESTRAINT  =        51.3447
 EAMBER (non-restraint)  =    -35298.3297
 EKCMT  =      3230.9369  VIRIAL  =      3389.5805  VOLUME     =    114109.7956
                                                    Density    =         1.0098
 ------------------------------------------------------------------------------

wrapping first mol.:       17.64707       24.95673       43.22632
wrapping first mol.:       17.64707       24.95673       43.22632

 NSTEP =     6500   TIME(PS) =    1053.000  TEMP(K) =   299.93  PRESS =   -20.4
 Etot   =    -28167.4613  EKtot   =      6899.1333  EPtot      =    -35066.5946
 BOND   =       143.2496  ANGLE   =       413.6071  DIHED      =       631.2648
 1-4 NB =       170.9998  1-4 EEL =      2453.4463  VDWAALS    =      4543.3666
 EELEC  =    -43474.0840  EHBOND  =         0.0000  RESTRAINT  =        51.5550
 EAMBER (non-restraint)  =    -35118.1497
 EKCMT  =      3181.9572  VIRIAL  =      3232.3210  VOLUME     =    114224.8124
                                                    Density    =         1.0087
 ------------------------------------------------------------------------------

wrapping first mol.:       17.66024       24.97535       43.25857
wrapping first mol.:       17.66024       24.97535       43.25857

 NSTEP =     7000   TIME(PS) =    1054.000  TEMP(K) =   301.71  PRESS =  -112.0
 Etot   =    -28195.3848  EKtot   =      6940.2275  EPtot      =    -35135.6123
 BOND   =       152.9936  ANGLE   =       408.2488  DIHED      =       632.5338
 1-4 NB =       160.6052  1-4 EEL =      2433.4892  VDWAALS    =      4570.4571
 EELEC  =    -43543.8119  EHBOND  =         0.0000  RESTRAINT  =        49.8719
 EAMBER (non-restraint)  =    -35185.4842
 EKCMT  =      3153.4674  VIRIAL  =      3430.3920  VOLUME     =    114481.6414
                                                    Density    =         1.0065
 ------------------------------------------------------------------------------

wrapping first mol.:       17.63570       24.94064       43.19845
wrapping first mol.:       17.63570       24.94064       43.19845

 NSTEP =     7500   TIME(PS) =    1055.000  TEMP(K) =   298.80  PRESS =  -533.4
 Etot   =    -28469.2606  EKtot   =      6873.3164  EPtot      =    -35342.5770
 BOND   =       146.2271  ANGLE   =       410.2413  DIHED      =       634.3489
 1-4 NB =       175.7823  1-4 EEL =      2449.8097  VDWAALS    =      4507.2394
 EELEC  =    -43707.2627  EHBOND  =         0.0000  RESTRAINT  =        41.0370
 EAMBER (non-restraint)  =    -35383.6141
 EKCMT  =      3158.1167  VIRIAL  =      4471.0319  VOLUME     =    114009.2689
                                                    Density    =         1.0106
 ------------------------------------------------------------------------------

wrapping first mol.:       17.63269       24.93639       43.19109
wrapping first mol.:       17.63269       24.93639       43.19109

 NSTEP =     8000   TIME(PS) =    1056.000  TEMP(K) =   296.45  PRESS =    92.3
 Etot   =    -28302.3275  EKtot   =      6819.1377  EPtot      =    -35121.4652
 BOND   =       142.6872  ANGLE   =       427.9170  DIHED      =       637.8517
 1-4 NB =       168.8449  1-4 EEL =      2429.6633  VDWAALS    =      4578.5659
 EELEC  =    -43560.4976  EHBOND  =         0.0000  RESTRAINT  =        53.5023
 EAMBER (non-restraint)  =    -35174.9675
 EKCMT  =      3093.4047  VIRIAL  =      2866.3310  VOLUME     =    113944.6584
                                                    Density    =         1.0112
 ------------------------------------------------------------------------------

wrapping first mol.:       17.64830       24.95846       43.22933
wrapping first mol.:       17.64830       24.95846       43.22933

 NSTEP =     8500   TIME(PS) =    1057.000  TEMP(K) =   300.69  PRESS =  -205.3
 Etot   =    -28253.9300  EKtot   =      6916.6514  EPtot      =    -35170.5814
 BOND   =       135.6775  ANGLE   =       431.8496  DIHED      =       635.7262
 1-4 NB =       170.3501  1-4 EEL =      2440.3046  VDWAALS    =      4515.2075
 EELEC  =    -43541.6793  EHBOND  =         0.0000  RESTRAINT  =        41.9825
 EAMBER (non-restraint)  =    -35212.5639
 EKCMT  =      3155.9376  VIRIAL  =      3662.3408  VOLUME     =    114250.5586
                                                    Density    =         1.0085
 ------------------------------------------------------------------------------

wrapping first mol.:       17.62723       24.92866       43.17771
wrapping first mol.:       17.62723       24.92866       43.17771

 NSTEP =     9000   TIME(PS) =    1058.000  TEMP(K) =   298.40  PRESS =   163.7
 Etot   =    -28295.6667  EKtot   =      6864.0347  EPtot      =    -35159.7013
 BOND   =       145.8560  ANGLE   =       407.9786  DIHED      =       631.3284
 1-4 NB =       175.6244  1-4 EEL =      2438.1225  VDWAALS    =      4608.5094
 EELEC  =    -43607.1964  EHBOND  =         0.0000  RESTRAINT  =        40.0757
 EAMBER (non-restraint)  =    -35199.7771
 EKCMT  =      3164.9632  VIRIAL  =      2762.5265  VOLUME     =    113838.0439
                                                    Density    =         1.0122
 ------------------------------------------------------------------------------

wrapping first mol.:       17.63022       24.93289       43.18503
wrapping first mol.:       17.63022       24.93289       43.18503

 NSTEP =     9500   TIME(PS) =    1059.000  TEMP(K) =   301.76  PRESS =  -153.4
 Etot   =    -28252.5420  EKtot   =      6941.3086  EPtot      =    -35193.8506
 BOND   =       157.4691  ANGLE   =       408.7904  DIHED      =       636.7373
 1-4 NB =       188.6761  1-4 EEL =      2457.4709  VDWAALS    =      4580.6018
 EELEC  =    -43665.7024  EHBOND  =         0.0000  RESTRAINT  =        42.1063
 EAMBER (non-restraint)  =    -35235.9568
 EKCMT  =      3179.0937  VIRIAL  =      3556.2778  VOLUME     =    113899.1888
                                                    Density    =         1.0116
 ------------------------------------------------------------------------------

wrapping first mol.:       17.62912       24.93134       43.18234
wrapping first mol.:       17.62912       24.93134       43.18234

 NSTEP =    10000   TIME(PS) =    1060.000  TEMP(K) =   299.38  PRESS =    31.2
 Etot   =    -28315.0451  EKtot   =      6886.6440  EPtot      =    -35201.6892
 BOND   =       139.5892  ANGLE   =       396.7219  DIHED      =       636.0091
 1-4 NB =       170.4060  1-4 EEL =      2434.8164  VDWAALS    =      4622.7410
 EELEC  =    -43643.1967  EHBOND  =         0.0000  RESTRAINT  =        41.2240
 EAMBER (non-restraint)  =    -35242.9132
 EKCMT  =      3168.7003  VIRIAL  =      3092.1028  VOLUME     =    113876.0388
                                                    Density    =         1.0118
 ------------------------------------------------------------------------------

wrapping first mol.:       17.64501       24.95381       43.22127
wrapping first mol.:       17.64501       24.95381       43.22127

 NSTEP =    10500   TIME(PS) =    1061.000  TEMP(K) =   297.99  PRESS =    52.3
 Etot   =    -28504.6144  EKtot   =      6854.4927  EPtot      =    -35359.1071
 BOND   =       137.3046  ANGLE   =       406.2461  DIHED      =       631.3413
 1-4 NB =       163.4263  1-4 EEL =      2445.5285  VDWAALS    =      4642.1619
 EELEC  =    -43830.4597  EHBOND  =         0.0000  RESTRAINT  =        45.3440
 EAMBER (non-restraint)  =    -35404.4510
 EKCMT  =      3143.0431  VIRIAL  =      3014.0038  VOLUME     =    114184.0727
                                                    Density    =         1.0091
 ------------------------------------------------------------------------------

wrapping first mol.:       17.64540       24.95436       43.22221
wrapping first mol.:       17.64540       24.95436       43.22221

 NSTEP =    11000   TIME(PS) =    1062.000  TEMP(K) =   303.26  PRESS =   179.5
 Etot   =    -28253.7591  EKtot   =      6975.7432  EPtot      =    -35229.5022
 BOND   =       131.6962  ANGLE   =       400.7098  DIHED      =       631.3147
 1-4 NB =       169.3669  1-4 EEL =      2447.1128  VDWAALS    =      4672.7923
 EELEC  =    -43728.6712  EHBOND  =         0.0000  RESTRAINT  =        46.1763
 EAMBER (non-restraint)  =    -35275.6785
 EKCMT  =      3184.7774  VIRIAL  =      2742.3151  VOLUME     =    114190.2594
                                                    Density    =         1.0090
 ------------------------------------------------------------------------------

wrapping first mol.:       17.63655       24.94184       43.20054
wrapping first mol.:       17.63655       24.94184       43.20054

 NSTEP =    11500   TIME(PS) =    1063.000  TEMP(K) =   301.28  PRESS =  -115.1
 Etot   =    -28214.4960  EKtot   =      6930.2822  EPtot      =    -35144.7782
 BOND   =       166.9409  ANGLE   =       415.1261  DIHED      =       634.0708
 1-4 NB =       165.9274  1-4 EEL =      2443.3981  VDWAALS    =      4567.5969
 EELEC  =    -43576.2180  EHBOND  =         0.0000  RESTRAINT  =        38.3794
 EAMBER (non-restraint)  =    -35183.1576
 EKCMT  =      3152.9789  VIRIAL  =      3436.3383  VOLUME     =    114021.5258
                                                    Density    =         1.0105
 ------------------------------------------------------------------------------

wrapping first mol.:       17.64536       24.95430       43.22212
wrapping first mol.:       17.64536       24.95430       43.22212

 NSTEP =    12000   TIME(PS) =    1064.000  TEMP(K) =   303.33  PRESS =  -322.9
 Etot   =    -28386.0400  EKtot   =      6977.4448  EPtot      =    -35363.4848
 BOND   =       157.6980  ANGLE   =       369.9224  DIHED      =       638.4013
 1-4 NB =       178.0116  1-4 EEL =      2451.8763  VDWAALS    =      4504.7134
 EELEC  =    -43709.3436  EHBOND  =         0.0000  RESTRAINT  =        45.2356
 EAMBER (non-restraint)  =    -35408.7205
 EKCMT  =      3247.7630  VIRIAL  =      4043.9524  VOLUME     =    114194.6140
                                                    Density    =         1.0090
 ------------------------------------------------------------------------------

wrapping first mol.:       17.65822       24.97249       43.25362
wrapping first mol.:       17.65822       24.97249       43.25362

 NSTEP =    12500   TIME(PS) =    1065.000  TEMP(K) =   297.38  PRESS =    63.1
 Etot   =    -28301.8264  EKtot   =      6840.6182  EPtot      =    -35142.4445
 BOND   =       143.4475  ANGLE   =       397.8135  DIHED      =       637.8749
 1-4 NB =       167.6157  1-4 EEL =      2432.7232  VDWAALS    =      4551.2667
 EELEC  =    -43512.8572  EHBOND  =         0.0000  RESTRAINT  =        39.6712
 EAMBER (non-restraint)  =    -35182.1158
 EKCMT  =      3127.3099  VIRIAL  =      2971.3996  VOLUME     =    114440.5822
                                                    Density    =         1.0068
 ------------------------------------------------------------------------------

wrapping first mol.:       17.65203       24.96375       43.23847
wrapping first mol.:       17.65203       24.96375       43.23847

 NSTEP =    13000   TIME(PS) =    1066.000  TEMP(K) =   304.22  PRESS =    14.9
 Etot   =    -28204.6258  EKtot   =      6997.8779  EPtot      =    -35202.5037
 BOND   =       152.8991  ANGLE   =       406.8920  DIHED      =       639.5033
 1-4 NB =       169.8122  1-4 EEL =      2450.5735  VDWAALS    =      4553.8738
 EELEC  =    -43623.2263  EHBOND  =         0.0000  RESTRAINT  =        47.1686
 EAMBER (non-restraint)  =    -35249.6723
 EKCMT  =      3163.1907  VIRIAL  =      3126.4671  VOLUME     =    114320.8502
                                                    Density    =         1.0079
 ------------------------------------------------------------------------------

wrapping first mol.:       17.63824       24.94423       43.20467
wrapping first mol.:       17.63824       24.94423       43.20467

 NSTEP =    13500   TIME(PS) =    1067.000  TEMP(K) =   300.10  PRESS =   155.3
 Etot   =    -28249.3294  EKtot   =      6903.1289  EPtot      =    -35152.4583
 BOND   =       139.8548  ANGLE   =       397.6688  DIHED      =       623.7577
 1-4 NB =       167.5845  1-4 EEL =      2443.3968  VDWAALS    =      4562.9191
 EELEC  =    -43537.2287  EHBOND  =         0.0000  RESTRAINT  =        49.5886
 EAMBER (non-restraint)  =    -35202.0469
 EKCMT  =      3171.3612  VIRIAL  =      2789.0377  VOLUME     =    114051.5229
                                                    Density    =         1.0103
 ------------------------------------------------------------------------------

wrapping first mol.:       17.63559       24.94049       43.19820
wrapping first mol.:       17.63559       24.94049       43.19820

 NSTEP =    14000   TIME(PS) =    1068.000  TEMP(K) =   300.50  PRESS =   116.6
 Etot   =    -28333.8504  EKtot   =      6912.3677  EPtot      =    -35246.2181
 BOND   =       150.0534  ANGLE   =       414.9035  DIHED      =       619.3833
 1-4 NB =       164.6627  1-4 EEL =      2446.9758  VDWAALS    =      4729.3585
 EELEC  =    -43820.2215  EHBOND  =         0.0000  RESTRAINT  =        48.6663
 EAMBER (non-restraint)  =    -35294.8844
 EKCMT  =      3142.2062  VIRIAL  =      2855.2913  VOLUME     =    114000.6817
                                                    Density    =         1.0107
 ------------------------------------------------------------------------------

wrapping first mol.:       17.63788       24.94373       43.20381
wrapping first mol.:       17.63788       24.94373       43.20381

 NSTEP =    14500   TIME(PS) =    1069.000  TEMP(K) =   299.03  PRESS =   -13.2
 Etot   =    -28396.7484  EKtot   =      6878.5146  EPtot      =    -35275.2630
 BOND   =       157.0796  ANGLE   =       403.4135  DIHED      =       627.7409
 1-4 NB =       167.5138  1-4 EEL =      2443.3549  VDWAALS    =      4517.0851
 EELEC  =    -43638.0427  EHBOND  =         0.0000  RESTRAINT  =        46.5918
 EAMBER (non-restraint)  =    -35321.8548
 EKCMT  =      3150.3624  VIRIAL  =      3182.9036  VOLUME     =    114046.4048
                                                    Density    =         1.0103
 ------------------------------------------------------------------------------

wrapping first mol.:       17.63107       24.93410       43.18712
wrapping first mol.:       17.63107       24.93410       43.18712

 NSTEP =    15000   TIME(PS) =    1070.000  TEMP(K) =   297.18  PRESS =   158.6
 Etot   =    -28646.4092  EKtot   =      6835.9893  EPtot      =    -35482.3984
 BOND   =       149.4787  ANGLE   =       384.4505  DIHED      =       625.1579
 1-4 NB =       174.4453  1-4 EEL =      2423.7836  VDWAALS    =      4759.4488
 EELEC  =    -44041.8851  EHBOND  =         0.0000  RESTRAINT  =        42.7218
 EAMBER (non-restraint)  =    -35525.1202
 EKCMT  =      3136.9831  VIRIAL  =      2746.8492  VOLUME     =    113912.5467
                                                    Density    =         1.0115
 ------------------------------------------------------------------------------

wrapping first mol.:       17.63259       24.93624       43.19083
wrapping first mol.:       17.63259       24.93624       43.19083

 NSTEP =    15500   TIME(PS) =    1071.000  TEMP(K) =   300.58  PRESS =   207.0
 Etot   =    -28336.6757  EKtot   =      6914.2632  EPtot      =    -35250.9389
 BOND   =       146.4096  ANGLE   =       394.8541  DIHED      =       634.9070
 1-4 NB =       176.2824  1-4 EEL =      2425.5718  VDWAALS    =      4718.5628
 EELEC  =    -43787.5060  EHBOND  =         0.0000  RESTRAINT  =        39.9794
 EAMBER (non-restraint)  =    -35290.9183
 EKCMT  =      3180.4811  VIRIAL  =      2671.2399  VOLUME     =    113941.4313
                                                    Density    =         1.0112
 ------------------------------------------------------------------------------

wrapping first mol.:       17.62430       24.92452       43.17054
wrapping first mol.:       17.62430       24.92452       43.17054

 NSTEP =    16000   TIME(PS) =    1072.000  TEMP(K) =   297.37  PRESS =   -27.3
 Etot   =    -28430.0748  EKtot   =      6840.2573  EPtot      =    -35270.3321
 BOND   =       159.6928  ANGLE   =       403.8521  DIHED      =       630.2217
 1-4 NB =       160.3779  1-4 EEL =      2399.8407  VDWAALS    =      4631.4662
 EELEC  =    -43704.4890  EHBOND  =         0.0000  RESTRAINT  =        48.7056
 EAMBER (non-restraint)  =    -35319.0376
 EKCMT  =      3141.1488  VIRIAL  =      3208.1058  VOLUME     =    113783.2762
                                                    Density    =         1.0126
 ------------------------------------------------------------------------------

wrapping first mol.:       17.63659       24.94190       43.20063
wrapping first mol.:       17.63659       24.94190       43.20063

 NSTEP =    16500   TIME(PS) =    1073.000  TEMP(K) =   303.64  PRESS =   -11.3
 Etot   =    -28284.8311  EKtot   =      6984.6655  EPtot      =    -35269.4966
 BOND   =       145.7822  ANGLE   =       394.6204  DIHED      =       630.6137
 1-4 NB =       168.9761  1-4 EEL =      2435.4921  VDWAALS    =      4590.3998
 EELEC  =    -43680.8293  EHBOND  =         0.0000  RESTRAINT  =        45.4485
 EAMBER (non-restraint)  =    -35314.9451
 EKCMT  =      3198.4494  VIRIAL  =      3226.3454  VOLUME     =    114021.2491
                                                    Density    =         1.0105
 ------------------------------------------------------------------------------

wrapping first mol.:       17.62562       24.92639       43.17378
wrapping first mol.:       17.62562       24.92639       43.17378

 NSTEP =    17000   TIME(PS) =    1074.000  TEMP(K) =   300.15  PRESS =  -257.0
 Etot   =    -28373.2713  EKtot   =      6904.2373  EPtot      =    -35277.5086
 BOND   =       137.5486  ANGLE   =       417.8034  DIHED      =       634.0392
 1-4 NB =       169.9810  1-4 EEL =      2431.3902  VDWAALS    =      4419.8560
 EELEC  =    -43529.2477  EHBOND  =         0.0000  RESTRAINT  =        41.1208
 EAMBER (non-restraint)  =    -35318.6294
 EKCMT  =      3197.6977  VIRIAL  =      3829.2948  VOLUME     =    113811.2156
                                                    Density    =         1.0124
 ------------------------------------------------------------------------------

wrapping first mol.:       17.61362       24.90942       43.14438
wrapping first mol.:       17.61362       24.90942       43.14438

 NSTEP =    17500   TIME(PS) =    1075.000  TEMP(K) =   299.71  PRESS =    18.7
 Etot   =    -28438.8711  EKtot   =      6894.1943  EPtot      =    -35333.0655
 BOND   =       147.4954  ANGLE   =       417.3922  DIHED      =       619.3297
 1-4 NB =       174.2049  1-4 EEL =      2438.1305  VDWAALS    =      4618.0358
 EELEC  =    -43791.1428  EHBOND  =         0.0000  RESTRAINT  =        43.4887
 EAMBER (non-restraint)  =    -35376.5542
 EKCMT  =      3108.0274  VIRIAL  =      3062.2411  VOLUME     =    113576.0926
                                                    Density    =         1.0145
 ------------------------------------------------------------------------------

wrapping first mol.:       17.62728       24.92874       43.17783
wrapping first mol.:       17.62728       24.92874       43.17783

 NSTEP =    18000   TIME(PS) =    1076.000  TEMP(K) =   298.91  PRESS =   156.9
 Etot   =    -28186.1070  EKtot   =      6875.7969  EPtot      =    -35061.9039
 BOND   =       160.5959  ANGLE   =       416.6483  DIHED      =       627.4676
 1-4 NB =       168.6163  1-4 EEL =      2429.6795  VDWAALS    =      4492.9460
 EELEC  =    -43403.9946  EHBOND  =         0.0000  RESTRAINT  =        46.1372
 EAMBER (non-restraint)  =    -35108.0410
 EKCMT  =      3145.7165  VIRIAL  =      2760.0508  VOLUME     =    113839.1036
                                                    Density    =         1.0122
 ------------------------------------------------------------------------------

wrapping first mol.:       17.61573       24.91241       43.14955
wrapping first mol.:       17.61573       24.91241       43.14955

 NSTEP =    18500   TIME(PS) =    1077.000  TEMP(K) =   300.79  PRESS =  -132.0
 Etot   =    -28430.5110  EKtot   =      6918.9131  EPtot      =    -35349.4240
 BOND   =       158.5768  ANGLE   =       391.7398  DIHED      =       634.4501
 1-4 NB =       171.0950  1-4 EEL =      2453.1913  VDWAALS    =      4552.6080
 EELEC  =    -43752.1367  EHBOND  =         0.0000  RESTRAINT  =        41.0516
 EAMBER (non-restraint)  =    -35390.4757
 EKCMT  =      3188.5483  VIRIAL  =      3512.4829  VOLUME     =    113618.4965
                                                    Density    =         1.0141
 ------------------------------------------------------------------------------

wrapping first mol.:       17.61531       24.91181       43.14852
wrapping first mol.:       17.61531       24.91181       43.14852

 NSTEP =    19000   TIME(PS) =    1078.000  TEMP(K) =   300.09  PRESS =   242.1
 Etot   =    -28334.6419  EKtot   =      6902.9712  EPtot      =    -35237.6131
 BOND   =       168.3654  ANGLE   =       385.7391  DIHED      =       613.7825
 1-4 NB =       166.1872  1-4 EEL =      2426.9641  VDWAALS    =      4630.2718
 EELEC  =    -43679.7397  EHBOND  =         0.0000  RESTRAINT  =        50.8166
 EAMBER (non-restraint)  =    -35288.4297
 EKCMT  =      3141.1124  VIRIAL  =      2547.1873  VOLUME     =    113606.5742
                                                    Density    =         1.0142
 ------------------------------------------------------------------------------

wrapping first mol.:       17.65053       24.96162       43.23479
wrapping first mol.:       17.65053       24.96162       43.23479

 NSTEP =    19500   TIME(PS) =    1079.000  TEMP(K) =   302.63  PRESS =   270.4
 Etot   =    -28250.3399  EKtot   =      6961.2324  EPtot      =    -35211.5723
 BOND   =       149.1513  ANGLE   =       403.4424  DIHED      =       627.0075
 1-4 NB =       172.8823  1-4 EEL =      2449.6738  VDWAALS    =      4658.2752
 EELEC  =    -43714.5291  EHBOND  =         0.0000  RESTRAINT  =        42.5244
 EAMBER (non-restraint)  =    -35254.0967
 EKCMT  =      3179.0003  VIRIAL  =      2511.6428  VOLUME     =    114289.0027
                                                    Density    =         1.0082
 ------------------------------------------------------------------------------

wrapping first mol.:       17.63810       24.94403       43.20433
wrapping first mol.:       17.63810       24.94403       43.20433

 NSTEP =    20000   TIME(PS) =    1080.000  TEMP(K) =   303.77  PRESS =   232.3
 Etot   =    -28234.3520  EKtot   =      6987.5874  EPtot      =    -35221.9394
 BOND   =       160.7344  ANGLE   =       383.2805  DIHED      =       631.9617
 1-4 NB =       167.3968  1-4 EEL =      2427.8058  VDWAALS    =      4645.7252
 EELEC  =    -43686.4905  EHBOND  =         0.0000  RESTRAINT  =        47.6467
 EAMBER (non-restraint)  =    -35269.5861
 EKCMT  =      3233.0053  VIRIAL  =      2660.9646  VOLUME     =    114048.0580
                                                    Density    =         1.0103
 ------------------------------------------------------------------------------

wrapping first mol.:       17.63600       24.94107       43.19920
wrapping first mol.:       17.63600       24.94107       43.19920

 NSTEP =    20500   TIME(PS) =    1081.000  TEMP(K) =   299.83  PRESS =   159.2
 Etot   =    -28459.7420  EKtot   =      6896.8242  EPtot      =    -35356.5662
 BOND   =       143.1087  ANGLE   =       398.1563  DIHED      =       621.2095
 1-4 NB =       172.1708  1-4 EEL =      2420.5728  VDWAALS    =      4686.2664
 EELEC  =    -43840.1551  EHBOND  =         0.0000  RESTRAINT  =        42.1043
 EAMBER (non-restraint)  =    -35398.6705
 EKCMT  =      3263.8799  VIRIAL  =      2872.0416  VOLUME     =    114008.1331
                                                    Density    =         1.0107
 ------------------------------------------------------------------------------

wrapping first mol.:       17.62679       24.92805       43.17665
wrapping first mol.:       17.62679       24.92805       43.17665

 NSTEP =    21000   TIME(PS) =    1082.000  TEMP(K) =   300.22  PRESS =  -263.0
 Etot   =    -28261.6165  EKtot   =      6905.9277  EPtot      =    -35167.5442
 BOND   =       136.8131  ANGLE   =       406.9887  DIHED      =       638.8452
 1-4 NB =       171.6432  1-4 EEL =      2430.1737  VDWAALS    =      4459.1610
 EELEC  =    -43455.4721  EHBOND  =         0.0000  RESTRAINT  =        44.3031
 EAMBER (non-restraint)  =    -35211.8473
 EKCMT  =      3228.8476  VIRIAL  =      3875.2408  VOLUME     =    113833.9787
                                                    Density    =         1.0122
 ------------------------------------------------------------------------------

wrapping first mol.:       17.61115       24.90593       43.13834
wrapping first mol.:       17.61115       24.90593       43.13834

 NSTEP =    21500   TIME(PS) =    1083.000  TEMP(K) =   300.00  PRESS =   186.7
 Etot   =    -28324.0282  EKtot   =      6900.7065  EPtot      =    -35224.7347
 BOND   =       137.2952  ANGLE   =       400.9258  DIHED      =       623.5052
 1-4 NB =       168.8562  1-4 EEL =      2423.8034  VDWAALS    =      4676.8830
 EELEC  =    -43703.1919  EHBOND  =         0.0000  RESTRAINT  =        47.1883
 EAMBER (non-restraint)  =    -35271.9230
 EKCMT  =      3150.0348  VIRIAL  =      2692.3552  VOLUME     =    113526.6867
                                                    Density    =         1.0149
 ------------------------------------------------------------------------------

wrapping first mol.:       17.61982       24.91819       43.15957
wrapping first mol.:       17.61982       24.91819       43.15957

 NSTEP =    22000   TIME(PS) =    1084.000  TEMP(K) =   301.40  PRESS =  -123.3
 Etot   =    -28320.6060  EKtot   =      6933.0303  EPtot      =    -35253.6363
 BOND   =       158.7212  ANGLE   =       385.7969  DIHED      =       629.4926
 1-4 NB =       170.9696  1-4 EEL =      2450.2348  VDWAALS    =      4589.6848
 EELEC  =    -43685.6773  EHBOND  =         0.0000  RESTRAINT  =        47.1411
 EAMBER (non-restraint)  =    -35300.7774
 EKCMT  =      3169.1373  VIRIAL  =      3471.8660  VOLUME     =    113697.5759
                                                    Density    =         1.0134
 ------------------------------------------------------------------------------

wrapping first mol.:       17.61917       24.91727       43.15798
wrapping first mol.:       17.61917       24.91727       43.15798

 NSTEP =    22500   TIME(PS) =    1085.000  TEMP(K) =   299.21  PRESS =  -168.1
 Etot   =    -28362.1481  EKtot   =      6882.7598  EPtot      =    -35244.9079
 BOND   =       152.1388  ANGLE   =       402.9202  DIHED      =       622.3996
 1-4 NB =       159.7356  1-4 EEL =      2451.3044  VDWAALS    =      4527.6275
 EELEC  =    -43606.9222  EHBOND  =         0.0000  RESTRAINT  =        45.8882
 EAMBER (non-restraint)  =    -35290.7961
 EKCMT  =      3101.3333  VIRIAL  =      3513.9185  VOLUME     =    113685.4433
                                                    Density    =         1.0135
 ------------------------------------------------------------------------------

wrapping first mol.:       17.61897       24.91698       43.15747
wrapping first mol.:       17.61897       24.91698       43.15747

 NSTEP =    23000   TIME(PS) =    1086.000  TEMP(K) =   298.99  PRESS =   235.7
 Etot   =    -28419.2509  EKtot   =      6877.5601  EPtot      =    -35296.8109
 BOND   =       138.7519  ANGLE   =       390.2737  DIHED      =       635.7157
 1-4 NB =       171.3927  1-4 EEL =      2427.9699  VDWAALS    =      4733.2347
 EELEC  =    -43835.8426  EHBOND  =         0.0000  RESTRAINT  =        41.6931
 EAMBER (non-restraint)  =    -35338.5041
 EKCMT  =      3187.6089  VIRIAL  =      2609.0289  VOLUME     =    113677.3296
                                                    Density    =         1.0136
 ------------------------------------------------------------------------------

wrapping first mol.:       17.65050       24.96157       43.23471
wrapping first mol.:       17.65050       24.96157       43.23471

 NSTEP =    23500   TIME(PS) =    1087.000  TEMP(K) =   303.59  PRESS =  -101.7
 Etot   =    -28293.3344  EKtot   =      6983.4707  EPtot      =    -35276.8051
 BOND   =       154.1270  ANGLE   =       403.6029  DIHED      =       629.0462
 1-4 NB =       173.1900  1-4 EEL =      2440.0197  VDWAALS    =      4644.0391
 EELEC  =    -43764.2647  EHBOND  =         0.0000  RESTRAINT  =        43.4347
 EAMBER (non-restraint)  =    -35320.2398
 EKCMT  =      3243.1183  VIRIAL  =      3494.0457  VOLUME     =    114292.1778
                                                    Density    =         1.0081
 ------------------------------------------------------------------------------

wrapping first mol.:       17.63791       24.94377       43.20387
wrapping first mol.:       17.63791       24.94377       43.20387

 NSTEP =    24000   TIME(PS) =    1088.000  TEMP(K) =   299.41  PRESS =   -47.9
 Etot   =    -28334.8352  EKtot   =      6887.2974  EPtot      =    -35222.1326
 BOND   =       142.3479  ANGLE   =       387.0021  DIHED      =       626.0861
 1-4 NB =       172.3832  1-4 EEL =      2427.8722  VDWAALS    =      4638.7565
 EELEC  =    -43659.8438  EHBOND  =         0.0000  RESTRAINT  =        43.2633
 EAMBER (non-restraint)  =    -35265.3959
 EKCMT  =      3184.5352  VIRIAL  =      3302.6001  VOLUME     =    114047.2769
                                                    Density    =         1.0103
 ------------------------------------------------------------------------------

wrapping first mol.:       17.64330       24.95139       43.21708
wrapping first mol.:       17.64330       24.95139       43.21708

 NSTEP =    24500   TIME(PS) =    1089.000  TEMP(K) =   299.42  PRESS =  -322.0
 Etot   =    -28207.3061  EKtot   =      6887.4580  EPtot      =    -35094.7641
 BOND   =       144.7181  ANGLE   =       394.0771  DIHED      =       639.1212
 1-4 NB =       175.0384  1-4 EEL =      2430.4761  VDWAALS    =      4477.3715
 EELEC  =    -43404.9457  EHBOND  =         0.0000  RESTRAINT  =        49.3791
 EAMBER (non-restraint)  =    -35144.1432
 EKCMT  =      3089.0851  VIRIAL  =      3882.8333  VOLUME     =    114154.6576
                                                    Density    =         1.0094
 ------------------------------------------------------------------------------

wrapping first mol.:       17.61960       24.91788       43.15904
wrapping first mol.:       17.61960       24.91788       43.15904

 NSTEP =    25000   TIME(PS) =    1090.000  TEMP(K) =   295.07  PRESS =   136.4
 Etot   =    -28435.6216  EKtot   =      6787.3330  EPtot      =    -35222.9546
 BOND   =       167.0190  ANGLE   =       385.9868  DIHED      =       626.9286
 1-4 NB =       172.2135  1-4 EEL =      2451.0872  VDWAALS    =      4648.0888
 EELEC  =    -43714.0765  EHBOND  =         0.0000  RESTRAINT  =        39.7980
 EAMBER (non-restraint)  =    -35262.7526
 EKCMT  =      3086.8889  VIRIAL  =      2752.0769  VOLUME     =    113690.6978
                                                    Density    =         1.0135
 ------------------------------------------------------------------------------

wrapping first mol.:       17.61450       24.91066       43.14652
wrapping first mol.:       17.61450       24.91066       43.14652

 NSTEP =    25500   TIME(PS) =    1091.000  TEMP(K) =   304.33  PRESS =  -250.4
 Etot   =    -28250.8655  EKtot   =      7000.3447  EPtot      =    -35251.2102
 BOND   =       151.2772  ANGLE   =       400.1819  DIHED      =       646.0225
 1-4 NB =       172.2839  1-4 EEL =      2426.6560  VDWAALS    =      4496.3178
 EELEC  =    -43585.0157  EHBOND  =         0.0000  RESTRAINT  =        41.0662
 EAMBER (non-restraint)  =    -35292.2765
 EKCMT  =      3260.9299  VIRIAL  =      3875.1771  VOLUME     =    113595.7725
                                                    Density    =         1.0143
 ------------------------------------------------------------------------------

wrapping first mol.:       17.62314       24.92288       43.16770
wrapping first mol.:       17.62314       24.92288       43.16770

 NSTEP =    26000   TIME(PS) =    1092.000  TEMP(K) =   300.11  PRESS =   163.4
 Etot   =    -28284.1923  EKtot   =      6903.3403  EPtot      =    -35187.5326
 BOND   =       154.2310  ANGLE   =       447.6575  DIHED      =       641.2682
 1-4 NB =       170.1049  1-4 EEL =      2422.3610  VDWAALS    =      4588.0942
 EELEC  =    -43667.1305  EHBOND  =         0.0000  RESTRAINT  =        55.8810
 EAMBER (non-restraint)  =    -35243.4137
 EKCMT  =      3164.8148  VIRIAL  =      2763.5159  VOLUME     =    113758.8689
                                                    Density    =         1.0129
 ------------------------------------------------------------------------------

wrapping first mol.:       17.63991       24.94660       43.20877
wrapping first mol.:       17.63991       24.94660       43.20877

 NSTEP =    26500   TIME(PS) =    1093.000  TEMP(K) =   305.79  PRESS =   197.3
 Etot   =    -28095.2641  EKtot   =      7033.9019  EPtot      =    -35129.1660
 BOND   =       149.3250  ANGLE   =       388.2903  DIHED      =       630.6888
 1-4 NB =       174.9009  1-4 EEL =      2453.9175  VDWAALS    =      4659.2933
 EELEC  =    -43632.1259  EHBOND  =         0.0000  RESTRAINT  =        46.5440
 EAMBER (non-restraint)  =    -35175.7100
 EKCMT  =      3246.8320  VIRIAL  =      2760.8648  VOLUME     =    114083.5876
                                                    Density    =         1.0100
 ------------------------------------------------------------------------------

wrapping first mol.:       17.65159       24.96311       43.23738
wrapping first mol.:       17.65159       24.96311       43.23738

 NSTEP =    27000   TIME(PS) =    1094.000  TEMP(K) =   299.86  PRESS =    49.4
 Etot   =    -28326.6010  EKtot   =      6897.6074  EPtot      =    -35224.2085
 BOND   =       141.0389  ANGLE   =       384.1510  DIHED      =       627.8899
 1-4 NB =       162.1179  1-4 EEL =      2440.0592  VDWAALS    =      4567.6447
 EELEC  =    -43589.0229  EHBOND  =         0.0000  RESTRAINT  =        41.9127
 EAMBER (non-restraint)  =    -35266.1212
 EKCMT  =      3172.7065  VIRIAL  =      3050.7151  VOLUME     =    114311.8056
                                                    Density    =         1.0080
 ------------------------------------------------------------------------------

wrapping first mol.:       17.65111       24.96244       43.23622
wrapping first mol.:       17.65111       24.96244       43.23622

 NSTEP =    27500   TIME(PS) =    1095.000  TEMP(K) =   303.66  PRESS =  -620.6
 Etot   =    -28388.3225  EKtot   =      6985.1162  EPtot      =    -35373.4387
 BOND   =       139.4705  ANGLE   =       409.8971  DIHED      =       615.8193
 1-4 NB =       171.6406  1-4 EEL =      2444.4617  VDWAALS    =      4360.9576
 EELEC  =    -43556.7935  EHBOND  =         0.0000  RESTRAINT  =        41.1080
 EAMBER (non-restraint)  =    -35414.5467
 EKCMT  =      3184.2296  VIRIAL  =      4715.8500  VOLUME     =    114309.4607
                                                    Density    =         1.0080
 ------------------------------------------------------------------------------

wrapping first mol.:       17.65163       24.96317       43.23748
wrapping first mol.:       17.65163       24.96317       43.23748

 NSTEP =    28000   TIME(PS) =    1096.000  TEMP(K) =   300.18  PRESS =  -181.8
 Etot   =    -28225.9163  EKtot   =      6904.9795  EPtot      =    -35130.8958
 BOND   =       156.9350  ANGLE   =       396.0500  DIHED      =       624.1247
 1-4 NB =       165.2707  1-4 EEL =      2426.4714  VDWAALS    =      4500.9074
 EELEC  =    -43445.2284  EHBOND  =         0.0000  RESTRAINT  =        44.5734
 EAMBER (non-restraint)  =    -35175.4692
 EKCMT  =      3180.9099  VIRIAL  =      3629.5323  VOLUME     =    114315.0138
                                                    Density    =         1.0079
 ------------------------------------------------------------------------------

wrapping first mol.:       17.62510       24.92566       43.17251
wrapping first mol.:       17.62510       24.92566       43.17251

 NSTEP =    28500   TIME(PS) =    1097.000  TEMP(K) =   299.53  PRESS =    -3.1
 Etot   =    -28338.8722  EKtot   =      6889.9727  EPtot      =    -35228.8449
 BOND   =       145.3932  ANGLE   =       424.5701  DIHED      =       636.4992
 1-4 NB =       162.5304  1-4 EEL =      2413.1222  VDWAALS    =      4600.6072
 EELEC  =    -43657.1913  EHBOND  =         0.0000  RESTRAINT  =        45.6240
 EAMBER (non-restraint)  =    -35274.4689
 EKCMT  =      3178.2345  VIRIAL  =      3185.9525  VOLUME     =    113798.5889
                                                    Density    =         1.0125
 ------------------------------------------------------------------------------

wrapping first mol.:       17.62402       24.92413       43.16985
wrapping first mol.:       17.62402       24.92413       43.16985

 NSTEP =    29000   TIME(PS) =    1098.000  TEMP(K) =   297.13  PRESS =   106.9
 Etot   =    -28446.3380  EKtot   =      6834.7959  EPtot      =    -35281.1339
 BOND   =       150.3190  ANGLE   =       426.3165  DIHED      =       628.0164
 1-4 NB =       170.4873  1-4 EEL =      2447.6653  VDWAALS    =      4648.5570
 EELEC  =    -43795.6813  EHBOND  =         0.0000  RESTRAINT  =        43.1858
 EAMBER (non-restraint)  =    -35324.3197
 EKCMT  =      3186.2693  VIRIAL  =      2923.7272  VOLUME     =    113776.4660
                                                    Density    =         1.0127
 ------------------------------------------------------------------------------

wrapping first mol.:       17.64977       24.96055       43.23293
wrapping first mol.:       17.64977       24.96055       43.23293

 NSTEP =    29500   TIME(PS) =    1099.000  TEMP(K) =   298.64  PRESS =  -264.6
 Etot   =    -28426.4847  EKtot   =      6869.5215  EPtot      =    -35296.0062
 BOND   =       141.9510  ANGLE   =       405.9858  DIHED      =       638.9696
 1-4 NB =       162.5461  1-4 EEL =      2453.2565  VDWAALS    =      4540.4418
 EELEC  =    -43681.1520  EHBOND  =         0.0000  RESTRAINT  =        41.9950
 EAMBER (non-restraint)  =    -35338.0012
 EKCMT  =      3170.6106  VIRIAL  =      3823.4275  VOLUME     =    114279.7807
                                                    Density    =         1.0082
 ------------------------------------------------------------------------------

wrapping first mol.:       17.63122       24.93431       43.18748
wrapping first mol.:       17.63122       24.93431       43.18748

 NSTEP =    30000   TIME(PS) =    1100.000  TEMP(K) =   298.27  PRESS =   120.4
 Etot   =    -28316.8051  EKtot   =      6860.9424  EPtot      =    -35177.7475
 BOND   =       139.8638  ANGLE   =       464.0877  DIHED      =       631.0666
 1-4 NB =       168.6540  1-4 EEL =      2426.8134  VDWAALS    =      4643.6115
 EELEC  =    -43700.2911  EHBOND  =         0.0000  RESTRAINT  =        48.4466
 EAMBER (non-restraint)  =    -35226.1941
 EKCMT  =      3128.1208  VIRIAL  =      2832.0286  VOLUME     =    113915.8192
                                                    Density    =         1.0115
 ------------------------------------------------------------------------------

wrapping first mol.:       17.64952       24.96018       43.23230
wrapping first mol.:       17.64952       24.96018       43.23230

 NSTEP =    30500   TIME(PS) =    1101.000  TEMP(K) =   303.32  PRESS =   460.2
 Etot   =    -28318.3951  EKtot   =      6977.1650  EPtot      =    -35295.5601
 BOND   =       138.3580  ANGLE   =       396.8848  DIHED      =       628.3151
 1-4 NB =       178.3112  1-4 EEL =      2435.8745  VDWAALS    =      4679.1133
 EELEC  =    -43794.4223  EHBOND  =         0.0000  RESTRAINT  =        42.0053
 EAMBER (non-restraint)  =    -35337.5654
 EKCMT  =      3168.5663  VIRIAL  =      2033.2413  VOLUME     =    114267.3790
                                                    Density    =         1.0084
 ------------------------------------------------------------------------------

wrapping first mol.:       17.64968       24.96042       43.23271
wrapping first mol.:       17.64968       24.96042       43.23271

 NSTEP =    31000   TIME(PS) =    1102.000  TEMP(K) =   304.23  PRESS =  -246.4
 Etot   =    -28273.5555  EKtot   =      6998.1313  EPtot      =    -35271.6868
 BOND   =       148.6187  ANGLE   =       410.4975  DIHED      =       631.4220
 1-4 NB =       172.3254  1-4 EEL =      2433.9778  VDWAALS    =      4510.1093
 EELEC  =    -43629.4968  EHBOND  =         0.0000  RESTRAINT  =        50.8592
 EAMBER (non-restraint)  =    -35322.5460
 EKCMT  =      3261.3811  VIRIAL  =      3869.2748  VOLUME     =    114277.7896
                                                    Density    =         1.0083
 ------------------------------------------------------------------------------

wrapping first mol.:       17.64997       24.96082       43.23341
wrapping first mol.:       17.64997       24.96082       43.23341

 NSTEP =    31500   TIME(PS) =    1103.000  TEMP(K) =   300.32  PRESS =  -201.5
 Etot   =    -28296.0774  EKtot   =      6908.2188  EPtot      =    -35204.2961
 BOND   =       139.7145  ANGLE   =       371.5024  DIHED      =       639.6710
 1-4 NB =       168.1027  1-4 EEL =      2448.2221  VDWAALS    =      4569.5577
 EELEC  =    -43579.9507  EHBOND  =         0.0000  RESTRAINT  =        38.8843
 EAMBER (non-restraint)  =    -35243.1804
 EKCMT  =      3142.0990  VIRIAL  =      3639.2328  VOLUME     =    114282.9348
                                                    Density    =         1.0082
 ------------------------------------------------------------------------------

wrapping first mol.:       17.62808       24.92986       43.17979
wrapping first mol.:       17.62808       24.92986       43.17979

 NSTEP =    32000   TIME(PS) =    1104.000  TEMP(K) =   302.12  PRESS =   237.2
 Etot   =    -28308.2195  EKtot   =      6949.6313  EPtot      =    -35257.8508
 BOND   =       158.8147  ANGLE   =       374.9123  DIHED      =       625.5626
 1-4 NB =       168.2365  1-4 EEL =      2429.4627  VDWAALS    =      4602.5315
 EELEC  =    -43661.3882  EHBOND  =         0.0000  RESTRAINT  =        44.0172
 EAMBER (non-restraint)  =    -35301.8680
 EKCMT  =      3222.0240  VIRIAL  =      2638.9487  VOLUME     =    113853.7485
                                                    Density    =         1.0120
 ------------------------------------------------------------------------------

wrapping first mol.:       17.63395       24.93817       43.19418
wrapping first mol.:       17.63395       24.93817       43.19418

 NSTEP =    32500   TIME(PS) =    1105.000  TEMP(K) =   296.65  PRESS =   114.3
 Etot   =    -28396.8307  EKtot   =      6823.7744  EPtot      =    -35220.6051
 BOND   =       139.0847  ANGLE   =       442.5666  DIHED      =       637.4736
 1-4 NB =       171.7695  1-4 EEL =      2420.7686  VDWAALS    =      4711.3805
 EELEC  =    -43793.2786  EHBOND  =         0.0000  RESTRAINT  =        49.6300
 EAMBER (non-restraint)  =    -35270.2352
 EKCMT  =      3139.6612  VIRIAL  =      2858.4975  VOLUME     =    113968.8670
                                                    Density    =         1.0110
 ------------------------------------------------------------------------------

wrapping first mol.:       17.63908       24.94543       43.20674
wrapping first mol.:       17.63908       24.94543       43.20674

 NSTEP =    33000   TIME(PS) =    1106.000  TEMP(K) =   307.70  PRESS =   303.3
 Etot   =    -27967.6621  EKtot   =      7077.8462  EPtot      =    -35045.5083
 BOND   =       152.8295  ANGLE   =       422.2228  DIHED      =       638.8473
 1-4 NB =       169.5025  1-4 EEL =      2444.3823  VDWAALS    =      4676.9663
 EELEC  =    -43599.2047  EHBOND  =         0.0000  RESTRAINT  =        48.9456
 EAMBER (non-restraint)  =    -35094.4539
 EKCMT  =      3253.3925  VIRIAL  =      2506.4485  VOLUME     =    114066.4341
                                                    Density    =         1.0101
 ------------------------------------------------------------------------------

wrapping first mol.:       17.65741       24.97135       43.25164
wrapping first mol.:       17.65741       24.97135       43.25164

 NSTEP =    33500   TIME(PS) =    1107.000  TEMP(K) =   303.52  PRESS =   -79.5
 Etot   =    -28149.8550  EKtot   =      6981.8276  EPtot      =    -35131.6827
 BOND   =       159.3331  ANGLE   =       374.1595  DIHED      =       633.4162
 1-4 NB =       163.6054  1-4 EEL =      2418.0100  VDWAALS    =      4570.4133
 EELEC  =    -43494.8762  EHBOND  =         0.0000  RESTRAINT  =        44.2560
 EAMBER (non-restraint)  =    -35175.9387
 EKCMT  =      3235.2015  VIRIAL  =      3431.5316  VOLUME     =    114426.2496
                                                    Density    =         1.0070
 ------------------------------------------------------------------------------

wrapping first mol.:       17.63988       24.94656       43.20870
wrapping first mol.:       17.63988       24.94656       43.20870

 NSTEP =    34000   TIME(PS) =    1108.000  TEMP(K) =   303.44  PRESS =    77.5
 Etot   =    -28351.9840  EKtot   =      6979.9531  EPtot      =    -35331.9371
 BOND   =       145.7412  ANGLE   =       413.5777  DIHED      =       637.7535
 1-4 NB =       175.3404  1-4 EEL =      2424.9580  VDWAALS    =      4683.7286
 EELEC  =    -43853.8396  EHBOND  =         0.0000  RESTRAINT  =        40.8032
 EAMBER (non-restraint)  =    -35372.7403
 EKCMT  =      3182.3762  VIRIAL  =      2991.5071  VOLUME     =    114084.2530
                                                    Density    =         1.0100
 ------------------------------------------------------------------------------

wrapping first mol.:       17.63598       24.94105       43.19916
wrapping first mol.:       17.63598       24.94105       43.19916

 NSTEP =    34500   TIME(PS) =    1109.000  TEMP(K) =   300.61  PRESS =  -187.6
 Etot   =    -28445.4188  EKtot   =      6914.8472  EPtot      =    -35360.2660
 BOND   =       151.3252  ANGLE   =       397.5794  DIHED      =       635.5222
 1-4 NB =       169.5992  1-4 EEL =      2435.0858  VDWAALS    =      4573.5827
 EELEC  =    -43765.7105  EHBOND  =         0.0000  RESTRAINT  =        42.7499
 EAMBER (non-restraint)  =    -35403.0158
 EKCMT  =      3160.5985  VIRIAL  =      3622.3639  VOLUME     =    114011.3490
                                                    Density    =         1.0106
 ------------------------------------------------------------------------------

wrapping first mol.:       17.62691       24.92821       43.17692
wrapping first mol.:       17.62691       24.92821       43.17692

 NSTEP =    35000   TIME(PS) =    1110.000  TEMP(K) =   297.67  PRESS =  -164.3
 Etot   =    -28386.1093  EKtot   =      6847.2866  EPtot      =    -35233.3960
 BOND   =       160.5858  ANGLE   =       416.8899  DIHED      =       635.7992
 1-4 NB =       164.3946  1-4 EEL =      2397.7824  VDWAALS    =      4596.1654
 EELEC  =    -43652.6468  EHBOND  =         0.0000  RESTRAINT  =        47.6336
 EAMBER (non-restraint)  =    -35281.0295
 EKCMT  =      3175.4566  VIRIAL  =      3579.1714  VOLUME     =    113835.1271
                                                    Density    =         1.0122
 ------------------------------------------------------------------------------

wrapping first mol.:       17.62709       24.92846       43.17736
wrapping first mol.:       17.62709       24.92846       43.17736

 NSTEP =    35500   TIME(PS) =    1111.000  TEMP(K) =   295.14  PRESS =    36.4
 Etot   =    -28179.4895  EKtot   =      6789.0381  EPtot      =    -34968.5276
 BOND   =       155.1754  ANGLE   =       409.7760  DIHED      =       634.4460
 1-4 NB =       164.8074  1-4 EEL =      2432.4737  VDWAALS    =      4531.0563
 EELEC  =    -43338.3602  EHBOND  =         0.0000  RESTRAINT  =        42.0980
 EAMBER (non-restraint)  =    -35010.6255
 EKCMT  =      3185.8592  VIRIAL  =      3096.3582  VOLUME     =    113836.5989
                                                    Density    =         1.0122
 ------------------------------------------------------------------------------

wrapping first mol.:       17.63639       24.94162       43.20014
wrapping first mol.:       17.63639       24.94162       43.20014

 NSTEP =    36000   TIME(PS) =    1112.000  TEMP(K) =   300.73  PRESS =    64.5
 Etot   =    -28295.4097  EKtot   =      6917.7188  EPtot      =    -35213.1284
 BOND   =       136.7072  ANGLE   =       416.2197  DIHED      =       623.6703
 1-4 NB =       178.0180  1-4 EEL =      2420.1319  VDWAALS    =      4631.9700
 EELEC  =    -43664.2542  EHBOND  =         0.0000  RESTRAINT  =        44.4086
 EAMBER (non-restraint)  =    -35257.5371
 EKCMT  =      3160.6315  VIRIAL  =      3001.7526  VOLUME     =    114016.5745
                                                    Density    =         1.0106
 ------------------------------------------------------------------------------

wrapping first mol.:       17.64188       24.94938       43.21359
wrapping first mol.:       17.64188       24.94938       43.21359

 NSTEP =    36500   TIME(PS) =    1113.000  TEMP(K) =   301.02  PRESS =   -63.8
 Etot   =    -28415.9578  EKtot   =      6924.3311  EPtot      =    -35340.2888
 BOND   =       149.3503  ANGLE   =       383.9310  DIHED      =       618.6331
 1-4 NB =       174.0231  1-4 EEL =      2425.4370  VDWAALS    =      4593.5504
 EELEC  =    -43740.9574  EHBOND  =         0.0000  RESTRAINT  =        55.7436
 EAMBER (non-restraint)  =    -35396.0325
 EKCMT  =      3169.5607  VIRIAL  =      3326.7799  VOLUME     =    114124.3791
                                                    Density    =         1.0096
 ------------------------------------------------------------------------------

wrapping first mol.:       17.64798       24.95801       43.22855
wrapping first mol.:       17.64798       24.95801       43.22855

 NSTEP =    37000   TIME(PS) =    1114.000  TEMP(K) =   297.75  PRESS =    34.1
 Etot   =    -28511.5904  EKtot   =      6849.1279  EPtot      =    -35360.7183
 BOND   =       138.2694  ANGLE   =       397.3764  DIHED      =       630.0926
 1-4 NB =       173.5133  1-4 EEL =      2434.7224  VDWAALS    =      4572.3003
 EELEC  =    -43750.3269  EHBOND  =         0.0000  RESTRAINT  =        43.3342
 EAMBER (non-restraint)  =    -35404.0525
 EKCMT  =      3138.4018  VIRIAL  =      3054.3261  VOLUME     =    114241.9323
                                                    Density    =         1.0086
 ------------------------------------------------------------------------------

wrapping first mol.:       17.65479       24.96765       43.24523
wrapping first mol.:       17.65479       24.96765       43.24523

 NSTEP =    37500   TIME(PS) =    1115.000  TEMP(K) =   300.82  PRESS =    43.6
 Etot   =    -28305.4468  EKtot   =      6919.6768  EPtot      =    -35225.1236
 BOND   =       169.9023  ANGLE   =       374.7791  DIHED      =       633.1766
 1-4 NB =       167.6237  1-4 EEL =      2409.9435  VDWAALS    =      4667.8920
 EELEC  =    -43696.3631  EHBOND  =         0.0000  RESTRAINT  =        47.9221
 EAMBER (non-restraint)  =    -35273.0457
 EKCMT  =      3159.2937  VIRIAL  =      3051.6260  VOLUME     =    114374.1766
                                                    Density    =         1.0074
 ------------------------------------------------------------------------------

wrapping first mol.:       17.65801       24.97219       43.25310
wrapping first mol.:       17.65801       24.97219       43.25310

 NSTEP =    38000   TIME(PS) =    1116.000  TEMP(K) =   299.98  PRESS =    24.8
 Etot   =    -28260.9272  EKtot   =      6900.3433  EPtot      =    -35161.2704
 BOND   =       129.6790  ANGLE   =       397.0086  DIHED      =       629.2951
 1-4 NB =       169.4840  1-4 EEL =      2423.0839  VDWAALS    =      4506.4687
 EELEC  =    -43462.9664  EHBOND  =         0.0000  RESTRAINT  =        46.6768
 EAMBER (non-restraint)  =    -35207.9472
 EKCMT  =      3178.7550  VIRIAL  =      3117.4766  VOLUME     =    114436.8151
                                                    Density    =         1.0069
 ------------------------------------------------------------------------------

wrapping first mol.:       17.63853       24.94465       43.20540
wrapping first mol.:       17.63853       24.94465       43.20540

 NSTEP =    38500   TIME(PS) =    1117.000  TEMP(K) =   301.57  PRESS =   170.7
 Etot   =    -28114.2429  EKtot   =      6937.0024  EPtot      =    -35051.2453
 BOND   =       144.4427  ANGLE   =       420.8489  DIHED      =       644.0445
 1-4 NB =       168.1713  1-4 EEL =      2408.2378  VDWAALS    =      4633.1873
 EELEC  =    -43514.2709  EHBOND  =         0.0000  RESTRAINT  =        44.0931
 EAMBER (non-restraint)  =    -35095.3384
 EKCMT  =      3229.1990  VIRIAL  =      2808.7788  VOLUME     =    114057.1530
                                                    Density    =         1.0102
 ------------------------------------------------------------------------------

wrapping first mol.:       17.63869       24.94488       43.20579
wrapping first mol.:       17.63869       24.94488       43.20579

 NSTEP =    39000   TIME(PS) =    1118.000  TEMP(K) =   300.48  PRESS =    88.1
 Etot   =    -28186.0996  EKtot   =      6911.7959  EPtot      =    -35097.8955
 BOND   =       133.8176  ANGLE   =       377.0445  DIHED      =       615.4393
 1-4 NB =       166.5494  1-4 EEL =      2410.0146  VDWAALS    =      4582.7889
 EELEC  =    -43427.3586  EHBOND  =         0.0000  RESTRAINT  =        43.8087
 EAMBER (non-restraint)  =    -35141.7042
 EKCMT  =      3143.1422  VIRIAL  =      2926.1102  VOLUME     =    114061.0725
                                                    Density    =         1.0102
 ------------------------------------------------------------------------------

wrapping first mol.:       17.64156       24.94893       43.21282
wrapping first mol.:       17.64156       24.94893       43.21282

 NSTEP =    39500   TIME(PS) =    1119.000  TEMP(K) =   298.81  PRESS =   116.4
 Etot   =    -28272.9002  EKtot   =      6873.5571  EPtot      =    -35146.4574
 BOND   =       156.0419  ANGLE   =       391.5779  DIHED      =       612.8824
 1-4 NB =       163.9975  1-4 EEL =      2433.0327  VDWAALS    =      4603.3082
 EELEC  =    -43553.7113  EHBOND  =         0.0000  RESTRAINT  =        46.4132
 EAMBER (non-restraint)  =    -35192.8705
 EKCMT  =      3204.1383  VIRIAL  =      2917.3661  VOLUME     =    114116.4355
                                                    Density    =         1.0097
 ------------------------------------------------------------------------------

wrapping first mol.:       17.64687       24.95644       43.22582
wrapping first mol.:       17.64687       24.95644       43.22582

 NSTEP =    40000   TIME(PS) =    1120.000  TEMP(K) =   304.06  PRESS =    85.3
 Etot   =    -28303.6199  EKtot   =      6994.1729  EPtot      =    -35297.7928
 BOND   =       152.8370  ANGLE   =       397.5695  DIHED      =       631.7902
 1-4 NB =       169.2415  1-4 EEL =      2425.8215  VDWAALS    =      4671.4746
 EELEC  =    -43789.3758  EHBOND  =         0.0000  RESTRAINT  =        42.8487
 EAMBER (non-restraint)  =    -35340.6415
 EKCMT  =      3253.0482  VIRIAL  =      3042.6749  VOLUME     =    114219.8199
                                                    Density    =         1.0088
 ------------------------------------------------------------------------------

wrapping first mol.:       17.63822       24.94421       43.20464
wrapping first mol.:       17.63822       24.94421       43.20464

 NSTEP =    40500   TIME(PS) =    1121.000  TEMP(K) =   299.97  PRESS =  -289.4
 Etot   =    -28469.2447  EKtot   =      6900.1265  EPtot      =    -35369.3712
 BOND   =       154.0754  ANGLE   =       406.7562  DIHED      =       624.6434
 1-4 NB =       174.4955  1-4 EEL =      2417.5618  VDWAALS    =      4578.9029
 EELEC  =    -43763.3794  EHBOND  =         0.0000  RESTRAINT  =        37.5730
 EAMBER (non-restraint)  =    -35406.9442
 EKCMT  =      3170.0490  VIRIAL  =      3882.7713  VOLUME     =    114055.8007
                                                    Density    =         1.0102
 ------------------------------------------------------------------------------

wrapping first mol.:       17.65386       24.96633       43.24295
wrapping first mol.:       17.65386       24.96633       43.24295

 NSTEP =    41000   TIME(PS) =    1122.000  TEMP(K) =   299.12  PRESS =   180.6
 Etot   =    -28336.1082  EKtot   =      6880.5254  EPtot      =    -35216.6336
 BOND   =       157.7902  ANGLE   =       401.9590  DIHED      =       619.3440
 1-4 NB =       157.7766  1-4 EEL =      2398.4514  VDWAALS    =      4658.1181
 EELEC  =    -43661.6515  EHBOND  =         0.0000  RESTRAINT  =        51.5786
 EAMBER (non-restraint)  =    -35268.2122
 EKCMT  =      3186.8717  VIRIAL  =      2740.9013  VOLUME     =    114354.6925
                                                    Density    =         1.0076
 ------------------------------------------------------------------------------

wrapping first mol.:       17.64895       24.95938       43.23091
wrapping first mol.:       17.64895       24.95938       43.23091

 NSTEP =    41500   TIME(PS) =    1123.000  TEMP(K) =   295.51  PRESS =    84.1
 Etot   =    -28442.1810  EKtot   =      6797.5483  EPtot      =    -35239.7294
 BOND   =       153.7276  ANGLE   =       397.5688  DIHED      =       626.5863
 1-4 NB =       163.0358  1-4 EEL =      2417.2643  VDWAALS    =      4640.6408
 EELEC  =    -43678.9890  EHBOND  =         0.0000  RESTRAINT  =        40.4360
 EAMBER (non-restraint)  =    -35280.1654
 EKCMT  =      3128.4318  VIRIAL  =      2920.9061  VOLUME     =    114260.1339
                                                    Density    =         1.0084
 ------------------------------------------------------------------------------

wrapping first mol.:       17.62733       24.92881       43.17796
wrapping first mol.:       17.62733       24.92881       43.17796

 NSTEP =    42000   TIME(PS) =    1124.000  TEMP(K) =   295.12  PRESS =    36.0
 Etot   =    -28494.0124  EKtot   =      6788.6230  EPtot      =    -35282.6355
 BOND   =       167.7195  ANGLE   =       384.4874  DIHED      =       627.0560
 1-4 NB =       164.2589  1-4 EEL =      2414.8354  VDWAALS    =      4594.9399
 EELEC  =    -43681.8443  EHBOND  =         0.0000  RESTRAINT  =        45.9117
 EAMBER (non-restraint)  =    -35328.5472
 EKCMT  =      3093.5396  VIRIAL  =      3005.1206  VOLUME     =    113841.3566
                                                    Density    =         1.0121
 ------------------------------------------------------------------------------

wrapping first mol.:       17.62255       24.92205       43.16626
wrapping first mol.:       17.62255       24.92205       43.16626

 NSTEP =    42500   TIME(PS) =    1125.000  TEMP(K) =   304.15  PRESS =  -187.7
 Etot   =    -28263.3545  EKtot   =      6996.3457  EPtot      =    -35259.7002
 BOND   =       170.3353  ANGLE   =       403.0347  DIHED      =       621.3946
 1-4 NB =       161.3633  1-4 EEL =      2393.9887  VDWAALS    =      4482.6568
 EELEC  =    -43539.0720  EHBOND  =         0.0000  RESTRAINT  =        46.5986
 EAMBER (non-restraint)  =    -35306.2987
 EKCMT  =      3190.5356  VIRIAL  =      3651.4841  VOLUME     =    113751.0625
                                                    Density    =         1.0129
 ------------------------------------------------------------------------------

wrapping first mol.:       17.62607       24.92702       43.17487
wrapping first mol.:       17.62607       24.92702       43.17487

 NSTEP =    43000   TIME(PS) =    1126.000  TEMP(K) =   302.91  PRESS =   167.0
 Etot   =    -28252.4868  EKtot   =      6967.7847  EPtot      =    -35220.2715
 BOND   =       143.8770  ANGLE   =       407.7612  DIHED      =       624.5142
 1-4 NB =       171.2644  1-4 EEL =      2415.7731  VDWAALS    =      4646.9172
 EELEC  =    -43677.1484  EHBOND  =         0.0000  RESTRAINT  =        46.7699
 EAMBER (non-restraint)  =    -35267.0414
 EKCMT  =      3188.9797  VIRIAL  =      2778.4961  VOLUME     =    113815.5627
                                                    Density    =         1.0124
 ------------------------------------------------------------------------------

wrapping first mol.:       17.64482       24.95355       43.22081
wrapping first mol.:       17.64482       24.95355       43.22081

 NSTEP =    43500   TIME(PS) =    1127.000  TEMP(K) =   302.60  PRESS =   -84.1
 Etot   =    -28181.3134  EKtot   =      6960.6099  EPtot      =    -35141.9232
 BOND   =       145.3449  ANGLE   =       387.5221  DIHED      =       633.2010
 1-4 NB =       165.3438  1-4 EEL =      2437.5594  VDWAALS    =      4489.9217
 EELEC  =    -43456.8356  EHBOND  =         0.0000  RESTRAINT  =        56.0195
 EAMBER (non-restraint)  =    -35197.9427
 EKCMT  =      3141.1392  VIRIAL  =      3348.4678  VOLUME     =    114181.8184
                                                    Density    =         1.0091
 ------------------------------------------------------------------------------

wrapping first mol.:       17.65753       24.97152       43.25194
wrapping first mol.:       17.65753       24.97152       43.25194

 NSTEP =    44000   TIME(PS) =    1128.000  TEMP(K) =   296.50  PRESS =    80.2
 Etot   =    -28226.5536  EKtot   =      6820.2383  EPtot      =    -35046.7919
 BOND   =       139.3409  ANGLE   =       403.7421  DIHED      =       627.9144
 1-4 NB =       152.6008  1-4 EEL =      2399.6754  VDWAALS    =      4596.8317
 EELEC  =    -43409.5216  EHBOND  =         0.0000  RESTRAINT  =        42.6244
 EAMBER (non-restraint)  =    -35089.4163
 EKCMT  =      3136.4732  VIRIAL  =      2938.3119  VOLUME     =    114427.0751
                                                    Density    =         1.0070
 ------------------------------------------------------------------------------

wrapping first mol.:       17.65902       24.97362       43.25558
wrapping first mol.:       17.65902       24.97362       43.25558

 NSTEP =    44500   TIME(PS) =    1129.000  TEMP(K) =   298.18  PRESS =    88.3
 Etot   =    -28217.7238  EKtot   =      6858.9995  EPtot      =    -35076.7233
 BOND   =       145.3319  ANGLE   =       397.7383  DIHED      =       629.0239
 1-4 NB =       171.4516  1-4 EEL =      2417.4609  VDWAALS    =      4550.2092
 EELEC  =    -43433.1204  EHBOND  =         0.0000  RESTRAINT  =        45.1812
 EAMBER (non-restraint)  =    -35121.9045
 EKCMT  =      3175.2605  VIRIAL  =      2957.1036  VOLUME     =    114455.8773
                                                    Density    =         1.0067
 ------------------------------------------------------------------------------

wrapping first mol.:       17.63491       24.93953       43.19653
wrapping first mol.:       17.63491       24.93953       43.19653

 NSTEP =    45000   TIME(PS) =    1130.000  TEMP(K) =   301.37  PRESS =     7.8
 Etot   =    -28261.8649  EKtot   =      6932.2920  EPtot      =    -35194.1569
 BOND   =       173.7597  ANGLE   =       399.8477  DIHED      =       638.0462
 1-4 NB =       166.7907  1-4 EEL =      2412.6025  VDWAALS    =      4631.6480
 EELEC  =    -43660.0998  EHBOND  =         0.0000  RESTRAINT  =        43.2480
 EAMBER (non-restraint)  =    -35237.4049
 EKCMT  =      3170.6542  VIRIAL  =      3151.3533  VOLUME     =    113988.5635
                                                    Density    =         1.0108
 ------------------------------------------------------------------------------

wrapping first mol.:       17.63840       24.94447       43.20508
wrapping first mol.:       17.63840       24.94447       43.20508

 NSTEP =    45500   TIME(PS) =    1131.000  TEMP(K) =   299.95  PRESS =   -51.8
 Etot   =    -28304.5069  EKtot   =      6899.6001  EPtot      =    -35204.1070
 BOND   =       135.6746  ANGLE   =       395.5040  DIHED      =       614.3034
 1-4 NB =       167.4503  1-4 EEL =      2429.7138  VDWAALS    =      4546.4819
 EELEC  =    -43539.0581  EHBOND  =         0.0000  RESTRAINT  =        45.8232
 EAMBER (non-restraint)  =    -35249.9302
 EKCMT  =      3183.3563  VIRIAL  =      3310.9313  VOLUME     =    114056.8647
                                                    Density    =         1.0102
 ------------------------------------------------------------------------------

wrapping first mol.:       17.63133       24.93446       43.18776
wrapping first mol.:       17.63133       24.93446       43.18776

 NSTEP =    46000   TIME(PS) =    1132.000  TEMP(K) =   299.68  PRESS =     5.3
 Etot   =    -28333.9623  EKtot   =      6893.5029  EPtot      =    -35227.4652
 BOND   =       148.7607  ANGLE   =       383.3191  DIHED      =       628.6835
 1-4 NB =       165.6483  1-4 EEL =      2434.4756  VDWAALS    =      4579.3405
 EELEC  =    -43616.0359  EHBOND  =         0.0000  RESTRAINT  =        48.3431
 EAMBER (non-restraint)  =    -35275.8083
 EKCMT  =      3183.3465  VIRIAL  =      3170.2670  VOLUME     =    113919.1409
                                                    Density    =         1.0114
 ------------------------------------------------------------------------------

wrapping first mol.:       17.62934       24.93166       43.18289
wrapping first mol.:       17.62934       24.93166       43.18289

 NSTEP =    46500   TIME(PS) =    1133.000  TEMP(K) =   298.17  PRESS =    93.5
 Etot   =    -28238.0261  EKtot   =      6858.6875  EPtot      =    -35096.7136
 BOND   =       136.9450  ANGLE   =       396.2388  DIHED      =       640.5539
 1-4 NB =       165.9606  1-4 EEL =      2397.0128  VDWAALS    =      4549.3931
 EELEC  =    -43424.1593  EHBOND  =         0.0000  RESTRAINT  =        41.3416
 EAMBER (non-restraint)  =    -35138.0551
 EKCMT  =      3174.3843  VIRIAL  =      2944.4109  VOLUME     =    113879.7568
                                                    Density    =         1.0118
 ------------------------------------------------------------------------------

wrapping first mol.:       17.63962       24.94619       43.20806
wrapping first mol.:       17.63962       24.94619       43.20806

 NSTEP =    47000   TIME(PS) =    1134.000  TEMP(K) =   301.37  PRESS =    59.3
 Etot   =    -28173.1376  EKtot   =      6932.4180  EPtot      =    -35105.5556
 BOND   =       141.2095  ANGLE   =       415.6071  DIHED      =       640.8474
 1-4 NB =       163.4596  1-4 EEL =      2416.9704  VDWAALS    =      4539.7644
 EELEC  =    -43473.0924  EHBOND  =         0.0000  RESTRAINT  =        49.6786
 EAMBER (non-restraint)  =    -35155.2341
 EKCMT  =      3202.7235  VIRIAL  =      3056.6712  VOLUME     =    114079.3408
                                                    Density    =         1.0100
 ------------------------------------------------------------------------------

wrapping first mol.:       17.64412       24.95256       43.21909
wrapping first mol.:       17.64412       24.95256       43.21909

 NSTEP =    47500   TIME(PS) =    1135.000  TEMP(K) =   296.13  PRESS =   -16.9
 Etot   =    -28379.9422  EKtot   =      6811.6953  EPtot      =    -35191.6375
 BOND   =       132.3573  ANGLE   =       402.4840  DIHED      =       623.8746
 1-4 NB =       177.4471  1-4 EEL =      2414.4502  VDWAALS    =      4552.5965
 EELEC  =    -43537.6351  EHBOND  =         0.0000  RESTRAINT  =        42.7880
 EAMBER (non-restraint)  =    -35234.4255
 EKCMT  =      3158.3810  VIRIAL  =      3199.9324  VOLUME     =    114167.5097
                                                    Density    =         1.0092
 ------------------------------------------------------------------------------

wrapping first mol.:       17.64843       24.95865       43.22965
wrapping first mol.:       17.64843       24.95865       43.22965

 NSTEP =    48000   TIME(PS) =    1136.000  TEMP(K) =   302.76  PRESS =   377.2
 Etot   =    -28331.1100  EKtot   =      6964.2764  EPtot      =    -35295.3863
 BOND   =       147.6424  ANGLE   =       412.4004  DIHED      =       634.6345
 1-4 NB =       161.4970  1-4 EEL =      2404.0480  VDWAALS    =      4744.6711
 EELEC  =    -43841.8222  EHBOND  =         0.0000  RESTRAINT  =        41.5425
 EAMBER (non-restraint)  =    -35336.9288
 EKCMT  =      3145.8160  VIRIAL  =      2215.2801  VOLUME     =    114247.2234
                                                    Density    =         1.0085
 ------------------------------------------------------------------------------

wrapping first mol.:       17.65185       24.96348       43.23802
wrapping first mol.:       17.65185       24.96348       43.23802

 NSTEP =    48500   TIME(PS) =    1137.000  TEMP(K) =   299.95  PRESS =  -175.3
 Etot   =    -28450.4148  EKtot   =      6899.6533  EPtot      =    -35350.0681
 BOND   =       138.6313  ANGLE   =       387.8145  DIHED      =       616.5963
 1-4 NB =       166.9176  1-4 EEL =      2432.3925  VDWAALS    =      4623.2743
 EELEC  =    -43761.9873  EHBOND  =         0.0000  RESTRAINT  =        46.2928
 EAMBER (non-restraint)  =    -35396.3609
 EKCMT  =      3183.6302  VIRIAL  =      3616.4138  VOLUME     =    114319.1965
                                                    Density    =         1.0079
 ------------------------------------------------------------------------------

wrapping first mol.:       17.65379       24.96623       43.24278
wrapping first mol.:       17.65379       24.96623       43.24278

 NSTEP =    49000   TIME(PS) =    1138.000  TEMP(K) =   294.13  PRESS =   -97.7
 Etot   =    -28398.2894  EKtot   =      6765.7070  EPtot      =    -35163.9965
 BOND   =       141.6165  ANGLE   =       396.3182  DIHED      =       614.2044
 1-4 NB =       173.0423  1-4 EEL =      2418.0930  VDWAALS    =      4596.3172
 EELEC  =    -43551.8446  EHBOND  =         0.0000  RESTRAINT  =        48.2565
 EAMBER (non-restraint)  =    -35212.2529
 EKCMT  =      3133.5658  VIRIAL  =      3374.7193  VOLUME     =    114356.1847
                                                    Density    =         1.0076
 ------------------------------------------------------------------------------

wrapping first mol.:       17.62239       24.92182       43.16586
wrapping first mol.:       17.62239       24.92182       43.16586

 NSTEP =    49500   TIME(PS) =    1139.000  TEMP(K) =   301.29  PRESS =   -87.8
 Etot   =    -28380.8156  EKtot   =      6930.5347  EPtot      =    -35311.3502
 BOND   =       146.1087  ANGLE   =       390.1369  DIHED      =       624.3139
 1-4 NB =       173.2620  1-4 EEL =      2416.6906  VDWAALS    =      4564.2380
 EELEC  =    -43666.7738  EHBOND  =         0.0000  RESTRAINT  =        40.6736
 EAMBER (non-restraint)  =    -35352.0238
 EKCMT  =      3142.8008  VIRIAL  =      3358.3507  VOLUME     =    113746.9083
                                                    Density    =         1.0130
 ------------------------------------------------------------------------------

wrapping first mol.:       17.61023       24.90462       43.13607
wrapping first mol.:       17.61023       24.90462       43.13607

 NSTEP =    50000   TIME(PS) =    1140.000  TEMP(K) =   304.07  PRESS =    92.2
 Etot   =    -28409.9670  EKtot   =      6994.5415  EPtot      =    -35404.5085
 BOND   =       163.3647  ANGLE   =       413.9377  DIHED      =       633.2008
 1-4 NB =       166.9958  1-4 EEL =      2422.5525  VDWAALS    =      4626.8161
 EELEC  =    -43875.5200  EHBOND  =         0.0000  RESTRAINT  =        44.1439
 EAMBER (non-restraint)  =    -35448.6524
 EKCMT  =      3278.3907  VIRIAL  =      3052.3678  VOLUME     =    113509.7572
                                                    Density    =         1.0151
 ------------------------------------------------------------------------------


      A V E R A G E S   O V E R     100 S T E P S


 NSTEP =    50000   TIME(PS) =    1140.000  TEMP(K) =   300.47  PRESS =    13.6
 Etot   =    -28321.7032  EKtot   =      6911.7466  EPtot      =    -35233.4497
 BOND   =       148.0719  ANGLE   =       402.9746  DIHED      =       629.9850
 1-4 NB =       169.5745  1-4 EEL =      2430.4362  VDWAALS    =      4600.5058
 EELEC  =    -43659.9401  EHBOND  =         0.0000  RESTRAINT  =        44.9421
 EAMBER (non-restraint)  =    -35278.3919
 EKCMT  =      3176.6382  VIRIAL  =      3143.1762  VOLUME     =    114021.6054
                                                    Density    =         1.0105
 ------------------------------------------------------------------------------


      R M S  F L U C T U A T I O N S


 NSTEP =    50000   TIME(PS) =    1140.000  TEMP(K) =     2.56  PRESS =   185.6
 Etot   =       104.2375  EKtot   =        58.8018  EPtot      =        94.1421
 BOND   =         9.9982  ANGLE   =        16.4336  DIHED      =         7.7092
 1-4 NB =         5.2746  1-4 EEL =        14.9418  VDWAALS    =        74.6082
 EELEC  =       136.6548  EHBOND  =         0.0000  RESTRAINT  =         4.1916
 EAMBER (non-restraint)  =        89.9505
 EKCMT  =        41.8352  VIRIAL  =       459.1230  VOLUME     =       240.7795
                                                    Density    =         0.0021
 ------------------------------------------------------------------------------

--------------------------------------------------------------------------------
   5.  TIMINGS
--------------------------------------------------------------------------------

|  NonSetup CPU Time in Major Routines:
|
|     Routine           Sec        %
|     ------------------------------
|     Nonbond          66.86   88.70
|     Bond              0.00    0.00
|     Angle             0.00    0.00
|     Dihedral          0.00    0.00
|     Shake             0.27    0.36
|     RunMD             8.21   10.89
|     Other             0.03    0.04
|     ------------------------------
|     Total            75.38

|  PME Nonbond Pairlist CPU Time:
|
|     Routine              Sec        %
|     ---------------------------------
|     Set Up Cit           0.00    0.00
|     Build List           0.00    0.00
|     ---------------------------------
|     Total                0.00    0.00

|  PME Direct Force CPU Time:
|
|     Routine              Sec        %
|     ---------------------------------
|     NonBonded Calc       0.00    0.00
|     Exclude Masked       0.00    0.00
|     Other                0.01    0.01
|     ---------------------------------
|     Total                0.01    0.01

|  PME Reciprocal Force CPU Time:
|
|     Routine              Sec        %
|     ---------------------------------
|     1D bspline           0.00    0.00
|     Grid Charges         0.00    0.00
|     Scalar Sum           0.00    0.00
|     Gradient Sum         0.00    0.00
|     FFT                  0.00    0.00
|     ---------------------------------
|     Total                0.00    0.00

|  Final Performance Info:
|     -----------------------------------------------------
|     Average timings for last    9500 steps:
|     Elapsed(s) =      14.33 Per Step(ms) =       1.51
|         ns/day =     114.58   seconds/ns =     754.08
|
|     Average timings for all steps:
|     Elapsed(s) =      75.38 Per Step(ms) =       1.51
|         ns/day =     114.61   seconds/ns =     753.84
|     -----------------------------------------------------

|  Setup CPU time:            0.39 seconds
|  NonSetup CPU time:        75.38 seconds
|  Total CPU time:           75.77 seconds     0.02 hours

|  Setup wall time:           0    seconds
|  NonSetup wall time:       76    seconds
|  Total wall time:          76    seconds     0.02 hours
