
          -------------------------------------------------------
          Amber 16 PMEMD                              2016
          -------------------------------------------------------

| PMEMD implementation of SANDER, Release 16

| Run on 06/20/2017 at 00:46:14

|   Executable path: pmemd.cuda
| Working directory: /home/german/alex/run/5rm/mhe/e
|          Hostname: Unknown
  [-O]verwriting output

File Assignments:
|   MDIN: 13equ.in                                                              
|  MDOUT: 13equ.out                                                             
| INPCRD: 12e5rm.rst7                                                           
|   PARM: /home/german/alex/top_files/5rm.prmtop                                
| RESTRT: 13e5rm.rst7                                                           
|   REFC: 12e5rm.rst7                                                           
|  MDVEL: mdvel                                                                 
|   MDEN: mden                                                                  
|  MDCRD: 13e5rm.nc                                                             
| MDINFO: mdinfo                                                                
|  MDFRC: mdfrc                                                                 


 Here is the input file:

Equilibration with solute restrictions                                         
&cntrl                                                                         
imin = 0,                           ! No Minimization                          
nmropt = 0,                         ! No NMR restraints read                   
                                                                               
! Nature and format of the input                                               
ntx = 5,                            ! Coordinates but no velocities will be rea
irest = 1,                          ! Do not run a new simulation              
                                                                               
! Nature and format of the output                                              
ntxo = 1,                           ! rstrt file in ASCII format               
ntpr = 500,                         ! inf in output every ntpr steps           
ntwr = 500,                         ! rstrt file every ntwr steps              
ntwx = 500,                         ! mdcrd file every ntwx steps              
ntwv = 0,                           ! mdvel without velocities                 
ntwe = 0,                           ! Energies and temperatures not written in 
idecomp = 0,                        ! No energy decomposition                  
iwrap = 1,                          ! Coordinates of the restart and mdcrd file
                                                                               
! Frozen or restrained atoms                                                   
ibelly = 0,                         ! No frozen atoms                          
ntr=1,                              ! Harmonic potential restraints            
restraint_wt = 3.0,                ! The weight for the positional restraints  
restraintmask = ':1-49@N,CA,C,O',  ! restrained residues                       
                                                                               
! Molecular dynamics                                                           
nstlim = 50000,                     ! Number of MD-steps                       
dt = 0.002,                         ! Time step                                
                                                                               
! Temperature regulation                                                       
ntt = 3,                            ! Langevin thermostat                      
gamma_ln = 5,                       ! Gamma constant for Langevin              
!temp0 = 300.0,                     ! Reference T at which the system is to be 
tempi = 300.0,                      ! Initial T                                
ig = -1,                            ! Seed for the RNG                         
                                                                               
! P and V regulation                                                           
ntp = 1,                            ! Constant P. Isotropic scaling            
barostat = 1,                       ! Berendsen barostat                       
taup = 1,                           ! Pressure relaxation time                 
nrespa = 1,                         ! Evaluate at each step                    
ntb = 2,                            ! Periodic box for constant P              
                                                                               
! SHAKE variables                                                              
ntc = 2,                            ! Bonds involving H are constrained        
ntf = 2,                            ! Bond interaction involving H are ommited.
                                                                               
cut = 10.0,                         ! Nonbonded cutoff                         
/                                                                              
&end                                                                           


Note: ig = -1. Setting random seed to   972977 based on wallclock time in 
      microseconds.
 
|--------------------- INFORMATION ----------------------
| GPU (CUDA) Version of PMEMD in use: NVIDIA GPU IN USE.
|                    Version 16.0.0
| 
|                      02/25/2016
| 
| Implementation by:
|                    Ross C. Walker     (SDSC)
|                    Scott Le Grand     (nVIDIA)
| 
| Precision model in use:
|      [SPFP] - Single Precision Forces, 64-bit Fixed Point
|               Accumulation. (Default)
| 
|--------------------------------------------------------
 
|----------------- CITATION INFORMATION -----------------
|
|    When publishing work that utilized the CUDA version
|    of AMBER, please cite the following in addition to
|    the regular AMBER citations:
|
|  - Romelia Salomon-Ferrer; Andreas W. Goetz; Duncan
|    Poole; Scott Le Grand; Ross C. Walker "Routine
|    microsecond molecular dynamics simulations with
|    AMBER - Part II: Particle Mesh Ewald", J. Chem.
|    Theory Comput., 2013, 9 (9), pp3878-3888,
|    DOI: 10.1021/ct400314y.
|
|  - Andreas W. Goetz; Mark J. Williamson; Dong Xu;
|    Duncan Poole; Scott Le Grand; Ross C. Walker
|    "Routine microsecond molecular dynamics simulations
|    with AMBER - Part I: Generalized Born", J. Chem.
|    Theory Comput., 2012, 8 (5), pp1542-1555.
|
|  - Scott Le Grand; Andreas W. Goetz; Ross C. Walker
|    "SPFP: Speed without compromise - a mixed precision
|    model for GPU accelerated molecular dynamics
|    simulations.", Comp. Phys. Comm., 2013, 184
|    pp374-380, DOI: 10.1016/j.cpc.2012.09.022
|
|--------------------------------------------------------
 
|------------------- GPU DEVICE INFO --------------------
|
|            CUDA_VISIBLE_DEVICES: 0
|   CUDA Capable Devices Detected:      1
|           CUDA Device ID in use:      0
|                CUDA Device Name: GeForce GTX 1060 6GB
|     CUDA Device Global Mem Size:   6072 MB
| CUDA Device Num Multiprocessors:     10
|           CUDA Device Core Freq:   1.76 GHz
|
|--------------------------------------------------------
 
 
| Conditional Compilation Defines Used:
| PUBFFT
| BINTRAJ
| CUDA
| EMIL

| Largest sphere to fit in unit cell has radius =    21.630

| New format PARM file being parsed.
| Version =    1.000 Date = 06/17/17 Time = 14:34:14

| Note: 1-4 EEL scale factors are being read from the topology file.

| Note: 1-4 VDW scale factors are being read from the topology file.
| Duplicated    0 dihedrals

| Duplicated    0 dihedrals

--------------------------------------------------------------------------------
   1.  RESOURCE   USE: 
--------------------------------------------------------------------------------

 getting new box info from bottom of inpcrd
 NATOM  =   11377 NTYPES =      17 NBONH =   10980 MBONA  =     402
 NTHETH =     874 MTHETA =     539 NPHIH =    1768 MPHIA  =    1685
 NHPARM =       0 NPARM  =       0 NNB   =   18411 NRES   =    3584
 NBONA  =     402 NTHETA =     539 NPHIA =    1685 NUMBND =      67
 NUMANG =     152 NPTRA  =     191 NATYP =      36 NPHB   =       1
 IFBOX  =       2 NMXRS  =      25 IFCAP =       0 NEXTRA =       0
 NCOPY  =       0

| Coordinate Index Table dimensions:     8    8    8
| Direct force subcell size =     6.6227    6.6227    6.6227

     BOX TYPE: TRUNCATED OCTAHEDRON

--------------------------------------------------------------------------------
   2.  CONTROL  DATA  FOR  THE  RUN
--------------------------------------------------------------------------------

default_name                                                                    

General flags:
     imin    =       0, nmropt  =       0

Nature and format of input:
     ntx     =       5, irest   =       1, ntrx    =       1

Nature and format of output:
     ntxo    =       1, ntpr    =     500, ntrx    =       1, ntwr    =     500
     iwrap   =       1, ntwx    =     500, ntwv    =       0, ntwe    =       0
     ioutfm  =       1, ntwprt  =       0, idecomp =       0, rbornstat=      0

Potential function:
     ntf     =       2, ntb     =       2, igb     =       0, nsnb    =      25
     ipol    =       0, gbsa    =       0, iesp    =       0
     dielc   =   1.00000, cut     =  10.00000, intdiel =   1.00000

Frozen or restrained atoms:
     ibelly  =       0, ntr     =       1
     restraint_wt =   3.00000

Molecular dynamics:
     nstlim  =     50000, nscm    =         0, nrespa  =         1
     t       =   0.00000, dt      =   0.00200, vlimit  =  -1.00000

Langevin dynamics temperature regulation:
     ig      =  972977
     temp0   = 300.00000, tempi   = 300.00000, gamma_ln=   5.00000

Pressure regulation:
     ntp     =       1
     pres0   =   1.00000, comp    =  44.60000, taup    =   1.00000

SHAKE:
     ntc     =       2, jfastw  =       0
     tol     =   0.00001

| Intermolecular bonds treatment:
|     no_intermolecular_bonds =       1

| Energy averages sample interval:
|     ene_avg_sampling =     500

Ewald parameters:
     verbose =       0, ew_type =       0, nbflag  =       1, use_pme =       1
     vdwmeth =       1, eedmeth =       1, netfrc  =       1
     Box X =   52.981   Box Y =   52.981   Box Z =   52.981
     Alpha =  109.471   Beta  =  109.471   Gamma =  109.471
     NFFT1 =   56       NFFT2 =   56       NFFT3 =   56
     Cutoff=   10.000   Tol   =0.100E-04
     Ewald Coefficient =  0.27511
     Interpolation order =    4

    LOADING THE CONSTRAINED ATOMS AS GROUPS


   5.  REFERENCE ATOM COORDINATES

  default_name                                                                    
     Mask :1-49@N,CA,C,O; matches   196 atoms

--------------------------------------------------------------------------------
   3.  ATOMIC COORDINATES AND VELOCITIES
--------------------------------------------------------------------------------

default_name                                                                    
 begin time read from input coords =  1340.000 ps

 
 Number of triangulated 3-point waters found:     3532

     Sum of charges from parm topology file =  -0.00000003
     Forcing neutrality...

| Dynamic Memory, Types Used:
| Reals              631529
| Integers           358688

| Nonbonded Pairs Initial Allocation:     3441258

| GPU memory information (estimate):
| KB of GPU memory in use:     84598
| KB of CPU memory in use:     17494

--------------------------------------------------------------------------------
   4.  RESULTS
--------------------------------------------------------------------------------

 ---------------------------------------------------
 APPROXIMATING switch and d/dx switch using CUBIC SPLINE INTERPOLATION
 using   5000.0 points per unit in tabled values
 TESTING RELATIVE ERROR over r ranging from 0.0 to cutoff
| CHECK switch(x): max rel err =   0.2738E-14   at   2.422500
| CHECK d/dx switch(x): max rel err =   0.8314E-11   at   2.736960
 ---------------------------------------------------
|---------------------------------------------------
| APPROXIMATING direct energy using CUBIC SPLINE INTERPOLATION
|  with   50.0 points per unit in tabled values
| Relative Error Limit not exceeded for r .gt.   2.33
| APPROXIMATING direct force using CUBIC SPLINE INTERPOLATION
|  with   50.0 points per unit in tabled values
| Relative Error Limit not exceeded for r .gt.   2.80
|---------------------------------------------------
wrapping first mol.:       17.63260       24.93626       43.19087
wrapping first mol.:       17.63260       24.93626       43.19087

 NSTEP =      500   TIME(PS) =    1341.000  TEMP(K) =   296.63  PRESS =     8.6
 Etot   =    -28357.5427  EKtot   =      6823.3198  EPtot      =    -35180.8625
 BOND   =       161.1060  ANGLE   =       420.4647  DIHED      =       615.3428
 1-4 NB =       164.2648  1-4 EEL =      2434.2717  VDWAALS    =      4622.1324
 EELEC  =    -43629.6534  EHBOND  =         0.0000  RESTRAINT  =        31.2085
 EAMBER (non-restraint)  =    -35212.0709
 EKCMT  =      3190.2753  VIRIAL  =      3169.0815  VOLUME     =    113943.7607
                                                    Density    =         1.0112
 ------------------------------------------------------------------------------

wrapping first mol.:       17.62862       24.93063       43.18111
wrapping first mol.:       17.62862       24.93063       43.18111

 NSTEP =     1000   TIME(PS) =    1342.000  TEMP(K) =   298.45  PRESS =  -227.0
 Etot   =    -28506.3953  EKtot   =      6865.1489  EPtot      =    -35371.5442
 BOND   =       153.0955  ANGLE   =       380.8757  DIHED      =       636.4246
 1-4 NB =       168.6987  1-4 EEL =      2389.9852  VDWAALS    =      4575.1933
 EELEC  =    -43711.1143  EHBOND  =         0.0000  RESTRAINT  =        35.2971
 EAMBER (non-restraint)  =    -35406.8413
 EKCMT  =      3138.2833  VIRIAL  =      3696.5021  VOLUME     =    113868.9295
                                                    Density    =         1.0119
 ------------------------------------------------------------------------------

wrapping first mol.:       17.61626       24.91315       43.15083
wrapping first mol.:       17.61626       24.91315       43.15083

 NSTEP =     1500   TIME(PS) =    1343.000  TEMP(K) =   298.71  PRESS =   -65.5
 Etot   =    -28501.8509  EKtot   =      6871.0361  EPtot      =    -35372.8871
 BOND   =       151.6692  ANGLE   =       400.5069  DIHED      =       632.9129
 1-4 NB =       164.6229  1-4 EEL =      2405.0783  VDWAALS    =      4658.4140
 EELEC  =    -43822.4330  EHBOND  =         0.0000  RESTRAINT  =        36.3418
 EAMBER (non-restraint)  =    -35409.2289
 EKCMT  =      3182.9487  VIRIAL  =      3343.6710  VOLUME     =    113627.9426
                                                    Density    =         1.0140
 ------------------------------------------------------------------------------

wrapping first mol.:       17.62382       24.92385       43.16936
wrapping first mol.:       17.62382       24.92385       43.16936

 NSTEP =     2000   TIME(PS) =    1344.000  TEMP(K) =   295.86  PRESS =    84.0
 Etot   =    -28539.7865  EKtot   =      6805.5479  EPtot      =    -35345.3344
 BOND   =       156.8258  ANGLE   =       380.9065  DIHED      =       622.9494
 1-4 NB =       163.0657  1-4 EEL =      2434.7030  VDWAALS    =      4656.6488
 EELEC  =    -43795.4192  EHBOND  =         0.0000  RESTRAINT  =        34.9857
 EAMBER (non-restraint)  =    -35380.3201
 EKCMT  =      3168.9564  VIRIAL  =      2962.5375  VOLUME     =    113772.8548
                                                    Density    =         1.0127
 ------------------------------------------------------------------------------

wrapping first mol.:       17.61461       24.91082       43.14680
wrapping first mol.:       17.61461       24.91082       43.14680

 NSTEP =     2500   TIME(PS) =    1345.000  TEMP(K) =   299.71  PRESS =    23.6
 Etot   =    -28407.0539  EKtot   =      6894.1777  EPtot      =    -35301.2316
 BOND   =       147.7225  ANGLE   =       403.4175  DIHED      =       614.1105
 1-4 NB =       178.8548  1-4 EEL =      2416.5488  VDWAALS    =      4538.2370
 EELEC  =    -43632.6875  EHBOND  =         0.0000  RESTRAINT  =        32.5648
 EAMBER (non-restraint)  =    -35333.7964
 EKCMT  =      3131.5647  VIRIAL  =      3073.7093  VOLUME     =    113595.1288
                                                    Density    =         1.0143
 ------------------------------------------------------------------------------

wrapping first mol.:       17.62138       24.92040       43.16340
wrapping first mol.:       17.62138       24.92040       43.16340

 NSTEP =     3000   TIME(PS) =    1346.000  TEMP(K) =   302.98  PRESS =   222.5
 Etot   =    -28386.3874  EKtot   =      6969.4316  EPtot      =    -35355.8190
 BOND   =       148.2598  ANGLE   =       393.5713  DIHED      =       620.2595
 1-4 NB =       163.4927  1-4 EEL =      2425.3923  VDWAALS    =      4735.6831
 EELEC  =    -43875.3129  EHBOND  =         0.0000  RESTRAINT  =        32.8351
 EAMBER (non-restraint)  =    -35388.6541
 EKCMT  =      3211.1963  VIRIAL  =      2664.7439  VOLUME     =    113724.2868
                                                    Density    =         1.0132
 ------------------------------------------------------------------------------

wrapping first mol.:       17.63847       24.94456       43.20524
wrapping first mol.:       17.63847       24.94456       43.20524

 NSTEP =     3500   TIME(PS) =    1347.000  TEMP(K) =   301.66  PRESS =   111.2
 Etot   =    -28097.3846  EKtot   =      6939.1113  EPtot      =    -35036.4960
 BOND   =       148.9016  ANGLE   =       414.7270  DIHED      =       622.8203
 1-4 NB =       164.2008  1-4 EEL =      2439.3314  VDWAALS    =      4492.5742
 EELEC  =    -43351.3417  EHBOND  =         0.0000  RESTRAINT  =        32.2905
 EAMBER (non-restraint)  =    -35068.7865
 EKCMT  =      3179.2524  VIRIAL  =      2905.3789  VOLUME     =    114056.4790
                                                    Density    =         1.0102
 ------------------------------------------------------------------------------

wrapping first mol.:       17.63255       24.93619       43.19074
wrapping first mol.:       17.63255       24.93619       43.19074

 NSTEP =     4000   TIME(PS) =    1348.000  TEMP(K) =   296.36  PRESS =    73.1
 Etot   =    -28348.4049  EKtot   =      6817.0889  EPtot      =    -35165.4937
 BOND   =       151.4063  ANGLE   =       420.2682  DIHED      =       626.3850
 1-4 NB =       171.7180  1-4 EEL =      2398.7415  VDWAALS    =      4620.1450
 EELEC  =    -43590.4932  EHBOND  =         0.0000  RESTRAINT  =        36.3355
 EAMBER (non-restraint)  =    -35201.8293
 EKCMT  =      3123.7237  VIRIAL  =      2943.9584  VOLUME     =    113942.0391
                                                    Density    =         1.0112
 ------------------------------------------------------------------------------

wrapping first mol.:       17.63723       24.94280       43.20220
wrapping first mol.:       17.63723       24.94280       43.20220

 NSTEP =     4500   TIME(PS) =    1349.000  TEMP(K) =   293.15  PRESS =   -92.3
 Etot   =    -28519.9832  EKtot   =      6743.3555  EPtot      =    -35263.3387
 BOND   =       157.6680  ANGLE   =       403.1650  DIHED      =       620.1763
 1-4 NB =       172.9986  1-4 EEL =      2406.1184  VDWAALS    =      4655.7041
 EELEC  =    -43715.9574  EHBOND  =         0.0000  RESTRAINT  =        36.7882
 EAMBER (non-restraint)  =    -35300.1270
 EKCMT  =      3135.1321  VIRIAL  =      3362.2957  VOLUME     =    114034.4583
                                                    Density    =         1.0104
 ------------------------------------------------------------------------------

wrapping first mol.:       17.62479       24.92522       43.17174
wrapping first mol.:       17.62479       24.92522       43.17174

 NSTEP =     5000   TIME(PS) =    1350.000  TEMP(K) =   302.92  PRESS =    94.8
 Etot   =    -28276.8335  EKtot   =      6968.0322  EPtot      =    -35244.8657
 BOND   =       162.9373  ANGLE   =       400.0769  DIHED      =       617.9650
 1-4 NB =       150.1191  1-4 EEL =      2414.6395  VDWAALS    =      4571.5269
 EELEC  =    -43602.9167  EHBOND  =         0.0000  RESTRAINT  =        40.7861
 EAMBER (non-restraint)  =    -35285.6518
 EKCMT  =      3171.9250  VIRIAL  =      2939.0764  VOLUME     =    113791.5265
                                                    Density    =         1.0126
 ------------------------------------------------------------------------------

wrapping first mol.:       17.64204       24.94962       43.21400
wrapping first mol.:       17.64204       24.94962       43.21400

 NSTEP =     5500   TIME(PS) =    1351.000  TEMP(K) =   298.93  PRESS =    57.3
 Etot   =    -28303.1479  EKtot   =      6876.0986  EPtot      =    -35179.2465
 BOND   =       151.9796  ANGLE   =       393.7748  DIHED      =       627.6945
 1-4 NB =       171.6007  1-4 EEL =      2414.3863  VDWAALS    =      4583.5910
 EELEC  =    -43558.6570  EHBOND  =         0.0000  RESTRAINT  =        36.3836
 EAMBER (non-restraint)  =    -35215.6301
 EKCMT  =      3226.0176  VIRIAL  =      3084.9240  VOLUME     =    114126.4395
                                                    Density    =         1.0096
 ------------------------------------------------------------------------------

wrapping first mol.:       17.63575       24.94072       43.19858
wrapping first mol.:       17.63575       24.94072       43.19858

 NSTEP =     6000   TIME(PS) =    1352.000  TEMP(K) =   304.25  PRESS =  -346.5
 Etot   =    -28124.7351  EKtot   =      6998.6890  EPtot      =    -35123.4241
 BOND   =       138.9335  ANGLE   =       411.8271  DIHED      =       621.7806
 1-4 NB =       164.4628  1-4 EEL =      2414.1879  VDWAALS    =      4461.1330
 EELEC  =    -43369.2448  EHBOND  =         0.0000  RESTRAINT  =        33.4958
 EAMBER (non-restraint)  =    -35156.9199
 EKCMT  =      3191.9298  VIRIAL  =      4044.7495  VOLUME     =    114008.4197
                                                    Density    =         1.0106
 ------------------------------------------------------------------------------

wrapping first mol.:       17.62921       24.93147       43.18256
wrapping first mol.:       17.62921       24.93147       43.18256

 NSTEP =     6500   TIME(PS) =    1353.000  TEMP(K) =   304.02  PRESS =  -311.2
 Etot   =    -28249.9792  EKtot   =      6993.2012  EPtot      =    -35243.1804
 BOND   =       153.5351  ANGLE   =       387.2003  DIHED      =       612.9899
 1-4 NB =       171.0241  1-4 EEL =      2406.9110  VDWAALS    =      4461.0299
 EELEC  =    -43479.6845  EHBOND  =         0.0000  RESTRAINT  =        43.8139
 EAMBER (non-restraint)  =    -35286.9943
 EKCMT  =      3252.8693  VIRIAL  =      4017.9589  VOLUME     =    113881.2785
                                                    Density    =         1.0118
 ------------------------------------------------------------------------------

wrapping first mol.:       17.61783       24.91538       43.15470
wrapping first mol.:       17.61783       24.91538       43.15470

 NSTEP =     7000   TIME(PS) =    1354.000  TEMP(K) =   297.69  PRESS =   174.7
 Etot   =    -28296.7632  EKtot   =      6847.6162  EPtot      =    -35144.3794
 BOND   =       144.9900  ANGLE   =       379.9022  DIHED      =       631.6513
 1-4 NB =       177.8076  1-4 EEL =      2415.3361  VDWAALS    =      4708.8856
 EELEC  =    -43636.0147  EHBOND  =         0.0000  RESTRAINT  =        33.0625
 EAMBER (non-restraint)  =    -35177.4419
 EKCMT  =      3078.1680  VIRIAL  =      2649.4660  VOLUME     =    113656.0113
                                                    Density    =         1.0138
 ------------------------------------------------------------------------------

wrapping first mol.:       17.62459       24.92493       43.17125
wrapping first mol.:       17.62459       24.92493       43.17125

 NSTEP =     7500   TIME(PS) =    1355.000  TEMP(K) =   298.65  PRESS =   -65.2
 Etot   =    -28402.2998  EKtot   =      6869.8320  EPtot      =    -35272.1318
 BOND   =       162.1702  ANGLE   =       411.4153  DIHED      =       631.1672
 1-4 NB =       162.4624  1-4 EEL =      2414.5423  VDWAALS    =      4599.8914
 EELEC  =    -43691.6147  EHBOND  =         0.0000  RESTRAINT  =        37.8341
 EAMBER (non-restraint)  =    -35309.9659
 EKCMT  =      3130.0996  VIRIAL  =      3290.2201  VOLUME     =    113789.2598
                                                    Density    =         1.0126
 ------------------------------------------------------------------------------

wrapping first mol.:       17.63218       24.93566       43.18983
wrapping first mol.:       17.63218       24.93566       43.18983

 NSTEP =     8000   TIME(PS) =    1356.000  TEMP(K) =   300.16  PRESS =    91.7
 Etot   =    -28428.4207  EKtot   =      6904.6123  EPtot      =    -35333.0330
 BOND   =       156.4150  ANGLE   =       383.6309  DIHED      =       620.1863
 1-4 NB =       167.3051  1-4 EEL =      2409.4698  VDWAALS    =      4637.0691
 EELEC  =    -43741.2906  EHBOND  =         0.0000  RESTRAINT  =        34.1814
 EAMBER (non-restraint)  =    -35367.2143
 EKCMT  =      3166.7566  VIRIAL  =      2941.1177  VOLUME     =    113934.6807
                                                    Density    =         1.0113
 ------------------------------------------------------------------------------

wrapping first mol.:       17.64011       24.94689       43.20927
wrapping first mol.:       17.64011       24.94689       43.20927

 NSTEP =     8500   TIME(PS) =    1357.000  TEMP(K) =   301.84  PRESS =   102.6
 Etot   =    -28272.1134  EKtot   =      6943.1753  EPtot      =    -35215.2886
 BOND   =       152.8061  ANGLE   =       408.8984  DIHED      =       623.2626
 1-4 NB =       165.1046  1-4 EEL =      2395.0684  VDWAALS    =      4651.9327
 EELEC  =    -43649.2937  EHBOND  =         0.0000  RESTRAINT  =        36.9321
 EAMBER (non-restraint)  =    -35252.2207
 EKCMT  =      3171.9986  VIRIAL  =      2919.3119  VOLUME     =    114088.5014
                                                    Density    =         1.0099
 ------------------------------------------------------------------------------

wrapping first mol.:       17.63328       24.93722       43.19253
wrapping first mol.:       17.63328       24.93722       43.19253

 NSTEP =     9000   TIME(PS) =    1358.000  TEMP(K) =   301.65  PRESS =    91.6
 Etot   =    -28447.5401  EKtot   =      6938.8613  EPtot      =    -35386.4014
 BOND   =       153.4418  ANGLE   =       404.0394  DIHED      =       619.6258
 1-4 NB =       171.4556  1-4 EEL =      2425.6318  VDWAALS    =      4673.2792
 EELEC  =    -43865.5815  EHBOND  =         0.0000  RESTRAINT  =        31.7065
 EAMBER (non-restraint)  =    -35418.1079
 EKCMT  =      3129.7684  VIRIAL  =      2904.4913  VOLUME     =    113956.0175
                                                    Density    =         1.0111
 ------------------------------------------------------------------------------

wrapping first mol.:       17.65842       24.97277       43.25411
wrapping first mol.:       17.65842       24.97277       43.25411

 NSTEP =     9500   TIME(PS) =    1359.000  TEMP(K) =   297.39  PRESS =  -223.7
 Etot   =    -28350.9902  EKtot   =      6840.8862  EPtot      =    -35191.8764
 BOND   =       162.2900  ANGLE   =       404.8996  DIHED      =       627.5399
 1-4 NB =       165.1205  1-4 EEL =      2408.6955  VDWAALS    =      4650.6446
 EELEC  =    -43643.3007  EHBOND  =         0.0000  RESTRAINT  =        32.2341
 EAMBER (non-restraint)  =    -35224.1105
 EKCMT  =      3145.3022  VIRIAL  =      3698.1637  VOLUME     =    114447.3481
                                                    Density    =         1.0068
 ------------------------------------------------------------------------------

wrapping first mol.:       17.64382       24.95213       43.21835
wrapping first mol.:       17.64382       24.95213       43.21835

 NSTEP =    10000   TIME(PS) =    1360.000  TEMP(K) =   303.05  PRESS =     9.2
 Etot   =    -28305.2709  EKtot   =      6970.9575  EPtot      =    -35276.2284
 BOND   =       149.5331  ANGLE   =       418.9411  DIHED      =       637.0883
 1-4 NB =       171.7058  1-4 EEL =      2409.4611  VDWAALS    =      4672.2078
 EELEC  =    -43769.3435  EHBOND  =         0.0000  RESTRAINT  =        34.1779
 EAMBER (non-restraint)  =    -35310.4063
 EKCMT  =      3147.4753  VIRIAL  =      3124.7902  VOLUME     =    114161.4030
                                                    Density    =         1.0093
 ------------------------------------------------------------------------------

wrapping first mol.:       17.63561       24.94051       43.19823
wrapping first mol.:       17.63561       24.94051       43.19823

 NSTEP =    10500   TIME(PS) =    1361.000  TEMP(K) =   302.97  PRESS =   194.3
 Etot   =    -28307.9154  EKtot   =      6969.1099  EPtot      =    -35277.0252
 BOND   =       142.5008  ANGLE   =       415.7556  DIHED      =       606.9883
 1-4 NB =       160.6428  1-4 EEL =      2395.7193  VDWAALS    =      4630.1951
 EELEC  =    -43670.9127  EHBOND  =         0.0000  RESTRAINT  =        42.0856
 EAMBER (non-restraint)  =    -35319.1108
 EKCMT  =      3224.9667  VIRIAL  =      2746.6312  VOLUME     =    114000.1345
                                                    Density    =         1.0107
 ------------------------------------------------------------------------------

wrapping first mol.:       17.64596       24.95516       43.22361
wrapping first mol.:       17.64596       24.95516       43.22361

 NSTEP =    11000   TIME(PS) =    1362.000  TEMP(K) =   300.24  PRESS =   192.0
 Etot   =    -28375.8118  EKtot   =      6906.4072  EPtot      =    -35282.2191
 BOND   =       136.9235  ANGLE   =       429.7231  DIHED      =       606.8431
 1-4 NB =       180.7241  1-4 EEL =      2415.5609  VDWAALS    =      4654.6908
 EELEC  =    -43749.2986  EHBOND  =         0.0000  RESTRAINT  =        42.6141
 EAMBER (non-restraint)  =    -35324.8332
 EKCMT  =      3174.6423  VIRIAL  =      2701.1102  VOLUME     =    114201.1616
                                                    Density    =         1.0089
 ------------------------------------------------------------------------------

wrapping first mol.:       17.65205       24.96377       43.23851
wrapping first mol.:       17.65205       24.96377       43.23851

 NSTEP =    11500   TIME(PS) =    1363.000  TEMP(K) =   301.37  PRESS =  -215.3
 Etot   =    -28288.1639  EKtot   =      6932.2700  EPtot      =    -35220.4339
 BOND   =       152.8808  ANGLE   =       403.4031  DIHED      =       613.6981
 1-4 NB =       159.8569  1-4 EEL =      2418.4963  VDWAALS    =      4608.1118
 EELEC  =    -43611.1502  EHBOND  =         0.0000  RESTRAINT  =        34.2691
 EAMBER (non-restraint)  =    -35254.7031
 EKCMT  =      3156.9103  VIRIAL  =      3688.2786  VOLUME     =    114323.4870
                                                    Density    =         1.0079
 ------------------------------------------------------------------------------

wrapping first mol.:       17.64181       24.94928       43.21342
wrapping first mol.:       17.64181       24.94928       43.21342

 NSTEP =    12000   TIME(PS) =    1364.000  TEMP(K) =   298.72  PRESS =   303.1
 Etot   =    -28371.8517  EKtot   =      6871.3936  EPtot      =    -35243.2453
 BOND   =       156.1008  ANGLE   =       384.8394  DIHED      =       628.8308
 1-4 NB =       168.5667  1-4 EEL =      2415.0141  VDWAALS    =      4710.4546
 EELEC  =    -43748.4005  EHBOND  =         0.0000  RESTRAINT  =        41.3489
 EAMBER (non-restraint)  =    -35284.5941
 EKCMT  =      3160.1991  VIRIAL  =      2413.4523  VOLUME     =    114119.3505
                                                    Density    =         1.0097
 ------------------------------------------------------------------------------

wrapping first mol.:       17.66344       24.97988       43.26641
wrapping first mol.:       17.66344       24.97988       43.26641

 NSTEP =    12500   TIME(PS) =    1365.000  TEMP(K) =   300.75  PRESS =  -220.7
 Etot   =    -28306.3818  EKtot   =      6917.9854  EPtot      =    -35224.3672
 BOND   =       162.4519  ANGLE   =       395.6742  DIHED      =       634.4025
 1-4 NB =       173.1959  1-4 EEL =      2421.7323  VDWAALS    =      4558.9244
 EELEC  =    -43603.3050  EHBOND  =         0.0000  RESTRAINT  =        32.5564
 EAMBER (non-restraint)  =    -35256.9236
 EKCMT  =      3191.3098  VIRIAL  =      3737.1755  VOLUME     =    114545.0281
                                                    Density    =         1.0059
 ------------------------------------------------------------------------------

wrapping first mol.:       17.63175       24.93506       43.18879
wrapping first mol.:       17.63175       24.93506       43.18879

 NSTEP =    13000   TIME(PS) =    1366.000  TEMP(K) =   302.27  PRESS =  -229.1
 Etot   =    -28208.7178  EKtot   =      6953.0469  EPtot      =    -35161.7646
 BOND   =       160.6317  ANGLE   =       399.0920  DIHED      =       609.6564
 1-4 NB =       174.0494  1-4 EEL =      2437.9579  VDWAALS    =      4551.6840
 EELEC  =    -43527.1341  EHBOND  =         0.0000  RESTRAINT  =        32.2981
 EAMBER (non-restraint)  =    -35194.0627
 EKCMT  =      3202.0659  VIRIAL  =      3765.6895  VOLUME     =    113929.7040
                                                    Density    =         1.0113
 ------------------------------------------------------------------------------

wrapping first mol.:       17.64425       24.95273       43.21940
wrapping first mol.:       17.64425       24.95273       43.21940

 NSTEP =    13500   TIME(PS) =    1367.000  TEMP(K) =   298.36  PRESS =   105.9
 Etot   =    -28443.4262  EKtot   =      6863.1226  EPtot      =    -35306.5487
 BOND   =       139.7464  ANGLE   =       381.0328  DIHED      =       637.7775
 1-4 NB =       167.6960  1-4 EEL =      2431.7698  VDWAALS    =      4769.1727
 EELEC  =    -43882.2087  EHBOND  =         0.0000  RESTRAINT  =        48.4647
 EAMBER (non-restraint)  =    -35355.0134
 EKCMT  =      3178.7187  VIRIAL  =      2917.6572  VOLUME     =    114168.7122
                                                    Density    =         1.0092
 ------------------------------------------------------------------------------

wrapping first mol.:       17.66020       24.97529       43.25847
wrapping first mol.:       17.66020       24.97529       43.25847

 NSTEP =    14000   TIME(PS) =    1368.000  TEMP(K) =   296.54  PRESS =  -314.7
 Etot   =    -28484.0668  EKtot   =      6821.2412  EPtot      =    -35305.3080
 BOND   =       166.6570  ANGLE   =       392.8583  DIHED      =       616.1559
 1-4 NB =       168.4821  1-4 EEL =      2411.8954  VDWAALS    =      4576.2767
 EELEC  =    -43677.7678  EHBOND  =         0.0000  RESTRAINT  =        40.1345
 EAMBER (non-restraint)  =    -35345.4425
 EKCMT  =      3089.7913  VIRIAL  =      3867.6827  VOLUME     =    114482.8755
                                                    Density    =         1.0065
 ------------------------------------------------------------------------------

wrapping first mol.:       17.65029       24.96128       43.23420
wrapping first mol.:       17.65029       24.96128       43.23420

 NSTEP =    14500   TIME(PS) =    1369.000  TEMP(K) =   299.92  PRESS =  -286.5
 Etot   =    -28449.7132  EKtot   =      6899.0918  EPtot      =    -35348.8050
 BOND   =       133.9958  ANGLE   =       395.8117  DIHED      =       603.8367
 1-4 NB =       173.4529  1-4 EEL =      2437.2972  VDWAALS    =      4557.1546
 EELEC  =    -43681.8444  EHBOND  =         0.0000  RESTRAINT  =        31.4905
 EAMBER (non-restraint)  =    -35380.2955
 EKCMT  =      3163.8597  VIRIAL  =      3870.7899  VOLUME     =    114290.0096
                                                    Density    =         1.0082
 ------------------------------------------------------------------------------

wrapping first mol.:       17.63211       24.93557       43.18967
wrapping first mol.:       17.63211       24.93557       43.18967

 NSTEP =    15000   TIME(PS) =    1370.000  TEMP(K) =   300.00  PRESS =  -172.4
 Etot   =    -28418.4629  EKtot   =      6900.7402  EPtot      =    -35319.2031
 BOND   =       153.1840  ANGLE   =       393.1228  DIHED      =       620.6009
 1-4 NB =       168.6149  1-4 EEL =      2423.6054  VDWAALS    =      4557.5251
 EELEC  =    -43672.0158  EHBOND  =         0.0000  RESTRAINT  =        36.1597
 EAMBER (non-restraint)  =    -35355.3628
 EKCMT  =      3176.8377  VIRIAL  =      3600.8811  VOLUME     =    113936.1320
                                                    Density    =         1.0113
 ------------------------------------------------------------------------------

wrapping first mol.:       17.62731       24.92878       43.17791
wrapping first mol.:       17.62731       24.92878       43.17791

 NSTEP =    15500   TIME(PS) =    1371.000  TEMP(K) =   296.65  PRESS =   -25.3
 Etot   =    -28385.5220  EKtot   =      6823.7129  EPtot      =    -35209.2349
 BOND   =       145.6527  ANGLE   =       414.7978  DIHED      =       620.1878
 1-4 NB =       165.8115  1-4 EEL =      2412.6489  VDWAALS    =      4615.8240
 EELEC  =    -43631.1623  EHBOND  =         0.0000  RESTRAINT  =        47.0047
 EAMBER (non-restraint)  =    -35256.2395
 EKCMT  =      3133.8439  VIRIAL  =      3196.0464  VOLUME     =    113841.5267
                                                    Density    =         1.0121
 ------------------------------------------------------------------------------

wrapping first mol.:       17.64021       24.94703       43.20952
wrapping first mol.:       17.64021       24.94703       43.20952

 NSTEP =    16000   TIME(PS) =    1372.000  TEMP(K) =   297.78  PRESS =    86.0
 Etot   =    -28420.9376  EKtot   =      6849.8193  EPtot      =    -35270.7569
 BOND   =       151.5377  ANGLE   =       413.8408  DIHED      =       626.7251
 1-4 NB =       173.0352  1-4 EEL =      2419.5526  VDWAALS    =      4635.2214
 EELEC  =    -43726.5504  EHBOND  =         0.0000  RESTRAINT  =        35.8806
 EAMBER (non-restraint)  =    -35306.6375
 EKCMT  =      3139.9922  VIRIAL  =      2928.2555  VOLUME     =    114090.6050
                                                    Density    =         1.0099
 ------------------------------------------------------------------------------

wrapping first mol.:       17.63977       24.94639       43.20842
wrapping first mol.:       17.63977       24.94639       43.20842

 NSTEP =    16500   TIME(PS) =    1373.000  TEMP(K) =   294.36  PRESS =  -141.8
 Etot   =    -28317.8086  EKtot   =      6771.0181  EPtot      =    -35088.8267
 BOND   =       150.0921  ANGLE   =       417.9465  DIHED      =       622.0258
 1-4 NB =       172.3099  1-4 EEL =      2415.9274  VDWAALS    =      4520.2419
 EELEC  =    -43427.6046  EHBOND  =         0.0000  RESTRAINT  =        40.2345
 EAMBER (non-restraint)  =    -35129.0612
 EKCMT  =      3119.1634  VIRIAL  =      3468.4480  VOLUME     =    114084.2358
                                                    Density    =         1.0100
 ------------------------------------------------------------------------------

wrapping first mol.:       17.61472       24.91098       43.14707
wrapping first mol.:       17.61472       24.91098       43.14707

 NSTEP =    17000   TIME(PS) =    1374.000  TEMP(K) =   295.57  PRESS =   -92.0
 Etot   =    -28582.2115  EKtot   =      6798.9414  EPtot      =    -35381.1529
 BOND   =       141.8604  ANGLE   =       395.1680  DIHED      =       628.2325
 1-4 NB =       167.9121  1-4 EEL =      2413.5246  VDWAALS    =      4548.3749
 EELEC  =    -43716.1362  EHBOND  =         0.0000  RESTRAINT  =        39.9107
 EAMBER (non-restraint)  =    -35421.0636
 EKCMT  =      3136.2799  VIRIAL  =      3361.9555  VOLUME     =    113598.4972
                                                    Density    =         1.0143
 ------------------------------------------------------------------------------

wrapping first mol.:       17.63350       24.93754       43.19308
wrapping first mol.:       17.63350       24.93754       43.19308

 NSTEP =    17500   TIME(PS) =    1375.000  TEMP(K) =   299.56  PRESS =  -118.3
 Etot   =    -28407.2800  EKtot   =      6890.6929  EPtot      =    -35297.9729
 BOND   =       151.1247  ANGLE   =       392.9352  DIHED      =       632.6889
 1-4 NB =       175.0905  1-4 EEL =      2407.2075  VDWAALS    =      4537.1130
 EELEC  =    -43631.0034  EHBOND  =         0.0000  RESTRAINT  =        36.8708
 EAMBER (non-restraint)  =    -35334.8436
 EKCMT  =      3133.0294  VIRIAL  =      3424.1663  VOLUME     =    113962.5417
                                                    Density    =         1.0111
 ------------------------------------------------------------------------------

wrapping first mol.:       17.63400       24.93823       43.19429
wrapping first mol.:       17.63400       24.93823       43.19429

 NSTEP =    18000   TIME(PS) =    1376.000  TEMP(K) =   303.25  PRESS =   -10.2
 Etot   =    -28438.1594  EKtot   =      6975.5200  EPtot      =    -35413.6794
 BOND   =       140.9389  ANGLE   =       387.9054  DIHED      =       622.5229
 1-4 NB =       177.7564  1-4 EEL =      2411.1222  VDWAALS    =      4695.4879
 EELEC  =    -43889.4796  EHBOND  =         0.0000  RESTRAINT  =        40.0664
 EAMBER (non-restraint)  =    -35453.7458
 EKCMT  =      3233.9732  VIRIAL  =      3259.0240  VOLUME     =    113970.9849
                                                    Density    =         1.0110
 ------------------------------------------------------------------------------

wrapping first mol.:       17.64601       24.95523       43.22372
wrapping first mol.:       17.64601       24.95523       43.22372

 NSTEP =    18500   TIME(PS) =    1377.000  TEMP(K) =   301.70  PRESS =    88.2
 Etot   =    -28392.8327  EKtot   =      6939.8228  EPtot      =    -35332.6554
 BOND   =       134.7137  ANGLE   =       389.6091  DIHED      =       632.0495
 1-4 NB =       176.0425  1-4 EEL =      2403.2311  VDWAALS    =      4611.5043
 EELEC  =    -43718.7288  EHBOND  =         0.0000  RESTRAINT  =        38.9231
 EAMBER (non-restraint)  =    -35371.5785
 EKCMT  =      3219.4851  VIRIAL  =      3002.0807  VOLUME     =    114203.1430
                                                    Density    =         1.0089
 ------------------------------------------------------------------------------

wrapping first mol.:       17.65372       24.96614       43.24261
wrapping first mol.:       17.65372       24.96614       43.24261

 NSTEP =    19000   TIME(PS) =    1378.000  TEMP(K) =   301.41  PRESS =   223.5
 Etot   =    -28418.5594  EKtot   =      6933.1558  EPtot      =    -35351.7152
 BOND   =       153.8111  ANGLE   =       409.0593  DIHED      =       620.9871
 1-4 NB =       162.5764  1-4 EEL =      2430.3457  VDWAALS    =      4761.3795
 EELEC  =    -43922.6771  EHBOND  =         0.0000  RESTRAINT  =        32.8027
 EAMBER (non-restraint)  =    -35384.5179
 EKCMT  =      3172.4374  VIRIAL  =      2620.5092  VOLUME     =    114351.5616
                                                    Density    =         1.0076
 ------------------------------------------------------------------------------

wrapping first mol.:       17.64807       24.95814       43.22877
wrapping first mol.:       17.64807       24.95814       43.22877

 NSTEP =    19500   TIME(PS) =    1379.000  TEMP(K) =   295.91  PRESS =   -61.3
 Etot   =    -28354.4024  EKtot   =      6806.7993  EPtot      =    -35161.2017
 BOND   =       158.9355  ANGLE   =       374.8508  DIHED      =       618.7133
 1-4 NB =       175.4900  1-4 EEL =      2409.7977  VDWAALS    =      4544.5697
 EELEC  =    -43495.4503  EHBOND  =         0.0000  RESTRAINT  =        51.8916
 EAMBER (non-restraint)  =    -35213.0933
 EKCMT  =      3116.0631  VIRIAL  =      3267.2164  VOLUME     =    114244.6892
                                                    Density    =         1.0086
 ------------------------------------------------------------------------------

wrapping first mol.:       17.64980       24.96058       43.23300
wrapping first mol.:       17.64980       24.96058       43.23300

 NSTEP =    20000   TIME(PS) =    1380.000  TEMP(K) =   303.19  PRESS =   -27.5
 Etot   =    -28252.2220  EKtot   =      6974.1997  EPtot      =    -35226.4217
 BOND   =       160.2614  ANGLE   =       426.5297  DIHED      =       626.6861
 1-4 NB =       170.5568  1-4 EEL =      2396.9994  VDWAALS    =      4568.8118
 EELEC  =    -43614.3253  EHBOND  =         0.0000  RESTRAINT  =        38.0584
 EAMBER (non-restraint)  =    -35264.4801
 EKCMT  =      3214.6942  VIRIAL  =      3282.5401  VOLUME     =    114277.8491
                                                    Density    =         1.0083
 ------------------------------------------------------------------------------

wrapping first mol.:       17.65018       24.96113       43.23394
wrapping first mol.:       17.65018       24.96113       43.23394

 NSTEP =    20500   TIME(PS) =    1381.000  TEMP(K) =   298.57  PRESS =   -93.0
 Etot   =    -28442.7652  EKtot   =      6867.8970  EPtot      =    -35310.6622
 BOND   =       167.5310  ANGLE   =       405.9426  DIHED      =       619.7873
 1-4 NB =       170.2739  1-4 EEL =      2413.5944  VDWAALS    =      4660.2245
 EELEC  =    -43788.6770  EHBOND  =         0.0000  RESTRAINT  =        40.6611
 EAMBER (non-restraint)  =    -35351.3233
 EKCMT  =      3147.8673  VIRIAL  =      3377.2633  VOLUME     =    114285.9915
                                                    Density    =         1.0082
 ------------------------------------------------------------------------------

wrapping first mol.:       17.64819       24.95830       43.22905
wrapping first mol.:       17.64819       24.95830       43.22905

 NSTEP =    21000   TIME(PS) =    1382.000  TEMP(K) =   298.14  PRESS =    72.6
 Etot   =    -28284.1250  EKtot   =      6857.9526  EPtot      =    -35142.0777
 BOND   =       161.4798  ANGLE   =       403.0792  DIHED      =       628.4435
 1-4 NB =       173.6955  1-4 EEL =      2390.4648  VDWAALS    =      4589.8632
 EELEC  =    -43528.3167  EHBOND  =         0.0000  RESTRAINT  =        39.2129
 EAMBER (non-restraint)  =    -35181.2905
 EKCMT  =      3142.3712  VIRIAL  =      2963.2626  VOLUME     =    114245.5261
                                                    Density    =         1.0086
 ------------------------------------------------------------------------------

wrapping first mol.:       17.63050       24.93329       43.18573
wrapping first mol.:       17.63050       24.93329       43.18573

 NSTEP =    21500   TIME(PS) =    1383.000  TEMP(K) =   297.47  PRESS =  -198.8
 Etot   =    -28221.5439  EKtot   =      6842.5264  EPtot      =    -35064.0703
 BOND   =       167.5938  ANGLE   =       406.5505  DIHED      =       611.9778
 1-4 NB =       164.5298  1-4 EEL =      2423.1148  VDWAALS    =      4426.2182
 EELEC  =    -43302.4484  EHBOND  =         0.0000  RESTRAINT  =        38.3932
 EAMBER (non-restraint)  =    -35102.4635
 EKCMT  =      3132.6483  VIRIAL  =      3621.4827  VOLUME     =    113905.1453
                                                    Density    =         1.0116
 ------------------------------------------------------------------------------

wrapping first mol.:       17.65030       24.96129       43.23422
wrapping first mol.:       17.65030       24.96129       43.23422

 NSTEP =    22000   TIME(PS) =    1384.000  TEMP(K) =   295.02  PRESS =  -123.1
 Etot   =    -28388.6893  EKtot   =      6786.3701  EPtot      =    -35175.0594
 BOND   =       154.8772  ANGLE   =       391.7535  DIHED      =       613.5389
 1-4 NB =       171.7644  1-4 EEL =      2416.0554  VDWAALS    =      4579.4233
 EELEC  =    -43538.9731  EHBOND  =         0.0000  RESTRAINT  =        36.5011
 EAMBER (non-restraint)  =    -35211.5605
 EKCMT  =      3145.6990  VIRIAL  =      3449.5718  VOLUME     =    114288.5616
                                                    Density    =         1.0082
 ------------------------------------------------------------------------------

wrapping first mol.:       17.64555       24.95457       43.22258
wrapping first mol.:       17.64555       24.95457       43.22258

 NSTEP =    22500   TIME(PS) =    1385.000  TEMP(K) =   300.87  PRESS =   -94.5
 Etot   =    -28270.4567  EKtot   =      6920.8955  EPtot      =    -35191.3523
 BOND   =       148.6498  ANGLE   =       397.2121  DIHED      =       628.2904
 1-4 NB =       176.1377  1-4 EEL =      2414.0069  VDWAALS    =      4591.9167
 EELEC  =    -43592.1109  EHBOND  =         0.0000  RESTRAINT  =        44.5450
 EAMBER (non-restraint)  =    -35235.8972
 EKCMT  =      3135.9793  VIRIAL  =      3368.8938  VOLUME     =    114195.9829
                                                    Density    =         1.0090
 ------------------------------------------------------------------------------

wrapping first mol.:       17.60063       24.89105       43.11257
wrapping first mol.:       17.60063       24.89105       43.11257

 NSTEP =    23000   TIME(PS) =    1386.000  TEMP(K) =   295.90  PRESS =    -6.4
 Etot   =    -28580.3863  EKtot   =      6806.5391  EPtot      =    -35386.9253
 BOND   =       142.4855  ANGLE   =       383.3556  DIHED      =       628.5828
 1-4 NB =       169.5694  1-4 EEL =      2413.5631  VDWAALS    =      4610.8620
 EELEC  =    -43769.6586  EHBOND  =         0.0000  RESTRAINT  =        34.3148
 EAMBER (non-restraint)  =    -35421.2401
 EKCMT  =      3142.0023  VIRIAL  =      3157.7158  VOLUME     =    113325.2954
                                                    Density    =         1.0167
 ------------------------------------------------------------------------------

wrapping first mol.:       17.61124       24.90606       43.13855
wrapping first mol.:       17.61124       24.90606       43.13855

 NSTEP =    23500   TIME(PS) =    1387.000  TEMP(K) =   298.93  PRESS =    37.0
 Etot   =    -28481.9994  EKtot   =      6876.1396  EPtot      =    -35358.1390
 BOND   =       155.8452  ANGLE   =       384.3498  DIHED      =       635.8575
 1-4 NB =       167.1379  1-4 EEL =      2417.4906  VDWAALS    =      4695.0816
 EELEC  =    -43850.3807  EHBOND  =         0.0000  RESTRAINT  =        36.4792
 EAMBER (non-restraint)  =    -35394.6182
 EKCMT  =      3159.2666  VIRIAL  =      3068.6808  VOLUME     =    113529.8934
                                                    Density    =         1.0149
 ------------------------------------------------------------------------------

wrapping first mol.:       17.63514       24.93985       43.19708
wrapping first mol.:       17.63514       24.93985       43.19708

 NSTEP =    24000   TIME(PS) =    1388.000  TEMP(K) =   296.83  PRESS =   -37.6
 Etot   =    -28508.8061  EKtot   =      6827.7920  EPtot      =    -35336.5981
 BOND   =       164.3122  ANGLE   =       402.8032  DIHED      =       625.1588
 1-4 NB =       163.4253  1-4 EEL =      2436.5279  VDWAALS    =      4607.8253
 EELEC  =    -43768.8409  EHBOND  =         0.0000  RESTRAINT  =        32.1901
 EAMBER (non-restraint)  =    -35368.7882
 EKCMT  =      3077.6999  VIRIAL  =      3170.1525  VOLUME     =    113993.3756
                                                    Density    =         1.0108
 ------------------------------------------------------------------------------

wrapping first mol.:       17.61732       24.91465       43.15344
wrapping first mol.:       17.61732       24.91465       43.15344

 NSTEP =    24500   TIME(PS) =    1389.000  TEMP(K) =   303.42  PRESS =   -29.2
 Etot   =    -28257.1939  EKtot   =      6979.5601  EPtot      =    -35236.7540
 BOND   =       137.9253  ANGLE   =       410.7419  DIHED      =       643.8137
 1-4 NB =       166.0795  1-4 EEL =      2401.8353  VDWAALS    =      4654.3231
 EELEC  =    -43691.8230  EHBOND  =         0.0000  RESTRAINT  =        40.3502
 EAMBER (non-restraint)  =    -35277.1042
 EKCMT  =      3164.7662  VIRIAL  =      3236.4955  VOLUME     =    113648.1502
                                                    Density    =         1.0139
 ------------------------------------------------------------------------------

wrapping first mol.:       17.61093       24.90562       43.13779
wrapping first mol.:       17.61093       24.90562       43.13779

 NSTEP =    25000   TIME(PS) =    1390.000  TEMP(K) =   296.51  PRESS =    19.7
 Etot   =    -28531.5940  EKtot   =      6820.5137  EPtot      =    -35352.1077
 BOND   =       141.2070  ANGLE   =       394.4306  DIHED      =       625.8258
 1-4 NB =       178.4764  1-4 EEL =      2429.4852  VDWAALS    =      4566.2620
 EELEC  =    -43718.0266  EHBOND  =         0.0000  RESTRAINT  =        30.2319
 EAMBER (non-restraint)  =    -35382.3397
 EKCMT  =      3116.3968  VIRIAL  =      3068.0761  VOLUME     =    113524.0702
                                                    Density    =         1.0150
 ------------------------------------------------------------------------------

wrapping first mol.:       17.60324       24.89474       43.11895
wrapping first mol.:       17.60324       24.89474       43.11895

 NSTEP =    25500   TIME(PS) =    1391.000  TEMP(K) =   299.29  PRESS =   -96.1
 Etot   =    -28356.5311  EKtot   =      6884.4346  EPtot      =    -35240.9657
 BOND   =       157.7557  ANGLE   =       394.7830  DIHED      =       635.4185
 1-4 NB =       162.9839  1-4 EEL =      2412.5333  VDWAALS    =      4492.1626
 EELEC  =    -43538.3201  EHBOND  =         0.0000  RESTRAINT  =        41.7173
 EAMBER (non-restraint)  =    -35282.6830
 EKCMT  =      3137.4710  VIRIAL  =      3372.6349  VOLUME     =    113376.5476
                                                    Density    =         1.0163
 ------------------------------------------------------------------------------

wrapping first mol.:       17.61414       24.91015       43.14564
wrapping first mol.:       17.61414       24.91015       43.14564

 NSTEP =    26000   TIME(PS) =    1392.000  TEMP(K) =   301.06  PRESS =    59.4
 Etot   =    -28234.6620  EKtot   =      6925.1118  EPtot      =    -35159.7739
 BOND   =       150.0819  ANGLE   =       392.6259  DIHED      =       634.2964
 1-4 NB =       170.2227  1-4 EEL =      2420.2707  VDWAALS    =      4562.3804
 EELEC  =    -43532.3579  EHBOND  =         0.0000  RESTRAINT  =        42.7060
 EAMBER (non-restraint)  =    -35202.4799
 EKCMT  =      3220.1431  VIRIAL  =      3074.4502  VOLUME     =    113585.6641
                                                    Density    =         1.0144
 ------------------------------------------------------------------------------

wrapping first mol.:       17.63820       24.94418       43.20458
wrapping first mol.:       17.63820       24.94418       43.20458

 NSTEP =    26500   TIME(PS) =    1393.000  TEMP(K) =   301.09  PRESS =    -3.0
 Etot   =    -28297.7440  EKtot   =      6925.8252  EPtot      =    -35223.5692
 BOND   =       157.4416  ANGLE   =       393.3105  DIHED      =       630.4816
 1-4 NB =       176.4538  1-4 EEL =      2416.5809  VDWAALS    =      4527.8264
 EELEC  =    -43568.7264  EHBOND  =         0.0000  RESTRAINT  =        43.0625
 EAMBER (non-restraint)  =    -35266.6317
 EKCMT  =      3226.2948  VIRIAL  =      3233.7427  VOLUME     =    114052.4095
                                                    Density    =         1.0103
 ------------------------------------------------------------------------------

wrapping first mol.:       17.63145       24.93463       43.18804
wrapping first mol.:       17.63145       24.93463       43.18804

 NSTEP =    27000   TIME(PS) =    1394.000  TEMP(K) =   298.45  PRESS =   -83.7
 Etot   =    -28465.7377  EKtot   =      6865.2700  EPtot      =    -35331.0077
 BOND   =       128.6548  ANGLE   =       388.4393  DIHED      =       624.1209
 1-4 NB =       175.4937  1-4 EEL =      2431.9856  VDWAALS    =      4663.3506
 EELEC  =    -43781.5411  EHBOND  =         0.0000  RESTRAINT  =        38.4884
 EAMBER (non-restraint)  =    -35369.4962
 EKCMT  =      3155.2336  VIRIAL  =      3361.0548  VOLUME     =    113922.3100
                                                    Density    =         1.0114
 ------------------------------------------------------------------------------

wrapping first mol.:       17.62944       24.93179       43.18313
wrapping first mol.:       17.62944       24.93179       43.18313

 NSTEP =    27500   TIME(PS) =    1395.000  TEMP(K) =   303.84  PRESS =    12.9
 Etot   =    -28339.8023  EKtot   =      6989.1641  EPtot      =    -35328.9664
 BOND   =       149.3404  ANGLE   =       408.6930  DIHED      =       622.7126
 1-4 NB =       164.1926  1-4 EEL =      2450.4340  VDWAALS    =      4637.1547
 EELEC  =    -43795.5029  EHBOND  =         0.0000  RESTRAINT  =        34.0092
 EAMBER (non-restraint)  =    -35362.9756
 EKCMT  =      3180.4830  VIRIAL  =      3148.6472  VOLUME     =    113882.4586
                                                    Density    =         1.0118
 ------------------------------------------------------------------------------

wrapping first mol.:       17.63454       24.93901       43.19563
wrapping first mol.:       17.63454       24.93901       43.19563

 NSTEP =    28000   TIME(PS) =    1396.000  TEMP(K) =   301.08  PRESS =   -17.0
 Etot   =    -28291.7960  EKtot   =      6925.5659  EPtot      =    -35217.3619
 BOND   =       162.5098  ANGLE   =       406.1448  DIHED      =       623.0647
 1-4 NB =       170.5025  1-4 EEL =      2415.3228  VDWAALS    =      4502.7788
 EELEC  =    -43544.1687  EHBOND  =         0.0000  RESTRAINT  =        46.4833
 EAMBER (non-restraint)  =    -35263.8452
 EKCMT  =      3251.2388  VIRIAL  =      3292.9613  VOLUME     =    113981.7017
                                                    Density    =         1.0109
 ------------------------------------------------------------------------------

wrapping first mol.:       17.65178       24.96339       43.23785
wrapping first mol.:       17.65178       24.96339       43.23785

 NSTEP =    28500   TIME(PS) =    1397.000  TEMP(K) =   302.07  PRESS =  -306.2
 Etot   =    -28260.6883  EKtot   =      6948.4180  EPtot      =    -35209.1062
 BOND   =       148.5955  ANGLE   =       383.9867  DIHED      =       627.5339
 1-4 NB =       167.3048  1-4 EEL =      2446.2409  VDWAALS    =      4528.7451
 EELEC  =    -43548.4401  EHBOND  =         0.0000  RESTRAINT  =        36.9270
 EAMBER (non-restraint)  =    -35246.0333
 EKCMT  =      3228.1983  VIRIAL  =      3983.9578  VOLUME     =    114319.1906
                                                    Density    =         1.0079
 ------------------------------------------------------------------------------

wrapping first mol.:       17.64022       24.94704       43.20953
wrapping first mol.:       17.64022       24.94704       43.20953

 NSTEP =    29000   TIME(PS) =    1398.000  TEMP(K) =   299.93  PRESS =    79.6
 Etot   =    -28199.5263  EKtot   =      6899.2861  EPtot      =    -35098.8124
 BOND   =       139.8659  ANGLE   =       423.0380  DIHED      =       622.3230
 1-4 NB =       164.4591  1-4 EEL =      2408.0018  VDWAALS    =      4633.5203
 EELEC  =    -43527.7339  EHBOND  =         0.0000  RESTRAINT  =        37.7133
 EAMBER (non-restraint)  =    -35136.5257
 EKCMT  =      3201.9758  VIRIAL  =      3005.9393  VOLUME     =    114090.7866
                                                    Density    =         1.0099
 ------------------------------------------------------------------------------

wrapping first mol.:       17.64925       24.95981       43.23166
wrapping first mol.:       17.64925       24.95981       43.23166

 NSTEP =    29500   TIME(PS) =    1399.000  TEMP(K) =   299.14  PRESS =  -116.3
 Etot   =    -28397.3293  EKtot   =      6881.0435  EPtot      =    -35278.3728
 BOND   =       161.8623  ANGLE   =       387.1428  DIHED      =       627.2248
 1-4 NB =       169.5074  1-4 EEL =      2428.1640  VDWAALS    =      4573.4065
 EELEC  =    -43666.4756  EHBOND  =         0.0000  RESTRAINT  =        40.7950
 EAMBER (non-restraint)  =    -35319.1678
 EKCMT  =      3171.5700  VIRIAL  =      3458.5756  VOLUME     =    114268.1673
                                                    Density    =         1.0084
 ------------------------------------------------------------------------------

wrapping first mol.:       17.64199       24.94953       43.21386
wrapping first mol.:       17.64199       24.94953       43.21386

 NSTEP =    30000   TIME(PS) =    1400.000  TEMP(K) =   295.38  PRESS =    81.7
 Etot   =    -28569.9515  EKtot   =      6794.6577  EPtot      =    -35364.6092
 BOND   =       151.5925  ANGLE   =       383.0126  DIHED      =       628.1846
 1-4 NB =       163.9640  1-4 EEL =      2413.5620  VDWAALS    =      4665.8705
 EELEC  =    -43801.1993  EHBOND  =         0.0000  RESTRAINT  =        30.4039
 EAMBER (non-restraint)  =    -35395.0131
 EKCMT  =      3167.9502  VIRIAL  =      2966.6551  VOLUME     =    114125.0395
                                                    Density    =         1.0096
 ------------------------------------------------------------------------------

wrapping first mol.:       17.62553       24.92626       43.17354
wrapping first mol.:       17.62553       24.92626       43.17354

 NSTEP =    30500   TIME(PS) =    1401.000  TEMP(K) =   300.52  PRESS =   -62.1
 Etot   =    -28450.7145  EKtot   =      6912.8428  EPtot      =    -35363.5573
 BOND   =       156.1591  ANGLE   =       382.5260  DIHED      =       634.8622
 1-4 NB =       174.4114  1-4 EEL =      2446.3392  VDWAALS    =      4713.4272
 EELEC  =    -43912.6262  EHBOND  =         0.0000  RESTRAINT  =        41.3438
 EAMBER (non-restraint)  =    -35404.9011
 EKCMT  =      3169.4536  VIRIAL  =      3322.1652  VOLUME     =    113807.3920
                                                    Density    =         1.0124
 ------------------------------------------------------------------------------

wrapping first mol.:       17.61565       24.91228       43.14934
wrapping first mol.:       17.61565       24.91228       43.14934

 NSTEP =    31000   TIME(PS) =    1402.000  TEMP(K) =   305.26  PRESS =    81.5
 Etot   =    -28283.0366  EKtot   =      7021.8936  EPtot      =    -35304.9302
 BOND   =       131.5366  ANGLE   =       385.8271  DIHED      =       611.4377
 1-4 NB =       176.5356  1-4 EEL =      2424.1351  VDWAALS    =      4575.2256
 EELEC  =    -43641.9855  EHBOND  =         0.0000  RESTRAINT  =        32.3576
 EAMBER (non-restraint)  =    -35337.2878
 EKCMT  =      3229.0804  VIRIAL  =      3029.0600  VOLUME     =    113614.6421
                                                    Density    =         1.0142
 ------------------------------------------------------------------------------

wrapping first mol.:       17.63123       24.93432       43.18750
wrapping first mol.:       17.63123       24.93432       43.18750

 NSTEP =    31500   TIME(PS) =    1403.000  TEMP(K) =   298.35  PRESS =   320.7
 Etot   =    -28452.0331  EKtot   =      6862.9248  EPtot      =    -35314.9579
 BOND   =       138.4980  ANGLE   =       389.7818  DIHED      =       622.2942
 1-4 NB =       167.6039  1-4 EEL =      2430.9331  VDWAALS    =      4713.5978
 EELEC  =    -43811.6291  EHBOND  =         0.0000  RESTRAINT  =        33.9623
 EAMBER (non-restraint)  =    -35348.9202
 EKCMT  =      3156.4916  VIRIAL  =      2367.7388  VOLUME     =    113913.9465
                                                    Density    =         1.0115
 ------------------------------------------------------------------------------

wrapping first mol.:       17.65280       24.96483       43.24036
wrapping first mol.:       17.65280       24.96483       43.24036

 NSTEP =    32000   TIME(PS) =    1404.000  TEMP(K) =   300.90  PRESS =  -131.2
 Etot   =    -28410.6271  EKtot   =      6921.5073  EPtot      =    -35332.1344
 BOND   =       150.3715  ANGLE   =       393.6040  DIHED      =       612.4713
 1-4 NB =       164.1849  1-4 EEL =      2393.8379  VDWAALS    =      4578.9049
 EELEC  =    -43667.4609  EHBOND  =         0.0000  RESTRAINT  =        41.9519
 EAMBER (non-restraint)  =    -35374.0863
 EKCMT  =      3223.1277  VIRIAL  =      3546.9558  VOLUME     =    114337.2825
                                                    Density    =         1.0077
 ------------------------------------------------------------------------------

wrapping first mol.:       17.64938       24.96000       43.23198
wrapping first mol.:       17.64938       24.96000       43.23198

 NSTEP =    32500   TIME(PS) =    1405.000  TEMP(K) =   292.63  PRESS =  -100.8
 Etot   =    -28519.8325  EKtot   =      6731.3369  EPtot      =    -35251.1694
 BOND   =       145.0057  ANGLE   =       411.7830  DIHED      =       625.6152
 1-4 NB =       164.2352  1-4 EEL =      2417.0725  VDWAALS    =      4592.9391
 EELEC  =    -43638.6023  EHBOND  =         0.0000  RESTRAINT  =        30.7822
 EAMBER (non-restraint)  =    -35281.9516
 EKCMT  =      3095.6841  VIRIAL  =      3344.4985  VOLUME     =    114270.5316
                                                    Density    =         1.0083
 ------------------------------------------------------------------------------

wrapping first mol.:       17.63675       24.94213       43.20104
wrapping first mol.:       17.63675       24.94213       43.20104

 NSTEP =    33000   TIME(PS) =    1406.000  TEMP(K) =   299.25  PRESS =   -97.5
 Etot   =    -28375.6066  EKtot   =      6883.4858  EPtot      =    -35259.0924
 BOND   =       147.4312  ANGLE   =       413.8161  DIHED      =       622.7012
 1-4 NB =       170.5551  1-4 EEL =      2414.8193  VDWAALS    =      4581.6041
 EELEC  =    -43655.1125  EHBOND  =         0.0000  RESTRAINT  =        45.0932
 EAMBER (non-restraint)  =    -35304.1856
 EKCMT  =      3171.6435  VIRIAL  =      3411.7724  VOLUME     =    114025.3180
                                                    Density    =         1.0105
 ------------------------------------------------------------------------------

wrapping first mol.:       17.62581       24.92666       43.17424
wrapping first mol.:       17.62581       24.92666       43.17424

 NSTEP =    33500   TIME(PS) =    1407.000  TEMP(K) =   298.85  PRESS =   -79.5
 Etot   =    -28373.5341  EKtot   =      6874.3608  EPtot      =    -35247.8949
 BOND   =       153.4172  ANGLE   =       403.6241  DIHED      =       631.5537
 1-4 NB =       164.9016  1-4 EEL =      2386.8114  VDWAALS    =      4648.9881
 EELEC  =    -43680.1327  EHBOND  =         0.0000  RESTRAINT  =        42.9417
 EAMBER (non-restraint)  =    -35290.8366
 EKCMT  =      3145.0424  VIRIAL  =      3340.3963  VOLUME     =    113813.0858
                                                    Density    =         1.0124
 ------------------------------------------------------------------------------

wrapping first mol.:       17.63417       24.93849       43.19472
wrapping first mol.:       17.63417       24.93849       43.19472

 NSTEP =    34000   TIME(PS) =    1408.000  TEMP(K) =   294.33  PRESS =  -139.5
 Etot   =    -28525.8458  EKtot   =      6770.4790  EPtot      =    -35296.3249
 BOND   =       144.6534  ANGLE   =       418.1125  DIHED      =       623.6407
 1-4 NB =       165.7810  1-4 EEL =      2404.8998  VDWAALS    =      4580.6164
 EELEC  =    -43669.3580  EHBOND  =         0.0000  RESTRAINT  =        35.3294
 EAMBER (non-restraint)  =    -35331.6542
 EKCMT  =      3115.3091  VIRIAL  =      3458.5089  VOLUME     =    113975.7356
                                                    Density    =         1.0109
 ------------------------------------------------------------------------------

wrapping first mol.:       17.64023       24.94706       43.20957
wrapping first mol.:       17.64023       24.94706       43.20957

 NSTEP =    34500   TIME(PS) =    1409.000  TEMP(K) =   295.81  PRESS =    20.3
 Etot   =    -28423.1473  EKtot   =      6804.5151  EPtot      =    -35227.6624
 BOND   =       153.5524  ANGLE   =       407.4232  DIHED      =       613.4299
 1-4 NB =       169.6219  1-4 EEL =      2412.4739  VDWAALS    =      4646.7832
 EELEC  =    -43670.5062  EHBOND  =         0.0000  RESTRAINT  =        39.5593
 EAMBER (non-restraint)  =    -35267.2217
 EKCMT  =      3147.3036  VIRIAL  =      3097.2562  VOLUME     =    114091.6725
                                                    Density    =         1.0099
 ------------------------------------------------------------------------------

wrapping first mol.:       17.65076       24.96195       43.23536
wrapping first mol.:       17.65076       24.96195       43.23536

 NSTEP =    35000   TIME(PS) =    1410.000  TEMP(K) =   298.19  PRESS =   -56.7
 Etot   =    -28394.7517  EKtot   =      6859.2349  EPtot      =    -35253.9866
 BOND   =       158.8734  ANGLE   =       392.0805  DIHED      =       636.8208
 1-4 NB =       176.5975  1-4 EEL =      2411.2292  VDWAALS    =      4719.4698
 EELEC  =    -43789.0043  EHBOND  =         0.0000  RESTRAINT  =        39.9464
 EAMBER (non-restraint)  =    -35293.9330
 EKCMT  =      3094.9165  VIRIAL  =      3234.8820  VOLUME     =    114296.8562
                                                    Density    =         1.0081
 ------------------------------------------------------------------------------

wrapping first mol.:       17.65332       24.96556       43.24162
wrapping first mol.:       17.65332       24.96556       43.24162

 NSTEP =    35500   TIME(PS) =    1411.000  TEMP(K) =   299.81  PRESS =  -117.2
 Etot   =    -28184.4994  EKtot   =      6896.5493  EPtot      =    -35081.0487
 BOND   =       151.2245  ANGLE   =       439.4016  DIHED      =       632.5533
 1-4 NB =       169.3466  1-4 EEL =      2401.0128  VDWAALS    =      4546.5668
 EELEC  =    -43464.6704  EHBOND  =         0.0000  RESTRAINT  =        43.5160
 EAMBER (non-restraint)  =    -35124.5647
 EKCMT  =      3149.1495  VIRIAL  =      3438.5106  VOLUME     =    114347.1937
                                                    Density    =         1.0077
 ------------------------------------------------------------------------------

wrapping first mol.:       17.64140       24.94870       43.21242
wrapping first mol.:       17.64140       24.94870       43.21242

 NSTEP =    36000   TIME(PS) =    1412.000  TEMP(K) =   298.15  PRESS =  -271.6
 Etot   =    -28377.4724  EKtot   =      6858.3516  EPtot      =    -35235.8240
 BOND   =       150.3155  ANGLE   =       400.6472  DIHED      =       635.5739
 1-4 NB =       171.2625  1-4 EEL =      2439.0708  VDWAALS    =      4492.5201
 EELEC  =    -43570.2724  EHBOND  =         0.0000  RESTRAINT  =        45.0584
 EAMBER (non-restraint)  =    -35280.8824
 EKCMT  =      3179.0813  VIRIAL  =      3848.4057  VOLUME     =    114117.2543
                                                    Density    =         1.0097
 ------------------------------------------------------------------------------

wrapping first mol.:       17.64693       24.95653       43.22597
wrapping first mol.:       17.64693       24.95653       43.22597

 NSTEP =    36500   TIME(PS) =    1413.000  TEMP(K) =   300.44  PRESS =  -130.4
 Etot   =    -28507.4982  EKtot   =      6910.8853  EPtot      =    -35418.3834
 BOND   =       148.3667  ANGLE   =       379.5559  DIHED      =       625.2037
 1-4 NB =       162.9242  1-4 EEL =      2419.2088  VDWAALS    =      4628.0604
 EELEC  =    -43823.3922  EHBOND  =         0.0000  RESTRAINT  =        41.6892
 EAMBER (non-restraint)  =    -35460.0726
 EKCMT  =      3158.9453  VIRIAL  =      3480.4663  VOLUME     =    114223.1648
                                                    Density    =         1.0087
 ------------------------------------------------------------------------------

wrapping first mol.:       17.65030       24.96129       43.23422
wrapping first mol.:       17.65030       24.96129       43.23422

 NSTEP =    37000   TIME(PS) =    1414.000  TEMP(K) =   296.84  PRESS =   128.2
 Etot   =    -28472.7737  EKtot   =      6828.0752  EPtot      =    -35300.8489
 BOND   =       160.0482  ANGLE   =       400.4715  DIHED      =       632.0924
 1-4 NB =       171.6418  1-4 EEL =      2422.8414  VDWAALS    =      4744.2987
 EELEC  =    -43872.0700  EHBOND  =         0.0000  RESTRAINT  =        39.8271
 EAMBER (non-restraint)  =    -35340.6761
 EKCMT  =      3174.9011  VIRIAL  =      2858.4612  VOLUME     =    114285.9767
                                                    Density    =         1.0082
 ------------------------------------------------------------------------------

wrapping first mol.:       17.66111       24.97658       43.26070
wrapping first mol.:       17.66111       24.97658       43.26070

 NSTEP =    37500   TIME(PS) =    1415.000  TEMP(K) =   299.56  PRESS =   -69.7
 Etot   =    -28374.0612  EKtot   =      6890.7534  EPtot      =    -35264.8146
 BOND   =       150.5818  ANGLE   =       420.8264  DIHED      =       625.0275
 1-4 NB =       158.2853  1-4 EEL =      2435.8536  VDWAALS    =      4613.7399
 EELEC  =    -43704.6935  EHBOND  =         0.0000  RESTRAINT  =        35.5644
 EAMBER (non-restraint)  =    -35300.3790
 EKCMT  =      3176.8229  VIRIAL  =      3349.0561  VOLUME     =    114498.1091
                                                    Density    =         1.0063
 ------------------------------------------------------------------------------

wrapping first mol.:       17.65320       24.96539       43.24133
wrapping first mol.:       17.65320       24.96539       43.24133

 NSTEP =    38000   TIME(PS) =    1416.000  TEMP(K) =   293.25  PRESS =  -237.9
 Etot   =    -28552.2463  EKtot   =      6745.5938  EPtot      =    -35297.8400
 BOND   =       130.6960  ANGLE   =       409.9034  DIHED      =       638.3734
 1-4 NB =       160.3166  1-4 EEL =      2441.2109  VDWAALS    =      4602.9400
 EELEC  =    -43721.6409  EHBOND  =         0.0000  RESTRAINT  =        40.3606
 EAMBER (non-restraint)  =    -35338.2007
 EKCMT  =      3124.5236  VIRIAL  =      3711.9357  VOLUME     =    114346.0713
                                                    Density    =         1.0077
 ------------------------------------------------------------------------------

wrapping first mol.:       17.63269       24.93639       43.19109
wrapping first mol.:       17.63269       24.93639       43.19109

 NSTEP =    38500   TIME(PS) =    1417.000  TEMP(K) =   297.97  PRESS =  -153.6
 Etot   =    -28437.6290  EKtot   =      6854.0859  EPtot      =    -35291.7149
 BOND   =       129.6862  ANGLE   =       397.5301  DIHED      =       627.0588
 1-4 NB =       167.5163  1-4 EEL =      2455.0155  VDWAALS    =      4507.8334
 EELEC  =    -43623.4231  EHBOND  =         0.0000  RESTRAINT  =        47.0679
 EAMBER (non-restraint)  =    -35338.7828
 EKCMT  =      3149.6764  VIRIAL  =      3527.6667  VOLUME     =    113947.1531
                                                    Density    =         1.0112
 ------------------------------------------------------------------------------

wrapping first mol.:       17.62658       24.92775       43.17612
wrapping first mol.:       17.62658       24.92775       43.17612

 NSTEP =    39000   TIME(PS) =    1418.000  TEMP(K) =   298.37  PRESS =  -144.7
 Etot   =    -28464.8949  EKtot   =      6863.3462  EPtot      =    -35328.2411
 BOND   =       151.1006  ANGLE   =       408.5714  DIHED      =       627.3305
 1-4 NB =       167.7138  1-4 EEL =      2460.9617  VDWAALS    =      4587.9390
 EELEC  =    -43767.4539  EHBOND  =         0.0000  RESTRAINT  =        35.5957
 EAMBER (non-restraint)  =    -35363.8369
 EKCMT  =      3127.9436  VIRIAL  =      3483.4504  VOLUME     =    113828.6083
                                                    Density    =         1.0122
 ------------------------------------------------------------------------------

wrapping first mol.:       17.63768       24.94345       43.20332
wrapping first mol.:       17.63768       24.94345       43.20332

 NSTEP =    39500   TIME(PS) =    1419.000  TEMP(K) =   298.51  PRESS =    54.6
 Etot   =    -28351.4989  EKtot   =      6866.4888  EPtot      =    -35217.9877
 BOND   =       164.1830  ANGLE   =       401.4077  DIHED      =       636.7963
 1-4 NB =       161.1166  1-4 EEL =      2428.2711  VDWAALS    =      4542.3427
 EELEC  =    -43588.6423  EHBOND  =         0.0000  RESTRAINT  =        36.5372
 EAMBER (non-restraint)  =    -35254.5249
 EKCMT  =      3155.0549  VIRIAL  =      3020.5943  VOLUME     =    114041.8402
                                                    Density    =         1.0104
 ------------------------------------------------------------------------------

wrapping first mol.:       17.64108       24.94826       43.21165
wrapping first mol.:       17.64108       24.94826       43.21165

 NSTEP =    40000   TIME(PS) =    1420.000  TEMP(K) =   294.52  PRESS =   276.0
 Etot   =    -28430.5236  EKtot   =      6774.7666  EPtot      =    -35205.2902
 BOND   =       145.5611  ANGLE   =       379.3470  DIHED      =       639.9320
 1-4 NB =       165.0016  1-4 EEL =      2444.4452  VDWAALS    =      4688.0362
 EELEC  =    -43706.3566  EHBOND  =         0.0000  RESTRAINT  =        38.7432
 EAMBER (non-restraint)  =    -35244.0335
 EKCMT  =      3097.8708  VIRIAL  =      2417.7886  VOLUME     =    114105.5855
                                                    Density    =         1.0098
 ------------------------------------------------------------------------------

wrapping first mol.:       17.62930       24.93160       43.18279
wrapping first mol.:       17.62930       24.93160       43.18279

 NSTEP =    40500   TIME(PS) =    1421.000  TEMP(K) =   298.97  PRESS =   138.3
 Etot   =    -28559.1529  EKtot   =      6877.1621  EPtot      =    -35436.3150
 BOND   =       138.9542  ANGLE   =       399.2812  DIHED      =       629.3544
 1-4 NB =       176.0778  1-4 EEL =      2450.7670  VDWAALS    =      4728.9410
 EELEC  =    -43997.8764  EHBOND  =         0.0000  RESTRAINT  =        38.1858
 EAMBER (non-restraint)  =    -35474.5008
 EKCMT  =      3211.3195  VIRIAL  =      2871.2692  VOLUME     =    113878.5215
                                                    Density    =         1.0118
 ------------------------------------------------------------------------------

wrapping first mol.:       17.62743       24.92895       43.17820
wrapping first mol.:       17.62743       24.92895       43.17820

 NSTEP =    41000   TIME(PS) =    1422.000  TEMP(K) =   301.78  PRESS =   -68.3
 Etot   =    -28409.2885  EKtot   =      6941.7510  EPtot      =    -35351.0395
 BOND   =       155.1693  ANGLE   =       403.7006  DIHED      =       632.7279
 1-4 NB =       162.9878  1-4 EEL =      2428.6167  VDWAALS    =      4613.3833
 EELEC  =    -43787.2834  EHBOND  =         0.0000  RESTRAINT  =        39.6584
 EAMBER (non-restraint)  =    -35390.6978
 EKCMT  =      3205.6890  VIRIAL  =      3373.6042  VOLUME     =    113844.2862
                                                    Density    =         1.0121
 ------------------------------------------------------------------------------

wrapping first mol.:       17.64339       24.95152       43.21730
wrapping first mol.:       17.64339       24.95152       43.21730

 NSTEP =    41500   TIME(PS) =    1423.000  TEMP(K) =   302.45  PRESS =   112.2
 Etot   =    -28369.7703  EKtot   =      6957.2588  EPtot      =    -35327.0291
 BOND   =       149.5497  ANGLE   =       376.0030  DIHED      =       634.1159
 1-4 NB =       170.5370  1-4 EEL =      2467.1986  VDWAALS    =      4640.4884
 EELEC  =    -43808.6687  EHBOND  =         0.0000  RESTRAINT  =        43.7469
 EAMBER (non-restraint)  =    -35370.7760
 EKCMT  =      3212.3520  VIRIAL  =      2935.8573  VOLUME     =    114152.0293
                                                    Density    =         1.0094
 ------------------------------------------------------------------------------

wrapping first mol.:       17.66372       24.98027       43.26709
wrapping first mol.:       17.66372       24.98027       43.26709

 NSTEP =    42000   TIME(PS) =    1424.000  TEMP(K) =   305.09  PRESS =    37.5
 Etot   =    -28124.6998  EKtot   =      7017.8882  EPtot      =    -35142.5880
 BOND   =       150.0906  ANGLE   =       417.5516  DIHED      =       632.1138
 1-4 NB =       165.5058  1-4 EEL =      2419.5562  VDWAALS    =      4605.3476
 EELEC  =    -43565.4586  EHBOND  =         0.0000  RESTRAINT  =        32.7051
 EAMBER (non-restraint)  =    -35175.2931
 EKCMT  =      3240.2338  VIRIAL  =      3147.4535  VOLUME     =    114547.7622
                                                    Density    =         1.0059
 ------------------------------------------------------------------------------

wrapping first mol.:       17.66017       24.97525       43.25840
wrapping first mol.:       17.66017       24.97525       43.25840

 NSTEP =    42500   TIME(PS) =    1425.000  TEMP(K) =   299.12  PRESS =   114.1
 Etot   =    -28325.9893  EKtot   =      6880.5215  EPtot      =    -35206.5108
 BOND   =       166.8668  ANGLE   =       384.7330  DIHED      =       635.5538
 1-4 NB =       168.8617  1-4 EEL =      2424.0011  VDWAALS    =      4810.4125
 EELEC  =    -43838.4834  EHBOND  =         0.0000  RESTRAINT  =        41.5436
 EAMBER (non-restraint)  =    -35248.0545
 EKCMT  =      3121.7674  VIRIAL  =      2839.6516  VOLUME     =    114478.0119
                                                    Density    =         1.0065
 ------------------------------------------------------------------------------

wrapping first mol.:       17.67901       25.00190       43.30456
wrapping first mol.:       17.67901       25.00190       43.30456

 NSTEP =    43000   TIME(PS) =    1426.000  TEMP(K) =   303.62  PRESS =    34.4
 Etot   =    -28037.7310  EKtot   =      6984.1968  EPtot      =    -35021.9278
 BOND   =       142.1795  ANGLE   =       415.8397  DIHED      =       625.8086
 1-4 NB =       174.3289  1-4 EEL =      2413.8588  VDWAALS    =      4534.9107
 EELEC  =    -43363.1495  EHBOND  =         0.0000  RESTRAINT  =        34.2955
 EAMBER (non-restraint)  =    -35056.2234
 EKCMT  =      3240.6880  VIRIAL  =      3155.3037  VOLUME     =    114845.6355
                                                    Density    =         1.0033
 ------------------------------------------------------------------------------

wrapping first mol.:       17.66826       24.98669       43.27821
wrapping first mol.:       17.66826       24.98669       43.27821

 NSTEP =    43500   TIME(PS) =    1427.000  TEMP(K) =   294.47  PRESS =    66.0
 Etot   =    -28300.1401  EKtot   =      6773.6484  EPtot      =    -35073.7885
 BOND   =       158.2551  ANGLE   =       399.4863  DIHED      =       627.2463
 1-4 NB =       172.6556  1-4 EEL =      2431.6588  VDWAALS    =      4591.1894
 EELEC  =    -43488.7507  EHBOND  =         0.0000  RESTRAINT  =        34.4707
 EAMBER (non-restraint)  =    -35108.2592
 EKCMT  =      3122.5759  VIRIAL  =      2959.1127  VOLUME     =    114635.8176
                                                    Density    =         1.0051
 ------------------------------------------------------------------------------

wrapping first mol.:       17.65757       24.97158       43.25204
wrapping first mol.:       17.65757       24.97158       43.25204

 NSTEP =    44000   TIME(PS) =    1428.000  TEMP(K) =   296.29  PRESS =    -6.8
 Etot   =    -28256.7539  EKtot   =      6815.5605  EPtot      =    -35072.3145
 BOND   =       150.8678  ANGLE   =       379.1760  DIHED      =       624.2480
 1-4 NB =       162.8719  1-4 EEL =      2436.8433  VDWAALS    =      4609.4473
 EELEC  =    -43471.0898  EHBOND  =         0.0000  RESTRAINT  =        35.3211
 EAMBER (non-restraint)  =    -35107.6356
 EKCMT  =      3105.1129  VIRIAL  =      3121.9161  VOLUME     =    114428.7054
                                                    Density    =         1.0069
 ------------------------------------------------------------------------------

wrapping first mol.:       17.63955       24.94610       43.20790
wrapping first mol.:       17.63955       24.94610       43.20790

 NSTEP =    44500   TIME(PS) =    1429.000  TEMP(K) =   301.60  PRESS =  -400.8
 Etot   =    -28442.9165  EKtot   =      6937.7100  EPtot      =    -35380.6265
 BOND   =       169.9975  ANGLE   =       406.1174  DIHED      =       629.7475
 1-4 NB =       162.5957  1-4 EEL =      2410.8114  VDWAALS    =      4533.7042
 EELEC  =    -43732.6148  EHBOND  =         0.0000  RESTRAINT  =        39.0146
 EAMBER (non-restraint)  =    -35419.6410
 EKCMT  =      3231.0362  VIRIAL  =      4218.3250  VOLUME     =    114082.7667
                                                    Density    =         1.0100
 ------------------------------------------------------------------------------

wrapping first mol.:       17.64478       24.95349       43.22071
wrapping first mol.:       17.64478       24.95349       43.22071

 NSTEP =    45000   TIME(PS) =    1430.000  TEMP(K) =   303.80  PRESS =    52.6
 Etot   =    -28271.4244  EKtot   =      6988.2993  EPtot      =    -35259.7237
 BOND   =       157.7586  ANGLE   =       391.4723  DIHED      =       627.8566
 1-4 NB =       172.8914  1-4 EEL =      2438.7262  VDWAALS    =      4641.5384
 EELEC  =    -43736.3557  EHBOND  =         0.0000  RESTRAINT  =        46.3884
 EAMBER (non-restraint)  =    -35306.1121
 EKCMT  =      3185.2248  VIRIAL  =      3055.4528  VOLUME     =    114179.5989
                                                    Density    =         1.0091
 ------------------------------------------------------------------------------

wrapping first mol.:       17.65093       24.96218       43.23576
wrapping first mol.:       17.65093       24.96218       43.23576

 NSTEP =    45500   TIME(PS) =    1431.000  TEMP(K) =   297.28  PRESS =    11.9
 Etot   =    -28470.9738  EKtot   =      6838.3149  EPtot      =    -35309.2887
 BOND   =       135.3331  ANGLE   =       396.3550  DIHED      =       621.9597
 1-4 NB =       169.9507  1-4 EEL =      2438.4873  VDWAALS    =      4679.9429
 EELEC  =    -43790.1687  EHBOND  =         0.0000  RESTRAINT  =        38.8512
 EAMBER (non-restraint)  =    -35348.1399
 EKCMT  =      3112.9327  VIRIAL  =      3083.6744  VOLUME     =    114299.3567
                                                    Density    =         1.0081
 ------------------------------------------------------------------------------

wrapping first mol.:       17.63963       24.94620       43.20809
wrapping first mol.:       17.63963       24.94620       43.20809

 NSTEP =    46000   TIME(PS) =    1432.000  TEMP(K) =   304.66  PRESS =   343.9
 Etot   =    -28194.7276  EKtot   =      7008.0996  EPtot      =    -35202.8272
 BOND   =       142.7233  ANGLE   =       423.3840  DIHED      =       617.6996
 1-4 NB =       160.5470  1-4 EEL =      2430.7671  VDWAALS    =      4625.3617
 EELEC  =    -43641.4992  EHBOND  =         0.0000  RESTRAINT  =        38.1893
 EAMBER (non-restraint)  =    -35241.0165
 EKCMT  =      3237.6472  VIRIAL  =      2390.6339  VOLUME     =    114076.6705
                                                    Density    =         1.0100
 ------------------------------------------------------------------------------

wrapping first mol.:       17.64415       24.95259       43.21916
wrapping first mol.:       17.64415       24.95259       43.21916

 NSTEP =    46500   TIME(PS) =    1433.000  TEMP(K) =   299.61  PRESS =  -263.1
 Etot   =    -28447.0987  EKtot   =      6891.8398  EPtot      =    -35338.9385
 BOND   =       145.0221  ANGLE   =       415.6897  DIHED      =       630.9330
 1-4 NB =       178.2494  1-4 EEL =      2423.2502  VDWAALS    =      4480.2871
 EELEC  =    -43656.1124  EHBOND  =         0.0000  RESTRAINT  =        43.7424
 EAMBER (non-restraint)  =    -35382.6809
 EKCMT  =      3174.5999  VIRIAL  =      3823.2440  VOLUME     =    114170.5424
                                                    Density    =         1.0092
 ------------------------------------------------------------------------------

wrapping first mol.:       17.62904       24.93123       43.18216
wrapping first mol.:       17.62904       24.93123       43.18216

 NSTEP =    47000   TIME(PS) =    1434.000  TEMP(K) =   300.93  PRESS =    10.8
 Etot   =    -28392.3178  EKtot   =      6922.2939  EPtot      =    -35314.6117
 BOND   =       154.7448  ANGLE   =       392.7747  DIHED      =       628.7775
 1-4 NB =       169.1512  1-4 EEL =      2436.9776  VDWAALS    =      4659.4874
 EELEC  =    -43792.5029  EHBOND  =         0.0000  RESTRAINT  =        35.9780
 EAMBER (non-restraint)  =    -35350.5897
 EKCMT  =      3136.6478  VIRIAL  =      3109.9773  VOLUME     =    113874.7882
                                                    Density    =         1.0118
 ------------------------------------------------------------------------------

wrapping first mol.:       17.61138       24.90625       43.13889
wrapping first mol.:       17.61138       24.90625       43.13889

 NSTEP =    47500   TIME(PS) =    1435.000  TEMP(K) =   296.89  PRESS =    36.1
 Etot   =    -28494.4297  EKtot   =      6829.3760  EPtot      =    -35323.8057
 BOND   =       148.7715  ANGLE   =       419.8546  DIHED      =       631.4918
 1-4 NB =       164.6089  1-4 EEL =      2429.8468  VDWAALS    =      4651.8880
 EELEC  =    -43805.7418  EHBOND  =         0.0000  RESTRAINT  =        35.4745
 EAMBER (non-restraint)  =    -35359.2802
 EKCMT  =      3115.1347  VIRIAL  =      3026.5665  VOLUME     =    113532.5408
                                                    Density    =         1.0149
 ------------------------------------------------------------------------------

wrapping first mol.:       17.62945       24.93180       43.18314
wrapping first mol.:       17.62945       24.93180       43.18314

 NSTEP =    48000   TIME(PS) =    1436.000  TEMP(K) =   301.83  PRESS =  -182.0
 Etot   =    -28406.6144  EKtot   =      6943.0273  EPtot      =    -35349.6417
 BOND   =       150.0289  ANGLE   =       373.3199  DIHED      =       623.2656
 1-4 NB =       168.1670  1-4 EEL =      2455.0114  VDWAALS    =      4529.2785
 EELEC  =    -43687.6469  EHBOND  =         0.0000  RESTRAINT  =        38.9338
 EAMBER (non-restraint)  =    -35388.5755
 EKCMT  =      3196.4120  VIRIAL  =      3644.0186  VOLUME     =    113884.5227
                                                    Density    =         1.0117
 ------------------------------------------------------------------------------

wrapping first mol.:       17.62042       24.91904       43.16104
wrapping first mol.:       17.62042       24.91904       43.16104

 NSTEP =    48500   TIME(PS) =    1437.000  TEMP(K) =   298.60  PRESS =   176.2
 Etot   =    -28525.4170  EKtot   =      6868.6377  EPtot      =    -35394.0547
 BOND   =       152.5455  ANGLE   =       417.4721  DIHED      =       615.7294
 1-4 NB =       155.7320  1-4 EEL =      2416.2559  VDWAALS    =      4698.5586
 EELEC  =    -43887.0354  EHBOND  =         0.0000  RESTRAINT  =        36.6871
 EAMBER (non-restraint)  =    -35430.7418
 EKCMT  =      3149.5474  VIRIAL  =      2716.9546  VOLUME     =    113706.1435
                                                    Density    =         1.0133
 ------------------------------------------------------------------------------

wrapping first mol.:       17.65136       24.96279       43.23681
wrapping first mol.:       17.65136       24.96279       43.23681

 NSTEP =    49000   TIME(PS) =    1438.000  TEMP(K) =   301.50  PRESS =    90.6
 Etot   =    -28398.9606  EKtot   =      6935.3579  EPtot      =    -35334.3185
 BOND   =       173.7280  ANGLE   =       415.1107  DIHED      =       640.7596
 1-4 NB =       163.1316  1-4 EEL =      2432.9983  VDWAALS    =      4761.0982
 EELEC  =    -43965.5865  EHBOND  =         0.0000  RESTRAINT  =        44.4415
 EAMBER (non-restraint)  =    -35378.7600
 EKCMT  =      3200.5085  VIRIAL  =      2976.9725  VOLUME     =    114306.8990
                                                    Density    =         1.0080
 ------------------------------------------------------------------------------

wrapping first mol.:       17.65537       24.96847       43.24665
wrapping first mol.:       17.65537       24.96847       43.24665

 NSTEP =    49500   TIME(PS) =    1439.000  TEMP(K) =   298.29  PRESS =  -115.6
 Etot   =    -28395.8898  EKtot   =      6861.3828  EPtot      =    -35257.2726
 BOND   =       164.9348  ANGLE   =       381.2494  DIHED      =       630.7023
 1-4 NB =       171.7561  1-4 EEL =      2423.9384  VDWAALS    =      4558.2243
 EELEC  =    -43624.6644  EHBOND  =         0.0000  RESTRAINT  =        36.5866
 EAMBER (non-restraint)  =    -35293.8592
 EKCMT  =      3216.7475  VIRIAL  =      3502.1407  VOLUME     =    114387.0765
                                                    Density    =         1.0073
 ------------------------------------------------------------------------------

wrapping first mol.:       17.66463       24.98156       43.26933
wrapping first mol.:       17.66463       24.98156       43.26933

 NSTEP =    50000   TIME(PS) =    1440.000  TEMP(K) =   298.54  PRESS =    69.7
 Etot   =    -28217.1884  EKtot   =      6867.3242  EPtot      =    -35084.5126
 BOND   =       158.5351  ANGLE   =       418.0779  DIHED      =       620.2602
 1-4 NB =       172.8908  1-4 EEL =      2436.9655  VDWAALS    =      4602.7792
 EELEC  =    -43526.6466  EHBOND  =         0.0000  RESTRAINT  =        32.6252
 EAMBER (non-restraint)  =    -35117.1378
 EKCMT  =      3125.6503  VIRIAL  =      2953.1820  VOLUME     =    114565.1845
                                                    Density    =         1.0057
 ------------------------------------------------------------------------------


      A V E R A G E S   O V E R     100 S T E P S


 NSTEP =    50000   TIME(PS) =    1440.000  TEMP(K) =   299.34  PRESS =   -24.0
 Etot   =    -28375.3237  EKtot   =      6885.7436  EPtot      =    -35261.0673
 BOND   =       151.3661  ANGLE   =       400.4075  DIHED      =       625.6370
 1-4 NB =       168.6117  1-4 EEL =      2421.4412  VDWAALS    =      4610.6994
 EELEC  =    -43677.2860  EHBOND  =         0.0000  RESTRAINT  =        38.0557
 EAMBER (non-restraint)  =    -35299.1230
 EKCMT  =      3165.0101  VIRIAL  =      3224.3083  VOLUME     =    114053.3954
                                                    Density    =         1.0103
 ------------------------------------------------------------------------------


      R M S  F L U C T U A T I O N S


 NSTEP =    50000   TIME(PS) =    1440.000  TEMP(K) =     2.86  PRESS =   151.0
 Etot   =       111.5721  EKtot   =        65.7613  EPtot      =        92.1790
 BOND   =         9.3880  ANGLE   =        14.0717  DIHED      =         8.0724
 1-4 NB =         5.5407  1-4 EEL =        15.8509  VDWAALS    =        73.9509
 EELEC  =       137.0228  EHBOND  =         0.0000  RESTRAINT  =         4.5347
 EAMBER (non-restraint)  =        87.6442
 EKCMT  =        41.4382  VIRIAL  =       373.2476  VOLUME     =       286.2351
                                                    Density    =         0.0025
 ------------------------------------------------------------------------------

--------------------------------------------------------------------------------
   5.  TIMINGS
--------------------------------------------------------------------------------

|  NonSetup CPU Time in Major Routines:
|
|     Routine           Sec        %
|     ------------------------------
|     Nonbond          66.90   88.65
|     Bond              0.00    0.00
|     Angle             0.00    0.00
|     Dihedral          0.00    0.00
|     Shake             0.27    0.36
|     RunMD             8.27   10.96
|     Other             0.02    0.03
|     ------------------------------
|     Total            75.46

|  PME Nonbond Pairlist CPU Time:
|
|     Routine              Sec        %
|     ---------------------------------
|     Set Up Cit           0.00    0.00
|     Build List           0.00    0.00
|     ---------------------------------
|     Total                0.00    0.00

|  PME Direct Force CPU Time:
|
|     Routine              Sec        %
|     ---------------------------------
|     NonBonded Calc       0.00    0.00
|     Exclude Masked       0.00    0.00
|     Other                0.00    0.01
|     ---------------------------------
|     Total                0.00    0.01

|  PME Reciprocal Force CPU Time:
|
|     Routine              Sec        %
|     ---------------------------------
|     1D bspline           0.00    0.00
|     Grid Charges         0.00    0.00
|     Scalar Sum           0.00    0.00
|     Gradient Sum         0.00    0.00
|     FFT                  0.00    0.00
|     ---------------------------------
|     Total                0.00    0.00

|  Final Performance Info:
|     -----------------------------------------------------
|     Average timings for last    9500 steps:
|     Elapsed(s) =      14.34 Per Step(ms) =       1.51
|         ns/day =     114.52   seconds/ns =     754.48
|
|     Average timings for all steps:
|     Elapsed(s) =      75.46 Per Step(ms) =       1.51
|         ns/day =     114.49   seconds/ns =     754.64
|     -----------------------------------------------------

|  Setup CPU time:            0.40 seconds
|  NonSetup CPU time:        75.46 seconds
|  Total CPU time:           75.86 seconds     0.02 hours

|  Setup wall time:           0    seconds
|  NonSetup wall time:       76    seconds
|  Total wall time:          76    seconds     0.02 hours
