
          -------------------------------------------------------
          Amber 16 PMEMD                              2016
          -------------------------------------------------------

| PMEMD implementation of SANDER, Release 16

| Run on 06/20/2017 at 01:07:43

|   Executable path: pmemd.cuda
| Working directory: /home/german/alex/run/5rm/mhe/e
|          Hostname: Unknown
  [-O]verwriting output

File Assignments:
|   MDIN: 30equ.in                                                              
|  MDOUT: 30equ.out                                                             
| INPCRD: 29e5rm.rst7                                                           
|   PARM: /home/german/alex/top_files/5rm.prmtop                                
| RESTRT: 30e5rm.rst7                                                           
|   REFC: refc                                                                  
|  MDVEL: mdvel                                                                 
|   MDEN: mden                                                                  
|  MDCRD: 30e5rm.nc                                                             
| MDINFO: mdinfo                                                                
|  MDFRC: mdfrc                                                                 


 Here is the input file:

Equilibration without solute restrictions                                      
&cntrl                                                                         
imin = 0,                           ! No Minimization                          
nmropt = 0,                         ! No NMR restraints read                   
                                                                               
! Nature and format of the input                                               
ntx = 5,                            ! Coordinates and velocities will be read  
irest = 1,                          ! Do not run a new simulation              
                                                                               
! Nature and format of the output                                              
ntxo = 1,                           ! rstrt file in ASCII format               
ntpr = 500,                         ! inf in output every ntpr steps           
ntwr = 500,                         ! rstrt file every ntwr steps              
ntwx = 500,                         ! mdcrd file every ntwx steps              
ntwv = 0,                           ! mdvel without velocities                 
ntwe = 0,                           ! Energies and temperatures not written in 
idecomp = 0,                        ! No energy decomposition                  
iwrap = 1,                          ! Coordinates of the restart and mdcrd file
                                                                               
! Frozen or restrained atoms                                                   
ibelly = 0,                         ! No frozen atoms                          
ntr=0,                              ! Harmonic potential restraints            
                                                                               
! Molecular dynamics                                                           
nstlim = 50000,                     ! Number of MD-steps                       
dt = 0.002,                         ! Time step                                
                                                                               
! Temperature regulation                                                       
ntt = 3,                            ! Langevin thermostat                      
gamma_ln = 2,                       ! Gamma constant for Langevin              
!temp0 = 300.0,                     ! Reference T at which the system is to be 
tempi = 300.0,                      ! Initial T                                
ig = -1,                            ! Seed for the RNG                         
                                                                               
! P and V regulation                                                           
ntp = 0,                            ! No P control                             
ntb = 1,                            ! constant V                               
                                                                               
! SHAKE variables                                                              
ntc = 2,                            ! Bonds involving H are constrained        
ntf = 2,                            ! Bond interaction involving H are ommited.
                                                                               
cut = 9.0,                         ! Nonbonded cutoff                          
/                                                                              
&end                                                                           


Note: ig = -1. Setting random seed to   608124 based on wallclock time in 
      microseconds.
 
|--------------------- INFORMATION ----------------------
| GPU (CUDA) Version of PMEMD in use: NVIDIA GPU IN USE.
|                    Version 16.0.0
| 
|                      02/25/2016
| 
| Implementation by:
|                    Ross C. Walker     (SDSC)
|                    Scott Le Grand     (nVIDIA)
| 
| Precision model in use:
|      [SPFP] - Single Precision Forces, 64-bit Fixed Point
|               Accumulation. (Default)
| 
|--------------------------------------------------------
 
|----------------- CITATION INFORMATION -----------------
|
|    When publishing work that utilized the CUDA version
|    of AMBER, please cite the following in addition to
|    the regular AMBER citations:
|
|  - Romelia Salomon-Ferrer; Andreas W. Goetz; Duncan
|    Poole; Scott Le Grand; Ross C. Walker "Routine
|    microsecond molecular dynamics simulations with
|    AMBER - Part II: Particle Mesh Ewald", J. Chem.
|    Theory Comput., 2013, 9 (9), pp3878-3888,
|    DOI: 10.1021/ct400314y.
|
|  - Andreas W. Goetz; Mark J. Williamson; Dong Xu;
|    Duncan Poole; Scott Le Grand; Ross C. Walker
|    "Routine microsecond molecular dynamics simulations
|    with AMBER - Part I: Generalized Born", J. Chem.
|    Theory Comput., 2012, 8 (5), pp1542-1555.
|
|  - Scott Le Grand; Andreas W. Goetz; Ross C. Walker
|    "SPFP: Speed without compromise - a mixed precision
|    model for GPU accelerated molecular dynamics
|    simulations.", Comp. Phys. Comm., 2013, 184
|    pp374-380, DOI: 10.1016/j.cpc.2012.09.022
|
|--------------------------------------------------------
 
|------------------- GPU DEVICE INFO --------------------
|
|            CUDA_VISIBLE_DEVICES: 0
|   CUDA Capable Devices Detected:      1
|           CUDA Device ID in use:      0
|                CUDA Device Name: GeForce GTX 1060 6GB
|     CUDA Device Global Mem Size:   6072 MB
| CUDA Device Num Multiprocessors:     10
|           CUDA Device Core Freq:   1.76 GHz
|
|--------------------------------------------------------
 
 
| Conditional Compilation Defines Used:
| PUBFFT
| BINTRAJ
| CUDA
| EMIL

| Largest sphere to fit in unit cell has radius =    21.608

| New format PARM file being parsed.
| Version =    1.000 Date = 06/17/17 Time = 14:34:14

| Note: 1-4 EEL scale factors are being read from the topology file.

| Note: 1-4 VDW scale factors are being read from the topology file.
| Duplicated    0 dihedrals

| Duplicated    0 dihedrals

--------------------------------------------------------------------------------
   1.  RESOURCE   USE: 
--------------------------------------------------------------------------------

 getting new box info from bottom of inpcrd
 NATOM  =   11377 NTYPES =      17 NBONH =   10980 MBONA  =     402
 NTHETH =     874 MTHETA =     539 NPHIH =    1768 MPHIA  =    1685
 NHPARM =       0 NPARM  =       0 NNB   =   18411 NRES   =    3584
 NBONA  =     402 NTHETA =     539 NPHIA =    1685 NUMBND =      67
 NUMANG =     152 NPTRA  =     191 NATYP =      36 NPHB   =       1
 IFBOX  =       2 NMXRS  =      25 IFCAP =       0 NEXTRA =       0
 NCOPY  =       0

| Coordinate Index Table dimensions:     9    9    9
| Direct force subcell size =     5.8810    5.8810    5.8810

     BOX TYPE: TRUNCATED OCTAHEDRON

--------------------------------------------------------------------------------
   2.  CONTROL  DATA  FOR  THE  RUN
--------------------------------------------------------------------------------

default_name                                                                    

General flags:
     imin    =       0, nmropt  =       0

Nature and format of input:
     ntx     =       5, irest   =       1, ntrx    =       1

Nature and format of output:
     ntxo    =       1, ntpr    =     500, ntrx    =       1, ntwr    =     500
     iwrap   =       1, ntwx    =     500, ntwv    =       0, ntwe    =       0
     ioutfm  =       1, ntwprt  =       0, idecomp =       0, rbornstat=      0

Potential function:
     ntf     =       2, ntb     =       1, igb     =       0, nsnb    =      25
     ipol    =       0, gbsa    =       0, iesp    =       0
     dielc   =   1.00000, cut     =   9.00000, intdiel =   1.00000

Frozen or restrained atoms:
     ibelly  =       0, ntr     =       0

Molecular dynamics:
     nstlim  =     50000, nscm    =      1000, nrespa  =         1
     t       =   0.00000, dt      =   0.00200, vlimit  =  -1.00000

Langevin dynamics temperature regulation:
     ig      =  608124
     temp0   = 300.00000, tempi   = 300.00000, gamma_ln=   2.00000

SHAKE:
     ntc     =       2, jfastw  =       0
     tol     =   0.00001

| Intermolecular bonds treatment:
|     no_intermolecular_bonds =       1

| Energy averages sample interval:
|     ene_avg_sampling =     500

Ewald parameters:
     verbose =       0, ew_type =       0, nbflag  =       1, use_pme =       1
     vdwmeth =       1, eedmeth =       1, netfrc  =       1
     Box X =   52.929   Box Y =   52.929   Box Z =   52.929
     Alpha =  109.471   Beta  =  109.471   Gamma =  109.471
     NFFT1 =   56       NFFT2 =   56       NFFT3 =   56
     Cutoff=    9.000   Tol   =0.100E-04
     Ewald Coefficient =  0.30768
     Interpolation order =    4

--------------------------------------------------------------------------------
   3.  ATOMIC COORDINATES AND VELOCITIES
--------------------------------------------------------------------------------

default_name                                                                    
 begin time read from input coords =  3040.000 ps

 
 Number of triangulated 3-point waters found:     3532

     Sum of charges from parm topology file =  -0.00000003
     Forcing neutrality...

| Dynamic Memory, Types Used:
| Reals              419732
| Integers           347311

| Nonbonded Pairs Initial Allocation:     2593956

| GPU memory information (estimate):
| KB of GPU memory in use:     84314
| KB of CPU memory in use:     17210

--------------------------------------------------------------------------------
   4.  RESULTS
--------------------------------------------------------------------------------

 ---------------------------------------------------
 APPROXIMATING switch and d/dx switch using CUBIC SPLINE INTERPOLATION
 using   5000.0 points per unit in tabled values
 TESTING RELATIVE ERROR over r ranging from 0.0 to cutoff
| CHECK switch(x): max rel err =   0.2738E-14   at   2.422500
| CHECK d/dx switch(x): max rel err =   0.8314E-11   at   2.736960
 ---------------------------------------------------
|---------------------------------------------------
| APPROXIMATING direct energy using CUBIC SPLINE INTERPOLATION
|  with   50.0 points per unit in tabled values
| Relative Error Limit not exceeded for r .gt.   2.39
| APPROXIMATING direct force using CUBIC SPLINE INTERPOLATION
|  with   50.0 points per unit in tabled values
| Relative Error Limit not exceeded for r .gt.   2.84
|---------------------------------------------------
wrapping first mol.:       17.64287       24.95079       43.21603
wrapping first mol.:       17.64287       24.95079       43.21603

 NSTEP =      500   TIME(PS) =    3041.000  TEMP(K) =   295.27  PRESS =     0.0
 Etot   =    -28427.8445  EKtot   =      6792.0063  EPtot      =    -35219.8509
 BOND   =       144.6777  ANGLE   =       389.2202  DIHED      =       637.5260
 1-4 NB =       177.3739  1-4 EEL =      2486.6307  VDWAALS    =      4556.3551
 EELEC  =    -43611.6344  EHBOND  =         0.0000  RESTRAINT  =         0.0000
 ------------------------------------------------------------------------------

wrapping first mol.:       17.64287       24.95079       43.21603
wrapping first mol.:       17.64287       24.95079       43.21603

 NSTEP =     1000   TIME(PS) =    3042.000  TEMP(K) =   298.09  PRESS =     0.0
 Etot   =    -28365.2052  EKtot   =      6856.8193  EPtot      =    -35222.0246
 BOND   =       158.8323  ANGLE   =       384.5383  DIHED      =       639.8770
 1-4 NB =       171.4907  1-4 EEL =      2443.7085  VDWAALS    =      4653.5265
 EELEC  =    -43673.9979  EHBOND  =         0.0000  RESTRAINT  =         0.0000
 ------------------------------------------------------------------------------

wrapping first mol.:       17.64287       24.95079       43.21603
wrapping first mol.:       17.64287       24.95079       43.21603

 NSTEP =     1500   TIME(PS) =    3043.000  TEMP(K) =   300.58  PRESS =     0.0
 Etot   =    -28347.0265  EKtot   =      6914.0732  EPtot      =    -35261.0997
 BOND   =       170.6485  ANGLE   =       394.6890  DIHED      =       636.6892
 1-4 NB =       171.3844  1-4 EEL =      2482.3999  VDWAALS    =      4605.2660
 EELEC  =    -43722.1767  EHBOND  =         0.0000  RESTRAINT  =         0.0000
 ------------------------------------------------------------------------------

wrapping first mol.:       17.64287       24.95079       43.21603
wrapping first mol.:       17.64287       24.95079       43.21603

 NSTEP =     2000   TIME(PS) =    3044.000  TEMP(K) =   301.11  PRESS =     0.0
 Etot   =    -28407.9719  EKtot   =      6926.4312  EPtot      =    -35334.4031
 BOND   =       149.0080  ANGLE   =       397.6228  DIHED      =       616.6709
 1-4 NB =       172.4782  1-4 EEL =      2463.0528  VDWAALS    =      4596.0316
 EELEC  =    -43729.2673  EHBOND  =         0.0000  RESTRAINT  =         0.0000
 ------------------------------------------------------------------------------

wrapping first mol.:       17.64287       24.95079       43.21603
wrapping first mol.:       17.64287       24.95079       43.21603

 NSTEP =     2500   TIME(PS) =    3045.000  TEMP(K) =   298.74  PRESS =     0.0
 Etot   =    -28483.9540  EKtot   =      6871.8926  EPtot      =    -35355.8466
 BOND   =       139.8297  ANGLE   =       387.8543  DIHED      =       627.0182
 1-4 NB =       162.2194  1-4 EEL =      2467.5903  VDWAALS    =      4741.0341
 EELEC  =    -43881.3925  EHBOND  =         0.0000  RESTRAINT  =         0.0000
 ------------------------------------------------------------------------------

wrapping first mol.:       17.64287       24.95079       43.21603
wrapping first mol.:       17.64287       24.95079       43.21603

 NSTEP =     3000   TIME(PS) =    3046.000  TEMP(K) =   299.87  PRESS =     0.0
 Etot   =    -28472.9179  EKtot   =      6897.9014  EPtot      =    -35370.8193
 BOND   =       158.2097  ANGLE   =       405.5427  DIHED      =       636.7446
 1-4 NB =       169.7903  1-4 EEL =      2467.5785  VDWAALS    =      4627.2253
 EELEC  =    -43835.9103  EHBOND  =         0.0000  RESTRAINT  =         0.0000
 ------------------------------------------------------------------------------

wrapping first mol.:       17.64287       24.95079       43.21603
wrapping first mol.:       17.64287       24.95079       43.21603

 NSTEP =     3500   TIME(PS) =    3047.000  TEMP(K) =   301.99  PRESS =     0.0
 Etot   =    -28298.7115  EKtot   =      6946.5840  EPtot      =    -35245.2955
 BOND   =       151.2506  ANGLE   =       413.3242  DIHED      =       639.3352
 1-4 NB =       167.3710  1-4 EEL =      2459.4648  VDWAALS    =      4427.1605
 EELEC  =    -43503.2017  EHBOND  =         0.0000  RESTRAINT  =         0.0000
 ------------------------------------------------------------------------------

wrapping first mol.:       17.64287       24.95079       43.21603
wrapping first mol.:       17.64287       24.95079       43.21603

 NSTEP =     4000   TIME(PS) =    3048.000  TEMP(K) =   294.67  PRESS =     0.0
 Etot   =    -28511.1033  EKtot   =      6778.2583  EPtot      =    -35289.3616
 BOND   =       149.3719  ANGLE   =       415.4259  DIHED      =       620.9651
 1-4 NB =       172.8109  1-4 EEL =      2472.2639  VDWAALS    =      4682.9531
 EELEC  =    -43803.1526  EHBOND  =         0.0000  RESTRAINT  =         0.0000
 ------------------------------------------------------------------------------

wrapping first mol.:       17.64287       24.95079       43.21603
wrapping first mol.:       17.64287       24.95079       43.21603

 NSTEP =     4500   TIME(PS) =    3049.000  TEMP(K) =   299.24  PRESS =     0.0
 Etot   =    -28489.8032  EKtot   =      6883.4165  EPtot      =    -35373.2197
 BOND   =       138.8734  ANGLE   =       406.4069  DIHED      =       624.0086
 1-4 NB =       170.4093  1-4 EEL =      2442.3686  VDWAALS    =      4689.3799
 EELEC  =    -43844.6665  EHBOND  =         0.0000  RESTRAINT  =         0.0000
 ------------------------------------------------------------------------------

wrapping first mol.:       17.64287       24.95079       43.21603
wrapping first mol.:       17.64287       24.95079       43.21603

 NSTEP =     5000   TIME(PS) =    3050.000  TEMP(K) =   299.41  PRESS =     0.0
 Etot   =    -28421.7702  EKtot   =      6887.2217  EPtot      =    -35308.9919
 BOND   =       148.0549  ANGLE   =       402.8451  DIHED      =       624.5413
 1-4 NB =       168.4871  1-4 EEL =      2475.9850  VDWAALS    =      4803.1129
 EELEC  =    -43932.0181  EHBOND  =         0.0000  RESTRAINT  =         0.0000
 ------------------------------------------------------------------------------

wrapping first mol.:       17.64287       24.95079       43.21603
wrapping first mol.:       17.64287       24.95079       43.21603

 NSTEP =     5500   TIME(PS) =    3051.000  TEMP(K) =   299.78  PRESS =     0.0
 Etot   =    -28443.5545  EKtot   =      6895.7476  EPtot      =    -35339.3020
 BOND   =       153.6906  ANGLE   =       399.3162  DIHED      =       616.6463
 1-4 NB =       157.6668  1-4 EEL =      2443.3073  VDWAALS    =      4554.0418
 EELEC  =    -43663.9711  EHBOND  =         0.0000  RESTRAINT  =         0.0000
 ------------------------------------------------------------------------------

wrapping first mol.:       17.64287       24.95079       43.21603
wrapping first mol.:       17.64287       24.95079       43.21603

 NSTEP =     6000   TIME(PS) =    3052.000  TEMP(K) =   299.68  PRESS =     0.0
 Etot   =    -28345.7273  EKtot   =      6893.3799  EPtot      =    -35239.1072
 BOND   =       147.9479  ANGLE   =       396.8291  DIHED      =       628.6111
 1-4 NB =       165.1811  1-4 EEL =      2498.0145  VDWAALS    =      4677.0841
 EELEC  =    -43752.7749  EHBOND  =         0.0000  RESTRAINT  =         0.0000
 ------------------------------------------------------------------------------

wrapping first mol.:       17.64287       24.95079       43.21603
wrapping first mol.:       17.64287       24.95079       43.21603

 NSTEP =     6500   TIME(PS) =    3053.000  TEMP(K) =   300.09  PRESS =     0.0
 Etot   =    -28356.4737  EKtot   =      6902.7769  EPtot      =    -35259.2506
 BOND   =       160.2132  ANGLE   =       395.4929  DIHED      =       624.1378
 1-4 NB =       160.4898  1-4 EEL =      2456.5037  VDWAALS    =      4659.0435
 EELEC  =    -43715.1315  EHBOND  =         0.0000  RESTRAINT  =         0.0000
 ------------------------------------------------------------------------------

wrapping first mol.:       17.64287       24.95079       43.21603
wrapping first mol.:       17.64287       24.95079       43.21603

 NSTEP =     7000   TIME(PS) =    3054.000  TEMP(K) =   300.72  PRESS =     0.0
 Etot   =    -28364.2618  EKtot   =      6917.3154  EPtot      =    -35281.5772
 BOND   =       144.7836  ANGLE   =       368.7671  DIHED      =       623.3144
 1-4 NB =       165.1947  1-4 EEL =      2469.8083  VDWAALS    =      4455.3186
 EELEC  =    -43508.7639  EHBOND  =         0.0000  RESTRAINT  =         0.0000
 ------------------------------------------------------------------------------

wrapping first mol.:       17.64287       24.95079       43.21603
wrapping first mol.:       17.64287       24.95079       43.21603

 NSTEP =     7500   TIME(PS) =    3055.000  TEMP(K) =   300.90  PRESS =     0.0
 Etot   =    -28293.6300  EKtot   =      6921.5938  EPtot      =    -35215.2237
 BOND   =       152.7722  ANGLE   =       419.8270  DIHED      =       630.7226
 1-4 NB =       166.9781  1-4 EEL =      2452.2107  VDWAALS    =      4573.8560
 EELEC  =    -43611.5904  EHBOND  =         0.0000  RESTRAINT  =         0.0000
 ------------------------------------------------------------------------------

wrapping first mol.:       17.64287       24.95079       43.21603
wrapping first mol.:       17.64287       24.95079       43.21603

 NSTEP =     8000   TIME(PS) =    3056.000  TEMP(K) =   303.94  PRESS =     0.0
 Etot   =    -28315.1089  EKtot   =      6991.4253  EPtot      =    -35306.5342
 BOND   =       159.8935  ANGLE   =       419.0496  DIHED      =       618.5042
 1-4 NB =       160.3593  1-4 EEL =      2473.9855  VDWAALS    =      4631.0814
 EELEC  =    -43769.4076  EHBOND  =         0.0000  RESTRAINT  =         0.0000
 ------------------------------------------------------------------------------

wrapping first mol.:       17.64287       24.95079       43.21603
wrapping first mol.:       17.64287       24.95079       43.21603

 NSTEP =     8500   TIME(PS) =    3057.000  TEMP(K) =   296.66  PRESS =     0.0
 Etot   =    -28432.2545  EKtot   =      6824.0405  EPtot      =    -35256.2950
 BOND   =       151.2035  ANGLE   =       407.3816  DIHED      =       614.6262
 1-4 NB =       171.5399  1-4 EEL =      2446.7398  VDWAALS    =      4673.8681
 EELEC  =    -43721.6540  EHBOND  =         0.0000  RESTRAINT  =         0.0000
 ------------------------------------------------------------------------------

wrapping first mol.:       17.64287       24.95079       43.21603
wrapping first mol.:       17.64287       24.95079       43.21603

 NSTEP =     9000   TIME(PS) =    3058.000  TEMP(K) =   296.17  PRESS =     0.0
 Etot   =    -28397.1972  EKtot   =      6812.6426  EPtot      =    -35209.8398
 BOND   =       157.7596  ANGLE   =       403.6860  DIHED      =       621.6857
 1-4 NB =       165.3968  1-4 EEL =      2447.9325  VDWAALS    =      4543.0844
 EELEC  =    -43549.3849  EHBOND  =         0.0000  RESTRAINT  =         0.0000
 ------------------------------------------------------------------------------

wrapping first mol.:       17.64287       24.95079       43.21603
wrapping first mol.:       17.64287       24.95079       43.21603

 NSTEP =     9500   TIME(PS) =    3059.000  TEMP(K) =   301.92  PRESS =     0.0
 Etot   =    -28343.8912  EKtot   =      6945.0283  EPtot      =    -35288.9195
 BOND   =       152.6703  ANGLE   =       397.1607  DIHED      =       624.7779
 1-4 NB =       166.9558  1-4 EEL =      2455.7112  VDWAALS    =      4632.4569
 EELEC  =    -43718.6523  EHBOND  =         0.0000  RESTRAINT  =         0.0000
 ------------------------------------------------------------------------------

wrapping first mol.:       17.64287       24.95079       43.21603
wrapping first mol.:       17.64287       24.95079       43.21603

 NSTEP =    10000   TIME(PS) =    3060.000  TEMP(K) =   299.37  PRESS =     0.0
 Etot   =    -28355.8352  EKtot   =      6886.2383  EPtot      =    -35242.0735
 BOND   =       165.9241  ANGLE   =       417.4786  DIHED      =       638.6295
 1-4 NB =       158.4531  1-4 EEL =      2449.7153  VDWAALS    =      4553.7685
 EELEC  =    -43626.0426  EHBOND  =         0.0000  RESTRAINT  =         0.0000
 ------------------------------------------------------------------------------

wrapping first mol.:       17.64287       24.95079       43.21603
wrapping first mol.:       17.64287       24.95079       43.21603

 NSTEP =    10500   TIME(PS) =    3061.000  TEMP(K) =   297.44  PRESS =     0.0
 Etot   =    -28417.8357  EKtot   =      6842.0142  EPtot      =    -35259.8498
 BOND   =       145.1394  ANGLE   =       390.2162  DIHED      =       625.5739
 1-4 NB =       176.6478  1-4 EEL =      2496.0125  VDWAALS    =      4597.3837
 EELEC  =    -43690.8233  EHBOND  =         0.0000  RESTRAINT  =         0.0000
 ------------------------------------------------------------------------------

wrapping first mol.:       17.64287       24.95079       43.21603
wrapping first mol.:       17.64287       24.95079       43.21603

 NSTEP =    11000   TIME(PS) =    3062.000  TEMP(K) =   294.97  PRESS =     0.0
 Etot   =    -28476.5408  EKtot   =      6785.0962  EPtot      =    -35261.6370
 BOND   =       139.6404  ANGLE   =       391.9794  DIHED      =       611.8574
 1-4 NB =       177.5701  1-4 EEL =      2459.0759  VDWAALS    =      4695.2452
 EELEC  =    -43737.0053  EHBOND  =         0.0000  RESTRAINT  =         0.0000
 ------------------------------------------------------------------------------

wrapping first mol.:       17.64287       24.95079       43.21603
wrapping first mol.:       17.64287       24.95079       43.21603

 NSTEP =    11500   TIME(PS) =    3063.000  TEMP(K) =   297.22  PRESS =     0.0
 Etot   =    -28436.3172  EKtot   =      6836.9575  EPtot      =    -35273.2748
 BOND   =       167.5878  ANGLE   =       400.8146  DIHED      =       630.0589
 1-4 NB =       164.3764  1-4 EEL =      2477.3427  VDWAALS    =      4548.3560
 EELEC  =    -43661.8111  EHBOND  =         0.0000  RESTRAINT  =         0.0000
 ------------------------------------------------------------------------------

wrapping first mol.:       17.64287       24.95079       43.21603
wrapping first mol.:       17.64287       24.95079       43.21603

 NSTEP =    12000   TIME(PS) =    3064.000  TEMP(K) =   297.21  PRESS =     0.0
 Etot   =    -28522.8006  EKtot   =      6836.5967  EPtot      =    -35359.3973
 BOND   =       154.0196  ANGLE   =       401.3852  DIHED      =       628.4253
 1-4 NB =       167.5807  1-4 EEL =      2482.1633  VDWAALS    =      4673.9770
 EELEC  =    -43866.9484  EHBOND  =         0.0000  RESTRAINT  =         0.0000
 ------------------------------------------------------------------------------

wrapping first mol.:       17.64287       24.95079       43.21603
wrapping first mol.:       17.64287       24.95079       43.21603

 NSTEP =    12500   TIME(PS) =    3065.000  TEMP(K) =   305.84  PRESS =     0.0
 Etot   =    -28091.8926  EKtot   =      7035.1519  EPtot      =    -35127.0444
 BOND   =       152.3641  ANGLE   =       376.8292  DIHED      =       634.1044
 1-4 NB =       173.7873  1-4 EEL =      2474.7011  VDWAALS    =      4563.1145
 EELEC  =    -43501.9450  EHBOND  =         0.0000  RESTRAINT  =         0.0000
 ------------------------------------------------------------------------------

wrapping first mol.:       17.64287       24.95079       43.21603
wrapping first mol.:       17.64287       24.95079       43.21603

 NSTEP =    13000   TIME(PS) =    3066.000  TEMP(K) =   305.23  PRESS =     0.0
 Etot   =    -28209.5719  EKtot   =      7021.2207  EPtot      =    -35230.7926
 BOND   =       149.5058  ANGLE   =       402.7577  DIHED      =       619.9842
 1-4 NB =       168.3664  1-4 EEL =      2482.2165  VDWAALS    =      4609.5621
 EELEC  =    -43663.1852  EHBOND  =         0.0000  RESTRAINT  =         0.0000
 ------------------------------------------------------------------------------

wrapping first mol.:       17.64287       24.95079       43.21603
wrapping first mol.:       17.64287       24.95079       43.21603

 NSTEP =    13500   TIME(PS) =    3067.000  TEMP(K) =   298.30  PRESS =     0.0
 Etot   =    -28411.0485  EKtot   =      6861.7578  EPtot      =    -35272.8063
 BOND   =       130.0973  ANGLE   =       378.6661  DIHED      =       629.9678
 1-4 NB =       174.4961  1-4 EEL =      2459.8728  VDWAALS    =      4577.5185
 EELEC  =    -43623.4248  EHBOND  =         0.0000  RESTRAINT  =         0.0000
 ------------------------------------------------------------------------------

wrapping first mol.:       17.64287       24.95079       43.21603
wrapping first mol.:       17.64287       24.95079       43.21603

 NSTEP =    14000   TIME(PS) =    3068.000  TEMP(K) =   300.73  PRESS =     0.0
 Etot   =    -28328.5930  EKtot   =      6917.6538  EPtot      =    -35246.2468
 BOND   =       145.5192  ANGLE   =       413.7891  DIHED      =       621.0881
 1-4 NB =       164.3942  1-4 EEL =      2463.8613  VDWAALS    =      4449.0133
 EELEC  =    -43503.9120  EHBOND  =         0.0000  RESTRAINT  =         0.0000
 ------------------------------------------------------------------------------

wrapping first mol.:       17.64287       24.95079       43.21603
wrapping first mol.:       17.64287       24.95079       43.21603

 NSTEP =    14500   TIME(PS) =    3069.000  TEMP(K) =   303.51  PRESS =     0.0
 Etot   =    -28341.4508  EKtot   =      6981.5298  EPtot      =    -35322.9806
 BOND   =       152.7200  ANGLE   =       421.6950  DIHED      =       640.9887
 1-4 NB =       166.3993  1-4 EEL =      2445.7791  VDWAALS    =      4519.4578
 EELEC  =    -43670.0206  EHBOND  =         0.0000  RESTRAINT  =         0.0000
 ------------------------------------------------------------------------------

wrapping first mol.:       17.64287       24.95079       43.21603
wrapping first mol.:       17.64287       24.95079       43.21603

 NSTEP =    15000   TIME(PS) =    3070.000  TEMP(K) =   295.71  PRESS =     0.0
 Etot   =    -28652.0306  EKtot   =      6802.0361  EPtot      =    -35454.0667
 BOND   =       154.1691  ANGLE   =       419.5404  DIHED      =       635.9117
 1-4 NB =       159.0210  1-4 EEL =      2446.1216  VDWAALS    =      4538.3293
 EELEC  =    -43807.1597  EHBOND  =         0.0000  RESTRAINT  =         0.0000
 ------------------------------------------------------------------------------

wrapping first mol.:       17.64287       24.95079       43.21603
wrapping first mol.:       17.64287       24.95079       43.21603

 NSTEP =    15500   TIME(PS) =    3071.000  TEMP(K) =   303.28  PRESS =     0.0
 Etot   =    -28425.0418  EKtot   =      6976.2871  EPtot      =    -35401.3289
 BOND   =       144.4717  ANGLE   =       414.3481  DIHED      =       639.4627
 1-4 NB =       160.8733  1-4 EEL =      2447.5030  VDWAALS    =      4738.2958
 EELEC  =    -43946.2835  EHBOND  =         0.0000  RESTRAINT  =         0.0000
 ------------------------------------------------------------------------------

wrapping first mol.:       17.64287       24.95079       43.21603
wrapping first mol.:       17.64287       24.95079       43.21603

 NSTEP =    16000   TIME(PS) =    3072.000  TEMP(K) =   301.32  PRESS =     0.0
 Etot   =    -28389.2779  EKtot   =      6931.1753  EPtot      =    -35320.4531
 BOND   =       145.7090  ANGLE   =       399.8762  DIHED      =       617.1283
 1-4 NB =       174.8458  1-4 EEL =      2460.2037  VDWAALS    =      4587.3502
 EELEC  =    -43705.5664  EHBOND  =         0.0000  RESTRAINT  =         0.0000
 ------------------------------------------------------------------------------

wrapping first mol.:       17.64287       24.95079       43.21603
wrapping first mol.:       17.64287       24.95079       43.21603

 NSTEP =    16500   TIME(PS) =    3073.000  TEMP(K) =   304.03  PRESS =     0.0
 Etot   =    -28335.9533  EKtot   =      6993.5400  EPtot      =    -35329.4933
 BOND   =       143.7488  ANGLE   =       411.2141  DIHED      =       608.1868
 1-4 NB =       160.1192  1-4 EEL =      2462.7100  VDWAALS    =      4607.1350
 EELEC  =    -43722.6072  EHBOND  =         0.0000  RESTRAINT  =         0.0000
 ------------------------------------------------------------------------------

wrapping first mol.:       17.64287       24.95079       43.21603
wrapping first mol.:       17.64287       24.95079       43.21603

 NSTEP =    17000   TIME(PS) =    3074.000  TEMP(K) =   300.51  PRESS =     0.0
 Etot   =    -28407.3395  EKtot   =      6912.6470  EPtot      =    -35319.9865
 BOND   =       151.9408  ANGLE   =       370.4022  DIHED      =       641.0031
 1-4 NB =       169.9941  1-4 EEL =      2467.9681  VDWAALS    =      4626.9945
 EELEC  =    -43748.2893  EHBOND  =         0.0000  RESTRAINT  =         0.0000
 ------------------------------------------------------------------------------

wrapping first mol.:       17.64287       24.95079       43.21603
wrapping first mol.:       17.64287       24.95079       43.21603

 NSTEP =    17500   TIME(PS) =    3075.000  TEMP(K) =   303.16  PRESS =     0.0
 Etot   =    -28404.7313  EKtot   =      6973.5742  EPtot      =    -35378.3055
 BOND   =       154.3934  ANGLE   =       389.6152  DIHED      =       641.9639
 1-4 NB =       166.2605  1-4 EEL =      2449.0440  VDWAALS    =      4567.7607
 EELEC  =    -43747.3433  EHBOND  =         0.0000  RESTRAINT  =         0.0000
 ------------------------------------------------------------------------------

wrapping first mol.:       17.64287       24.95079       43.21603
wrapping first mol.:       17.64287       24.95079       43.21603

 NSTEP =    18000   TIME(PS) =    3076.000  TEMP(K) =   298.65  PRESS =     0.0
 Etot   =    -28369.8393  EKtot   =      6869.7432  EPtot      =    -35239.5825
 BOND   =       140.7726  ANGLE   =       412.1108  DIHED      =       644.3325
 1-4 NB =       167.1219  1-4 EEL =      2454.4686  VDWAALS    =      4535.0309
 EELEC  =    -43593.4198  EHBOND  =         0.0000  RESTRAINT  =         0.0000
 ------------------------------------------------------------------------------

wrapping first mol.:       17.64287       24.95079       43.21603
wrapping first mol.:       17.64287       24.95079       43.21603

 NSTEP =    18500   TIME(PS) =    3077.000  TEMP(K) =   297.24  PRESS =     0.0
 Etot   =    -28502.6059  EKtot   =      6837.3599  EPtot      =    -35339.9658
 BOND   =       141.9415  ANGLE   =       362.7870  DIHED      =       624.5953
 1-4 NB =       163.3888  1-4 EEL =      2477.1135  VDWAALS    =      4554.5289
 EELEC  =    -43664.3208  EHBOND  =         0.0000  RESTRAINT  =         0.0000
 ------------------------------------------------------------------------------

wrapping first mol.:       17.64287       24.95079       43.21603
wrapping first mol.:       17.64287       24.95079       43.21603

 NSTEP =    19000   TIME(PS) =    3078.000  TEMP(K) =   299.08  PRESS =     0.0
 Etot   =    -28481.7031  EKtot   =      6879.7451  EPtot      =    -35361.4482
 BOND   =       151.1581  ANGLE   =       394.1378  DIHED      =       630.7157
 1-4 NB =       177.8172  1-4 EEL =      2449.9679  VDWAALS    =      4693.3380
 EELEC  =    -43858.5829  EHBOND  =         0.0000  RESTRAINT  =         0.0000
 ------------------------------------------------------------------------------

wrapping first mol.:       17.64287       24.95079       43.21603
wrapping first mol.:       17.64287       24.95079       43.21603

 NSTEP =    19500   TIME(PS) =    3079.000  TEMP(K) =   297.49  PRESS =     0.0
 Etot   =    -28383.8447  EKtot   =      6843.0562  EPtot      =    -35226.9009
 BOND   =       145.2642  ANGLE   =       411.2997  DIHED      =       627.6195
 1-4 NB =       169.8159  1-4 EEL =      2500.6794  VDWAALS    =      4547.5202
 EELEC  =    -43629.0997  EHBOND  =         0.0000  RESTRAINT  =         0.0000
 ------------------------------------------------------------------------------

wrapping first mol.:       17.64287       24.95079       43.21603
wrapping first mol.:       17.64287       24.95079       43.21603

 NSTEP =    20000   TIME(PS) =    3080.000  TEMP(K) =   298.18  PRESS =     0.0
 Etot   =    -28315.1148  EKtot   =      6858.9956  EPtot      =    -35174.1104
 BOND   =       151.9363  ANGLE   =       401.7781  DIHED      =       633.3383
 1-4 NB =       178.1756  1-4 EEL =      2474.2500  VDWAALS    =      4411.8597
 EELEC  =    -43425.4483  EHBOND  =         0.0000  RESTRAINT  =         0.0000
 ------------------------------------------------------------------------------

wrapping first mol.:       17.64287       24.95079       43.21603
wrapping first mol.:       17.64287       24.95079       43.21603

 NSTEP =    20500   TIME(PS) =    3081.000  TEMP(K) =   295.88  PRESS =     0.0
 Etot   =    -28552.5310  EKtot   =      6806.0024  EPtot      =    -35358.5334
 BOND   =       140.2025  ANGLE   =       377.5413  DIHED      =       635.4271
 1-4 NB =       159.7180  1-4 EEL =      2444.0263  VDWAALS    =      4635.9448
 EELEC  =    -43751.3934  EHBOND  =         0.0000  RESTRAINT  =         0.0000
 ------------------------------------------------------------------------------

wrapping first mol.:       17.64287       24.95079       43.21603
wrapping first mol.:       17.64287       24.95079       43.21603

 NSTEP =    21000   TIME(PS) =    3082.000  TEMP(K) =   300.45  PRESS =     0.0
 Etot   =    -28455.8528  EKtot   =      6911.1519  EPtot      =    -35367.0046
 BOND   =       145.0242  ANGLE   =       380.5045  DIHED      =       645.3754
 1-4 NB =       166.4587  1-4 EEL =      2462.6607  VDWAALS    =      4662.5615
 EELEC  =    -43829.5896  EHBOND  =         0.0000  RESTRAINT  =         0.0000
 ------------------------------------------------------------------------------

wrapping first mol.:       17.64287       24.95079       43.21603
wrapping first mol.:       17.64287       24.95079       43.21603

 NSTEP =    21500   TIME(PS) =    3083.000  TEMP(K) =   301.10  PRESS =     0.0
 Etot   =    -28435.8771  EKtot   =      6926.0830  EPtot      =    -35361.9601
 BOND   =       143.8566  ANGLE   =       403.1523  DIHED      =       638.8734
 1-4 NB =       171.8652  1-4 EEL =      2428.5131  VDWAALS    =      4550.2477
 EELEC  =    -43698.4686  EHBOND  =         0.0000  RESTRAINT  =         0.0000
 ------------------------------------------------------------------------------

wrapping first mol.:       17.64287       24.95079       43.21603
wrapping first mol.:       17.64287       24.95079       43.21603

 NSTEP =    22000   TIME(PS) =    3084.000  TEMP(K) =   302.00  PRESS =     0.0
 Etot   =    -28443.9542  EKtot   =      6946.9087  EPtot      =    -35390.8629
 BOND   =       133.9035  ANGLE   =       395.4750  DIHED      =       630.2567
 1-4 NB =       172.2137  1-4 EEL =      2452.7526  VDWAALS    =      4613.6141
 EELEC  =    -43789.0784  EHBOND  =         0.0000  RESTRAINT  =         0.0000
 ------------------------------------------------------------------------------

wrapping first mol.:       17.64287       24.95079       43.21603
wrapping first mol.:       17.64287       24.95079       43.21603

 NSTEP =    22500   TIME(PS) =    3085.000  TEMP(K) =   300.85  PRESS =     0.0
 Etot   =    -28419.8636  EKtot   =      6920.3926  EPtot      =    -35340.2562
 BOND   =       151.0955  ANGLE   =       377.5255  DIHED      =       634.2217
 1-4 NB =       165.1335  1-4 EEL =      2461.1625  VDWAALS    =      4578.9906
 EELEC  =    -43708.3855  EHBOND  =         0.0000  RESTRAINT  =         0.0000
 ------------------------------------------------------------------------------

wrapping first mol.:       17.64287       24.95079       43.21603
wrapping first mol.:       17.64287       24.95079       43.21603

 NSTEP =    23000   TIME(PS) =    3086.000  TEMP(K) =   300.66  PRESS =     0.0
 Etot   =    -28434.7614  EKtot   =      6916.0210  EPtot      =    -35350.7824
 BOND   =       145.5601  ANGLE   =       395.4185  DIHED      =       626.7182
 1-4 NB =       176.0125  1-4 EEL =      2451.8824  VDWAALS    =      4535.4689
 EELEC  =    -43681.8430  EHBOND  =         0.0000  RESTRAINT  =         0.0000
 ------------------------------------------------------------------------------

wrapping first mol.:       17.64287       24.95079       43.21603
wrapping first mol.:       17.64287       24.95079       43.21603

 NSTEP =    23500   TIME(PS) =    3087.000  TEMP(K) =   301.39  PRESS =     0.0
 Etot   =    -28571.3819  EKtot   =      6932.8472  EPtot      =    -35504.2291
 BOND   =       132.1912  ANGLE   =       402.3366  DIHED      =       627.8269
 1-4 NB =       159.2860  1-4 EEL =      2455.1173  VDWAALS    =      4597.0231
 EELEC  =    -43878.0101  EHBOND  =         0.0000  RESTRAINT  =         0.0000
 ------------------------------------------------------------------------------

wrapping first mol.:       17.64287       24.95079       43.21603
wrapping first mol.:       17.64287       24.95079       43.21603

 NSTEP =    24000   TIME(PS) =    3088.000  TEMP(K) =   305.95  PRESS =     0.0
 Etot   =    -28283.0460  EKtot   =      7037.7290  EPtot      =    -35320.7750
 BOND   =       136.6610  ANGLE   =       409.4804  DIHED      =       628.1548
 1-4 NB =       172.1627  1-4 EEL =      2465.9257  VDWAALS    =      4699.9269
 EELEC  =    -43833.0864  EHBOND  =         0.0000  RESTRAINT  =         0.0000
 ------------------------------------------------------------------------------

wrapping first mol.:       17.64287       24.95079       43.21603
wrapping first mol.:       17.64287       24.95079       43.21603

 NSTEP =    24500   TIME(PS) =    3089.000  TEMP(K) =   299.95  PRESS =     0.0
 Etot   =    -28428.3559  EKtot   =      6899.6704  EPtot      =    -35328.0263
 BOND   =       143.7031  ANGLE   =       391.6253  DIHED      =       630.4702
 1-4 NB =       164.6528  1-4 EEL =      2444.0904  VDWAALS    =      4698.6529
 EELEC  =    -43801.2211  EHBOND  =         0.0000  RESTRAINT  =         0.0000
 ------------------------------------------------------------------------------

wrapping first mol.:       17.64287       24.95079       43.21603
wrapping first mol.:       17.64287       24.95079       43.21603

 NSTEP =    25000   TIME(PS) =    3090.000  TEMP(K) =   295.38  PRESS =     0.0
 Etot   =    -28535.1910  EKtot   =      6794.6235  EPtot      =    -35329.8146
 BOND   =       148.7871  ANGLE   =       387.2817  DIHED      =       622.8141
 1-4 NB =       155.9601  1-4 EEL =      2456.2582  VDWAALS    =      4563.4947
 EELEC  =    -43664.4104  EHBOND  =         0.0000  RESTRAINT  =         0.0000
 ------------------------------------------------------------------------------

wrapping first mol.:       17.64287       24.95079       43.21603
wrapping first mol.:       17.64287       24.95079       43.21603

 NSTEP =    25500   TIME(PS) =    3091.000  TEMP(K) =   298.96  PRESS =     0.0
 Etot   =    -28500.9235  EKtot   =      6876.8647  EPtot      =    -35377.7882
 BOND   =       174.1196  ANGLE   =       420.9912  DIHED      =       618.6904
 1-4 NB =       167.9064  1-4 EEL =      2476.9831  VDWAALS    =      4557.2313
 EELEC  =    -43793.7102  EHBOND  =         0.0000  RESTRAINT  =         0.0000
 ------------------------------------------------------------------------------

wrapping first mol.:       17.64287       24.95079       43.21603
wrapping first mol.:       17.64287       24.95079       43.21603

 NSTEP =    26000   TIME(PS) =    3092.000  TEMP(K) =   298.19  PRESS =     0.0
 Etot   =    -28349.1327  EKtot   =      6859.2002  EPtot      =    -35208.3329
 BOND   =       145.7789  ANGLE   =       394.6622  DIHED      =       627.4234
 1-4 NB =       168.2853  1-4 EEL =      2447.8526  VDWAALS    =      4608.3497
 EELEC  =    -43600.6851  EHBOND  =         0.0000  RESTRAINT  =         0.0000
 ------------------------------------------------------------------------------

wrapping first mol.:       17.64287       24.95079       43.21603
wrapping first mol.:       17.64287       24.95079       43.21603

 NSTEP =    26500   TIME(PS) =    3093.000  TEMP(K) =   298.01  PRESS =     0.0
 Etot   =    -28411.1029  EKtot   =      6854.9854  EPtot      =    -35266.0883
 BOND   =       146.4427  ANGLE   =       405.6684  DIHED      =       622.9070
 1-4 NB =       162.1158  1-4 EEL =      2478.9571  VDWAALS    =      4710.3362
 EELEC  =    -43792.5155  EHBOND  =         0.0000  RESTRAINT  =         0.0000
 ------------------------------------------------------------------------------

wrapping first mol.:       17.64287       24.95079       43.21603
wrapping first mol.:       17.64287       24.95079       43.21603

 NSTEP =    27000   TIME(PS) =    3094.000  TEMP(K) =   300.08  PRESS =     0.0
 Etot   =    -28466.1585  EKtot   =      6902.7026  EPtot      =    -35368.8612
 BOND   =       162.5740  ANGLE   =       404.4459  DIHED      =       630.6557
 1-4 NB =       180.8816  1-4 EEL =      2467.6737  VDWAALS    =      4595.8292
 EELEC  =    -43810.9214  EHBOND  =         0.0000  RESTRAINT  =         0.0000
 ------------------------------------------------------------------------------

wrapping first mol.:       17.64287       24.95079       43.21603
wrapping first mol.:       17.64287       24.95079       43.21603

 NSTEP =    27500   TIME(PS) =    3095.000  TEMP(K) =   300.68  PRESS =     0.0
 Etot   =    -28361.8489  EKtot   =      6916.4414  EPtot      =    -35278.2903
 BOND   =       155.5081  ANGLE   =       400.9216  DIHED      =       635.1658
 1-4 NB =       173.3180  1-4 EEL =      2460.5024  VDWAALS    =      4605.4384
 EELEC  =    -43709.1447  EHBOND  =         0.0000  RESTRAINT  =         0.0000
 ------------------------------------------------------------------------------

wrapping first mol.:       17.64287       24.95079       43.21603
wrapping first mol.:       17.64287       24.95079       43.21603

 NSTEP =    28000   TIME(PS) =    3096.000  TEMP(K) =   300.11  PRESS =     0.0
 Etot   =    -28281.1442  EKtot   =      6903.4131  EPtot      =    -35184.5572
 BOND   =       171.1802  ANGLE   =       408.9398  DIHED      =       620.3541
 1-4 NB =       171.5258  1-4 EEL =      2463.9581  VDWAALS    =      4706.6837
 EELEC  =    -43727.1991  EHBOND  =         0.0000  RESTRAINT  =         0.0000
 ------------------------------------------------------------------------------

wrapping first mol.:       17.64287       24.95079       43.21603
wrapping first mol.:       17.64287       24.95079       43.21603

 NSTEP =    28500   TIME(PS) =    3097.000  TEMP(K) =   298.37  PRESS =     0.0
 Etot   =    -28377.7805  EKtot   =      6863.2979  EPtot      =    -35241.0783
 BOND   =       148.3970  ANGLE   =       384.1832  DIHED      =       623.9611
 1-4 NB =       165.2770  1-4 EEL =      2445.6442  VDWAALS    =      4447.0373
 EELEC  =    -43455.5781  EHBOND  =         0.0000  RESTRAINT  =         0.0000
 ------------------------------------------------------------------------------

wrapping first mol.:       17.64287       24.95079       43.21603
wrapping first mol.:       17.64287       24.95079       43.21603

 NSTEP =    29000   TIME(PS) =    3098.000  TEMP(K) =   297.65  PRESS =     0.0
 Etot   =    -28545.0071  EKtot   =      6846.6943  EPtot      =    -35391.7014
 BOND   =       145.8258  ANGLE   =       384.5686  DIHED      =       626.6390
 1-4 NB =       172.8887  1-4 EEL =      2502.5464  VDWAALS    =      4718.9784
 EELEC  =    -43943.1483  EHBOND  =         0.0000  RESTRAINT  =         0.0000
 ------------------------------------------------------------------------------

wrapping first mol.:       17.64287       24.95079       43.21603
wrapping first mol.:       17.64287       24.95079       43.21603

 NSTEP =    29500   TIME(PS) =    3099.000  TEMP(K) =   300.66  PRESS =     0.0
 Etot   =    -28409.2913  EKtot   =      6915.9731  EPtot      =    -35325.2644
 BOND   =       151.5287  ANGLE   =       408.8775  DIHED      =       628.0597
 1-4 NB =       176.5931  1-4 EEL =      2444.1819  VDWAALS    =      4649.6134
 EELEC  =    -43784.1188  EHBOND  =         0.0000  RESTRAINT  =         0.0000
 ------------------------------------------------------------------------------

wrapping first mol.:       17.64287       24.95079       43.21603
wrapping first mol.:       17.64287       24.95079       43.21603

 NSTEP =    30000   TIME(PS) =    3100.000  TEMP(K) =   296.81  PRESS =     0.0
 Etot   =    -28281.6550  EKtot   =      6827.4761  EPtot      =    -35109.1311
 BOND   =       145.3153  ANGLE   =       419.2954  DIHED      =       647.0673
 1-4 NB =       168.3073  1-4 EEL =      2455.9392  VDWAALS    =      4554.5273
 EELEC  =    -43499.5829  EHBOND  =         0.0000  RESTRAINT  =         0.0000
 ------------------------------------------------------------------------------

wrapping first mol.:       17.64287       24.95079       43.21603
wrapping first mol.:       17.64287       24.95079       43.21603

 NSTEP =    30500   TIME(PS) =    3101.000  TEMP(K) =   305.43  PRESS =     0.0
 Etot   =    -28221.9020  EKtot   =      7025.7446  EPtot      =    -35247.6467
 BOND   =       158.0767  ANGLE   =       398.7533  DIHED      =       634.6003
 1-4 NB =       165.6527  1-4 EEL =      2445.6479  VDWAALS    =      4670.2338
 EELEC  =    -43720.6113  EHBOND  =         0.0000  RESTRAINT  =         0.0000
 ------------------------------------------------------------------------------

wrapping first mol.:       17.64287       24.95079       43.21603
wrapping first mol.:       17.64287       24.95079       43.21603

 NSTEP =    31000   TIME(PS) =    3102.000  TEMP(K) =   300.90  PRESS =     0.0
 Etot   =    -28285.2727  EKtot   =      6921.4141  EPtot      =    -35206.6868
 BOND   =       152.2637  ANGLE   =       413.5755  DIHED      =       632.0139
 1-4 NB =       165.7500  1-4 EEL =      2462.6235  VDWAALS    =      4405.9332
 EELEC  =    -43438.8465  EHBOND  =         0.0000  RESTRAINT  =         0.0000
 ------------------------------------------------------------------------------

wrapping first mol.:       17.64287       24.95079       43.21603
wrapping first mol.:       17.64287       24.95079       43.21603

 NSTEP =    31500   TIME(PS) =    3103.000  TEMP(K) =   302.36  PRESS =     0.0
 Etot   =    -28340.8911  EKtot   =      6955.1768  EPtot      =    -35296.0678
 BOND   =       148.7835  ANGLE   =       368.1857  DIHED      =       623.8970
 1-4 NB =       177.1148  1-4 EEL =      2450.1197  VDWAALS    =      4338.0059
 EELEC  =    -43402.1744  EHBOND  =         0.0000  RESTRAINT  =         0.0000
 ------------------------------------------------------------------------------

wrapping first mol.:       17.64287       24.95079       43.21603
wrapping first mol.:       17.64287       24.95079       43.21603

 NSTEP =    32000   TIME(PS) =    3104.000  TEMP(K) =   299.57  PRESS =     0.0
 Etot   =    -28360.4939  EKtot   =      6890.9878  EPtot      =    -35251.4817
 BOND   =       157.2298  ANGLE   =       383.4934  DIHED      =       623.0915
 1-4 NB =       171.6047  1-4 EEL =      2450.5478  VDWAALS    =      4567.3139
 EELEC  =    -43604.7627  EHBOND  =         0.0000  RESTRAINT  =         0.0000
 ------------------------------------------------------------------------------

wrapping first mol.:       17.64287       24.95079       43.21603
wrapping first mol.:       17.64287       24.95079       43.21603

 NSTEP =    32500   TIME(PS) =    3105.000  TEMP(K) =   302.45  PRESS =     0.0
 Etot   =    -28231.2240  EKtot   =      6957.2617  EPtot      =    -35188.4857
 BOND   =       155.3594  ANGLE   =       398.8036  DIHED      =       612.9396
 1-4 NB =       163.5915  1-4 EEL =      2454.4639  VDWAALS    =      4510.5881
 EELEC  =    -43484.2319  EHBOND  =         0.0000  RESTRAINT  =         0.0000
 ------------------------------------------------------------------------------

wrapping first mol.:       17.64287       24.95079       43.21603
wrapping first mol.:       17.64287       24.95079       43.21603

 NSTEP =    33000   TIME(PS) =    3106.000  TEMP(K) =   301.74  PRESS =     0.0
 Etot   =    -28397.0042  EKtot   =      6940.7930  EPtot      =    -35337.7971
 BOND   =       134.6633  ANGLE   =       401.4334  DIHED      =       628.0068
 1-4 NB =       164.4938  1-4 EEL =      2452.6546  VDWAALS    =      4763.2201
 EELEC  =    -43882.2690  EHBOND  =         0.0000  RESTRAINT  =         0.0000
 ------------------------------------------------------------------------------

wrapping first mol.:       17.64287       24.95079       43.21603
wrapping first mol.:       17.64287       24.95079       43.21603

 NSTEP =    33500   TIME(PS) =    3107.000  TEMP(K) =   296.85  PRESS =     0.0
 Etot   =    -28416.1527  EKtot   =      6828.3232  EPtot      =    -35244.4760
 BOND   =       143.8721  ANGLE   =       411.5495  DIHED      =       620.5912
 1-4 NB =       164.6976  1-4 EEL =      2438.3447  VDWAALS    =      4568.4212
 EELEC  =    -43591.9522  EHBOND  =         0.0000  RESTRAINT  =         0.0000
 ------------------------------------------------------------------------------

wrapping first mol.:       17.64287       24.95079       43.21603
wrapping first mol.:       17.64287       24.95079       43.21603

 NSTEP =    34000   TIME(PS) =    3108.000  TEMP(K) =   299.90  PRESS =     0.0
 Etot   =    -28391.8292  EKtot   =      6898.4810  EPtot      =    -35290.3101
 BOND   =       153.3046  ANGLE   =       383.0405  DIHED      =       624.8928
 1-4 NB =       164.0728  1-4 EEL =      2469.0938  VDWAALS    =      4522.1591
 EELEC  =    -43606.8736  EHBOND  =         0.0000  RESTRAINT  =         0.0000
 ------------------------------------------------------------------------------

wrapping first mol.:       17.64287       24.95079       43.21603
wrapping first mol.:       17.64287       24.95079       43.21603

 NSTEP =    34500   TIME(PS) =    3109.000  TEMP(K) =   303.81  PRESS =     0.0
 Etot   =    -28262.9608  EKtot   =      6988.3721  EPtot      =    -35251.3328
 BOND   =       156.4162  ANGLE   =       391.0213  DIHED      =       629.2158
 1-4 NB =       163.5271  1-4 EEL =      2413.4498  VDWAALS    =      4605.3876
 EELEC  =    -43610.3508  EHBOND  =         0.0000  RESTRAINT  =         0.0000
 ------------------------------------------------------------------------------

wrapping first mol.:       17.64287       24.95079       43.21603
wrapping first mol.:       17.64287       24.95079       43.21603

 NSTEP =    35000   TIME(PS) =    3110.000  TEMP(K) =   298.75  PRESS =     0.0
 Etot   =    -28473.5852  EKtot   =      6872.0522  EPtot      =    -35345.6375
 BOND   =       165.7728  ANGLE   =       376.7622  DIHED      =       620.0951
 1-4 NB =       165.6500  1-4 EEL =      2427.7148  VDWAALS    =      4564.4233
 EELEC  =    -43666.0557  EHBOND  =         0.0000  RESTRAINT  =         0.0000
 ------------------------------------------------------------------------------

wrapping first mol.:       17.64287       24.95079       43.21603
wrapping first mol.:       17.64287       24.95079       43.21603

 NSTEP =    35500   TIME(PS) =    3111.000  TEMP(K) =   303.43  PRESS =     0.0
 Etot   =    -28410.4644  EKtot   =      6979.7666  EPtot      =    -35390.2310
 BOND   =       153.7744  ANGLE   =       409.9200  DIHED      =       628.5037
 1-4 NB =       165.2260  1-4 EEL =      2456.7390  VDWAALS    =      4609.9085
 EELEC  =    -43814.3025  EHBOND  =         0.0000  RESTRAINT  =         0.0000
 ------------------------------------------------------------------------------

wrapping first mol.:       17.64287       24.95079       43.21603
wrapping first mol.:       17.64287       24.95079       43.21603

 NSTEP =    36000   TIME(PS) =    3112.000  TEMP(K) =   303.09  PRESS =     0.0
 Etot   =    -28356.1429  EKtot   =      6971.8213  EPtot      =    -35327.9642
 BOND   =       140.5106  ANGLE   =       393.4326  DIHED      =       625.2351
 1-4 NB =       170.5981  1-4 EEL =      2452.4348  VDWAALS    =      4795.1675
 EELEC  =    -43905.3429  EHBOND  =         0.0000  RESTRAINT  =         0.0000
 ------------------------------------------------------------------------------

wrapping first mol.:       17.64287       24.95079       43.21603
wrapping first mol.:       17.64287       24.95079       43.21603

 NSTEP =    36500   TIME(PS) =    3113.000  TEMP(K) =   298.66  PRESS =     0.0
 Etot   =    -28340.0696  EKtot   =      6869.9229  EPtot      =    -35209.9924
 BOND   =       160.2753  ANGLE   =       409.7153  DIHED      =       632.0692
 1-4 NB =       167.8500  1-4 EEL =      2418.8545  VDWAALS    =      4670.6672
 EELEC  =    -43669.4239  EHBOND  =         0.0000  RESTRAINT  =         0.0000
 ------------------------------------------------------------------------------

wrapping first mol.:       17.64287       24.95079       43.21603
wrapping first mol.:       17.64287       24.95079       43.21603

 NSTEP =    37000   TIME(PS) =    3114.000  TEMP(K) =   300.36  PRESS =     0.0
 Etot   =    -28325.6867  EKtot   =      6909.0957  EPtot      =    -35234.7824
 BOND   =       151.6313  ANGLE   =       405.8338  DIHED      =       628.2228
 1-4 NB =       174.9241  1-4 EEL =      2438.8323  VDWAALS    =      4471.1089
 EELEC  =    -43505.3356  EHBOND  =         0.0000  RESTRAINT  =         0.0000
 ------------------------------------------------------------------------------

wrapping first mol.:       17.64287       24.95079       43.21603
wrapping first mol.:       17.64287       24.95079       43.21603

 NSTEP =    37500   TIME(PS) =    3115.000  TEMP(K) =   301.77  PRESS =     0.0
 Etot   =    -28429.7867  EKtot   =      6941.5908  EPtot      =    -35371.3775
 BOND   =       162.3672  ANGLE   =       383.1641  DIHED      =       627.6640
 1-4 NB =       165.6930  1-4 EEL =      2446.4165  VDWAALS    =      4680.7514
 EELEC  =    -43837.4338  EHBOND  =         0.0000  RESTRAINT  =         0.0000
 ------------------------------------------------------------------------------

wrapping first mol.:       17.64287       24.95079       43.21603
wrapping first mol.:       17.64287       24.95079       43.21603

 NSTEP =    38000   TIME(PS) =    3116.000  TEMP(K) =   300.24  PRESS =     0.0
 Etot   =    -28310.1133  EKtot   =      6906.3364  EPtot      =    -35216.4497
 BOND   =       142.7161  ANGLE   =       385.0783  DIHED      =       638.7143
 1-4 NB =       173.5991  1-4 EEL =      2444.3306  VDWAALS    =      4392.8321
 EELEC  =    -43393.7202  EHBOND  =         0.0000  RESTRAINT  =         0.0000
 ------------------------------------------------------------------------------

wrapping first mol.:       17.64287       24.95079       43.21603
wrapping first mol.:       17.64287       24.95079       43.21603

 NSTEP =    38500   TIME(PS) =    3117.000  TEMP(K) =   299.40  PRESS =     0.0
 Etot   =    -28338.7388  EKtot   =      6887.0723  EPtot      =    -35225.8111
 BOND   =       132.6326  ANGLE   =       403.6185  DIHED      =       624.7894
 1-4 NB =       157.0904  1-4 EEL =      2443.5795  VDWAALS    =      4551.5588
 EELEC  =    -43539.0802  EHBOND  =         0.0000  RESTRAINT  =         0.0000
 ------------------------------------------------------------------------------

wrapping first mol.:       17.64287       24.95079       43.21603
wrapping first mol.:       17.64287       24.95079       43.21603

 NSTEP =    39000   TIME(PS) =    3118.000  TEMP(K) =   294.81  PRESS =     0.0
 Etot   =    -28532.4396  EKtot   =      6781.5049  EPtot      =    -35313.9445
 BOND   =       158.6705  ANGLE   =       392.5108  DIHED      =       626.2972
 1-4 NB =       159.3063  1-4 EEL =      2430.8888  VDWAALS    =      4647.0324
 EELEC  =    -43728.6506  EHBOND  =         0.0000  RESTRAINT  =         0.0000
 ------------------------------------------------------------------------------

wrapping first mol.:       17.64287       24.95079       43.21603
wrapping first mol.:       17.64287       24.95079       43.21603

 NSTEP =    39500   TIME(PS) =    3119.000  TEMP(K) =   301.85  PRESS =     0.0
 Etot   =    -28331.5194  EKtot   =      6943.2725  EPtot      =    -35274.7918
 BOND   =       154.2541  ANGLE   =       414.2003  DIHED      =       617.7396
 1-4 NB =       166.3034  1-4 EEL =      2412.5650  VDWAALS    =      4595.6830
 EELEC  =    -43635.5372  EHBOND  =         0.0000  RESTRAINT  =         0.0000
 ------------------------------------------------------------------------------

wrapping first mol.:       17.64287       24.95079       43.21603
wrapping first mol.:       17.64287       24.95079       43.21603

 NSTEP =    40000   TIME(PS) =    3120.000  TEMP(K) =   298.94  PRESS =     0.0
 Etot   =    -28416.4941  EKtot   =      6876.5166  EPtot      =    -35293.0107
 BOND   =       168.0999  ANGLE   =       369.4963  DIHED      =       637.2961
 1-4 NB =       164.9168  1-4 EEL =      2439.1714  VDWAALS    =      4574.0842
 EELEC  =    -43646.0753  EHBOND  =         0.0000  RESTRAINT  =         0.0000
 ------------------------------------------------------------------------------

wrapping first mol.:       17.64287       24.95079       43.21603
wrapping first mol.:       17.64287       24.95079       43.21603

 NSTEP =    40500   TIME(PS) =    3121.000  TEMP(K) =   298.63  PRESS =     0.0
 Etot   =    -28543.0794  EKtot   =      6869.2256  EPtot      =    -35412.3050
 BOND   =       156.2016  ANGLE   =       400.9575  DIHED      =       625.6809
 1-4 NB =       157.0775  1-4 EEL =      2451.2758  VDWAALS    =      4672.9987
 EELEC  =    -43876.4969  EHBOND  =         0.0000  RESTRAINT  =         0.0000
 ------------------------------------------------------------------------------

wrapping first mol.:       17.64287       24.95079       43.21603
wrapping first mol.:       17.64287       24.95079       43.21603

 NSTEP =    41000   TIME(PS) =    3122.000  TEMP(K) =   299.30  PRESS =     0.0
 Etot   =    -28298.2659  EKtot   =      6884.7612  EPtot      =    -35183.0271
 BOND   =       153.1433  ANGLE   =       391.4286  DIHED      =       627.3125
 1-4 NB =       159.9314  1-4 EEL =      2456.5733  VDWAALS    =      4477.5600
 EELEC  =    -43448.9761  EHBOND  =         0.0000  RESTRAINT  =         0.0000
 ------------------------------------------------------------------------------

wrapping first mol.:       17.64287       24.95079       43.21603
wrapping first mol.:       17.64287       24.95079       43.21603

 NSTEP =    41500   TIME(PS) =    3123.000  TEMP(K) =   297.82  PRESS =     0.0
 Etot   =    -28442.3551  EKtot   =      6850.7178  EPtot      =    -35293.0728
 BOND   =       137.6094  ANGLE   =       375.5721  DIHED      =       643.1087
 1-4 NB =       172.8241  1-4 EEL =      2449.0489  VDWAALS    =      4519.8529
 EELEC  =    -43591.0890  EHBOND  =         0.0000  RESTRAINT  =         0.0000
 ------------------------------------------------------------------------------

wrapping first mol.:       17.64287       24.95079       43.21603
wrapping first mol.:       17.64287       24.95079       43.21603

 NSTEP =    42000   TIME(PS) =    3124.000  TEMP(K) =   298.93  PRESS =     0.0
 Etot   =    -28570.0696  EKtot   =      6876.1162  EPtot      =    -35446.1858
 BOND   =       119.5208  ANGLE   =       412.4472  DIHED      =       637.3984
 1-4 NB =       161.9525  1-4 EEL =      2469.0742  VDWAALS    =      4508.8117
 EELEC  =    -43755.3906  EHBOND  =         0.0000  RESTRAINT  =         0.0000
 ------------------------------------------------------------------------------

wrapping first mol.:       17.64287       24.95079       43.21603
wrapping first mol.:       17.64287       24.95079       43.21603

 NSTEP =    42500   TIME(PS) =    3125.000  TEMP(K) =   299.02  PRESS =     0.0
 Etot   =    -28414.0560  EKtot   =      6878.1826  EPtot      =    -35292.2386
 BOND   =       151.5445  ANGLE   =       412.5323  DIHED      =       625.3519
 1-4 NB =       160.1635  1-4 EEL =      2416.4539  VDWAALS    =      4711.5249
 EELEC  =    -43769.8096  EHBOND  =         0.0000  RESTRAINT  =         0.0000
 ------------------------------------------------------------------------------

wrapping first mol.:       17.64287       24.95079       43.21603
wrapping first mol.:       17.64287       24.95079       43.21603

 NSTEP =    43000   TIME(PS) =    3126.000  TEMP(K) =   298.72  PRESS =     0.0
 Etot   =    -28407.1075  EKtot   =      6871.4893  EPtot      =    -35278.5968
 BOND   =       143.7304  ANGLE   =       372.6021  DIHED      =       625.5114
 1-4 NB =       162.2912  1-4 EEL =      2463.6407  VDWAALS    =      4490.7771
 EELEC  =    -43537.1497  EHBOND  =         0.0000  RESTRAINT  =         0.0000
 ------------------------------------------------------------------------------

wrapping first mol.:       17.64287       24.95079       43.21603
wrapping first mol.:       17.64287       24.95079       43.21603

 NSTEP =    43500   TIME(PS) =    3127.000  TEMP(K) =   297.41  PRESS =     0.0
 Etot   =    -28499.9441  EKtot   =      6841.2603  EPtot      =    -35341.2043
 BOND   =       174.3202  ANGLE   =       399.3686  DIHED      =       622.2784
 1-4 NB =       160.5970  1-4 EEL =      2447.4248  VDWAALS    =      4609.1753
 EELEC  =    -43754.3687  EHBOND  =         0.0000  RESTRAINT  =         0.0000
 ------------------------------------------------------------------------------

wrapping first mol.:       17.64287       24.95079       43.21603
wrapping first mol.:       17.64287       24.95079       43.21603

 NSTEP =    44000   TIME(PS) =    3128.000  TEMP(K) =   302.14  PRESS =     0.0
 Etot   =    -28271.8597  EKtot   =      6950.1318  EPtot      =    -35221.9916
 BOND   =       161.8291  ANGLE   =       371.7977  DIHED      =       624.4541
 1-4 NB =       171.5406  1-4 EEL =      2454.8746  VDWAALS    =      4532.3457
 EELEC  =    -43538.8333  EHBOND  =         0.0000  RESTRAINT  =         0.0000
 ------------------------------------------------------------------------------

wrapping first mol.:       17.64287       24.95079       43.21603
wrapping first mol.:       17.64287       24.95079       43.21603

 NSTEP =    44500   TIME(PS) =    3129.000  TEMP(K) =   305.74  PRESS =     0.0
 Etot   =    -28332.7095  EKtot   =      7032.8540  EPtot      =    -35365.5635
 BOND   =       155.2632  ANGLE   =       392.0496  DIHED      =       630.9133
 1-4 NB =       174.8156  1-4 EEL =      2471.3864  VDWAALS    =      4627.7270
 EELEC  =    -43817.7186  EHBOND  =         0.0000  RESTRAINT  =         0.0000
 ------------------------------------------------------------------------------

wrapping first mol.:       17.64287       24.95079       43.21603
wrapping first mol.:       17.64287       24.95079       43.21603

 NSTEP =    45000   TIME(PS) =    3130.000  TEMP(K) =   297.96  PRESS =     0.0
 Etot   =    -28378.3800  EKtot   =      6853.8535  EPtot      =    -35232.2336
 BOND   =       164.4373  ANGLE   =       395.6478  DIHED      =       631.9646
 1-4 NB =       163.4791  1-4 EEL =      2436.1752  VDWAALS    =      4599.2695
 EELEC  =    -43623.2070  EHBOND  =         0.0000  RESTRAINT  =         0.0000
 ------------------------------------------------------------------------------

wrapping first mol.:       17.64287       24.95079       43.21603
wrapping first mol.:       17.64287       24.95079       43.21603

 NSTEP =    45500   TIME(PS) =    3131.000  TEMP(K) =   300.63  PRESS =     0.0
 Etot   =    -28358.6532  EKtot   =      6915.3618  EPtot      =    -35274.0150
 BOND   =       131.0206  ANGLE   =       391.2147  DIHED      =       628.9883
 1-4 NB =       170.7558  1-4 EEL =      2449.1973  VDWAALS    =      4422.8458
 EELEC  =    -43468.0374  EHBOND  =         0.0000  RESTRAINT  =         0.0000
 ------------------------------------------------------------------------------

wrapping first mol.:       17.64287       24.95079       43.21603
wrapping first mol.:       17.64287       24.95079       43.21603

 NSTEP =    46000   TIME(PS) =    3132.000  TEMP(K) =   299.70  PRESS =     0.0
 Etot   =    -28243.1209  EKtot   =      6893.8979  EPtot      =    -35137.0189
 BOND   =       148.2726  ANGLE   =       414.4739  DIHED      =       623.3380
 1-4 NB =       170.7628  1-4 EEL =      2434.2408  VDWAALS    =      4525.1956
 EELEC  =    -43453.3027  EHBOND  =         0.0000  RESTRAINT  =         0.0000
 ------------------------------------------------------------------------------

wrapping first mol.:       17.64287       24.95079       43.21603
wrapping first mol.:       17.64287       24.95079       43.21603

 NSTEP =    46500   TIME(PS) =    3133.000  TEMP(K) =   301.24  PRESS =     0.0
 Etot   =    -28593.3643  EKtot   =      6929.2695  EPtot      =    -35522.6339
 BOND   =       137.2569  ANGLE   =       374.8269  DIHED      =       633.2387
 1-4 NB =       173.4757  1-4 EEL =      2453.2195  VDWAALS    =      4572.5465
 EELEC  =    -43867.1981  EHBOND  =         0.0000  RESTRAINT  =         0.0000
 ------------------------------------------------------------------------------

wrapping first mol.:       17.64287       24.95079       43.21603
wrapping first mol.:       17.64287       24.95079       43.21603

 NSTEP =    47000   TIME(PS) =    3134.000  TEMP(K) =   296.43  PRESS =     0.0
 Etot   =    -28558.1883  EKtot   =      6818.7725  EPtot      =    -35376.9608
 BOND   =       121.8849  ANGLE   =       393.3357  DIHED      =       628.8553
 1-4 NB =       163.6188  1-4 EEL =      2459.3392  VDWAALS    =      4597.2541
 EELEC  =    -43741.2489  EHBOND  =         0.0000  RESTRAINT  =         0.0000
 ------------------------------------------------------------------------------

wrapping first mol.:       17.64287       24.95079       43.21603
wrapping first mol.:       17.64287       24.95079       43.21603

 NSTEP =    47500   TIME(PS) =    3135.000  TEMP(K) =   293.66  PRESS =     0.0
 Etot   =    -28402.7241  EKtot   =      6754.9751  EPtot      =    -35157.6992
 BOND   =       148.7246  ANGLE   =       392.1175  DIHED      =       654.8388
 1-4 NB =       170.4077  1-4 EEL =      2458.2642  VDWAALS    =      4745.0691
 EELEC  =    -43727.1212  EHBOND  =         0.0000  RESTRAINT  =         0.0000
 ------------------------------------------------------------------------------

wrapping first mol.:       17.64287       24.95079       43.21603
wrapping first mol.:       17.64287       24.95079       43.21603

 NSTEP =    48000   TIME(PS) =    3136.000  TEMP(K) =   301.42  PRESS =     0.0
 Etot   =    -28303.7262  EKtot   =      6933.4463  EPtot      =    -35237.1725
 BOND   =       128.6390  ANGLE   =       394.9544  DIHED      =       625.9133
 1-4 NB =       169.8394  1-4 EEL =      2468.1061  VDWAALS    =      4698.5237
 EELEC  =    -43723.1486  EHBOND  =         0.0000  RESTRAINT  =         0.0000
 ------------------------------------------------------------------------------

wrapping first mol.:       17.64287       24.95079       43.21603
wrapping first mol.:       17.64287       24.95079       43.21603

 NSTEP =    48500   TIME(PS) =    3137.000  TEMP(K) =   300.88  PRESS =     0.0
 Etot   =    -28290.8553  EKtot   =      6921.1318  EPtot      =    -35211.9871
 BOND   =       150.8098  ANGLE   =       377.6911  DIHED      =       644.2464
 1-4 NB =       171.2257  1-4 EEL =      2453.1910  VDWAALS    =      4455.1987
 EELEC  =    -43464.3498  EHBOND  =         0.0000  RESTRAINT  =         0.0000
 ------------------------------------------------------------------------------

wrapping first mol.:       17.64287       24.95079       43.21603
wrapping first mol.:       17.64287       24.95079       43.21603

 NSTEP =    49000   TIME(PS) =    3138.000  TEMP(K) =   300.14  PRESS =     0.0
 Etot   =    -28423.2273  EKtot   =      6903.9609  EPtot      =    -35327.1883
 BOND   =       164.3083  ANGLE   =       403.0191  DIHED      =       623.7175
 1-4 NB =       154.1379  1-4 EEL =      2450.8588  VDWAALS    =      4651.2785
 EELEC  =    -43774.5083  EHBOND  =         0.0000  RESTRAINT  =         0.0000
 ------------------------------------------------------------------------------

wrapping first mol.:       17.64287       24.95079       43.21603
wrapping first mol.:       17.64287       24.95079       43.21603

 NSTEP =    49500   TIME(PS) =    3139.000  TEMP(K) =   301.24  PRESS =     0.0
 Etot   =    -28441.3427  EKtot   =      6929.3110  EPtot      =    -35370.6538
 BOND   =       155.4482  ANGLE   =       390.9627  DIHED      =       626.0609
 1-4 NB =       164.6817  1-4 EEL =      2420.4849  VDWAALS    =      4630.9785
 EELEC  =    -43759.2707  EHBOND  =         0.0000  RESTRAINT  =         0.0000
 ------------------------------------------------------------------------------

wrapping first mol.:       17.64287       24.95079       43.21603
wrapping first mol.:       17.64287       24.95079       43.21603

 NSTEP =    50000   TIME(PS) =    3140.000  TEMP(K) =   297.83  PRESS =     0.0
 Etot   =    -28337.5715  EKtot   =      6850.8423  EPtot      =    -35188.4137
 BOND   =       144.4649  ANGLE   =       439.9401  DIHED      =       641.3604
 1-4 NB =       167.7571  1-4 EEL =      2465.0946  VDWAALS    =      4597.6586
 EELEC  =    -43644.6895  EHBOND  =         0.0000  RESTRAINT  =         0.0000
 ------------------------------------------------------------------------------


      A V E R A G E S   O V E R     100 S T E P S


 NSTEP =    50000   TIME(PS) =    3140.000  TEMP(K) =   299.84  PRESS =     0.0
 Etot   =    -28396.0601  EKtot   =      6897.0448  EPtot      =    -35293.1048
 BOND   =       149.8447  ANGLE   =       397.3112  DIHED      =       628.9281
 1-4 NB =       167.4664  1-4 EEL =      2456.2905  VDWAALS    =      4594.1844
 EELEC  =    -43687.1302  EHBOND  =         0.0000  RESTRAINT  =         0.0000
 ------------------------------------------------------------------------------


      R M S  F L U C T U A T I O N S


 NSTEP =    50000   TIME(PS) =    3140.000  TEMP(K) =     2.59  PRESS =     0.0
 Etot   =        92.5374  EKtot   =        59.5907  EPtot      =        77.2837
 BOND   =        10.4482  ANGLE   =        14.6014  DIHED      =         8.2616
 1-4 NB =         5.7368  1-4 EEL =        17.4774  VDWAALS    =        89.9662
 EELEC  =       133.3068  EHBOND  =         0.0000  RESTRAINT  =         0.0000
 ------------------------------------------------------------------------------

--------------------------------------------------------------------------------
   5.  TIMINGS
--------------------------------------------------------------------------------

|  NonSetup CPU Time in Major Routines:
|
|     Routine           Sec        %
|     ------------------------------
|     Nonbond           3.08    6.66
|     Bond              0.00    0.00
|     Angle             0.00    0.00
|     Dihedral          0.00    0.00
|     Shake             0.33    0.71
|     RunMD            42.79   92.55
|     Other             0.04    0.08
|     ------------------------------
|     Total            46.24

|  PME Nonbond Pairlist CPU Time:
|
|     Routine              Sec        %
|     ---------------------------------
|     Set Up Cit           0.00    0.00
|     Build List           0.00    0.00
|     ---------------------------------
|     Total                0.00    0.00

|  PME Direct Force CPU Time:
|
|     Routine              Sec        %
|     ---------------------------------
|     NonBonded Calc       0.00    0.00
|     Exclude Masked       0.00    0.00
|     Other                0.03    0.07
|     ---------------------------------
|     Total                0.03    0.07

|  PME Reciprocal Force CPU Time:
|
|     Routine              Sec        %
|     ---------------------------------
|     1D bspline           0.00    0.00
|     Grid Charges         0.00    0.00
|     Scalar Sum           0.00    0.00
|     Gradient Sum         0.00    0.00
|     FFT                  0.00    0.00
|     ---------------------------------
|     Total                0.00    0.00

|  Final Performance Info:
|     -----------------------------------------------------
|     Average timings for last   49500 steps:
|     Elapsed(s) =      45.78 Per Step(ms) =       0.92
|         ns/day =     186.83   seconds/ns =     462.45
|
|     Average timings for all steps:
|     Elapsed(s) =      46.25 Per Step(ms) =       0.92
|         ns/day =     186.81   seconds/ns =     462.49
|     -----------------------------------------------------

|  Setup CPU time:            0.38 seconds
|  NonSetup CPU time:        46.24 seconds
|  Total CPU time:           46.62 seconds     0.01 hours

|  Setup wall time:           0    seconds
|  NonSetup wall time:       46    seconds
|  Total wall time:          46    seconds     0.01 hours
