
          -------------------------------------------------------
          Amber 16 PMEMD                              2016
          -------------------------------------------------------

| PMEMD implementation of SANDER, Release 16

| Run on 06/20/2017 at 00:37:23

|   Executable path: pmemd.cuda
| Working directory: /home/german/alex/run/5rm/mhe/e
|          Hostname: Unknown
  [-O]verwriting output

File Assignments:
|   MDIN: 6equ.in                                                               
|  MDOUT: 6equ.out                                                              
| INPCRD: 5e5rm.rst7                                                            
|   PARM: /home/german/alex/top_files/5rm.prmtop                                
| RESTRT: 6e5rm.rst7                                                            
|   REFC: 5e5rm.rst7                                                            
|  MDVEL: mdvel                                                                 
|   MDEN: mden                                                                  
|  MDCRD: 6e5rm.nc                                                              
| MDINFO: mdinfo                                                                
|  MDFRC: mdfrc                                                                 


 Here is the input file:

Equilibration with solute restrictions                                         
&cntrl                                                                         
imin = 0,                           ! No Minimization                          
nmropt = 0,                         ! No NMR restraints read                   
                                                                               
! Nature and format of the input                                               
ntx = 5,                            ! Coordinates but no velocities will be rea
irest = 1,                          ! Do not run a new simulation              
                                                                               
! Nature and format of the output                                              
ntxo = 1,                           ! rstrt file in ASCII format               
ntpr = 500,                         ! inf in output every ntpr steps           
ntwr = 500,                         ! rstrt file every ntwr steps              
ntwx = 500,                         ! mdcrd file every ntwx steps              
ntwv = 0,                           ! mdvel without velocities                 
ntwe = 0,                           ! Energies and temperatures not written in 
idecomp = 0,                        ! No energy decomposition                  
iwrap = 1,                          ! Coordinates of the restart and mdcrd file
                                                                               
! Frozen or restrained atoms                                                   
ibelly = 0,                         ! No frozen atoms                          
ntr=1,                              ! Harmonic potential restraints            
restraint_wt = 10.0,                ! The weight for the positional restraints 
restraintmask = ':1-49@N,CA,C,O',  ! restrained residues                       
                                                                               
! Molecular dynamics                                                           
nstlim = 50000,                     ! Number of MD-steps                       
dt = 0.002,                         ! Time step                                
                                                                               
! Temperature regulation                                                       
ntt = 3,                            ! Langevin thermostat                      
gamma_ln = 5,                       ! Gamma constant for Langevin              
!temp0 = 300.0,                     ! Reference T at which the system is to be 
tempi = 300.0,                      ! Initial T                                
ig = -1,                            ! Seed for the RNG                         
                                                                               
! P and V regulation                                                           
ntp = 1,                            ! Constant P. Isotropic scaling            
barostat = 1,                       ! Berendsen barostat                       
taup = 1,                           ! Pressure relaxation time                 
nrespa = 1,                         ! Evaluate at each step                    
ntb = 2,                            ! Periodic box for constant P              
                                                                               
! SHAKE variables                                                              
ntc = 2,                            ! Bonds involving H are constrained        
ntf = 2,                            ! Bond interaction involving H are ommited.
                                                                               
cut = 10.0,                         ! Nonbonded cutoff                         
/                                                                              
&end                                                                           


Note: ig = -1. Setting random seed to   288778 based on wallclock time in 
      microseconds.
 
|--------------------- INFORMATION ----------------------
| GPU (CUDA) Version of PMEMD in use: NVIDIA GPU IN USE.
|                    Version 16.0.0
| 
|                      02/25/2016
| 
| Implementation by:
|                    Ross C. Walker     (SDSC)
|                    Scott Le Grand     (nVIDIA)
| 
| Precision model in use:
|      [SPFP] - Single Precision Forces, 64-bit Fixed Point
|               Accumulation. (Default)
| 
|--------------------------------------------------------
 
|----------------- CITATION INFORMATION -----------------
|
|    When publishing work that utilized the CUDA version
|    of AMBER, please cite the following in addition to
|    the regular AMBER citations:
|
|  - Romelia Salomon-Ferrer; Andreas W. Goetz; Duncan
|    Poole; Scott Le Grand; Ross C. Walker "Routine
|    microsecond molecular dynamics simulations with
|    AMBER - Part II: Particle Mesh Ewald", J. Chem.
|    Theory Comput., 2013, 9 (9), pp3878-3888,
|    DOI: 10.1021/ct400314y.
|
|  - Andreas W. Goetz; Mark J. Williamson; Dong Xu;
|    Duncan Poole; Scott Le Grand; Ross C. Walker
|    "Routine microsecond molecular dynamics simulations
|    with AMBER - Part I: Generalized Born", J. Chem.
|    Theory Comput., 2012, 8 (5), pp1542-1555.
|
|  - Scott Le Grand; Andreas W. Goetz; Ross C. Walker
|    "SPFP: Speed without compromise - a mixed precision
|    model for GPU accelerated molecular dynamics
|    simulations.", Comp. Phys. Comm., 2013, 184
|    pp374-380, DOI: 10.1016/j.cpc.2012.09.022
|
|--------------------------------------------------------
 
|------------------- GPU DEVICE INFO --------------------
|
|            CUDA_VISIBLE_DEVICES: 0
|   CUDA Capable Devices Detected:      1
|           CUDA Device ID in use:      0
|                CUDA Device Name: GeForce GTX 1060 6GB
|     CUDA Device Global Mem Size:   6072 MB
| CUDA Device Num Multiprocessors:     10
|           CUDA Device Core Freq:   1.76 GHz
|
|--------------------------------------------------------
 
 
| Conditional Compilation Defines Used:
| PUBFFT
| BINTRAJ
| CUDA
| EMIL

| Largest sphere to fit in unit cell has radius =    21.608

| New format PARM file being parsed.
| Version =    1.000 Date = 06/17/17 Time = 14:34:14

| Note: 1-4 EEL scale factors are being read from the topology file.

| Note: 1-4 VDW scale factors are being read from the topology file.
| Duplicated    0 dihedrals

| Duplicated    0 dihedrals

--------------------------------------------------------------------------------
   1.  RESOURCE   USE: 
--------------------------------------------------------------------------------

 getting new box info from bottom of inpcrd
 NATOM  =   11377 NTYPES =      17 NBONH =   10980 MBONA  =     402
 NTHETH =     874 MTHETA =     539 NPHIH =    1768 MPHIA  =    1685
 NHPARM =       0 NPARM  =       0 NNB   =   18411 NRES   =    3584
 NBONA  =     402 NTHETA =     539 NPHIA =    1685 NUMBND =      67
 NUMANG =     152 NPTRA  =     191 NATYP =      36 NPHB   =       1
 IFBOX  =       2 NMXRS  =      25 IFCAP =       0 NEXTRA =       0
 NCOPY  =       0

| Coordinate Index Table dimensions:     8    8    8
| Direct force subcell size =     6.6161    6.6161    6.6161

     BOX TYPE: TRUNCATED OCTAHEDRON

--------------------------------------------------------------------------------
   2.  CONTROL  DATA  FOR  THE  RUN
--------------------------------------------------------------------------------

default_name                                                                    

General flags:
     imin    =       0, nmropt  =       0

Nature and format of input:
     ntx     =       5, irest   =       1, ntrx    =       1

Nature and format of output:
     ntxo    =       1, ntpr    =     500, ntrx    =       1, ntwr    =     500
     iwrap   =       1, ntwx    =     500, ntwv    =       0, ntwe    =       0
     ioutfm  =       1, ntwprt  =       0, idecomp =       0, rbornstat=      0

Potential function:
     ntf     =       2, ntb     =       2, igb     =       0, nsnb    =      25
     ipol    =       0, gbsa    =       0, iesp    =       0
     dielc   =   1.00000, cut     =  10.00000, intdiel =   1.00000

Frozen or restrained atoms:
     ibelly  =       0, ntr     =       1
     restraint_wt =  10.00000

Molecular dynamics:
     nstlim  =     50000, nscm    =         0, nrespa  =         1
     t       =   0.00000, dt      =   0.00200, vlimit  =  -1.00000

Langevin dynamics temperature regulation:
     ig      =  288778
     temp0   = 300.00000, tempi   = 300.00000, gamma_ln=   5.00000

Pressure regulation:
     ntp     =       1
     pres0   =   1.00000, comp    =  44.60000, taup    =   1.00000

SHAKE:
     ntc     =       2, jfastw  =       0
     tol     =   0.00001

| Intermolecular bonds treatment:
|     no_intermolecular_bonds =       1

| Energy averages sample interval:
|     ene_avg_sampling =     500

Ewald parameters:
     verbose =       0, ew_type =       0, nbflag  =       1, use_pme =       1
     vdwmeth =       1, eedmeth =       1, netfrc  =       1
     Box X =   52.929   Box Y =   52.929   Box Z =   52.929
     Alpha =  109.471   Beta  =  109.471   Gamma =  109.471
     NFFT1 =   56       NFFT2 =   56       NFFT3 =   56
     Cutoff=   10.000   Tol   =0.100E-04
     Ewald Coefficient =  0.27511
     Interpolation order =    4

    LOADING THE CONSTRAINED ATOMS AS GROUPS


   5.  REFERENCE ATOM COORDINATES

  default_name                                                                    
     Mask :1-49@N,CA,C,O; matches   196 atoms

--------------------------------------------------------------------------------
   3.  ATOMIC COORDINATES AND VELOCITIES
--------------------------------------------------------------------------------

default_name                                                                    
 begin time read from input coords =   640.000 ps

 
 Number of triangulated 3-point waters found:     3532

     Sum of charges from parm topology file =  -0.00000003
     Forcing neutrality...

| Dynamic Memory, Types Used:
| Reals              631529
| Integers           358688

| Nonbonded Pairs Initial Allocation:     3441258

| GPU memory information (estimate):
| KB of GPU memory in use:     84598
| KB of CPU memory in use:     17494

--------------------------------------------------------------------------------
   4.  RESULTS
--------------------------------------------------------------------------------

 ---------------------------------------------------
 APPROXIMATING switch and d/dx switch using CUBIC SPLINE INTERPOLATION
 using   5000.0 points per unit in tabled values
 TESTING RELATIVE ERROR over r ranging from 0.0 to cutoff
| CHECK switch(x): max rel err =   0.2738E-14   at   2.422500
| CHECK d/dx switch(x): max rel err =   0.8314E-11   at   2.736960
 ---------------------------------------------------
|---------------------------------------------------
| APPROXIMATING direct energy using CUBIC SPLINE INTERPOLATION
|  with   50.0 points per unit in tabled values
| Relative Error Limit not exceeded for r .gt.   2.33
| APPROXIMATING direct force using CUBIC SPLINE INTERPOLATION
|  with   50.0 points per unit in tabled values
| Relative Error Limit not exceeded for r .gt.   2.80
|---------------------------------------------------
wrapping first mol.:       17.63954       24.94607       43.20786
wrapping first mol.:       17.63954       24.94607       43.20786

 NSTEP =      500   TIME(PS) =     641.000  TEMP(K) =   303.31  PRESS =    19.8
 Etot   =    -28332.5808  EKtot   =      6976.8711  EPtot      =    -35309.4519
 BOND   =       149.3392  ANGLE   =       392.2415  DIHED      =       629.3218
 1-4 NB =       168.9046  1-4 EEL =      2447.2498  VDWAALS    =      4598.7891
 EELEC  =    -43742.8466  EHBOND  =         0.0000  RESTRAINT  =        47.5488
 EAMBER (non-restraint)  =    -35357.0006
 EKCMT  =      3187.3164  VIRIAL  =      3138.5379  VOLUME     =    114078.1431
                                                    Density    =         1.0100
 ------------------------------------------------------------------------------

wrapping first mol.:       17.64360       24.95182       43.21782
wrapping first mol.:       17.64360       24.95182       43.21782

 NSTEP =     1000   TIME(PS) =     642.000  TEMP(K) =   296.20  PRESS =   -18.0
 Etot   =    -28352.1733  EKtot   =      6813.4644  EPtot      =    -35165.6376
 BOND   =       168.8163  ANGLE   =       402.8896  DIHED      =       629.7299
 1-4 NB =       171.4011  1-4 EEL =      2437.5869  VDWAALS    =      4488.8743
 EELEC  =    -43512.2506  EHBOND  =         0.0000  RESTRAINT  =        47.3150
 EAMBER (non-restraint)  =    -35212.9526
 EKCMT  =      3143.9400  VIRIAL  =      3188.3775  VOLUME     =    114157.4592
                                                    Density    =         1.0093
 ------------------------------------------------------------------------------

wrapping first mol.:       17.65650       24.97007       43.24942
wrapping first mol.:       17.65650       24.97007       43.24942

 NSTEP =     1500   TIME(PS) =     643.000  TEMP(K) =   306.30  PRESS =   168.2
 Etot   =    -28187.8289  EKtot   =      7045.7168  EPtot      =    -35233.5457
 BOND   =       134.9870  ANGLE   =       381.0016  DIHED      =       638.9285
 1-4 NB =       171.5247  1-4 EEL =      2447.7153  VDWAALS    =      4701.9447
 EELEC  =    -43766.5192  EHBOND  =         0.0000  RESTRAINT  =        56.8717
 EAMBER (non-restraint)  =    -35290.4174
 EKCMT  =      3222.5826  VIRIAL  =      2807.1166  VOLUME     =    114406.1469
                                                    Density    =         1.0071
 ------------------------------------------------------------------------------

wrapping first mol.:       17.66316       24.97947       43.26571
wrapping first mol.:       17.66316       24.97947       43.26571

 NSTEP =     2000   TIME(PS) =     644.000  TEMP(K) =   307.95  PRESS =  -240.8
 Etot   =    -28178.1395  EKtot   =      7083.6299  EPtot      =    -35261.7694
 BOND   =       167.8244  ANGLE   =       383.3397  DIHED      =       622.5283
 1-4 NB =       164.1871  1-4 EEL =      2439.4157  VDWAALS    =      4516.1067
 EELEC  =    -43602.7579  EHBOND  =         0.0000  RESTRAINT  =        47.5866
 EAMBER (non-restraint)  =    -35309.3560
 EKCMT  =      3259.9714  VIRIAL  =      3855.5102  VOLUME     =    114539.6811
                                                    Density    =         1.0060
 ------------------------------------------------------------------------------

wrapping first mol.:       17.65242       24.96429       43.23941
wrapping first mol.:       17.65242       24.96429       43.23941

 NSTEP =     2500   TIME(PS) =     645.000  TEMP(K) =   301.09  PRESS =  -100.4
 Etot   =    -28237.3348  EKtot   =      6925.8447  EPtot      =    -35163.1795
 BOND   =       162.6439  ANGLE   =       404.7841  DIHED      =       638.6805
 1-4 NB =       166.6934  1-4 EEL =      2418.9589  VDWAALS    =      4506.9368
 EELEC  =    -43509.2252  EHBOND  =         0.0000  RESTRAINT  =        47.3480
 EAMBER (non-restraint)  =    -35210.5276
 EKCMT  =      3194.4094  VIRIAL  =      3442.1667  VOLUME     =    114329.4920
                                                    Density    =         1.0078
 ------------------------------------------------------------------------------

wrapping first mol.:       17.66088       24.97626       43.26014
wrapping first mol.:       17.66088       24.97626       43.26014

 NSTEP =     3000   TIME(PS) =     646.000  TEMP(K) =   297.39  PRESS =   323.8
 Etot   =    -28223.1719  EKtot   =      6840.8193  EPtot      =    -35063.9912
 BOND   =       140.9746  ANGLE   =       411.2436  DIHED      =       636.2486
 1-4 NB =       177.5214  1-4 EEL =      2432.6952  VDWAALS    =      4724.0339
 EELEC  =    -43637.9134  EHBOND  =         0.0000  RESTRAINT  =        51.2050
 EAMBER (non-restraint)  =    -35115.1962
 EKCMT  =      3114.5545  VIRIAL  =      2314.0690  VOLUME     =    114489.6401
                                                    Density    =         1.0064
 ------------------------------------------------------------------------------

wrapping first mol.:       17.66701       24.98493       43.27516
wrapping first mol.:       17.66701       24.98493       43.27516

 NSTEP =     3500   TIME(PS) =     647.000  TEMP(K) =   302.91  PRESS =   -87.6
 Etot   =    -28184.4259  EKtot   =      6967.7505  EPtot      =    -35152.1764
 BOND   =       134.1305  ANGLE   =       397.3208  DIHED      =       625.1236
 1-4 NB =       161.4263  1-4 EEL =      2443.5784  VDWAALS    =      4604.8822
 EELEC  =    -43568.4079  EHBOND  =         0.0000  RESTRAINT  =        49.7696
 EAMBER (non-restraint)  =    -35201.9460
 EKCMT  =      3142.4740  VIRIAL  =      3359.3505  VOLUME     =    114613.1495
                                                    Density    =         1.0053
 ------------------------------------------------------------------------------

wrapping first mol.:       17.65966       24.97453       43.25715
wrapping first mol.:       17.65966       24.97453       43.25715

 NSTEP =     4000   TIME(PS) =     648.000  TEMP(K) =   304.91  PRESS =   -63.1
 Etot   =    -28229.2803  EKtot   =      7013.6772  EPtot      =    -35242.9576
 BOND   =       152.3489  ANGLE   =       381.7438  DIHED      =       619.9415
 1-4 NB =       163.2875  1-4 EEL =      2445.0811  VDWAALS    =      4585.0651
 EELEC  =    -43633.2194  EHBOND  =         0.0000  RESTRAINT  =        42.7938
 EAMBER (non-restraint)  =    -35285.7514
 EKCMT  =      3259.5594  VIRIAL  =      3415.5062  VOLUME     =    114469.8457
                                                    Density    =         1.0066
 ------------------------------------------------------------------------------

wrapping first mol.:       17.65051       24.96159       43.23473
wrapping first mol.:       17.65051       24.96159       43.23473

 NSTEP =     4500   TIME(PS) =     649.000  TEMP(K) =   304.16  PRESS =  -194.9
 Etot   =    -28235.3094  EKtot   =      6996.5103  EPtot      =    -35231.8196
 BOND   =       145.1256  ANGLE   =       388.5298  DIHED      =       621.0686
 1-4 NB =       170.5819  1-4 EEL =      2450.2164  VDWAALS    =      4552.5928
 EELEC  =    -43611.6009  EHBOND  =         0.0000  RESTRAINT  =        51.6661
 EAMBER (non-restraint)  =    -35283.4858
 EKCMT  =      3172.9217  VIRIAL  =      3653.8637  VOLUME     =    114293.3102
                                                    Density    =         1.0081
 ------------------------------------------------------------------------------

wrapping first mol.:       17.64863       24.95893       43.23013
wrapping first mol.:       17.64863       24.95893       43.23013

 NSTEP =     5000   TIME(PS) =     650.000  TEMP(K) =   299.95  PRESS =   163.0
 Etot   =    -28149.1762  EKtot   =      6899.6045  EPtot      =    -35048.7807
 BOND   =       158.3279  ANGLE   =       401.3177  DIHED      =       633.0496
 1-4 NB =       170.1349  1-4 EEL =      2448.3202  VDWAALS    =      4587.1390
 EELEC  =    -43504.7998  EHBOND  =         0.0000  RESTRAINT  =        57.7298
 EAMBER (non-restraint)  =    -35106.5105
 EKCMT  =      3202.4505  VIRIAL  =      2800.4331  VOLUME     =    114253.2147
                                                    Density    =         1.0085
 ------------------------------------------------------------------------------

wrapping first mol.:       17.64990       24.96072       43.23324
wrapping first mol.:       17.64990       24.96072       43.23324

 NSTEP =     5500   TIME(PS) =     651.000  TEMP(K) =   300.22  PRESS =   497.0
 Etot   =    -28310.9503  EKtot   =      6905.7676  EPtot      =    -35216.7179
 BOND   =       136.3748  ANGLE   =       374.9858  DIHED      =       621.3375
 1-4 NB =       175.7503  1-4 EEL =      2458.2476  VDWAALS    =      4760.7987
 EELEC  =    -43792.4402  EHBOND  =         0.0000  RESTRAINT  =        48.2276
 EAMBER (non-restraint)  =    -35264.9455
 EKCMT  =      3126.9245  VIRIAL  =      1900.5946  VOLUME     =    114274.4024
                                                    Density    =         1.0083
 ------------------------------------------------------------------------------

wrapping first mol.:       17.66155       24.97721       43.26179
wrapping first mol.:       17.66155       24.97721       43.26179

 NSTEP =     6000   TIME(PS) =     652.000  TEMP(K) =   301.86  PRESS =  -110.1
 Etot   =    -28311.1440  EKtot   =      6943.5288  EPtot      =    -35254.6728
 BOND   =       133.8203  ANGLE   =       398.2341  DIHED      =       638.0569
 1-4 NB =       176.4343  1-4 EEL =      2451.2691  VDWAALS    =      4570.9512
 EELEC  =    -43669.7421  EHBOND  =         0.0000  RESTRAINT  =        46.3034
 EAMBER (non-restraint)  =    -35300.9762
 EKCMT  =      3185.4403  VIRIAL  =      3457.7320  VOLUME     =    114507.1895
                                                    Density    =         1.0062
 ------------------------------------------------------------------------------

wrapping first mol.:       17.64399       24.95238       43.21878
wrapping first mol.:       17.64399       24.95238       43.21878

 NSTEP =     6500   TIME(PS) =     653.000  TEMP(K) =   301.88  PRESS =   -33.9
 Etot   =    -28152.3868  EKtot   =      6943.9614  EPtot      =    -35096.3482
 BOND   =       152.6712  ANGLE   =       396.7159  DIHED      =       648.2270
 1-4 NB =       163.5129  1-4 EEL =      2437.8106  VDWAALS    =      4583.9234
 EELEC  =    -43525.8661  EHBOND  =         0.0000  RESTRAINT  =        46.6568
 EAMBER (non-restraint)  =    -35143.0050
 EKCMT  =      3226.6913  VIRIAL  =      3310.3070  VOLUME     =    114165.2046
                                                    Density    =         1.0093
 ------------------------------------------------------------------------------

wrapping first mol.:       17.65664       24.97027       43.24977
wrapping first mol.:       17.65664       24.97027       43.24977

 NSTEP =     7000   TIME(PS) =     654.000  TEMP(K) =   299.57  PRESS =   106.1
 Etot   =    -28260.6319  EKtot   =      6890.8770  EPtot      =    -35151.5089
 BOND   =       137.8749  ANGLE   =       374.8980  DIHED      =       630.9176
 1-4 NB =       174.3961  1-4 EEL =      2450.3365  VDWAALS    =      4680.3179
 EELEC  =    -43648.6703  EHBOND  =         0.0000  RESTRAINT  =        48.4205
 EAMBER (non-restraint)  =    -35199.9294
 EKCMT  =      3159.6078  VIRIAL  =      2897.5666  VOLUME     =    114409.5205
                                                    Density    =         1.0071
 ------------------------------------------------------------------------------

wrapping first mol.:       17.64320       24.95126       43.21684
wrapping first mol.:       17.64320       24.95126       43.21684

 NSTEP =     7500   TIME(PS) =     655.000  TEMP(K) =   299.18  PRESS =     4.0
 Etot   =    -28381.5494  EKtot   =      6881.9023  EPtot      =    -35263.4517
 BOND   =       150.8288  ANGLE   =       396.1901  DIHED      =       622.2376
 1-4 NB =       174.5344  1-4 EEL =      2470.0326  VDWAALS    =      4691.0360
 EELEC  =    -43815.2388  EHBOND  =         0.0000  RESTRAINT  =        46.9276
 EAMBER (non-restraint)  =    -35310.3793
 EKCMT  =      3183.1788  VIRIAL  =      3173.3123  VOLUME     =    114149.4452
                                                    Density    =         1.0094
 ------------------------------------------------------------------------------

wrapping first mol.:       17.64569       24.95477       43.22293
wrapping first mol.:       17.64569       24.95477       43.22293

 NSTEP =     8000   TIME(PS) =     656.000  TEMP(K) =   296.27  PRESS =   -92.9
 Etot   =    -28415.7400  EKtot   =      6814.9541  EPtot      =    -35230.6941
 BOND   =       146.1559  ANGLE   =       406.9585  DIHED      =       631.5095
 1-4 NB =       168.5855  1-4 EEL =      2437.2011  VDWAALS    =      4520.2502
 EELEC  =    -43595.4795  EHBOND  =         0.0000  RESTRAINT  =        54.1247
 EAMBER (non-restraint)  =    -35284.8188
 EKCMT  =      3161.6145  VIRIAL  =      3390.6155  VOLUME     =    114198.7254
                                                    Density    =         1.0090
 ------------------------------------------------------------------------------

wrapping first mol.:       17.62672       24.92794       43.17646
wrapping first mol.:       17.62672       24.92794       43.17646

 NSTEP =     8500   TIME(PS) =     657.000  TEMP(K) =   297.68  PRESS =   243.1
 Etot   =    -28510.7685  EKtot   =      6847.5391  EPtot      =    -35358.3076
 BOND   =       145.4501  ANGLE   =       391.3740  DIHED      =       625.3897
 1-4 NB =       172.9420  1-4 EEL =      2446.9979  VDWAALS    =      4738.3675
 EELEC  =    -43927.8066  EHBOND  =         0.0000  RESTRAINT  =        48.9780
 EAMBER (non-restraint)  =    -35407.2855
 EKCMT  =      3128.8425  VIRIAL  =      2531.2698  VOLUME     =    113827.3365
                                                    Density    =         1.0123
 ------------------------------------------------------------------------------

wrapping first mol.:       17.63354       24.93759       43.19318
wrapping first mol.:       17.63354       24.93759       43.19318

 NSTEP =     9000   TIME(PS) =     658.000  TEMP(K) =   302.15  PRESS =   -17.1
 Etot   =    -28287.8806  EKtot   =      6950.2109  EPtot      =    -35238.0915
 BOND   =       140.6711  ANGLE   =       404.7693  DIHED      =       642.3005
 1-4 NB =       156.0853  1-4 EEL =      2440.4208  VDWAALS    =      4572.2696
 EELEC  =    -43646.2995  EHBOND  =         0.0000  RESTRAINT  =        51.6916
 EAMBER (non-restraint)  =    -35289.7830
 EKCMT  =      3202.1676  VIRIAL  =      3244.2754  VOLUME     =    113962.2696
                                                    Density    =         1.0111
 ------------------------------------------------------------------------------

wrapping first mol.:       17.63622       24.94138       43.19973
wrapping first mol.:       17.63622       24.94138       43.19973

 NSTEP =     9500   TIME(PS) =     659.000  TEMP(K) =   300.31  PRESS =  -181.2
 Etot   =    -28368.3199  EKtot   =      6907.8750  EPtot      =    -35276.1949
 BOND   =       151.7506  ANGLE   =       372.0992  DIHED      =       643.2278
 1-4 NB =       175.7578  1-4 EEL =      2463.6101  VDWAALS    =      4531.7349
 EELEC  =    -43662.3256  EHBOND  =         0.0000  RESTRAINT  =        47.9504
 EAMBER (non-restraint)  =    -35324.1452
 EKCMT  =      3176.4804  VIRIAL  =      3622.6081  VOLUME     =    114015.7983
                                                    Density    =         1.0106
 ------------------------------------------------------------------------------

wrapping first mol.:       17.64059       24.94757       43.21045
wrapping first mol.:       17.64059       24.94757       43.21045

 NSTEP =    10000   TIME(PS) =     660.000  TEMP(K) =   299.97  PRESS =  -352.3
 Etot   =    -28358.0439  EKtot   =      6900.1816  EPtot      =    -35258.2256
 BOND   =       145.9967  ANGLE   =       373.3699  DIHED      =       625.7407
 1-4 NB =       162.4998  1-4 EEL =      2418.0028  VDWAALS    =      4482.5013
 EELEC  =    -43517.9125  EHBOND  =         0.0000  RESTRAINT  =        51.5758
 EAMBER (non-restraint)  =    -35309.8013
 EKCMT  =      3183.0194  VIRIAL  =      4050.8938  VOLUME     =    114102.4523
                                                    Density    =         1.0098
 ------------------------------------------------------------------------------

wrapping first mol.:       17.63191       24.93528       43.18918
wrapping first mol.:       17.63191       24.93528       43.18918

 NSTEP =    10500   TIME(PS) =     661.000  TEMP(K) =   295.73  PRESS =  -171.9
 Etot   =    -28269.1945  EKtot   =      6802.5669  EPtot      =    -35071.7614
 BOND   =       142.3392  ANGLE   =       385.3195  DIHED      =       631.7458
 1-4 NB =       172.1804  1-4 EEL =      2438.4878  VDWAALS    =      4484.1654
 EELEC  =    -43371.1604  EHBOND  =         0.0000  RESTRAINT  =        45.1610
 EAMBER (non-restraint)  =    -35116.9223
 EKCMT  =      3115.5023  VIRIAL  =      3538.2454  VOLUME     =    113932.1794
                                                    Density    =         1.0113
 ------------------------------------------------------------------------------

wrapping first mol.:       17.63656       24.94187       43.20058
wrapping first mol.:       17.63656       24.94187       43.20058

 NSTEP =    11000   TIME(PS) =     662.000  TEMP(K) =   299.39  PRESS =  -236.2
 Etot   =    -28255.2908  EKtot   =      6886.8691  EPtot      =    -35142.1600
 BOND   =       130.8359  ANGLE   =       382.7753  DIHED      =       623.3290
 1-4 NB =       172.1733  1-4 EEL =      2436.0413  VDWAALS    =      4438.2453
 EELEC  =    -43378.0296  EHBOND  =         0.0000  RESTRAINT  =        52.4695
 EAMBER (non-restraint)  =    -35194.6295
 EKCMT  =      3147.8157  VIRIAL  =      3729.4097  VOLUME     =    114023.0951
                                                    Density    =         1.0105
 ------------------------------------------------------------------------------

wrapping first mol.:       17.64421       24.95268       43.21931
wrapping first mol.:       17.64421       24.95268       43.21931

 NSTEP =    11500   TIME(PS) =     663.000  TEMP(K) =   301.62  PRESS =   281.3
 Etot   =    -28192.2281  EKtot   =      6938.1035  EPtot      =    -35130.3317
 BOND   =       160.2003  ANGLE   =       387.5078  DIHED      =       610.3597
 1-4 NB =       171.9816  1-4 EEL =      2437.2745  VDWAALS    =      4669.0317
 EELEC  =    -43618.2730  EHBOND  =         0.0000  RESTRAINT  =        51.5857
 EAMBER (non-restraint)  =    -35181.9173
 EKCMT  =      3241.2915  VIRIAL  =      2547.9444  VOLUME     =    114166.1941
                                                    Density    =         1.0093
 ------------------------------------------------------------------------------

wrapping first mol.:       17.63713       24.94266       43.20196
wrapping first mol.:       17.63713       24.94266       43.20196

 NSTEP =    12000   TIME(PS) =     664.000  TEMP(K) =   299.88  PRESS =  -121.2
 Etot   =    -28360.9348  EKtot   =      6898.0459  EPtot      =    -35258.9807
 BOND   =       148.6298  ANGLE   =       401.6749  DIHED      =       628.8896
 1-4 NB =       168.1397  1-4 EEL =      2413.5153  VDWAALS    =      4585.3875
 EELEC  =    -43663.3575  EHBOND  =         0.0000  RESTRAINT  =        58.1400
 EAMBER (non-restraint)  =    -35317.1206
 EKCMT  =      3093.5118  VIRIAL  =      3391.8148  VOLUME     =    114032.8512
                                                    Density    =         1.0104
 ------------------------------------------------------------------------------

wrapping first mol.:       17.64025       24.94708       43.20960
wrapping first mol.:       17.64025       24.94708       43.20960

 NSTEP =    12500   TIME(PS) =     665.000  TEMP(K) =   297.60  PRESS =   300.5
 Etot   =    -28493.2333  EKtot   =      6845.7109  EPtot      =    -35338.9443
 BOND   =       155.5205  ANGLE   =       390.6813  DIHED      =       620.5234
 1-4 NB =       170.3562  1-4 EEL =      2423.0840  VDWAALS    =      4817.2894
 EELEC  =    -43967.3669  EHBOND  =         0.0000  RESTRAINT  =        50.9678
 EAMBER (non-restraint)  =    -35389.9121
 EKCMT  =      3124.0649  VIRIAL  =      2383.8794  VOLUME     =    114089.0899
                                                    Density    =         1.0099
 ------------------------------------------------------------------------------

wrapping first mol.:       17.65118       24.96254       43.23638
wrapping first mol.:       17.65118       24.96254       43.23638

 NSTEP =    13000   TIME(PS) =     666.000  TEMP(K) =   297.54  PRESS =  -231.8
 Etot   =    -28392.3664  EKtot   =      6844.2690  EPtot      =    -35236.6355
 BOND   =       139.6676  ANGLE   =       423.2622  DIHED      =       624.4926
 1-4 NB =       174.2709  1-4 EEL =      2431.6652  VDWAALS    =      4559.4961
 EELEC  =    -43635.4093  EHBOND  =         0.0000  RESTRAINT  =        45.9191
 EAMBER (non-restraint)  =    -35282.5546
 EKCMT  =      3166.5092  VIRIAL  =      3738.5160  VOLUME     =    114306.8050
                                                    Density    =         1.0080
 ------------------------------------------------------------------------------

wrapping first mol.:       17.62502       24.92555       43.17231
wrapping first mol.:       17.62502       24.92555       43.17231

 NSTEP =    13500   TIME(PS) =     667.000  TEMP(K) =   299.05  PRESS =    39.8
 Etot   =    -28401.5240  EKtot   =      6878.9746  EPtot      =    -35280.4986
 BOND   =       147.4654  ANGLE   =       389.7212  DIHED      =       627.8768
 1-4 NB =       168.6410  1-4 EEL =      2446.6080  VDWAALS    =      4585.9112
 EELEC  =    -43695.3899  EHBOND  =         0.0000  RESTRAINT  =        48.6677
 EAMBER (non-restraint)  =    -35329.1663
 EKCMT  =      3172.9252  VIRIAL  =      3075.2164  VOLUME     =    113796.5991
                                                    Density    =         1.0125
 ------------------------------------------------------------------------------

wrapping first mol.:       17.64316       24.95120       43.21673
wrapping first mol.:       17.64316       24.95120       43.21673

 NSTEP =    14000   TIME(PS) =     668.000  TEMP(K) =   302.09  PRESS =   -94.2
 Etot   =    -28362.9382  EKtot   =      6948.9014  EPtot      =    -35311.8396
 BOND   =       130.6980  ANGLE   =       396.8078  DIHED      =       623.3308
 1-4 NB =       172.4816  1-4 EEL =      2447.3330  VDWAALS    =      4641.5675
 EELEC  =    -43776.9488  EHBOND  =         0.0000  RESTRAINT  =        52.8905
 EAMBER (non-restraint)  =    -35364.7300
 EKCMT  =      3218.9406  VIRIAL  =      3451.0071  VOLUME     =    114149.6248
                                                    Density    =         1.0094
 ------------------------------------------------------------------------------

wrapping first mol.:       17.65991       24.97489       43.25778
wrapping first mol.:       17.65991       24.97489       43.25778

 NSTEP =    14500   TIME(PS) =     669.000  TEMP(K) =   300.31  PRESS =   116.6
 Etot   =    -28279.3410  EKtot   =      6908.0195  EPtot      =    -35187.3606
 BOND   =       153.4660  ANGLE   =       385.3179  DIHED      =       619.1426
 1-4 NB =       166.9188  1-4 EEL =      2438.3718  VDWAALS    =      4662.4106
 EELEC  =    -43663.3432  EHBOND  =         0.0000  RESTRAINT  =        50.3549
 EAMBER (non-restraint)  =    -35237.7154
 EKCMT  =      3200.9569  VIRIAL  =      2912.6698  VOLUME     =    114472.9915
                                                    Density    =         1.0065
 ------------------------------------------------------------------------------

wrapping first mol.:       17.66423       24.98100       43.26835
wrapping first mol.:       17.66423       24.98100       43.26835

 NSTEP =    15000   TIME(PS) =     670.000  TEMP(K) =   297.99  PRESS =    99.0
 Etot   =    -28332.5052  EKtot   =      6854.6250  EPtot      =    -35187.1302
 BOND   =       146.0015  ANGLE   =       388.5953  DIHED      =       618.2964
 1-4 NB =       168.4213  1-4 EEL =      2448.6947  VDWAALS    =      4653.9203
 EELEC  =    -43661.5455  EHBOND  =         0.0000  RESTRAINT  =        50.4857
 EAMBER (non-restraint)  =    -35237.6159
 EKCMT  =      3134.2569  VIRIAL  =      2889.4702  VOLUME     =    114557.1601
                                                    Density    =         1.0058
 ------------------------------------------------------------------------------

wrapping first mol.:       17.67724       24.99939       43.30021
wrapping first mol.:       17.67724       24.99939       43.30021

 NSTEP =    15500   TIME(PS) =     671.000  TEMP(K) =   306.77  PRESS =    12.1
 Etot   =    -28171.8989  EKtot   =      7056.5293  EPtot      =    -35228.4282
 BOND   =       153.1025  ANGLE   =       387.8762  DIHED      =       636.0265
 1-4 NB =       165.9306  1-4 EEL =      2448.7257  VDWAALS    =      4627.2434
 EELEC  =    -43701.9038  EHBOND  =         0.0000  RESTRAINT  =        54.5706
 EAMBER (non-restraint)  =    -35282.9989
 EKCMT  =      3203.4491  VIRIAL  =      3173.5238  VOLUME     =    114811.2460
                                                    Density    =         1.0036
 ------------------------------------------------------------------------------

wrapping first mol.:       17.63897       24.94527       43.20648
wrapping first mol.:       17.63897       24.94527       43.20648

 NSTEP =    16000   TIME(PS) =     672.000  TEMP(K) =   297.24  PRESS =  -157.6
 Etot   =    -28277.6860  EKtot   =      6837.3745  EPtot      =    -35115.0605
 BOND   =       150.0647  ANGLE   =       392.5880  DIHED      =       632.7217
 1-4 NB =       166.1045  1-4 EEL =      2437.1783  VDWAALS    =      4484.6102
 EELEC  =    -43424.2136  EHBOND  =         0.0000  RESTRAINT  =        45.8858
 EAMBER (non-restraint)  =    -35160.9463
 EKCMT  =      3155.1298  VIRIAL  =      3543.3820  VOLUME     =    114069.0124
                                                    Density    =         1.0101
 ------------------------------------------------------------------------------

wrapping first mol.:       17.65158       24.96310       43.23735
wrapping first mol.:       17.65158       24.96310       43.23735

 NSTEP =    16500   TIME(PS) =     673.000  TEMP(K) =   301.57  PRESS =   202.2
 Etot   =    -28288.0613  EKtot   =      6936.9912  EPtot      =    -35225.0525
 BOND   =       151.7889  ANGLE   =       407.6567  DIHED      =       622.0058
 1-4 NB =       167.6498  1-4 EEL =      2431.6598  VDWAALS    =      4622.1379
 EELEC  =    -43677.2569  EHBOND  =         0.0000  RESTRAINT  =        49.3054
 EAMBER (non-restraint)  =    -35274.3579
 EKCMT  =      3186.0209  VIRIAL  =      2686.9687  VOLUME     =    114310.0334
                                                    Density    =         1.0080
 ------------------------------------------------------------------------------

wrapping first mol.:       17.67941       25.00246       43.30552
wrapping first mol.:       17.67941       25.00246       43.30552

 NSTEP =    17000   TIME(PS) =     674.000  TEMP(K) =   301.37  PRESS =  -217.5
 Etot   =    -28365.6210  EKtot   =      6932.4243  EPtot      =    -35298.0453
 BOND   =       143.5399  ANGLE   =       372.1166  DIHED      =       633.6747
 1-4 NB =       177.4836  1-4 EEL =      2440.1534  VDWAALS    =      4565.4278
 EELEC  =    -43683.6394  EHBOND  =         0.0000  RESTRAINT  =        53.1980
 EAMBER (non-restraint)  =    -35351.2433
 EKCMT  =      3193.0660  VIRIAL  =      3732.3328  VOLUME     =    114855.8833
                                                    Density    =         1.0032
 ------------------------------------------------------------------------------

wrapping first mol.:       17.66234       24.97832       43.26372
wrapping first mol.:       17.66234       24.97832       43.26372

 NSTEP =    17500   TIME(PS) =     675.000  TEMP(K) =   301.79  PRESS =   133.1
 Etot   =    -28283.2968  EKtot   =      6942.1025  EPtot      =    -35225.3993
 BOND   =       151.7279  ANGLE   =       417.7776  DIHED      =       627.3211
 1-4 NB =       171.6212  1-4 EEL =      2419.6703  VDWAALS    =      4723.2852
 EELEC  =    -43786.8295  EHBOND  =         0.0000  RESTRAINT  =        50.0268
 EAMBER (non-restraint)  =    -35275.4261
 EKCMT  =      3185.4541  VIRIAL  =      2856.3245  VOLUME     =    114520.0022
                                                    Density    =         1.0061
 ------------------------------------------------------------------------------

wrapping first mol.:       17.64477       24.95347       43.22067
wrapping first mol.:       17.64477       24.95347       43.22067

 NSTEP =    18000   TIME(PS) =     676.000  TEMP(K) =   300.75  PRESS =   288.8
 Etot   =    -28211.5973  EKtot   =      6917.9893  EPtot      =    -35129.5866
 BOND   =       143.8658  ANGLE   =       409.6307  DIHED      =       625.4002
 1-4 NB =       175.1423  1-4 EEL =      2434.9656  VDWAALS    =      4659.3913
 EELEC  =    -43630.9581  EHBOND  =         0.0000  RESTRAINT  =        52.9755
 EAMBER (non-restraint)  =    -35182.5621
 EKCMT  =      3159.9293  VIRIAL  =      2447.9897  VOLUME     =    114176.9423
                                                    Density    =         1.0092
 ------------------------------------------------------------------------------

wrapping first mol.:       17.63681       24.94222       43.20119
wrapping first mol.:       17.63681       24.94222       43.20119

 NSTEP =    18500   TIME(PS) =     677.000  TEMP(K) =   301.34  PRESS =   -27.8
 Etot   =    -28304.0982  EKtot   =      6931.5850  EPtot      =    -35235.6831
 BOND   =       158.0246  ANGLE   =       397.6502  DIHED      =       616.3008
 1-4 NB =       169.5567  1-4 EEL =      2449.4565  VDWAALS    =      4608.6769
 EELEC  =    -43683.5479  EHBOND  =         0.0000  RESTRAINT  =        48.1990
 EAMBER (non-restraint)  =    -35283.8822
 EKCMT  =      3197.6237  VIRIAL  =      3266.0528  VOLUME     =    114025.8355
                                                    Density    =         1.0105
 ------------------------------------------------------------------------------

wrapping first mol.:       17.65910       24.97373       43.25577
wrapping first mol.:       17.65910       24.97373       43.25577

 NSTEP =    19000   TIME(PS) =     678.000  TEMP(K) =   305.92  PRESS =  -236.8
 Etot   =    -28083.3306  EKtot   =      7036.9829  EPtot      =    -35120.3136
 BOND   =       143.4409  ANGLE   =       401.1848  DIHED      =       626.5730
 1-4 NB =       171.3597  1-4 EEL =      2438.1994  VDWAALS    =      4464.0123
 EELEC  =    -43417.8413  EHBOND  =         0.0000  RESTRAINT  =        52.7576
 EAMBER (non-restraint)  =    -35173.0711
 EKCMT  =      3234.1809  VIRIAL  =      3819.2885  VOLUME     =    114460.6653
                                                    Density    =         1.0067
 ------------------------------------------------------------------------------

wrapping first mol.:       17.65963       24.97449       43.25708
wrapping first mol.:       17.65963       24.97449       43.25708

 NSTEP =    19500   TIME(PS) =     679.000  TEMP(K) =   300.09  PRESS =   -19.3
 Etot   =    -28266.4080  EKtot   =      6902.8281  EPtot      =    -35169.2361
 BOND   =       153.7485  ANGLE   =       393.1639  DIHED      =       614.9365
 1-4 NB =       166.5228  1-4 EEL =      2413.0648  VDWAALS    =      4600.6364
 EELEC  =    -43562.1574  EHBOND  =         0.0000  RESTRAINT  =        50.8485
 EAMBER (non-restraint)  =    -35220.0847
 EKCMT  =      3162.4492  VIRIAL  =      3210.2325  VOLUME     =    114468.8492
                                                    Density    =         1.0066
 ------------------------------------------------------------------------------

wrapping first mol.:       17.65760       24.97162       43.25211
wrapping first mol.:       17.65760       24.97162       43.25211

 NSTEP =    20000   TIME(PS) =     680.000  TEMP(K) =   298.70  PRESS =  -145.0
 Etot   =    -28429.9481  EKtot   =      6871.0283  EPtot      =    -35300.9764
 BOND   =       144.9881  ANGLE   =       383.7357  DIHED      =       611.2646
 1-4 NB =       169.8822  1-4 EEL =      2432.8433  VDWAALS    =      4618.3555
 EELEC  =    -43707.8940  EHBOND  =         0.0000  RESTRAINT  =        45.8483
 EAMBER (non-restraint)  =    -35346.8247
 EKCMT  =      3162.2860  VIRIAL  =      3520.6230  VOLUME     =    114430.6866
                                                    Density    =         1.0069
 ------------------------------------------------------------------------------

wrapping first mol.:       17.67230       24.99240       43.28811
wrapping first mol.:       17.67230       24.99240       43.28811

 NSTEP =    20500   TIME(PS) =     681.000  TEMP(K) =   301.34  PRESS =   -30.3
 Etot   =    -28157.2686  EKtot   =      6931.6343  EPtot      =    -35088.9029
 BOND   =       173.8495  ANGLE   =       385.9111  DIHED      =       640.3530
 1-4 NB =       162.0849  1-4 EEL =      2448.6028  VDWAALS    =      4642.9406
 EELEC  =    -43596.5078  EHBOND  =         0.0000  RESTRAINT  =        53.8629
 EAMBER (non-restraint)  =    -35142.7658
 EKCMT  =      3190.7234  VIRIAL  =      3265.8440  VOLUME     =    114715.4751
                                                    Density    =         1.0044
 ------------------------------------------------------------------------------

wrapping first mol.:       17.66249       24.97854       43.26409
wrapping first mol.:       17.66249       24.97854       43.26409

 NSTEP =    21000   TIME(PS) =     682.000  TEMP(K) =   302.06  PRESS =    91.2
 Etot   =    -28130.8737  EKtot   =      6948.1641  EPtot      =    -35079.0377
 BOND   =       163.7473  ANGLE   =       433.1049  DIHED      =       616.2980
 1-4 NB =       173.5177  1-4 EEL =      2425.4259  VDWAALS    =      4530.9457
 EELEC  =    -43480.0506  EHBOND  =         0.0000  RESTRAINT  =        57.9733
 EAMBER (non-restraint)  =    -35137.0111
 EKCMT  =      3233.1887  VIRIAL  =      3007.7562  VOLUME     =    114523.3793
                                                    Density    =         1.0061
 ------------------------------------------------------------------------------

wrapping first mol.:       17.65072       24.96188       43.23524
wrapping first mol.:       17.65072       24.96188       43.23524

 NSTEP =    21500   TIME(PS) =     683.000  TEMP(K) =   296.83  PRESS =    62.0
 Etot   =    -28464.9391  EKtot   =      6827.9883  EPtot      =    -35292.9274
 BOND   =       173.8061  ANGLE   =       353.9758  DIHED      =       628.2850
 1-4 NB =       163.8527  1-4 EEL =      2425.0635  VDWAALS    =      4625.2970
 EELEC  =    -43701.9315  EHBOND  =         0.0000  RESTRAINT  =        38.7240
 EAMBER (non-restraint)  =    -35331.6514
 EKCMT  =      3104.0413  VIRIAL  =      2951.1585  VOLUME     =    114294.7388
                                                    Density    =         1.0081
 ------------------------------------------------------------------------------

wrapping first mol.:       17.64110       24.94828       43.21169
wrapping first mol.:       17.64110       24.94828       43.21169

 NSTEP =    22000   TIME(PS) =     684.000  TEMP(K) =   300.44  PRESS =    17.3
 Etot   =    -28273.1717  EKtot   =      6910.8604  EPtot      =    -35184.0320
 BOND   =       130.3165  ANGLE   =       401.0458  DIHED      =       628.0610
 1-4 NB =       167.5566  1-4 EEL =      2430.8817  VDWAALS    =      4572.2981
 EELEC  =    -43567.6342  EHBOND  =         0.0000  RESTRAINT  =        53.4425
 EAMBER (non-restraint)  =    -35237.4746
 EKCMT  =      3238.6411  VIRIAL  =      3196.1017  VOLUME     =    114108.5389
                                                    Density    =         1.0098
 ------------------------------------------------------------------------------

wrapping first mol.:       17.63628       24.94147       43.19989
wrapping first mol.:       17.63628       24.94147       43.19989

 NSTEP =    22500   TIME(PS) =     685.000  TEMP(K) =   302.80  PRESS =   158.3
 Etot   =    -28330.6017  EKtot   =      6965.3345  EPtot      =    -35295.9362
 BOND   =       132.9322  ANGLE   =       417.3144  DIHED      =       640.2703
 1-4 NB =       177.5200  1-4 EEL =      2415.7804  VDWAALS    =      4707.9975
 EELEC  =    -43832.6475  EHBOND  =         0.0000  RESTRAINT  =        44.8966
 EAMBER (non-restraint)  =    -35340.8327
 EKCMT  =      3196.7252  VIRIAL  =      2807.1087  VOLUME     =    114013.6130
                                                    Density    =         1.0106
 ------------------------------------------------------------------------------

wrapping first mol.:       17.63864       24.94480       43.20565
wrapping first mol.:       17.63864       24.94480       43.20565

 NSTEP =    23000   TIME(PS) =     686.000  TEMP(K) =   298.16  PRESS =   447.0
 Etot   =    -28345.6355  EKtot   =      6858.4741  EPtot      =    -35204.1096
 BOND   =       164.2644  ANGLE   =       415.3049  DIHED      =       624.4858
 1-4 NB =       165.7516  1-4 EEL =      2421.3940  VDWAALS    =      4762.3430
 EELEC  =    -43807.1078  EHBOND  =         0.0000  RESTRAINT  =        49.4545
 EAMBER (non-restraint)  =    -35253.5642
 EKCMT  =      3147.8119  VIRIAL  =      2047.0561  VOLUME     =    114056.3188
                                                    Density    =         1.0102
 ------------------------------------------------------------------------------

wrapping first mol.:       17.65424       24.96687       43.24388
wrapping first mol.:       17.65424       24.96687       43.24388

 NSTEP =    23500   TIME(PS) =     687.000  TEMP(K) =   300.79  PRESS =     4.3
 Etot   =    -28216.3418  EKtot   =      6918.9062  EPtot      =    -35135.2480
 BOND   =       145.5942  ANGLE   =       413.9150  DIHED      =       619.7167
 1-4 NB =       178.7689  1-4 EEL =      2432.4119  VDWAALS    =      4554.4704
 EELEC  =    -43537.4075  EHBOND  =         0.0000  RESTRAINT  =        57.2823
 EAMBER (non-restraint)  =    -35192.5303
 EKCMT  =      3107.2386  VIRIAL  =      3096.5973  VOLUME     =    114363.8948
                                                    Density    =         1.0075
 ------------------------------------------------------------------------------

wrapping first mol.:       17.65888       24.97342       43.25523
wrapping first mol.:       17.65888       24.97342       43.25523

 NSTEP =    24000   TIME(PS) =     688.000  TEMP(K) =   303.27  PRESS =  -369.0
 Etot   =    -28208.3139  EKtot   =      6975.9722  EPtot      =    -35184.2861
 BOND   =       137.7216  ANGLE   =       393.9447  DIHED      =       637.0754
 1-4 NB =       167.9261  1-4 EEL =      2427.3901  VDWAALS    =      4520.9041
 EELEC  =    -43514.9207  EHBOND  =         0.0000  RESTRAINT  =        45.6726
 EAMBER (non-restraint)  =    -35229.9587
 EKCMT  =      3168.2275  VIRIAL  =      4080.0194  VOLUME     =    114457.7474
                                                    Density    =         1.0067
 ------------------------------------------------------------------------------

wrapping first mol.:       17.63062       24.93347       43.18603
wrapping first mol.:       17.63062       24.93347       43.18603

 NSTEP =    24500   TIME(PS) =     689.000  TEMP(K) =   303.04  PRESS =  -300.8
 Etot   =    -28212.9959  EKtot   =      6970.7842  EPtot      =    -35183.7801
 BOND   =       141.9113  ANGLE   =       415.9519  DIHED      =       624.1397
 1-4 NB =       162.0600  1-4 EEL =      2420.5817  VDWAALS    =      4427.8282
 EELEC  =    -43423.2598  EHBOND  =         0.0000  RESTRAINT  =        47.0069
 EAMBER (non-restraint)  =    -35230.7870
 EKCMT  =      3183.7584  VIRIAL  =      3923.5258  VOLUME     =    113908.5872
                                                    Density    =         1.0115
 ------------------------------------------------------------------------------

wrapping first mol.:       17.66946       24.98838       43.28115
wrapping first mol.:       17.66946       24.98838       43.28115

 NSTEP =    25000   TIME(PS) =     690.000  TEMP(K) =   299.80  PRESS =   351.5
 Etot   =    -28239.6582  EKtot   =      6896.2466  EPtot      =    -35135.9048
 BOND   =       126.3136  ANGLE   =       390.6610  DIHED      =       627.4954
 1-4 NB =       172.7415  1-4 EEL =      2430.2031  VDWAALS    =      4743.0689
 EELEC  =    -43670.9108  EHBOND  =         0.0000  RESTRAINT  =        44.5226
 EAMBER (non-restraint)  =    -35180.4274
 EKCMT  =      3146.9935  VIRIAL  =      2276.7091  VOLUME     =    114656.2458
                                                    Density    =         1.0049
 ------------------------------------------------------------------------------

wrapping first mol.:       17.65427       24.96690       43.24394
wrapping first mol.:       17.65427       24.96690       43.24394

 NSTEP =    25500   TIME(PS) =     691.000  TEMP(K) =   297.18  PRESS =  -439.0
 Etot   =    -28276.7289  EKtot   =      6835.8730  EPtot      =    -35112.6020
 BOND   =       160.2898  ANGLE   =       412.9023  DIHED      =       622.1337
 1-4 NB =       169.1446  1-4 EEL =      2435.3156  VDWAALS    =      4435.1018
 EELEC  =    -43407.4254  EHBOND  =         0.0000  RESTRAINT  =        59.9355
 EAMBER (non-restraint)  =    -35172.5375
 EKCMT  =      3179.3796  VIRIAL  =      4263.5337  VOLUME     =    114368.8806
                                                    Density    =         1.0075
 ------------------------------------------------------------------------------

wrapping first mol.:       17.61891       24.91691       43.15734
wrapping first mol.:       17.61891       24.91691       43.15734

 NSTEP =    26000   TIME(PS) =     692.000  TEMP(K) =   296.51  PRESS =  -182.8
 Etot   =    -28424.1090  EKtot   =      6820.4692  EPtot      =    -35244.5782
 BOND   =       130.7265  ANGLE   =       408.2874  DIHED      =       622.1834
 1-4 NB =       172.8141  1-4 EEL =      2432.2714  VDWAALS    =      4543.0862
 EELEC  =    -43600.9866  EHBOND  =         0.0000  RESTRAINT  =        47.0394
 EAMBER (non-restraint)  =    -35291.6176
 EKCMT  =      3115.0575  VIRIAL  =      3563.6866  VOLUME     =    113680.5569
                                                    Density    =         1.0136
 ------------------------------------------------------------------------------

wrapping first mol.:       17.63569       24.94063       43.19843
wrapping first mol.:       17.63569       24.94063       43.19843

 NSTEP =    26500   TIME(PS) =     693.000  TEMP(K) =   299.09  PRESS =  -163.0
 Etot   =    -28275.9042  EKtot   =      6879.8477  EPtot      =    -35155.7518
 BOND   =       140.0374  ANGLE   =       416.1255  DIHED      =       631.0681
 1-4 NB =       178.4804  1-4 EEL =      2434.2783  VDWAALS    =      4532.8555
 EELEC  =    -43548.0868  EHBOND  =         0.0000  RESTRAINT  =        59.4896
 EAMBER (non-restraint)  =    -35215.2415
 EKCMT  =      3178.9534  VIRIAL  =      3580.2150  VOLUME     =    114005.3614
                                                    Density    =         1.0107
 ------------------------------------------------------------------------------

wrapping first mol.:       17.63457       24.93904       43.19569
wrapping first mol.:       17.63457       24.93904       43.19569

 NSTEP =    27000   TIME(PS) =     694.000  TEMP(K) =   295.69  PRESS =    -8.5
 Etot   =    -28442.4289  EKtot   =      6801.7554  EPtot      =    -35244.1843
 BOND   =       154.9014  ANGLE   =       398.0458  DIHED      =       629.3752
 1-4 NB =       171.5493  1-4 EEL =      2425.7760  VDWAALS    =      4579.0497
 EELEC  =    -43659.9465  EHBOND  =         0.0000  RESTRAINT  =        57.0648
 EAMBER (non-restraint)  =    -35301.2491
 EKCMT  =      3141.3330  VIRIAL  =      3162.1662  VOLUME     =    113982.0505
                                                    Density    =         1.0109
 ------------------------------------------------------------------------------

wrapping first mol.:       17.61943       24.91763       43.15860
wrapping first mol.:       17.61943       24.91763       43.15860

 NSTEP =    27500   TIME(PS) =     695.000  TEMP(K) =   305.43  PRESS =  -183.6
 Etot   =    -28282.6362  EKtot   =      7025.7275  EPtot      =    -35308.3638
 BOND   =       155.4113  ANGLE   =       419.3231  DIHED      =       630.9889
 1-4 NB =       175.0092  1-4 EEL =      2438.5498  VDWAALS    =      4513.7775
 EELEC  =    -43689.3656  EHBOND  =         0.0000  RESTRAINT  =        47.9421
 EAMBER (non-restraint)  =    -35356.3059
 EKCMT  =      3209.7315  VIRIAL  =      3660.3217  VOLUME     =    113690.5221
                                                    Density    =         1.0135
 ------------------------------------------------------------------------------

wrapping first mol.:       17.62538       24.92605       43.17318
wrapping first mol.:       17.62538       24.92605       43.17318

 NSTEP =    28000   TIME(PS) =     696.000  TEMP(K) =   300.39  PRESS =   156.7
 Etot   =    -28259.8521  EKtot   =      6909.7056  EPtot      =    -35169.5577
 BOND   =       144.7549  ANGLE   =       404.0401  DIHED      =       631.4963
 1-4 NB =       168.3845  1-4 EEL =      2459.9728  VDWAALS    =      4688.2278
 EELEC  =    -43711.7476  EHBOND  =         0.0000  RESTRAINT  =        45.3135
 EAMBER (non-restraint)  =    -35214.8711
 EKCMT  =      3123.3213  VIRIAL  =      2738.2097  VOLUME     =    113802.3347
                                                    Density    =         1.0125
 ------------------------------------------------------------------------------

wrapping first mol.:       17.63117       24.93424       43.18737
wrapping first mol.:       17.63117       24.93424       43.18737

 NSTEP =    28500   TIME(PS) =     697.000  TEMP(K) =   306.07  PRESS =    48.2
 Etot   =    -28031.8024  EKtot   =      7040.5317  EPtot      =    -35072.3341
 BOND   =       158.4289  ANGLE   =       440.1866  DIHED      =       618.7477
 1-4 NB =       169.1802  1-4 EEL =      2424.6540  VDWAALS    =      4550.3498
 EELEC  =    -43486.3106  EHBOND  =         0.0000  RESTRAINT  =        52.4292
 EAMBER (non-restraint)  =    -35124.7633
 EKCMT  =      3252.2499  VIRIAL  =      3133.6396  VOLUME     =    113915.6418
                                                    Density    =         1.0115
 ------------------------------------------------------------------------------

wrapping first mol.:       17.62177       24.92094       43.16433
wrapping first mol.:       17.62177       24.92094       43.16433

 NSTEP =    29000   TIME(PS) =     698.000  TEMP(K) =   297.95  PRESS =  -113.4
 Etot   =    -28473.9839  EKtot   =      6853.7148  EPtot      =    -35327.6987
 BOND   =       146.1077  ANGLE   =       405.7785  DIHED      =       645.3979
 1-4 NB =       168.2916  1-4 EEL =      2424.1726  VDWAALS    =      4555.7359
 EELEC  =    -43723.8239  EHBOND  =         0.0000  RESTRAINT  =        50.6410
 EAMBER (non-restraint)  =    -35378.3397
 EKCMT  =      3087.9675  VIRIAL  =      3366.5021  VOLUME     =    113735.0665
                                                    Density    =         1.0131
 ------------------------------------------------------------------------------

wrapping first mol.:       17.61324       24.90889       43.14345
wrapping first mol.:       17.61324       24.90889       43.14345

 NSTEP =    29500   TIME(PS) =     699.000  TEMP(K) =   305.15  PRESS =  -130.2
 Etot   =    -28319.2700  EKtot   =      7019.3916  EPtot      =    -35338.6616
 BOND   =       167.0200  ANGLE   =       391.6565  DIHED      =       624.4777
 1-4 NB =       162.7460  1-4 EEL =      2429.5910  VDWAALS    =      4628.6400
 EELEC  =    -43789.3769  EHBOND  =         0.0000  RESTRAINT  =        46.5842
 EAMBER (non-restraint)  =    -35385.2458
 EKCMT  =      3232.3335  VIRIAL  =      3551.5234  VOLUME     =    113570.2951
                                                    Density    =         1.0145
 ------------------------------------------------------------------------------

wrapping first mol.:       17.61636       24.91330       43.15110
wrapping first mol.:       17.61636       24.91330       43.15110

 NSTEP =    30000   TIME(PS) =     700.000  TEMP(K) =   296.22  PRESS =   212.0
 Etot   =    -28344.7179  EKtot   =      6813.8662  EPtot      =    -35158.5841
 BOND   =       162.1598  ANGLE   =       417.2400  DIHED      =       634.1877
 1-4 NB =       168.4299  1-4 EEL =      2434.7785  VDWAALS    =      4615.5614
 EELEC  =    -43637.8885  EHBOND  =         0.0000  RESTRAINT  =        46.9471
 EAMBER (non-restraint)  =    -35205.5313
 EKCMT  =      3163.2566  VIRIAL  =      2643.2651  VOLUME     =    113627.1989
                                                    Density    =         1.0140
 ------------------------------------------------------------------------------

wrapping first mol.:       17.61845       24.91625       43.15621
wrapping first mol.:       17.61845       24.91625       43.15621

 NSTEP =    30500   TIME(PS) =     701.000  TEMP(K) =   302.72  PRESS =   171.7
 Etot   =    -28469.6614  EKtot   =      6963.3491  EPtot      =    -35433.0105
 BOND   =       144.4255  ANGLE   =       387.6837  DIHED      =       628.3899
 1-4 NB =       171.0831  1-4 EEL =      2437.4372  VDWAALS    =      4659.6300
 EELEC  =    -43914.8510  EHBOND  =         0.0000  RESTRAINT  =        53.1911
 EAMBER (non-restraint)  =    -35486.2016
 EKCMT  =      3178.5849  VIRIAL  =      2757.1606  VOLUME     =    113667.9690
                                                    Density    =         1.0137
 ------------------------------------------------------------------------------

wrapping first mol.:       17.62907       24.93127       43.18222
wrapping first mol.:       17.62907       24.93127       43.18222

 NSTEP =    31000   TIME(PS) =     702.000  TEMP(K) =   296.23  PRESS =  -112.0
 Etot   =    -28371.7670  EKtot   =      6814.0537  EPtot      =    -35185.8207
 BOND   =       124.4473  ANGLE   =       410.6107  DIHED      =       625.5998
 1-4 NB =       177.5176  1-4 EEL =      2452.3205  VDWAALS    =      4603.6962
 EELEC  =    -43628.2440  EHBOND  =         0.0000  RESTRAINT  =        48.2312
 EAMBER (non-restraint)  =    -35234.0519
 EKCMT  =      3111.7300  VIRIAL  =      3387.1664  VOLUME     =    113876.5516
                                                    Density    =         1.0118
 ------------------------------------------------------------------------------

wrapping first mol.:       17.64245       24.95020       43.21501
wrapping first mol.:       17.64245       24.95020       43.21501

 NSTEP =    31500   TIME(PS) =     703.000  TEMP(K) =   297.19  PRESS =    71.2
 Etot   =    -28378.7312  EKtot   =      6836.0796  EPtot      =    -35214.8108
 BOND   =       149.2332  ANGLE   =       393.6780  DIHED      =       624.5905
 1-4 NB =       173.1752  1-4 EEL =      2436.8047  VDWAALS    =      4669.3093
 EELEC  =    -43706.5384  EHBOND  =         0.0000  RESTRAINT  =        44.9367
 EAMBER (non-restraint)  =    -35259.7475
 EKCMT  =      3141.3576  VIRIAL  =      2965.8975  VOLUME     =    114134.2455
                                                    Density    =         1.0095
 ------------------------------------------------------------------------------

wrapping first mol.:       17.65738       24.97130       43.25156
wrapping first mol.:       17.65738       24.97130       43.25156

 NSTEP =    32000   TIME(PS) =     704.000  TEMP(K) =   303.50  PRESS =   105.3
 Etot   =    -28092.7450  EKtot   =      6981.3452  EPtot      =    -35074.0902
 BOND   =       149.9114  ANGLE   =       395.0198  DIHED      =       632.5493
 1-4 NB =       172.3753  1-4 EEL =      2448.9912  VDWAALS    =      4619.6148
 EELEC  =    -43544.1340  EHBOND  =         0.0000  RESTRAINT  =        51.5820
 EAMBER (non-restraint)  =    -35125.6722
 EKCMT  =      3213.5347  VIRIAL  =      2953.3810  VOLUME     =    114423.7872
                                                    Density    =         1.0070
 ------------------------------------------------------------------------------

wrapping first mol.:       17.63710       24.94263       43.20189
wrapping first mol.:       17.63710       24.94263       43.20189

 NSTEP =    32500   TIME(PS) =     705.000  TEMP(K) =   300.87  PRESS =   -32.7
 Etot   =    -28393.6002  EKtot   =      6920.8506  EPtot      =    -35314.4508
 BOND   =       150.7317  ANGLE   =       407.5552  DIHED      =       633.5069
 1-4 NB =       161.4483  1-4 EEL =      2420.3877  VDWAALS    =      4567.9773
 EELEC  =    -43703.2136  EHBOND  =         0.0000  RESTRAINT  =        47.1556
 EAMBER (non-restraint)  =    -35361.6064
 EKCMT  =      3125.3833  VIRIAL  =      3205.9261  VOLUME     =    114031.4350
                                                    Density    =         1.0104
 ------------------------------------------------------------------------------

wrapping first mol.:       17.63078       24.93369       43.18642
wrapping first mol.:       17.63078       24.93369       43.18642

 NSTEP =    33000   TIME(PS) =     706.000  TEMP(K) =   297.29  PRESS =  -255.6
 Etot   =    -28242.2631  EKtot   =      6838.4199  EPtot      =    -35080.6830
 BOND   =       144.3873  ANGLE   =       417.8766  DIHED      =       632.0632
 1-4 NB =       166.8218  1-4 EEL =      2448.6438  VDWAALS    =      4489.8254
 EELEC  =    -43432.6902  EHBOND  =         0.0000  RESTRAINT  =        52.3890
 EAMBER (non-restraint)  =    -35133.0720
 EKCMT  =      3172.6913  VIRIAL  =      3801.3478  VOLUME     =    113911.2372
                                                    Density    =         1.0115
 ------------------------------------------------------------------------------

wrapping first mol.:       17.63552       24.94038       43.19801
wrapping first mol.:       17.63552       24.94038       43.19801

 NSTEP =    33500   TIME(PS) =     707.000  TEMP(K) =   299.19  PRESS =    33.7
 Etot   =    -28389.5390  EKtot   =      6882.2256  EPtot      =    -35271.7646
 BOND   =       143.5020  ANGLE   =       405.7541  DIHED      =       651.0398
 1-4 NB =       173.9451  1-4 EEL =      2453.4269  VDWAALS    =      4615.3866
 EELEC  =    -43763.5716  EHBOND  =         0.0000  RESTRAINT  =        48.7528
 EAMBER (non-restraint)  =    -35320.5173
 EKCMT  =      3111.5610  VIRIAL  =      3028.4942  VOLUME     =    114000.0124
                                                    Density    =         1.0107
 ------------------------------------------------------------------------------

wrapping first mol.:       17.65425       24.96688       43.24390
wrapping first mol.:       17.65425       24.96688       43.24390

 NSTEP =    34000   TIME(PS) =     708.000  TEMP(K) =   298.22  PRESS =    55.0
 Etot   =    -28520.1413  EKtot   =      6859.8906  EPtot      =    -35380.0320
 BOND   =       141.7321  ANGLE   =       385.3448  DIHED      =       621.8117
 1-4 NB =       171.2563  1-4 EEL =      2438.4641  VDWAALS    =      4673.4407
 EELEC  =    -43864.3012  EHBOND  =         0.0000  RESTRAINT  =        52.2196
 EAMBER (non-restraint)  =    -35432.2515
 EKCMT  =      3177.4107  VIRIAL  =      3041.6989  VOLUME     =    114363.4926
                                                    Density    =         1.0075
 ------------------------------------------------------------------------------

wrapping first mol.:       17.64719       24.95689       43.22661
wrapping first mol.:       17.64719       24.95689       43.22661

 NSTEP =    34500   TIME(PS) =     709.000  TEMP(K) =   296.75  PRESS =   254.9
 Etot   =    -28360.8479  EKtot   =      6826.1191  EPtot      =    -35186.9671
 BOND   =       138.2704  ANGLE   =       403.1110  DIHED      =       624.0533
 1-4 NB =       168.2307  1-4 EEL =      2451.5647  VDWAALS    =      4754.0301
 EELEC  =    -43770.4773  EHBOND  =         0.0000  RESTRAINT  =        44.2501
 EAMBER (non-restraint)  =    -35231.2172
 EKCMT  =      3124.0822  VIRIAL  =      2495.5041  VOLUME     =    114224.3019
                                                    Density    =         1.0087
 ------------------------------------------------------------------------------

wrapping first mol.:       17.66705       24.98498       43.27525
wrapping first mol.:       17.66705       24.98498       43.27525

 NSTEP =    35000   TIME(PS) =     710.000  TEMP(K) =   299.57  PRESS =   -23.0
 Etot   =    -28285.8927  EKtot   =      6890.9004  EPtot      =    -35176.7931
 BOND   =       169.1233  ANGLE   =       382.3931  DIHED      =       655.9424
 1-4 NB =       166.9414  1-4 EEL =      2426.4331  VDWAALS    =      4588.8647
 EELEC  =    -43612.9624  EHBOND  =         0.0000  RESTRAINT  =        46.4713
 EAMBER (non-restraint)  =    -35223.2644
 EKCMT  =      3155.1979  VIRIAL  =      3212.2335  VOLUME     =    114613.2093
                                                    Density    =         1.0053
 ------------------------------------------------------------------------------

wrapping first mol.:       17.66104       24.97649       43.26054
wrapping first mol.:       17.66104       24.97649       43.26054

 NSTEP =    35500   TIME(PS) =     711.000  TEMP(K) =   300.94  PRESS =    32.5
 Etot   =    -28184.2693  EKtot   =      6922.4912  EPtot      =    -35106.7605
 BOND   =       139.1352  ANGLE   =       391.6884  DIHED      =       656.1812
 1-4 NB =       167.9923  1-4 EEL =      2457.2151  VDWAALS    =      4623.3280
 EELEC  =    -43588.3849  EHBOND  =         0.0000  RESTRAINT  =        46.0844
 EAMBER (non-restraint)  =    -35152.8448
 EKCMT  =      3256.9910  VIRIAL  =      3176.7160  VOLUME     =    114495.8103
                                                    Density    =         1.0063
 ------------------------------------------------------------------------------

wrapping first mol.:       17.63849       24.94459       43.20530
wrapping first mol.:       17.63849       24.94459       43.20530

 NSTEP =    36000   TIME(PS) =     712.000  TEMP(K) =   299.68  PRESS =   -83.3
 Etot   =    -28324.7606  EKtot   =      6893.3853  EPtot      =    -35218.1459
 BOND   =       130.2479  ANGLE   =       396.5305  DIHED      =       628.4206
 1-4 NB =       167.0601  1-4 EEL =      2434.4797  VDWAALS    =      4590.6450
 EELEC  =    -43619.3651  EHBOND  =         0.0000  RESTRAINT  =        53.8353
 EAMBER (non-restraint)  =    -35271.9812
 EKCMT  =      3158.4648  VIRIAL  =      3363.6945  VOLUME     =    114058.8966
                                                    Density    =         1.0102
 ------------------------------------------------------------------------------

wrapping first mol.:       17.62931       24.93161       43.18281
wrapping first mol.:       17.62931       24.93161       43.18281

 NSTEP =    36500   TIME(PS) =     713.000  TEMP(K) =   298.72  PRESS =   -27.1
 Etot   =    -28479.9538  EKtot   =      6871.3467  EPtot      =    -35351.3005
 BOND   =       152.1636  ANGLE   =       405.2051  DIHED      =       629.3093
 1-4 NB =       164.7282  1-4 EEL =      2452.6685  VDWAALS    =      4562.1123
 EELEC  =    -43769.4227  EHBOND  =         0.0000  RESTRAINT  =        51.9351
 EAMBER (non-restraint)  =    -35403.2357
 EKCMT  =      3116.1842  VIRIAL  =      3182.8930  VOLUME     =    113880.3626
                                                    Density    =         1.0118
 ------------------------------------------------------------------------------

wrapping first mol.:       17.63718       24.94273       43.20208
wrapping first mol.:       17.63718       24.94273       43.20208

 NSTEP =    37000   TIME(PS) =     714.000  TEMP(K) =   298.54  PRESS =  -115.2
 Etot   =    -28326.1509  EKtot   =      6867.2324  EPtot      =    -35193.3833
 BOND   =       136.5233  ANGLE   =       400.8458  DIHED      =       631.8650
 1-4 NB =       165.4083  1-4 EEL =      2437.0592  VDWAALS    =      4579.0188
 EELEC  =    -43590.2682  EHBOND  =         0.0000  RESTRAINT  =        46.1645
 EAMBER (non-restraint)  =    -35239.5478
 EKCMT  =      3154.1538  VIRIAL  =      3437.8340  VOLUME     =    114033.7542
                                                    Density    =         1.0104
 ------------------------------------------------------------------------------

wrapping first mol.:       17.63752       24.94322       43.20293
wrapping first mol.:       17.63752       24.94322       43.20293

 NSTEP =    37500   TIME(PS) =     715.000  TEMP(K) =   300.03  PRESS =    60.3
 Etot   =    -28187.8715  EKtot   =      6901.5771  EPtot      =    -35089.4487
 BOND   =       146.1991  ANGLE   =       416.7535  DIHED      =       636.2467
 1-4 NB =       163.4577  1-4 EEL =      2450.2282  VDWAALS    =      4553.0288
 EELEC  =    -43515.4681  EHBOND  =         0.0000  RESTRAINT  =        60.1054
 EAMBER (non-restraint)  =    -35149.5541
 EKCMT  =      3208.5837  VIRIAL  =      3060.1553  VOLUME     =    114038.6845
                                                    Density    =         1.0104
 ------------------------------------------------------------------------------

wrapping first mol.:       17.63783       24.94366       43.20369
wrapping first mol.:       17.63783       24.94366       43.20369

 NSTEP =    38000   TIME(PS) =     716.000  TEMP(K) =   299.13  PRESS =     4.5
 Etot   =    -28257.0033  EKtot   =      6880.7212  EPtot      =    -35137.7245
 BOND   =       140.3545  ANGLE   =       428.8039  DIHED      =       638.3562
 1-4 NB =       162.5023  1-4 EEL =      2408.0652  VDWAALS    =      4485.2581
 EELEC  =    -43447.6471  EHBOND  =         0.0000  RESTRAINT  =        46.5823
 EAMBER (non-restraint)  =    -35184.3068
 EKCMT  =      3188.7141  VIRIAL  =      3177.7169  VOLUME     =    114045.2747
                                                    Density    =         1.0103
 ------------------------------------------------------------------------------

wrapping first mol.:       17.65767       24.97172       43.25228
wrapping first mol.:       17.65767       24.97172       43.25228

 NSTEP =    38500   TIME(PS) =     717.000  TEMP(K) =   304.53  PRESS =  -145.4
 Etot   =    -28278.3196  EKtot   =      7005.1372  EPtot      =    -35283.4568
 BOND   =       141.8767  ANGLE   =       388.5370  DIHED      =       626.0622
 1-4 NB =       168.0973  1-4 EEL =      2451.9187  VDWAALS    =      4627.5856
 EELEC  =    -43732.5002  EHBOND  =         0.0000  RESTRAINT  =        44.9657
 EAMBER (non-restraint)  =    -35328.4225
 EKCMT  =      3145.0025  VIRIAL  =      3504.3498  VOLUME     =    114432.0566
                                                    Density    =         1.0069
 ------------------------------------------------------------------------------

wrapping first mol.:       17.64966       24.96038       43.23265
wrapping first mol.:       17.64966       24.96038       43.23265

 NSTEP =    39000   TIME(PS) =     718.000  TEMP(K) =   300.55  PRESS =   234.8
 Etot   =    -28148.0516  EKtot   =      6913.3760  EPtot      =    -35061.4276
 BOND   =       153.7778  ANGLE   =       389.5327  DIHED      =       632.1754
 1-4 NB =       163.7610  1-4 EEL =      2446.7832  VDWAALS    =      4641.5386
 EELEC  =    -43539.8034  EHBOND  =         0.0000  RESTRAINT  =        50.8072
 EAMBER (non-restraint)  =    -35112.2348
 EKCMT  =      3175.1825  VIRIAL  =      2595.7563  VOLUME     =    114272.4022
                                                    Density    =         1.0083
 ------------------------------------------------------------------------------

wrapping first mol.:       17.64841       24.95863       43.22961
wrapping first mol.:       17.64841       24.95863       43.22961

 NSTEP =    39500   TIME(PS) =     719.000  TEMP(K) =   301.42  PRESS =  -180.1
 Etot   =    -28261.8117  EKtot   =      6933.5659  EPtot      =    -35195.3776
 BOND   =       150.0078  ANGLE   =       411.2370  DIHED      =       620.1063
 1-4 NB =       166.0292  1-4 EEL =      2440.7359  VDWAALS    =      4484.3224
 EELEC  =    -43513.1316  EHBOND  =         0.0000  RESTRAINT  =        45.3154
 EAMBER (non-restraint)  =    -35240.6930
 EKCMT  =      3230.2641  VIRIAL  =      3674.6201  VOLUME     =    114252.5257
                                                    Density    =         1.0085
 ------------------------------------------------------------------------------

wrapping first mol.:       17.64576       24.95487       43.22311
wrapping first mol.:       17.64576       24.95487       43.22311

 NSTEP =    40000   TIME(PS) =     720.000  TEMP(K) =   299.68  PRESS =  -201.1
 Etot   =    -28301.8858  EKtot   =      6893.4263  EPtot      =    -35195.3121
 BOND   =       152.1553  ANGLE   =       405.0267  DIHED      =       626.2923
 1-4 NB =       168.4126  1-4 EEL =      2452.2841  VDWAALS    =      4535.7412
 EELEC  =    -43585.1052  EHBOND  =         0.0000  RESTRAINT  =        49.8809
 EAMBER (non-restraint)  =    -35245.1930
 EKCMT  =      3182.7710  VIRIAL  =      3678.7093  VOLUME     =    114201.2093
                                                    Density    =         1.0089
 ------------------------------------------------------------------------------

wrapping first mol.:       17.61998       24.91842       43.15996
wrapping first mol.:       17.61998       24.91842       43.15996

 NSTEP =    40500   TIME(PS) =     721.000  TEMP(K) =   301.84  PRESS =  -317.2
 Etot   =    -28232.0856  EKtot   =      6943.0767  EPtot      =    -35175.1623
 BOND   =       153.4199  ANGLE   =       389.2680  DIHED      =       625.6847
 1-4 NB =       167.0547  1-4 EEL =      2450.1022  VDWAALS    =      4375.6554
 EELEC  =    -43388.0240  EHBOND  =         0.0000  RESTRAINT  =        51.6767
 EAMBER (non-restraint)  =    -35226.8390
 EKCMT  =      3185.8086  VIRIAL  =      3964.6514  VOLUME     =    113702.5965
                                                    Density    =         1.0134
 ------------------------------------------------------------------------------

wrapping first mol.:       17.63753       24.94323       43.20294
wrapping first mol.:       17.63753       24.94323       43.20294

 NSTEP =    41000   TIME(PS) =     722.000  TEMP(K) =   295.27  PRESS =   479.7
 Etot   =    -28264.9566  EKtot   =      6792.0483  EPtot      =    -35057.0049
 BOND   =       148.1899  ANGLE   =       414.8576  DIHED      =       623.9619
 1-4 NB =       171.0715  1-4 EEL =      2451.7700  VDWAALS    =      4757.4702
 EELEC  =    -43677.9087  EHBOND  =         0.0000  RESTRAINT  =        53.5828
 EAMBER (non-restraint)  =    -35110.5878
 EKCMT  =      3140.5578  VIRIAL  =      1959.4025  VOLUME     =    114034.4901
                                                    Density    =         1.0104
 ------------------------------------------------------------------------------

wrapping first mol.:       17.65816       24.97241       43.25348
wrapping first mol.:       17.65816       24.97241       43.25348

 NSTEP =    41500   TIME(PS) =     723.000  TEMP(K) =   298.80  PRESS =  -354.7
 Etot   =    -28331.0111  EKtot   =      6873.1807  EPtot      =    -35204.1917
 BOND   =       139.4173  ANGLE   =       411.6752  DIHED      =       643.8492
 1-4 NB =       174.3142  1-4 EEL =      2437.1526  VDWAALS    =      4585.4004
 EELEC  =    -43642.6038  EHBOND  =         0.0000  RESTRAINT  =        46.6031
 EAMBER (non-restraint)  =    -35250.7949
 EKCMT  =      3208.9911  VIRIAL  =      4085.3797  VOLUME     =    114443.7151
                                                    Density    =         1.0068
 ------------------------------------------------------------------------------

wrapping first mol.:       17.65168       24.96325       43.23761
wrapping first mol.:       17.65168       24.96325       43.23761

 NSTEP =    42000   TIME(PS) =     724.000  TEMP(K) =   304.53  PRESS =    -3.5
 Etot   =    -28238.2840  EKtot   =      7005.0195  EPtot      =    -35243.3035
 BOND   =       156.3238  ANGLE   =       408.6255  DIHED      =       634.8272
 1-4 NB =       169.7538  1-4 EEL =      2433.3803  VDWAALS    =      4581.1278
 EELEC  =    -43676.9755  EHBOND  =         0.0000  RESTRAINT  =        49.6336
 EAMBER (non-restraint)  =    -35292.9371
 EKCMT  =      3204.9564  VIRIAL  =      3213.4815  VOLUME     =    114314.1654
                                                    Density    =         1.0079
 ------------------------------------------------------------------------------

wrapping first mol.:       17.64992       24.96076       43.23330
wrapping first mol.:       17.64992       24.96076       43.23330

 NSTEP =    42500   TIME(PS) =     725.000  TEMP(K) =   295.86  PRESS =   561.9
 Etot   =    -28523.7505  EKtot   =      6805.6206  EPtot      =    -35329.3711
 BOND   =       159.9422  ANGLE   =       389.8124  DIHED      =       617.8203
 1-4 NB =       163.4918  1-4 EEL =      2440.7943  VDWAALS    =      4860.7428
 EELEC  =    -44011.4063  EHBOND  =         0.0000  RESTRAINT  =        49.4314
 EAMBER (non-restraint)  =    -35378.8025
 EKCMT  =      3171.6997  VIRIAL  =      1785.4154  VOLUME     =    114274.2884
                                                    Density    =         1.0083
 ------------------------------------------------------------------------------

wrapping first mol.:       17.66494       24.98200       43.27008
wrapping first mol.:       17.66494       24.98200       43.27008

 NSTEP =    43000   TIME(PS) =     726.000  TEMP(K) =   295.48  PRESS =   181.7
 Etot   =    -28345.5114  EKtot   =      6796.8970  EPtot      =    -35142.4083
 BOND   =       139.1626  ANGLE   =       404.8740  DIHED      =       620.0946
 1-4 NB =       171.8394  1-4 EEL =      2440.7462  VDWAALS    =      4667.7284
 EELEC  =    -43633.1671  EHBOND  =         0.0000  RESTRAINT  =        46.3136
 EAMBER (non-restraint)  =    -35188.7219
 EKCMT  =      3141.7813  VIRIAL  =      2692.2798  VOLUME     =    114570.0608
                                                    Density    =         1.0057
 ------------------------------------------------------------------------------

wrapping first mol.:       17.64038       24.94727       43.20994
wrapping first mol.:       17.64038       24.94727       43.20994

 NSTEP =    43500   TIME(PS) =     727.000  TEMP(K) =   297.80  PRESS =    16.3
 Etot   =    -28388.6924  EKtot   =      6850.1416  EPtot      =    -35238.8340
 BOND   =       147.6030  ANGLE   =       377.5641  DIHED      =       630.9355
 1-4 NB =       170.1692  1-4 EEL =      2442.5651  VDWAALS    =      4608.9492
 EELEC  =    -43667.6537  EHBOND  =         0.0000  RESTRAINT  =        51.0336
 EAMBER (non-restraint)  =    -35289.8676
 EKCMT  =      3166.2080  VIRIAL  =      3126.1689  VOLUME     =    114094.6321
                                                    Density    =         1.0099
 ------------------------------------------------------------------------------

wrapping first mol.:       17.64160       24.94899       43.21292
wrapping first mol.:       17.64160       24.94899       43.21292

 NSTEP =    44000   TIME(PS) =     728.000  TEMP(K) =   302.19  PRESS =    56.6
 Etot   =    -28238.9782  EKtot   =      6951.2773  EPtot      =    -35190.2555
 BOND   =       132.6261  ANGLE   =       387.6950  DIHED      =       637.1045
 1-4 NB =       166.5726  1-4 EEL =      2434.2876  VDWAALS    =      4618.0452
 EELEC  =    -43622.5372  EHBOND  =         0.0000  RESTRAINT  =        55.9506
 EAMBER (non-restraint)  =    -35246.2061
 EKCMT  =      3220.7801  VIRIAL  =      3081.3653  VOLUME     =    114117.8552
                                                    Density    =         1.0097
 ------------------------------------------------------------------------------

wrapping first mol.:       17.65090       24.96214       43.23569
wrapping first mol.:       17.65090       24.96214       43.23569

 NSTEP =    44500   TIME(PS) =     729.000  TEMP(K) =   299.89  PRESS =   193.6
 Etot   =    -28412.3239  EKtot   =      6898.2808  EPtot      =    -35310.6046
 BOND   =       167.9372  ANGLE   =       405.5472  DIHED      =       629.4593
 1-4 NB =       158.3380  1-4 EEL =      2439.5070  VDWAALS    =      4719.7426
 EELEC  =    -43882.7260  EHBOND  =         0.0000  RESTRAINT  =        51.5902
 EAMBER (non-restraint)  =    -35362.1948
 EKCMT  =      3187.8248  VIRIAL  =      2710.1594  VOLUME     =    114296.9247
                                                    Density    =         1.0081
 ------------------------------------------------------------------------------

wrapping first mol.:       17.64555       24.95458       43.22259
wrapping first mol.:       17.64555       24.95458       43.22259

 NSTEP =    45000   TIME(PS) =     730.000  TEMP(K) =   300.42  PRESS =   -79.8
 Etot   =    -28314.7132  EKtot   =      6910.3984  EPtot      =    -35225.1116
 BOND   =       152.3813  ANGLE   =       404.4800  DIHED      =       634.9275
 1-4 NB =       169.4468  1-4 EEL =      2425.6030  VDWAALS    =      4626.4204
 EELEC  =    -43684.8418  EHBOND  =         0.0000  RESTRAINT  =        46.4711
 EAMBER (non-restraint)  =    -35271.5827
 EKCMT  =      3143.5347  VIRIAL  =      3340.3308  VOLUME     =    114195.8873
                                                    Density    =         1.0090
 ------------------------------------------------------------------------------

wrapping first mol.:       17.64178       24.94925       43.21336
wrapping first mol.:       17.64178       24.94925       43.21336

 NSTEP =    45500   TIME(PS) =     731.000  TEMP(K) =   296.62  PRESS =    38.2
 Etot   =    -28334.6723  EKtot   =      6823.0864  EPtot      =    -35157.7588
 BOND   =       146.7124  ANGLE   =       412.5240  DIHED      =       630.7858
 1-4 NB =       164.6907  1-4 EEL =      2432.4438  VDWAALS    =      4617.4328
 EELEC  =    -43623.2770  EHBOND  =         0.0000  RESTRAINT  =        60.9287
 EAMBER (non-restraint)  =    -35218.6875
 EKCMT  =      3116.9416  VIRIAL  =      3022.7860  VOLUME     =    114121.5661
                                                    Density    =         1.0096
 ------------------------------------------------------------------------------

wrapping first mol.:       17.62370       24.92367       43.16907
wrapping first mol.:       17.62370       24.92367       43.16907

 NSTEP =    46000   TIME(PS) =     732.000  TEMP(K) =   301.90  PRESS =  -127.3
 Etot   =    -28241.1833  EKtot   =      6944.5342  EPtot      =    -35185.7175
 BOND   =       148.3040  ANGLE   =       424.9176  DIHED      =       635.2746
 1-4 NB =       169.3018  1-4 EEL =      2457.0163  VDWAALS    =      4612.1478
 EELEC  =    -43683.0817  EHBOND  =         0.0000  RESTRAINT  =        50.4021
 EAMBER (non-restraint)  =    -35236.1196
 EKCMT  =      3201.1241  VIRIAL  =      3513.7810  VOLUME     =    113772.6475
                                                    Density    =         1.0127
 ------------------------------------------------------------------------------

wrapping first mol.:       17.62881       24.93090       43.18157
wrapping first mol.:       17.62881       24.93090       43.18157

 NSTEP =    46500   TIME(PS) =     733.000  TEMP(K) =   295.78  PRESS =  -233.0
 Etot   =    -28392.8341  EKtot   =      6803.6924  EPtot      =    -35196.5264
 BOND   =       156.6059  ANGLE   =       404.4642  DIHED      =       637.1974
 1-4 NB =       169.1117  1-4 EEL =      2429.9235  VDWAALS    =      4497.7160
 EELEC  =    -43543.0561  EHBOND  =         0.0000  RESTRAINT  =        51.5110
 EAMBER (non-restraint)  =    -35248.0374
 EKCMT  =      3124.3309  VIRIAL  =      3697.1543  VOLUME     =    113872.6560
                                                    Density    =         1.0119
 ------------------------------------------------------------------------------

wrapping first mol.:       17.63116       24.93422       43.18734
wrapping first mol.:       17.63116       24.93422       43.18734

 NSTEP =    47000   TIME(PS) =     734.000  TEMP(K) =   303.21  PRESS =  -349.0
 Etot   =    -28363.6083  EKtot   =      6974.7334  EPtot      =    -35338.3417
 BOND   =       172.6679  ANGLE   =       378.9167  DIHED      =       634.3146
 1-4 NB =       165.1882  1-4 EEL =      2426.5411  VDWAALS    =      4559.2607
 EELEC  =    -43729.1369  EHBOND  =         0.0000  RESTRAINT  =        53.9060
 EAMBER (non-restraint)  =    -35392.2477
 EKCMT  =      3184.1477  VIRIAL  =      4042.5321  VOLUME     =    113919.4142
                                                    Density    =         1.0114
 ------------------------------------------------------------------------------

wrapping first mol.:       17.62907       24.93127       43.18223
wrapping first mol.:       17.62907       24.93127       43.18223

 NSTEP =    47500   TIME(PS) =     735.000  TEMP(K) =   300.50  PRESS =   194.1
 Etot   =    -28248.0531  EKtot   =      6912.2119  EPtot      =    -35160.2650
 BOND   =       132.8723  ANGLE   =       404.5005  DIHED      =       623.1246
 1-4 NB =       167.5854  1-4 EEL =      2444.7326  VDWAALS    =      4694.4554
 EELEC  =    -43684.4868  EHBOND  =         0.0000  RESTRAINT  =        56.9509
 EAMBER (non-restraint)  =    -35217.2160
 EKCMT  =      3150.1668  VIRIAL  =      2672.9946  VOLUME     =    113873.5031
                                                    Density    =         1.0118
 ------------------------------------------------------------------------------

wrapping first mol.:       17.62965       24.93209       43.18365
wrapping first mol.:       17.62965       24.93209       43.18365

 NSTEP =    48000   TIME(PS) =     736.000  TEMP(K) =   296.94  PRESS =   177.3
 Etot   =    -28352.5773  EKtot   =      6830.4609  EPtot      =    -35183.0383
 BOND   =       146.4776  ANGLE   =       384.7617  DIHED      =       638.4757
 1-4 NB =       171.5021  1-4 EEL =      2465.7971  VDWAALS    =      4649.3476
 EELEC  =    -43691.8870  EHBOND  =         0.0000  RESTRAINT  =        52.4870
 EAMBER (non-restraint)  =    -35235.5252
 EKCMT  =      3105.8695  VIRIAL  =      2669.8489  VOLUME     =    113884.8945
                                                    Density    =         1.0117
 ------------------------------------------------------------------------------

wrapping first mol.:       17.64490       24.95365       43.22099
wrapping first mol.:       17.64490       24.95365       43.22099

 NSTEP =    48500   TIME(PS) =     737.000  TEMP(K) =   303.14  PRESS =   261.0
 Etot   =    -28129.7930  EKtot   =      6973.0781  EPtot      =    -35102.8711
 BOND   =       162.6951  ANGLE   =       408.9622  DIHED      =       649.8559
 1-4 NB =       167.3011  1-4 EEL =      2421.2006  VDWAALS    =      4662.2734
 EELEC  =    -43633.2596  EHBOND  =         0.0000  RESTRAINT  =        58.1002
 EAMBER (non-restraint)  =    -35160.9713
 EKCMT  =      3173.1843  VIRIAL  =      2529.8145  VOLUME     =    114179.7488
                                                    Density    =         1.0091
 ------------------------------------------------------------------------------

wrapping first mol.:       17.63407       24.93833       43.19446
wrapping first mol.:       17.63407       24.93833       43.19446

 NSTEP =    49000   TIME(PS) =     738.000  TEMP(K) =   303.22  PRESS =  -228.2
 Etot   =    -28188.7133  EKtot   =      6974.8008  EPtot      =    -35163.5141
 BOND   =       144.6340  ANGLE   =       407.0490  DIHED      =       635.0115
 1-4 NB =       161.8203  1-4 EEL =      2426.7398  VDWAALS    =      4419.9002
 EELEC  =    -43414.0639  EHBOND  =         0.0000  RESTRAINT  =        55.3949
 EAMBER (non-restraint)  =    -35218.9091
 EKCMT  =      3182.4208  VIRIAL  =      3744.0667  VOLUME     =    113974.5699
                                                    Density    =         1.0109
 ------------------------------------------------------------------------------

wrapping first mol.:       17.61381       24.90968       43.14483
wrapping first mol.:       17.61381       24.90968       43.14483

 NSTEP =    49500   TIME(PS) =     739.000  TEMP(K) =   299.36  PRESS =    -3.9
 Etot   =    -28350.4443  EKtot   =      6886.0513  EPtot      =    -35236.4956
 BOND   =       151.6870  ANGLE   =       396.3431  DIHED      =       633.9603
 1-4 NB =       164.1352  1-4 EEL =      2434.3533  VDWAALS    =      4655.3995
 EELEC  =    -43714.9757  EHBOND  =         0.0000  RESTRAINT  =        42.6018
 EAMBER (non-restraint)  =    -35279.0974
 EKCMT  =      3125.4848  VIRIAL  =      3134.9457  VOLUME     =    113579.8984
                                                    Density    =         1.0145
 ------------------------------------------------------------------------------

wrapping first mol.:       17.62775       24.92941       43.17900
wrapping first mol.:       17.62775       24.92941       43.17900

 NSTEP =    50000   TIME(PS) =     740.000  TEMP(K) =   300.53  PRESS =   -41.6
 Etot   =    -28351.1194  EKtot   =      6913.0830  EPtot      =    -35264.2024
 BOND   =       136.6792  ANGLE   =       415.0826  DIHED      =       639.3313
 1-4 NB =       171.5678  1-4 EEL =      2429.9640  VDWAALS    =      4637.5206
 EELEC  =    -43743.7328  EHBOND  =         0.0000  RESTRAINT  =        49.3849
 EAMBER (non-restraint)  =    -35313.5873
 EKCMT  =      3100.1864  VIRIAL  =      3202.3926  VOLUME     =    113850.3242
                                                    Density    =         1.0121
 ------------------------------------------------------------------------------


      A V E R A G E S   O V E R     100 S T E P S


 NSTEP =    50000   TIME(PS) =     740.000  TEMP(K) =   300.26  PRESS =    -2.6
 Etot   =    -28298.9814  EKtot   =      6906.8502  EPtot      =    -35205.8317
 BOND   =       148.1007  ANGLE   =       399.1887  DIHED      =       629.8457
 1-4 NB =       169.0329  1-4 EEL =      2438.1937  VDWAALS    =      4601.3129
 EELEC  =    -43641.7661  EHBOND  =         0.0000  RESTRAINT  =        50.2598
 EAMBER (non-restraint)  =    -35256.0915
 EKCMT  =      3170.5429  VIRIAL  =      3176.7414  VOLUME     =    114164.0568
                                                    Density    =         1.0093
 ------------------------------------------------------------------------------


      R M S  F L U C T U A T I O N S


 NSTEP =    50000   TIME(PS) =     740.000  TEMP(K) =     2.85  PRESS =   200.2
 Etot   =       100.2586  EKtot   =        65.6499  EPtot      =        81.9218
 BOND   =        10.8893  ANGLE   =        14.5812  DIHED      =         8.8768
 1-4 NB =         4.5719  1-4 EEL =        12.2618  VDWAALS    =        88.1218
 EELEC  =       128.5873  EHBOND  =         0.0000  RESTRAINT  =         4.3240
 EAMBER (non-restraint)  =        77.5977
 EKCMT  =        40.5050  VIRIAL  =       501.3670  VOLUME     =       281.4143
                                                    Density    =         0.0025
 ------------------------------------------------------------------------------

--------------------------------------------------------------------------------
   5.  TIMINGS
--------------------------------------------------------------------------------

|  NonSetup CPU Time in Major Routines:
|
|     Routine           Sec        %
|     ------------------------------
|     Nonbond          67.00   88.84
|     Bond              0.00    0.00
|     Angle             0.00    0.00
|     Dihedral          0.00    0.00
|     Shake             0.29    0.39
|     RunMD             8.08   10.71
|     Other             0.04    0.05
|     ------------------------------
|     Total            75.41

|  PME Nonbond Pairlist CPU Time:
|
|     Routine              Sec        %
|     ---------------------------------
|     Set Up Cit           0.00    0.00
|     Build List           0.00    0.00
|     ---------------------------------
|     Total                0.00    0.00

|  PME Direct Force CPU Time:
|
|     Routine              Sec        %
|     ---------------------------------
|     NonBonded Calc       0.00    0.00
|     Exclude Masked       0.00    0.00
|     Other                0.02    0.03
|     ---------------------------------
|     Total                0.02    0.03

|  PME Reciprocal Force CPU Time:
|
|     Routine              Sec        %
|     ---------------------------------
|     1D bspline           0.00    0.00
|     Grid Charges         0.00    0.00
|     Scalar Sum           0.00    0.00
|     Gradient Sum         0.00    0.00
|     FFT                  0.00    0.00
|     ---------------------------------
|     Total                0.00    0.00

|  Final Performance Info:
|     -----------------------------------------------------
|     Average timings for last   10000 steps:
|     Elapsed(s) =      15.08 Per Step(ms) =       1.51
|         ns/day =     114.59   seconds/ns =     754.02
|
|     Average timings for all steps:
|     Elapsed(s) =      75.41 Per Step(ms) =       1.51
|         ns/day =     114.57   seconds/ns =     754.09
|     -----------------------------------------------------

|  Setup CPU time:            0.39 seconds
|  NonSetup CPU time:        75.41 seconds
|  Total CPU time:           75.80 seconds     0.02 hours

|  Setup wall time:           1    seconds
|  NonSetup wall time:       75    seconds
|  Total wall time:          76    seconds     0.02 hours
