
          -------------------------------------------------------
          Amber 16 PMEMD                              2016
          -------------------------------------------------------

| PMEMD implementation of SANDER, Release 16

| Run on 06/20/2017 at 00:39:55

|   Executable path: pmemd.cuda
| Working directory: /home/german/alex/run/5rm/mhe/e
|          Hostname: Unknown
  [-O]verwriting output

File Assignments:
|   MDIN: 8equ.in                                                               
|  MDOUT: 8equ.out                                                              
| INPCRD: 7e5rm.rst7                                                            
|   PARM: /home/german/alex/top_files/5rm.prmtop                                
| RESTRT: 8e5rm.rst7                                                            
|   REFC: 7e5rm.rst7                                                            
|  MDVEL: mdvel                                                                 
|   MDEN: mden                                                                  
|  MDCRD: 8e5rm.nc                                                              
| MDINFO: mdinfo                                                                
|  MDFRC: mdfrc                                                                 


 Here is the input file:

Equilibration with solute restrictions                                         
&cntrl                                                                         
imin = 0,                           ! No Minimization                          
nmropt = 0,                         ! No NMR restraints read                   
                                                                               
! Nature and format of the input                                               
ntx = 5,                            ! Coordinates but no velocities will be rea
irest = 1,                          ! Do not run a new simulation              
                                                                               
! Nature and format of the output                                              
ntxo = 1,                           ! rstrt file in ASCII format               
ntpr = 500,                         ! inf in output every ntpr steps           
ntwr = 500,                         ! rstrt file every ntwr steps              
ntwx = 500,                         ! mdcrd file every ntwx steps              
ntwv = 0,                           ! mdvel without velocities                 
ntwe = 0,                           ! Energies and temperatures not written in 
idecomp = 0,                        ! No energy decomposition                  
iwrap = 1,                          ! Coordinates of the restart and mdcrd file
                                                                               
! Frozen or restrained atoms                                                   
ibelly = 0,                         ! No frozen atoms                          
ntr=1,                              ! Harmonic potential restraints            
restraint_wt = 8.0,                ! The weight for the positional restraints  
restraintmask = ':1-49@N,CA,C,O',  ! restrained residues                       
                                                                               
! Molecular dynamics                                                           
nstlim = 50000,                     ! Number of MD-steps                       
dt = 0.002,                         ! Time step                                
                                                                               
! Temperature regulation                                                       
ntt = 3,                            ! Langevin thermostat                      
gamma_ln = 5,                       ! Gamma constant for Langevin              
!temp0 = 300.0,                     ! Reference T at which the system is to be 
tempi = 300.0,                      ! Initial T                                
ig = -1,                            ! Seed for the RNG                         
                                                                               
! P and V regulation                                                           
ntp = 1,                            ! Constant P. Isotropic scaling            
barostat = 1,                       ! Berendsen barostat                       
taup = 1,                           ! Pressure relaxation time                 
nrespa = 1,                         ! Evaluate at each step                    
ntb = 2,                            ! Periodic box for constant P              
                                                                               
! SHAKE variables                                                              
ntc = 2,                            ! Bonds involving H are constrained        
ntf = 2,                            ! Bond interaction involving H are ommited.
                                                                               
cut = 10.0,                         ! Nonbonded cutoff                         
/                                                                              
&end                                                                           


Note: ig = -1. Setting random seed to    56819 based on wallclock time in 
      microseconds.
 
|--------------------- INFORMATION ----------------------
| GPU (CUDA) Version of PMEMD in use: NVIDIA GPU IN USE.
|                    Version 16.0.0
| 
|                      02/25/2016
| 
| Implementation by:
|                    Ross C. Walker     (SDSC)
|                    Scott Le Grand     (nVIDIA)
| 
| Precision model in use:
|      [SPFP] - Single Precision Forces, 64-bit Fixed Point
|               Accumulation. (Default)
| 
|--------------------------------------------------------
 
|----------------- CITATION INFORMATION -----------------
|
|    When publishing work that utilized the CUDA version
|    of AMBER, please cite the following in addition to
|    the regular AMBER citations:
|
|  - Romelia Salomon-Ferrer; Andreas W. Goetz; Duncan
|    Poole; Scott Le Grand; Ross C. Walker "Routine
|    microsecond molecular dynamics simulations with
|    AMBER - Part II: Particle Mesh Ewald", J. Chem.
|    Theory Comput., 2013, 9 (9), pp3878-3888,
|    DOI: 10.1021/ct400314y.
|
|  - Andreas W. Goetz; Mark J. Williamson; Dong Xu;
|    Duncan Poole; Scott Le Grand; Ross C. Walker
|    "Routine microsecond molecular dynamics simulations
|    with AMBER - Part I: Generalized Born", J. Chem.
|    Theory Comput., 2012, 8 (5), pp1542-1555.
|
|  - Scott Le Grand; Andreas W. Goetz; Ross C. Walker
|    "SPFP: Speed without compromise - a mixed precision
|    model for GPU accelerated molecular dynamics
|    simulations.", Comp. Phys. Comm., 2013, 184
|    pp374-380, DOI: 10.1016/j.cpc.2012.09.022
|
|--------------------------------------------------------
 
|------------------- GPU DEVICE INFO --------------------
|
|            CUDA_VISIBLE_DEVICES: 0
|   CUDA Capable Devices Detected:      1
|           CUDA Device ID in use:      0
|                CUDA Device Name: GeForce GTX 1060 6GB
|     CUDA Device Global Mem Size:   6072 MB
| CUDA Device Num Multiprocessors:     10
|           CUDA Device Core Freq:   1.76 GHz
|
|--------------------------------------------------------
 
 
| Conditional Compilation Defines Used:
| PUBFFT
| BINTRAJ
| CUDA
| EMIL

| Largest sphere to fit in unit cell has radius =    21.618

| New format PARM file being parsed.
| Version =    1.000 Date = 06/17/17 Time = 14:34:14

| Note: 1-4 EEL scale factors are being read from the topology file.

| Note: 1-4 VDW scale factors are being read from the topology file.
| Duplicated    0 dihedrals

| Duplicated    0 dihedrals

--------------------------------------------------------------------------------
   1.  RESOURCE   USE: 
--------------------------------------------------------------------------------

 getting new box info from bottom of inpcrd
 NATOM  =   11377 NTYPES =      17 NBONH =   10980 MBONA  =     402
 NTHETH =     874 MTHETA =     539 NPHIH =    1768 MPHIA  =    1685
 NHPARM =       0 NPARM  =       0 NNB   =   18411 NRES   =    3584
 NBONA  =     402 NTHETA =     539 NPHIA =    1685 NUMBND =      67
 NUMANG =     152 NPTRA  =     191 NATYP =      36 NPHB   =       1
 IFBOX  =       2 NMXRS  =      25 IFCAP =       0 NEXTRA =       0
 NCOPY  =       0

| Coordinate Index Table dimensions:     8    8    8
| Direct force subcell size =     6.6191    6.6191    6.6191

     BOX TYPE: TRUNCATED OCTAHEDRON

--------------------------------------------------------------------------------
   2.  CONTROL  DATA  FOR  THE  RUN
--------------------------------------------------------------------------------

default_name                                                                    

General flags:
     imin    =       0, nmropt  =       0

Nature and format of input:
     ntx     =       5, irest   =       1, ntrx    =       1

Nature and format of output:
     ntxo    =       1, ntpr    =     500, ntrx    =       1, ntwr    =     500
     iwrap   =       1, ntwx    =     500, ntwv    =       0, ntwe    =       0
     ioutfm  =       1, ntwprt  =       0, idecomp =       0, rbornstat=      0

Potential function:
     ntf     =       2, ntb     =       2, igb     =       0, nsnb    =      25
     ipol    =       0, gbsa    =       0, iesp    =       0
     dielc   =   1.00000, cut     =  10.00000, intdiel =   1.00000

Frozen or restrained atoms:
     ibelly  =       0, ntr     =       1
     restraint_wt =   8.00000

Molecular dynamics:
     nstlim  =     50000, nscm    =         0, nrespa  =         1
     t       =   0.00000, dt      =   0.00200, vlimit  =  -1.00000

Langevin dynamics temperature regulation:
     ig      =   56819
     temp0   = 300.00000, tempi   = 300.00000, gamma_ln=   5.00000

Pressure regulation:
     ntp     =       1
     pres0   =   1.00000, comp    =  44.60000, taup    =   1.00000

SHAKE:
     ntc     =       2, jfastw  =       0
     tol     =   0.00001

| Intermolecular bonds treatment:
|     no_intermolecular_bonds =       1

| Energy averages sample interval:
|     ene_avg_sampling =     500

Ewald parameters:
     verbose =       0, ew_type =       0, nbflag  =       1, use_pme =       1
     vdwmeth =       1, eedmeth =       1, netfrc  =       1
     Box X =   52.953   Box Y =   52.953   Box Z =   52.953
     Alpha =  109.471   Beta  =  109.471   Gamma =  109.471
     NFFT1 =   56       NFFT2 =   56       NFFT3 =   56
     Cutoff=   10.000   Tol   =0.100E-04
     Ewald Coefficient =  0.27511
     Interpolation order =    4

    LOADING THE CONSTRAINED ATOMS AS GROUPS


   5.  REFERENCE ATOM COORDINATES

  default_name                                                                    
     Mask :1-49@N,CA,C,O; matches   196 atoms

--------------------------------------------------------------------------------
   3.  ATOMIC COORDINATES AND VELOCITIES
--------------------------------------------------------------------------------

default_name                                                                    
 begin time read from input coords =   840.000 ps

 
 Number of triangulated 3-point waters found:     3532

     Sum of charges from parm topology file =  -0.00000003
     Forcing neutrality...

| Dynamic Memory, Types Used:
| Reals              631529
| Integers           358688

| Nonbonded Pairs Initial Allocation:     3441258

| GPU memory information (estimate):
| KB of GPU memory in use:     84598
| KB of CPU memory in use:     17494

--------------------------------------------------------------------------------
   4.  RESULTS
--------------------------------------------------------------------------------

 ---------------------------------------------------
 APPROXIMATING switch and d/dx switch using CUBIC SPLINE INTERPOLATION
 using   5000.0 points per unit in tabled values
 TESTING RELATIVE ERROR over r ranging from 0.0 to cutoff
| CHECK switch(x): max rel err =   0.2738E-14   at   2.422500
| CHECK d/dx switch(x): max rel err =   0.8314E-11   at   2.736960
 ---------------------------------------------------
|---------------------------------------------------
| APPROXIMATING direct energy using CUBIC SPLINE INTERPOLATION
|  with   50.0 points per unit in tabled values
| Relative Error Limit not exceeded for r .gt.   2.33
| APPROXIMATING direct force using CUBIC SPLINE INTERPOLATION
|  with   50.0 points per unit in tabled values
| Relative Error Limit not exceeded for r .gt.   2.80
|---------------------------------------------------
wrapping first mol.:       17.64506       24.95389       43.22140
wrapping first mol.:       17.64506       24.95389       43.22140

 NSTEP =      500   TIME(PS) =     841.000  TEMP(K) =   302.02  PRESS =  -421.6
 Etot   =    -28284.9219  EKtot   =      6947.2539  EPtot      =    -35232.1758
 BOND   =       139.6272  ANGLE   =       416.5230  DIHED      =       625.0539
 1-4 NB =       174.0604  1-4 EEL =      2427.1079  VDWAALS    =      4423.5052
 EELEC  =    -43482.4616  EHBOND  =         0.0000  RESTRAINT  =        44.4083
 EAMBER (non-restraint)  =    -35276.5840
 EKCMT  =      3173.2720  VIRIAL  =      4212.7133  VOLUME     =    114189.9337
                                                    Density    =         1.0090
 ------------------------------------------------------------------------------

wrapping first mol.:       17.64156       24.94894       43.21282
wrapping first mol.:       17.64156       24.94894       43.21282

 NSTEP =     1000   TIME(PS) =     842.000  TEMP(K) =   301.74  PRESS =  -183.7
 Etot   =    -28243.3354  EKtot   =      6940.8062  EPtot      =    -35184.1415
 BOND   =       151.4714  ANGLE   =       411.6396  DIHED      =       630.4404
 1-4 NB =       165.2216  1-4 EEL =      2437.2538  VDWAALS    =      4516.9627
 EELEC  =    -43547.1001  EHBOND  =         0.0000  RESTRAINT  =        49.9690
 EAMBER (non-restraint)  =    -35234.1106
 EKCMT  =      3184.9084  VIRIAL  =      3637.4718  VOLUME     =    114119.5575
                                                    Density    =         1.0097
 ------------------------------------------------------------------------------

wrapping first mol.:       17.62442       24.92470       43.17084
wrapping first mol.:       17.62442       24.92470       43.17084

 NSTEP =     1500   TIME(PS) =     843.000  TEMP(K) =   293.25  PRESS =   331.1
 Etot   =    -28359.7683  EKtot   =      6745.6299  EPtot      =    -35105.3981
 BOND   =       153.8078  ANGLE   =       421.0304  DIHED      =       638.6213
 1-4 NB =       176.4283  1-4 EEL =      2406.3899  VDWAALS    =      4651.0109
 EELEC  =    -43596.4638  EHBOND  =         0.0000  RESTRAINT  =        43.7770
 EAMBER (non-restraint)  =    -35149.1751
 EKCMT  =      3112.8006  VIRIAL  =      2299.4767  VOLUME     =    113782.0116
                                                    Density    =         1.0127
 ------------------------------------------------------------------------------

wrapping first mol.:       17.60364       24.89531       43.11994
wrapping first mol.:       17.60364       24.89531       43.11994

 NSTEP =     2000   TIME(PS) =     844.000  TEMP(K) =   300.06  PRESS =   -98.7
 Etot   =    -28302.3736  EKtot   =      6902.2822  EPtot      =    -35204.6559
 BOND   =       145.1336  ANGLE   =       410.7980  DIHED      =       627.7986
 1-4 NB =       179.4378  1-4 EEL =      2424.2594  VDWAALS    =      4461.1789
 EELEC  =    -43504.5849  EHBOND  =         0.0000  RESTRAINT  =        51.3227
 EAMBER (non-restraint)  =    -35255.9786
 EKCMT  =      3211.6645  VIRIAL  =      3453.2588  VOLUME     =    113384.3699
                                                    Density    =         1.0162
 ------------------------------------------------------------------------------

wrapping first mol.:       17.62403       24.92414       43.16987
wrapping first mol.:       17.62403       24.92414       43.16987

 NSTEP =     2500   TIME(PS) =     845.000  TEMP(K) =   296.91  PRESS =    34.6
 Etot   =    -28468.1376  EKtot   =      6829.8159  EPtot      =    -35297.9535
 BOND   =       153.2762  ANGLE   =       396.1944  DIHED      =       625.2884
 1-4 NB =       172.4875  1-4 EEL =      2425.1770  VDWAALS    =      4632.7398
 EELEC  =    -43747.9794  EHBOND  =         0.0000  RESTRAINT  =        44.8627
 EAMBER (non-restraint)  =    -35342.8162
 EKCMT  =      3158.0642  VIRIAL  =      3073.1229  VOLUME     =    113777.3327
                                                    Density    =         1.0127
 ------------------------------------------------------------------------------

wrapping first mol.:       17.63559       24.94050       43.19820
wrapping first mol.:       17.63559       24.94050       43.19820

 NSTEP =     3000   TIME(PS) =     846.000  TEMP(K) =   303.41  PRESS =   314.8
 Etot   =    -28302.0524  EKtot   =      6979.2598  EPtot      =    -35281.3122
 BOND   =       129.1222  ANGLE   =       403.0198  DIHED      =       637.0017
 1-4 NB =       161.6452  1-4 EEL =      2434.9364  VDWAALS    =      4762.3490
 EELEC  =    -43845.9710  EHBOND  =         0.0000  RESTRAINT  =        36.5846
 EAMBER (non-restraint)  =    -35317.8968
 EKCMT  =      3186.0975  VIRIAL  =      2411.2734  VOLUME     =    113998.6705
                                                    Density    =         1.0107
 ------------------------------------------------------------------------------

wrapping first mol.:       17.63204       24.93548       43.18951
wrapping first mol.:       17.63204       24.93548       43.18951

 NSTEP =     3500   TIME(PS) =     847.000  TEMP(K) =   301.13  PRESS =  -288.1
 Etot   =    -28279.6363  EKtot   =      6926.8359  EPtot      =    -35206.4723
 BOND   =       182.5611  ANGLE   =       391.2621  DIHED      =       647.4746
 1-4 NB =       170.1036  1-4 EEL =      2420.5269  VDWAALS    =      4520.2966
 EELEC  =    -43591.4302  EHBOND  =         0.0000  RESTRAINT  =        52.7332
 EAMBER (non-restraint)  =    -35259.2054
 EKCMT  =      3159.0074  VIRIAL  =      3867.6847  VOLUME     =    113935.9780
                                                    Density    =         1.0113
 ------------------------------------------------------------------------------

wrapping first mol.:       17.63444       24.93886       43.19536
wrapping first mol.:       17.63444       24.93886       43.19536

 NSTEP =     4000   TIME(PS) =     848.000  TEMP(K) =   303.21  PRESS =    15.0
 Etot   =    -28197.2105  EKtot   =      6974.7690  EPtot      =    -35171.9796
 BOND   =       140.5477  ANGLE   =       392.5614  DIHED      =       625.9332
 1-4 NB =       170.7360  1-4 EEL =      2421.6787  VDWAALS    =      4548.7465
 EELEC  =    -43516.5468  EHBOND  =         0.0000  RESTRAINT  =        44.3637
 EAMBER (non-restraint)  =    -35216.3432
 EKCMT  =      3196.9816  VIRIAL  =      3160.0910  VOLUME     =    113979.2504
                                                    Density    =         1.0109
 ------------------------------------------------------------------------------

wrapping first mol.:       17.61829       24.91603       43.15582
wrapping first mol.:       17.61829       24.91603       43.15582

 NSTEP =     4500   TIME(PS) =     849.000  TEMP(K) =   299.65  PRESS =  -206.0
 Etot   =    -28428.8503  EKtot   =      6892.8188  EPtot      =    -35321.6691
 BOND   =       150.8727  ANGLE   =       389.1718  DIHED      =       635.1252
 1-4 NB =       171.4687  1-4 EEL =      2441.1066  VDWAALS    =      4535.2354
 EELEC  =    -43689.5087  EHBOND  =         0.0000  RESTRAINT  =        44.8591
 EAMBER (non-restraint)  =    -35366.5283
 EKCMT  =      3190.5257  VIRIAL  =      3696.0856  VOLUME     =    113668.7916
                                                    Density    =         1.0137
 ------------------------------------------------------------------------------

wrapping first mol.:       17.63061       24.93345       43.18599
wrapping first mol.:       17.63061       24.93345       43.18599

 NSTEP =     5000   TIME(PS) =     850.000  TEMP(K) =   295.36  PRESS =   290.7
 Etot   =    -28479.7400  EKtot   =      6794.0068  EPtot      =    -35273.7468
 BOND   =       154.4512  ANGLE   =       400.4718  DIHED      =       612.5534
 1-4 NB =       177.7268  1-4 EEL =      2418.5186  VDWAALS    =      4857.2837
 EELEC  =    -43943.8347  EHBOND  =         0.0000  RESTRAINT  =        49.0824
 EAMBER (non-restraint)  =    -35322.8292
 EKCMT  =      3151.6283  VIRIAL  =      2436.7971  VOLUME     =    113902.2862
                                                    Density    =         1.0116
 ------------------------------------------------------------------------------

wrapping first mol.:       17.62560       24.92637       43.17373
wrapping first mol.:       17.62560       24.92637       43.17373

 NSTEP =     5500   TIME(PS) =     851.000  TEMP(K) =   300.00  PRESS =   -79.1
 Etot   =    -28109.4920  EKtot   =      6900.9214  EPtot      =    -35010.4134
 BOND   =       155.3201  ANGLE   =       415.0336  DIHED      =       634.8175
 1-4 NB =       179.0562  1-4 EEL =      2424.6373  VDWAALS    =      4524.3183
 EELEC  =    -43391.7128  EHBOND  =         0.0000  RESTRAINT  =        48.1164
 EAMBER (non-restraint)  =    -35058.5297
 EKCMT  =      3097.1441  VIRIAL  =      3291.5712  VOLUME     =    113809.0557
                                                    Density    =         1.0124
 ------------------------------------------------------------------------------

wrapping first mol.:       17.63493       24.93956       43.19657
wrapping first mol.:       17.63493       24.93956       43.19657

 NSTEP =     6000   TIME(PS) =     852.000  TEMP(K) =   295.21  PRESS =  -134.2
 Etot   =    -28448.7910  EKtot   =      6790.5684  EPtot      =    -35239.3593
 BOND   =       147.6618  ANGLE   =       410.1076  DIHED      =       640.1976
 1-4 NB =       166.1459  1-4 EEL =      2400.8900  VDWAALS    =      4453.5550
 EELEC  =    -43508.5417  EHBOND  =         0.0000  RESTRAINT  =        50.6245
 EAMBER (non-restraint)  =    -35289.9838
 EKCMT  =      3066.9514  VIRIAL  =      3397.2257  VOLUME     =    113990.3626
                                                    Density    =         1.0108
 ------------------------------------------------------------------------------

wrapping first mol.:       17.64673       24.95624       43.22547
wrapping first mol.:       17.64673       24.95624       43.22547

 NSTEP =     6500   TIME(PS) =     853.000  TEMP(K) =   298.05  PRESS =     2.1
 Etot   =    -28429.3258  EKtot   =      6856.0308  EPtot      =    -35285.3565
 BOND   =       165.4979  ANGLE   =       401.2938  DIHED      =       633.5676
 1-4 NB =       168.3843  1-4 EEL =      2430.8592  VDWAALS    =      4640.9747
 EELEC  =    -43771.2080  EHBOND  =         0.0000  RESTRAINT  =        45.2741
 EAMBER (non-restraint)  =    -35330.6306
 EKCMT  =      3190.9505  VIRIAL  =      3185.8595  VOLUME     =    114217.9080
                                                    Density    =         1.0088
 ------------------------------------------------------------------------------

wrapping first mol.:       17.63245       24.93605       43.19051
wrapping first mol.:       17.63245       24.93605       43.19051

 NSTEP =     7000   TIME(PS) =     854.000  TEMP(K) =   299.73  PRESS =    28.4
 Etot   =    -28504.6608  EKtot   =      6894.6685  EPtot      =    -35399.3293
 BOND   =       135.4637  ANGLE   =       419.6398  DIHED      =       616.7063
 1-4 NB =       166.7084  1-4 EEL =      2437.2468  VDWAALS    =      4622.0905
 EELEC  =    -43843.8778  EHBOND  =         0.0000  RESTRAINT  =        46.6931
 EAMBER (non-restraint)  =    -35446.0224
 EKCMT  =      3198.6216  VIRIAL  =      3128.6718  VOLUME     =    113940.6799
                                                    Density    =         1.0112
 ------------------------------------------------------------------------------

wrapping first mol.:       17.62637       24.92746       43.17562
wrapping first mol.:       17.62637       24.92746       43.17562

 NSTEP =     7500   TIME(PS) =     855.000  TEMP(K) =   297.94  PRESS =   -16.8
 Etot   =    -28556.8948  EKtot   =      6853.4404  EPtot      =    -35410.3353
 BOND   =       152.0447  ANGLE   =       396.6726  DIHED      =       630.4438
 1-4 NB =       179.0312  1-4 EEL =      2460.8247  VDWAALS    =      4696.2847
 EELEC  =    -43977.4789  EHBOND  =         0.0000  RESTRAINT  =        51.8420
 EAMBER (non-restraint)  =    -35462.1772
 EKCMT  =      3159.3127  VIRIAL  =      3200.6916  VOLUME     =    113823.3502
                                                    Density    =         1.0123
 ------------------------------------------------------------------------------

wrapping first mol.:       17.63465       24.93916       43.19589
wrapping first mol.:       17.63465       24.93916       43.19589

 NSTEP =     8000   TIME(PS) =     856.000  TEMP(K) =   306.11  PRESS =   -29.5
 Etot   =    -28062.9512  EKtot   =      7041.4639  EPtot      =    -35104.4151
 BOND   =       132.2062  ANGLE   =       356.9481  DIHED      =       623.1656
 1-4 NB =       175.2162  1-4 EEL =      2443.5125  VDWAALS    =      4462.5728
 EELEC  =    -43347.5033  EHBOND  =         0.0000  RESTRAINT  =        49.4669
 EAMBER (non-restraint)  =    -35153.8820
 EKCMT  =      3268.2082  VIRIAL  =      3340.8949  VOLUME     =    113983.9095
                                                    Density    =         1.0109
 ------------------------------------------------------------------------------

wrapping first mol.:       17.61363       24.90943       43.14440
wrapping first mol.:       17.61363       24.90943       43.14440

 NSTEP =     8500   TIME(PS) =     857.000  TEMP(K) =   302.53  PRESS =    57.6
 Etot   =    -28289.0702  EKtot   =      6959.0947  EPtot      =    -35248.1649
 BOND   =       158.7554  ANGLE   =       371.4071  DIHED      =       632.7757
 1-4 NB =       173.1557  1-4 EEL =      2434.1848  VDWAALS    =      4562.4889
 EELEC  =    -43623.9072  EHBOND  =         0.0000  RESTRAINT  =        42.9747
 EAMBER (non-restraint)  =    -35291.1396
 EKCMT  =      3210.7715  VIRIAL  =      3069.5101  VOLUME     =    113575.8601
                                                    Density    =         1.0145
 ------------------------------------------------------------------------------

wrapping first mol.:       17.61734       24.91468       43.15348
wrapping first mol.:       17.61734       24.91468       43.15348

 NSTEP =     9000   TIME(PS) =     858.000  TEMP(K) =   302.40  PRESS =    42.9
 Etot   =    -28395.1697  EKtot   =      6956.0293  EPtot      =    -35351.1990
 BOND   =       146.5042  ANGLE   =       393.9550  DIHED      =       626.1984
 1-4 NB =       170.3136  1-4 EEL =      2421.6550  VDWAALS    =      4585.8795
 EELEC  =    -43747.0394  EHBOND  =         0.0000  RESTRAINT  =        51.3347
 EAMBER (non-restraint)  =    -35402.5337
 EKCMT  =      3279.4031  VIRIAL  =      3174.2047  VOLUME     =    113647.7712
                                                    Density    =         1.0139
 ------------------------------------------------------------------------------

wrapping first mol.:       17.63313       24.93702       43.19218
wrapping first mol.:       17.63313       24.93702       43.19218

 NSTEP =     9500   TIME(PS) =     859.000  TEMP(K) =   304.28  PRESS =  -109.3
 Etot   =    -28225.3278  EKtot   =      6999.1831  EPtot      =    -35224.5109
 BOND   =       140.2000  ANGLE   =       403.5169  DIHED      =       647.2742
 1-4 NB =       170.0880  1-4 EEL =      2423.6252  VDWAALS    =      4534.1655
 EELEC  =    -43600.2871  EHBOND  =         0.0000  RESTRAINT  =        56.9063
 EAMBER (non-restraint)  =    -35281.4172
 EKCMT  =      3229.8414  VIRIAL  =      3498.7532  VOLUME     =    113955.3065
                                                    Density    =         1.0111
 ------------------------------------------------------------------------------

wrapping first mol.:       17.63225       24.93577       43.19002
wrapping first mol.:       17.63225       24.93577       43.19002

 NSTEP =    10000   TIME(PS) =     860.000  TEMP(K) =   302.42  PRESS =    44.5
 Etot   =    -28332.8617  EKtot   =      6956.4468  EPtot      =    -35289.3085
 BOND   =       134.6423  ANGLE   =       404.8084  DIHED      =       652.5321
 1-4 NB =       167.2441  1-4 EEL =      2429.0067  VDWAALS    =      4712.7321
 EELEC  =    -43833.4203  EHBOND  =         0.0000  RESTRAINT  =        43.1460
 EAMBER (non-restraint)  =    -35332.4546
 EKCMT  =      3179.3061  VIRIAL  =      3069.9483  VOLUME     =    113936.6304
                                                    Density    =         1.0113
 ------------------------------------------------------------------------------

wrapping first mol.:       17.62571       24.92652       43.17400
wrapping first mol.:       17.62571       24.92652       43.17400

 NSTEP =    10500   TIME(PS) =     861.000  TEMP(K) =   301.47  PRESS =    15.5
 Etot   =    -28242.6234  EKtot   =      6934.5342  EPtot      =    -35177.1576
 BOND   =       144.4520  ANGLE   =       419.1658  DIHED      =       620.3209
 1-4 NB =       167.4152  1-4 EEL =      2412.7482  VDWAALS    =      4639.4617
 EELEC  =    -43620.4253  EHBOND  =         0.0000  RESTRAINT  =        39.7039
 EAMBER (non-restraint)  =    -35216.8615
 EKCMT  =      3161.8669  VIRIAL  =      3123.6824  VOLUME     =    113810.2313
                                                    Density    =         1.0124
 ------------------------------------------------------------------------------

wrapping first mol.:       17.63212       24.93559       43.18970
wrapping first mol.:       17.63212       24.93559       43.18970

 NSTEP =    11000   TIME(PS) =     862.000  TEMP(K) =   298.54  PRESS =    -4.3
 Etot   =    -28357.8545  EKtot   =      6867.1895  EPtot      =    -35225.0440
 BOND   =       130.6974  ANGLE   =       381.3801  DIHED      =       635.6186
 1-4 NB =       170.6924  1-4 EEL =      2439.3459  VDWAALS    =      4504.0681
 EELEC  =    -43533.6396  EHBOND  =         0.0000  RESTRAINT  =        46.7932
 EAMBER (non-restraint)  =    -35271.8372
 EKCMT  =      3131.3479  VIRIAL  =      3141.8396  VOLUME     =    113934.6029
                                                    Density    =         1.0113
 ------------------------------------------------------------------------------

wrapping first mol.:       17.62906       24.93125       43.18220
wrapping first mol.:       17.62906       24.93125       43.18220

 NSTEP =    11500   TIME(PS) =     863.000  TEMP(K) =   301.31  PRESS =  -102.9
 Etot   =    -28475.4629  EKtot   =      6930.8779  EPtot      =    -35406.3409
 BOND   =       158.6613  ANGLE   =       390.8862  DIHED      =       625.7849
 1-4 NB =       168.6726  1-4 EEL =      2426.0744  VDWAALS    =      4557.2985
 EELEC  =    -43778.8155  EHBOND  =         0.0000  RESTRAINT  =        45.0968
 EAMBER (non-restraint)  =    -35451.4376
 EKCMT  =      3154.6440  VIRIAL  =      3407.5586  VOLUME     =    113876.2525
                                                    Density    =         1.0118
 ------------------------------------------------------------------------------

wrapping first mol.:       17.64445       24.95302       43.21990
wrapping first mol.:       17.64445       24.95302       43.21990

 NSTEP =    12000   TIME(PS) =     864.000  TEMP(K) =   301.40  PRESS =    82.0
 Etot   =    -28329.2503  EKtot   =      6933.0566  EPtot      =    -35262.3070
 BOND   =       143.2730  ANGLE   =       390.1002  DIHED      =       617.1374
 1-4 NB =       167.9468  1-4 EEL =      2425.7753  VDWAALS    =      4684.9051
 EELEC  =    -43740.2845  EHBOND  =         0.0000  RESTRAINT  =        48.8397
 EAMBER (non-restraint)  =    -35311.1467
 EKCMT  =      3139.1722  VIRIAL  =      2936.9551  VOLUME     =    114172.8933
                                                    Density    =         1.0092
 ------------------------------------------------------------------------------

wrapping first mol.:       17.64335       24.95147       43.21720
wrapping first mol.:       17.64335       24.95147       43.21720

 NSTEP =    12500   TIME(PS) =     865.000  TEMP(K) =   297.81  PRESS =    46.5
 Etot   =    -28294.8040  EKtot   =      6850.4995  EPtot      =    -35145.3035
 BOND   =       147.3862  ANGLE   =       363.0992  DIHED      =       621.3746
 1-4 NB =       165.3702  1-4 EEL =      2430.6839  VDWAALS    =      4582.0953
 EELEC  =    -43505.0076  EHBOND  =         0.0000  RESTRAINT  =        49.6946
 EAMBER (non-restraint)  =    -35194.9981
 EKCMT  =      3178.5370  VIRIAL  =      3064.0423  VOLUME     =    114151.8964
                                                    Density    =         1.0094
 ------------------------------------------------------------------------------

wrapping first mol.:       17.65745       24.97141       43.25175
wrapping first mol.:       17.65745       24.97141       43.25175

 NSTEP =    13000   TIME(PS) =     866.000  TEMP(K) =   302.83  PRESS =  -104.3
 Etot   =    -28179.6174  EKtot   =      6965.9829  EPtot      =    -35145.6003
 BOND   =       138.8996  ANGLE   =       387.4465  DIHED      =       623.4602
 1-4 NB =       171.7968  1-4 EEL =      2428.5013  VDWAALS    =      4612.7385
 EELEC  =    -43566.7619  EHBOND  =         0.0000  RESTRAINT  =        58.3188
 EAMBER (non-restraint)  =    -35203.9191
 EKCMT  =      3211.0085  VIRIAL  =      3468.6132  VOLUME     =    114427.4133
                                                    Density    =         1.0069
 ------------------------------------------------------------------------------

wrapping first mol.:       17.66044       24.97564       43.25907
wrapping first mol.:       17.66044       24.97564       43.25907

 NSTEP =    13500   TIME(PS) =     867.000  TEMP(K) =   303.26  PRESS =    -2.1
 Etot   =    -28173.1195  EKtot   =      6975.7544  EPtot      =    -35148.8739
 BOND   =       170.0438  ANGLE   =       396.7308  DIHED      =       639.5564
 1-4 NB =       172.7622  1-4 EEL =      2439.1082  VDWAALS    =      4604.2890
 EELEC  =    -43622.5387  EHBOND  =         0.0000  RESTRAINT  =        51.1745
 EAMBER (non-restraint)  =    -35200.0484
 EKCMT  =      3200.6989  VIRIAL  =      3205.8831  VOLUME     =    114484.4567
                                                    Density    =         1.0064
 ------------------------------------------------------------------------------

wrapping first mol.:       17.65135       24.96278       43.23680
wrapping first mol.:       17.65135       24.96278       43.23680

 NSTEP =    14000   TIME(PS) =     868.000  TEMP(K) =   299.91  PRESS =  -133.9
 Etot   =    -28210.2844  EKtot   =      6898.7720  EPtot      =    -35109.0564
 BOND   =       154.7467  ANGLE   =       384.4396  DIHED      =       618.7626
 1-4 NB =       166.4437  1-4 EEL =      2431.0288  VDWAALS    =      4613.2089
 EELEC  =    -43529.8396  EHBOND  =         0.0000  RESTRAINT  =        52.1529
 EAMBER (non-restraint)  =    -35161.2093
 EKCMT  =      3169.9792  VIRIAL  =      3500.3704  VOLUME     =    114309.1150
                                                    Density    =         1.0080
 ------------------------------------------------------------------------------

wrapping first mol.:       17.63920       24.94559       43.20703
wrapping first mol.:       17.63920       24.94559       43.20703

 NSTEP =    14500   TIME(PS) =     869.000  TEMP(K) =   299.26  PRESS =  -237.3
 Etot   =    -28202.4030  EKtot   =      6883.7930  EPtot      =    -35086.1960
 BOND   =       158.5126  ANGLE   =       378.7243  DIHED      =       629.4849
 1-4 NB =       165.1005  1-4 EEL =      2434.7293  VDWAALS    =      4510.5939
 EELEC  =    -43416.7890  EHBOND  =         0.0000  RESTRAINT  =        53.4475
 EAMBER (non-restraint)  =    -35139.6435
 EKCMT  =      3130.1915  VIRIAL  =      3714.7661  VOLUME     =    114074.1722
                                                    Density    =         1.0101
 ------------------------------------------------------------------------------

wrapping first mol.:       17.61845       24.91626       43.15622
wrapping first mol.:       17.61845       24.91626       43.15622

 NSTEP =    15000   TIME(PS) =     870.000  TEMP(K) =   303.03  PRESS =    47.0
 Etot   =    -28374.8790  EKtot   =      6970.4775  EPtot      =    -35345.3566
 BOND   =       134.2115  ANGLE   =       382.2686  DIHED      =       631.6488
 1-4 NB =       172.0153  1-4 EEL =      2432.4912  VDWAALS    =      4552.2119
 EELEC  =    -43701.0040  EHBOND  =         0.0000  RESTRAINT  =        50.8000
 EAMBER (non-restraint)  =    -35396.1566
 EKCMT  =      3239.5544  VIRIAL  =      3124.1926  VOLUME     =    113669.3471
                                                    Density    =         1.0137
 ------------------------------------------------------------------------------

wrapping first mol.:       17.62963       24.93206       43.18359
wrapping first mol.:       17.62963       24.93206       43.18359

 NSTEP =    15500   TIME(PS) =     871.000  TEMP(K) =   300.64  PRESS =    88.7
 Etot   =    -28498.5822  EKtot   =      6915.5630  EPtot      =    -35414.1452
 BOND   =       135.4308  ANGLE   =       409.0622  DIHED      =       623.7215
 1-4 NB =       172.5024  1-4 EEL =      2438.2645  VDWAALS    =      4709.9036
 EELEC  =    -43943.7676  EHBOND  =         0.0000  RESTRAINT  =        40.7375
 EAMBER (non-restraint)  =    -35454.8827
 EKCMT  =      3217.9924  VIRIAL  =      2999.8201  VOLUME     =    113885.2942
                                                    Density    =         1.0117
 ------------------------------------------------------------------------------

wrapping first mol.:       17.63889       24.94515       43.20627
wrapping first mol.:       17.63889       24.94515       43.20627

 NSTEP =    16000   TIME(PS) =     872.000  TEMP(K) =   297.48  PRESS =   -55.2
 Etot   =    -28460.7872  EKtot   =      6842.9214  EPtot      =    -35303.7085
 BOND   =       150.0749  ANGLE   =       408.0623  DIHED      =       622.3808
 1-4 NB =       163.8868  1-4 EEL =      2436.1943  VDWAALS    =      4521.2339
 EELEC  =    -43653.6021  EHBOND  =         0.0000  RESTRAINT  =        48.0605
 EAMBER (non-restraint)  =    -35351.7691
 EKCMT  =      3142.2751  VIRIAL  =      3278.1827  VOLUME     =    114066.3095
                                                    Density    =         1.0101
 ------------------------------------------------------------------------------

wrapping first mol.:       17.62635       24.92742       43.17555
wrapping first mol.:       17.62635       24.92742       43.17555

 NSTEP =    16500   TIME(PS) =     873.000  TEMP(K) =   295.99  PRESS =  -121.3
 Etot   =    -28396.1922  EKtot   =      6808.5947  EPtot      =    -35204.7869
 BOND   =       145.0108  ANGLE   =       393.7720  DIHED      =       622.3542
 1-4 NB =       169.5300  1-4 EEL =      2416.6539  VDWAALS    =      4500.9484
 EELEC  =    -43494.9615  EHBOND  =         0.0000  RESTRAINT  =        41.9053
 EAMBER (non-restraint)  =    -35246.6923
 EKCMT  =      3109.9018  VIRIAL  =      3408.0568  VOLUME     =    113823.8934
                                                    Density    =         1.0123
 ------------------------------------------------------------------------------

wrapping first mol.:       17.62900       24.93117       43.18205
wrapping first mol.:       17.62900       24.93117       43.18205

 NSTEP =    17000   TIME(PS) =     874.000  TEMP(K) =   303.31  PRESS =   190.4
 Etot   =    -28296.3392  EKtot   =      6976.8496  EPtot      =    -35273.1888
 BOND   =       153.3722  ANGLE   =       387.4003  DIHED      =       626.6668
 1-4 NB =       169.4359  1-4 EEL =      2421.6342  VDWAALS    =      4711.1876
 EELEC  =    -43800.2001  EHBOND  =         0.0000  RESTRAINT  =        57.3143
 EAMBER (non-restraint)  =    -35330.5031
 EKCMT  =      3204.4744  VIRIAL  =      2736.3930  VOLUME     =    113872.1286
                                                    Density    =         1.0119
 ------------------------------------------------------------------------------

wrapping first mol.:       17.64974       24.96049       43.23284
wrapping first mol.:       17.64974       24.96049       43.23284

 NSTEP =    17500   TIME(PS) =     875.000  TEMP(K) =   297.22  PRESS =   -86.6
 Etot   =    -28543.3463  EKtot   =      6836.7700  EPtot      =    -35380.1164
 BOND   =       150.1821  ANGLE   =       396.6946  DIHED      =       632.1134
 1-4 NB =       172.2733  1-4 EEL =      2428.9130  VDWAALS    =      4624.6867
 EELEC  =    -43832.8622  EHBOND  =         0.0000  RESTRAINT  =        47.8825
 EAMBER (non-restraint)  =    -35427.9989
 EKCMT  =      3105.4571  VIRIAL  =      3319.0756  VOLUME     =    114277.2163
                                                    Density    =         1.0083
 ------------------------------------------------------------------------------

wrapping first mol.:       17.63281       24.93656       43.19139
wrapping first mol.:       17.63281       24.93656       43.19139

 NSTEP =    18000   TIME(PS) =     876.000  TEMP(K) =   302.53  PRESS =    83.1
 Etot   =    -28280.2234  EKtot   =      6959.0938  EPtot      =    -35239.3171
 BOND   =       154.4611  ANGLE   =       417.1304  DIHED      =       630.3757
 1-4 NB =       168.2893  1-4 EEL =      2430.6754  VDWAALS    =      4606.2740
 EELEC  =    -43689.0914  EHBOND  =         0.0000  RESTRAINT  =        42.5683
 EAMBER (non-restraint)  =    -35281.8854
 EKCMT  =      3183.5211  VIRIAL  =      2979.1316  VOLUME     =    113947.1392
                                                    Density    =         1.0112
 ------------------------------------------------------------------------------

wrapping first mol.:       17.62800       24.92976       43.17961
wrapping first mol.:       17.62800       24.92976       43.17961

 NSTEP =    18500   TIME(PS) =     877.000  TEMP(K) =   300.39  PRESS =  -224.1
 Etot   =    -28405.6830  EKtot   =      6909.8022  EPtot      =    -35315.4853
 BOND   =       160.9893  ANGLE   =       391.3235  DIHED      =       636.8560
 1-4 NB =       164.5964  1-4 EEL =      2454.2053  VDWAALS    =      4514.6467
 EELEC  =    -43684.3213  EHBOND  =         0.0000  RESTRAINT  =        46.2188
 EAMBER (non-restraint)  =    -35361.7041
 EKCMT  =      3170.0844  VIRIAL  =      3720.8974  VOLUME     =    113857.0381
                                                    Density    =         1.0120
 ------------------------------------------------------------------------------

wrapping first mol.:       17.62752       24.92907       43.17842
wrapping first mol.:       17.62752       24.92907       43.17842

 NSTEP =    19000   TIME(PS) =     878.000  TEMP(K) =   298.33  PRESS =     5.8
 Etot   =    -28498.7061  EKtot   =      6862.3867  EPtot      =    -35361.0928
 BOND   =       134.0560  ANGLE   =       398.2929  DIHED      =       632.0257
 1-4 NB =       175.3642  1-4 EEL =      2444.2030  VDWAALS    =      4623.1592
 EELEC  =    -43820.7685  EHBOND  =         0.0000  RESTRAINT  =        52.5747
 EAMBER (non-restraint)  =    -35413.6675
 EKCMT  =      3167.2206  VIRIAL  =      3152.9913  VOLUME     =    113845.2376
                                                    Density    =         1.0121
 ------------------------------------------------------------------------------

wrapping first mol.:       17.62114       24.92005       43.16279
wrapping first mol.:       17.62114       24.92005       43.16279

 NSTEP =    19500   TIME(PS) =     879.000  TEMP(K) =   296.22  PRESS =  -430.2
 Etot   =    -28436.9253  EKtot   =      6813.9238  EPtot      =    -35250.8491
 BOND   =       158.7882  ANGLE   =       383.4016  DIHED      =       641.7942
 1-4 NB =       168.3820  1-4 EEL =      2425.1439  VDWAALS    =      4395.1044
 EELEC  =    -43473.4678  EHBOND  =         0.0000  RESTRAINT  =        50.0042
 EAMBER (non-restraint)  =    -35300.8534
 EKCMT  =      3132.5884  VIRIAL  =      4188.8800  VOLUME     =    113726.0916
                                                    Density    =         1.0132
 ------------------------------------------------------------------------------

wrapping first mol.:       17.60642       24.89923       43.12673
wrapping first mol.:       17.60642       24.89923       43.12673

 NSTEP =    20000   TIME(PS) =     880.000  TEMP(K) =   301.73  PRESS =   358.8
 Etot   =    -28307.0509  EKtot   =      6940.6294  EPtot      =    -35247.6803
 BOND   =       150.2032  ANGLE   =       396.5926  DIHED      =       628.6294
 1-4 NB =       177.1531  1-4 EEL =      2434.2003  VDWAALS    =      4740.4982
 EELEC  =    -43820.7113  EHBOND  =         0.0000  RESTRAINT  =        45.7542
 EAMBER (non-restraint)  =    -35293.4344
 EKCMT  =      3142.2697  VIRIAL  =      2263.5601  VOLUME     =    113433.3336
                                                    Density    =         1.0158
 ------------------------------------------------------------------------------

wrapping first mol.:       17.62701       24.92835       43.17717
wrapping first mol.:       17.62701       24.92835       43.17717

 NSTEP =    20500   TIME(PS) =     881.000  TEMP(K) =   299.72  PRESS =    17.6
 Etot   =    -28375.2058  EKtot   =      6894.3657  EPtot      =    -35269.5715
 BOND   =       149.4178  ANGLE   =       396.5911  DIHED      =       630.2710
 1-4 NB =       167.5116  1-4 EEL =      2454.7277  VDWAALS    =      4606.7233
 EELEC  =    -43730.3670  EHBOND  =         0.0000  RESTRAINT  =        55.5531
 EAMBER (non-restraint)  =    -35325.1246
 EKCMT  =      3175.5947  VIRIAL  =      3132.4046  VOLUME     =    113835.2538
                                                    Density    =         1.0122
 ------------------------------------------------------------------------------

wrapping first mol.:       17.62867       24.93071       43.18125
wrapping first mol.:       17.62867       24.93071       43.18125

 NSTEP =    21000   TIME(PS) =     882.000  TEMP(K) =   298.43  PRESS =  -159.5
 Etot   =    -28480.6267  EKtot   =      6864.7881  EPtot      =    -35345.4148
 BOND   =       160.5683  ANGLE   =       416.0824  DIHED      =       622.6440
 1-4 NB =       159.6681  1-4 EEL =      2422.3635  VDWAALS    =      4594.8975
 EELEC  =    -43771.7319  EHBOND  =         0.0000  RESTRAINT  =        50.0934
 EAMBER (non-restraint)  =    -35395.5081
 EKCMT  =      3174.1654  VIRIAL  =      3566.3217  VOLUME     =    113869.3292
                                                    Density    =         1.0119
 ------------------------------------------------------------------------------

wrapping first mol.:       17.64366       24.95191       43.21797
wrapping first mol.:       17.64366       24.95191       43.21797

 NSTEP =    21500   TIME(PS) =     883.000  TEMP(K) =   303.65  PRESS =   143.4
 Etot   =    -28242.1340  EKtot   =      6984.7534  EPtot      =    -35226.8874
 BOND   =       148.4496  ANGLE   =       421.2511  DIHED      =       618.9549
 1-4 NB =       171.3769  1-4 EEL =      2437.4777  VDWAALS    =      4620.5838
 EELEC  =    -43702.2194  EHBOND  =         0.0000  RESTRAINT  =        57.2380
 EAMBER (non-restraint)  =    -35284.1254
 EKCMT  =      3234.4018  VIRIAL  =      2881.0477  VOLUME     =    114156.9666
                                                    Density    =         1.0093
 ------------------------------------------------------------------------------

wrapping first mol.:       17.63185       24.93520       43.18903
wrapping first mol.:       17.63185       24.93520       43.18903

 NSTEP =    22000   TIME(PS) =     884.000  TEMP(K) =   299.16  PRESS =  -245.2
 Etot   =    -28374.2862  EKtot   =      6881.4775  EPtot      =    -35255.7638
 BOND   =       144.4009  ANGLE   =       409.9880  DIHED      =       640.6986
 1-4 NB =       171.7901  1-4 EEL =      2428.9564  VDWAALS    =      4538.6191
 EELEC  =    -43647.1985  EHBOND  =         0.0000  RESTRAINT  =        56.9817
 EAMBER (non-restraint)  =    -35312.7455
 EKCMT  =      3176.3913  VIRIAL  =      3779.6628  VOLUME     =    113931.7702
                                                    Density    =         1.0113
 ------------------------------------------------------------------------------

wrapping first mol.:       17.61733       24.91466       43.15346
wrapping first mol.:       17.61733       24.91466       43.15346

 NSTEP =    22500   TIME(PS) =     885.000  TEMP(K) =   298.22  PRESS =    -9.9
 Etot   =    -28490.6653  EKtot   =      6859.8164  EPtot      =    -35350.4817
 BOND   =       143.8058  ANGLE   =       396.1427  DIHED      =       645.9962
 1-4 NB =       165.4539  1-4 EEL =      2433.8850  VDWAALS    =      4581.5904
 EELEC  =    -43768.1494  EHBOND  =         0.0000  RESTRAINT  =        50.7936
 EAMBER (non-restraint)  =    -35401.2753
 EKCMT  =      3142.9282  VIRIAL  =      3167.2398  VOLUME     =    113648.1137
                                                    Density    =         1.0139
 ------------------------------------------------------------------------------

wrapping first mol.:       17.65117       24.96252       43.23635
wrapping first mol.:       17.65117       24.96252       43.23635

 NSTEP =    23000   TIME(PS) =     886.000  TEMP(K) =   302.48  PRESS =  -116.3
 Etot   =    -28217.8662  EKtot   =      6957.9478  EPtot      =    -35175.8140
 BOND   =       144.7735  ANGLE   =       383.9789  DIHED      =       640.0813
 1-4 NB =       176.0727  1-4 EEL =      2444.8432  VDWAALS    =      4524.8545
 EELEC  =    -43544.3751  EHBOND  =         0.0000  RESTRAINT  =        53.9571
 EAMBER (non-restraint)  =    -35229.7711
 EKCMT  =      3216.1240  VIRIAL  =      3503.1602  VOLUME     =    114305.3490
                                                    Density    =         1.0080
 ------------------------------------------------------------------------------

wrapping first mol.:       17.65187       24.96351       43.23806
wrapping first mol.:       17.65187       24.96351       43.23806

 NSTEP =    23500   TIME(PS) =     887.000  TEMP(K) =   302.83  PRESS =   143.4
 Etot   =    -28222.9335  EKtot   =      6965.9854  EPtot      =    -35188.9189
 BOND   =       142.0813  ANGLE   =       399.1637  DIHED      =       620.6100
 1-4 NB =       175.5639  1-4 EEL =      2438.9004  VDWAALS    =      4684.7622
 EELEC  =    -43710.7014  EHBOND  =         0.0000  RESTRAINT  =        60.7009
 EAMBER (non-restraint)  =    -35249.6198
 EKCMT  =      3200.0772  VIRIAL  =      2846.1720  VOLUME     =    114316.2804
                                                    Density    =         1.0079
 ------------------------------------------------------------------------------

wrapping first mol.:       17.63264       24.93632       43.19097
wrapping first mol.:       17.63264       24.93632       43.19097

 NSTEP =    24000   TIME(PS) =     888.000  TEMP(K) =   303.05  PRESS =  -136.0
 Etot   =    -28177.5834  EKtot   =      6970.9629  EPtot      =    -35148.5463
 BOND   =       156.5575  ANGLE   =       423.1330  DIHED      =       631.3381
 1-4 NB =       168.1931  1-4 EEL =      2424.1451  VDWAALS    =      4495.0819
 EELEC  =    -43492.8206  EHBOND  =         0.0000  RESTRAINT  =        45.8256
 EAMBER (non-restraint)  =    -35194.3719
 EKCMT  =      3136.9013  VIRIAL  =      3471.5787  VOLUME     =    113945.9807
                                                    Density    =         1.0112
 ------------------------------------------------------------------------------

wrapping first mol.:       17.63678       24.94217       43.20111
wrapping first mol.:       17.63678       24.94217       43.20111

 NSTEP =    24500   TIME(PS) =     889.000  TEMP(K) =   299.82  PRESS =    18.3
 Etot   =    -28353.7663  EKtot   =      6896.6855  EPtot      =    -35250.4518
 BOND   =       148.8026  ANGLE   =       383.2747  DIHED      =       620.7269
 1-4 NB =       164.8738  1-4 EEL =      2430.7877  VDWAALS    =      4681.9767
 EELEC  =    -43723.8790  EHBOND  =         0.0000  RESTRAINT  =        42.9849
 EAMBER (non-restraint)  =    -35293.4367
 EKCMT  =      3140.5756  VIRIAL  =      3095.4385  VOLUME     =    114024.7150
                                                    Density    =         1.0105
 ------------------------------------------------------------------------------

wrapping first mol.:       17.65818       24.97244       43.25353
wrapping first mol.:       17.65818       24.97244       43.25353

 NSTEP =    25000   TIME(PS) =     890.000  TEMP(K) =   303.35  PRESS =    86.6
 Etot   =    -28249.6433  EKtot   =      6977.8394  EPtot      =    -35227.4826
 BOND   =       146.3792  ANGLE   =       377.7996  DIHED      =       615.3059
 1-4 NB =       163.3670  1-4 EEL =      2441.0552  VDWAALS    =      4663.8766
 EELEC  =    -43679.8187  EHBOND  =         0.0000  RESTRAINT  =        44.5526
 EAMBER (non-restraint)  =    -35272.0353
 EKCMT  =      3168.0387  VIRIAL  =      2953.9816  VOLUME     =    114439.5714
                                                    Density    =         1.0068
 ------------------------------------------------------------------------------

wrapping first mol.:       17.65430       24.96695       43.24402
wrapping first mol.:       17.65430       24.96695       43.24402

 NSTEP =    25500   TIME(PS) =     891.000  TEMP(K) =   300.23  PRESS =   236.3
 Etot   =    -28270.5396  EKtot   =      6906.0029  EPtot      =    -35176.5425
 BOND   =       135.3874  ANGLE   =       394.3692  DIHED      =       638.5619
 1-4 NB =       167.6919  1-4 EEL =      2432.0661  VDWAALS    =      4671.8628
 EELEC  =    -43662.6278  EHBOND  =         0.0000  RESTRAINT  =        46.1461
 EAMBER (non-restraint)  =    -35222.6886
 EKCMT  =      3164.0033  VIRIAL  =      2580.6472  VOLUME     =    114362.5655
                                                    Density    =         1.0075
 ------------------------------------------------------------------------------

wrapping first mol.:       17.63522       24.93996       43.19727
wrapping first mol.:       17.63522       24.93996       43.19727

 NSTEP =    26000   TIME(PS) =     892.000  TEMP(K) =   296.70  PRESS =    31.1
 Etot   =    -28490.1094  EKtot   =      6825.0259  EPtot      =    -35315.1352
 BOND   =       134.6880  ANGLE   =       385.7721  DIHED      =       622.7758
 1-4 NB =       165.0576  1-4 EEL =      2436.7675  VDWAALS    =      4507.9698
 EELEC  =    -43617.5672  EHBOND  =         0.0000  RESTRAINT  =        49.4011
 EAMBER (non-restraint)  =    -35364.5363
 EKCMT  =      3155.0815  VIRIAL  =      3078.6257  VOLUME     =    113994.2208
                                                    Density    =         1.0108
 ------------------------------------------------------------------------------

wrapping first mol.:       17.62099       24.91984       43.16242
wrapping first mol.:       17.62099       24.91984       43.16242

 NSTEP =    26500   TIME(PS) =     893.000  TEMP(K) =   303.48  PRESS =   160.4
 Etot   =    -28223.1550  EKtot   =      6980.9326  EPtot      =    -35204.0876
 BOND   =       155.9061  ANGLE   =       408.7307  DIHED      =       630.9576
 1-4 NB =       175.5848  1-4 EEL =      2450.1165  VDWAALS    =      4653.7330
 EELEC  =    -43729.5839  EHBOND  =         0.0000  RESTRAINT  =        50.4673
 EAMBER (non-restraint)  =    -35254.5549
 EKCMT  =      3179.3664  VIRIAL  =      2785.6561  VOLUME     =    113717.2023
                                                    Density    =         1.0132
 ------------------------------------------------------------------------------

wrapping first mol.:       17.62965       24.93209       43.18364
wrapping first mol.:       17.62965       24.93209       43.18364

 NSTEP =    27000   TIME(PS) =     894.000  TEMP(K) =   304.33  PRESS =   100.3
 Etot   =    -28277.2887  EKtot   =      7000.4385  EPtot      =    -35277.7271
 BOND   =       144.7285  ANGLE   =       415.8352  DIHED      =       631.7519
 1-4 NB =       171.1165  1-4 EEL =      2426.3341  VDWAALS    =      4698.1738
 EELEC  =    -43810.7955  EHBOND  =         0.0000  RESTRAINT  =        45.1283
 EAMBER (non-restraint)  =    -35322.8555
 EKCMT  =      3181.9825  VIRIAL  =      2935.3221  VOLUME     =    113885.6455
                                                    Density    =         1.0117
 ------------------------------------------------------------------------------

wrapping first mol.:       17.64281       24.95070       43.21588
wrapping first mol.:       17.64281       24.95070       43.21588

 NSTEP =    27500   TIME(PS) =     895.000  TEMP(K) =   297.12  PRESS =    39.2
 Etot   =    -28502.9253  EKtot   =      6834.5659  EPtot      =    -35337.4912
 BOND   =       147.6514  ANGLE   =       376.2302  DIHED      =       625.8911
 1-4 NB =       173.0025  1-4 EEL =      2456.9085  VDWAALS    =      4644.0352
 EELEC  =    -43802.3681  EHBOND  =         0.0000  RESTRAINT  =        41.1579
 EAMBER (non-restraint)  =    -35378.6491
 EKCMT  =      3164.2017  VIRIAL  =      3067.5310  VOLUME     =    114141.4755
                                                    Density    =         1.0095
 ------------------------------------------------------------------------------

wrapping first mol.:       17.65288       24.96494       43.24055
wrapping first mol.:       17.65288       24.96494       43.24055

 NSTEP =    28000   TIME(PS) =     896.000  TEMP(K) =   299.41  PRESS =  -155.1
 Etot   =    -28469.7862  EKtot   =      6887.2422  EPtot      =    -35357.0284
 BOND   =       157.9487  ANGLE   =       387.9732  DIHED      =       612.1263
 1-4 NB =       172.5407  1-4 EEL =      2462.4878  VDWAALS    =      4685.8768
 EELEC  =    -43890.2956  EHBOND  =         0.0000  RESTRAINT  =        54.3136
 EAMBER (non-restraint)  =    -35411.3420
 EKCMT  =      3155.7781  VIRIAL  =      3538.6950  VOLUME     =    114339.0587
                                                    Density    =         1.0077
 ------------------------------------------------------------------------------

wrapping first mol.:       17.64053       24.94747       43.21029
wrapping first mol.:       17.64053       24.94747       43.21029

 NSTEP =    28500   TIME(PS) =     897.000  TEMP(K) =   300.76  PRESS =  -109.4
 Etot   =    -28382.1088  EKtot   =      6918.2305  EPtot      =    -35300.3393
 BOND   =       142.0887  ANGLE   =       412.6875  DIHED      =       633.8551
 1-4 NB =       171.5183  1-4 EEL =      2439.4143  VDWAALS    =      4619.6433
 EELEC  =    -43772.4096  EHBOND  =         0.0000  RESTRAINT  =        52.8632
 EAMBER (non-restraint)  =    -35353.2024
 EKCMT  =      3138.3402  VIRIAL  =      3407.7560  VOLUME     =    114098.6864
                                                    Density    =         1.0098
 ------------------------------------------------------------------------------

wrapping first mol.:       17.62908       24.93128       43.18224
wrapping first mol.:       17.62908       24.93128       43.18224

 NSTEP =    29000   TIME(PS) =     898.000  TEMP(K) =   297.16  PRESS =  -129.0
 Etot   =    -28510.6557  EKtot   =      6835.4780  EPtot      =    -35346.1337
 BOND   =       142.7622  ANGLE   =       406.5787  DIHED      =       626.1888
 1-4 NB =       162.3839  1-4 EEL =      2449.2531  VDWAALS    =      4619.1054
 EELEC  =    -43801.3825  EHBOND  =         0.0000  RESTRAINT  =        48.9766
 EAMBER (non-restraint)  =    -35395.1103
 EKCMT  =      3104.5139  VIRIAL  =      3421.7432  VOLUME     =    113876.8360
                                                    Density    =         1.0118
 ------------------------------------------------------------------------------

wrapping first mol.:       17.60678       24.89974       43.12761
wrapping first mol.:       17.60678       24.89974       43.12761

 NSTEP =    29500   TIME(PS) =     899.000  TEMP(K) =   304.32  PRESS =   -49.8
 Etot   =    -28253.6021  EKtot   =      7000.1729  EPtot      =    -35253.7750
 BOND   =       168.6954  ANGLE   =       402.6934  DIHED      =       637.7050
 1-4 NB =       171.7151  1-4 EEL =      2431.4228  VDWAALS    =      4651.3300
 EELEC  =    -43763.6331  EHBOND  =         0.0000  RESTRAINT  =        46.2965
 EAMBER (non-restraint)  =    -35300.0715
 EKCMT  =      3221.0838  VIRIAL  =      3342.9546  VOLUME     =    113444.4188
                                                    Density    =         1.0157
 ------------------------------------------------------------------------------

wrapping first mol.:       17.62374       24.92373       43.16917
wrapping first mol.:       17.62374       24.92373       43.16917

 NSTEP =    30000   TIME(PS) =     900.000  TEMP(K) =   301.35  PRESS =   131.1
 Etot   =    -28180.0148  EKtot   =      6931.7817  EPtot      =    -35111.7965
 BOND   =       145.6328  ANGLE   =       393.0880  DIHED      =       635.0118
 1-4 NB =       172.4914  1-4 EEL =      2460.8221  VDWAALS    =      4488.3453
 EELEC  =    -43463.1670  EHBOND  =         0.0000  RESTRAINT  =        55.9790
 EAMBER (non-restraint)  =    -35167.7755
 EKCMT  =      3156.2517  VIRIAL  =      2834.1252  VOLUME     =    113770.8221
                                                    Density    =         1.0128
 ------------------------------------------------------------------------------

wrapping first mol.:       17.62068       24.91941       43.16167
wrapping first mol.:       17.62068       24.91941       43.16167

 NSTEP =    30500   TIME(PS) =     901.000  TEMP(K) =   309.56  PRESS =    55.4
 Etot   =    -28007.6378  EKtot   =      7120.7822  EPtot      =    -35128.4200
 BOND   =       136.5852  ANGLE   =       405.9290  DIHED      =       636.1595
 1-4 NB =       172.8998  1-4 EEL =      2431.5001  VDWAALS    =      4593.3507
 EELEC  =    -43551.1247  EHBOND  =         0.0000  RESTRAINT  =        46.2804
 EAMBER (non-restraint)  =    -35174.7003
 EKCMT  =      3274.9934  VIRIAL  =      3139.0321  VOLUME     =    113712.3657
                                                    Density    =         1.0133
 ------------------------------------------------------------------------------

wrapping first mol.:       17.63295       24.93675       43.19172
wrapping first mol.:       17.63295       24.93675       43.19172

 NSTEP =    31000   TIME(PS) =     902.000  TEMP(K) =   300.15  PRESS =    -6.3
 Etot   =    -28300.7765  EKtot   =      6904.2212  EPtot      =    -35204.9977
 BOND   =       148.3153  ANGLE   =       417.0475  DIHED      =       633.0948
 1-4 NB =       171.5970  1-4 EEL =      2436.4376  VDWAALS    =      4721.7016
 EELEC  =    -43782.9878  EHBOND  =         0.0000  RESTRAINT  =        49.7965
 EAMBER (non-restraint)  =    -35254.7941
 EKCMT  =      3143.5996  VIRIAL  =      3159.1061  VOLUME     =    113950.6570
                                                    Density    =         1.0112
 ------------------------------------------------------------------------------

wrapping first mol.:       17.63249       24.93611       43.19060
wrapping first mol.:       17.63249       24.93611       43.19060

 NSTEP =    31500   TIME(PS) =     903.000  TEMP(K) =   298.59  PRESS =   -49.1
 Etot   =    -28380.7297  EKtot   =      6868.4102  EPtot      =    -35249.1399
 BOND   =       147.8913  ANGLE   =       411.0408  DIHED      =       633.7886
 1-4 NB =       164.7568  1-4 EEL =      2426.4687  VDWAALS    =      4535.1621
 EELEC  =    -43621.2806  EHBOND  =         0.0000  RESTRAINT  =        53.0323
 EAMBER (non-restraint)  =    -35302.1722
 EKCMT  =      3169.8754  VIRIAL  =      3290.5628  VOLUME     =    113942.2340
                                                    Density    =         1.0112
 ------------------------------------------------------------------------------

wrapping first mol.:       17.63823       24.94422       43.20465
wrapping first mol.:       17.63823       24.94422       43.20465

 NSTEP =    32000   TIME(PS) =     904.000  TEMP(K) =   303.38  PRESS =   304.5
 Etot   =    -28124.2816  EKtot   =      6978.5674  EPtot      =    -35102.8490
 BOND   =       170.7795  ANGLE   =       394.0905  DIHED      =       620.4374
 1-4 NB =       175.3372  1-4 EEL =      2442.3245  VDWAALS    =      4558.6314
 EELEC  =    -43503.0255  EHBOND  =         0.0000  RESTRAINT  =        38.5760
 EAMBER (non-restraint)  =    -35141.4250
 EKCMT  =      3199.1219  VIRIAL  =      2449.3004  VOLUME     =    114049.8635
                                                    Density    =         1.0103
 ------------------------------------------------------------------------------

wrapping first mol.:       17.63135       24.93449       43.18780
wrapping first mol.:       17.63135       24.93449       43.18780

 NSTEP =    32500   TIME(PS) =     905.000  TEMP(K) =   300.11  PRESS =   -37.7
 Etot   =    -28169.3592  EKtot   =      6903.2607  EPtot      =    -35072.6200
 BOND   =       172.8264  ANGLE   =       411.3574  DIHED      =       631.8110
 1-4 NB =       172.4856  1-4 EEL =      2426.5717  VDWAALS    =      4594.4441
 EELEC  =    -43525.5488  EHBOND  =         0.0000  RESTRAINT  =        43.4325
 EAMBER (non-restraint)  =    -35116.0525
 EKCMT  =      3159.5967  VIRIAL  =      3252.3854  VOLUME     =    113919.9047
                                                    Density    =         1.0114
 ------------------------------------------------------------------------------

wrapping first mol.:       17.63700       24.94248       43.20165
wrapping first mol.:       17.63700       24.94248       43.20165

 NSTEP =    33000   TIME(PS) =     906.000  TEMP(K) =   298.32  PRESS =   532.4
 Etot   =    -28365.8560  EKtot   =      6862.1953  EPtot      =    -35228.0513
 BOND   =       155.4682  ANGLE   =       410.2377  DIHED      =       626.0314
 1-4 NB =       174.8842  1-4 EEL =      2454.1852  VDWAALS    =      4796.0548
 EELEC  =    -43898.2653  EHBOND  =         0.0000  RESTRAINT  =        53.3525
 EAMBER (non-restraint)  =    -35281.4039
 EKCMT  =      3166.3401  VIRIAL  =      1855.6920  VOLUME     =    114023.7262
                                                    Density    =         1.0105
 ------------------------------------------------------------------------------

wrapping first mol.:       17.62469       24.92507       43.17148
wrapping first mol.:       17.62469       24.92507       43.17148

 NSTEP =    33500   TIME(PS) =     907.000  TEMP(K) =   300.75  PRESS =   269.3
 Etot   =    -28198.8646  EKtot   =      6918.1724  EPtot      =    -35117.0369
 BOND   =       151.5137  ANGLE   =       405.0139  DIHED      =       623.9681
 1-4 NB =       160.1359  1-4 EEL =      2413.0084  VDWAALS    =      4627.0868
 EELEC  =    -43547.3261  EHBOND  =         0.0000  RESTRAINT  =        49.5624
 EAMBER (non-restraint)  =    -35166.5993
 EKCMT  =      3203.0695  VIRIAL  =      2541.4674  VOLUME     =    113787.7315
                                                    Density    =         1.0126
 ------------------------------------------------------------------------------

wrapping first mol.:       17.63454       24.93900       43.19561
wrapping first mol.:       17.63454       24.93900       43.19561

 NSTEP =    34000   TIME(PS) =     908.000  TEMP(K) =   302.68  PRESS =   152.6
 Etot   =    -28093.7846  EKtot   =      6962.5767  EPtot      =    -35056.3613
 BOND   =       155.7390  ANGLE   =       426.6518  DIHED      =       649.2881
 1-4 NB =       161.4628  1-4 EEL =      2413.3150  VDWAALS    =      4686.1045
 EELEC  =    -43605.7493  EHBOND  =         0.0000  RESTRAINT  =        56.8269
 EAMBER (non-restraint)  =    -35113.1882
 EKCMT  =      3179.6784  VIRIAL  =      2804.1232  VOLUME     =    113979.7969
                                                    Density    =         1.0109
 ------------------------------------------------------------------------------

wrapping first mol.:       17.64163       24.94904       43.21300
wrapping first mol.:       17.64163       24.94904       43.21300

 NSTEP =    34500   TIME(PS) =     909.000  TEMP(K) =   306.44  PRESS =   143.6
 Etot   =    -28101.2270  EKtot   =      7049.0420  EPtot      =    -35150.2690
 BOND   =       157.9332  ANGLE   =       396.8528  DIHED      =       638.4881
 1-4 NB =       177.6405  1-4 EEL =      2460.1712  VDWAALS    =      4699.9361
 EELEC  =    -43725.1658  EHBOND  =         0.0000  RESTRAINT  =        43.8749
 EAMBER (non-restraint)  =    -35194.1439
 EKCMT  =      3209.7477  VIRIAL  =      2855.8974  VOLUME     =    114117.5958
                                                    Density    =         1.0097
 ------------------------------------------------------------------------------

wrapping first mol.:       17.63938       24.94585       43.20747
wrapping first mol.:       17.63938       24.94585       43.20747

 NSTEP =    35000   TIME(PS) =     910.000  TEMP(K) =   303.57  PRESS =   464.9
 Etot   =    -28278.0662  EKtot   =      6982.9658  EPtot      =    -35261.0320
 BOND   =       151.4354  ANGLE   =       402.6662  DIHED      =       647.8048
 1-4 NB =       165.5313  1-4 EEL =      2422.6033  VDWAALS    =      4697.8631
 EELEC  =    -43796.0993  EHBOND  =         0.0000  RESTRAINT  =        47.1632
 EAMBER (non-restraint)  =    -35308.1952
 EKCMT  =      3255.7451  VIRIAL  =      2110.7603  VOLUME     =    114070.5514
                                                    Density    =         1.0101
 ------------------------------------------------------------------------------

wrapping first mol.:       17.66051       24.97573       43.25923
wrapping first mol.:       17.66051       24.97573       43.25923

 NSTEP =    35500   TIME(PS) =     911.000  TEMP(K) =   300.15  PRESS =    21.7
 Etot   =    -28257.7037  EKtot   =      6904.3423  EPtot      =    -35162.0460
 BOND   =       149.3818  ANGLE   =       407.2062  DIHED      =       644.6573
 1-4 NB =       171.4544  1-4 EEL =      2424.7636  VDWAALS    =      4632.6745
 EELEC  =    -43637.1092  EHBOND  =         0.0000  RESTRAINT  =        44.9253
 EAMBER (non-restraint)  =    -35206.9713
 EKCMT  =      3127.7527  VIRIAL  =      3074.0087  VOLUME     =    114485.5379
                                                    Density    =         1.0064
 ------------------------------------------------------------------------------

wrapping first mol.:       17.64467       24.95333       43.22042
wrapping first mol.:       17.64467       24.95333       43.22042

 NSTEP =    36000   TIME(PS) =     912.000  TEMP(K) =   302.48  PRESS =    97.6
 Etot   =    -28226.0039  EKtot   =      6957.8252  EPtot      =    -35183.8291
 BOND   =       144.0404  ANGLE   =       419.4780  DIHED      =       647.2622
 1-4 NB =       158.4794  1-4 EEL =      2416.7440  VDWAALS    =      4687.3439
 EELEC  =    -43699.8131  EHBOND  =         0.0000  RESTRAINT  =        42.6361
 EAMBER (non-restraint)  =    -35226.4651
 EKCMT  =      3178.7664  VIRIAL  =      2938.2506  VOLUME     =    114176.9123
                                                    Density    =         1.0092
 ------------------------------------------------------------------------------

wrapping first mol.:       17.63545       24.94029       43.19784
wrapping first mol.:       17.63545       24.94029       43.19784

 NSTEP =    36500   TIME(PS) =     913.000  TEMP(K) =   302.67  PRESS =  -216.5
 Etot   =    -28231.1996  EKtot   =      6962.1455  EPtot      =    -35193.3451
 BOND   =       144.4339  ANGLE   =       410.8191  DIHED      =       625.1126
 1-4 NB =       173.2244  1-4 EEL =      2428.7517  VDWAALS    =      4514.1995
 EELEC  =    -43540.1868  EHBOND  =         0.0000  RESTRAINT  =        50.3005
 EAMBER (non-restraint)  =    -35243.6456
 EKCMT  =      3169.2729  VIRIAL  =      3702.2251  VOLUME     =    114001.2187
                                                    Density    =         1.0107
 ------------------------------------------------------------------------------

wrapping first mol.:       17.63881       24.94504       43.20608
wrapping first mol.:       17.63881       24.94504       43.20608

 NSTEP =    37000   TIME(PS) =     914.000  TEMP(K) =   299.59  PRESS =   101.8
 Etot   =    -28279.5275  EKtot   =      6891.4224  EPtot      =    -35170.9498
 BOND   =       139.0728  ANGLE   =       390.7135  DIHED      =       628.7357
 1-4 NB =       176.5447  1-4 EEL =      2444.3488  VDWAALS    =      4572.4623
 EELEC  =    -43578.7713  EHBOND  =         0.0000  RESTRAINT  =        55.9437
 EAMBER (non-restraint)  =    -35226.8935
 EKCMT  =      3125.1602  VIRIAL  =      2874.4537  VOLUME     =    114063.2129
                                                    Density    =         1.0102
 ------------------------------------------------------------------------------

wrapping first mol.:       17.64563       24.95469       43.22279
wrapping first mol.:       17.64563       24.95469       43.22279

 NSTEP =    37500   TIME(PS) =     915.000  TEMP(K) =   301.77  PRESS =   311.8
 Etot   =    -28354.8905  EKtot   =      6941.5615  EPtot      =    -35296.4520
 BOND   =       150.8056  ANGLE   =       390.1103  DIHED      =       636.7585
 1-4 NB =       168.9808  1-4 EEL =      2429.4949  VDWAALS    =      4710.2542
 EELEC  =    -43835.3817  EHBOND  =         0.0000  RESTRAINT  =        52.5253
 EAMBER (non-restraint)  =    -35348.9774
 EKCMT  =      3176.5328  VIRIAL  =      2407.7151  VOLUME     =    114193.4548
                                                    Density    =         1.0090
 ------------------------------------------------------------------------------

wrapping first mol.:       17.64703       24.95668       43.22623
wrapping first mol.:       17.64703       24.95668       43.22623

 NSTEP =    38000   TIME(PS) =     916.000  TEMP(K) =   299.86  PRESS =   145.3
 Etot   =    -28299.2543  EKtot   =      6897.5347  EPtot      =    -35196.7890
 BOND   =       151.2904  ANGLE   =       409.0712  DIHED      =       633.0263
 1-4 NB =       171.8794  1-4 EEL =      2444.8898  VDWAALS    =      4600.9604
 EELEC  =    -43652.6793  EHBOND  =         0.0000  RESTRAINT  =        44.7728
 EAMBER (non-restraint)  =    -35241.5618
 EKCMT  =      3176.2596  VIRIAL  =      2817.9313  VOLUME     =    114222.4115
                                                    Density    =         1.0088
 ------------------------------------------------------------------------------

wrapping first mol.:       17.65003       24.96091       43.23355
wrapping first mol.:       17.65003       24.96091       43.23355

 NSTEP =    38500   TIME(PS) =     917.000  TEMP(K) =   300.02  PRESS =    78.4
 Etot   =    -28324.2845  EKtot   =      6901.1802  EPtot      =    -35225.4647
 BOND   =       152.6590  ANGLE   =       418.6830  DIHED      =       617.5877
 1-4 NB =       169.2050  1-4 EEL =      2455.2912  VDWAALS    =      4709.3811
 EELEC  =    -43802.7276  EHBOND  =         0.0000  RESTRAINT  =        54.4559
 EAMBER (non-restraint)  =    -35279.9206
 EKCMT  =      3200.2175  VIRIAL  =      3006.7783  VOLUME     =    114281.1875
                                                    Density    =         1.0082
 ------------------------------------------------------------------------------

wrapping first mol.:       17.64150       24.94884       43.21266
wrapping first mol.:       17.64150       24.94884       43.21266

 NSTEP =    39000   TIME(PS) =     918.000  TEMP(K) =   294.36  PRESS =   -70.2
 Etot   =    -28398.3029  EKtot   =      6771.0332  EPtot      =    -35169.3361
 BOND   =       153.0096  ANGLE   =       371.0787  DIHED      =       637.7025
 1-4 NB =       175.3662  1-4 EEL =      2445.5261  VDWAALS    =      4581.8987
 EELEC  =    -43593.9809  EHBOND  =         0.0000  RESTRAINT  =        60.0630
 EAMBER (non-restraint)  =    -35229.3990
 EKCMT  =      3063.3820  VIRIAL  =      3236.3157  VOLUME     =    114117.1132
                                                    Density    =         1.0097
 ------------------------------------------------------------------------------

wrapping first mol.:       17.64460       24.95323       43.22025
wrapping first mol.:       17.64460       24.95323       43.22025

 NSTEP =    39500   TIME(PS) =     919.000  TEMP(K) =   305.36  PRESS =     6.5
 Etot   =    -28211.5917  EKtot   =      7024.2271  EPtot      =    -35235.8187
 BOND   =       166.4515  ANGLE   =       438.9578  DIHED      =       622.7552
 1-4 NB =       166.1202  1-4 EEL =      2430.7802  VDWAALS    =      4648.5091
 EELEC  =    -43748.7376  EHBOND  =         0.0000  RESTRAINT  =        39.3449
 EAMBER (non-restraint)  =    -35275.1636
 EKCMT  =      3188.3970  VIRIAL  =      3172.4115  VOLUME     =    114176.4757
                                                    Density    =         1.0092
 ------------------------------------------------------------------------------

wrapping first mol.:       17.65038       24.96141       43.23443
wrapping first mol.:       17.65038       24.96141       43.23443

 NSTEP =    40000   TIME(PS) =     920.000  TEMP(K) =   306.75  PRESS =   193.5
 Etot   =    -28238.2109  EKtot   =      7056.0264  EPtot      =    -35294.2372
 BOND   =       147.6792  ANGLE   =       413.2466  DIHED      =       627.5045
 1-4 NB =       165.4814  1-4 EEL =      2411.6243  VDWAALS    =      4743.9885
 EELEC  =    -43846.9886  EHBOND  =         0.0000  RESTRAINT  =        43.2270
 EAMBER (non-restraint)  =    -35337.4642
 EKCMT  =      3214.3848  VIRIAL  =      2736.9103  VOLUME     =    114286.9447
                                                    Density    =         1.0082
 ------------------------------------------------------------------------------

wrapping first mol.:       17.64904       24.95952       43.23115
wrapping first mol.:       17.64904       24.95952       43.23115

 NSTEP =    40500   TIME(PS) =     921.000  TEMP(K) =   301.69  PRESS =   -50.3
 Etot   =    -28282.1754  EKtot   =      6939.7925  EPtot      =    -35221.9679
 BOND   =       145.5969  ANGLE   =       369.5509  DIHED      =       632.3147
 1-4 NB =       166.1161  1-4 EEL =      2436.6734  VDWAALS    =      4510.8009
 EELEC  =    -43520.9723  EHBOND  =         0.0000  RESTRAINT  =        37.9514
 EAMBER (non-restraint)  =    -35259.9193
 EKCMT  =      3151.3923  VIRIAL  =      3275.4051  VOLUME     =    114263.4349
                                                    Density    =         1.0084
 ------------------------------------------------------------------------------

wrapping first mol.:       17.64601       24.95523       43.22372
wrapping first mol.:       17.64601       24.95523       43.22372

 NSTEP =    41000   TIME(PS) =     922.000  TEMP(K) =   298.41  PRESS =  -219.8
 Etot   =    -28350.3686  EKtot   =      6864.2646  EPtot      =    -35214.6332
 BOND   =       172.2883  ANGLE   =       391.2208  DIHED      =       616.7909
 1-4 NB =       168.5948  1-4 EEL =      2415.4739  VDWAALS    =      4550.2821
 EELEC  =    -43576.0397  EHBOND  =         0.0000  RESTRAINT  =        46.7558
 EAMBER (non-restraint)  =    -35261.3890
 EKCMT  =      3162.1042  VIRIAL  =      3704.1210  VOLUME     =    114206.2933
                                                    Density    =         1.0089
 ------------------------------------------------------------------------------

wrapping first mol.:       17.64361       24.95184       43.21785
wrapping first mol.:       17.64361       24.95184       43.21785

 NSTEP =    41500   TIME(PS) =     923.000  TEMP(K) =   298.03  PRESS =   122.4
 Etot   =    -28251.2681  EKtot   =      6855.4404  EPtot      =    -35106.7085
 BOND   =       125.0133  ANGLE   =       413.6284  DIHED      =       624.6149
 1-4 NB =       177.4819  1-4 EEL =      2422.4421  VDWAALS    =      4551.9889
 EELEC  =    -43472.0340  EHBOND  =         0.0000  RESTRAINT  =        50.1558
 EAMBER (non-restraint)  =    -35156.8643
 EKCMT  =      3161.7010  VIRIAL  =      2859.9375  VOLUME     =    114156.2355
                                                    Density    =         1.0093
 ------------------------------------------------------------------------------

wrapping first mol.:       17.62513       24.92569       43.17256
wrapping first mol.:       17.62513       24.92569       43.17256

 NSTEP =    42000   TIME(PS) =     924.000  TEMP(K) =   300.36  PRESS =  -221.0
 Etot   =    -28051.1518  EKtot   =      6909.1084  EPtot      =    -34960.2602
 BOND   =       148.5437  ANGLE   =       397.7021  DIHED      =       647.4249
 1-4 NB =       170.9517  1-4 EEL =      2433.3169  VDWAALS    =      4332.9683
 EELEC  =    -43142.0970  EHBOND  =         0.0000  RESTRAINT  =        50.9293
 EAMBER (non-restraint)  =    -35011.1895
 EKCMT  =      3197.6802  VIRIAL  =      3740.5853  VOLUME     =    113801.2186
                                                    Density    =         1.0125
 ------------------------------------------------------------------------------

wrapping first mol.:       17.60936       24.90339       43.13394
wrapping first mol.:       17.60936       24.90339       43.13394

 NSTEP =    42500   TIME(PS) =     925.000  TEMP(K) =   300.32  PRESS =   261.0
 Etot   =    -28362.8970  EKtot   =      6908.1113  EPtot      =    -35271.0083
 BOND   =       150.5634  ANGLE   =       429.9412  DIHED      =       633.7134
 1-4 NB =       167.5904  1-4 EEL =      2435.4196  VDWAALS    =      4591.1104
 EELEC  =    -43724.7992  EHBOND  =         0.0000  RESTRAINT  =        45.4524
 EAMBER (non-restraint)  =    -35316.4607
 EKCMT  =      3171.0871  VIRIAL  =      2531.4463  VOLUME     =    113491.2115
                                                    Density    =         1.0153
 ------------------------------------------------------------------------------

wrapping first mol.:       17.61232       24.90758       43.14119
wrapping first mol.:       17.61232       24.90758       43.14119

 NSTEP =    43000   TIME(PS) =     926.000  TEMP(K) =   300.26  PRESS =   185.6
 Etot   =    -28408.2765  EKtot   =      6906.7539  EPtot      =    -35315.0304
 BOND   =       168.2507  ANGLE   =       400.0024  DIHED      =       623.6011
 1-4 NB =       171.1263  1-4 EEL =      2446.6691  VDWAALS    =      4653.2032
 EELEC  =    -43825.6570  EHBOND  =         0.0000  RESTRAINT  =        47.7737
 EAMBER (non-restraint)  =    -35362.8042
 EKCMT  =      3231.1177  VIRIAL  =      2776.1605  VOLUME     =    113549.2094
                                                    Density    =         1.0147
 ------------------------------------------------------------------------------

wrapping first mol.:       17.61605       24.91286       43.15033
wrapping first mol.:       17.61605       24.91286       43.15033

 NSTEP =    43500   TIME(PS) =     927.000  TEMP(K) =   297.71  PRESS =   159.5
 Etot   =    -28436.7267  EKtot   =      6848.1543  EPtot      =    -35284.8810
 BOND   =       158.5624  ANGLE   =       381.2750  DIHED      =       626.8965
 1-4 NB =       165.6650  1-4 EEL =      2439.4839  VDWAALS    =      4692.9271
 EELEC  =    -43797.1121  EHBOND  =         0.0000  RESTRAINT  =        47.4211
 EAMBER (non-restraint)  =    -35332.3021
 EKCMT  =      3168.3001  VIRIAL  =      2776.9708  VOLUME     =    113621.6826
                                                    Density    =         1.0141
 ------------------------------------------------------------------------------

wrapping first mol.:       17.60561       24.89810       43.12477
wrapping first mol.:       17.60561       24.89810       43.12477

 NSTEP =    44000   TIME(PS) =     928.000  TEMP(K) =   299.63  PRESS =   -23.4
 Etot   =    -28400.3306  EKtot   =      6892.2520  EPtot      =    -35292.5825
 BOND   =       159.0312  ANGLE   =       381.3882  DIHED      =       631.4567
 1-4 NB =       166.6240  1-4 EEL =      2430.7338  VDWAALS    =      4547.7021
 EELEC  =    -43656.7266  EHBOND  =         0.0000  RESTRAINT  =        47.2081
 EAMBER (non-restraint)  =    -35339.7906
 EKCMT  =      3180.5976  VIRIAL  =      3237.8917  VOLUME     =    113421.7078
                                                    Density    =         1.0159
 ------------------------------------------------------------------------------

wrapping first mol.:       17.59918       24.88900       43.10901
wrapping first mol.:       17.59918       24.88900       43.10901

 NSTEP =    44500   TIME(PS) =     929.000  TEMP(K) =   299.08  PRESS =   201.1
 Etot   =    -28213.4665  EKtot   =      6879.6680  EPtot      =    -35093.1345
 BOND   =       134.2203  ANGLE   =       410.4673  DIHED      =       633.3348
 1-4 NB =       169.9351  1-4 EEL =      2424.8547  VDWAALS    =      4596.9409
 EELEC  =    -43513.2919  EHBOND  =         0.0000  RESTRAINT  =        50.4043
 EAMBER (non-restraint)  =    -35143.5388
 EKCMT  =      3157.2067  VIRIAL  =      2665.2882  VOLUME     =    113295.1538
                                                    Density    =         1.0170
 ------------------------------------------------------------------------------

wrapping first mol.:       17.63307       24.93693       43.19202
wrapping first mol.:       17.63307       24.93693       43.19202

 NSTEP =    45000   TIME(PS) =     930.000  TEMP(K) =   300.93  PRESS =   166.7
 Etot   =    -28209.3219  EKtot   =      6922.1265  EPtot      =    -35131.4484
 BOND   =       146.1656  ANGLE   =       408.5384  DIHED      =       638.7600
 1-4 NB =       166.1612  1-4 EEL =      2435.0100  VDWAALS    =      4584.2669
 EELEC  =    -43564.0815  EHBOND  =         0.0000  RESTRAINT  =        53.7311
 EAMBER (non-restraint)  =    -35185.1795
 EKCMT  =      3198.6212  VIRIAL  =      2788.3622  VOLUME     =    113951.2861
                                                    Density    =         1.0112
 ------------------------------------------------------------------------------

wrapping first mol.:       17.63294       24.93674       43.19170
wrapping first mol.:       17.63294       24.93674       43.19170

 NSTEP =    45500   TIME(PS) =     931.000  TEMP(K) =   297.57  PRESS =  -178.3
 Etot   =    -28437.3097  EKtot   =      6844.8726  EPtot      =    -35282.1823
 BOND   =       134.8666  ANGLE   =       416.8780  DIHED      =       629.5554
 1-4 NB =       173.7122  1-4 EEL =      2416.1105  VDWAALS    =      4546.9480
 EELEC  =    -43647.8829  EHBOND  =         0.0000  RESTRAINT  =        47.6298
 EAMBER (non-restraint)  =    -35329.8121
 EKCMT  =      3145.1278  VIRIAL  =      3583.9061  VOLUME     =    113952.2252
                                                    Density    =         1.0111
 ------------------------------------------------------------------------------

wrapping first mol.:       17.64475       24.95344       43.22062
wrapping first mol.:       17.64475       24.95344       43.22062

 NSTEP =    46000   TIME(PS) =     932.000  TEMP(K) =   303.50  PRESS =  -146.3
 Etot   =    -28310.3772  EKtot   =      6981.2432  EPtot      =    -35291.6203
 BOND   =       152.1622  ANGLE   =       369.8373  DIHED      =       630.1712
 1-4 NB =       160.3091  1-4 EEL =      2416.2652  VDWAALS    =      4522.7872
 EELEC  =    -43593.2388  EHBOND  =         0.0000  RESTRAINT  =        50.0863
 EAMBER (non-restraint)  =    -35341.7066
 EKCMT  =      3229.7501  VIRIAL  =      3590.5441  VOLUME     =    114180.9445
                                                    Density    =         1.0091
 ------------------------------------------------------------------------------

wrapping first mol.:       17.62309       24.92281       43.16758
wrapping first mol.:       17.62309       24.92281       43.16758

 NSTEP =    46500   TIME(PS) =     933.000  TEMP(K) =   300.20  PRESS =    -8.9
 Etot   =    -28447.8221  EKtot   =      6905.3101  EPtot      =    -35353.1322
 BOND   =       162.8116  ANGLE   =       421.0603  DIHED      =       638.7472
 1-4 NB =       172.3673  1-4 EEL =      2426.7684  VDWAALS    =      4605.2156
 EELEC  =    -43829.5538  EHBOND  =         0.0000  RESTRAINT  =        49.4512
 EAMBER (non-restraint)  =    -35402.5834
 EKCMT  =      3110.8759  VIRIAL  =      3132.6850  VOLUME     =    113759.6800
                                                    Density    =         1.0129
 ------------------------------------------------------------------------------

wrapping first mol.:       17.63758       24.94330       43.20306
wrapping first mol.:       17.63758       24.94330       43.20306

 NSTEP =    47000   TIME(PS) =     934.000  TEMP(K) =   299.62  PRESS =    -3.5
 Etot   =    -28355.1005  EKtot   =      6892.1377  EPtot      =    -35247.2382
 BOND   =       150.0617  ANGLE   =       413.4310  DIHED      =       630.6676
 1-4 NB =       171.7331  1-4 EEL =      2457.8826  VDWAALS    =      4620.8189
 EELEC  =    -43742.0485  EHBOND  =         0.0000  RESTRAINT  =        50.2155
 EAMBER (non-restraint)  =    -35297.4537
 EKCMT  =      3203.1251  VIRIAL  =      3211.7243  VOLUME     =    114040.3915
                                                    Density    =         1.0104
 ------------------------------------------------------------------------------

wrapping first mol.:       17.64843       24.95865       43.22966
wrapping first mol.:       17.64843       24.95865       43.22966

 NSTEP =    47500   TIME(PS) =     935.000  TEMP(K) =   300.79  PRESS =    96.6
 Etot   =    -28351.3181  EKtot   =      6918.9658  EPtot      =    -35270.2839
 BOND   =       134.2759  ANGLE   =       388.2282  DIHED      =       631.7777
 1-4 NB =       173.8294  1-4 EEL =      2436.6543  VDWAALS    =      4716.2849
 EELEC  =    -43802.9004  EHBOND  =         0.0000  RESTRAINT  =        51.5661
 EAMBER (non-restraint)  =    -35321.8500
 EKCMT  =      3138.7947  VIRIAL  =      2900.3970  VOLUME     =    114250.0934
                                                    Density    =         1.0085
 ------------------------------------------------------------------------------

wrapping first mol.:       17.66213       24.97802       43.26319
wrapping first mol.:       17.66213       24.97802       43.26319

 NSTEP =    48000   TIME(PS) =     936.000  TEMP(K) =   296.06  PRESS =   128.8
 Etot   =    -28393.2671  EKtot   =      6810.2749  EPtot      =    -35203.5420
 BOND   =       150.8387  ANGLE   =       403.4099  DIHED      =       638.1489
 1-4 NB =       168.0902  1-4 EEL =      2432.1677  VDWAALS    =      4672.5286
 EELEC  =    -43718.8977  EHBOND  =         0.0000  RESTRAINT  =        50.1718
 EAMBER (non-restraint)  =    -35253.7138
 EKCMT  =      3091.1995  VIRIAL  =      2772.8079  VOLUME     =    114515.8754
                                                    Density    =         1.0062
 ------------------------------------------------------------------------------

wrapping first mol.:       17.65799       24.97217       43.25306
wrapping first mol.:       17.65799       24.97217       43.25306

 NSTEP =    48500   TIME(PS) =     937.000  TEMP(K) =   301.08  PRESS =   -37.5
 Etot   =    -28262.1931  EKtot   =      6925.5630  EPtot      =    -35187.7561
 BOND   =       169.4871  ANGLE   =       414.2125  DIHED      =       626.0124
 1-4 NB =       170.1137  1-4 EEL =      2431.2117  VDWAALS    =      4607.8310
 EELEC  =    -43651.8665  EHBOND  =         0.0000  RESTRAINT  =        45.2421
 EAMBER (non-restraint)  =    -35232.9982
 EKCMT  =      3161.0682  VIRIAL  =      3253.8139  VOLUME     =    114437.1104
                                                    Density    =         1.0069
 ------------------------------------------------------------------------------

wrapping first mol.:       17.63486       24.93946       43.19641
wrapping first mol.:       17.63486       24.93946       43.19641

 NSTEP =    49000   TIME(PS) =     938.000  TEMP(K) =   300.62  PRESS =   414.9
 Etot   =    -28381.6446  EKtot   =      6915.0537  EPtot      =    -35296.6983
 BOND   =       144.2072  ANGLE   =       446.3363  DIHED      =       635.9861
 1-4 NB =       172.8186  1-4 EEL =      2437.9147  VDWAALS    =      4841.2283
 EELEC  =    -44026.9257  EHBOND  =         0.0000  RESTRAINT  =        51.7362
 EAMBER (non-restraint)  =    -35348.4345
 EKCMT  =      3166.7296  VIRIAL  =      2145.5898  VOLUME     =    113983.4956
                                                    Density    =         1.0109
 ------------------------------------------------------------------------------

wrapping first mol.:       17.64937       24.95997       43.23194
wrapping first mol.:       17.64937       24.95997       43.23194

 NSTEP =    49500   TIME(PS) =     939.000  TEMP(K) =   300.74  PRESS =   -72.9
 Etot   =    -28344.9968  EKtot   =      6917.7939  EPtot      =    -35262.7907
 BOND   =       147.4148  ANGLE   =       397.3620  DIHED      =       628.1010
 1-4 NB =       171.4835  1-4 EEL =      2424.7370  VDWAALS    =      4683.9430
 EELEC  =    -43768.5132  EHBOND  =         0.0000  RESTRAINT  =        52.6812
 EAMBER (non-restraint)  =    -35315.4719
 EKCMT  =      3146.3996  VIRIAL  =      3326.3161  VOLUME     =    114269.9064
                                                    Density    =         1.0083
 ------------------------------------------------------------------------------

wrapping first mol.:       17.66695       24.98483       43.27500
wrapping first mol.:       17.66695       24.98483       43.27500

 NSTEP =    50000   TIME(PS) =     940.000  TEMP(K) =   298.27  PRESS =    79.4
 Etot   =    -28469.0226  EKtot   =      6861.1250  EPtot      =    -35330.1476
 BOND   =       142.2570  ANGLE   =       384.1700  DIHED      =       627.8955
 1-4 NB =       171.4039  1-4 EEL =      2453.5392  VDWAALS    =      4671.0344
 EELEC  =    -43822.4640  EHBOND  =         0.0000  RESTRAINT  =        42.0164
 EAMBER (non-restraint)  =    -35372.1641
 EKCMT  =      3144.7792  VIRIAL  =      2948.3391  VOLUME     =    114610.1443
                                                    Density    =         1.0053
 ------------------------------------------------------------------------------


      A V E R A G E S   O V E R     100 S T E P S


 NSTEP =    50000   TIME(PS) =     940.000  TEMP(K) =   300.55  PRESS =    23.6
 Etot   =    -28319.7019  EKtot   =      6913.4879  EPtot      =    -35233.1898
 BOND   =       149.4728  ANGLE   =       400.4228  DIHED      =       630.7243
 1-4 NB =       170.0084  1-4 EEL =      2433.0884  VDWAALS    =      4607.5874
 EELEC  =    -43673.1486  EHBOND  =         0.0000  RESTRAINT  =        48.6547
 EAMBER (non-restraint)  =    -35281.8445
 EKCMT  =      3171.8360  VIRIAL  =      3113.7788  VOLUME     =    113986.8354
                                                    Density    =         1.0108
 ------------------------------------------------------------------------------


      R M S  F L U C T U A T I O N S


 NSTEP =    50000   TIME(PS) =     940.000  TEMP(K) =     2.78  PRESS =   174.3
 Etot   =       118.3358  EKtot   =        63.9716  EPtot      =        89.2695
 BOND   =        10.6066  ANGLE   =        16.0565  DIHED      =         8.5469
 1-4 NB =         4.5803  1-4 EEL =        12.5508  VDWAALS    =        90.4053
 EELEC  =       147.6996  EHBOND  =         0.0000  RESTRAINT  =         4.9865
 EAMBER (non-restraint)  =        84.2830
 EKCMT  =        40.1100  VIRIAL  =       423.5569  VOLUME     =       266.7765
                                                    Density    =         0.0024
 ------------------------------------------------------------------------------

--------------------------------------------------------------------------------
   5.  TIMINGS
--------------------------------------------------------------------------------

|  NonSetup CPU Time in Major Routines:
|
|     Routine           Sec        %
|     ------------------------------
|     Nonbond          66.93   88.60
|     Bond              0.00    0.00
|     Angle             0.00    0.00
|     Dihedral          0.00    0.00
|     Shake             0.26    0.34
|     RunMD             8.32   11.01
|     Other             0.04    0.05
|     ------------------------------
|     Total            75.54

|  PME Nonbond Pairlist CPU Time:
|
|     Routine              Sec        %
|     ---------------------------------
|     Set Up Cit           0.00    0.00
|     Build List           0.00    0.00
|     ---------------------------------
|     Total                0.00    0.00

|  PME Direct Force CPU Time:
|
|     Routine              Sec        %
|     ---------------------------------
|     NonBonded Calc       0.00    0.00
|     Exclude Masked       0.00    0.00
|     Other                0.01    0.02
|     ---------------------------------
|     Total                0.01    0.02

|  PME Reciprocal Force CPU Time:
|
|     Routine              Sec        %
|     ---------------------------------
|     1D bspline           0.00    0.00
|     Grid Charges         0.00    0.00
|     Scalar Sum           0.00    0.00
|     Gradient Sum         0.00    0.00
|     FFT                  0.00    0.00
|     ---------------------------------
|     Total                0.00    0.00

|  Final Performance Info:
|     -----------------------------------------------------
|     Average timings for last    9500 steps:
|     Elapsed(s) =      14.35 Per Step(ms) =       1.51
|         ns/day =     114.42   seconds/ns =     755.13
|
|     Average timings for all steps:
|     Elapsed(s) =      75.54 Per Step(ms) =       1.51
|         ns/day =     114.38   seconds/ns =     755.38
|     -----------------------------------------------------

|  Setup CPU time:            0.39 seconds
|  NonSetup CPU time:        75.54 seconds
|  Total CPU time:           75.93 seconds     0.02 hours

|  Setup wall time:           0    seconds
|  NonSetup wall time:       76    seconds
|  Total wall time:          76    seconds     0.02 hours
