
          -------------------------------------------------------
          Amber 16 PMEMD                              2016
          -------------------------------------------------------

| PMEMD implementation of SANDER, Release 16

| Run on 06/20/2017 at 00:18:35

|   Executable path: pmemd.cuda
| Working directory: /home/german/alex/run/3rm/mhe/e
|          Hostname: Unknown
  [-O]verwriting output

File Assignments:
|   MDIN: 14equ.in                                                              
|  MDOUT: 14equ.out                                                             
| INPCRD: 13e3rm.rst7                                                           
|   PARM: /home/german/alex/top_files/3rm.prmtop                                
| RESTRT: 14e3rm.rst7                                                           
|   REFC: 13e3rm.rst7                                                           
|  MDVEL: mdvel                                                                 
|   MDEN: mden                                                                  
|  MDCRD: 14e3rm.nc                                                             
| MDINFO: mdinfo                                                                
|  MDFRC: mdfrc                                                                 


 Here is the input file:

Equilibration with solute restrictions                                         
&cntrl                                                                         
imin = 0,                           ! No Minimization                          
nmropt = 0,                         ! No NMR restraints read                   
                                                                               
! Nature and format of the input                                               
ntx = 5,                            ! Coordinates but no velocities will be rea
irest = 1,                          ! Do not run a new simulation              
                                                                               
! Nature and format of the output                                              
ntxo = 1,                           ! rstrt file in ASCII format               
ntpr = 500,                         ! inf in output every ntpr steps           
ntwr = 500,                         ! rstrt file every ntwr steps              
ntwx = 500,                         ! mdcrd file every ntwx steps              
ntwv = 0,                           ! mdvel without velocities                 
ntwe = 0,                           ! Energies and temperatures not written in 
idecomp = 0,                        ! No energy decomposition                  
iwrap = 1,                          ! Coordinates of the restart and mdcrd file
                                                                               
! Frozen or restrained atoms                                                   
ibelly = 0,                         ! No frozen atoms                          
ntr=1,                              ! Harmonic potential restraints            
restraint_wt = 2.5,                ! The weight for the positional restraints  
restraintmask = ':1-49@N,CA,C,O',  ! restrained residues                       
                                                                               
! Molecular dynamics                                                           
nstlim = 50000,                     ! Number of MD-steps                       
dt = 0.002,                         ! Time step                                
                                                                               
! Temperature regulation                                                       
ntt = 3,                            ! Langevin thermostat                      
gamma_ln = 5,                       ! Gamma constant for Langevin              
!temp0 = 300.0,                     ! Reference T at which the system is to be 
tempi = 300.0,                      ! Initial T                                
ig = -1,                            ! Seed for the RNG                         
                                                                               
! P and V regulation                                                           
ntp = 1,                            ! Constant P. Isotropic scaling            
barostat = 1,                       ! Berendsen barostat                       
taup = 1,                           ! Pressure relaxation time                 
nrespa = 1,                         ! Evaluate at each step                    
ntb = 2,                            ! Periodic box for constant P              
                                                                               
! SHAKE variables                                                              
ntc = 2,                            ! Bonds involving H are constrained        
ntf = 2,                            ! Bond interaction involving H are ommited.
                                                                               
cut = 10.0,                         ! Nonbonded cutoff                         
/                                                                              
&end                                                                           


Note: ig = -1. Setting random seed to   366986 based on wallclock time in 
      microseconds.
 
|--------------------- INFORMATION ----------------------
| GPU (CUDA) Version of PMEMD in use: NVIDIA GPU IN USE.
|                    Version 16.0.0
| 
|                      02/25/2016
| 
| Implementation by:
|                    Ross C. Walker     (SDSC)
|                    Scott Le Grand     (nVIDIA)
| 
| Precision model in use:
|      [SPFP] - Single Precision Forces, 64-bit Fixed Point
|               Accumulation. (Default)
| 
|--------------------------------------------------------
 
|----------------- CITATION INFORMATION -----------------
|
|    When publishing work that utilized the CUDA version
|    of AMBER, please cite the following in addition to
|    the regular AMBER citations:
|
|  - Romelia Salomon-Ferrer; Andreas W. Goetz; Duncan
|    Poole; Scott Le Grand; Ross C. Walker "Routine
|    microsecond molecular dynamics simulations with
|    AMBER - Part II: Particle Mesh Ewald", J. Chem.
|    Theory Comput., 2013, 9 (9), pp3878-3888,
|    DOI: 10.1021/ct400314y.
|
|  - Andreas W. Goetz; Mark J. Williamson; Dong Xu;
|    Duncan Poole; Scott Le Grand; Ross C. Walker
|    "Routine microsecond molecular dynamics simulations
|    with AMBER - Part I: Generalized Born", J. Chem.
|    Theory Comput., 2012, 8 (5), pp1542-1555.
|
|  - Scott Le Grand; Andreas W. Goetz; Ross C. Walker
|    "SPFP: Speed without compromise - a mixed precision
|    model for GPU accelerated molecular dynamics
|    simulations.", Comp. Phys. Comm., 2013, 184
|    pp374-380, DOI: 10.1016/j.cpc.2012.09.022
|
|--------------------------------------------------------
 
|------------------- GPU DEVICE INFO --------------------
|
|            CUDA_VISIBLE_DEVICES: 1
|   CUDA Capable Devices Detected:      1
|           CUDA Device ID in use:      0
|                CUDA Device Name: GeForce GTX 1060 6GB
|     CUDA Device Global Mem Size:   6072 MB
| CUDA Device Num Multiprocessors:     10
|           CUDA Device Core Freq:   1.76 GHz
|
|--------------------------------------------------------
 
 
| Conditional Compilation Defines Used:
| PUBFFT
| BINTRAJ
| CUDA
| EMIL

| Largest sphere to fit in unit cell has radius =    21.796

| New format PARM file being parsed.
| Version =    1.000 Date = 06/17/17 Time = 14:32:14

| Note: 1-4 EEL scale factors are being read from the topology file.

| Note: 1-4 VDW scale factors are being read from the topology file.
| Duplicated    0 dihedrals

| Duplicated    0 dihedrals

--------------------------------------------------------------------------------
   1.  RESOURCE   USE: 
--------------------------------------------------------------------------------

 getting new box info from bottom of inpcrd
 NATOM  =   11635 NTYPES =      17 NBONH =   11238 MBONA  =     402
 NTHETH =     874 MTHETA =     539 NPHIH =    1768 MPHIA  =    1688
 NHPARM =       0 NPARM  =       0 NNB   =   18755 NRES   =    3670
 NBONA  =     402 NTHETA =     539 NPHIA =    1688 NUMBND =      69
 NUMANG =     154 NPTRA  =     196 NATYP =      37 NPHB   =       1
 IFBOX  =       2 NMXRS  =      25 IFCAP =       0 NEXTRA =       0
 NCOPY  =       0

| Coordinate Index Table dimensions:     8    8    8
| Direct force subcell size =     6.6736    6.6736    6.6736

     BOX TYPE: TRUNCATED OCTAHEDRON

--------------------------------------------------------------------------------
   2.  CONTROL  DATA  FOR  THE  RUN
--------------------------------------------------------------------------------

default_name                                                                    

General flags:
     imin    =       0, nmropt  =       0

Nature and format of input:
     ntx     =       5, irest   =       1, ntrx    =       1

Nature and format of output:
     ntxo    =       1, ntpr    =     500, ntrx    =       1, ntwr    =     500
     iwrap   =       1, ntwx    =     500, ntwv    =       0, ntwe    =       0
     ioutfm  =       1, ntwprt  =       0, idecomp =       0, rbornstat=      0

Potential function:
     ntf     =       2, ntb     =       2, igb     =       0, nsnb    =      25
     ipol    =       0, gbsa    =       0, iesp    =       0
     dielc   =   1.00000, cut     =  10.00000, intdiel =   1.00000

Frozen or restrained atoms:
     ibelly  =       0, ntr     =       1
     restraint_wt =   2.50000

Molecular dynamics:
     nstlim  =     50000, nscm    =         0, nrespa  =         1
     t       =   0.00000, dt      =   0.00200, vlimit  =  -1.00000

Langevin dynamics temperature regulation:
     ig      =  366986
     temp0   = 300.00000, tempi   = 300.00000, gamma_ln=   5.00000

Pressure regulation:
     ntp     =       1
     pres0   =   1.00000, comp    =  44.60000, taup    =   1.00000

SHAKE:
     ntc     =       2, jfastw  =       0
     tol     =   0.00001

| Intermolecular bonds treatment:
|     no_intermolecular_bonds =       1

| Energy averages sample interval:
|     ene_avg_sampling =     500

Ewald parameters:
     verbose =       0, ew_type =       0, nbflag  =       1, use_pme =       1
     vdwmeth =       1, eedmeth =       1, netfrc  =       1
     Box X =   53.389   Box Y =   53.389   Box Z =   53.389
     Alpha =  109.471   Beta  =  109.471   Gamma =  109.471
     NFFT1 =   56       NFFT2 =   56       NFFT3 =   56
     Cutoff=   10.000   Tol   =0.100E-04
     Ewald Coefficient =  0.27511
     Interpolation order =    4

    LOADING THE CONSTRAINED ATOMS AS GROUPS


   5.  REFERENCE ATOM COORDINATES

  default_name                                                                    
     Mask :1-49@N,CA,C,O; matches   196 atoms

--------------------------------------------------------------------------------
   3.  ATOMIC COORDINATES AND VELOCITIES
--------------------------------------------------------------------------------

default_name                                                                    
 begin time read from input coords =  1440.000 ps

 
 Number of triangulated 3-point waters found:     3618

     Sum of charges from parm topology file =  -0.00000003
     Forcing neutrality...

| Dynamic Memory, Types Used:
| Reals              642671
| Integers           365176

| Nonbonded Pairs Initial Allocation:     3519296

| GPU memory information (estimate):
| KB of GPU memory in use:     85536
| KB of CPU memory in use:     17664

--------------------------------------------------------------------------------
   4.  RESULTS
--------------------------------------------------------------------------------

 ---------------------------------------------------
 APPROXIMATING switch and d/dx switch using CUBIC SPLINE INTERPOLATION
 using   5000.0 points per unit in tabled values
 TESTING RELATIVE ERROR over r ranging from 0.0 to cutoff
| CHECK switch(x): max rel err =   0.2738E-14   at   2.422500
| CHECK d/dx switch(x): max rel err =   0.8314E-11   at   2.736960
 ---------------------------------------------------
|---------------------------------------------------
| APPROXIMATING direct energy using CUBIC SPLINE INTERPOLATION
|  with   50.0 points per unit in tabled values
| Relative Error Limit not exceeded for r .gt.   2.33
| APPROXIMATING direct force using CUBIC SPLINE INTERPOLATION
|  with   50.0 points per unit in tabled values
| Relative Error Limit not exceeded for r .gt.   2.80
|---------------------------------------------------
wrapping first mol.:      -35.60937       25.17964       43.61241
wrapping first mol.:      -35.60937       25.17964       43.61241

 NSTEP =      500   TIME(PS) =    1441.000  TEMP(K) =   300.46  PRESS =  -264.4
 Etot   =    -28885.8019  EKtot   =      7065.4141  EPtot      =    -35951.2160
 BOND   =       131.9249  ANGLE   =       429.7666  DIHED      =       640.0881
 1-4 NB =       178.1540  1-4 EEL =      2481.3292  VDWAALS    =      4583.8097
 EELEC  =    -44428.6871  EHBOND  =         0.0000  RESTRAINT  =        32.3987
 EAMBER (non-restraint)  =    -35983.6146
 EKCMT  =      3234.9483  VIRIAL  =      3904.6485  VOLUME     =    117315.4876
                                                    Density    =         1.0041
 ------------------------------------------------------------------------------

wrapping first mol.:      -35.58134       25.15981       43.57807
wrapping first mol.:      -35.58134       25.15981       43.57807

 NSTEP =     1000   TIME(PS) =    1442.000  TEMP(K) =   299.86  PRESS =    85.8
 Etot   =    -28909.8752  EKtot   =      7051.3975  EPtot      =    -35961.2727
 BOND   =       136.7030  ANGLE   =       383.6466  DIHED      =       636.2345
 1-4 NB =       175.4473  1-4 EEL =      2446.9569  VDWAALS    =      4696.8596
 EELEC  =    -44463.0867  EHBOND  =         0.0000  RESTRAINT  =        25.9660
 EAMBER (non-restraint)  =    -35987.2387
 EKCMT  =      3257.1073  VIRIAL  =      3040.3754  VOLUME     =    117035.0001
                                                    Density    =         1.0065
 ------------------------------------------------------------------------------

wrapping first mol.:      -35.59675       25.17071       43.59694
wrapping first mol.:      -35.59675       25.17071       43.59694

 NSTEP =     1500   TIME(PS) =    1443.000  TEMP(K) =   299.27  PRESS =     4.7
 Etot   =    -28980.8755  EKtot   =      7037.4663  EPtot      =    -36018.3418
 BOND   =       154.5951  ANGLE   =       397.8646  DIHED      =       641.0575
 1-4 NB =       173.6539  1-4 EEL =      2452.7503  VDWAALS    =      4706.1013
 EELEC  =    -44576.0204  EHBOND  =         0.0000  RESTRAINT  =        31.6558
 EAMBER (non-restraint)  =    -36049.9976
 EKCMT  =      3257.3243  VIRIAL  =      3245.3977  VOLUME     =    117187.9077
                                                    Density    =         1.0052
 ------------------------------------------------------------------------------

wrapping first mol.:      -35.56523       25.14842       43.55834
wrapping first mol.:      -35.56523       25.14842       43.55834

 NSTEP =     2000   TIME(PS) =    1444.000  TEMP(K) =   300.60  PRESS =  -132.0
 Etot   =    -29097.4373  EKtot   =      7068.7222  EPtot      =    -36166.1594
 BOND   =       152.6805  ANGLE   =       380.7451  DIHED      =       653.9320
 1-4 NB =       181.4671  1-4 EEL =      2474.2150  VDWAALS    =      4746.0322
 EELEC  =    -44788.7860  EHBOND  =         0.0000  RESTRAINT  =        33.5547
 EAMBER (non-restraint)  =    -36199.7141
 EKCMT  =      3234.5889  VIRIAL  =      3567.6958  VOLUME     =    116878.3567
                                                    Density    =         1.0078
 ------------------------------------------------------------------------------

wrapping first mol.:      -35.55527       25.14138       43.54615
wrapping first mol.:      -35.55527       25.14138       43.54615

 NSTEP =     2500   TIME(PS) =    1445.000  TEMP(K) =   300.30  PRESS =   -24.4
 Etot   =    -29006.9819  EKtot   =      7061.6582  EPtot      =    -36068.6401
 BOND   =       162.1159  ANGLE   =       400.0231  DIHED      =       629.5459
 1-4 NB =       179.9788  1-4 EEL =      2444.6469  VDWAALS    =      4657.3747
 EELEC  =    -44568.8300  EHBOND  =         0.0000  RESTRAINT  =        26.5045
 EAMBER (non-restraint)  =    -36095.1446
 EKCMT  =      3271.7353  VIRIAL  =      3333.3045  VOLUME     =    116779.0966
                                                    Density    =         1.0087
 ------------------------------------------------------------------------------

wrapping first mol.:      -35.55649       25.14224       43.54764
wrapping first mol.:      -35.55649       25.14224       43.54764

 NSTEP =     3000   TIME(PS) =    1446.000  TEMP(K) =   303.11  PRESS =   211.8
 Etot   =    -28875.4318  EKtot   =      7127.7075  EPtot      =    -36003.1393
 BOND   =       162.9830  ANGLE   =       414.0267  DIHED      =       632.1602
 1-4 NB =       176.5084  1-4 EEL =      2456.7119  VDWAALS    =      4737.4745
 EELEC  =    -44610.4464  EHBOND  =         0.0000  RESTRAINT  =        27.4424
 EAMBER (non-restraint)  =    -36030.5817
 EKCMT  =      3296.1929  VIRIAL  =      2762.1037  VOLUME     =    116788.6195
                                                    Density    =         1.0086
 ------------------------------------------------------------------------------

wrapping first mol.:      -35.52986       25.12341       43.51502
wrapping first mol.:      -35.52986       25.12341       43.51502

 NSTEP =     3500   TIME(PS) =    1447.000  TEMP(K) =   302.66  PRESS =    78.2
 Etot   =    -28914.6492  EKtot   =      7117.1455  EPtot      =    -36031.7947
 BOND   =       155.1944  ANGLE   =       415.5524  DIHED      =       638.3368
 1-4 NB =       179.3887  1-4 EEL =      2468.9227  VDWAALS    =      4677.2742
 EELEC  =    -44597.7329  EHBOND  =         0.0000  RESTRAINT  =        31.2691
 EAMBER (non-restraint)  =    -36063.0638
 EKCMT  =      3273.1557  VIRIAL  =      3076.3100  VOLUME     =    116527.7974
                                                    Density    =         1.0109
 ------------------------------------------------------------------------------

wrapping first mol.:      -35.53972       25.13038       43.52710
wrapping first mol.:      -35.53972       25.13038       43.52710

 NSTEP =     4000   TIME(PS) =    1448.000  TEMP(K) =   298.79  PRESS =   135.2
 Etot   =    -29028.7623  EKtot   =      7026.0898  EPtot      =    -36054.8521
 BOND   =       146.2000  ANGLE   =       378.2142  DIHED      =       640.9940
 1-4 NB =       179.3602  1-4 EEL =      2462.3916  VDWAALS    =      4733.9271
 EELEC  =    -44625.6806  EHBOND  =         0.0000  RESTRAINT  =        29.7412
 EAMBER (non-restraint)  =    -36084.5933
 EKCMT  =      3295.5116  VIRIAL  =      2955.1258  VOLUME     =    116624.2482
                                                    Density    =         1.0100
 ------------------------------------------------------------------------------

wrapping first mol.:      -35.54443       25.13371       43.53286
wrapping first mol.:      -35.54443       25.13371       43.53286

 NSTEP =     4500   TIME(PS) =    1449.000  TEMP(K) =   300.24  PRESS =   -34.1
 Etot   =    -29057.5300  EKtot   =      7060.2041  EPtot      =    -36117.7341
 BOND   =       158.8270  ANGLE   =       376.0723  DIHED      =       629.8073
 1-4 NB =       174.2793  1-4 EEL =      2464.1489  VDWAALS    =      4715.3846
 EELEC  =    -44673.9017  EHBOND  =         0.0000  RESTRAINT  =        37.6483
 EAMBER (non-restraint)  =    -36155.3823
 EKCMT  =      3271.0968  VIRIAL  =      3356.9934  VOLUME     =    116672.3656
                                                    Density    =         1.0096
 ------------------------------------------------------------------------------

wrapping first mol.:      -35.56437       25.14781       43.55728
wrapping first mol.:      -35.56437       25.14781       43.55728

 NSTEP =     5000   TIME(PS) =    1450.000  TEMP(K) =   305.77  PRESS =    60.1
 Etot   =    -28850.4365  EKtot   =      7190.4092  EPtot      =    -36040.8457
 BOND   =       145.9628  ANGLE   =       396.5770  DIHED      =       630.3828
 1-4 NB =       178.6896  1-4 EEL =      2469.3425  VDWAALS    =      4738.0400
 EELEC  =    -44636.1477  EHBOND  =         0.0000  RESTRAINT  =        36.3074
 EAMBER (non-restraint)  =    -36077.1531
 EKCMT  =      3294.9548  VIRIAL  =      3143.2030  VOLUME     =    116867.8155
                                                    Density    =         1.0079
 ------------------------------------------------------------------------------

wrapping first mol.:      -35.53388       25.12625       43.51995
wrapping first mol.:      -35.53388       25.12625       43.51995

 NSTEP =     5500   TIME(PS) =    1451.000  TEMP(K) =   302.61  PRESS =  -409.9
 Etot   =    -28974.6764  EKtot   =      7116.0762  EPtot      =    -36090.7526
 BOND   =       145.0365  ANGLE   =       400.5084  DIHED      =       639.3660
 1-4 NB =       186.4766  1-4 EEL =      2439.9697  VDWAALS    =      4595.7408
 EELEC  =    -44530.9041  EHBOND  =         0.0000  RESTRAINT  =        33.0535
 EAMBER (non-restraint)  =    -36123.8061
 EKCMT  =      3250.4907  VIRIAL  =      4282.1021  VOLUME     =    116572.4441
                                                    Density    =         1.0105
 ------------------------------------------------------------------------------

wrapping first mol.:      -35.51255       25.11117       43.49382
wrapping first mol.:      -35.51255       25.11117       43.49382

 NSTEP =     6000   TIME(PS) =    1452.000  TEMP(K) =   299.98  PRESS =   152.5
 Etot   =    -29037.6098  EKtot   =      7054.1382  EPtot      =    -36091.7480
 BOND   =       138.7107  ANGLE   =       386.3276  DIHED      =       636.5824
 1-4 NB =       183.8557  1-4 EEL =      2473.2238  VDWAALS    =      4793.1807
 EELEC  =    -44733.8355  EHBOND  =         0.0000  RESTRAINT  =        30.2067
 EAMBER (non-restraint)  =    -36121.9547
 EKCMT  =      3249.3789  VIRIAL  =      2866.2548  VOLUME     =    116356.7985
                                                    Density    =         1.0124
 ------------------------------------------------------------------------------

wrapping first mol.:      -35.54414       25.13351       43.53251
wrapping first mol.:      -35.54414       25.13351       43.53251

 NSTEP =     6500   TIME(PS) =    1453.000  TEMP(K) =   301.72  PRESS =  -259.7
 Etot   =    -28954.8569  EKtot   =      7095.1924  EPtot      =    -36050.0492
 BOND   =       145.0855  ANGLE   =       417.8015  DIHED      =       643.3197
 1-4 NB =       188.4153  1-4 EEL =      2448.0132  VDWAALS    =      4685.6327
 EELEC  =    -44611.9614  EHBOND  =         0.0000  RESTRAINT  =        33.6442
 EAMBER (non-restraint)  =    -36083.6935
 EKCMT  =      3228.3489  VIRIAL  =      3882.6530  VOLUME     =    116671.8621
                                                    Density    =         1.0096
 ------------------------------------------------------------------------------

wrapping first mol.:      -35.55659       25.14231       43.54776
wrapping first mol.:      -35.55659       25.14231       43.54776

 NSTEP =     7000   TIME(PS) =    1454.000  TEMP(K) =   300.44  PRESS =   -40.8
 Etot   =    -29229.3267  EKtot   =      7064.9883  EPtot      =    -36294.3149
 BOND   =       151.8879  ANGLE   =       383.4331  DIHED      =       629.8128
 1-4 NB =       173.7922  1-4 EEL =      2467.7912  VDWAALS    =      4770.8580
 EELEC  =    -44908.8107  EHBOND  =         0.0000  RESTRAINT  =        36.9204
 EAMBER (non-restraint)  =    -36331.2354
 EKCMT  =      3213.5931  VIRIAL  =      3316.5773  VOLUME     =    116792.2344
                                                    Density    =         1.0086
 ------------------------------------------------------------------------------

wrapping first mol.:      -35.59931       25.17252       43.60008
wrapping first mol.:      -35.59931       25.17252       43.60008

 NSTEP =     7500   TIME(PS) =    1455.000  TEMP(K) =   298.55  PRESS =   -39.3
 Etot   =    -29067.2018  EKtot   =      7020.6421  EPtot      =    -36087.8439
 BOND   =       147.4063  ANGLE   =       407.9452  DIHED      =       629.7793
 1-4 NB =       178.5323  1-4 EEL =      2476.8505  VDWAALS    =      4683.8537
 EELEC  =    -44644.7719  EHBOND  =         0.0000  RESTRAINT  =        32.5606
 EAMBER (non-restraint)  =    -36120.4045
 EKCMT  =      3267.5134  VIRIAL  =      3367.0589  VOLUME     =    117213.7230
                                                    Density    =         1.0050
 ------------------------------------------------------------------------------

wrapping first mol.:      -35.57225       25.15339       43.56694
wrapping first mol.:      -35.57225       25.15339       43.56694

 NSTEP =     8000   TIME(PS) =    1456.000  TEMP(K) =   301.19  PRESS =    34.3
 Etot   =    -29023.4979  EKtot   =      7082.5669  EPtot      =    -36106.0648
 BOND   =       157.2507  ANGLE   =       390.9890  DIHED      =       646.4596
 1-4 NB =       175.4012  1-4 EEL =      2432.0767  VDWAALS    =      4838.5187
 EELEC  =    -44782.9143  EHBOND  =         0.0000  RESTRAINT  =        36.1536
 EAMBER (non-restraint)  =    -36142.2184
 EKCMT  =      3189.4490  VIRIAL  =      3102.8479  VOLUME     =    116945.8489
                                                    Density    =         1.0073
 ------------------------------------------------------------------------------

wrapping first mol.:      -35.57728       25.15694       43.57310
wrapping first mol.:      -35.57728       25.15694       43.57310

 NSTEP =     8500   TIME(PS) =    1457.000  TEMP(K) =   298.05  PRESS =   -16.5
 Etot   =    -29035.5004  EKtot   =      7008.7134  EPtot      =    -36044.2138
 BOND   =       143.3070  ANGLE   =       391.0257  DIHED      =       628.1924
 1-4 NB =       185.0262  1-4 EEL =      2501.6409  VDWAALS    =      4573.9252
 EELEC  =    -44498.8680  EHBOND  =         0.0000  RESTRAINT  =        31.5368
 EAMBER (non-restraint)  =    -36075.7506
 EKCMT  =      3270.4744  VIRIAL  =      3312.2570  VOLUME     =    116995.9624
                                                    Density    =         1.0068
 ------------------------------------------------------------------------------

wrapping first mol.:      -35.55630       25.14210       43.54740
wrapping first mol.:      -35.55630       25.14210       43.54740

 NSTEP =     9000   TIME(PS) =    1458.000  TEMP(K) =   298.98  PRESS =  -101.4
 Etot   =    -29036.5525  EKtot   =      7030.5293  EPtot      =    -36067.0818
 BOND   =       130.1059  ANGLE   =       375.1628  DIHED      =       638.3869
 1-4 NB =       176.1656  1-4 EEL =      2461.2196  VDWAALS    =      4691.3329
 EELEC  =    -44570.1547  EHBOND  =         0.0000  RESTRAINT  =        30.6992
 EAMBER (non-restraint)  =    -36097.7811
 EKCMT  =      3240.8960  VIRIAL  =      3496.4945  VOLUME     =    116789.9705
                                                    Density    =         1.0086
 ------------------------------------------------------------------------------

wrapping first mol.:      -35.56590       25.14889       43.55916
wrapping first mol.:      -35.56590       25.14889       43.55916

 NSTEP =     9500   TIME(PS) =    1459.000  TEMP(K) =   299.27  PRESS =   192.2
 Etot   =    -29042.9206  EKtot   =      7037.5703  EPtot      =    -36080.4910
 BOND   =       124.2936  ANGLE   =       429.7943  DIHED      =       633.8982
 1-4 NB =       178.7619  1-4 EEL =      2456.8400  VDWAALS    =      4851.1489
 EELEC  =    -44785.2573  EHBOND  =         0.0000  RESTRAINT  =        30.0294
 EAMBER (non-restraint)  =    -36110.5204
 EKCMT  =      3253.0928  VIRIAL  =      2768.1208  VOLUME     =    116881.5614
                                                    Density    =         1.0078
 ------------------------------------------------------------------------------

wrapping first mol.:      -35.56893       25.15103       43.56286
wrapping first mol.:      -35.56893       25.15103       43.56286

 NSTEP =    10000   TIME(PS) =    1460.000  TEMP(K) =   299.29  PRESS =   242.2
 Etot   =    -29053.1485  EKtot   =      7037.9673  EPtot      =    -36091.1158
 BOND   =       137.5762  ANGLE   =       386.5584  DIHED      =       633.8086
 1-4 NB =       181.4093  1-4 EEL =      2460.4492  VDWAALS    =      4764.4658
 EELEC  =    -44690.0813  EHBOND  =         0.0000  RESTRAINT  =        34.6980
 EAMBER (non-restraint)  =    -36125.8137
 EKCMT  =      3301.5831  VIRIAL  =      2690.3182  VOLUME     =    116910.8724
                                                    Density    =         1.0076
 ------------------------------------------------------------------------------

wrapping first mol.:      -35.56550       25.14861       43.55867
wrapping first mol.:      -35.56550       25.14861       43.55867

 NSTEP =    10500   TIME(PS) =    1461.000  TEMP(K) =   301.48  PRESS =   208.9
 Etot   =    -28985.6821  EKtot   =      7089.3159  EPtot      =    -36074.9980
 BOND   =       127.0846  ANGLE   =       406.2098  DIHED      =       643.3488
 1-4 NB =       185.8878  1-4 EEL =      2491.5680  VDWAALS    =      4869.7081
 EELEC  =    -44826.3734  EHBOND  =         0.0000  RESTRAINT  =        27.5682
 EAMBER (non-restraint)  =    -36102.5662
 EKCMT  =      3239.4228  VIRIAL  =      2712.2397  VOLUME     =    116877.4156
                                                    Density    =         1.0079
 ------------------------------------------------------------------------------

wrapping first mol.:      -35.54515       25.13422       43.53375
wrapping first mol.:      -35.54515       25.13422       43.53375

 NSTEP =    11000   TIME(PS) =    1462.000  TEMP(K) =   300.80  PRESS =  -191.7
 Etot   =    -28966.8126  EKtot   =      7073.4839  EPtot      =    -36040.2965
 BOND   =       141.5121  ANGLE   =       406.7026  DIHED      =       646.4518
 1-4 NB =       186.0856  1-4 EEL =      2466.4825  VDWAALS    =      4722.3908
 EELEC  =    -44641.7148  EHBOND  =         0.0000  RESTRAINT  =        31.7929
 EAMBER (non-restraint)  =    -36072.0894
 EKCMT  =      3248.5016  VIRIAL  =      3731.5735  VOLUME     =    116681.1139
                                                    Density    =         1.0095
 ------------------------------------------------------------------------------

wrapping first mol.:      -35.54862       25.13668       43.53800
wrapping first mol.:      -35.54862       25.13668       43.53800

 NSTEP =    11500   TIME(PS) =    1463.000  TEMP(K) =   304.82  PRESS =   -97.9
 Etot   =    -28876.8620  EKtot   =      7168.0723  EPtot      =    -36044.9343
 BOND   =       139.2639  ANGLE   =       426.8265  DIHED      =       641.3906
 1-4 NB =       191.2842  1-4 EEL =      2466.8903  VDWAALS    =      4643.4539
 EELEC  =    -44585.3131  EHBOND  =         0.0000  RESTRAINT  =        31.2693
 EAMBER (non-restraint)  =    -36076.2036
 EKCMT  =      3335.3377  VIRIAL  =      3582.0795  VOLUME     =    116714.3346
                                                    Density    =         1.0093
 ------------------------------------------------------------------------------

wrapping first mol.:      -35.53301       25.12564       43.51887
wrapping first mol.:      -35.53301       25.12564       43.51887

 NSTEP =    12000   TIME(PS) =    1464.000  TEMP(K) =   297.62  PRESS =  -180.3
 Etot   =    -29202.9981  EKtot   =      6998.6465  EPtot      =    -36201.6446
 BOND   =       154.0480  ANGLE   =       388.2784  DIHED      =       644.3173
 1-4 NB =       180.3252  1-4 EEL =      2470.5139  VDWAALS    =      4723.7326
 EELEC  =    -44795.6582  EHBOND  =         0.0000  RESTRAINT  =        32.7982
 EAMBER (non-restraint)  =    -36234.4428
 EKCMT  =      3273.2296  VIRIAL  =      3727.1154  VOLUME     =    116561.4558
                                                    Density    =         1.0106
 ------------------------------------------------------------------------------

wrapping first mol.:      -35.52140       25.11743       43.50466
wrapping first mol.:      -35.52140       25.11743       43.50466

 NSTEP =    12500   TIME(PS) =    1465.000  TEMP(K) =   300.76  PRESS =   212.8
 Etot   =    -28997.0459  EKtot   =      7072.4629  EPtot      =    -36069.5088
 BOND   =       151.6823  ANGLE   =       406.7208  DIHED      =       638.0392
 1-4 NB =       179.5028  1-4 EEL =      2442.9165  VDWAALS    =      4724.4996
 EELEC  =    -44640.3916  EHBOND  =         0.0000  RESTRAINT  =        27.5216
 EAMBER (non-restraint)  =    -36097.0304
 EKCMT  =      3258.4248  VIRIAL  =      2723.5124  VOLUME     =    116443.1516
                                                    Density    =         1.0116
 ------------------------------------------------------------------------------

wrapping first mol.:      -35.54150       25.13164       43.52927
wrapping first mol.:      -35.54150       25.13164       43.52927

 NSTEP =    13000   TIME(PS) =    1466.000  TEMP(K) =   297.74  PRESS =  -147.0
 Etot   =    -29029.4904  EKtot   =      7001.5713  EPtot      =    -36031.0616
 BOND   =       144.1522  ANGLE   =       413.2506  DIHED      =       630.8600
 1-4 NB =       181.5916  1-4 EEL =      2468.6003  VDWAALS    =      4644.0367
 EELEC  =    -44543.7506  EHBOND  =         0.0000  RESTRAINT  =        30.1975
 EAMBER (non-restraint)  =    -36061.2591
 EKCMT  =      3202.3882  VIRIAL  =      3572.5667  VOLUME     =    116644.6538
                                                    Density    =         1.0099
 ------------------------------------------------------------------------------

wrapping first mol.:      -35.54844       25.13655       43.53778
wrapping first mol.:      -35.54844       25.13655       43.53778

 NSTEP =    13500   TIME(PS) =    1467.000  TEMP(K) =   297.47  PRESS =   -79.7
 Etot   =    -29083.3199  EKtot   =      6995.0488  EPtot      =    -36078.3687
 BOND   =       155.7223  ANGLE   =       382.8514  DIHED      =       639.2847
 1-4 NB =       180.3724  1-4 EEL =      2465.9900  VDWAALS    =      4629.5825
 EELEC  =    -44564.9030  EHBOND  =         0.0000  RESTRAINT  =        32.7311
 EAMBER (non-restraint)  =    -36111.0998
 EKCMT  =      3205.7843  VIRIAL  =      3406.6015  VOLUME     =    116712.3551
                                                    Density    =         1.0093
 ------------------------------------------------------------------------------

wrapping first mol.:      -35.53712       25.12854       43.52391
wrapping first mol.:      -35.53712       25.12854       43.52391

 NSTEP =    14000   TIME(PS) =    1468.000  TEMP(K) =   304.56  PRESS =   -17.7
 Etot   =    -28966.4508  EKtot   =      7161.9126  EPtot      =    -36128.3633
 BOND   =       156.0538  ANGLE   =       388.1228  DIHED      =       634.1576
 1-4 NB =       182.6957  1-4 EEL =      2461.6471  VDWAALS    =      4721.6165
 EELEC  =    -44698.5837  EHBOND  =         0.0000  RESTRAINT  =        25.9268
 EAMBER (non-restraint)  =    -36154.2901
 EKCMT  =      3268.2810  VIRIAL  =      3312.7983  VOLUME     =    116600.2295
                                                    Density    =         1.0102
 ------------------------------------------------------------------------------

wrapping first mol.:      -35.57587       25.15594       43.57137
wrapping first mol.:      -35.57587       25.15594       43.57137

 NSTEP =    14500   TIME(PS) =    1469.000  TEMP(K) =   292.95  PRESS =   -98.5
 Etot   =    -29121.7978  EKtot   =      6888.8159  EPtot      =    -36010.6137
 BOND   =       150.8327  ANGLE   =       415.5325  DIHED      =       629.6954
 1-4 NB =       183.3306  1-4 EEL =      2459.3879  VDWAALS    =      4605.6628
 EELEC  =    -44485.0704  EHBOND  =         0.0000  RESTRAINT  =        30.0147
 EAMBER (non-restraint)  =    -36040.6284
 EKCMT  =      3182.8614  VIRIAL  =      3431.7473  VOLUME     =    116982.8841
                                                    Density    =         1.0069
 ------------------------------------------------------------------------------

wrapping first mol.:      -35.56309       25.14691       43.55572
wrapping first mol.:      -35.56309       25.14691       43.55572

 NSTEP =    15000   TIME(PS) =    1470.000  TEMP(K) =   305.21  PRESS =    93.8
 Etot   =    -28856.7345  EKtot   =      7177.2451  EPtot      =    -36033.9796
 BOND   =       148.9759  ANGLE   =       395.8954  DIHED      =       632.5245
 1-4 NB =       179.2220  1-4 EEL =      2467.9729  VDWAALS    =      4659.1569
 EELEC  =    -44550.7294  EHBOND  =         0.0000  RESTRAINT  =        33.0021
 EAMBER (non-restraint)  =    -36066.9818
 EKCMT  =      3296.9302  VIRIAL  =      3060.3177  VOLUME     =    116854.8920
                                                    Density    =         1.0080
 ------------------------------------------------------------------------------

wrapping first mol.:      -35.56649       25.14931       43.55988
wrapping first mol.:      -35.56649       25.14931       43.55988

 NSTEP =    15500   TIME(PS) =    1471.000  TEMP(K) =   303.84  PRESS =    47.1
 Etot   =    -28951.0770  EKtot   =      7144.9834  EPtot      =    -36096.0604
 BOND   =       155.5970  ANGLE   =       384.1480  DIHED      =       628.4609
 1-4 NB =       179.2653  1-4 EEL =      2468.5729  VDWAALS    =      4753.1706
 EELEC  =    -44696.0669  EHBOND  =         0.0000  RESTRAINT  =        30.7919
 EAMBER (non-restraint)  =    -36126.8522
 EKCMT  =      3281.4603  VIRIAL  =      3162.5903  VOLUME     =    116888.8501
                                                    Density    =         1.0078
 ------------------------------------------------------------------------------

wrapping first mol.:      -35.54991       25.13758       43.53957
wrapping first mol.:      -35.54991       25.13758       43.53957

 NSTEP =    16000   TIME(PS) =    1472.000  TEMP(K) =   299.82  PRESS =  -148.9
 Etot   =    -28968.0021  EKtot   =      7050.3428  EPtot      =    -36018.3449
 BOND   =       152.1260  ANGLE   =       381.5808  DIHED      =       633.2798
 1-4 NB =       167.8392  1-4 EEL =      2463.7109  VDWAALS    =      4657.2697
 EELEC  =    -44501.6009  EHBOND  =         0.0000  RESTRAINT  =        27.4497
 EAMBER (non-restraint)  =    -36045.7946
 EKCMT  =      3299.6156  VIRIAL  =      3674.9615  VOLUME     =    116727.4945
                                                    Density    =         1.0091
 ------------------------------------------------------------------------------

wrapping first mol.:      -35.53694       25.12842       43.52369
wrapping first mol.:      -35.53694       25.12842       43.52369

 NSTEP =    16500   TIME(PS) =    1473.000  TEMP(K) =   302.55  PRESS =   143.7
 Etot   =    -28940.7477  EKtot   =      7114.6748  EPtot      =    -36055.4225
 BOND   =       150.7589  ANGLE   =       420.0874  DIHED      =       611.8665
 1-4 NB =       177.6524  1-4 EEL =      2475.5887  VDWAALS    =      4826.7972
 EELEC  =    -44746.3763  EHBOND  =         0.0000  RESTRAINT  =        28.2026
 EAMBER (non-restraint)  =    -36083.6251
 EKCMT  =      3274.7470  VIRIAL  =      2912.8922  VOLUME     =    116596.8042
                                                    Density    =         1.0103
 ------------------------------------------------------------------------------

wrapping first mol.:      -35.56744       25.14999       43.56105
wrapping first mol.:      -35.56744       25.14999       43.56105

 NSTEP =    17000   TIME(PS) =    1474.000  TEMP(K) =   298.82  PRESS =   -19.6
 Etot   =    -28972.2759  EKtot   =      7026.8423  EPtot      =    -35999.1182
 BOND   =       138.6216  ANGLE   =       397.0742  DIHED      =       625.8145
 1-4 NB =       193.4355  1-4 EEL =      2475.9123  VDWAALS    =      4657.6086
 EELEC  =    -44512.3078  EHBOND  =         0.0000  RESTRAINT  =        24.7228
 EAMBER (non-restraint)  =    -36023.8410
 EKCMT  =      3190.8009  VIRIAL  =      3240.1804  VOLUME     =    116898.9804
                                                    Density    =         1.0077
 ------------------------------------------------------------------------------

wrapping first mol.:      -35.60724       25.17812       43.60979
wrapping first mol.:      -35.60724       25.17812       43.60979

 NSTEP =    17500   TIME(PS) =    1475.000  TEMP(K) =   301.99  PRESS =   -45.2
 Etot   =    -29008.1091  EKtot   =      7101.4487  EPtot      =    -36109.5578
 BOND   =       138.7160  ANGLE   =       408.5554  DIHED      =       639.4823
 1-4 NB =       192.3122  1-4 EEL =      2463.7429  VDWAALS    =      4743.8488
 EELEC  =    -44724.7256  EHBOND  =         0.0000  RESTRAINT  =        28.5100
 EAMBER (non-restraint)  =    -36138.0679
 EKCMT  =      3243.5366  VIRIAL  =      3358.0660  VOLUME     =    117292.0596
                                                    Density    =         1.0043
 ------------------------------------------------------------------------------

wrapping first mol.:      -35.60602       25.17726       43.60829
wrapping first mol.:      -35.60602       25.17726       43.60829

 NSTEP =    18000   TIME(PS) =    1476.000  TEMP(K) =   302.95  PRESS =  -140.4
 Etot   =    -28837.0071  EKtot   =      7123.8853  EPtot      =    -35960.8924
 BOND   =       143.8047  ANGLE   =       398.1475  DIHED      =       634.6312
 1-4 NB =       182.4982  1-4 EEL =      2467.4590  VDWAALS    =      4630.8949
 EELEC  =    -44448.0863  EHBOND  =         0.0000  RESTRAINT  =        29.7583
 EAMBER (non-restraint)  =    -35990.6507
 EKCMT  =      3329.1355  VIRIAL  =      3684.6036  VOLUME     =    117281.0252
                                                    Density    =         1.0044
 ------------------------------------------------------------------------------

wrapping first mol.:      -35.58141       25.15986       43.57815
wrapping first mol.:      -35.58141       25.15986       43.57815

 NSTEP =    18500   TIME(PS) =    1477.000  TEMP(K) =   293.23  PRESS =    29.7
 Etot   =    -29180.1675  EKtot   =      6895.3364  EPtot      =    -36075.5039
 BOND   =       139.1188  ANGLE   =       385.4357  DIHED      =       644.5055
 1-4 NB =       180.1898  1-4 EEL =      2472.2172  VDWAALS    =      4742.9116
 EELEC  =    -44667.8315  EHBOND  =         0.0000  RESTRAINT  =        27.9490
 EAMBER (non-restraint)  =    -36103.4529
 EKCMT  =      3186.3488  VIRIAL  =      3111.2744  VOLUME     =    117036.2042
                                                    Density    =         1.0065
 ------------------------------------------------------------------------------

wrapping first mol.:      -35.55647       25.14223       43.54761
wrapping first mol.:      -35.55647       25.14223       43.54761

 NSTEP =    19000   TIME(PS) =    1478.000  TEMP(K) =   299.11  PRESS =  -223.7
 Etot   =    -29079.2701  EKtot   =      7033.7539  EPtot      =    -36113.0240
 BOND   =       136.0070  ANGLE   =       390.5741  DIHED      =       630.0302
 1-4 NB =       179.4205  1-4 EEL =      2467.7190  VDWAALS    =      4660.6390
 EELEC  =    -44607.1314  EHBOND  =         0.0000  RESTRAINT  =        29.7176
 EAMBER (non-restraint)  =    -36142.7416
 EKCMT  =      3209.9418  VIRIAL  =      3774.1542  VOLUME     =    116792.9564
                                                    Density    =         1.0086
 ------------------------------------------------------------------------------

wrapping first mol.:      -35.54557       25.13452       43.53425
wrapping first mol.:      -35.54557       25.13452       43.53425

 NSTEP =    19500   TIME(PS) =    1479.000  TEMP(K) =   295.28  PRESS =    29.9
 Etot   =    -29241.9736  EKtot   =      6943.6138  EPtot      =    -36185.5873
 BOND   =       161.3590  ANGLE   =       406.8973  DIHED      =       631.9806
 1-4 NB =       178.5655  1-4 EEL =      2435.1689  VDWAALS    =      4751.2582
 EELEC  =    -44779.4124  EHBOND  =         0.0000  RESTRAINT  =        28.5955
 EAMBER (non-restraint)  =    -36214.1828
 EKCMT  =      3210.6790  VIRIAL  =      3135.3614  VOLUME     =    116682.8895
                                                    Density    =         1.0095
 ------------------------------------------------------------------------------

wrapping first mol.:      -35.54072       25.13109       43.52831
wrapping first mol.:      -35.54072       25.13109       43.52831

 NSTEP =    20000   TIME(PS) =    1480.000  TEMP(K) =   299.90  PRESS =   -56.7
 Etot   =    -29175.3847  EKtot   =      7052.3115  EPtot      =    -36227.6962
 BOND   =       160.1132  ANGLE   =       401.4431  DIHED      =       619.5992
 1-4 NB =       174.2789  1-4 EEL =      2456.7358  VDWAALS    =      4743.1952
 EELEC  =    -44812.7078  EHBOND  =         0.0000  RESTRAINT  =        29.6463
 EAMBER (non-restraint)  =    -36257.3425
 EKCMT  =      3259.6562  VIRIAL  =      3402.3510  VOLUME     =    116636.0358
                                                    Density    =         1.0099
 ------------------------------------------------------------------------------

wrapping first mol.:      -35.54301       25.13271       43.53112
wrapping first mol.:      -35.54301       25.13271       43.53112

 NSTEP =    20500   TIME(PS) =    1481.000  TEMP(K) =   300.54  PRESS =    29.0
 Etot   =    -29092.3023  EKtot   =      7067.2632  EPtot      =    -36159.5655
 BOND   =       122.1549  ANGLE   =       378.3889  DIHED      =       642.9352
 1-4 NB =       185.4348  1-4 EEL =      2479.8712  VDWAALS    =      4781.5675
 EELEC  =    -44786.7063  EHBOND  =         0.0000  RESTRAINT  =        36.7884
 EAMBER (non-restraint)  =    -36196.3539
 EKCMT  =      3263.1558  VIRIAL  =      3190.0559  VOLUME     =    116657.7286
                                                    Density    =         1.0098
 ------------------------------------------------------------------------------

wrapping first mol.:      -35.56319       25.14698       43.55585
wrapping first mol.:      -35.56319       25.14698       43.55585

 NSTEP =    21000   TIME(PS) =    1482.000  TEMP(K) =   298.65  PRESS =    36.0
 Etot   =    -28959.7421  EKtot   =      7022.9004  EPtot      =    -35982.6425
 BOND   =       145.6561  ANGLE   =       423.4866  DIHED      =       622.2220
 1-4 NB =       174.4278  1-4 EEL =      2451.2143  VDWAALS    =      4723.2841
 EELEC  =    -44550.1535  EHBOND  =         0.0000  RESTRAINT  =        27.2200
 EAMBER (non-restraint)  =    -36009.8625
 EKCMT  =      3191.4281  VIRIAL  =      3100.5100  VOLUME     =    116856.5203
                                                    Density    =         1.0080
 ------------------------------------------------------------------------------

wrapping first mol.:      -35.58248       25.16062       43.57946
wrapping first mol.:      -35.58248       25.16062       43.57946

 NSTEP =    21500   TIME(PS) =    1483.000  TEMP(K) =   303.08  PRESS =    12.8
 Etot   =    -28880.4550  EKtot   =      7127.0801  EPtot      =    -36007.5351
 BOND   =       152.9812  ANGLE   =       407.1685  DIHED      =       644.4291
 1-4 NB =       183.0821  1-4 EEL =      2438.7382  VDWAALS    =      4669.6344
 EELEC  =    -44534.8967  EHBOND  =         0.0000  RESTRAINT  =        31.3281
 EAMBER (non-restraint)  =    -36038.8632
 EKCMT  =      3318.4079  VIRIAL  =      3285.9671  VOLUME     =    117046.9350
                                                    Density    =         1.0064
 ------------------------------------------------------------------------------

wrapping first mol.:      -35.57365       25.15438       43.56866
wrapping first mol.:      -35.57365       25.15438       43.56866

 NSTEP =    22000   TIME(PS) =    1484.000  TEMP(K) =   297.39  PRESS =  -205.5
 Etot   =    -29197.9182  EKtot   =      6993.2988  EPtot      =    -36191.2170
 BOND   =       162.2099  ANGLE   =       382.4085  DIHED      =       635.1916
 1-4 NB =       168.9745  1-4 EEL =      2441.6288  VDWAALS    =      4699.2844
 EELEC  =    -44709.6479  EHBOND  =         0.0000  RESTRAINT  =        28.7333
 EAMBER (non-restraint)  =    -36219.9503
 EKCMT  =      3225.6210  VIRIAL  =      3744.6710  VOLUME     =    116962.1817
                                                    Density    =         1.0071
 ------------------------------------------------------------------------------

wrapping first mol.:      -35.54109       25.13135       43.52877
wrapping first mol.:      -35.54109       25.13135       43.52877

 NSTEP =    22500   TIME(PS) =    1485.000  TEMP(K) =   301.28  PRESS =  -309.6
 Etot   =    -28868.3792  EKtot   =      7084.7568  EPtot      =    -35953.1360
 BOND   =       152.3946  ANGLE   =       415.3199  DIHED      =       637.6203
 1-4 NB =       175.5529  1-4 EEL =      2450.4046  VDWAALS    =      4537.3750
 EELEC  =    -44347.8170  EHBOND  =         0.0000  RESTRAINT  =        26.0137
 EAMBER (non-restraint)  =    -35979.1497
 EKCMT  =      3225.1430  VIRIAL  =      4004.8142  VOLUME     =    116642.3635
                                                    Density    =         1.0099
 ------------------------------------------------------------------------------

wrapping first mol.:      -35.53001       25.12352       43.51520
wrapping first mol.:      -35.53001       25.12352       43.51520

 NSTEP =    23000   TIME(PS) =    1486.000  TEMP(K) =   301.87  PRESS =   419.9
 Etot   =    -28986.9843  EKtot   =      7098.5176  EPtot      =    -36085.5019
 BOND   =       152.0227  ANGLE   =       417.9244  DIHED      =       633.8581
 1-4 NB =       171.0775  1-4 EEL =      2466.2772  VDWAALS    =      4856.1042
 EELEC  =    -44813.5424  EHBOND  =         0.0000  RESTRAINT  =        30.7764
 EAMBER (non-restraint)  =    -36116.2783
 EKCMT  =      3318.2058  VIRIAL  =      2261.8010  VOLUME     =    116525.7224
                                                    Density    =         1.0109
 ------------------------------------------------------------------------------

wrapping first mol.:      -35.52649       25.12103       43.51089
wrapping first mol.:      -35.52649       25.12103       43.51089

 NSTEP =    23500   TIME(PS) =    1487.000  TEMP(K) =   304.85  PRESS =  -165.0
 Etot   =    -28827.5834  EKtot   =      7168.6699  EPtot      =    -35996.2534
 BOND   =       144.6534  ANGLE   =       420.0854  DIHED      =       648.8267
 1-4 NB =       178.7834  1-4 EEL =      2454.6471  VDWAALS    =      4547.4600
 EELEC  =    -44419.4573  EHBOND  =         0.0000  RESTRAINT  =        28.7480
 EAMBER (non-restraint)  =    -36025.0014
 EKCMT  =      3330.1502  VIRIAL  =      3745.0961  VOLUME     =    116497.1542
                                                    Density    =         1.0111
 ------------------------------------------------------------------------------

wrapping first mol.:      -35.52512       25.12006       43.50922
wrapping first mol.:      -35.52512       25.12006       43.50922

 NSTEP =    24000   TIME(PS) =    1488.000  TEMP(K) =   294.17  PRESS =   126.4
 Etot   =    -29235.1718  EKtot   =      6917.6133  EPtot      =    -36152.7850
 BOND   =       154.2054  ANGLE   =       399.5585  DIHED      =       628.3197
 1-4 NB =       172.8071  1-4 EEL =      2458.6022  VDWAALS    =      4782.3353
 EELEC  =    -44779.3791  EHBOND  =         0.0000  RESTRAINT  =        30.7659
 EAMBER (non-restraint)  =    -36183.5509
 EKCMT  =      3217.2574  VIRIAL  =      2899.3322  VOLUME     =    116480.6845
                                                    Density    =         1.0113
 ------------------------------------------------------------------------------

wrapping first mol.:      -35.49863       25.10133       43.47678
wrapping first mol.:      -35.49863       25.10133       43.47678

 NSTEP =    24500   TIME(PS) =    1489.000  TEMP(K) =   296.25  PRESS =  -319.7
 Etot   =    -29150.6497  EKtot   =      6966.5068  EPtot      =    -36117.1566
 BOND   =       156.0569  ANGLE   =       377.4589  DIHED      =       640.9877
 1-4 NB =       182.6211  1-4 EEL =      2459.8649  VDWAALS    =      4561.6126
 EELEC  =    -44525.5697  EHBOND  =         0.0000  RESTRAINT  =        29.8111
 EAMBER (non-restraint)  =    -36146.9677
 EKCMT  =      3194.8373  VIRIAL  =      3997.1299  VOLUME     =    116224.9524
                                                    Density    =         1.0135
 ------------------------------------------------------------------------------

wrapping first mol.:      -35.50155       25.10339       43.48035
wrapping first mol.:      -35.50155       25.10339       43.48035

 NSTEP =    25000   TIME(PS) =    1490.000  TEMP(K) =   300.69  PRESS =   -32.6
 Etot   =    -29083.5738  EKtot   =      7070.9253  EPtot      =    -36154.4991
 BOND   =       136.1405  ANGLE   =       366.1048  DIHED      =       624.9537
 1-4 NB =       182.5641  1-4 EEL =      2474.9304  VDWAALS    =      4680.5296
 EELEC  =    -44646.7370  EHBOND  =         0.0000  RESTRAINT  =        27.0148
 EAMBER (non-restraint)  =    -36181.5139
 EKCMT  =      3262.3162  VIRIAL  =      3344.1789  VOLUME     =    116250.6543
                                                    Density    =         1.0133
 ------------------------------------------------------------------------------

wrapping first mol.:      -35.53886       25.12977       43.52604
wrapping first mol.:      -35.53886       25.12977       43.52604

 NSTEP =    25500   TIME(PS) =    1491.000  TEMP(K) =   300.92  PRESS =   238.8
 Etot   =    -29037.0875  EKtot   =      7076.1816  EPtot      =    -36113.2691
 BOND   =       163.1992  ANGLE   =       388.4174  DIHED      =       644.3868
 1-4 NB =       174.6692  1-4 EEL =      2471.1565  VDWAALS    =      4820.0708
 EELEC  =    -44796.5321  EHBOND  =         0.0000  RESTRAINT  =        21.3632
 EAMBER (non-restraint)  =    -36134.6323
 EKCMT  =      3302.4601  VIRIAL  =      2701.1541  VOLUME     =    116614.6969
                                                    Density    =         1.0101
 ------------------------------------------------------------------------------

wrapping first mol.:      -35.56933       25.15132       43.56337
wrapping first mol.:      -35.56933       25.15132       43.56337

 NSTEP =    26000   TIME(PS) =    1492.000  TEMP(K) =   302.01  PRESS =  -118.1
 Etot   =    -28955.7296  EKtot   =      7101.7876  EPtot      =    -36057.5172
 BOND   =       160.7497  ANGLE   =       384.8368  DIHED      =       634.7825
 1-4 NB =       178.9893  1-4 EEL =      2455.9204  VDWAALS    =      4669.1493
 EELEC  =    -44573.1791  EHBOND  =         0.0000  RESTRAINT  =        31.2339
 EAMBER (non-restraint)  =    -36088.7511
 EKCMT  =      3235.4316  VIRIAL  =      3533.5766  VOLUME     =    116918.6705
                                                    Density    =         1.0075
 ------------------------------------------------------------------------------

wrapping first mol.:      -35.57147       25.15283       43.56598
wrapping first mol.:      -35.57147       25.15283       43.56598

 NSTEP =    26500   TIME(PS) =    1493.000  TEMP(K) =   300.92  PRESS =   -67.5
 Etot   =    -28883.2138  EKtot   =      7076.3252  EPtot      =    -35959.5390
 BOND   =       157.0410  ANGLE   =       388.7162  DIHED      =       620.0600
 1-4 NB =       169.2364  1-4 EEL =      2453.6274  VDWAALS    =      4652.5496
 EELEC  =    -44430.6156  EHBOND  =         0.0000  RESTRAINT  =        29.8461
 EAMBER (non-restraint)  =    -35989.3851
 EKCMT  =      3238.9496  VIRIAL  =      3409.3741  VOLUME     =    116939.1671
                                                    Density    =         1.0073
 ------------------------------------------------------------------------------

wrapping first mol.:      -35.53604       25.12778       43.52259
wrapping first mol.:      -35.53604       25.12778       43.52259

 NSTEP =    27000   TIME(PS) =    1494.000  TEMP(K) =   299.11  PRESS =  -310.3
 Etot   =    -29133.5370  EKtot   =      7033.7197  EPtot      =    -36167.2567
 BOND   =       144.9763  ANGLE   =       418.6337  DIHED      =       645.0968
 1-4 NB =       172.7468  1-4 EEL =      2437.2107  VDWAALS    =      4645.4385
 EELEC  =    -44661.9368  EHBOND  =         0.0000  RESTRAINT  =        30.5773
 EAMBER (non-restraint)  =    -36197.8340
 EKCMT  =      3284.0448  VIRIAL  =      4065.2559  VOLUME     =    116592.6403
                                                    Density    =         1.0103
 ------------------------------------------------------------------------------

wrapping first mol.:      -35.47510       25.08469       43.44795
wrapping first mol.:      -35.47510       25.08469       43.44795

 NSTEP =    27500   TIME(PS) =    1495.000  TEMP(K) =   298.56  PRESS =   -55.6
 Etot   =    -29247.1730  EKtot   =      7020.7358  EPtot      =    -36267.9088
 BOND   =       137.0061  ANGLE   =       373.1680  DIHED      =       626.9500
 1-4 NB =       181.8341  1-4 EEL =      2447.0476  VDWAALS    =      4648.5357
 EELEC  =    -44709.7559  EHBOND  =         0.0000  RESTRAINT  =        27.3055
 EAMBER (non-restraint)  =    -36295.2143
 EKCMT  =      3235.8412  VIRIAL  =      3375.0486  VOLUME     =    115991.2098
                                                    Density    =         1.0156
 ------------------------------------------------------------------------------

wrapping first mol.:      -35.45978       25.07386       43.42919
wrapping first mol.:      -35.45978       25.07386       43.42919

 NSTEP =    28000   TIME(PS) =    1496.000  TEMP(K) =   299.69  PRESS =   194.7
 Etot   =    -29073.9343  EKtot   =      7047.3359  EPtot      =    -36121.2702
 BOND   =       161.1310  ANGLE   =       378.0479  DIHED      =       632.1849
 1-4 NB =       187.3156  1-4 EEL =      2460.9064  VDWAALS    =      4799.1906
 EELEC  =    -44775.7374  EHBOND  =         0.0000  RESTRAINT  =        35.6908
 EAMBER (non-restraint)  =    -36156.9610
 EKCMT  =      3192.1757  VIRIAL  =      2705.2182  VOLUME     =    115838.4432
                                                    Density    =         1.0169
 ------------------------------------------------------------------------------

wrapping first mol.:      -35.53095       25.12418       43.51635
wrapping first mol.:      -35.53095       25.12418       43.51635

 NSTEP =    28500   TIME(PS) =    1497.000  TEMP(K) =   298.44  PRESS =    65.1
 Etot   =    -29114.4626  EKtot   =      7018.0337  EPtot      =    -36132.4963
 BOND   =       149.4872  ANGLE   =       394.1774  DIHED      =       639.3674
 1-4 NB =       185.8382  1-4 EEL =      2456.7745  VDWAALS    =      4811.9173
 EELEC  =    -44798.7658  EHBOND  =         0.0000  RESTRAINT  =        28.7075
 EAMBER (non-restraint)  =    -36161.2038
 EKCMT  =      3237.8999  VIRIAL  =      3074.1347  VOLUME     =    116538.6263
                                                    Density    =         1.0108
 ------------------------------------------------------------------------------

wrapping first mol.:      -35.55341       25.14006       43.54386
wrapping first mol.:      -35.55341       25.14006       43.54386

 NSTEP =    29000   TIME(PS) =    1498.000  TEMP(K) =   294.50  PRESS =     4.6
 Etot   =    -29325.7670  EKtot   =      6925.1885  EPtot      =    -36250.9554
 BOND   =       140.8209  ANGLE   =       399.5246  DIHED      =       634.6428
 1-4 NB =       187.9311  1-4 EEL =      2460.8468  VDWAALS    =      4829.4793
 EELEC  =    -44934.8594  EHBOND  =         0.0000  RESTRAINT  =        30.6583
 EAMBER (non-restraint)  =    -36281.6138
 EKCMT  =      3205.3768  VIRIAL  =      3193.8247  VOLUME     =    116760.4143
                                                    Density    =         1.0089
 ------------------------------------------------------------------------------

wrapping first mol.:      -35.52014       25.11654       43.50311
wrapping first mol.:      -35.52014       25.11654       43.50311

 NSTEP =    29500   TIME(PS) =    1499.000  TEMP(K) =   302.63  PRESS =   -63.7
 Etot   =    -28921.2497  EKtot   =      7116.3730  EPtot      =    -36037.6228
 BOND   =       148.4949  ANGLE   =       427.8402  DIHED      =       636.8010
 1-4 NB =       183.9982  1-4 EEL =      2455.9602  VDWAALS    =      4665.5336
 EELEC  =    -44584.0088  EHBOND  =         0.0000  RESTRAINT  =        27.7579
 EAMBER (non-restraint)  =    -36065.3807
 EKCMT  =      3257.6959  VIRIAL  =      3417.7527  VOLUME     =    116433.6350
                                                    Density    =         1.0117
 ------------------------------------------------------------------------------

wrapping first mol.:      -35.50318       25.10455       43.48235
wrapping first mol.:      -35.50318       25.10455       43.48235

 NSTEP =    30000   TIME(PS) =    1500.000  TEMP(K) =   302.09  PRESS =    82.0
 Etot   =    -28985.2297  EKtot   =      7103.6729  EPtot      =    -36088.9025
 BOND   =       154.2472  ANGLE   =       370.7047  DIHED      =       645.4613
 1-4 NB =       173.7070  1-4 EEL =      2457.8494  VDWAALS    =      4786.7939
 EELEC  =    -44706.8618  EHBOND  =         0.0000  RESTRAINT  =        29.1958
 EAMBER (non-restraint)  =    -36118.0983
 EKCMT  =      3312.1048  VIRIAL  =      3106.3457  VOLUME     =    116265.4631
                                                    Density    =         1.0132
 ------------------------------------------------------------------------------

wrapping first mol.:      -35.50730       25.10746       43.48739
wrapping first mol.:      -35.50730       25.10746       43.48739

 NSTEP =    30500   TIME(PS) =    1501.000  TEMP(K) =   300.03  PRESS =    30.2
 Etot   =    -29054.2981  EKtot   =      7055.4355  EPtot      =    -36109.7337
 BOND   =       145.8594  ANGLE   =       389.9779  DIHED      =       645.5509
 1-4 NB =       179.7418  1-4 EEL =      2440.7732  VDWAALS    =      4811.9551
 EELEC  =    -44750.3039  EHBOND  =         0.0000  RESTRAINT  =        26.7121
 EAMBER (non-restraint)  =    -36136.4458
 EKCMT  =      3277.9757  VIRIAL  =      3202.2469  VOLUME     =    116306.4439
                                                    Density    =         1.0128
 ------------------------------------------------------------------------------

wrapping first mol.:      -35.53455       25.12673       43.52077
wrapping first mol.:      -35.53455       25.12673       43.52077

 NSTEP =    31000   TIME(PS) =    1502.000  TEMP(K) =   297.34  PRESS =   -98.2
 Etot   =    -29207.1916  EKtot   =      6992.0986  EPtot      =    -36199.2903
 BOND   =       146.6233  ANGLE   =       412.0963  DIHED      =       643.6348
 1-4 NB =       179.0232  1-4 EEL =      2470.9145  VDWAALS    =      4730.2517
 EELEC  =    -44808.1200  EHBOND  =         0.0000  RESTRAINT  =        26.2860
 EAMBER (non-restraint)  =    -36225.5763
 EKCMT  =      3220.0499  VIRIAL  =      3467.3092  VOLUME     =    116575.8093
                                                    Density    =         1.0105
 ------------------------------------------------------------------------------

wrapping first mol.:      -35.56100       25.14543       43.55316
wrapping first mol.:      -35.56100       25.14543       43.55316

 NSTEP =    31500   TIME(PS) =    1503.000  TEMP(K) =   303.54  PRESS =   146.6
 Etot   =    -28800.6657  EKtot   =      7137.8721  EPtot      =    -35938.5378
 BOND   =       148.8770  ANGLE   =       417.3284  DIHED      =       630.2908
 1-4 NB =       177.6686  1-4 EEL =      2466.6542  VDWAALS    =      4692.1208
 EELEC  =    -44500.7483  EHBOND  =         0.0000  RESTRAINT  =        29.2708
 EAMBER (non-restraint)  =    -35967.8086
 EKCMT  =      3284.1915  VIRIAL  =      2914.4346  VOLUME     =    116833.7754
                                                    Density    =         1.0082
 ------------------------------------------------------------------------------

wrapping first mol.:      -35.56618       25.14909       43.55950
wrapping first mol.:      -35.56618       25.14909       43.55950

 NSTEP =    32000   TIME(PS) =    1504.000  TEMP(K) =   301.61  PRESS =  -428.6
 Etot   =    -29000.5106  EKtot   =      7092.5845  EPtot      =    -36093.0951
 BOND   =       142.7891  ANGLE   =       408.9412  DIHED      =       637.3822
 1-4 NB =       177.6685  1-4 EEL =      2476.8966  VDWAALS    =      4593.0283
 EELEC  =    -44561.6277  EHBOND  =         0.0000  RESTRAINT  =        31.8266
 EAMBER (non-restraint)  =    -36124.9217
 EKCMT  =      3229.7674  VIRIAL  =      4311.4705  VOLUME     =    116890.8191
                                                    Density    =         1.0077
 ------------------------------------------------------------------------------

wrapping first mol.:      -35.57124       25.15267       43.56570
wrapping first mol.:      -35.57124       25.15267       43.56570

 NSTEP =    32500   TIME(PS) =    1505.000  TEMP(K) =   297.30  PRESS =    -7.5
 Etot   =    -29159.0553  EKtot   =      6991.0786  EPtot      =    -36150.1339
 BOND   =       152.0004  ANGLE   =       383.3250  DIHED      =       629.2458
 1-4 NB =       178.4237  1-4 EEL =      2463.3547  VDWAALS    =      4777.6697
 EELEC  =    -44761.5438  EHBOND  =         0.0000  RESTRAINT  =        27.3906
 EAMBER (non-restraint)  =    -36177.5244
 EKCMT  =      3168.5204  VIRIAL  =      3187.5148  VOLUME     =    116936.2701
                                                    Density    =         1.0073
 ------------------------------------------------------------------------------

wrapping first mol.:      -35.57040       25.15208       43.56467
wrapping first mol.:      -35.57040       25.15208       43.56467

 NSTEP =    33000   TIME(PS) =    1506.000  TEMP(K) =   301.86  PRESS =  -116.9
 Etot   =    -28992.1544  EKtot   =      7098.3193  EPtot      =    -36090.4737
 BOND   =       151.5660  ANGLE   =       420.4346  DIHED      =       649.2948
 1-4 NB =       180.6981  1-4 EEL =      2444.7913  VDWAALS    =      4664.4062
 EELEC  =    -44633.9071  EHBOND  =         0.0000  RESTRAINT  =        32.2423
 EAMBER (non-restraint)  =    -36122.7161
 EKCMT  =      3256.0468  VIRIAL  =      3551.2634  VOLUME     =    116929.1573
                                                    Density    =         1.0074
 ------------------------------------------------------------------------------

wrapping first mol.:      -35.55241       25.13936       43.54264
wrapping first mol.:      -35.55241       25.13936       43.54264

 NSTEP =    33500   TIME(PS) =    1507.000  TEMP(K) =   294.45  PRESS =   234.5
 Etot   =    -29115.2255  EKtot   =      6924.0659  EPtot      =    -36039.2915
 BOND   =       159.4923  ANGLE   =       364.4540  DIHED      =       629.8758
 1-4 NB =       178.4438  1-4 EEL =      2488.1262  VDWAALS    =      4776.0840
 EELEC  =    -44667.7638  EHBOND  =         0.0000  RESTRAINT  =        31.9963
 EAMBER (non-restraint)  =    -36071.2878
 EKCMT  =      3152.9709  VIRIAL  =      2561.7957  VOLUME     =    116748.2156
                                                    Density    =         1.0090
 ------------------------------------------------------------------------------

wrapping first mol.:      -35.55579       25.14174       43.54677
wrapping first mol.:      -35.55579       25.14174       43.54677

 NSTEP =    34000   TIME(PS) =    1508.000  TEMP(K) =   300.59  PRESS =     8.9
 Etot   =    -28969.6519  EKtot   =      7068.6128  EPtot      =    -36038.2647
 BOND   =       139.1957  ANGLE   =       418.9630  DIHED      =       632.9781
 1-4 NB =       177.0080  1-4 EEL =      2465.5220  VDWAALS    =      4716.2403
 EELEC  =    -44613.0110  EHBOND  =         0.0000  RESTRAINT  =        24.8394
 EAMBER (non-restraint)  =    -36063.1040
 EKCMT  =      3249.2329  VIRIAL  =      3226.7370  VOLUME     =    116783.8103
                                                    Density    =         1.0087
 ------------------------------------------------------------------------------

wrapping first mol.:      -35.58407       25.16174       43.58141
wrapping first mol.:      -35.58407       25.16174       43.58141

 NSTEP =    34500   TIME(PS) =    1509.000  TEMP(K) =   297.13  PRESS =   -30.5
 Etot   =    -29015.4949  EKtot   =      6987.0591  EPtot      =    -36002.5540
 BOND   =       167.4276  ANGLE   =       389.8814  DIHED      =       640.2894
 1-4 NB =       173.3812  1-4 EEL =      2456.8507  VDWAALS    =      4709.2223
 EELEC  =    -44570.9388  EHBOND  =         0.0000  RESTRAINT  =        31.3322
 EAMBER (non-restraint)  =    -36033.8861
 EKCMT  =      3215.1761  VIRIAL  =      3292.3380  VOLUME     =    117063.1167
                                                    Density    =         1.0063
 ------------------------------------------------------------------------------

wrapping first mol.:      -35.60355       25.17551       43.60527
wrapping first mol.:      -35.60355       25.17551       43.60527

 NSTEP =    35000   TIME(PS) =    1510.000  TEMP(K) =   303.15  PRESS =   291.9
 Etot   =    -29066.4191  EKtot   =      7128.8066  EPtot      =    -36195.2257
 BOND   =       129.6402  ANGLE   =       373.8689  DIHED      =       630.9601
 1-4 NB =       185.0836  1-4 EEL =      2476.5174  VDWAALS    =      4893.5485
 EELEC  =    -44908.3111  EHBOND  =         0.0000  RESTRAINT  =        23.4667
 EAMBER (non-restraint)  =    -36218.6925
 EKCMT  =      3293.6549  VIRIAL  =      2554.7439  VOLUME     =    117252.0619
                                                    Density    =         1.0046
 ------------------------------------------------------------------------------

wrapping first mol.:      -35.58393       25.16165       43.58124
wrapping first mol.:      -35.58393       25.16165       43.58124

 NSTEP =    35500   TIME(PS) =    1511.000  TEMP(K) =   300.28  PRESS =   -40.9
 Etot   =    -29150.5774  EKtot   =      7061.3193  EPtot      =    -36211.8968
 BOND   =       135.0698  ANGLE   =       350.6062  DIHED      =       639.8435
 1-4 NB =       188.0102  1-4 EEL =      2452.6938  VDWAALS    =      4650.8384
 EELEC  =    -44658.0276  EHBOND  =         0.0000  RESTRAINT  =        29.0689
 EAMBER (non-restraint)  =    -36240.9657
 EKCMT  =      3320.1522  VIRIAL  =      3423.4586  VOLUME     =    117061.8707
                                                    Density    =         1.0063
 ------------------------------------------------------------------------------

wrapping first mol.:      -35.55437       25.14074       43.54504
wrapping first mol.:      -35.55437       25.14074       43.54504

 NSTEP =    36000   TIME(PS) =    1512.000  TEMP(K) =   303.38  PRESS =    19.7
 Etot   =    -29028.5150  EKtot   =      7134.1172  EPtot      =    -36162.6322
 BOND   =       140.7551  ANGLE   =       401.2084  DIHED      =       632.5200
 1-4 NB =       173.7132  1-4 EEL =      2476.9719  VDWAALS    =      4764.1593
 EELEC  =    -44783.4873  EHBOND  =         0.0000  RESTRAINT  =        31.5273
 EAMBER (non-restraint)  =    -36194.1595
 EKCMT  =      3280.3279  VIRIAL  =      3230.7299  VOLUME     =    116769.7679
                                                    Density    =         1.0088
 ------------------------------------------------------------------------------

wrapping first mol.:      -35.54619       25.13496       43.53502
wrapping first mol.:      -35.54619       25.13496       43.53502

 NSTEP =    36500   TIME(PS) =    1513.000  TEMP(K) =   297.89  PRESS =    -3.1
 Etot   =    -29069.0209  EKtot   =      7005.0513  EPtot      =    -36074.0722
 BOND   =       136.4403  ANGLE   =       405.2744  DIHED      =       619.3037
 1-4 NB =       179.2232  1-4 EEL =      2456.1646  VDWAALS    =      4703.0075
 EELEC  =    -44601.3870  EHBOND  =         0.0000  RESTRAINT  =        27.9012
 EAMBER (non-restraint)  =    -36101.9733
 EKCMT  =      3201.2149  VIRIAL  =      3209.0316  VOLUME     =    116689.3928
                                                    Density    =         1.0095
 ------------------------------------------------------------------------------

wrapping first mol.:      -35.54904       25.13697       43.53850
wrapping first mol.:      -35.54904       25.13697       43.53850

 NSTEP =    37000   TIME(PS) =    1514.000  TEMP(K) =   302.36  PRESS =  -208.9
 Etot   =    -28881.3435  EKtot   =      7110.2305  EPtot      =    -35991.5740
 BOND   =       157.0254  ANGLE   =       397.9916  DIHED      =       624.5046
 1-4 NB =       175.8820  1-4 EEL =      2497.1758  VDWAALS    =      4574.1312
 EELEC  =    -44445.3162  EHBOND  =         0.0000  RESTRAINT  =        27.0318
 EAMBER (non-restraint)  =    -36018.6058
 EKCMT  =      3269.3562  VIRIAL  =      3795.8641  VOLUME     =    116719.5516
                                                    Density    =         1.0092
 ------------------------------------------------------------------------------

wrapping first mol.:      -35.50006       25.10233       43.47852
wrapping first mol.:      -35.50006       25.10233       43.47852

 NSTEP =    37500   TIME(PS) =    1515.000  TEMP(K) =   300.22  PRESS =    65.1
 Etot   =    -29028.7418  EKtot   =      7059.8228  EPtot      =    -36088.5645
 BOND   =       138.1199  ANGLE   =       396.0410  DIHED      =       636.8319
 1-4 NB =       175.4604  1-4 EEL =      2482.1568  VDWAALS    =      4749.7897
 EELEC  =    -44693.1858  EHBOND  =         0.0000  RESTRAINT  =        26.2216
 EAMBER (non-restraint)  =    -36114.7861
 EKCMT  =      3230.5357  VIRIAL  =      3067.2156  VOLUME     =    116234.9185
                                                    Density    =         1.0134
 ------------------------------------------------------------------------------

wrapping first mol.:      -35.51278       25.11133       43.49410
wrapping first mol.:      -35.51278       25.11133       43.49410

 NSTEP =    38000   TIME(PS) =    1516.000  TEMP(K) =   295.09  PRESS =    69.0
 Etot   =    -29087.6098  EKtot   =      6939.2271  EPtot      =    -36026.8368
 BOND   =       146.9328  ANGLE   =       403.5598  DIHED      =       635.6669
 1-4 NB =       183.8042  1-4 EEL =      2482.5560  VDWAALS    =      4784.2124
 EELEC  =    -44694.2691  EHBOND  =         0.0000  RESTRAINT  =        30.7002
 EAMBER (non-restraint)  =    -36057.5371
 EKCMT  =      3149.9973  VIRIAL  =      2976.5292  VOLUME     =    116359.8910
                                                    Density    =         1.0123
 ------------------------------------------------------------------------------

wrapping first mol.:      -35.50310       25.10449       43.48224
wrapping first mol.:      -35.50310       25.10449       43.48224

 NSTEP =    38500   TIME(PS) =    1517.000  TEMP(K) =   302.13  PRESS =  -207.3
 Etot   =    -29188.8843  EKtot   =      7104.7021  EPtot      =    -36293.5864
 BOND   =       150.9021  ANGLE   =       398.1054  DIHED      =       632.7114
 1-4 NB =       176.5536  1-4 EEL =      2438.3520  VDWAALS    =      4697.5274
 EELEC  =    -44820.2331  EHBOND  =         0.0000  RESTRAINT  =        32.4950
 EAMBER (non-restraint)  =    -36326.0814
 EKCMT  =      3298.3131  VIRIAL  =      3818.6505  VOLUME     =    116267.6405
                                                    Density    =         1.0131
 ------------------------------------------------------------------------------

wrapping first mol.:      -35.53373       25.12615       43.51976
wrapping first mol.:      -35.53373       25.12615       43.51976

 NSTEP =    39000   TIME(PS) =    1518.000  TEMP(K) =   302.25  PRESS =  -115.3
 Etot   =    -28984.8707  EKtot   =      7107.5337  EPtot      =    -36092.4044
 BOND   =       132.7322  ANGLE   =       393.7389  DIHED      =       633.1344
 1-4 NB =       168.7370  1-4 EEL =      2456.3713  VDWAALS    =      4700.2081
 EELEC  =    -44609.2994  EHBOND  =         0.0000  RESTRAINT  =        31.9731
 EAMBER (non-restraint)  =    -36124.3775
 EKCMT  =      3280.0003  VIRIAL  =      3570.1404  VOLUME     =    116567.8779
                                                    Density    =         1.0105
 ------------------------------------------------------------------------------

wrapping first mol.:      -35.57771       25.15725       43.57362
wrapping first mol.:      -35.57771       25.15725       43.57362

 NSTEP =    39500   TIME(PS) =    1519.000  TEMP(K) =   300.03  PRESS =   -42.8
 Etot   =    -28950.9547  EKtot   =      7055.3447  EPtot      =    -36006.2994
 BOND   =       157.9223  ANGLE   =       410.5099  DIHED      =       635.4791
 1-4 NB =       183.3564  1-4 EEL =      2461.7994  VDWAALS    =      4693.5896
 EELEC  =    -44579.7538  EHBOND  =         0.0000  RESTRAINT  =        30.7977
 EAMBER (non-restraint)  =    -36037.0971
 EKCMT  =      3213.2817  VIRIAL  =      3321.5002  VOLUME     =    117000.4940
                                                    Density    =         1.0068
 ------------------------------------------------------------------------------

wrapping first mol.:      -35.57643       25.15634       43.57205
wrapping first mol.:      -35.57643       25.15634       43.57205

 NSTEP =    40000   TIME(PS) =    1520.000  TEMP(K) =   298.61  PRESS =    45.8
 Etot   =    -29013.3576  EKtot   =      7022.0464  EPtot      =    -36035.4040
 BOND   =       166.8698  ANGLE   =       373.6263  DIHED      =       636.9960
 1-4 NB =       176.6254  1-4 EEL =      2467.3593  VDWAALS    =      4826.8036
 EELEC  =    -44714.4520  EHBOND  =         0.0000  RESTRAINT  =        30.7674
 EAMBER (non-restraint)  =    -36066.1714
 EKCMT  =      3228.1177  VIRIAL  =      3112.3758  VOLUME     =    116986.9109
                                                    Density    =         1.0069
 ------------------------------------------------------------------------------

wrapping first mol.:      -35.58071       25.15937       43.57730
wrapping first mol.:      -35.58071       25.15937       43.57730

 NSTEP =    40500   TIME(PS) =    1521.000  TEMP(K) =   295.87  PRESS =  -120.4
 Etot   =    -29292.2212  EKtot   =      6957.4497  EPtot      =    -36249.6709
 BOND   =       150.9487  ANGLE   =       419.3273  DIHED      =       633.7055
 1-4 NB =       187.3594  1-4 EEL =      2461.2243  VDWAALS    =      4769.7043
 EELEC  =    -44910.3155  EHBOND  =         0.0000  RESTRAINT  =        38.3752
 EAMBER (non-restraint)  =    -36288.0461
 EKCMT  =      3203.8779  VIRIAL  =      3508.1694  VOLUME     =    117030.9201
                                                    Density    =         1.0065
 ------------------------------------------------------------------------------

wrapping first mol.:      -35.55984       25.14461       43.55174
wrapping first mol.:      -35.55984       25.14461       43.55174

 NSTEP =    41000   TIME(PS) =    1522.000  TEMP(K) =   300.69  PRESS =  -179.1
 Etot   =    -29044.1956  EKtot   =      7070.8057  EPtot      =    -36115.0013
 BOND   =       142.6807  ANGLE   =       424.7345  DIHED      =       631.8060
 1-4 NB =       176.0512  1-4 EEL =      2470.9047  VDWAALS    =      4682.9501
 EELEC  =    -44672.4328  EHBOND  =         0.0000  RESTRAINT  =        28.3042
 EAMBER (non-restraint)  =    -36143.3055
 EKCMT  =      3229.2971  VIRIAL  =      3681.0062  VOLUME     =    116825.7024
                                                    Density    =         1.0083
 ------------------------------------------------------------------------------

wrapping first mol.:      -35.60272       25.17493       43.60426
wrapping first mol.:      -35.60272       25.17493       43.60426

 NSTEP =    41500   TIME(PS) =    1523.000  TEMP(K) =   301.00  PRESS =    10.5
 Etot   =    -29068.2693  EKtot   =      7078.1353  EPtot      =    -36146.4045
 BOND   =       163.4074  ANGLE   =       360.1406  DIHED      =       626.2840
 1-4 NB =       179.4672  1-4 EEL =      2463.2506  VDWAALS    =      4748.4039
 EELEC  =    -44719.7546  EHBOND  =         0.0000  RESTRAINT  =        32.3964
 EAMBER (non-restraint)  =    -36178.8009
 EKCMT  =      3204.0716  VIRIAL  =      3177.6025  VOLUME     =    117246.8592
                                                    Density    =         1.0047
 ------------------------------------------------------------------------------

wrapping first mol.:      -35.62516       25.19079       43.63173
wrapping first mol.:      -35.62516       25.19079       43.63173

 NSTEP =    42000   TIME(PS) =    1524.000  TEMP(K) =   300.80  PRESS =  -301.6
 Etot   =    -28814.3450  EKtot   =      7073.3271  EPtot      =    -35887.6722
 BOND   =       147.8759  ANGLE   =       411.4015  DIHED      =       628.5299
 1-4 NB =       176.9790  1-4 EEL =      2450.4326  VDWAALS    =      4594.3392
 EELEC  =    -44322.8992  EHBOND  =         0.0000  RESTRAINT  =        25.6689
 EAMBER (non-restraint)  =    -35913.3411
 EKCMT  =      3236.9050  VIRIAL  =      4001.8099  VOLUME     =    117471.9174
                                                    Density    =         1.0028
 ------------------------------------------------------------------------------

wrapping first mol.:      -35.63164       25.19538       43.63967
wrapping first mol.:      -35.63164       25.19538       43.63967

 NSTEP =    42500   TIME(PS) =    1525.000  TEMP(K) =   300.19  PRESS =    25.3
 Etot   =    -28993.0890  EKtot   =      7059.2051  EPtot      =    -36052.2941
 BOND   =       140.6406  ANGLE   =       364.1700  DIHED      =       629.9413
 1-4 NB =       185.8313  1-4 EEL =      2476.6304  VDWAALS    =      4773.6780
 EELEC  =    -44651.8509  EHBOND  =         0.0000  RESTRAINT  =        28.6652
 EAMBER (non-restraint)  =    -36080.9593
 EKCMT  =      3248.9803  VIRIAL  =      3184.7552  VOLUME     =    117532.6136
                                                    Density    =         1.0022
 ------------------------------------------------------------------------------

wrapping first mol.:      -35.60654       25.17763       43.60893
wrapping first mol.:      -35.60654       25.17763       43.60893

 NSTEP =    43000   TIME(PS) =    1526.000  TEMP(K) =   298.89  PRESS =   179.8
 Etot   =    -29076.7815  EKtot   =      7028.6025  EPtot      =    -36105.3840
 BOND   =       133.7398  ANGLE   =       398.8849  DIHED      =       637.5419
 1-4 NB =       179.1799  1-4 EEL =      2453.1109  VDWAALS    =      4792.1644
 EELEC  =    -44733.8504  EHBOND  =         0.0000  RESTRAINT  =        33.8445
 EAMBER (non-restraint)  =    -36139.2286
 EKCMT  =      3226.2390  VIRIAL  =      2770.8533  VOLUME     =    117282.8021
                                                    Density    =         1.0044
 ------------------------------------------------------------------------------

wrapping first mol.:      -35.56141       25.14572       43.55366
wrapping first mol.:      -35.56141       25.14572       43.55366

 NSTEP =    43500   TIME(PS) =    1527.000  TEMP(K) =   303.10  PRESS =    73.1
 Etot   =    -28922.4321  EKtot   =      7127.4297  EPtot      =    -36049.8618
 BOND   =       143.2042  ANGLE   =       370.6827  DIHED      =       639.8471
 1-4 NB =       181.5767  1-4 EEL =      2472.8564  VDWAALS    =      4756.3814
 EELEC  =    -44641.5301  EHBOND  =         0.0000  RESTRAINT  =        27.1198
 EAMBER (non-restraint)  =    -36076.9816
 EKCMT  =      3268.9637  VIRIAL  =      3084.4302  VOLUME     =    116838.5122
                                                    Density    =         1.0082
 ------------------------------------------------------------------------------

wrapping first mol.:      -35.55676       25.14243       43.54796
wrapping first mol.:      -35.55676       25.14243       43.54796

 NSTEP =    44000   TIME(PS) =    1528.000  TEMP(K) =   300.44  PRESS =   -40.5
 Etot   =    -28934.3910  EKtot   =      7064.9272  EPtot      =    -35999.3183
 BOND   =       152.7237  ANGLE   =       380.8826  DIHED      =       634.6901
 1-4 NB =       186.2230  1-4 EEL =      2476.1553  VDWAALS    =      4698.7764
 EELEC  =    -44553.5944  EHBOND  =         0.0000  RESTRAINT  =        24.8250
 EAMBER (non-restraint)  =    -36024.1433
 EKCMT  =      3247.0416  VIRIAL  =      3349.2249  VOLUME     =    116793.8670
                                                    Density    =         1.0086
 ------------------------------------------------------------------------------

wrapping first mol.:      -35.52288       25.11847       43.50647
wrapping first mol.:      -35.52288       25.11847       43.50647

 NSTEP =    44500   TIME(PS) =    1529.000  TEMP(K) =   303.79  PRESS =   -86.3
 Etot   =    -28871.6502  EKtot   =      7143.6567  EPtot      =    -36015.3069
 BOND   =       139.8171  ANGLE   =       401.8794  DIHED      =       644.5087
 1-4 NB =       184.4787  1-4 EEL =      2463.6701  VDWAALS    =      4645.1563
 EELEC  =    -44530.4700  EHBOND  =         0.0000  RESTRAINT  =        35.6529
 EAMBER (non-restraint)  =    -36050.9598
 EKCMT  =      3270.3077  VIRIAL  =      3487.2955  VOLUME     =    116460.8385
                                                    Density    =         1.0115
 ------------------------------------------------------------------------------

wrapping first mol.:      -35.53253       25.12530       43.51829
wrapping first mol.:      -35.53253       25.12530       43.51829

 NSTEP =    45000   TIME(PS) =    1530.000  TEMP(K) =   305.61  PRESS =   180.3
 Etot   =    -28848.9844  EKtot   =      7186.6328  EPtot      =    -36035.6172
 BOND   =       156.7278  ANGLE   =       375.4706  DIHED      =       632.2759
 1-4 NB =       176.3881  1-4 EEL =      2462.4933  VDWAALS    =      4764.3944
 EELEC  =    -44631.5999  EHBOND  =         0.0000  RESTRAINT  =        28.2325
 EAMBER (non-restraint)  =    -36063.8497
 EKCMT  =      3323.6790  VIRIAL  =      2870.0595  VOLUME     =    116553.0457
                                                    Density    =         1.0107
 ------------------------------------------------------------------------------

wrapping first mol.:      -35.55341       25.14006       43.54386
wrapping first mol.:      -35.55341       25.14006       43.54386

 NSTEP =    45500   TIME(PS) =    1531.000  TEMP(K) =   296.69  PRESS =  -114.4
 Etot   =    -29014.8330  EKtot   =      6976.7056  EPtot      =    -35991.5386
 BOND   =       148.9856  ANGLE   =       383.3352  DIHED      =       635.8815
 1-4 NB =       176.1139  1-4 EEL =      2475.9236  VDWAALS    =      4640.1460
 EELEC  =    -44479.1261  EHBOND  =         0.0000  RESTRAINT  =        27.2017
 EAMBER (non-restraint)  =    -36018.7402
 EKCMT  =      3219.7826  VIRIAL  =      3508.1172  VOLUME     =    116761.6816
                                                    Density    =         1.0089
 ------------------------------------------------------------------------------

wrapping first mol.:      -35.57153       25.15287       43.56605
wrapping first mol.:      -35.57153       25.15287       43.56605

 NSTEP =    46000   TIME(PS) =    1532.000  TEMP(K) =   297.34  PRESS =    89.7
 Etot   =    -29035.8843  EKtot   =      6992.1704  EPtot      =    -36028.0547
 BOND   =       146.0593  ANGLE   =       388.4866  DIHED      =       630.2470
 1-4 NB =       185.4531  1-4 EEL =      2490.4129  VDWAALS    =      4782.0356
 EELEC  =    -44679.4971  EHBOND  =         0.0000  RESTRAINT  =        28.7479
 EAMBER (non-restraint)  =    -36056.8026
 EKCMT  =      3196.0659  VIRIAL  =      2969.6204  VOLUME     =    116938.1100
                                                    Density    =         1.0073
 ------------------------------------------------------------------------------

wrapping first mol.:      -35.56962       25.15153       43.56372
wrapping first mol.:      -35.56962       25.15153       43.56372

 NSTEP =    46500   TIME(PS) =    1533.000  TEMP(K) =   300.30  PRESS =   225.9
 Etot   =    -28919.1765  EKtot   =      7061.6182  EPtot      =    -35980.7946
 BOND   =       160.4317  ANGLE   =       406.0130  DIHED      =       623.1797
 1-4 NB =       169.9328  1-4 EEL =      2478.5627  VDWAALS    =      4843.1528
 EELEC  =    -44695.5656  EHBOND  =         0.0000  RESTRAINT  =        33.4984
 EAMBER (non-restraint)  =    -36014.2930
 EKCMT  =      3266.5057  VIRIAL  =      2696.1909  VOLUME     =    116917.9195
                                                    Density    =         1.0075
 ------------------------------------------------------------------------------

wrapping first mol.:      -35.54411       25.13348       43.53247
wrapping first mol.:      -35.54411       25.13348       43.53247

 NSTEP =    47000   TIME(PS) =    1534.000  TEMP(K) =   299.90  PRESS =  -183.0
 Etot   =    -28998.1708  EKtot   =      7052.2466  EPtot      =    -36050.4174
 BOND   =       146.2690  ANGLE   =       376.3743  DIHED      =       631.1062
 1-4 NB =       192.5024  1-4 EEL =      2479.7758  VDWAALS    =      4587.9552
 EELEC  =    -44491.9756  EHBOND  =         0.0000  RESTRAINT  =        27.5753
 EAMBER (non-restraint)  =    -36077.9927
 EKCMT  =      3265.8382  VIRIAL  =      3726.7250  VOLUME     =    116670.7478
                                                    Density    =         1.0096
 ------------------------------------------------------------------------------

wrapping first mol.:      -35.52152       25.11751       43.50480
wrapping first mol.:      -35.52152       25.11751       43.50480

 NSTEP =    47500   TIME(PS) =    1535.000  TEMP(K) =   305.77  PRESS =    96.6
 Etot   =    -28923.7435  EKtot   =      7190.3071  EPtot      =    -36114.0506
 BOND   =       142.8233  ANGLE   =       378.8847  DIHED      =       624.0024
 1-4 NB =       181.1516  1-4 EEL =      2456.9598  VDWAALS    =      4715.2078
 EELEC  =    -44644.9820  EHBOND  =         0.0000  RESTRAINT  =        31.9017
 EAMBER (non-restraint)  =    -36145.9523
 EKCMT  =      3330.0913  VIRIAL  =      3087.2844  VOLUME     =    116445.5348
                                                    Density    =         1.0116
 ------------------------------------------------------------------------------

wrapping first mol.:      -35.54915       25.13705       43.53864
wrapping first mol.:      -35.54915       25.13705       43.53864

 NSTEP =    48000   TIME(PS) =    1536.000  TEMP(K) =   298.34  PRESS =    82.8
 Etot   =    -29152.3759  EKtot   =      7015.5991  EPtot      =    -36167.9750
 BOND   =       139.7204  ANGLE   =       426.0029  DIHED      =       631.2708
 1-4 NB =       177.9761  1-4 EEL =      2457.7130  VDWAALS    =      4824.8946
 EELEC  =    -44852.2104  EHBOND  =         0.0000  RESTRAINT  =        26.6575
 EAMBER (non-restraint)  =    -36194.6325
 EKCMT  =      3239.4752  VIRIAL  =      3030.8644  VOLUME     =    116717.6084
                                                    Density    =         1.0092
 ------------------------------------------------------------------------------

wrapping first mol.:      -35.55034       25.13789       43.54010
wrapping first mol.:      -35.55034       25.13789       43.54010

 NSTEP =    48500   TIME(PS) =    1537.000  TEMP(K) =   298.15  PRESS =  -154.7
 Etot   =    -29041.7845  EKtot   =      7011.2070  EPtot      =    -36052.9915
 BOND   =       152.9794  ANGLE   =       410.4833  DIHED      =       635.6441
 1-4 NB =       176.1180  1-4 EEL =      2452.5196  VDWAALS    =      4640.3108
 EELEC  =    -44550.8281  EHBOND  =         0.0000  RESTRAINT  =        29.7814
 EAMBER (non-restraint)  =    -36082.7729
 EKCMT  =      3235.5971  VIRIAL  =      3625.4435  VOLUME     =    116731.8534
                                                    Density    =         1.0091
 ------------------------------------------------------------------------------

wrapping first mol.:      -35.52331       25.11878       43.50700
wrapping first mol.:      -35.52331       25.11878       43.50700

 NSTEP =    49000   TIME(PS) =    1538.000  TEMP(K) =   298.45  PRESS =   153.1
 Etot   =    -28939.0378  EKtot   =      7018.2559  EPtot      =    -35957.2937
 BOND   =       155.2457  ANGLE   =       399.0425  DIHED      =       645.7841
 1-4 NB =       166.2064  1-4 EEL =      2443.3843  VDWAALS    =      4736.9392
 EELEC  =    -44534.0010  EHBOND  =         0.0000  RESTRAINT  =        30.1051
 EAMBER (non-restraint)  =    -35987.3988
 EKCMT  =      3186.3743  VIRIAL  =      2801.2794  VOLUME     =    116462.5602
                                                    Density    =         1.0114
 ------------------------------------------------------------------------------

wrapping first mol.:      -35.52932       25.12303       43.51435
wrapping first mol.:      -35.52932       25.12303       43.51435

 NSTEP =    49500   TIME(PS) =    1539.000  TEMP(K) =   295.79  PRESS =  -172.3
 Etot   =    -29056.1781  EKtot   =      6955.6465  EPtot      =    -36011.8245
 BOND   =       144.5886  ANGLE   =       395.2836  DIHED      =       635.2285
 1-4 NB =       173.3302  1-4 EEL =      2418.2345  VDWAALS    =      4722.0755
 EELEC  =    -44527.5742  EHBOND  =         0.0000  RESTRAINT  =        27.0088
 EAMBER (non-restraint)  =    -36038.8333
 EKCMT  =      3198.5611  VIRIAL  =      3632.1344  VOLUME     =    116525.0416
                                                    Density    =         1.0109
 ------------------------------------------------------------------------------

wrapping first mol.:      -35.50199       25.10370       43.48088
wrapping first mol.:      -35.50199       25.10370       43.48088

 NSTEP =    50000   TIME(PS) =    1540.000  TEMP(K) =   299.27  PRESS =    80.6
 Etot   =    -28899.5458  EKtot   =      7037.3892  EPtot      =    -35936.9350
 BOND   =       145.1910  ANGLE   =       402.5878  DIHED      =       621.8008
 1-4 NB =       179.8625  1-4 EEL =      2456.9902  VDWAALS    =      4645.0761
 EELEC  =    -44415.7441  EHBOND  =         0.0000  RESTRAINT  =        27.3006
 EAMBER (non-restraint)  =    -35964.2356
 EKCMT  =      3263.4120  VIRIAL  =      3061.2082  VOLUME     =    116253.7386
                                                    Density    =         1.0133
 ------------------------------------------------------------------------------


      A V E R A G E S   O V E R     100 S T E P S


 NSTEP =    50000   TIME(PS) =    1540.000  TEMP(K) =   300.09  PRESS =   -17.9
 Etot   =    -29020.7606  EKtot   =      7056.8190  EPtot      =    -36077.5796
 BOND   =       147.6933  ANGLE   =       396.4234  DIHED      =       634.8071
 1-4 NB =       179.5280  1-4 EEL =      2462.6497  VDWAALS    =      4713.9275
 EELEC  =    -44642.5726  EHBOND  =         0.0000  RESTRAINT  =        29.9640
 EAMBER (non-restraint)  =    -36107.5436
 EKCMT  =      3248.7697  VIRIAL  =      3293.9150  VOLUME     =    116751.9129
                                                    Density    =         1.0089
 ------------------------------------------------------------------------------


      R M S  F L U C T U A T I O N S


 NSTEP =    50000   TIME(PS) =    1540.000  TEMP(K) =     2.76  PRESS =   156.3
 Etot   =       111.8228  EKtot   =        64.7946  EPtot      =        81.5123
 BOND   =         9.5861  ANGLE   =        17.4903  DIHED      =         7.3983
 1-4 NB =         5.4751  1-4 EEL =        14.2672  VDWAALS    =        77.0724
 EELEC  =       128.2927  EHBOND  =         0.0000  RESTRAINT  =         3.1780
 EAMBER (non-restraint)  =        78.3342
 EKCMT  =        41.5004  VIRIAL  =       390.1601  VOLUME     =       300.2494
                                                    Density    =         0.0026
 ------------------------------------------------------------------------------

--------------------------------------------------------------------------------
   5.  TIMINGS
--------------------------------------------------------------------------------

|  NonSetup CPU Time in Major Routines:
|
|     Routine           Sec        %
|     ------------------------------
|     Nonbond          69.45   88.47
|     Bond              0.00    0.00
|     Angle             0.00    0.00
|     Dihedral          0.00    0.00
|     Shake             0.27    0.34
|     RunMD             8.74   11.13
|     Other             0.04    0.05
|     ------------------------------
|     Total            78.50

|  PME Nonbond Pairlist CPU Time:
|
|     Routine              Sec        %
|     ---------------------------------
|     Set Up Cit           0.00    0.00
|     Build List           0.00    0.00
|     ---------------------------------
|     Total                0.00    0.00

|  PME Direct Force CPU Time:
|
|     Routine              Sec        %
|     ---------------------------------
|     NonBonded Calc       0.00    0.00
|     Exclude Masked       0.00    0.00
|     Other                0.02    0.02
|     ---------------------------------
|     Total                0.02    0.02

|  PME Reciprocal Force CPU Time:
|
|     Routine              Sec        %
|     ---------------------------------
|     1D bspline           0.00    0.00
|     Grid Charges         0.00    0.00
|     Scalar Sum           0.00    0.00
|     Gradient Sum         0.00    0.00
|     FFT                  0.00    0.00
|     ---------------------------------
|     Total                0.00    0.00

|  Final Performance Info:
|     -----------------------------------------------------
|     Average timings for last   11500 steps:
|     Elapsed(s) =      18.04 Per Step(ms) =       1.57
|         ns/day =     110.13   seconds/ns =     784.55
|
|     Average timings for all steps:
|     Elapsed(s) =      78.50 Per Step(ms) =       1.57
|         ns/day =     110.07   seconds/ns =     784.97
|     -----------------------------------------------------

|  Setup CPU time:            0.44 seconds
|  NonSetup CPU time:        78.50 seconds
|  Total CPU time:           78.93 seconds     0.02 hours

|  Setup wall time:           1    seconds
|  NonSetup wall time:       78    seconds
|  Total wall time:          79    seconds     0.02 hours
