
          -------------------------------------------------------
          Amber 16 PMEMD                              2016
          -------------------------------------------------------

| PMEMD implementation of SANDER, Release 16

| Run on 06/20/2017 at 00:25:10

|   Executable path: pmemd.cuda
| Working directory: /home/german/alex/run/3rm/mhe/e
|          Hostname: Unknown
  [-O]verwriting output

File Assignments:
|   MDIN: 19equ.in                                                              
|  MDOUT: 19equ.out                                                             
| INPCRD: 18e3rm.rst7                                                           
|   PARM: /home/german/alex/top_files/3rm.prmtop                                
| RESTRT: 19e3rm.rst7                                                           
|   REFC: 18e3rm.rst7                                                           
|  MDVEL: mdvel                                                                 
|   MDEN: mden                                                                  
|  MDCRD: 19e3rm.nc                                                             
| MDINFO: mdinfo                                                                
|  MDFRC: mdfrc                                                                 


 Here is the input file:

Equilibration with solute restrictions                                         
&cntrl                                                                         
imin = 0,                           ! No Minimization                          
nmropt = 0,                         ! No NMR restraints read                   
                                                                               
! Nature and format of the input                                               
ntx = 5,                            ! Coordinates but no velocities will be rea
irest = 1,                          ! Do not run a new simulation              
                                                                               
! Nature and format of the output                                              
ntxo = 1,                           ! rstrt file in ASCII format               
ntpr = 500,                         ! inf in output every ntpr steps           
ntwr = 500,                         ! rstrt file every ntwr steps              
ntwx = 500,                         ! mdcrd file every ntwx steps              
ntwv = 0,                           ! mdvel without velocities                 
ntwe = 0,                           ! Energies and temperatures not written in 
idecomp = 0,                        ! No energy decomposition                  
iwrap = 1,                          ! Coordinates of the restart and mdcrd file
                                                                               
! Frozen or restrained atoms                                                   
ibelly = 0,                         ! No frozen atoms                          
ntr=1,                              ! Harmonic potential restraints            
restraint_wt = 0.8,                ! The weight for the positional restraints  
restraintmask = ':1-49@N,CA,C,O',  ! restrained residues                       
                                                                               
! Molecular dynamics                                                           
nstlim = 50000,                     ! Number of MD-steps                       
dt = 0.002,                         ! Time step                                
                                                                               
! Temperature regulation                                                       
ntt = 3,                            ! Langevin thermostat                      
gamma_ln = 5,                       ! Gamma constant for Langevin              
!temp0 = 300.0,                     ! Reference T at which the system is to be 
tempi = 300.0,                      ! Initial T                                
ig = -1,                            ! Seed for the RNG                         
                                                                               
! P and V regulation                                                           
ntp = 1,                            ! Constant P. Isotropic scaling            
barostat = 1,                       ! Berendsen barostat                       
taup = 1,                           ! Pressure relaxation time                 
nrespa = 1,                         ! Evaluate at each step                    
ntb = 2,                            ! Periodic box for constant P              
                                                                               
! SHAKE variables                                                              
ntc = 2,                            ! Bonds involving H are constrained        
ntf = 2,                            ! Bond interaction involving H are ommited.
                                                                               
cut = 10.0,                         ! Nonbonded cutoff                         
/                                                                              
&end                                                                           


Note: ig = -1. Setting random seed to   439073 based on wallclock time in 
      microseconds.
 
|--------------------- INFORMATION ----------------------
| GPU (CUDA) Version of PMEMD in use: NVIDIA GPU IN USE.
|                    Version 16.0.0
| 
|                      02/25/2016
| 
| Implementation by:
|                    Ross C. Walker     (SDSC)
|                    Scott Le Grand     (nVIDIA)
| 
| Precision model in use:
|      [SPFP] - Single Precision Forces, 64-bit Fixed Point
|               Accumulation. (Default)
| 
|--------------------------------------------------------
 
|----------------- CITATION INFORMATION -----------------
|
|    When publishing work that utilized the CUDA version
|    of AMBER, please cite the following in addition to
|    the regular AMBER citations:
|
|  - Romelia Salomon-Ferrer; Andreas W. Goetz; Duncan
|    Poole; Scott Le Grand; Ross C. Walker "Routine
|    microsecond molecular dynamics simulations with
|    AMBER - Part II: Particle Mesh Ewald", J. Chem.
|    Theory Comput., 2013, 9 (9), pp3878-3888,
|    DOI: 10.1021/ct400314y.
|
|  - Andreas W. Goetz; Mark J. Williamson; Dong Xu;
|    Duncan Poole; Scott Le Grand; Ross C. Walker
|    "Routine microsecond molecular dynamics simulations
|    with AMBER - Part I: Generalized Born", J. Chem.
|    Theory Comput., 2012, 8 (5), pp1542-1555.
|
|  - Scott Le Grand; Andreas W. Goetz; Ross C. Walker
|    "SPFP: Speed without compromise - a mixed precision
|    model for GPU accelerated molecular dynamics
|    simulations.", Comp. Phys. Comm., 2013, 184
|    pp374-380, DOI: 10.1016/j.cpc.2012.09.022
|
|--------------------------------------------------------
 
|------------------- GPU DEVICE INFO --------------------
|
|            CUDA_VISIBLE_DEVICES: 1
|   CUDA Capable Devices Detected:      1
|           CUDA Device ID in use:      0
|                CUDA Device Name: GeForce GTX 1060 6GB
|     CUDA Device Global Mem Size:   6072 MB
| CUDA Device Num Multiprocessors:     10
|           CUDA Device Core Freq:   1.76 GHz
|
|--------------------------------------------------------
 
 
| Conditional Compilation Defines Used:
| PUBFFT
| BINTRAJ
| CUDA
| EMIL

| Largest sphere to fit in unit cell has radius =    21.771

| New format PARM file being parsed.
| Version =    1.000 Date = 06/17/17 Time = 14:32:14

| Note: 1-4 EEL scale factors are being read from the topology file.

| Note: 1-4 VDW scale factors are being read from the topology file.
| Duplicated    0 dihedrals

| Duplicated    0 dihedrals

--------------------------------------------------------------------------------
   1.  RESOURCE   USE: 
--------------------------------------------------------------------------------

 getting new box info from bottom of inpcrd
 NATOM  =   11635 NTYPES =      17 NBONH =   11238 MBONA  =     402
 NTHETH =     874 MTHETA =     539 NPHIH =    1768 MPHIA  =    1688
 NHPARM =       0 NPARM  =       0 NNB   =   18755 NRES   =    3670
 NBONA  =     402 NTHETA =     539 NPHIA =    1688 NUMBND =      69
 NUMANG =     154 NPTRA  =     196 NATYP =      37 NPHB   =       1
 IFBOX  =       2 NMXRS  =      25 IFCAP =       0 NEXTRA =       0
 NCOPY  =       0

| Coordinate Index Table dimensions:     8    8    8
| Direct force subcell size =     6.6658    6.6658    6.6658

     BOX TYPE: TRUNCATED OCTAHEDRON

--------------------------------------------------------------------------------
   2.  CONTROL  DATA  FOR  THE  RUN
--------------------------------------------------------------------------------

default_name                                                                    

General flags:
     imin    =       0, nmropt  =       0

Nature and format of input:
     ntx     =       5, irest   =       1, ntrx    =       1

Nature and format of output:
     ntxo    =       1, ntpr    =     500, ntrx    =       1, ntwr    =     500
     iwrap   =       1, ntwx    =     500, ntwv    =       0, ntwe    =       0
     ioutfm  =       1, ntwprt  =       0, idecomp =       0, rbornstat=      0

Potential function:
     ntf     =       2, ntb     =       2, igb     =       0, nsnb    =      25
     ipol    =       0, gbsa    =       0, iesp    =       0
     dielc   =   1.00000, cut     =  10.00000, intdiel =   1.00000

Frozen or restrained atoms:
     ibelly  =       0, ntr     =       1
     restraint_wt =   0.80000

Molecular dynamics:
     nstlim  =     50000, nscm    =         0, nrespa  =         1
     t       =   0.00000, dt      =   0.00200, vlimit  =  -1.00000

Langevin dynamics temperature regulation:
     ig      =  439073
     temp0   = 300.00000, tempi   = 300.00000, gamma_ln=   5.00000

Pressure regulation:
     ntp     =       1
     pres0   =   1.00000, comp    =  44.60000, taup    =   1.00000

SHAKE:
     ntc     =       2, jfastw  =       0
     tol     =   0.00001

| Intermolecular bonds treatment:
|     no_intermolecular_bonds =       1

| Energy averages sample interval:
|     ene_avg_sampling =     500

Ewald parameters:
     verbose =       0, ew_type =       0, nbflag  =       1, use_pme =       1
     vdwmeth =       1, eedmeth =       1, netfrc  =       1
     Box X =   53.327   Box Y =   53.327   Box Z =   53.327
     Alpha =  109.471   Beta  =  109.471   Gamma =  109.471
     NFFT1 =   56       NFFT2 =   56       NFFT3 =   56
     Cutoff=   10.000   Tol   =0.100E-04
     Ewald Coefficient =  0.27511
     Interpolation order =    4

    LOADING THE CONSTRAINED ATOMS AS GROUPS


   5.  REFERENCE ATOM COORDINATES

  default_name                                                                    
     Mask :1-49@N,CA,C,O; matches   196 atoms

--------------------------------------------------------------------------------
   3.  ATOMIC COORDINATES AND VELOCITIES
--------------------------------------------------------------------------------

default_name                                                                    
 begin time read from input coords =  1940.000 ps

 
 Number of triangulated 3-point waters found:     3618

     Sum of charges from parm topology file =  -0.00000003
     Forcing neutrality...

| Dynamic Memory, Types Used:
| Reals              642671
| Integers           365176

| Nonbonded Pairs Initial Allocation:     3519296

| GPU memory information (estimate):
| KB of GPU memory in use:     85536
| KB of CPU memory in use:     17664

--------------------------------------------------------------------------------
   4.  RESULTS
--------------------------------------------------------------------------------

 ---------------------------------------------------
 APPROXIMATING switch and d/dx switch using CUBIC SPLINE INTERPOLATION
 using   5000.0 points per unit in tabled values
 TESTING RELATIVE ERROR over r ranging from 0.0 to cutoff
| CHECK switch(x): max rel err =   0.2738E-14   at   2.422500
| CHECK d/dx switch(x): max rel err =   0.8314E-11   at   2.736960
 ---------------------------------------------------
|---------------------------------------------------
| APPROXIMATING direct energy using CUBIC SPLINE INTERPOLATION
|  with   50.0 points per unit in tabled values
| Relative Error Limit not exceeded for r .gt.   2.33
| APPROXIMATING direct force using CUBIC SPLINE INTERPOLATION
|  with   50.0 points per unit in tabled values
| Relative Error Limit not exceeded for r .gt.   2.80
|---------------------------------------------------
wrapping first mol.:      -35.55075       25.13818       43.54060
wrapping first mol.:      -35.55075       25.13818       43.54060

 NSTEP =      500   TIME(PS) =    1941.000  TEMP(K) =   299.25  PRESS =   186.6
 Etot   =    -29001.0182  EKtot   =      7037.0952  EPtot      =    -36038.1134
 BOND   =       140.2476  ANGLE   =       412.7919  DIHED      =       633.7322
 1-4 NB =       175.0142  1-4 EEL =      2407.3207  VDWAALS    =      4839.1766
 EELEC  =    -44665.8753  EHBOND  =         0.0000  RESTRAINT  =        19.4787
 EAMBER (non-restraint)  =    -36057.5921
 EKCMT  =      3266.2918  VIRIAL  =      2796.0292  VOLUME     =    116732.3083
                                                    Density    =         1.0091
 ------------------------------------------------------------------------------

wrapping first mol.:      -35.56181       25.14600       43.55415
wrapping first mol.:      -35.56181       25.14600       43.55415

 NSTEP =     1000   TIME(PS) =    1942.000  TEMP(K) =   300.16  PRESS =   316.1
 Etot   =    -28973.8935  EKtot   =      7058.4097  EPtot      =    -36032.3032
 BOND   =       168.0986  ANGLE   =       439.2417  DIHED      =       629.1716
 1-4 NB =       172.2373  1-4 EEL =      2427.3761  VDWAALS    =      4832.6870
 EELEC  =    -44727.1023  EHBOND  =         0.0000  RESTRAINT  =        25.9869
 EAMBER (non-restraint)  =    -36058.2901
 EKCMT  =      3280.8252  VIRIAL  =      2483.3837  VOLUME     =    116839.9273
                                                    Density    =         1.0082
 ------------------------------------------------------------------------------

wrapping first mol.:      -35.57068       25.15228       43.56502
wrapping first mol.:      -35.57068       25.15228       43.56502

 NSTEP =     1500   TIME(PS) =    1943.000  TEMP(K) =   301.88  PRESS =  -440.2
 Etot   =    -29003.0496  EKtot   =      7098.7490  EPtot      =    -36101.7986
 BOND   =       137.4830  ANGLE   =       389.2646  DIHED      =       617.1669
 1-4 NB =       194.6053  1-4 EEL =      2476.3162  VDWAALS    =      4556.0993
 EELEC  =    -44493.7329  EHBOND  =         0.0000  RESTRAINT  =        20.9990
 EAMBER (non-restraint)  =    -36122.7976
 EKCMT  =      3299.8536  VIRIAL  =      4411.1452  VOLUME     =    116935.3187
                                                    Density    =         1.0074
 ------------------------------------------------------------------------------

wrapping first mol.:      -35.54534       25.13436       43.53398
wrapping first mol.:      -35.54534       25.13436       43.53398

 NSTEP =     2000   TIME(PS) =    1944.000  TEMP(K) =   296.12  PRESS =  -102.3
 Etot   =    -29178.2831  EKtot   =      6963.3960  EPtot      =    -36141.6791
 BOND   =       141.3152  ANGLE   =       380.1585  DIHED      =       626.2660
 1-4 NB =       181.6722  1-4 EEL =      2433.2912  VDWAALS    =      4667.2946
 EELEC  =    -44589.4577  EHBOND  =         0.0000  RESTRAINT  =        17.7808
 EAMBER (non-restraint)  =    -36159.4599
 EKCMT  =      3233.8121  VIRIAL  =      3491.6198  VOLUME     =    116682.0871
                                                    Density    =         1.0095
 ------------------------------------------------------------------------------

wrapping first mol.:      -35.55207       25.13911       43.54222
wrapping first mol.:      -35.55207       25.13911       43.54222

 NSTEP =     2500   TIME(PS) =    1945.000  TEMP(K) =   297.73  PRESS =   128.3
 Etot   =    -29049.2091  EKtot   =      7001.2061  EPtot      =    -36050.4152
 BOND   =       139.1931  ANGLE   =       408.4195  DIHED      =       627.0583
 1-4 NB =       181.1899  1-4 EEL =      2441.5009  VDWAALS    =      4761.4480
 EELEC  =    -44630.4255  EHBOND  =         0.0000  RESTRAINT  =        21.2006
 EAMBER (non-restraint)  =    -36071.6157
 EKCMT  =      3220.9263  VIRIAL  =      2897.6071  VOLUME     =    116745.9194
                                                    Density    =         1.0090
 ------------------------------------------------------------------------------

wrapping first mol.:      -35.54801       25.13625       43.53725
wrapping first mol.:      -35.54801       25.13625       43.53725

 NSTEP =     3000   TIME(PS) =    1946.000  TEMP(K) =   300.27  PRESS =   190.1
 Etot   =    -29131.9498  EKtot   =      7061.0488  EPtot      =    -36192.9986
 BOND   =       141.9101  ANGLE   =       382.0444  DIHED      =       635.1817
 1-4 NB =       175.3001  1-4 EEL =      2423.8374  VDWAALS    =      4834.0845
 EELEC  =    -44805.1288  EHBOND  =         0.0000  RESTRAINT  =        19.7720
 EAMBER (non-restraint)  =    -36212.7706
 EKCMT  =      3236.8508  VIRIAL  =      2757.7969  VOLUME     =    116705.3150
                                                    Density    =         1.0093
 ------------------------------------------------------------------------------

wrapping first mol.:      -35.56263       25.14658       43.55515
wrapping first mol.:      -35.56263       25.14658       43.55515

 NSTEP =     3500   TIME(PS) =    1947.000  TEMP(K) =   297.61  PRESS =  -330.0
 Etot   =    -29302.5168  EKtot   =      6998.4248  EPtot      =    -36300.9416
 BOND   =       140.3628  ANGLE   =       363.7874  DIHED      =       618.2229
 1-4 NB =       175.7235  1-4 EEL =      2439.8145  VDWAALS    =      4646.6500
 EELEC  =    -44706.4538  EHBOND  =         0.0000  RESTRAINT  =        20.9510
 EAMBER (non-restraint)  =    -36321.8926
 EKCMT  =      3199.2971  VIRIAL  =      4031.8876  VOLUME     =    116854.7430
                                                    Density    =         1.0080
 ------------------------------------------------------------------------------

wrapping first mol.:      -35.53101       25.12422       43.51643
wrapping first mol.:      -35.53101       25.12422       43.51643

 NSTEP =     4000   TIME(PS) =    1948.000  TEMP(K) =   301.37  PRESS =  -326.0
 Etot   =    -28945.1397  EKtot   =      7086.8496  EPtot      =    -36031.9893
 BOND   =       149.8894  ANGLE   =       400.6692  DIHED      =       621.5327
 1-4 NB =       183.0423  1-4 EEL =      2428.4514  VDWAALS    =      4582.0390
 EELEC  =    -44421.0878  EHBOND  =         0.0000  RESTRAINT  =        23.4745
 EAMBER (non-restraint)  =    -36055.4638
 EKCMT  =      3312.8827  VIRIAL  =      4133.3064  VOLUME     =    116543.3021
                                                    Density    =         1.0107
 ------------------------------------------------------------------------------

wrapping first mol.:      -35.55875       25.14384       43.55040
wrapping first mol.:      -35.55875       25.14384       43.55040

 NSTEP =     4500   TIME(PS) =    1949.000  TEMP(K) =   307.21  PRESS =  -292.6
 Etot   =    -28815.2967  EKtot   =      7224.0815  EPtot      =    -36039.3783
 BOND   =       138.6090  ANGLE   =       415.1475  DIHED      =       617.3308
 1-4 NB =       178.3152  1-4 EEL =      2441.4944  VDWAALS    =      4584.3290
 EELEC  =    -44437.9411  EHBOND  =         0.0000  RESTRAINT  =        23.3369
 EAMBER (non-restraint)  =    -36062.7152
 EKCMT  =      3349.8449  VIRIAL  =      4087.9600  VOLUME     =    116816.1453
                                                    Density    =         1.0084
 ------------------------------------------------------------------------------

wrapping first mol.:      -35.59249       25.16770       43.59173
wrapping first mol.:      -35.59249       25.16770       43.59173

 NSTEP =     5000   TIME(PS) =    1950.000  TEMP(K) =   299.52  PRESS =   -14.8
 Etot   =    -29092.2779  EKtot   =      7043.2666  EPtot      =    -36135.5445
 BOND   =       150.9645  ANGLE   =       418.0030  DIHED      =       624.9079
 1-4 NB =       174.4545  1-4 EEL =      2439.0691  VDWAALS    =      4712.9880
 EELEC  =    -44674.5877  EHBOND  =         0.0000  RESTRAINT  =        18.6562
 EAMBER (non-restraint)  =    -36154.2008
 EKCMT  =      3222.9036  VIRIAL  =      3260.3395  VOLUME     =    117146.1169
                                                    Density    =         1.0055
 ------------------------------------------------------------------------------

wrapping first mol.:      -35.57953       25.15853       43.57585
wrapping first mol.:      -35.57953       25.15853       43.57585

 NSTEP =     5500   TIME(PS) =    1951.000  TEMP(K) =   299.58  PRESS =   162.8
 Etot   =    -29045.8032  EKtot   =      7044.8120  EPtot      =    -36090.6152
 BOND   =       145.2409  ANGLE   =       398.6239  DIHED      =       631.1426
 1-4 NB =       183.7393  1-4 EEL =      2416.9966  VDWAALS    =      4733.0939
 EELEC  =    -44619.4339  EHBOND  =         0.0000  RESTRAINT  =        19.9814
 EAMBER (non-restraint)  =    -36110.5966
 EKCMT  =      3194.7776  VIRIAL  =      2783.4186  VOLUME     =    117016.3172
                                                    Density    =         1.0067
 ------------------------------------------------------------------------------

wrapping first mol.:      -35.56484       25.14814       43.55786
wrapping first mol.:      -35.56484       25.14814       43.55786

 NSTEP =     6000   TIME(PS) =    1952.000  TEMP(K) =   292.21  PRESS =    83.6
 Etot   =    -29282.9349  EKtot   =      6871.4097  EPtot      =    -36154.3446
 BOND   =       130.8994  ANGLE   =       397.9104  DIHED      =       621.3842
 1-4 NB =       177.5527  1-4 EEL =      2450.9142  VDWAALS    =      4785.5851
 EELEC  =    -44742.0714  EHBOND  =         0.0000  RESTRAINT  =        23.4809
 EAMBER (non-restraint)  =    -36177.8255
 EKCMT  =      3130.1379  VIRIAL  =      2919.1931  VOLUME     =    116872.2142
                                                    Density    =         1.0079
 ------------------------------------------------------------------------------

wrapping first mol.:      -35.55970       25.14451       43.55157
wrapping first mol.:      -35.55970       25.14451       43.55157

 NSTEP =     6500   TIME(PS) =    1953.000  TEMP(K) =   302.86  PRESS =  -253.3
 Etot   =    -29220.6727  EKtot   =      7121.9199  EPtot      =    -36342.5926
 BOND   =       151.3792  ANGLE   =       387.8428  DIHED      =       627.1182
 1-4 NB =       173.2671  1-4 EEL =      2403.7049  VDWAALS    =      4767.4340
 EELEC  =    -44872.3661  EHBOND  =         0.0000  RESTRAINT  =        19.0272
 EAMBER (non-restraint)  =    -36361.6198
 EKCMT  =      3267.2090  VIRIAL  =      3906.0957  VOLUME     =    116825.1091
                                                    Density    =         1.0083
 ------------------------------------------------------------------------------

wrapping first mol.:      -35.56347       25.14717       43.55618
wrapping first mol.:      -35.56347       25.14717       43.55618

 NSTEP =     7000   TIME(PS) =    1954.000  TEMP(K) =   297.19  PRESS =  -161.4
 Etot   =    -29140.5222  EKtot   =      6988.5942  EPtot      =    -36129.1165
 BOND   =       165.2527  ANGLE   =       406.2133  DIHED      =       617.7361
 1-4 NB =       178.8948  1-4 EEL =      2399.3796  VDWAALS    =      4723.3234
 EELEC  =    -44641.3849  EHBOND  =         0.0000  RESTRAINT  =        21.4685
 EAMBER (non-restraint)  =    -36150.5850
 EKCMT  =      3225.6979  VIRIAL  =      3632.8747  VOLUME     =    116861.2552
                                                    Density    =         1.0080
 ------------------------------------------------------------------------------

wrapping first mol.:      -35.54113       25.13138       43.52882
wrapping first mol.:      -35.54113       25.13138       43.52882

 NSTEP =     7500   TIME(PS) =    1955.000  TEMP(K) =   300.51  PRESS =   -17.3
 Etot   =    -28999.1826  EKtot   =      7066.6738  EPtot      =    -36065.8564
 BOND   =       138.8685  ANGLE   =       417.4054  DIHED      =       628.3017
 1-4 NB =       185.1019  1-4 EEL =      2412.2643  VDWAALS    =      4573.9624
 EELEC  =    -44441.3840  EHBOND  =         0.0000  RESTRAINT  =        19.6235
 EAMBER (non-restraint)  =    -36085.4799
 EKCMT  =      3270.8365  VIRIAL  =      3314.4272  VOLUME     =    116639.7242
                                                    Density    =         1.0099
 ------------------------------------------------------------------------------

wrapping first mol.:      -35.51935       25.11598       43.50214
wrapping first mol.:      -35.51935       25.11598       43.50214

 NSTEP =     8000   TIME(PS) =    1956.000  TEMP(K) =   302.58  PRESS =   276.8
 Etot   =    -28980.3917  EKtot   =      7115.3438  EPtot      =    -36095.7355
 BOND   =       154.0853  ANGLE   =       427.9771  DIHED      =       634.1206
 1-4 NB =       182.5614  1-4 EEL =      2416.6628  VDWAALS    =      4811.4366
 EELEC  =    -44745.6133  EHBOND  =         0.0000  RESTRAINT  =        23.0341
 EAMBER (non-restraint)  =    -36118.7696
 EKCMT  =      3278.6285  VIRIAL  =      2582.7272  VOLUME     =    116422.3279
                                                    Density    =         1.0118
 ------------------------------------------------------------------------------

wrapping first mol.:      -35.51999       25.11643       43.50293
wrapping first mol.:      -35.51999       25.11643       43.50293

 NSTEP =     8500   TIME(PS) =    1957.000  TEMP(K) =   298.99  PRESS =    55.6
 Etot   =    -29058.3430  EKtot   =      7030.9785  EPtot      =    -36089.3215
 BOND   =       155.2489  ANGLE   =       407.5137  DIHED      =       625.6048
 1-4 NB =       170.2208  1-4 EEL =      2425.9737  VDWAALS    =      4694.5375
 EELEC  =    -44593.7037  EHBOND  =         0.0000  RESTRAINT  =        25.2828
 EAMBER (non-restraint)  =    -36114.6043
 EKCMT  =      3287.9945  VIRIAL  =      3148.1453  VOLUME     =    116430.9294
                                                    Density    =         1.0117
 ------------------------------------------------------------------------------

wrapping first mol.:      -35.51634       25.11385       43.49847
wrapping first mol.:      -35.51634       25.11385       43.49847

 NSTEP =     9000   TIME(PS) =    1958.000  TEMP(K) =   297.12  PRESS =   153.6
 Etot   =    -29101.8148  EKtot   =      6986.9702  EPtot      =    -36088.7850
 BOND   =       156.0574  ANGLE   =       393.5849  DIHED      =       607.4881
 1-4 NB =       175.5142  1-4 EEL =      2391.7002  VDWAALS    =      4687.0844
 EELEC  =    -44519.7519  EHBOND  =         0.0000  RESTRAINT  =        19.5376
 EAMBER (non-restraint)  =    -36108.3226
 EKCMT  =      3230.0057  VIRIAL  =      2843.8731  VOLUME     =    116394.0809
                                                    Density    =         1.0120
 ------------------------------------------------------------------------------

wrapping first mol.:      -35.53046       25.12384       43.51576
wrapping first mol.:      -35.53046       25.12384       43.51576

 NSTEP =     9500   TIME(PS) =    1959.000  TEMP(K) =   300.17  PRESS =   -21.7
 Etot   =    -29033.5531  EKtot   =      7058.5635  EPtot      =    -36092.1166
 BOND   =       167.8164  ANGLE   =       416.3791  DIHED      =       638.8568
 1-4 NB =       180.9368  1-4 EEL =      2413.6781  VDWAALS    =      4807.0400
 EELEC  =    -44740.4885  EHBOND  =         0.0000  RESTRAINT  =        23.6647
 EAMBER (non-restraint)  =    -36115.7813
 EKCMT  =      3244.6817  VIRIAL  =      3299.1580  VOLUME     =    116534.7634
                                                    Density    =         1.0108
 ------------------------------------------------------------------------------

wrapping first mol.:      -35.57355       25.15430       43.56852
wrapping first mol.:      -35.57355       25.15430       43.56852

 NSTEP =    10000   TIME(PS) =    1960.000  TEMP(K) =   299.69  PRESS =   305.3
 Etot   =    -28954.8576  EKtot   =      7047.2720  EPtot      =    -36002.1296
 BOND   =       143.6754  ANGLE   =       413.2532  DIHED      =       631.3804
 1-4 NB =       174.0264  1-4 EEL =      2416.7092  VDWAALS    =      4824.6907
 EELEC  =    -44628.0492  EHBOND  =         0.0000  RESTRAINT  =        22.1843
 EAMBER (non-restraint)  =    -36024.3139
 EKCMT  =      3306.7556  VIRIAL  =      2535.7561  VOLUME     =    116955.7921
                                                    Density    =         1.0072
 ------------------------------------------------------------------------------

wrapping first mol.:      -35.56888       25.15100       43.56281
wrapping first mol.:      -35.56888       25.15100       43.56281

 NSTEP =    10500   TIME(PS) =    1961.000  TEMP(K) =   298.78  PRESS =  -160.8
 Etot   =    -29069.0790  EKtot   =      7025.9712  EPtot      =    -36095.0501
 BOND   =       140.8163  ANGLE   =       409.0236  DIHED      =       617.0416
 1-4 NB =       177.9096  1-4 EEL =      2414.0699  VDWAALS    =      4777.9352
 EELEC  =    -44658.0331  EHBOND  =         0.0000  RESTRAINT  =        26.1868
 EAMBER (non-restraint)  =    -36121.2369
 EKCMT  =      3264.0110  VIRIAL  =      3669.9383  VOLUME     =    116914.6379
                                                    Density    =         1.0075
 ------------------------------------------------------------------------------

wrapping first mol.:      -35.57700       25.15674       43.57275
wrapping first mol.:      -35.57700       25.15674       43.57275

 NSTEP =    11000   TIME(PS) =    1962.000  TEMP(K) =   298.26  PRESS =  -171.8
 Etot   =    -29198.1539  EKtot   =      7013.7188  EPtot      =    -36211.8727
 BOND   =       152.1423  ANGLE   =       389.5854  DIHED      =       623.8646
 1-4 NB =       179.1536  1-4 EEL =      2407.0786  VDWAALS    =      4645.6541
 EELEC  =    -44628.2665  EHBOND  =         0.0000  RESTRAINT  =        18.9152
 EAMBER (non-restraint)  =    -36230.7879
 EKCMT  =      3178.2990  VIRIAL  =      3612.2476  VOLUME     =    116994.8187
                                                    Density    =         1.0068
 ------------------------------------------------------------------------------

wrapping first mol.:      -35.55457       25.14088       43.54528
wrapping first mol.:      -35.55457       25.14088       43.54528

 NSTEP =    11500   TIME(PS) =    1963.000  TEMP(K) =   304.12  PRESS =  -117.3
 Etot   =    -28928.6740  EKtot   =      7151.5200  EPtot      =    -36080.1940
 BOND   =       156.3706  ANGLE   =       394.7237  DIHED      =       629.6471
 1-4 NB =       185.9331  1-4 EEL =      2426.5006  VDWAALS    =      4680.5543
 EELEC  =    -44573.6852  EHBOND  =         0.0000  RESTRAINT  =        19.7617
 EAMBER (non-restraint)  =    -36099.9557
 EKCMT  =      3290.7417  VIRIAL  =      3586.5493  VOLUME     =    116773.0798
                                                    Density    =         1.0088
 ------------------------------------------------------------------------------

wrapping first mol.:      -35.51979       25.11629       43.50269
wrapping first mol.:      -35.51979       25.11629       43.50269

 NSTEP =    12000   TIME(PS) =    1964.000  TEMP(K) =   299.78  PRESS =   134.2
 Etot   =    -29051.6170  EKtot   =      7049.4355  EPtot      =    -36101.0526
 BOND   =       137.1927  ANGLE   =       401.1730  DIHED      =       630.3211
 1-4 NB =       185.7731  1-4 EEL =      2440.5351  VDWAALS    =      4743.4164
 EELEC  =    -44660.2233  EHBOND  =         0.0000  RESTRAINT  =        20.7594
 EAMBER (non-restraint)  =    -36121.8120
 EKCMT  =      3227.3131  VIRIAL  =      2890.0573  VOLUME     =    116428.2047
                                                    Density    =         1.0117
 ------------------------------------------------------------------------------

wrapping first mol.:      -35.51548       25.11324       43.49741
wrapping first mol.:      -35.51548       25.11324       43.49741

 NSTEP =    12500   TIME(PS) =    1965.000  TEMP(K) =   302.71  PRESS =  -288.5
 Etot   =    -29086.1070  EKtot   =      7118.3672  EPtot      =    -36204.4742
 BOND   =       133.6758  ANGLE   =       413.4887  DIHED      =       625.4897
 1-4 NB =       179.9014  1-4 EEL =      2414.7979  VDWAALS    =      4582.4085
 EELEC  =    -44580.1278  EHBOND  =         0.0000  RESTRAINT  =        25.8917
 EAMBER (non-restraint)  =    -36230.3659
 EKCMT  =      3283.1213  VIRIAL  =      4008.0316  VOLUME     =    116390.1489
                                                    Density    =         1.0121
 ------------------------------------------------------------------------------

wrapping first mol.:      -35.54572       25.13463       43.53445
wrapping first mol.:      -35.54572       25.13463       43.53445

 NSTEP =    13000   TIME(PS) =    1966.000  TEMP(K) =   300.91  PRESS =    57.2
 Etot   =    -29007.2671  EKtot   =      7076.0923  EPtot      =    -36083.3594
 BOND   =       151.1760  ANGLE   =       388.1623  DIHED      =       611.0726
 1-4 NB =       179.5477  1-4 EEL =      2429.3127  VDWAALS    =      4703.7400
 EELEC  =    -44570.7524  EHBOND  =         0.0000  RESTRAINT  =        24.3817
 EAMBER (non-restraint)  =    -36107.7410
 EKCMT  =      3250.6205  VIRIAL  =      3106.5364  VOLUME     =    116684.1717
                                                    Density    =         1.0095
 ------------------------------------------------------------------------------

wrapping first mol.:      -35.50567       25.10631       43.48539
wrapping first mol.:      -35.50567       25.10631       43.48539

 NSTEP =    13500   TIME(PS) =    1967.000  TEMP(K) =   300.61  PRESS =  -129.3
 Etot   =    -29025.8183  EKtot   =      7068.9370  EPtot      =    -36094.7553
 BOND   =       132.0954  ANGLE   =       395.0002  DIHED      =       639.3573
 1-4 NB =       180.3869  1-4 EEL =      2406.2129  VDWAALS    =      4665.1543
 EELEC  =    -44540.7609  EHBOND  =         0.0000  RESTRAINT  =        27.7986
 EAMBER (non-restraint)  =    -36122.5539
 EKCMT  =      3223.0823  VIRIAL  =      3547.6372  VOLUME     =    116292.0969
                                                    Density    =         1.0129
 ------------------------------------------------------------------------------

wrapping first mol.:      -35.53513       25.12713       43.52147
wrapping first mol.:      -35.53513       25.12713       43.52147

 NSTEP =    14000   TIME(PS) =    1968.000  TEMP(K) =   296.20  PRESS =   100.3
 Etot   =    -29269.7401  EKtot   =      6965.2729  EPtot      =    -36235.0131
 BOND   =       144.0841  ANGLE   =       370.3000  DIHED      =       634.2704
 1-4 NB =       174.0754  1-4 EEL =      2425.4277  VDWAALS    =      4851.9631
 EELEC  =    -44853.6154  EHBOND  =         0.0000  RESTRAINT  =        18.4817
 EAMBER (non-restraint)  =    -36253.4948
 EKCMT  =      3254.5813  VIRIAL  =      3002.0782  VOLUME     =    116579.3890
                                                    Density    =         1.0104
 ------------------------------------------------------------------------------

wrapping first mol.:      -35.53531       25.12726       43.52169
wrapping first mol.:      -35.53531       25.12726       43.52169

 NSTEP =    14500   TIME(PS) =    1969.000  TEMP(K) =   298.49  PRESS =  -167.7
 Etot   =    -29192.8123  EKtot   =      7019.1284  EPtot      =    -36211.9407
 BOND   =       147.8191  ANGLE   =       386.6034  DIHED      =       612.8951
 1-4 NB =       174.5410  1-4 EEL =      2413.3545  VDWAALS    =      4704.4725
 EELEC  =    -44673.0473  EHBOND  =         0.0000  RESTRAINT  =        21.4210
 EAMBER (non-restraint)  =    -36233.3618
 EKCMT  =      3189.3822  VIRIAL  =      3611.4416  VOLUME     =    116583.9801
                                                    Density    =         1.0104
 ------------------------------------------------------------------------------

wrapping first mol.:      -35.53685       25.12836       43.52359
wrapping first mol.:      -35.53685       25.12836       43.52359

 NSTEP =    15000   TIME(PS) =    1970.000  TEMP(K) =   298.19  PRESS =    32.0
 Etot   =    -29136.9684  EKtot   =      7011.9966  EPtot      =    -36148.9650
 BOND   =       152.5447  ANGLE   =       384.0140  DIHED      =       631.5817
 1-4 NB =       181.6408  1-4 EEL =      2425.6499  VDWAALS    =      4730.3924
 EELEC  =    -44676.5805  EHBOND  =         0.0000  RESTRAINT  =        21.7921
 EAMBER (non-restraint)  =    -36170.7570
 EKCMT  =      3237.9552  VIRIAL  =      3157.2875  VOLUME     =    116597.1056
                                                    Density    =         1.0103
 ------------------------------------------------------------------------------

wrapping first mol.:      -35.54220       25.13214       43.53014
wrapping first mol.:      -35.54220       25.13214       43.53014

 NSTEP =    15500   TIME(PS) =    1971.000  TEMP(K) =   304.17  PRESS =  -211.6
 Etot   =    -28866.5884  EKtot   =      7152.7505  EPtot      =    -36019.3389
 BOND   =       154.5736  ANGLE   =       388.9399  DIHED      =       629.2164
 1-4 NB =       172.8431  1-4 EEL =      2426.9269  VDWAALS    =      4678.7867
 EELEC  =    -44490.2622  EHBOND  =         0.0000  RESTRAINT  =        19.6366
 EAMBER (non-restraint)  =    -36038.9755
 EKCMT  =      3329.8555  VIRIAL  =      3862.8273  VOLUME     =    116652.3061
                                                    Density    =         1.0098
 ------------------------------------------------------------------------------

wrapping first mol.:      -35.52586       25.12058       43.51012
wrapping first mol.:      -35.52586       25.12058       43.51012

 NSTEP =    16000   TIME(PS) =    1972.000  TEMP(K) =   301.16  PRESS =  -106.1
 Etot   =    -28987.0323  EKtot   =      7081.9087  EPtot      =    -36068.9410
 BOND   =       121.0751  ANGLE   =       380.6668  DIHED      =       624.1901
 1-4 NB =       184.8375  1-4 EEL =      2405.1549  VDWAALS    =      4632.2638
 EELEC  =    -44437.1147  EHBOND  =         0.0000  RESTRAINT  =        19.9854
 EAMBER (non-restraint)  =    -36088.9264
 EKCMT  =      3303.8811  VIRIAL  =      3570.7691  VOLUME     =    116490.3610
                                                    Density    =         1.0112
 ------------------------------------------------------------------------------

wrapping first mol.:      -35.55197       25.13904       43.54210
wrapping first mol.:      -35.55197       25.13904       43.54210

 NSTEP =    16500   TIME(PS) =    1973.000  TEMP(K) =   301.78  PRESS =  -209.4
 Etot   =    -29008.0242  EKtot   =      7096.5547  EPtot      =    -36104.5789
 BOND   =       155.4681  ANGLE   =       392.9765  DIHED      =       634.3181
 1-4 NB =       186.9746  1-4 EEL =      2434.2789  VDWAALS    =      4717.5428
 EELEC  =    -44645.5001  EHBOND  =         0.0000  RESTRAINT  =        19.3623
 EAMBER (non-restraint)  =    -36123.9411
 EKCMT  =      3273.0285  VIRIAL  =      3800.7957  VOLUME     =    116748.4470
                                                    Density    =         1.0090
 ------------------------------------------------------------------------------

wrapping first mol.:      -35.54411       25.13349       43.53247
wrapping first mol.:      -35.54411       25.13349       43.53247

 NSTEP =    17000   TIME(PS) =    1974.000  TEMP(K) =   299.98  PRESS =    83.4
 Etot   =    -29093.9080  EKtot   =      7054.1533  EPtot      =    -36148.0613
 BOND   =       158.3254  ANGLE   =       395.6620  DIHED      =       626.3589
 1-4 NB =       176.0226  1-4 EEL =      2406.0508  VDWAALS    =      4812.9468
 EELEC  =    -44744.1699  EHBOND  =         0.0000  RESTRAINT  =        20.7420
 EAMBER (non-restraint)  =    -36168.8034
 EKCMT  =      3238.1907  VIRIAL  =      3028.1082  VOLUME     =    116668.0131
                                                    Density    =         1.0097
 ------------------------------------------------------------------------------

wrapping first mol.:      -35.51639       25.11388       43.49852
wrapping first mol.:      -35.51639       25.11388       43.49852

 NSTEP =    17500   TIME(PS) =    1975.000  TEMP(K) =   304.41  PRESS =   171.7
 Etot   =    -29022.7440  EKtot   =      7158.2852  EPtot      =    -36181.0292
 BOND   =       159.9798  ANGLE   =       393.1314  DIHED      =       634.3981
 1-4 NB =       170.6879  1-4 EEL =      2421.3802  VDWAALS    =      4782.3011
 EELEC  =    -44763.4185  EHBOND  =         0.0000  RESTRAINT  =        20.5109
 EAMBER (non-restraint)  =    -36201.5401
 EKCMT  =      3318.4950  VIRIAL  =      2886.9121  VOLUME     =    116394.2959
                                                    Density    =         1.0120
 ------------------------------------------------------------------------------

wrapping first mol.:      -35.53751       25.12882       43.52439
wrapping first mol.:      -35.53751       25.12882       43.52439

 NSTEP =    18000   TIME(PS) =    1976.000  TEMP(K) =   298.50  PRESS =   -31.3
 Etot   =    -29132.2998  EKtot   =      7019.2437  EPtot      =    -36151.5434
 BOND   =       162.1096  ANGLE   =       385.4113  DIHED      =       621.5705
 1-4 NB =       173.4345  1-4 EEL =      2422.7725  VDWAALS    =      4753.5081
 EELEC  =    -44689.1429  EHBOND  =         0.0000  RESTRAINT  =        18.7930
 EAMBER (non-restraint)  =    -36170.3364
 EKCMT  =      3313.8486  VIRIAL  =      3392.6751  VOLUME     =    116604.1896
                                                    Density    =         1.0102
 ------------------------------------------------------------------------------

wrapping first mol.:      -35.55663       25.14234       43.54781
wrapping first mol.:      -35.55663       25.14234       43.54781

 NSTEP =    18500   TIME(PS) =    1977.000  TEMP(K) =   303.29  PRESS =    17.9
 Etot   =    -28993.1785  EKtot   =      7132.0298  EPtot      =    -36125.2083
 BOND   =       140.5220  ANGLE   =       404.2391  DIHED      =       619.9889
 1-4 NB =       179.7846  1-4 EEL =      2413.3029  VDWAALS    =      4722.4139
 EELEC  =    -44625.3163  EHBOND  =         0.0000  RESTRAINT  =        19.8566
 EAMBER (non-restraint)  =    -36145.0649
 EKCMT  =      3307.5319  VIRIAL  =      3262.4093  VOLUME     =    116792.0217
                                                    Density    =         1.0086
 ------------------------------------------------------------------------------

wrapping first mol.:      -35.54100       25.13128       43.52866
wrapping first mol.:      -35.54100       25.13128       43.52866

 NSTEP =    19000   TIME(PS) =    1978.000  TEMP(K) =   301.26  PRESS =   142.8
 Etot   =    -29013.8366  EKtot   =      7084.1602  EPtot      =    -36097.9967
 BOND   =       149.3454  ANGLE   =       427.4597  DIHED      =       628.8650
 1-4 NB =       180.4031  1-4 EEL =      2417.0065  VDWAALS    =      4855.6204
 EELEC  =    -44780.9003  EHBOND  =         0.0000  RESTRAINT  =        24.2035
 EAMBER (non-restraint)  =    -36122.2002
 EKCMT  =      3287.7827  VIRIAL  =      2928.2045  VOLUME     =    116636.7245
                                                    Density    =         1.0099
 ------------------------------------------------------------------------------

wrapping first mol.:      -35.51283       25.11137       43.49416
wrapping first mol.:      -35.51283       25.11137       43.49416

 NSTEP =    19500   TIME(PS) =    1979.000  TEMP(K) =   298.03  PRESS =   469.2
 Etot   =    -29027.8987  EKtot   =      7008.4141  EPtot      =    -36036.3128
 BOND   =       148.9959  ANGLE   =       412.4052  DIHED      =       636.5850
 1-4 NB =       180.4019  1-4 EEL =      2412.5392  VDWAALS    =      4919.2374
 EELEC  =    -44767.9506  EHBOND  =         0.0000  RESTRAINT  =        21.4732
 EAMBER (non-restraint)  =    -36057.7860
 EKCMT  =      3228.3834  VIRIAL  =      2049.5842  VOLUME     =    116356.2279
                                                    Density    =         1.0124
 ------------------------------------------------------------------------------

wrapping first mol.:      -35.54698       25.13551       43.53598
wrapping first mol.:      -35.54698       25.13551       43.53598

 NSTEP =    20000   TIME(PS) =    1980.000  TEMP(K) =   300.04  PRESS =   467.8
 Etot   =    -29055.5473  EKtot   =      7055.5527  EPtot      =    -36111.1001
 BOND   =       147.6650  ANGLE   =       364.0792  DIHED      =       626.1201
 1-4 NB =       180.9718  1-4 EEL =      2455.8023  VDWAALS    =      4895.7275
 EELEC  =    -44806.3220  EHBOND  =         0.0000  RESTRAINT  =        24.8561
 EAMBER (non-restraint)  =    -36135.9562
 EKCMT  =      3242.6961  VIRIAL  =      2064.0429  VOLUME     =    116692.2232
                                                    Density    =         1.0095
 ------------------------------------------------------------------------------

wrapping first mol.:      -35.53532       25.12727       43.52171
wrapping first mol.:      -35.53532       25.12727       43.52171

 NSTEP =    20500   TIME(PS) =    1981.000  TEMP(K) =   299.36  PRESS =   282.9
 Etot   =    -29067.1800  EKtot   =      7039.4697  EPtot      =    -36106.6498
 BOND   =       150.6991  ANGLE   =       396.9603  DIHED      =       617.9591
 1-4 NB =       171.1937  1-4 EEL =      2406.9175  VDWAALS    =      4845.9603
 EELEC  =    -44724.3633  EHBOND  =         0.0000  RESTRAINT  =        28.0234
 EAMBER (non-restraint)  =    -36134.6732
 EKCMT  =      3251.1022  VIRIAL  =      2538.9073  VOLUME     =    116579.4238
                                                    Density    =         1.0104
 ------------------------------------------------------------------------------

wrapping first mol.:      -35.50083       25.10288       43.47947
wrapping first mol.:      -35.50083       25.10288       43.47947

 NSTEP =    21000   TIME(PS) =    1982.000  TEMP(K) =   300.06  PRESS =    98.2
 Etot   =    -29093.1358  EKtot   =      7056.0635  EPtot      =    -36149.1993
 BOND   =       164.5183  ANGLE   =       421.6654  DIHED      =       626.9325
 1-4 NB =       168.5210  1-4 EEL =      2408.7242  VDWAALS    =      4708.9402
 EELEC  =    -44668.9725  EHBOND  =         0.0000  RESTRAINT  =        20.4716
 EAMBER (non-restraint)  =    -36169.6709
 EKCMT  =      3189.0531  VIRIAL  =      2942.5726  VOLUME     =    116242.2052
                                                    Density    =         1.0134
 ------------------------------------------------------------------------------

wrapping first mol.:      -35.50999       25.10936       43.49068
wrapping first mol.:      -35.50999       25.10936       43.49068

 NSTEP =    21500   TIME(PS) =    1983.000  TEMP(K) =   301.78  PRESS =     3.8
 Etot   =    -28915.3119  EKtot   =      7096.4268  EPtot      =    -36011.7387
 BOND   =       144.4442  ANGLE   =       403.6351  DIHED      =       628.9353
 1-4 NB =       176.6517  1-4 EEL =      2430.8139  VDWAALS    =      4662.2470
 EELEC  =    -44483.0417  EHBOND  =         0.0000  RESTRAINT  =        24.5758
 EAMBER (non-restraint)  =    -36036.3145
 EKCMT  =      3246.4397  VIRIAL  =      3236.9296  VOLUME     =    116333.1541
                                                    Density    =         1.0126
 ------------------------------------------------------------------------------

wrapping first mol.:      -35.53849       25.12951       43.52559
wrapping first mol.:      -35.53849       25.12951       43.52559

 NSTEP =    22000   TIME(PS) =    1984.000  TEMP(K) =   297.66  PRESS =   125.0
 Etot   =    -28904.7546  EKtot   =      6999.6475  EPtot      =    -35904.4020
 BOND   =       137.9461  ANGLE   =       431.7081  DIHED      =       641.6957
 1-4 NB =       177.4556  1-4 EEL =      2417.0150  VDWAALS    =      4758.7601
 EELEC  =    -44490.6482  EHBOND  =         0.0000  RESTRAINT  =        21.6655
 EAMBER (non-restraint)  =    -35926.0675
 EKCMT  =      3319.9631  VIRIAL  =      3005.1815  VOLUME     =    116612.2472
                                                    Density    =         1.0101
 ------------------------------------------------------------------------------

wrapping first mol.:      -35.54597       25.13480       43.53475
wrapping first mol.:      -35.54597       25.13480       43.53475

 NSTEP =    22500   TIME(PS) =    1985.000  TEMP(K) =   300.92  PRESS =   -57.8
 Etot   =    -28908.1494  EKtot   =      7076.1816  EPtot      =    -35984.3310
 BOND   =       148.9720  ANGLE   =       405.7007  DIHED      =       629.1474
 1-4 NB =       189.6292  1-4 EEL =      2438.3341  VDWAALS    =      4634.4529
 EELEC  =    -44454.3182  EHBOND  =         0.0000  RESTRAINT  =        23.7510
 EAMBER (non-restraint)  =    -36008.0820
 EKCMT  =      3287.3119  VIRIAL  =      3432.9466  VOLUME     =    116687.7667
                                                    Density    =         1.0095
 ------------------------------------------------------------------------------

wrapping first mol.:      -35.55779       25.14316       43.54922
wrapping first mol.:      -35.55779       25.14316       43.54922

 NSTEP =    23000   TIME(PS) =    1986.000  TEMP(K) =   302.69  PRESS =  -125.4
 Etot   =    -29178.9530  EKtot   =      7117.9590  EPtot      =    -36296.9120
 BOND   =       158.4868  ANGLE   =       397.6044  DIHED      =       632.5506
 1-4 NB =       179.2176  1-4 EEL =      2398.2396  VDWAALS    =      4825.8067
 EELEC  =    -44908.5406  EHBOND  =         0.0000  RESTRAINT  =        19.7229
 EAMBER (non-restraint)  =    -36316.6349
 EKCMT  =      3299.1580  VIRIAL  =      3615.3772  VOLUME     =    116804.9089
                                                    Density    =         1.0085
 ------------------------------------------------------------------------------

wrapping first mol.:      -35.57498       25.15531       43.57028
wrapping first mol.:      -35.57498       25.15531       43.57028

 NSTEP =    23500   TIME(PS) =    1987.000  TEMP(K) =   295.99  PRESS =    63.8
 Etot   =    -29220.7250  EKtot   =      6960.4189  EPtot      =    -36181.1440
 BOND   =       144.6038  ANGLE   =       398.0982  DIHED      =       620.7210
 1-4 NB =       179.0761  1-4 EEL =      2426.5233  VDWAALS    =      4732.5978
 EELEC  =    -44700.2452  EHBOND  =         0.0000  RESTRAINT  =        17.4810
 EAMBER (non-restraint)  =    -36198.6249
 EKCMT  =      3198.8361  VIRIAL  =      3037.7296  VOLUME     =    116972.4136
                                                    Density    =         1.0070
 ------------------------------------------------------------------------------

wrapping first mol.:      -35.55908       25.14407       43.55081
wrapping first mol.:      -35.55908       25.14407       43.55081

 NSTEP =    24000   TIME(PS) =    1988.000  TEMP(K) =   299.85  PRESS =    80.7
 Etot   =    -29040.8337  EKtot   =      7050.9902  EPtot      =    -36091.8240
 BOND   =       174.4287  ANGLE   =       404.2432  DIHED      =       614.0163
 1-4 NB =       185.1329  1-4 EEL =      2423.7856  VDWAALS    =      4775.9176
 EELEC  =    -44700.3791  EHBOND  =         0.0000  RESTRAINT  =        31.0308
 EAMBER (non-restraint)  =    -36122.8548
 EKCMT  =      3148.4766  VIRIAL  =      2944.9400  VOLUME     =    116815.5039
                                                    Density    =         1.0084
 ------------------------------------------------------------------------------

wrapping first mol.:      -35.59299       25.16805       43.59234
wrapping first mol.:      -35.59299       25.16805       43.59234

 NSTEP =    24500   TIME(PS) =    1989.000  TEMP(K) =   299.28  PRESS =   101.0
 Etot   =    -29102.7767  EKtot   =      7037.6616  EPtot      =    -36140.4383
 BOND   =       144.1986  ANGLE   =       431.9664  DIHED      =       637.1145
 1-4 NB =       177.4167  1-4 EEL =      2409.3683  VDWAALS    =      4713.0641
 EELEC  =    -44674.0675  EHBOND  =         0.0000  RESTRAINT  =        20.5006
 EAMBER (non-restraint)  =    -36160.9389
 EKCMT  =      3259.3374  VIRIAL  =      3003.9078  VOLUME     =    117149.8424
                                                    Density    =         1.0055
 ------------------------------------------------------------------------------

wrapping first mol.:      -35.62787       25.19271       43.63506
wrapping first mol.:      -35.62787       25.19271       43.63506

 NSTEP =    25000   TIME(PS) =    1990.000  TEMP(K) =   295.16  PRESS =    65.0
 Etot   =    -29119.9841  EKtot   =      6940.7969  EPtot      =    -36060.7809
 BOND   =       146.1516  ANGLE   =       387.4266  DIHED      =       624.7268
 1-4 NB =       175.9299  1-4 EEL =      2438.0863  VDWAALS    =      4720.5986
 EELEC  =    -44576.1587  EHBOND  =         0.0000  RESTRAINT  =        22.4580
 EAMBER (non-restraint)  =    -36083.2390
 EKCMT  =      3194.1377  VIRIAL  =      3029.1934  VOLUME     =    117494.9238
                                                    Density    =         1.0026
 ------------------------------------------------------------------------------

wrapping first mol.:      -35.61148       25.18112       43.61498
wrapping first mol.:      -35.61148       25.18112       43.61498

 NSTEP =    25500   TIME(PS) =    1991.000  TEMP(K) =   303.98  PRESS =   -14.2
 Etot   =    -28914.1597  EKtot   =      7148.2090  EPtot      =    -36062.3687
 BOND   =       159.4076  ANGLE   =       424.7845  DIHED      =       638.9516
 1-4 NB =       172.8265  1-4 EEL =      2422.1605  VDWAALS    =      4797.7809
 EELEC  =    -44704.1064  EHBOND  =         0.0000  RESTRAINT  =        25.8261
 EAMBER (non-restraint)  =    -36088.1948
 EKCMT  =      3370.8724  VIRIAL  =      3406.8117  VOLUME     =    117333.6770
                                                    Density    =         1.0039
 ------------------------------------------------------------------------------

wrapping first mol.:      -35.59094       25.16660       43.58983
wrapping first mol.:      -35.59094       25.16660       43.58983

 NSTEP =    26000   TIME(PS) =    1992.000  TEMP(K) =   293.44  PRESS =  -262.0
 Etot   =    -29247.2087  EKtot   =      6900.2705  EPtot      =    -36147.4792
 BOND   =       156.0225  ANGLE   =       403.7524  DIHED      =       627.9845
 1-4 NB =       178.8234  1-4 EEL =      2432.3485  VDWAALS    =      4697.5499
 EELEC  =    -44669.2366  EHBOND  =         0.0000  RESTRAINT  =        25.2762
 EAMBER (non-restraint)  =    -36172.7554
 EKCMT  =      3143.9390  VIRIAL  =      3806.6290  VOLUME     =    117133.4003
                                                    Density    =         1.0057
 ------------------------------------------------------------------------------

wrapping first mol.:      -35.56959       25.15151       43.56368
wrapping first mol.:      -35.56959       25.15151       43.56368

 NSTEP =    26500   TIME(PS) =    1993.000  TEMP(K) =   299.09  PRESS =    76.7
 Etot   =    -28999.8937  EKtot   =      7033.1377  EPtot      =    -36033.0314
 BOND   =       153.9408  ANGLE   =       390.7227  DIHED      =       641.9746
 1-4 NB =       178.3186  1-4 EEL =      2414.6060  VDWAALS    =      4781.8971
 EELEC  =    -44621.2096  EHBOND  =         0.0000  RESTRAINT  =        26.7184
 EAMBER (non-restraint)  =    -36059.7499
 EKCMT  =      3210.1692  VIRIAL  =      3016.5863  VOLUME     =    116919.1767
                                                    Density    =         1.0075
 ------------------------------------------------------------------------------

wrapping first mol.:      -35.56300       25.14684       43.55560
wrapping first mol.:      -35.56300       25.14684       43.55560

 NSTEP =    27000   TIME(PS) =    1994.000  TEMP(K) =   295.22  PRESS =   -84.7
 Etot   =    -29234.8828  EKtot   =      6942.3364  EPtot      =    -36177.2192
 BOND   =       168.7944  ANGLE   =       363.3648  DIHED      =       633.9069
 1-4 NB =       177.8381  1-4 EEL =      2423.5264  VDWAALS    =      4727.0440
 EELEC  =    -44695.6881  EHBOND  =         0.0000  RESTRAINT  =        23.9943
 EAMBER (non-restraint)  =    -36201.2135
 EKCMT  =      3172.5484  VIRIAL  =      3386.3582  VOLUME     =    116855.8312
                                                    Density    =         1.0080
 ------------------------------------------------------------------------------

wrapping first mol.:      -35.54510       25.13419       43.53368
wrapping first mol.:      -35.54510       25.13419       43.53368

 NSTEP =    27500   TIME(PS) =    1995.000  TEMP(K) =   297.08  PRESS =  -296.2
 Etot   =    -29060.1421  EKtot   =      6986.0444  EPtot      =    -36046.1865
 BOND   =       149.2763  ANGLE   =       385.7288  DIHED      =       634.7801
 1-4 NB =       181.2610  1-4 EEL =      2411.7621  VDWAALS    =      4565.6542
 EELEC  =    -44394.4768  EHBOND  =         0.0000  RESTRAINT  =        19.8277
 EAMBER (non-restraint)  =    -36066.0142
 EKCMT  =      3195.4555  VIRIAL  =      3941.7816  VOLUME     =    116681.6822
                                                    Density    =         1.0095
 ------------------------------------------------------------------------------

wrapping first mol.:      -35.55159       25.13878       43.54164
wrapping first mol.:      -35.55159       25.13878       43.54164

 NSTEP =    28000   TIME(PS) =    1996.000  TEMP(K) =   302.96  PRESS =    61.1
 Etot   =    -28987.1950  EKtot   =      7124.2344  EPtot      =    -36111.4294
 BOND   =       158.1874  ANGLE   =       405.3949  DIHED      =       624.1212
 1-4 NB =       169.8088  1-4 EEL =      2424.4162  VDWAALS    =      4779.6832
 EELEC  =    -44703.9808  EHBOND  =         0.0000  RESTRAINT  =        30.9398
 EAMBER (non-restraint)  =    -36142.3692
 EKCMT  =      3248.9325  VIRIAL  =      3094.9176  VOLUME     =    116741.9501
                                                    Density    =         1.0090
 ------------------------------------------------------------------------------

wrapping first mol.:      -35.54664       25.13528       43.53557
wrapping first mol.:      -35.54664       25.13528       43.53557

 NSTEP =    28500   TIME(PS) =    1997.000  TEMP(K) =   304.41  PRESS =  -102.6
 Etot   =    -29034.2900  EKtot   =      7158.3535  EPtot      =    -36192.6435
 BOND   =       157.4878  ANGLE   =       383.8668  DIHED      =       622.0489
 1-4 NB =       178.3969  1-4 EEL =      2417.0604  VDWAALS    =      4814.2605
 EELEC  =    -44786.0928  EHBOND  =         0.0000  RESTRAINT  =        20.3281
 EAMBER (non-restraint)  =    -36212.9716
 EKCMT  =      3281.2041  VIRIAL  =      3539.7806  VOLUME     =    116694.8773
                                                    Density    =         1.0094
 ------------------------------------------------------------------------------

wrapping first mol.:      -35.57374       25.15444       43.56876
wrapping first mol.:      -35.57374       25.15444       43.56876

 NSTEP =    29000   TIME(PS) =    1998.000  TEMP(K) =   299.87  PRESS =   310.7
 Etot   =    -28893.7831  EKtot   =      7051.4990  EPtot      =    -35945.2821
 BOND   =       150.4939  ANGLE   =       418.4481  DIHED      =       617.5099
 1-4 NB =       177.8825  1-4 EEL =      2408.8069  VDWAALS    =      4798.7524
 EELEC  =    -44542.6070  EHBOND  =         0.0000  RESTRAINT  =        25.4311
 EAMBER (non-restraint)  =    -35970.7132
 EKCMT  =      3238.6869  VIRIAL  =      2453.9820  VOLUME     =    116957.6099
                                                    Density    =         1.0072
 ------------------------------------------------------------------------------

wrapping first mol.:      -35.60855       25.17905       43.61140
wrapping first mol.:      -35.60855       25.17905       43.61140

 NSTEP =    29500   TIME(PS) =    1999.000  TEMP(K) =   304.32  PRESS =   -39.0
 Etot   =    -28887.0310  EKtot   =      7156.2886  EPtot      =    -36043.3195
 BOND   =       138.1846  ANGLE   =       385.0047  DIHED      =       627.7856
 1-4 NB =       169.3377  1-4 EEL =      2434.1606  VDWAALS    =      4714.5852
 EELEC  =    -44533.6442  EHBOND  =         0.0000  RESTRAINT  =        21.2663
 EAMBER (non-restraint)  =    -36064.5859
 EKCMT  =      3295.3815  VIRIAL  =      3394.0526  VOLUME     =    117305.0022
                                                    Density    =         1.0042
 ------------------------------------------------------------------------------

wrapping first mol.:      -35.57124       25.15267       43.56570
wrapping first mol.:      -35.57124       25.15267       43.56570

 NSTEP =    30000   TIME(PS) =    2000.000  TEMP(K) =   299.36  PRESS =  -111.7
 Etot   =    -29052.0092  EKtot   =      7039.6484  EPtot      =    -36091.6576
 BOND   =       149.0926  ANGLE   =       383.0863  DIHED      =       622.0455
 1-4 NB =       183.9895  1-4 EEL =      2435.0110  VDWAALS    =      4793.1055
 EELEC  =    -44676.4988  EHBOND  =         0.0000  RESTRAINT  =        18.5107
 EAMBER (non-restraint)  =    -36110.1683
 EKCMT  =      3214.9684  VIRIAL  =      3496.9684  VOLUME     =    116937.4100
                                                    Density    =         1.0073
 ------------------------------------------------------------------------------

wrapping first mol.:      -35.48237       25.08983       43.45686
wrapping first mol.:      -35.48237       25.08983       43.45686

 NSTEP =    30500   TIME(PS) =    2001.000  TEMP(K) =   299.99  PRESS =  -155.2
 Etot   =    -29047.0794  EKtot   =      7054.4355  EPtot      =    -36101.5150
 BOND   =       148.4436  ANGLE   =       408.5311  DIHED      =       613.8027
 1-4 NB =       184.9640  1-4 EEL =      2411.1809  VDWAALS    =      4682.6984
 EELEC  =    -44575.5668  EHBOND  =         0.0000  RESTRAINT  =        24.4312
 EAMBER (non-restraint)  =    -36125.9462
 EKCMT  =      3216.0465  VIRIAL  =      3604.9249  VOLUME     =    116063.5918
                                                    Density    =         1.0149
 ------------------------------------------------------------------------------

wrapping first mol.:      -35.51002       25.10938       43.49072
wrapping first mol.:      -35.51002       25.10938       43.49072

 NSTEP =    31000   TIME(PS) =    2002.000  TEMP(K) =   306.13  PRESS =   -35.3
 Etot   =    -28970.9903  EKtot   =      7198.7349  EPtot      =    -36169.7251
 BOND   =       159.0780  ANGLE   =       404.6194  DIHED      =       627.4646
 1-4 NB =       172.5012  1-4 EEL =      2408.5112  VDWAALS    =      4687.5377
 EELEC  =    -44659.0025  EHBOND  =         0.0000  RESTRAINT  =        29.5653
 EAMBER (non-restraint)  =    -36199.2904
 EKCMT  =      3270.2241  VIRIAL  =      3358.8238  VOLUME     =    116333.8511
                                                    Density    =         1.0126
 ------------------------------------------------------------------------------

wrapping first mol.:      -35.61063       25.18052       43.61394
wrapping first mol.:      -35.61063       25.18052       43.61394

 NSTEP =    31500   TIME(PS) =    2003.000  TEMP(K) =   305.24  PRESS =   283.5
 Etot   =    -28828.0003  EKtot   =      7177.9062  EPtot      =    -36005.9066
 BOND   =       157.2462  ANGLE   =       387.7877  DIHED      =       631.8385
 1-4 NB =       173.8809  1-4 EEL =      2412.5617  VDWAALS    =      4850.6022
 EELEC  =    -44648.8685  EHBOND  =         0.0000  RESTRAINT  =        29.0446
 EAMBER (non-restraint)  =    -36034.9512
 EKCMT  =      3332.5954  VIRIAL  =      2614.4828  VOLUME     =    117322.1329
                                                    Density    =         1.0040
 ------------------------------------------------------------------------------

wrapping first mol.:      -35.52554       25.12035       43.50973
wrapping first mol.:      -35.52554       25.12035       43.50973

 NSTEP =    32000   TIME(PS) =    2004.000  TEMP(K) =   298.65  PRESS =  -303.2
 Etot   =    -29204.4734  EKtot   =      7022.9639  EPtot      =    -36227.4373
 BOND   =       161.0613  ANGLE   =       395.8587  DIHED      =       628.0523
 1-4 NB =       172.7790  1-4 EEL =      2411.6750  VDWAALS    =      4637.4743
 EELEC  =    -44658.5387  EHBOND  =         0.0000  RESTRAINT  =        24.2010
 EAMBER (non-restraint)  =    -36251.6382
 EKCMT  =      3282.5728  VIRIAL  =      4045.1482  VOLUME     =    116489.2463
                                                    Density    =         1.0112
 ------------------------------------------------------------------------------

wrapping first mol.:      -35.55574       25.14171       43.54672
wrapping first mol.:      -35.55574       25.14171       43.54672

 NSTEP =    32500   TIME(PS) =    2005.000  TEMP(K) =   297.50  PRESS =   313.0
 Etot   =    -29065.1749  EKtot   =      6995.7495  EPtot      =    -36060.9244
 BOND   =       162.3444  ANGLE   =       416.2814  DIHED      =       624.2808
 1-4 NB =       161.0924  1-4 EEL =      2379.5762  VDWAALS    =      4880.8990
 EELEC  =    -44711.4690  EHBOND  =         0.0000  RESTRAINT  =        26.0704
 EAMBER (non-restraint)  =    -36086.9948
 EKCMT  =      3185.5425  VIRIAL  =      2396.3717  VOLUME     =    116780.1945
                                                    Density    =         1.0087
 ------------------------------------------------------------------------------

wrapping first mol.:      -35.56979       25.15165       43.56393
wrapping first mol.:      -35.56979       25.15165       43.56393

 NSTEP =    33000   TIME(PS) =    2006.000  TEMP(K) =   302.64  PRESS =   111.4
 Etot   =    -29098.8359  EKtot   =      7116.7041  EPtot      =    -36215.5400
 BOND   =       148.2434  ANGLE   =       407.0701  DIHED      =       612.8564
 1-4 NB =       169.3087  1-4 EEL =      2429.3023  VDWAALS    =      4879.4656
 EELEC  =    -44884.3390  EHBOND  =         0.0000  RESTRAINT  =        22.5525
 EAMBER (non-restraint)  =    -36238.0926
 EKCMT  =      3269.3380  VIRIAL  =      2988.0190  VOLUME     =    116920.7783
                                                    Density    =         1.0075
 ------------------------------------------------------------------------------

wrapping first mol.:      -35.54893       25.13689       43.53837
wrapping first mol.:      -35.54893       25.13689       43.53837

 NSTEP =    33500   TIME(PS) =    2007.000  TEMP(K) =   301.55  PRESS =   -24.9
 Etot   =    -29004.5557  EKtot   =      7091.1294  EPtot      =    -36095.6851
 BOND   =       149.0145  ANGLE   =       429.5309  DIHED      =       614.9402
 1-4 NB =       173.4494  1-4 EEL =      2414.2713  VDWAALS    =      4783.9558
 EELEC  =    -44684.5026  EHBOND  =         0.0000  RESTRAINT  =        23.6553
 EAMBER (non-restraint)  =    -36119.3404
 EKCMT  =      3256.6891  VIRIAL  =      3319.4316  VOLUME     =    116716.5913
                                                    Density    =         1.0092
 ------------------------------------------------------------------------------

wrapping first mol.:      -35.55126       25.13854       43.54122
wrapping first mol.:      -35.55126       25.13854       43.54122

 NSTEP =    34000   TIME(PS) =    2008.000  TEMP(K) =   303.00  PRESS =  -100.3
 Etot   =    -29101.8665  EKtot   =      7125.0928  EPtot      =    -36226.9593
 BOND   =       150.1118  ANGLE   =       396.5972  DIHED      =       623.9387
 1-4 NB =       174.6081  1-4 EEL =      2405.5507  VDWAALS    =      4734.0917
 EELEC  =    -44738.1447  EHBOND  =         0.0000  RESTRAINT  =        26.2872
 EAMBER (non-restraint)  =    -36253.2465
 EKCMT  =      3299.1133  VIRIAL  =      3551.9816  VOLUME     =    116740.2912
                                                    Density    =         1.0090
 ------------------------------------------------------------------------------

wrapping first mol.:      -35.52039       25.11672       43.50342
wrapping first mol.:      -35.52039       25.11672       43.50342

 NSTEP =    34500   TIME(PS) =    2009.000  TEMP(K) =   302.13  PRESS =  -132.5
 Etot   =    -28931.3711  EKtot   =      7104.6299  EPtot      =    -36036.0010
 BOND   =       138.6842  ANGLE   =       431.6418  DIHED      =       630.0626
 1-4 NB =       184.8203  1-4 EEL =      2410.0520  VDWAALS    =      4604.6836
 EELEC  =    -44461.1294  EHBOND  =         0.0000  RESTRAINT  =        25.1841
 EAMBER (non-restraint)  =    -36061.1850
 EKCMT  =      3256.8315  VIRIAL  =      3590.0032  VOLUME     =    116436.8483
                                                    Density    =         1.0117
 ------------------------------------------------------------------------------

wrapping first mol.:      -35.53588       25.12767       43.52239
wrapping first mol.:      -35.53588       25.12767       43.52239

 NSTEP =    35000   TIME(PS) =    2010.000  TEMP(K) =   299.93  PRESS =  -239.1
 Etot   =    -29119.7028  EKtot   =      7052.9907  EPtot      =    -36172.6935
 BOND   =       144.2419  ANGLE   =       387.5316  DIHED      =       617.6094
 1-4 NB =       168.5358  1-4 EEL =      2417.4671  VDWAALS    =      4620.6282
 EELEC  =    -44554.3947  EHBOND  =         0.0000  RESTRAINT  =        25.6872
 EAMBER (non-restraint)  =    -36198.3807
 EKCMT  =      3266.9844  VIRIAL  =      3868.9017  VOLUME     =    116590.3483
                                                    Density    =         1.0103
 ------------------------------------------------------------------------------

wrapping first mol.:      -35.50714       25.10735       43.48720
wrapping first mol.:      -35.50714       25.10735       43.48720

 NSTEP =    35500   TIME(PS) =    2011.000  TEMP(K) =   295.20  PRESS =    50.5
 Etot   =    -29220.8645  EKtot   =      6941.7183  EPtot      =    -36162.5827
 BOND   =       142.0929  ANGLE   =       392.8740  DIHED      =       616.3095
 1-4 NB =       187.4185  1-4 EEL =      2430.7690  VDWAALS    =      4733.7003
 EELEC  =    -44694.4983  EHBOND  =         0.0000  RESTRAINT  =        28.7514
 EAMBER (non-restraint)  =    -36191.3341
 EKCMT  =      3211.4772  VIRIAL  =      3084.7364  VOLUME     =    116304.6928
                                                    Density    =         1.0128
 ------------------------------------------------------------------------------

wrapping first mol.:      -35.45780       25.07246       43.42676
wrapping first mol.:      -35.45780       25.07246       43.42676

 NSTEP =    36000   TIME(PS) =    2012.000  TEMP(K) =   299.89  PRESS =    66.9
 Etot   =    -29061.4345  EKtot   =      7052.0508  EPtot      =    -36113.4853
 BOND   =       152.5961  ANGLE   =       405.2236  DIHED      =       629.7735
 1-4 NB =       178.5377  1-4 EEL =      2422.3584  VDWAALS    =      4730.2582
 EELEC  =    -44656.5437  EHBOND  =         0.0000  RESTRAINT  =        24.3108
 EAMBER (non-restraint)  =    -36137.7961
 EKCMT  =      3218.7193  VIRIAL  =      3051.4402  VOLUME     =    115820.3250
                                                    Density    =         1.0171
 ------------------------------------------------------------------------------

wrapping first mol.:      -35.53953       25.13025       43.52686
wrapping first mol.:      -35.53953       25.13025       43.52686

 NSTEP =    36500   TIME(PS) =    2013.000  TEMP(K) =   299.22  PRESS =   139.2
 Etot   =    -29068.9651  EKtot   =      7036.3252  EPtot      =    -36105.2903
 BOND   =       153.4932  ANGLE   =       399.9559  DIHED      =       630.9473
 1-4 NB =       170.8187  1-4 EEL =      2421.4649  VDWAALS    =      4741.0811
 EELEC  =    -44646.1390  EHBOND  =         0.0000  RESTRAINT  =        23.0877
 EAMBER (non-restraint)  =    -36128.3780
 EKCMT  =      3226.6329  VIRIAL  =      2876.0594  VOLUME     =    116622.3233
                                                    Density    =         1.0101
 ------------------------------------------------------------------------------

wrapping first mol.:      -35.57451       25.15498       43.56970
wrapping first mol.:      -35.57451       25.15498       43.56970

 NSTEP =    37000   TIME(PS) =    2014.000  TEMP(K) =   301.91  PRESS =    35.5
 Etot   =    -29036.7057  EKtot   =      7099.4961  EPtot      =    -36136.2018
 BOND   =       145.2613  ANGLE   =       409.8789  DIHED      =       639.3183
 1-4 NB =       176.1666  1-4 EEL =      2405.9559  VDWAALS    =      4745.3448
 EELEC  =    -44676.6479  EHBOND  =         0.0000  RESTRAINT  =        18.5202
 EAMBER (non-restraint)  =    -36154.7220
 EKCMT  =      3240.2038  VIRIAL  =      3150.6554  VOLUME     =    116968.0887
                                                    Density    =         1.0071
 ------------------------------------------------------------------------------

wrapping first mol.:      -35.55857       25.14371       43.55018
wrapping first mol.:      -35.55857       25.14371       43.55018

 NSTEP =    37500   TIME(PS) =    2015.000  TEMP(K) =   297.85  PRESS =   -44.5
 Etot   =    -29064.0063  EKtot   =      7004.1211  EPtot      =    -36068.1274
 BOND   =       147.8931  ANGLE   =       383.0600  DIHED      =       633.5026
 1-4 NB =       175.4983  1-4 EEL =      2429.3661  VDWAALS    =      4764.3712
 EELEC  =    -44623.2032  EHBOND  =         0.0000  RESTRAINT  =        21.3846
 EAMBER (non-restraint)  =    -36089.5120
 EKCMT  =      3164.4286  VIRIAL  =      3276.6573  VOLUME     =    116811.7546
                                                    Density    =         1.0084
 ------------------------------------------------------------------------------

wrapping first mol.:      -35.54396       25.13338       43.53229
wrapping first mol.:      -35.54396       25.13338       43.53229

 NSTEP =    38000   TIME(PS) =    2016.000  TEMP(K) =   303.92  PRESS =  -146.2
 Etot   =    -28758.2935  EKtot   =      7146.8975  EPtot      =    -35905.1910
 BOND   =       166.1133  ANGLE   =       418.8096  DIHED      =       634.8974
 1-4 NB =       180.6500  1-4 EEL =      2430.6024  VDWAALS    =      4644.6392
 EELEC  =    -44407.0308  EHBOND  =         0.0000  RESTRAINT  =        26.1280
 EAMBER (non-restraint)  =    -35931.3190
 EKCMT  =      3309.9577  VIRIAL  =      3678.2476  VOLUME     =    116668.8969
                                                    Density    =         1.0097
 ------------------------------------------------------------------------------

wrapping first mol.:      -35.55557       25.14159       43.54651
wrapping first mol.:      -35.55557       25.14159       43.54651

 NSTEP =    38500   TIME(PS) =    2017.000  TEMP(K) =   299.08  PRESS =   116.6
 Etot   =    -28994.4093  EKtot   =      7032.9512  EPtot      =    -36027.3604
 BOND   =       169.4710  ANGLE   =       393.8884  DIHED      =       621.9303
 1-4 NB =       171.1526  1-4 EEL =      2425.1113  VDWAALS    =      4706.3264
 EELEC  =    -44538.4041  EHBOND  =         0.0000  RESTRAINT  =        23.1638
 EAMBER (non-restraint)  =    -36050.5242
 EKCMT  =      3251.7226  VIRIAL  =      2957.6520  VOLUME     =    116780.5342
                                                    Density    =         1.0087
 ------------------------------------------------------------------------------

wrapping first mol.:      -35.52553       25.12035       43.50972
wrapping first mol.:      -35.52553       25.12035       43.50972

 NSTEP =    39000   TIME(PS) =    2018.000  TEMP(K) =   302.45  PRESS =  -306.7
 Etot   =    -28861.5053  EKtot   =      7112.2280  EPtot      =    -35973.7333
 BOND   =       143.8338  ANGLE   =       404.6735  DIHED      =       629.4592
 1-4 NB =       176.1736  1-4 EEL =      2403.9168  VDWAALS    =      4579.7187
 EELEC  =    -44331.5603  EHBOND  =         0.0000  RESTRAINT  =        20.0515
 EAMBER (non-restraint)  =    -35993.7848
 EKCMT  =      3292.0009  VIRIAL  =      4063.3220  VOLUME     =    116489.2293
                                                    Density    =         1.0112
 ------------------------------------------------------------------------------

wrapping first mol.:      -35.49361       25.09778       43.47062
wrapping first mol.:      -35.49361       25.09778       43.47062

 NSTEP =    39500   TIME(PS) =    2019.000  TEMP(K) =   298.62  PRESS =   -33.1
 Etot   =    -29134.4709  EKtot   =      7022.0767  EPtot      =    -36156.5475
 BOND   =       157.2020  ANGLE   =       381.5334  DIHED      =       623.0037
 1-4 NB =       180.9352  1-4 EEL =      2404.6896  VDWAALS    =      4733.4437
 EELEC  =    -44661.1130  EHBOND  =         0.0000  RESTRAINT  =        23.7577
 EAMBER (non-restraint)  =    -36180.3053
 EKCMT  =      3285.6623  VIRIAL  =      3368.6901  VOLUME     =    116172.6281
                                                    Density    =         1.0140
 ------------------------------------------------------------------------------

wrapping first mol.:      -35.50276       25.10425       43.48183
wrapping first mol.:      -35.50276       25.10425       43.48183

 NSTEP =    40000   TIME(PS) =    2020.000  TEMP(K) =   301.07  PRESS =  -288.7
 Etot   =    -29087.6985  EKtot   =      7079.8066  EPtot      =    -36167.5051
 BOND   =       150.2913  ANGLE   =       401.8555  DIHED      =       638.1851
 1-4 NB =       172.8278  1-4 EEL =      2399.7856  VDWAALS    =      4615.0320
 EELEC  =    -44567.2467  EHBOND  =         0.0000  RESTRAINT  =        21.7642
 EAMBER (non-restraint)  =    -36189.2693
 EKCMT  =      3257.9475  VIRIAL  =      3982.7323  VOLUME     =    116265.1934
                                                    Density    =         1.0132
 ------------------------------------------------------------------------------

wrapping first mol.:      -35.51841       25.11532       43.50100
wrapping first mol.:      -35.51841       25.11532       43.50100

 NSTEP =    40500   TIME(PS) =    2021.000  TEMP(K) =   297.42  PRESS =    74.9
 Etot   =    -29222.6518  EKtot   =      6993.9224  EPtot      =    -36216.5741
 BOND   =       146.6344  ANGLE   =       385.4536  DIHED      =       632.3924
 1-4 NB =       190.8948  1-4 EEL =      2449.7852  VDWAALS    =      4715.4416
 EELEC  =    -44764.1199  EHBOND  =         0.0000  RESTRAINT  =        26.9438
 EAMBER (non-restraint)  =    -36243.5179
 EKCMT  =      3184.6464  VIRIAL  =      2996.4299  VOLUME     =    116415.2236
                                                    Density    =         1.0119
 ------------------------------------------------------------------------------

wrapping first mol.:      -35.54331       25.13292       43.53149
wrapping first mol.:      -35.54331       25.13292       43.53149

 NSTEP =    41000   TIME(PS) =    2022.000  TEMP(K) =   299.51  PRESS =   568.5
 Etot   =    -29208.6794  EKtot   =      7043.2129  EPtot      =    -36251.8923
 BOND   =       175.8088  ANGLE   =       370.1187  DIHED      =       642.0946
 1-4 NB =       176.4824  1-4 EEL =      2423.2171  VDWAALS    =      4909.7121
 EELEC  =    -44972.4800  EHBOND  =         0.0000  RESTRAINT  =        23.1539
 EAMBER (non-restraint)  =    -36275.0462
 EKCMT  =      3252.5299  VIRIAL  =      1820.6666  VOLUME     =    116655.0540
                                                    Density    =         1.0098
 ------------------------------------------------------------------------------

wrapping first mol.:      -35.55497       25.14117       43.54578
wrapping first mol.:      -35.55497       25.14117       43.54578

 NSTEP =    41500   TIME(PS) =    2023.000  TEMP(K) =   300.46  PRESS =  -308.1
 Etot   =    -28973.9088  EKtot   =      7065.5469  EPtot      =    -36039.4557
 BOND   =       144.5301  ANGLE   =       409.8305  DIHED      =       641.2644
 1-4 NB =       185.1745  1-4 EEL =      2455.0299  VDWAALS    =      4629.1750
 EELEC  =    -44527.9915  EHBOND  =         0.0000  RESTRAINT  =        23.5314
 EAMBER (non-restraint)  =    -36062.9871
 EKCMT  =      3191.2655  VIRIAL  =      3967.9961  VOLUME     =    116779.0861
                                                    Density    =         1.0087
 ------------------------------------------------------------------------------

wrapping first mol.:      -35.54247       25.13232       43.53046
wrapping first mol.:      -35.54247       25.13232       43.53046

 NSTEP =    42000   TIME(PS) =    2024.000  TEMP(K) =   301.39  PRESS =   -99.6
 Etot   =    -28905.6064  EKtot   =      7087.2861  EPtot      =    -35992.8925
 BOND   =       142.8104  ANGLE   =       411.5663  DIHED      =       645.5172
 1-4 NB =       180.9528  1-4 EEL =      2426.3009  VDWAALS    =      4684.8241
 EELEC  =    -44509.5352  EHBOND  =         0.0000  RESTRAINT  =        24.6710
 EAMBER (non-restraint)  =    -36017.5635
 EKCMT  =      3347.9783  VIRIAL  =      3598.8562  VOLUME     =    116653.7279
                                                    Density    =         1.0098
 ------------------------------------------------------------------------------

wrapping first mol.:      -35.55710       25.14267       43.54838
wrapping first mol.:      -35.55710       25.14267       43.54838

 NSTEP =    42500   TIME(PS) =    2025.000  TEMP(K) =   300.84  PRESS =   -94.7
 Etot   =    -29025.1656  EKtot   =      7074.4634  EPtot      =    -36099.6290
 BOND   =       151.7162  ANGLE   =       416.6404  DIHED      =       638.1978
 1-4 NB =       177.7432  1-4 EEL =      2413.5545  VDWAALS    =      4651.0261
 EELEC  =    -44570.0023  EHBOND  =         0.0000  RESTRAINT  =        21.4952
 EAMBER (non-restraint)  =    -36121.1242
 EKCMT  =      3261.7599  VIRIAL  =      3500.6460  VOLUME     =    116797.8100
                                                    Density    =         1.0085
 ------------------------------------------------------------------------------

wrapping first mol.:      -35.59811       25.17167       43.59861
wrapping first mol.:      -35.59811       25.17167       43.59861

 NSTEP =    43000   TIME(PS) =    2026.000  TEMP(K) =   296.83  PRESS =   419.0
 Etot   =    -29119.3199  EKtot   =      6980.0952  EPtot      =    -36099.4151
 BOND   =       172.0972  ANGLE   =       417.2843  DIHED      =       642.9143
 1-4 NB =       179.5771  1-4 EEL =      2441.1139  VDWAALS    =      4889.8619
 EELEC  =    -44860.3279  EHBOND  =         0.0000  RESTRAINT  =        18.0640
 EAMBER (non-restraint)  =    -36117.4791
 EKCMT  =      3261.4571  VIRIAL  =      2201.1307  VOLUME     =    117197.0202
                                                    Density    =         1.0051
 ------------------------------------------------------------------------------

wrapping first mol.:      -35.56169       25.14592       43.55400
wrapping first mol.:      -35.56169       25.14592       43.55400

 NSTEP =    43500   TIME(PS) =    2027.000  TEMP(K) =   301.36  PRESS =     4.8
 Etot   =    -29190.3356  EKtot   =      7086.5811  EPtot      =    -36276.9166
 BOND   =       149.4826  ANGLE   =       403.0197  DIHED      =       634.3903
 1-4 NB =       179.4154  1-4 EEL =      2431.6090  VDWAALS    =      4866.4601
 EELEC  =    -44963.2154  EHBOND  =         0.0000  RESTRAINT  =        21.9218
 EAMBER (non-restraint)  =    -36298.8384
 EKCMT  =      3224.0770  VIRIAL  =      3211.8854  VOLUME     =    116842.0141
                                                    Density    =         1.0082
 ------------------------------------------------------------------------------

wrapping first mol.:      -35.52096       25.11711       43.50412
wrapping first mol.:      -35.52096       25.11711       43.50412

 NSTEP =    44000   TIME(PS) =    2028.000  TEMP(K) =   298.88  PRESS =    81.4
 Etot   =    -29099.6652  EKtot   =      7028.2744  EPtot      =    -36127.9396
 BOND   =       150.0690  ANGLE   =       379.9528  DIHED      =       619.9397
 1-4 NB =       178.4616  1-4 EEL =      2442.5461  VDWAALS    =      4697.6928
 EELEC  =    -44617.6674  EHBOND  =         0.0000  RESTRAINT  =        21.0658
 EAMBER (non-restraint)  =    -36149.0054
 EKCMT  =      3273.5136  VIRIAL  =      3068.8108  VOLUME     =    116440.1784
                                                    Density    =         1.0116
 ------------------------------------------------------------------------------

wrapping first mol.:      -35.53125       25.12440       43.51673
wrapping first mol.:      -35.53125       25.12440       43.51673

 NSTEP =    44500   TIME(PS) =    2029.000  TEMP(K) =   298.21  PRESS =  -157.6
 Etot   =    -29003.1006  EKtot   =      7012.4321  EPtot      =    -36015.5327
 BOND   =       164.5783  ANGLE   =       380.7781  DIHED      =       638.3907
 1-4 NB =       169.8307  1-4 EEL =      2408.6998  VDWAALS    =      4637.9017
 EELEC  =    -44435.1775  EHBOND  =         0.0000  RESTRAINT  =        19.4654
 EAMBER (non-restraint)  =    -36034.9981
 EKCMT  =      3307.5886  VIRIAL  =      3704.2617  VOLUME     =    116543.9534
                                                    Density    =         1.0107
 ------------------------------------------------------------------------------

wrapping first mol.:      -35.50049       25.10264       43.47905
wrapping first mol.:      -35.50049       25.10264       43.47905

 NSTEP =    45000   TIME(PS) =    2030.000  TEMP(K) =   299.13  PRESS =   -36.2
 Etot   =    -29131.2737  EKtot   =      7034.1899  EPtot      =    -36165.4636
 BOND   =       148.7314  ANGLE   =       385.8465  DIHED      =       640.8469
 1-4 NB =       186.3353  1-4 EEL =      2455.6686  VDWAALS    =      4752.9424
 EELEC  =    -44759.6621  EHBOND  =         0.0000  RESTRAINT  =        23.8273
 EAMBER (non-restraint)  =    -36189.2910
 EKCMT  =      3237.1973  VIRIAL  =      3327.9984  VOLUME     =    116240.2639
                                                    Density    =         1.0134
 ------------------------------------------------------------------------------

wrapping first mol.:      -35.53009       25.12357       43.51530
wrapping first mol.:      -35.53009       25.12357       43.51530

 NSTEP =    45500   TIME(PS) =    2031.000  TEMP(K) =   302.26  PRESS =   173.5
 Etot   =    -28793.0411  EKtot   =      7107.8276  EPtot      =    -35900.8687
 BOND   =       155.7601  ANGLE   =       421.8789  DIHED      =       620.7985
 1-4 NB =       177.9866  1-4 EEL =      2424.3342  VDWAALS    =      4681.3807
 EELEC  =    -44407.9157  EHBOND  =         0.0000  RESTRAINT  =        24.9079
 EAMBER (non-restraint)  =    -35925.7766
 EKCMT  =      3219.0977  VIRIAL  =      2782.6812  VOLUME     =    116529.0158
                                                    Density    =         1.0109
 ------------------------------------------------------------------------------

wrapping first mol.:      -35.54805       25.13627       43.53729
wrapping first mol.:      -35.54805       25.13627       43.53729

 NSTEP =    46000   TIME(PS) =    2032.000  TEMP(K) =   297.94  PRESS =  -123.8
 Etot   =    -28963.5069  EKtot   =      7006.1621  EPtot      =    -35969.6690
 BOND   =       155.3225  ANGLE   =       393.0315  DIHED      =       636.9664
 1-4 NB =       181.3710  1-4 EEL =      2410.7738  VDWAALS    =      4643.2366
 EELEC  =    -44414.2375  EHBOND  =         0.0000  RESTRAINT  =        23.8667
 EAMBER (non-restraint)  =    -35993.5357
 EKCMT  =      3235.2341  VIRIAL  =      3547.1239  VOLUME     =    116708.9177
                                                    Density    =         1.0093
 ------------------------------------------------------------------------------

wrapping first mol.:      -35.54327       25.13289       43.53145
wrapping first mol.:      -35.54327       25.13289       43.53145

 NSTEP =    46500   TIME(PS) =    2033.000  TEMP(K) =   298.99  PRESS =  -105.7
 Etot   =    -29138.2262  EKtot   =      7030.8262  EPtot      =    -36169.0523
 BOND   =       148.8804  ANGLE   =       417.3684  DIHED      =       621.8108
 1-4 NB =       177.5863  1-4 EEL =      2403.8380  VDWAALS    =      4780.9788
 EELEC  =    -44740.2255  EHBOND  =         0.0000  RESTRAINT  =        20.7104
 EAMBER (non-restraint)  =    -36189.7627
 EKCMT  =      3221.5347  VIRIAL  =      3487.7030  VOLUME     =    116661.7259
                                                    Density    =         1.0097
 ------------------------------------------------------------------------------

wrapping first mol.:      -35.56644       25.14928       43.55982
wrapping first mol.:      -35.56644       25.14928       43.55982

 NSTEP =    47000   TIME(PS) =    2034.000  TEMP(K) =   297.97  PRESS =    81.1
 Etot   =    -29273.2343  EKtot   =      7006.9648  EPtot      =    -36280.1992
 BOND   =       149.2647  ANGLE   =       390.7809  DIHED      =       625.2750
 1-4 NB =       174.2349  1-4 EEL =      2405.5768  VDWAALS    =      4845.5898
 EELEC  =    -44899.3533  EHBOND  =         0.0000  RESTRAINT  =        28.4321
 EAMBER (non-restraint)  =    -36308.6313
 EKCMT  =      3199.9162  VIRIAL  =      2995.2030  VOLUME     =    116888.0577
                                                    Density    =         1.0078
 ------------------------------------------------------------------------------

wrapping first mol.:      -35.56805       25.15042       43.56179
wrapping first mol.:      -35.56805       25.15042       43.56179

 NSTEP =    47500   TIME(PS) =    2035.000  TEMP(K) =   297.78  PRESS =    55.1
 Etot   =    -29118.0764  EKtot   =      7002.4087  EPtot      =    -36120.4851
 BOND   =       144.4822  ANGLE   =       403.4743  DIHED      =       633.6818
 1-4 NB =       170.3570  1-4 EEL =      2415.1948  VDWAALS    =      4682.5544
 EELEC  =    -44594.2790  EHBOND  =         0.0000  RESTRAINT  =        24.0495
 EAMBER (non-restraint)  =    -36144.5346
 EKCMT  =      3211.5339  VIRIAL  =      3072.4248  VOLUME     =    116904.2019
                                                    Density    =         1.0076
 ------------------------------------------------------------------------------

wrapping first mol.:      -35.53707       25.12851       43.52385
wrapping first mol.:      -35.53707       25.12851       43.52385

 NSTEP =    48000   TIME(PS) =    2036.000  TEMP(K) =   298.74  PRESS =     1.8
 Etot   =    -29072.2041  EKtot   =      7024.9136  EPtot      =    -36097.1177
 BOND   =       156.1417  ANGLE   =       401.7760  DIHED      =       632.8234
 1-4 NB =       172.0774  1-4 EEL =      2423.7139  VDWAALS    =      4687.1339
 EELEC  =    -44595.1286  EHBOND  =         0.0000  RESTRAINT  =        24.3446
 EAMBER (non-restraint)  =    -36121.4622
 EKCMT  =      3249.9561  VIRIAL  =      3245.5378  VOLUME     =    116599.5095
                                                    Density    =         1.0103
 ------------------------------------------------------------------------------

wrapping first mol.:      -35.53236       25.12518       43.51808
wrapping first mol.:      -35.53236       25.12518       43.51808

 NSTEP =    48500   TIME(PS) =    2037.000  TEMP(K) =   302.75  PRESS =  -272.5
 Etot   =    -28943.0235  EKtot   =      7119.2876  EPtot      =    -36062.3111
 BOND   =       148.3345  ANGLE   =       429.4058  DIHED      =       623.3176
 1-4 NB =       169.3683  1-4 EEL =      2411.4235  VDWAALS    =      4670.9465
 EELEC  =    -44539.0673  EHBOND  =         0.0000  RESTRAINT  =        23.9600
 EAMBER (non-restraint)  =    -36086.2711
 EKCMT  =      3277.7655  VIRIAL  =      3963.4220  VOLUME     =    116556.0333
                                                    Density    =         1.0106
 ------------------------------------------------------------------------------

wrapping first mol.:      -35.53428       25.12653       43.52043
wrapping first mol.:      -35.53428       25.12653       43.52043

 NSTEP =    49000   TIME(PS) =    2038.000  TEMP(K) =   298.19  PRESS =    -9.8
 Etot   =    -29036.9068  EKtot   =      7012.1172  EPtot      =    -36049.0240
 BOND   =       146.2469  ANGLE   =       411.0520  DIHED      =       629.8518
 1-4 NB =       182.1273  1-4 EEL =      2441.6177  VDWAALS    =      4737.4404
 EELEC  =    -44616.5951  EHBOND  =         0.0000  RESTRAINT  =        19.2350
 EAMBER (non-restraint)  =    -36068.2590
 EKCMT  =      3217.6496  VIRIAL  =      3242.4359  VOLUME     =    116572.1715
                                                    Density    =         1.0105
 ------------------------------------------------------------------------------

wrapping first mol.:      -35.51864       25.11548       43.50128
wrapping first mol.:      -35.51864       25.11548       43.50128

 NSTEP =    49500   TIME(PS) =    2039.000  TEMP(K) =   299.88  PRESS =  -114.9
 Etot   =    -29254.4833  EKtot   =      7051.8330  EPtot      =    -36306.3163
 BOND   =       158.0758  ANGLE   =       409.8256  DIHED      =       642.3360
 1-4 NB =       178.1212  1-4 EEL =      2446.2105  VDWAALS    =      4715.9553
 EELEC  =    -44880.8511  EHBOND  =         0.0000  RESTRAINT  =        24.0103
 EAMBER (non-restraint)  =    -36330.3266
 EKCMT  =      3211.4429  VIRIAL  =      3500.3612  VOLUME     =    116419.4486
                                                    Density    =         1.0118
 ------------------------------------------------------------------------------

wrapping first mol.:      -35.52572       25.12049       43.50995
wrapping first mol.:      -35.52572       25.12049       43.50995

 NSTEP =    50000   TIME(PS) =    2040.000  TEMP(K) =   295.76  PRESS =   179.8
 Etot   =    -29150.8047  EKtot   =      6954.9316  EPtot      =    -36105.7364
 BOND   =       160.1197  ANGLE   =       412.8176  DIHED      =       625.3807
 1-4 NB =       176.9150  1-4 EEL =      2432.6150  VDWAALS    =      4873.8536
 EELEC  =    -44809.3709  EHBOND  =         0.0000  RESTRAINT  =        21.9329
 EAMBER (non-restraint)  =    -36127.6692
 EKCMT  =      3187.8440  VIRIAL  =      2735.6019  VOLUME     =    116486.0411
                                                    Density    =         1.0112
 ------------------------------------------------------------------------------


      A V E R A G E S   O V E R     100 S T E P S


 NSTEP =    50000   TIME(PS) =    2040.000  TEMP(K) =   299.95  PRESS =    -2.2
 Etot   =    -29056.2402  EKtot   =      7053.5548  EPtot      =    -36109.7950
 BOND   =       150.7372  ANGLE   =       400.8554  DIHED      =       628.0613
 1-4 NB =       177.7843  1-4 EEL =      2421.8327  VDWAALS    =      4732.3974
 EELEC  =    -44644.2505  EHBOND  =         0.0000  RESTRAINT  =        22.7872
 EAMBER (non-restraint)  =    -36132.5822
 EKCMT  =      3249.3767  VIRIAL  =      3254.7989  VOLUME     =    116686.6614
                                                    Density    =         1.0095
 ------------------------------------------------------------------------------


      R M S  F L U C T U A T I O N S


 NSTEP =    50000   TIME(PS) =    2040.000  TEMP(K) =     2.67  PRESS =   193.8
 Etot   =       113.7328  EKtot   =        62.7803  EPtot      =        87.1756
 BOND   =         9.7500  ANGLE   =        16.1813  DIHED      =         8.2197
 1-4 NB =         5.5354  1-4 EEL =        15.4500  VDWAALS    =        85.3941
 EELEC  =       132.5661  EHBOND  =         0.0000  RESTRAINT  =         3.0410
 EAMBER (non-restraint)  =        84.1346
 EKCMT  =        47.1884  VIRIAL  =       495.6605  VOLUME     =       277.1325
                                                    Density    =         0.0024
 ------------------------------------------------------------------------------

--------------------------------------------------------------------------------
   5.  TIMINGS
--------------------------------------------------------------------------------

|  NonSetup CPU Time in Major Routines:
|
|     Routine           Sec        %
|     ------------------------------
|     Nonbond          69.20   88.16
|     Bond              0.00    0.00
|     Angle             0.00    0.00
|     Dihedral          0.00    0.00
|     Shake             0.31    0.39
|     RunMD             8.94   11.40
|     Other             0.04    0.05
|     ------------------------------
|     Total            78.49

|  PME Nonbond Pairlist CPU Time:
|
|     Routine              Sec        %
|     ---------------------------------
|     Set Up Cit           0.00    0.00
|     Build List           0.00    0.00
|     ---------------------------------
|     Total                0.00    0.00

|  PME Direct Force CPU Time:
|
|     Routine              Sec        %
|     ---------------------------------
|     NonBonded Calc       0.00    0.00
|     Exclude Masked       0.00    0.00
|     Other                0.02    0.03
|     ---------------------------------
|     Total                0.02    0.03

|  PME Reciprocal Force CPU Time:
|
|     Routine              Sec        %
|     ---------------------------------
|     1D bspline           0.00    0.00
|     Grid Charges         0.00    0.00
|     Scalar Sum           0.00    0.00
|     Gradient Sum         0.00    0.00
|     FFT                  0.00    0.00
|     ---------------------------------
|     Total                0.00    0.00

|  Final Performance Info:
|     -----------------------------------------------------
|     Average timings for last   11500 steps:
|     Elapsed(s) =      18.05 Per Step(ms) =       1.57
|         ns/day =     110.08   seconds/ns =     784.88
|
|     Average timings for all steps:
|     Elapsed(s) =      78.50 Per Step(ms) =       1.57
|         ns/day =     110.07   seconds/ns =     784.97
|     -----------------------------------------------------

|  Setup CPU time:            0.43 seconds
|  NonSetup CPU time:        78.49 seconds
|  Total CPU time:           78.92 seconds     0.02 hours

|  Setup wall time:           1    seconds
|  NonSetup wall time:       78    seconds
|  Total wall time:          79    seconds     0.02 hours
