
          -------------------------------------------------------
          Amber 16 PMEMD                              2016
          -------------------------------------------------------

| PMEMD implementation of SANDER, Release 16

| Run on 06/20/2017 at 00:35:43

|   Executable path: pmemd.cuda
| Working directory: /home/german/alex/run/3rm/mhe/e
|          Hostname: Unknown
  [-O]verwriting output

File Assignments:
|   MDIN: 27equ.in                                                              
|  MDOUT: 27equ.out                                                             
| INPCRD: 26e3rm.rst7                                                           
|   PARM: /home/german/alex/top_files/3rm.prmtop                                
| RESTRT: 27e3rm.rst7                                                           
|   REFC: 26e3rm.rst7                                                           
|  MDVEL: mdvel                                                                 
|   MDEN: mden                                                                  
|  MDCRD: 27e3rm.nc                                                             
| MDINFO: mdinfo                                                                
|  MDFRC: mdfrc                                                                 


 Here is the input file:

Equilibration with solute restrictions                                         
&cntrl                                                                         
imin = 0,                           ! No Minimization                          
nmropt = 0,                         ! No NMR restraints read                   
                                                                               
! Nature and format of the input                                               
ntx = 5,                            ! Coordinates but no velocities will be rea
irest = 1,                          ! Do not run a new simulation              
                                                                               
! Nature and format of the output                                              
ntxo = 1,                           ! rstrt file in ASCII format               
ntpr = 500,                         ! inf in output every ntpr steps           
ntwr = 500,                         ! rstrt file every ntwr steps              
ntwx = 500,                         ! mdcrd file every ntwx steps              
ntwv = 0,                           ! mdvel without velocities                 
ntwe = 0,                           ! Energies and temperatures not written in 
idecomp = 0,                        ! No energy decomposition                  
iwrap = 1,                          ! Coordinates of the restart and mdcrd file
                                                                               
! Frozen or restrained atoms                                                   
ibelly = 0,                         ! No frozen atoms                          
ntr=1,                              ! Harmonic potential restraints            
restraint_wt = 0.15,                ! The weight for the positional restraints 
restraintmask = ':1-49@N,CA,C,O',  ! restrained residues                       
                                                                               
! Molecular dynamics                                                           
nstlim = 50000,                     ! Number of MD-steps                       
dt = 0.002,                         ! Time step                                
                                                                               
! Temperature regulation                                                       
ntt = 3,                            ! Langevin thermostat                      
gamma_ln = 5,                       ! Gamma constant for Langevin              
!temp0 = 300.0,                     ! Reference T at which the system is to be 
tempi = 300.0,                      ! Initial T                                
ig = -1,                            ! Seed for the RNG                         
                                                                               
! P and V regulation                                                           
ntp = 1,                            ! Constant P. Isotropic scaling            
barostat = 1,                       ! Berendsen barostat                       
taup = 1,                           ! Pressure relaxation time                 
nrespa = 1,                         ! Evaluate at each step                    
ntb = 2,                            ! Periodic box for constant P              
                                                                               
! SHAKE variables                                                              
ntc = 2,                            ! Bonds involving H are constrained        
ntf = 2,                            ! Bond interaction involving H are ommited.
                                                                               
cut = 10.0,                         ! Nonbonded cutoff                         
/                                                                              
&end                                                                           


Note: ig = -1. Setting random seed to   227851 based on wallclock time in 
      microseconds.
 
|--------------------- INFORMATION ----------------------
| GPU (CUDA) Version of PMEMD in use: NVIDIA GPU IN USE.
|                    Version 16.0.0
| 
|                      02/25/2016
| 
| Implementation by:
|                    Ross C. Walker     (SDSC)
|                    Scott Le Grand     (nVIDIA)
| 
| Precision model in use:
|      [SPFP] - Single Precision Forces, 64-bit Fixed Point
|               Accumulation. (Default)
| 
|--------------------------------------------------------
 
|----------------- CITATION INFORMATION -----------------
|
|    When publishing work that utilized the CUDA version
|    of AMBER, please cite the following in addition to
|    the regular AMBER citations:
|
|  - Romelia Salomon-Ferrer; Andreas W. Goetz; Duncan
|    Poole; Scott Le Grand; Ross C. Walker "Routine
|    microsecond molecular dynamics simulations with
|    AMBER - Part II: Particle Mesh Ewald", J. Chem.
|    Theory Comput., 2013, 9 (9), pp3878-3888,
|    DOI: 10.1021/ct400314y.
|
|  - Andreas W. Goetz; Mark J. Williamson; Dong Xu;
|    Duncan Poole; Scott Le Grand; Ross C. Walker
|    "Routine microsecond molecular dynamics simulations
|    with AMBER - Part I: Generalized Born", J. Chem.
|    Theory Comput., 2012, 8 (5), pp1542-1555.
|
|  - Scott Le Grand; Andreas W. Goetz; Ross C. Walker
|    "SPFP: Speed without compromise - a mixed precision
|    model for GPU accelerated molecular dynamics
|    simulations.", Comp. Phys. Comm., 2013, 184
|    pp374-380, DOI: 10.1016/j.cpc.2012.09.022
|
|--------------------------------------------------------
 
|------------------- GPU DEVICE INFO --------------------
|
|            CUDA_VISIBLE_DEVICES: 1
|   CUDA Capable Devices Detected:      1
|           CUDA Device ID in use:      0
|                CUDA Device Name: GeForce GTX 1060 6GB
|     CUDA Device Global Mem Size:   6072 MB
| CUDA Device Num Multiprocessors:     10
|           CUDA Device Core Freq:   1.76 GHz
|
|--------------------------------------------------------
 
 
| Conditional Compilation Defines Used:
| PUBFFT
| BINTRAJ
| CUDA
| EMIL

| Largest sphere to fit in unit cell has radius =    21.791

| New format PARM file being parsed.
| Version =    1.000 Date = 06/17/17 Time = 14:32:14

| Note: 1-4 EEL scale factors are being read from the topology file.

| Note: 1-4 VDW scale factors are being read from the topology file.
| Duplicated    0 dihedrals

| Duplicated    0 dihedrals

--------------------------------------------------------------------------------
   1.  RESOURCE   USE: 
--------------------------------------------------------------------------------

 getting new box info from bottom of inpcrd
 NATOM  =   11635 NTYPES =      17 NBONH =   11238 MBONA  =     402
 NTHETH =     874 MTHETA =     539 NPHIH =    1768 MPHIA  =    1688
 NHPARM =       0 NPARM  =       0 NNB   =   18755 NRES   =    3670
 NBONA  =     402 NTHETA =     539 NPHIA =    1688 NUMBND =      69
 NUMANG =     154 NPTRA  =     196 NATYP =      37 NPHB   =       1
 IFBOX  =       2 NMXRS  =      25 IFCAP =       0 NEXTRA =       0
 NCOPY  =       0

| Coordinate Index Table dimensions:     8    8    8
| Direct force subcell size =     6.6721    6.6721    6.6721

     BOX TYPE: TRUNCATED OCTAHEDRON

--------------------------------------------------------------------------------
   2.  CONTROL  DATA  FOR  THE  RUN
--------------------------------------------------------------------------------

default_name                                                                    

General flags:
     imin    =       0, nmropt  =       0

Nature and format of input:
     ntx     =       5, irest   =       1, ntrx    =       1

Nature and format of output:
     ntxo    =       1, ntpr    =     500, ntrx    =       1, ntwr    =     500
     iwrap   =       1, ntwx    =     500, ntwv    =       0, ntwe    =       0
     ioutfm  =       1, ntwprt  =       0, idecomp =       0, rbornstat=      0

Potential function:
     ntf     =       2, ntb     =       2, igb     =       0, nsnb    =      25
     ipol    =       0, gbsa    =       0, iesp    =       0
     dielc   =   1.00000, cut     =  10.00000, intdiel =   1.00000

Frozen or restrained atoms:
     ibelly  =       0, ntr     =       1
     restraint_wt =   0.15000

Molecular dynamics:
     nstlim  =     50000, nscm    =         0, nrespa  =         1
     t       =   0.00000, dt      =   0.00200, vlimit  =  -1.00000

Langevin dynamics temperature regulation:
     ig      =  227851
     temp0   = 300.00000, tempi   = 300.00000, gamma_ln=   5.00000

Pressure regulation:
     ntp     =       1
     pres0   =   1.00000, comp    =  44.60000, taup    =   1.00000

SHAKE:
     ntc     =       2, jfastw  =       0
     tol     =   0.00001

| Intermolecular bonds treatment:
|     no_intermolecular_bonds =       1

| Energy averages sample interval:
|     ene_avg_sampling =     500

Ewald parameters:
     verbose =       0, ew_type =       0, nbflag  =       1, use_pme =       1
     vdwmeth =       1, eedmeth =       1, netfrc  =       1
     Box X =   53.377   Box Y =   53.377   Box Z =   53.377
     Alpha =  109.471   Beta  =  109.471   Gamma =  109.471
     NFFT1 =   56       NFFT2 =   56       NFFT3 =   56
     Cutoff=   10.000   Tol   =0.100E-04
     Ewald Coefficient =  0.27511
     Interpolation order =    4

    LOADING THE CONSTRAINED ATOMS AS GROUPS


   5.  REFERENCE ATOM COORDINATES

  default_name                                                                    
     Mask :1-49@N,CA,C,O; matches   196 atoms

--------------------------------------------------------------------------------
   3.  ATOMIC COORDINATES AND VELOCITIES
--------------------------------------------------------------------------------

default_name                                                                    
 begin time read from input coords =  2740.000 ps

 
 Number of triangulated 3-point waters found:     3618

     Sum of charges from parm topology file =  -0.00000003
     Forcing neutrality...

| Dynamic Memory, Types Used:
| Reals              642671
| Integers           365176

| Nonbonded Pairs Initial Allocation:     3519296

| GPU memory information (estimate):
| KB of GPU memory in use:     85536
| KB of CPU memory in use:     17664

--------------------------------------------------------------------------------
   4.  RESULTS
--------------------------------------------------------------------------------

 ---------------------------------------------------
 APPROXIMATING switch and d/dx switch using CUBIC SPLINE INTERPOLATION
 using   5000.0 points per unit in tabled values
 TESTING RELATIVE ERROR over r ranging from 0.0 to cutoff
| CHECK switch(x): max rel err =   0.2738E-14   at   2.422500
| CHECK d/dx switch(x): max rel err =   0.8314E-11   at   2.736960
 ---------------------------------------------------
|---------------------------------------------------
| APPROXIMATING direct energy using CUBIC SPLINE INTERPOLATION
|  with   50.0 points per unit in tabled values
| Relative Error Limit not exceeded for r .gt.   2.33
| APPROXIMATING direct force using CUBIC SPLINE INTERPOLATION
|  with   50.0 points per unit in tabled values
| Relative Error Limit not exceeded for r .gt.   2.80
|---------------------------------------------------
wrapping first mol.:      -35.56522       25.14841       43.55832
wrapping first mol.:      -35.56522       25.14841       43.55832

 NSTEP =      500   TIME(PS) =    2741.000  TEMP(K) =   299.17  PRESS =   418.1
 Etot   =    -28907.6212  EKtot   =      7035.1904  EPtot      =    -35942.8116
 BOND   =       167.8180  ANGLE   =       403.4252  DIHED      =       626.6998
 1-4 NB =       192.0836  1-4 EEL =      2439.2860  VDWAALS    =      4825.2966
 EELEC  =    -44603.0139  EHBOND  =         0.0000  RESTRAINT  =         5.5930
 EAMBER (non-restraint)  =    -35948.4046
 EKCMT  =      3223.6428  VIRIAL  =      2168.5623  VOLUME     =    116872.4906
                                                    Density    =         1.0079
 ------------------------------------------------------------------------------

wrapping first mol.:      -35.57579       25.15589       43.57127
wrapping first mol.:      -35.57579       25.15589       43.57127

 NSTEP =     1000   TIME(PS) =    2742.000  TEMP(K) =   295.49  PRESS =    72.9
 Etot   =    -29030.5337  EKtot   =      6948.4824  EPtot      =    -35979.0161
 BOND   =       144.1634  ANGLE   =       414.5069  DIHED      =       620.9656
 1-4 NB =       183.5432  1-4 EEL =      2450.2946  VDWAALS    =      4623.3609
 EELEC  =    -44422.3334  EHBOND  =         0.0000  RESTRAINT  =         6.4827
 EAMBER (non-restraint)  =    -35985.4988
 EKCMT  =      3252.6298  VIRIAL  =      3068.5217  VOLUME     =    116980.3611
                                                    Density    =         1.0070
 ------------------------------------------------------------------------------

wrapping first mol.:      -35.59075       25.16646       43.58959
wrapping first mol.:      -35.59075       25.16646       43.58959

 NSTEP =     1500   TIME(PS) =    2743.000  TEMP(K) =   294.32  PRESS =    56.0
 Etot   =    -29296.5667  EKtot   =      6921.0239  EPtot      =    -36217.5907
 BOND   =       157.3346  ANGLE   =       417.3656  DIHED      =       618.9191
 1-4 NB =       184.7511  1-4 EEL =      2431.9838  VDWAALS    =      4747.7629
 EELEC  =    -44783.5345  EHBOND  =         0.0000  RESTRAINT  =         7.8268
 EAMBER (non-restraint)  =    -36225.4174
 EKCMT  =      3195.7566  VIRIAL  =      3054.2133  VOLUME     =    117128.1350
                                                    Density    =         1.0057
 ------------------------------------------------------------------------------

wrapping first mol.:      -35.56962       25.15152       43.56371
wrapping first mol.:      -35.56962       25.15152       43.56371

 NSTEP =     2000   TIME(PS) =    2744.000  TEMP(K) =   299.16  PRESS =   227.6
 Etot   =    -29082.7003  EKtot   =      7034.8574  EPtot      =    -36117.5578
 BOND   =       153.3331  ANGLE   =       415.6315  DIHED      =       631.7444
 1-4 NB =       180.7980  1-4 EEL =      2442.1832  VDWAALS    =      4835.2084
 EELEC  =    -44784.3813  EHBOND  =         0.0000  RESTRAINT  =         7.9249
 EAMBER (non-restraint)  =    -36125.4827
 EKCMT  =      3176.9442  VIRIAL  =      2602.3746  VOLUME     =    116917.8404
                                                    Density    =         1.0075
 ------------------------------------------------------------------------------

wrapping first mol.:      -35.57068       25.15227       43.56501
wrapping first mol.:      -35.57068       25.15227       43.56501

 NSTEP =     2500   TIME(PS) =    2745.000  TEMP(K) =   303.43  PRESS =   134.4
 Etot   =    -28961.4437  EKtot   =      7135.3320  EPtot      =    -36096.7757
 BOND   =       137.7721  ANGLE   =       417.6420  DIHED      =       618.0984
 1-4 NB =       185.9130  1-4 EEL =      2447.6431  VDWAALS    =      4751.2073
 EELEC  =    -44665.1067  EHBOND  =         0.0000  RESTRAINT  =        10.0551
 EAMBER (non-restraint)  =    -36106.8308
 EKCMT  =      3291.5030  VIRIAL  =      2952.1166  VOLUME     =    116929.3028
                                                    Density    =         1.0074
 ------------------------------------------------------------------------------

wrapping first mol.:      -35.56248       25.14648       43.55497
wrapping first mol.:      -35.56248       25.14648       43.55497

 NSTEP =     3000   TIME(PS) =    2746.000  TEMP(K) =   301.29  PRESS =   166.0
 Etot   =    -29020.2773  EKtot   =      7084.9185  EPtot      =    -36105.1957
 BOND   =       156.3261  ANGLE   =       428.4207  DIHED      =       630.9474
 1-4 NB =       180.0085  1-4 EEL =      2445.4674  VDWAALS    =      4863.6382
 EELEC  =    -44819.5427  EHBOND  =         0.0000  RESTRAINT  =         9.5387
 EAMBER (non-restraint)  =    -36114.7345
 EKCMT  =      3204.9841  VIRIAL  =      2786.1264  VOLUME     =    116848.1502
                                                    Density    =         1.0081
 ------------------------------------------------------------------------------

wrapping first mol.:      -35.61333       25.18243       43.61725
wrapping first mol.:      -35.61333       25.18243       43.61725

 NSTEP =     3500   TIME(PS) =    2747.000  TEMP(K) =   304.89  PRESS =   -77.4
 Etot   =    -28877.1185  EKtot   =      7169.5684  EPtot      =    -36046.6869
 BOND   =       161.6238  ANGLE   =       412.0387  DIHED      =       629.7736
 1-4 NB =       180.0823  1-4 EEL =      2433.2457  VDWAALS    =      4741.9809
 EELEC  =    -44615.9665  EHBOND  =         0.0000  RESTRAINT  =        10.5346
 EAMBER (non-restraint)  =    -36057.2214
 EKCMT  =      3315.8984  VIRIAL  =      3511.9669  VOLUME     =    117352.6345
                                                    Density    =         1.0038
 ------------------------------------------------------------------------------

wrapping first mol.:      -35.59834       25.17183       43.59889
wrapping first mol.:      -35.59834       25.17183       43.59889

 NSTEP =     4000   TIME(PS) =    2748.000  TEMP(K) =   300.74  PRESS =  -226.5
 Etot   =    -29069.9924  EKtot   =      7072.1045  EPtot      =    -36142.0969
 BOND   =       166.4551  ANGLE   =       391.3257  DIHED      =       621.4971
 1-4 NB =       189.6634  1-4 EEL =      2450.7644  VDWAALS    =      4736.2225
 EELEC  =    -44706.3748  EHBOND  =         0.0000  RESTRAINT  =         8.3497
 EAMBER (non-restraint)  =    -36150.4466
 EKCMT  =      3237.3425  VIRIAL  =      3810.4298  VOLUME     =    117206.0252
                                                    Density    =         1.0050
 ------------------------------------------------------------------------------

wrapping first mol.:      -35.56178       25.14598       43.55411
wrapping first mol.:      -35.56178       25.14598       43.55411

 NSTEP =     4500   TIME(PS) =    2749.000  TEMP(K) =   300.79  PRESS =   260.7
 Etot   =    -29112.6863  EKtot   =      7073.1992  EPtot      =    -36185.8855
 BOND   =       154.7696  ANGLE   =       399.9146  DIHED      =       615.2817
 1-4 NB =       186.8166  1-4 EEL =      2462.1103  VDWAALS    =      4817.0451
 EELEC  =    -44828.0205  EHBOND  =         0.0000  RESTRAINT  =         6.1970
 EAMBER (non-restraint)  =    -36192.0825
 EKCMT  =      3261.9800  VIRIAL  =      2604.3021  VOLUME     =    116840.2493
                                                    Density    =         1.0082
 ------------------------------------------------------------------------------

wrapping first mol.:      -35.60260       25.17484       43.60410
wrapping first mol.:      -35.60260       25.17484       43.60410

 NSTEP =     5000   TIME(PS) =    2750.000  TEMP(K) =   305.55  PRESS =    83.0
 Etot   =    -29029.3721  EKtot   =      7185.1470  EPtot      =    -36214.5190
 BOND   =       158.4212  ANGLE   =       396.1971  DIHED      =       640.7147
 1-4 NB =       180.5324  1-4 EEL =      2443.2826  VDWAALS    =      4834.1465
 EELEC  =    -44877.6664  EHBOND  =         0.0000  RESTRAINT  =         9.8529
 EAMBER (non-restraint)  =    -36224.3720
 EKCMT  =      3317.3761  VIRIAL  =      3107.2107  VOLUME     =    117244.8790
                                                    Density    =         1.0047
 ------------------------------------------------------------------------------

wrapping first mol.:      -35.59854       25.17197       43.59913
wrapping first mol.:      -35.59854       25.17197       43.59913

 NSTEP =     5500   TIME(PS) =    2751.000  TEMP(K) =   301.13  PRESS =   -20.9
 Etot   =    -29221.3250  EKtot   =      7081.3140  EPtot      =    -36302.6389
 BOND   =       140.2540  ANGLE   =       407.7880  DIHED      =       634.0869
 1-4 NB =       185.2742  1-4 EEL =      2459.8735  VDWAALS    =      4888.5818
 EELEC  =    -45028.9295  EHBOND  =         0.0000  RESTRAINT  =        10.4322
 EAMBER (non-restraint)  =    -36313.0711
 EKCMT  =      3234.7432  VIRIAL  =      3287.6377  VOLUME     =    117205.8734
                                                    Density    =         1.0050
 ------------------------------------------------------------------------------

wrapping first mol.:      -35.59830       25.17180       43.59884
wrapping first mol.:      -35.59830       25.17180       43.59884

 NSTEP =     6000   TIME(PS) =    2752.000  TEMP(K) =   300.09  PRESS =  -155.2
 Etot   =    -28956.0020  EKtot   =      7056.6973  EPtot      =    -36012.6992
 BOND   =       148.5138  ANGLE   =       404.3598  DIHED      =       620.9090
 1-4 NB =       184.2911  1-4 EEL =      2446.6379  VDWAALS    =      4647.9610
 EELEC  =    -44475.8003  EHBOND  =         0.0000  RESTRAINT  =        10.4284
 EAMBER (non-restraint)  =    -36023.1276
 EKCMT  =      3257.9211  VIRIAL  =      3650.7505  VOLUME     =    117204.8906
                                                    Density    =         1.0050
 ------------------------------------------------------------------------------

wrapping first mol.:      -35.60713       25.17805       43.60966
wrapping first mol.:      -35.60713       25.17805       43.60966

 NSTEP =     6500   TIME(PS) =    2753.000  TEMP(K) =   305.40  PRESS =   216.0
 Etot   =    -28973.0425  EKtot   =      7181.5874  EPtot      =    -36154.6299
 BOND   =       169.9573  ANGLE   =       389.7330  DIHED      =       616.6477
 1-4 NB =       163.3734  1-4 EEL =      2450.2678  VDWAALS    =      4838.8348
 EELEC  =    -44792.3944  EHBOND  =         0.0000  RESTRAINT  =         8.9504
 EAMBER (non-restraint)  =    -36163.5803
 EKCMT  =      3284.8547  VIRIAL  =      2737.8768  VOLUME     =    117288.3011
                                                    Density    =         1.0043
 ------------------------------------------------------------------------------

wrapping first mol.:       17.79684       25.16853       43.59317
wrapping first mol.:       17.79684       25.16853       43.59317

 NSTEP =     7000   TIME(PS) =    2754.000  TEMP(K) =   302.85  PRESS =   -44.2
 Etot   =    -28979.0779  EKtot   =      7121.7456  EPtot      =    -36100.8235
 BOND   =       158.6195  ANGLE   =       416.7702  DIHED      =       630.6895
 1-4 NB =       176.0341  1-4 EEL =      2424.9375  VDWAALS    =      4738.6166
 EELEC  =    -44655.7488  EHBOND  =         0.0000  RESTRAINT  =         9.2579
 EAMBER (non-restraint)  =    -36110.0814
 EKCMT  =      3283.8353  VIRIAL  =      3395.7101  VOLUME     =    117158.0611
                                                    Density    =         1.0054
 ------------------------------------------------------------------------------

wrapping first mol.:      -35.60428       25.17603       43.60617
wrapping first mol.:      -35.60428       25.17603       43.60617

 NSTEP =     7500   TIME(PS) =    2755.000  TEMP(K) =   305.73  PRESS =  -227.0
 Etot   =    -28869.0979  EKtot   =      7189.2720  EPtot      =    -36058.3699
 BOND   =       142.6492  ANGLE   =       362.1854  DIHED      =       619.9488
 1-4 NB =       178.4189  1-4 EEL =      2446.9176  VDWAALS    =      4624.2440
 EELEC  =    -44441.0896  EHBOND  =         0.0000  RESTRAINT  =         8.3558
 EAMBER (non-restraint)  =    -36066.7257
 EKCMT  =      3263.7016  VIRIAL  =      3838.3929  VOLUME     =    117264.7722
                                                    Density    =         1.0045
 ------------------------------------------------------------------------------

wrapping first mol.:      -35.63288       25.19626       43.64120
wrapping first mol.:      -35.63288       25.19626       43.64120

 NSTEP =     8000   TIME(PS) =    2756.000  TEMP(K) =   300.99  PRESS =  -182.6
 Etot   =    -28862.0812  EKtot   =      7078.0181  EPtot      =    -35940.0993
 BOND   =       170.0186  ANGLE   =       412.3033  DIHED      =       616.0833
 1-4 NB =       178.2546  1-4 EEL =      2433.3355  VDWAALS    =      4683.3979
 EELEC  =    -44443.1362  EHBOND  =         0.0000  RESTRAINT  =         9.6437
 EAMBER (non-restraint)  =    -35949.7430
 EKCMT  =      3211.1337  VIRIAL  =      3674.4846  VOLUME     =    117547.1409
                                                    Density    =         1.0021
 ------------------------------------------------------------------------------

wrapping first mol.:      -35.58366       25.16146       43.58092
wrapping first mol.:      -35.58366       25.16146       43.58092

 NSTEP =     8500   TIME(PS) =    2757.000  TEMP(K) =   300.91  PRESS =  -478.3
 Etot   =    -29074.0575  EKtot   =      7076.1426  EPtot      =    -36150.2000
 BOND   =       170.7069  ANGLE   =       409.7584  DIHED      =       634.6549
 1-4 NB =       173.3332  1-4 EEL =      2438.4275  VDWAALS    =      4576.4374
 EELEC  =    -44563.1999  EHBOND  =         0.0000  RESTRAINT  =         9.6817
 EAMBER (non-restraint)  =    -36159.8818
 EKCMT  =      3215.0457  VIRIAL  =      4423.9643  VOLUME     =    117063.7984
                                                    Density    =         1.0062
 ------------------------------------------------------------------------------

wrapping first mol.:      -35.58004       25.15889       43.57648
wrapping first mol.:      -35.58004       25.15889       43.57648

 NSTEP =     9000   TIME(PS) =    2758.000  TEMP(K) =   300.67  PRESS =  -513.2
 Etot   =    -28878.8050  EKtot   =      7070.4766  EPtot      =    -35949.2815
 BOND   =       139.2825  ANGLE   =       386.6670  DIHED      =       623.9362
 1-4 NB =       176.3178  1-4 EEL =      2439.3202  VDWAALS    =      4492.4177
 EELEC  =    -44218.1062  EHBOND  =         0.0000  RESTRAINT  =        10.8832
 EAMBER (non-restraint)  =    -35960.1647
 EKCMT  =      3242.3828  VIRIAL  =      4539.1358  VOLUME     =    117028.3771
                                                    Density    =         1.0066
 ------------------------------------------------------------------------------

wrapping first mol.:      -35.55946       25.14434       43.55127
wrapping first mol.:      -35.55946       25.14434       43.55127

 NSTEP =     9500   TIME(PS) =    2759.000  TEMP(K) =   298.31  PRESS =   218.6
 Etot   =    -29115.8731  EKtot   =      7014.9160  EPtot      =    -36130.7891
 BOND   =       157.1025  ANGLE   =       427.7339  DIHED      =       626.5456
 1-4 NB =       173.7545  1-4 EEL =      2426.6484  VDWAALS    =      4771.5244
 EELEC  =    -44726.8047  EHBOND  =         0.0000  RESTRAINT  =        12.7063
 EAMBER (non-restraint)  =    -36143.4955
 EKCMT  =      3274.4572  VIRIAL  =      2723.0275  VOLUME     =    116817.8050
                                                    Density    =         1.0084
 ------------------------------------------------------------------------------

wrapping first mol.:      -35.54142       25.13158       43.52918
wrapping first mol.:      -35.54142       25.13158       43.52918

 NSTEP =    10000   TIME(PS) =    2760.000  TEMP(K) =   301.85  PRESS =   -94.6
 Etot   =    -29138.3977  EKtot   =      7098.1021  EPtot      =    -36236.4997
 BOND   =       146.4094  ANGLE   =       395.4087  DIHED      =       626.1909
 1-4 NB =       180.0967  1-4 EEL =      2460.5732  VDWAALS    =      4742.5521
 EELEC  =    -44799.2349  EHBOND  =         0.0000  RESTRAINT  =        11.5042
 EAMBER (non-restraint)  =    -36248.0039
 EKCMT  =      3269.4143  VIRIAL  =      3507.6370  VOLUME     =    116643.3685
                                                    Density    =         1.0099
 ------------------------------------------------------------------------------

wrapping first mol.:      -35.54824       25.13640       43.53752
wrapping first mol.:      -35.54824       25.13640       43.53752

 NSTEP =    10500   TIME(PS) =    2761.000  TEMP(K) =   301.32  PRESS =   149.0
 Etot   =    -28970.7720  EKtot   =      7085.7681  EPtot      =    -36056.5401
 BOND   =       152.0251  ANGLE   =       391.1505  DIHED      =       645.7904
 1-4 NB =       172.6000  1-4 EEL =      2436.3720  VDWAALS    =      4786.9236
 EELEC  =    -44652.8698  EHBOND  =         0.0000  RESTRAINT  =        11.4682
 EAMBER (non-restraint)  =    -36068.0083
 EKCMT  =      3273.7662  VIRIAL  =      2898.3563  VOLUME     =    116707.9458
                                                    Density    =         1.0093
 ------------------------------------------------------------------------------

wrapping first mol.:      -35.58979       25.16578       43.58841
wrapping first mol.:      -35.58979       25.16578       43.58841

 NSTEP =    11000   TIME(PS) =    2762.000  TEMP(K) =   302.21  PRESS =  -102.2
 Etot   =    -28902.7810  EKtot   =      7106.5728  EPtot      =    -36009.3537
 BOND   =       126.6847  ANGLE   =       407.3670  DIHED      =       648.1981
 1-4 NB =       183.8080  1-4 EEL =      2443.5523  VDWAALS    =      4714.3412
 EELEC  =    -44544.9838  EHBOND  =         0.0000  RESTRAINT  =        11.6789
 EAMBER (non-restraint)  =    -36021.0326
 EKCMT  =      3235.2221  VIRIAL  =      3493.7291  VOLUME     =    117120.3000
                                                    Density    =         1.0058
 ------------------------------------------------------------------------------

wrapping first mol.:      -35.54878       25.13679       43.53819
wrapping first mol.:      -35.54878       25.13679       43.53819

 NSTEP =    11500   TIME(PS) =    2763.000  TEMP(K) =   300.57  PRESS =  -143.1
 Etot   =    -29091.9479  EKtot   =      7067.9429  EPtot      =    -36159.8908
 BOND   =       174.5574  ANGLE   =       384.7376  DIHED      =       612.9090
 1-4 NB =       171.3924  1-4 EEL =      2462.3922  VDWAALS    =      4660.3396
 EELEC  =    -44636.9860  EHBOND  =         0.0000  RESTRAINT  =        10.7670
 EAMBER (non-restraint)  =    -36170.6578
 EKCMT  =      3259.5859  VIRIAL  =      3620.1886  VOLUME     =    116716.3146
                                                    Density    =         1.0092
 ------------------------------------------------------------------------------

wrapping first mol.:      -35.56075       25.14525       43.55285
wrapping first mol.:      -35.56075       25.14525       43.55285

 NSTEP =    12000   TIME(PS) =    2764.000  TEMP(K) =   297.05  PRESS =   -88.9
 Etot   =    -28992.9105  EKtot   =      6985.2476  EPtot      =    -35978.1580
 BOND   =       149.2541  ANGLE   =       400.2668  DIHED      =       636.7651
 1-4 NB =       166.4995  1-4 EEL =      2456.3326  VDWAALS    =      4652.7816
 EELEC  =    -44452.1435  EHBOND  =         0.0000  RESTRAINT  =        12.0859
 EAMBER (non-restraint)  =    -35990.2439
 EKCMT  =      3226.1297  VIRIAL  =      3450.4215  VOLUME     =    116833.7361
                                                    Density    =         1.0082
 ------------------------------------------------------------------------------

wrapping first mol.:      -35.55829       25.14352       43.54984
wrapping first mol.:      -35.55829       25.14352       43.54984

 NSTEP =    12500   TIME(PS) =    2765.000  TEMP(K) =   297.48  PRESS =    65.8
 Etot   =    -28982.4404  EKtot   =      6995.3154  EPtot      =    -35977.7559
 BOND   =       142.6357  ANGLE   =       412.9730  DIHED      =       633.6189
 1-4 NB =       187.9035  1-4 EEL =      2451.2870  VDWAALS    =      4666.9617
 EELEC  =    -44483.3815  EHBOND  =         0.0000  RESTRAINT  =        10.2461
 EAMBER (non-restraint)  =    -35988.0019
 EKCMT  =      3224.0020  VIRIAL  =      3057.9332  VOLUME     =    116807.9039
                                                    Density    =         1.0085
 ------------------------------------------------------------------------------

wrapping first mol.:      -35.56017       25.14484       43.55214
wrapping first mol.:      -35.56017       25.14484       43.55214

 NSTEP =    13000   TIME(PS) =    2766.000  TEMP(K) =   302.28  PRESS =   209.5
 Etot   =    -28990.3297  EKtot   =      7108.1973  EPtot      =    -36098.5270
 BOND   =       149.1556  ANGLE   =       412.4815  DIHED      =       618.7913
 1-4 NB =       181.4326  1-4 EEL =      2437.3037  VDWAALS    =      4841.0193
 EELEC  =    -44751.7661  EHBOND  =         0.0000  RESTRAINT  =        13.0552
 EAMBER (non-restraint)  =    -36111.5822
 EKCMT  =      3282.2216  VIRIAL  =      2753.8444  VOLUME     =    116824.8559
                                                    Density    =         1.0083
 ------------------------------------------------------------------------------

wrapping first mol.:      -35.54395       25.13337       43.53228
wrapping first mol.:      -35.54395       25.13337       43.53228

 NSTEP =    13500   TIME(PS) =    2767.000  TEMP(K) =   300.27  PRESS =   153.1
 Etot   =    -29133.4942  EKtot   =      7060.9536  EPtot      =    -36194.4478
 BOND   =       155.7960  ANGLE   =       406.6657  DIHED      =       619.3279
 1-4 NB =       170.0619  1-4 EEL =      2441.9506  VDWAALS    =      4757.2620
 EELEC  =    -44759.5542  EHBOND  =         0.0000  RESTRAINT  =        14.0422
 EAMBER (non-restraint)  =    -36208.4901
 EKCMT  =      3262.0341  VIRIAL  =      2876.3091  VOLUME     =    116665.6956
                                                    Density    =         1.0097
 ------------------------------------------------------------------------------

wrapping first mol.:      -35.54320       25.13284       43.53136
wrapping first mol.:      -35.54320       25.13284       43.53136

 NSTEP =    14000   TIME(PS) =    2768.000  TEMP(K) =   299.61  PRESS =  -158.3
 Etot   =    -28957.3862  EKtot   =      7045.4873  EPtot      =    -36002.8735
 BOND   =       154.9819  ANGLE   =       397.4422  DIHED      =       634.2053
 1-4 NB =       185.3518  1-4 EEL =      2446.7278  VDWAALS    =      4688.7324
 EELEC  =    -44521.4038  EHBOND  =         0.0000  RESTRAINT  =        11.0887
 EAMBER (non-restraint)  =    -36013.9622
 EKCMT  =      3221.5066  VIRIAL  =      3620.2447  VOLUME     =    116661.5818
                                                    Density    =         1.0097
 ------------------------------------------------------------------------------

wrapping first mol.:       17.74748       25.09873       43.47228
wrapping first mol.:       17.74748       25.09873       43.47228

 NSTEP =    14500   TIME(PS) =    2769.000  TEMP(K) =   300.41  PRESS =   211.2
 Etot   =    -29116.3712  EKtot   =      7064.3120  EPtot      =    -36180.6832
 BOND   =       135.6139  ANGLE   =       403.2133  DIHED      =       625.1466
 1-4 NB =       177.6268  1-4 EEL =      2463.1280  VDWAALS    =      4810.3938
 EELEC  =    -44807.4050  EHBOND  =         0.0000  RESTRAINT  =        11.5993
 EAMBER (non-restraint)  =    -36192.2825
 EKCMT  =      3234.8943  VIRIAL  =      2705.1448  VOLUME     =    116183.3598
                                                    Density    =         1.0139
 ------------------------------------------------------------------------------

wrapping first mol.:      -35.51633       25.11384       43.49844
wrapping first mol.:      -35.51633       25.11384       43.49844

 NSTEP =    15000   TIME(PS) =    2770.000  TEMP(K) =   303.29  PRESS =   317.3
 Etot   =    -29057.5884  EKtot   =      7131.9868  EPtot      =    -36189.5753
 BOND   =       152.4852  ANGLE   =       384.6626  DIHED      =       619.4292
 1-4 NB =       166.9368  1-4 EEL =      2434.5055  VDWAALS    =      4795.0421
 EELEC  =    -44753.5995  EHBOND  =         0.0000  RESTRAINT  =        10.9628
 EAMBER (non-restraint)  =    -36200.5381
 EKCMT  =      3325.9804  VIRIAL  =      2528.7041  VOLUME     =    116392.2068
                                                    Density    =         1.0121
 ------------------------------------------------------------------------------

wrapping first mol.:      -35.52242       25.11815       43.50590
wrapping first mol.:      -35.52242       25.11815       43.50590

 NSTEP =    15500   TIME(PS) =    2771.000  TEMP(K) =   302.23  PRESS =   -26.5
 Etot   =    -29133.0497  EKtot   =      7107.0854  EPtot      =    -36240.1351
 BOND   =       154.0020  ANGLE   =       412.9692  DIHED      =       626.9963
 1-4 NB =       172.0540  1-4 EEL =      2469.2848  VDWAALS    =      4682.8364
 EELEC  =    -44769.8617  EHBOND  =         0.0000  RESTRAINT  =        11.5838
 EAMBER (non-restraint)  =    -36251.7190
 EKCMT  =      3295.8026  VIRIAL  =      3362.4467  VOLUME     =    116455.6647
                                                    Density    =         1.0115
 ------------------------------------------------------------------------------

wrapping first mol.:      -35.54739       25.13581       43.53649
wrapping first mol.:      -35.54739       25.13581       43.53649

 NSTEP =    16000   TIME(PS) =    2772.000  TEMP(K) =   301.75  PRESS =    41.8
 Etot   =    -29048.5824  EKtot   =      7095.8970  EPtot      =    -36144.4794
 BOND   =       130.7441  ANGLE   =       401.3298  DIHED      =       624.7347
 1-4 NB =       168.3776  1-4 EEL =      2474.6153  VDWAALS    =      4709.8545
 EELEC  =    -44664.7636  EHBOND  =         0.0000  RESTRAINT  =        10.6283
 EAMBER (non-restraint)  =    -36155.1077
 EKCMT  =      3259.3216  VIRIAL  =      3154.1121  VOLUME     =    116700.7366
                                                    Density    =         1.0094
 ------------------------------------------------------------------------------

wrapping first mol.:      -35.55586       25.14180       43.54687
wrapping first mol.:      -35.55586       25.14180       43.54687

 NSTEP =    16500   TIME(PS) =    2773.000  TEMP(K) =   299.21  PRESS =   155.4
 Etot   =    -29062.1699  EKtot   =      7036.0488  EPtot      =    -36098.2187
 BOND   =       153.1185  ANGLE   =       427.4360  DIHED      =       619.6627
 1-4 NB =       184.1527  1-4 EEL =      2417.1542  VDWAALS    =      4701.8548
 EELEC  =    -44612.9799  EHBOND  =         0.0000  RESTRAINT  =        11.3822
 EAMBER (non-restraint)  =    -36109.6009
 EKCMT  =      3237.2949  VIRIAL  =      2845.5545  VOLUME     =    116783.0174
                                                    Density    =         1.0087
 ------------------------------------------------------------------------------

wrapping first mol.:      -35.53114       25.12432       43.51659
wrapping first mol.:      -35.53114       25.12432       43.51659

 NSTEP =    17000   TIME(PS) =    2774.000  TEMP(K) =   301.91  PRESS =  -231.2
 Etot   =    -28976.3723  EKtot   =      7099.5728  EPtot      =    -36075.9451
 BOND   =       151.5750  ANGLE   =       396.3985  DIHED      =       616.0618
 1-4 NB =       176.6958  1-4 EEL =      2450.5261  VDWAALS    =      4574.0553
 EELEC  =    -44452.0988  EHBOND  =         0.0000  RESTRAINT  =        10.8412
 EAMBER (non-restraint)  =    -36086.7863
 EKCMT  =      3227.9465  VIRIAL  =      3809.5954  VOLUME     =    116543.6504
                                                    Density    =         1.0107
 ------------------------------------------------------------------------------

wrapping first mol.:      -35.56042       25.14502       43.55245
wrapping first mol.:      -35.56042       25.14502       43.55245

 NSTEP =    17500   TIME(PS) =    2775.000  TEMP(K) =   294.04  PRESS =   175.8
 Etot   =    -29144.9358  EKtot   =      6914.4409  EPtot      =    -36059.3767
 BOND   =       165.7574  ANGLE   =       407.3889  DIHED      =       629.0171
 1-4 NB =       173.2045  1-4 EEL =      2424.5279  VDWAALS    =      4843.1261
 EELEC  =    -44715.7806  EHBOND  =         0.0000  RESTRAINT  =        13.3821
 EAMBER (non-restraint)  =    -36072.7588
 EKCMT  =      3180.9227  VIRIAL  =      2737.5625  VOLUME     =    116827.7366
                                                    Density    =         1.0083
 ------------------------------------------------------------------------------

wrapping first mol.:      -35.56184       25.14602       43.55418
wrapping first mol.:      -35.56184       25.14602       43.55418

 NSTEP =    18000   TIME(PS) =    2776.000  TEMP(K) =   298.07  PRESS =  -414.4
 Etot   =    -29175.4086  EKtot   =      7009.3540  EPtot      =    -36184.7627
 BOND   =       151.5502  ANGLE   =       388.6750  DIHED      =       614.0623
 1-4 NB =       176.4171  1-4 EEL =      2423.2640  VDWAALS    =      4555.7100
 EELEC  =    -44506.2704  EHBOND  =         0.0000  RESTRAINT  =        11.8292
 EAMBER (non-restraint)  =    -36196.5919
 EKCMT  =      3239.8965  VIRIAL  =      4285.4706  VOLUME     =    116847.8170
                                                    Density    =         1.0081
 ------------------------------------------------------------------------------

wrapping first mol.:      -35.59067       25.16641       43.58950
wrapping first mol.:      -35.59067       25.16641       43.58950

 NSTEP =    18500   TIME(PS) =    2777.000  TEMP(K) =   298.48  PRESS =   326.6
 Etot   =    -29132.0913  EKtot   =      7018.8076  EPtot      =    -36150.8989
 BOND   =       151.3895  ANGLE   =       417.6713  DIHED      =       619.0672
 1-4 NB =       174.6326  1-4 EEL =      2407.3494  VDWAALS    =      4831.1553
 EELEC  =    -44765.8310  EHBOND  =         0.0000  RESTRAINT  =        13.6669
 EAMBER (non-restraint)  =    -36164.5658
 EKCMT  =      3259.3476  VIRIAL  =      2433.4560  VOLUME     =    117124.5869
                                                    Density    =         1.0057
 ------------------------------------------------------------------------------

wrapping first mol.:      -35.54363       25.13315       43.53189
wrapping first mol.:      -35.54363       25.13315       43.53189

 NSTEP =    19000   TIME(PS) =    2778.000  TEMP(K) =   298.29  PRESS =     2.6
 Etot   =    -29040.3348  EKtot   =      7014.3896  EPtot      =    -36054.7244
 BOND   =       149.7547  ANGLE   =       423.1364  DIHED      =       629.7559
 1-4 NB =       176.3293  1-4 EEL =      2461.0299  VDWAALS    =      4661.6744
 EELEC  =    -44569.3631  EHBOND  =         0.0000  RESTRAINT  =        12.9580
 EAMBER (non-restraint)  =    -36067.6825
 EKCMT  =      3216.4841  VIRIAL  =      3209.8560  VOLUME     =    116664.1624
                                                    Density    =         1.0097
 ------------------------------------------------------------------------------

wrapping first mol.:      -35.56596       25.14894       43.55923
wrapping first mol.:      -35.56596       25.14894       43.55923

 NSTEP =    19500   TIME(PS) =    2779.000  TEMP(K) =   303.86  PRESS =   117.4
 Etot   =    -29159.1755  EKtot   =      7145.4395  EPtot      =    -36304.6149
 BOND   =       139.6562  ANGLE   =       408.4639  DIHED      =       601.9587
 1-4 NB =       165.3688  1-4 EEL =      2445.5190  VDWAALS    =      4829.2419
 EELEC  =    -44906.2307  EHBOND  =         0.0000  RESTRAINT  =        11.4072
 EAMBER (non-restraint)  =    -36316.0222
 EKCMT  =      3244.6543  VIRIAL  =      2948.2855  VOLUME     =    116882.9221
                                                    Density    =         1.0078
 ------------------------------------------------------------------------------

wrapping first mol.:      -35.48924       25.09469       43.46527
wrapping first mol.:      -35.48924       25.09469       43.46527

 NSTEP =    20000   TIME(PS) =    2780.000  TEMP(K) =   297.78  PRESS =  -166.7
 Etot   =    -29154.1681  EKtot   =      7002.5298  EPtot      =    -36156.6978
 BOND   =       167.1212  ANGLE   =       400.8821  DIHED      =       630.9888
 1-4 NB =       170.7649  1-4 EEL =      2460.6154  VDWAALS    =      4612.4477
 EELEC  =    -44612.5221  EHBOND  =         0.0000  RESTRAINT  =        13.0041
 EAMBER (non-restraint)  =    -36169.7020
 EKCMT  =      3222.4684  VIRIAL  =      3640.5695  VOLUME     =    116131.0992
                                                    Density    =         1.0143
 ------------------------------------------------------------------------------

wrapping first mol.:      -35.50058       25.10271       43.47916
wrapping first mol.:      -35.50058       25.10271       43.47916

 NSTEP =    20500   TIME(PS) =    2781.000  TEMP(K) =   299.26  PRESS =   172.2
 Etot   =    -29012.1354  EKtot   =      7037.1855  EPtot      =    -36049.3210
 BOND   =       158.3941  ANGLE   =       402.0784  DIHED      =       627.5273
 1-4 NB =       176.3460  1-4 EEL =      2426.0020  VDWAALS    =      4793.1273
 EELEC  =    -44645.5782  EHBOND  =         0.0000  RESTRAINT  =        12.7822
 EAMBER (non-restraint)  =    -36062.1032
 EKCMT  =      3242.9739  VIRIAL  =      2810.7389  VOLUME     =    116238.9531
                                                    Density    =         1.0134
 ------------------------------------------------------------------------------

wrapping first mol.:      -35.54060       25.13100       43.52817
wrapping first mol.:      -35.54060       25.13100       43.52817

 NSTEP =    21000   TIME(PS) =    2782.000  TEMP(K) =   300.89  PRESS =    70.9
 Etot   =    -29086.7214  EKtot   =      7075.5034  EPtot      =    -36162.2248
 BOND   =       148.5503  ANGLE   =       415.4734  DIHED      =       636.8314
 1-4 NB =       177.4174  1-4 EEL =      2428.5361  VDWAALS    =      4731.9011
 EELEC  =    -44715.4113  EHBOND  =         0.0000  RESTRAINT  =        14.4767
 EAMBER (non-restraint)  =    -36176.7016
 EKCMT  =      3254.2533  VIRIAL  =      3075.5935  VOLUME     =    116633.5468
                                                    Density    =         1.0100
 ------------------------------------------------------------------------------

wrapping first mol.:      -35.54051       25.13094       43.52807
wrapping first mol.:      -35.54051       25.13094       43.52807

 NSTEP =    21500   TIME(PS) =    2783.000  TEMP(K) =   297.93  PRESS =     2.5
 Etot   =    -29167.6846  EKtot   =      7005.8979  EPtot      =    -36173.5826
 BOND   =       145.2355  ANGLE   =       396.3901  DIHED      =       623.6685
 1-4 NB =       183.0605  1-4 EEL =      2464.9029  VDWAALS    =      4735.0009
 EELEC  =    -44734.2556  EHBOND  =         0.0000  RESTRAINT  =        12.4146
 EAMBER (non-restraint)  =    -36185.9972
 EKCMT  =      3201.9407  VIRIAL  =      3195.6684  VOLUME     =    116633.4244
                                                    Density    =         1.0100
 ------------------------------------------------------------------------------

wrapping first mol.:      -35.50275       25.10424       43.48181
wrapping first mol.:      -35.50275       25.10424       43.48181

 NSTEP =    22000   TIME(PS) =    2784.000  TEMP(K) =   302.21  PRESS =  -359.4
 Etot   =    -29041.8101  EKtot   =      7106.6631  EPtot      =    -36148.4732
 BOND   =       149.9037  ANGLE   =       396.3450  DIHED      =       616.7410
 1-4 NB =       171.0072  1-4 EEL =      2434.4506  VDWAALS    =      4588.4082
 EELEC  =    -44516.4308  EHBOND  =         0.0000  RESTRAINT  =        11.1019
 EAMBER (non-restraint)  =    -36159.5751
 EKCMT  =      3269.0070  VIRIAL  =      4171.2372  VOLUME     =    116265.7622
                                                    Density    =         1.0132
 ------------------------------------------------------------------------------

wrapping first mol.:      -35.47829       25.08694       43.45186
wrapping first mol.:      -35.47829       25.08694       43.45186

 NSTEP =    22500   TIME(PS) =    2785.000  TEMP(K) =   302.98  PRESS =    -9.5
 Etot   =    -29044.8449  EKtot   =      7124.5996  EPtot      =    -36169.4445
 BOND   =       155.6839  ANGLE   =       419.5121  DIHED      =       619.7128
 1-4 NB =       174.1200  1-4 EEL =      2430.8827  VDWAALS    =      4661.8828
 EELEC  =    -44643.1815  EHBOND  =         0.0000  RESTRAINT  =        11.9428
 EAMBER (non-restraint)  =    -36181.3872
 EKCMT  =      3228.3604  VIRIAL  =      3252.2151  VOLUME     =    116022.0166
                                                    Density    =         1.0153
 ------------------------------------------------------------------------------

wrapping first mol.:      -35.49949       25.10193       43.47782
wrapping first mol.:      -35.49949       25.10193       43.47782

 NSTEP =    23000   TIME(PS) =    2786.000  TEMP(K) =   300.08  PRESS =    43.1
 Etot   =    -29191.4467  EKtot   =      7056.4062  EPtot      =    -36247.8529
 BOND   =       143.8020  ANGLE   =       369.8696  DIHED      =       621.4018
 1-4 NB =       179.3951  1-4 EEL =      2457.6546  VDWAALS    =      4728.2643
 EELEC  =    -44761.0958  EHBOND  =         0.0000  RESTRAINT  =        12.8555
 EAMBER (non-restraint)  =    -36260.7084
 EKCMT  =      3288.3880  VIRIAL  =      3180.1374  VOLUME     =    116229.5475
                                                    Density    =         1.0135
 ------------------------------------------------------------------------------

wrapping first mol.:      -35.51766       25.11478       43.50007
wrapping first mol.:      -35.51766       25.11478       43.50007

 NSTEP =    23500   TIME(PS) =    2787.000  TEMP(K) =   302.01  PRESS =   132.4
 Etot   =    -29070.1771  EKtot   =      7101.7930  EPtot      =    -36171.9701
 BOND   =       180.6131  ANGLE   =       397.7880  DIHED      =       638.1636
 1-4 NB =       173.3475  1-4 EEL =      2429.3972  VDWAALS    =      4829.0846
 EELEC  =    -44830.7498  EHBOND  =         0.0000  RESTRAINT  =        10.3856
 EAMBER (non-restraint)  =    -36182.3557
 EKCMT  =      3260.3461  VIRIAL  =      2927.4884  VOLUME     =    116407.2038
                                                    Density    =         1.0119
 ------------------------------------------------------------------------------

wrapping first mol.:      -35.53716       25.12857       43.52396
wrapping first mol.:      -35.53716       25.12857       43.52396

 NSTEP =    24000   TIME(PS) =    2788.000  TEMP(K) =   299.14  PRESS =   -61.5
 Etot   =    -29021.1826  EKtot   =      7034.3457  EPtot      =    -36055.5283
 BOND   =       159.3409  ANGLE   =       424.6374  DIHED      =       639.8556
 1-4 NB =       176.5754  1-4 EEL =      2464.6283  VDWAALS    =      4752.3382
 EELEC  =    -44683.6391  EHBOND  =         0.0000  RESTRAINT  =        10.7350
 EAMBER (non-restraint)  =    -36066.2633
 EKCMT  =      3260.5512  VIRIAL  =      3415.3878  VOLUME     =    116601.0966
                                                    Density    =         1.0102
 ------------------------------------------------------------------------------

wrapping first mol.:      -35.53078       25.12406       43.51614
wrapping first mol.:      -35.53078       25.12406       43.51614

 NSTEP =    24500   TIME(PS) =    2789.000  TEMP(K) =   300.71  PRESS =   367.3
 Etot   =    -28874.5334  EKtot   =      7071.3296  EPtot      =    -35945.8630
 BOND   =       160.6144  ANGLE   =       391.1295  DIHED      =       630.8810
 1-4 NB =       180.8071  1-4 EEL =      2471.3942  VDWAALS    =      4746.4540
 EELEC  =    -44539.1008  EHBOND  =         0.0000  RESTRAINT  =        11.9576
 EAMBER (non-restraint)  =    -35957.8206
 EKCMT  =      3223.8077  VIRIAL  =      2299.6218  VOLUME     =    116533.7940
                                                    Density    =         1.0108
 ------------------------------------------------------------------------------

wrapping first mol.:      -35.52817       25.12221       43.51295
wrapping first mol.:      -35.52817       25.12221       43.51295

 NSTEP =    25000   TIME(PS) =    2790.000  TEMP(K) =   301.98  PRESS =  -121.1
 Etot   =    -29084.4798  EKtot   =      7101.1128  EPtot      =    -36185.5926
 BOND   =       146.1803  ANGLE   =       404.0979  DIHED      =       619.9179
 1-4 NB =       175.8050  1-4 EEL =      2432.3042  VDWAALS    =      4707.8272
 EELEC  =    -44682.2656  EHBOND  =         0.0000  RESTRAINT  =        10.5405
 EAMBER (non-restraint)  =    -36196.1331
 EKCMT  =      3271.0887  VIRIAL  =      3575.7982  VOLUME     =    116513.2045
                                                    Density    =         1.0110
 ------------------------------------------------------------------------------

wrapping first mol.:      -35.54414       25.13350       43.53250
wrapping first mol.:      -35.54414       25.13350       43.53250

 NSTEP =    25500   TIME(PS) =    2791.000  TEMP(K) =   303.65  PRESS =   444.0
 Etot   =    -28970.3135  EKtot   =      7140.4971  EPtot      =    -36110.8105
 BOND   =       167.7457  ANGLE   =       428.1985  DIHED      =       636.0145
 1-4 NB =       176.8181  1-4 EEL =      2421.5031  VDWAALS    =      4846.3877
 EELEC  =    -44797.5333  EHBOND  =         0.0000  RESTRAINT  =        10.0553
 EAMBER (non-restraint)  =    -36120.8658
 EKCMT  =      3293.8685  VIRIAL  =      2175.3756  VOLUME     =    116664.5029
                                                    Density    =         1.0097
 ------------------------------------------------------------------------------

wrapping first mol.:      -35.54625       25.13500       43.53509
wrapping first mol.:      -35.54625       25.13500       43.53509

 NSTEP =    26000   TIME(PS) =    2792.000  TEMP(K) =   301.16  PRESS =   102.0
 Etot   =    -28912.8427  EKtot   =      7081.9702  EPtot      =    -35994.8129
 BOND   =       150.0989  ANGLE   =       372.7557  DIHED      =       626.1665
 1-4 NB =       181.6640  1-4 EEL =      2435.7736  VDWAALS    =      4704.7339
 EELEC  =    -44475.1066  EHBOND  =         0.0000  RESTRAINT  =         9.1011
 EAMBER (non-restraint)  =    -36003.9140
 EKCMT  =      3235.5465  VIRIAL  =      2978.4609  VOLUME     =    116688.8514
                                                    Density    =         1.0095
 ------------------------------------------------------------------------------

wrapping first mol.:      -35.48494       25.09165       43.46001
wrapping first mol.:      -35.48494       25.09165       43.46001

 NSTEP =    26500   TIME(PS) =    2793.000  TEMP(K) =   299.98  PRESS =    53.2
 Etot   =    -28925.0603  EKtot   =      7054.2402  EPtot      =    -35979.3005
 BOND   =       143.7822  ANGLE   =       402.9030  DIHED      =       623.0725
 1-4 NB =       177.8178  1-4 EEL =      2429.2284  VDWAALS    =      4708.3551
 EELEC  =    -44474.0218  EHBOND  =         0.0000  RESTRAINT  =         9.5623
 EAMBER (non-restraint)  =    -35988.8629
 EKCMT  =      3223.5326  VIRIAL  =      3090.2930  VOLUME     =    116086.6713
                                                    Density    =         1.0147
 ------------------------------------------------------------------------------

wrapping first mol.:      -35.50767       25.10772       43.48784
wrapping first mol.:      -35.50767       25.10772       43.48784

 NSTEP =    27000   TIME(PS) =    2794.000  TEMP(K) =   300.98  PRESS =   354.9
 Etot   =    -29054.5822  EKtot   =      7077.7090  EPtot      =    -36132.2912
 BOND   =       165.5565  ANGLE   =       385.3410  DIHED      =       620.9871
 1-4 NB =       176.7135  1-4 EEL =      2429.3387  VDWAALS    =      4920.1959
 EELEC  =    -44841.3587  EHBOND  =         0.0000  RESTRAINT  =        10.9348
 EAMBER (non-restraint)  =    -36143.2259
 EKCMT  =      3285.5248  VIRIAL  =      2394.2468  VOLUME     =    116306.7419
                                                    Density    =         1.0128
 ------------------------------------------------------------------------------

wrapping first mol.:      -35.55386       25.14038       43.54441
wrapping first mol.:      -35.55386       25.14038       43.54441

 NSTEP =    27500   TIME(PS) =    2795.000  TEMP(K) =   298.62  PRESS =   177.8
 Etot   =    -29055.4161  EKtot   =      7022.1064  EPtot      =    -36077.5225
 BOND   =       168.6838  ANGLE   =       381.5280  DIHED      =       625.0818
 1-4 NB =       170.8839  1-4 EEL =      2426.9754  VDWAALS    =      4773.6441
 EELEC  =    -44634.9313  EHBOND  =         0.0000  RESTRAINT  =        10.6117
 EAMBER (non-restraint)  =    -36088.1342
 EKCMT  =      3165.1524  VIRIAL  =      2716.7922  VOLUME     =    116763.0258
                                                    Density    =         1.0088
 ------------------------------------------------------------------------------

wrapping first mol.:      -35.53173       25.12473       43.51730
wrapping first mol.:      -35.53173       25.12473       43.51730

 NSTEP =    28000   TIME(PS) =    2796.000  TEMP(K) =   297.41  PRESS =   -30.5
 Etot   =    -29194.6366  EKtot   =      6993.6548  EPtot      =    -36188.2914
 BOND   =       170.3848  ANGLE   =       425.5740  DIHED      =       606.3946
 1-4 NB =       169.8195  1-4 EEL =      2417.1840  VDWAALS    =      4667.6455
 EELEC  =    -44656.0186  EHBOND  =         0.0000  RESTRAINT  =        10.7248
 EAMBER (non-restraint)  =    -36199.0162
 EKCMT  =      3243.6132  VIRIAL  =      3320.4412  VOLUME     =    116547.2738
                                                    Density    =         1.0107
 ------------------------------------------------------------------------------

wrapping first mol.:      -35.48690       25.09304       43.46241
wrapping first mol.:      -35.48690       25.09304       43.46241

 NSTEP =    28500   TIME(PS) =    2797.000  TEMP(K) =   297.49  PRESS =   121.4
 Etot   =    -29159.5143  EKtot   =      6995.6807  EPtot      =    -36155.1950
 BOND   =       165.5112  ANGLE   =       390.5705  DIHED      =       628.3611
 1-4 NB =       180.6149  1-4 EEL =      2440.4680  VDWAALS    =      4708.6633
 EELEC  =    -44681.6604  EHBOND  =         0.0000  RESTRAINT  =        12.2764
 EAMBER (non-restraint)  =    -36167.4714
 EKCMT  =      3223.5307  VIRIAL  =      2919.2622  VOLUME     =    116105.2096
                                                    Density    =         1.0146
 ------------------------------------------------------------------------------

wrapping first mol.:      -35.49656       25.09987       43.47424
wrapping first mol.:      -35.49656       25.09987       43.47424

 NSTEP =    29000   TIME(PS) =    2798.000  TEMP(K) =   302.33  PRESS =   -46.5
 Etot   =    -28908.3530  EKtot   =      7109.5137  EPtot      =    -36017.8666
 BOND   =       158.7390  ANGLE   =       381.6461  DIHED      =       616.8004
 1-4 NB =       186.5580  1-4 EEL =      2446.4304  VDWAALS    =      4588.9803
 EELEC  =    -44406.5615  EHBOND  =         0.0000  RESTRAINT  =         9.5406
 EAMBER (non-restraint)  =    -36027.4073
 EKCMT  =      3311.6824  VIRIAL  =      3428.3103  VOLUME     =    116201.7705
                                                    Density    =         1.0137
 ------------------------------------------------------------------------------

wrapping first mol.:      -35.49290       25.09728       43.46976
wrapping first mol.:      -35.49290       25.09728       43.46976

 NSTEP =    29500   TIME(PS) =    2799.000  TEMP(K) =   300.23  PRESS =   -79.1
 Etot   =    -28964.4494  EKtot   =      7060.0229  EPtot      =    -36024.4723
 BOND   =       151.3638  ANGLE   =       406.5709  DIHED      =       625.1204
 1-4 NB =       192.4034  1-4 EEL =      2462.5877  VDWAALS    =      4650.3104
 EELEC  =    -44520.8073  EHBOND  =         0.0000  RESTRAINT  =         7.9784
 EAMBER (non-restraint)  =    -36032.4507
 EKCMT  =      3293.6244  VIRIAL  =      3492.1332  VOLUME     =    116166.1800
                                                    Density    =         1.0140
 ------------------------------------------------------------------------------

wrapping first mol.:      -35.47538       25.08489       43.44829
wrapping first mol.:      -35.47538       25.08489       43.44829

 NSTEP =    30000   TIME(PS) =    2800.000  TEMP(K) =   301.74  PRESS =   -90.4
 Etot   =    -29229.4937  EKtot   =      7095.4375  EPtot      =    -36324.9312
 BOND   =       142.6257  ANGLE   =       389.5259  DIHED      =       616.0657
 1-4 NB =       176.7465  1-4 EEL =      2454.9324  VDWAALS    =      4815.9858
 EELEC  =    -44927.7005  EHBOND  =         0.0000  RESTRAINT  =         6.8875
 EAMBER (non-restraint)  =    -36331.8186
 EKCMT  =      3252.7591  VIRIAL  =      3479.2583  VOLUME     =    115994.2952
                                                    Density    =         1.0155
 ------------------------------------------------------------------------------

wrapping first mol.:      -35.49685       25.10007       43.47459
wrapping first mol.:      -35.49685       25.10007       43.47459

 NSTEP =    30500   TIME(PS) =    2801.000  TEMP(K) =   299.83  PRESS =   163.7
 Etot   =    -29040.4083  EKtot   =      7050.6597  EPtot      =    -36091.0679
 BOND   =       144.8699  ANGLE   =       409.4583  DIHED      =       630.9363
 1-4 NB =       175.6721  1-4 EEL =      2437.8230  VDWAALS    =      4776.7122
 EELEC  =    -44676.1181  EHBOND  =         0.0000  RESTRAINT  =         9.5783
 EAMBER (non-restraint)  =    -36100.6463
 EKCMT  =      3249.9529  VIRIAL  =      2839.1318  VOLUME     =    116202.3758
                                                    Density    =         1.0137
 ------------------------------------------------------------------------------

wrapping first mol.:       17.76636       25.12543       43.51852
wrapping first mol.:       17.76636       25.12543       43.51852

 NSTEP =    31000   TIME(PS) =    2802.000  TEMP(K) =   298.20  PRESS =  -177.0
 Etot   =    -29005.8688  EKtot   =      7012.2036  EPtot      =    -36018.0725
 BOND   =       159.6746  ANGLE   =       391.6891  DIHED      =       619.7093
 1-4 NB =       188.3636  1-4 EEL =      2444.2573  VDWAALS    =      4642.7266
 EELEC  =    -44478.1808  EHBOND  =         0.0000  RESTRAINT  =        13.6878
 EAMBER (non-restraint)  =    -36031.7603
 EKCMT  =      3206.3615  VIRIAL  =      3651.8061  VOLUME     =    116558.5489
                                                    Density    =         1.0106
 ------------------------------------------------------------------------------

wrapping first mol.:       17.77501       25.13765       43.53969
wrapping first mol.:       17.77501       25.13765       43.53969

 NSTEP =    31500   TIME(PS) =    2803.000  TEMP(K) =   303.28  PRESS =   -56.3
 Etot   =    -28885.5540  EKtot   =      7131.7031  EPtot      =    -36017.2572
 BOND   =       177.1093  ANGLE   =       390.1344  DIHED      =       620.0161
 1-4 NB =       172.3148  1-4 EEL =      2430.4406  VDWAALS    =      4749.9014
 EELEC  =    -44567.0890  EHBOND  =         0.0000  RESTRAINT  =         9.9154
 EAMBER (non-restraint)  =    -36027.1725
 EKCMT  =      3195.5252  VIRIAL  =      3337.3498  VOLUME     =    116727.5044
                                                    Density    =         1.0091
 ------------------------------------------------------------------------------

wrapping first mol.:      -35.55179       25.13891       43.54187
wrapping first mol.:      -35.55179       25.13891       43.54187

 NSTEP =    32000   TIME(PS) =    2804.000  TEMP(K) =   302.32  PRESS =  -108.7
 Etot   =    -29008.8240  EKtot   =      7109.1089  EPtot      =    -36117.9329
 BOND   =       163.3278  ANGLE   =       393.8611  DIHED      =       643.1018
 1-4 NB =       172.4337  1-4 EEL =      2443.4983  VDWAALS    =      4718.0629
 EELEC  =    -44665.4435  EHBOND  =         0.0000  RESTRAINT  =        13.2249
 EAMBER (non-restraint)  =    -36131.1579
 EKCMT  =      3268.3050  VIRIAL  =      3542.2756  VOLUME     =    116745.5999
                                                    Density    =         1.0090
 ------------------------------------------------------------------------------

wrapping first mol.:       17.77144       25.13261       43.53095
wrapping first mol.:       17.77144       25.13261       43.53095

 NSTEP =    32500   TIME(PS) =    2805.000  TEMP(K) =   302.78  PRESS =  -269.0
 Etot   =    -28904.0392  EKtot   =      7119.9834  EPtot      =    -36024.0226
 BOND   =       154.2185  ANGLE   =       382.0544  DIHED      =       630.4215
 1-4 NB =       179.9702  1-4 EEL =      2431.7647  VDWAALS    =      4558.0732
 EELEC  =    -44369.6012  EHBOND  =         0.0000  RESTRAINT  =         9.0760
 EAMBER (non-restraint)  =    -36033.0986
 EKCMT  =      3251.8759  VIRIAL  =      3929.4401  VOLUME     =    116659.4442
                                                    Density    =         1.0097
 ------------------------------------------------------------------------------

wrapping first mol.:      -35.53165       25.12468       43.51722
wrapping first mol.:      -35.53165       25.12468       43.51722

 NSTEP =    33000   TIME(PS) =    2806.000  TEMP(K) =   298.19  PRESS =    90.1
 Etot   =    -29146.2501  EKtot   =      7011.9731  EPtot      =    -36158.2232
 BOND   =       161.4076  ANGLE   =       397.4704  DIHED      =       621.0868
 1-4 NB =       172.9199  1-4 EEL =      2426.9468  VDWAALS    =      4779.2341
 EELEC  =    -44726.9870  EHBOND  =         0.0000  RESTRAINT  =         9.6982
 EAMBER (non-restraint)  =    -36167.9214
 EKCMT  =      3228.8397  VIRIAL  =      3002.0102  VOLUME     =    116545.3197
                                                    Density    =         1.0107
 ------------------------------------------------------------------------------

wrapping first mol.:      -35.55513       25.14128       43.54597
wrapping first mol.:      -35.55513       25.14128       43.54597

 NSTEP =    33500   TIME(PS) =    2807.000  TEMP(K) =   294.43  PRESS =     2.6
 Etot   =    -29177.1584  EKtot   =      6923.6079  EPtot      =    -36100.7663
 BOND   =       174.9780  ANGLE   =       422.9214  DIHED      =       622.3645
 1-4 NB =       177.3500  1-4 EEL =      2434.8437  VDWAALS    =      4665.5146
 EELEC  =    -44609.0691  EHBOND  =         0.0000  RESTRAINT  =        10.3306
 EAMBER (non-restraint)  =    -36111.0969
 EKCMT  =      3215.1617  VIRIAL  =      3208.6504  VOLUME     =    116777.4284
                                                    Density    =         1.0087
 ------------------------------------------------------------------------------

wrapping first mol.:      -35.53426       25.12652       43.52040
wrapping first mol.:      -35.53426       25.12652       43.52040

 NSTEP =    34000   TIME(PS) =    2808.000  TEMP(K) =   296.20  PRESS =  -156.6
 Etot   =    -29306.7237  EKtot   =      6965.2061  EPtot      =    -36271.9297
 BOND   =       136.9419  ANGLE   =       384.0870  DIHED      =       625.9423
 1-4 NB =       174.4029  1-4 EEL =      2460.7121  VDWAALS    =      4793.5312
 EELEC  =    -44857.2288  EHBOND  =         0.0000  RESTRAINT  =         9.6817
 EAMBER (non-restraint)  =    -36281.6114
 EKCMT  =      3227.7325  VIRIAL  =      3621.8847  VOLUME     =    116573.4983
                                                    Density    =         1.0105
 ------------------------------------------------------------------------------

wrapping first mol.:      -35.55715       25.14271       43.54844
wrapping first mol.:      -35.55715       25.14271       43.54844

 NSTEP =    34500   TIME(PS) =    2809.000  TEMP(K) =   294.84  PRESS =   153.3
 Etot   =    -29096.9590  EKtot   =      6933.4048  EPtot      =    -36030.3638
 BOND   =       153.4266  ANGLE   =       419.2311  DIHED      =       627.7086
 1-4 NB =       173.4645  1-4 EEL =      2403.8249  VDWAALS    =      4769.4084
 EELEC  =    -44588.0043  EHBOND  =         0.0000  RESTRAINT  =        10.5766
 EAMBER (non-restraint)  =    -36040.9404
 EKCMT  =      3104.3921  VIRIAL  =      2717.8053  VOLUME     =    116795.7416
                                                    Density    =         1.0086
 ------------------------------------------------------------------------------

wrapping first mol.:      -35.58504       25.16243       43.58260
wrapping first mol.:      -35.58504       25.16243       43.58260

 NSTEP =    35000   TIME(PS) =    2810.000  TEMP(K) =   298.87  PRESS =  -184.5
 Etot   =    -29089.9170  EKtot   =      7028.1084  EPtot      =    -36118.0254
 BOND   =       123.7809  ANGLE   =       413.2934  DIHED      =       634.6125
 1-4 NB =       175.6187  1-4 EEL =      2436.9399  VDWAALS    =      4676.1168
 EELEC  =    -44588.2522  EHBOND  =         0.0000  RESTRAINT  =         9.8647
 EAMBER (non-restraint)  =    -36127.8901
 EKCMT  =      3226.7913  VIRIAL  =      3693.0985  VOLUME     =    117074.2990
                                                    Density    =         1.0062
 ------------------------------------------------------------------------------

wrapping first mol.:      -35.57452       25.15499       43.56972
wrapping first mol.:      -35.57452       25.15499       43.56972

 NSTEP =    35500   TIME(PS) =    2811.000  TEMP(K) =   298.50  PRESS =   182.9
 Etot   =    -29200.9206  EKtot   =      7019.4146  EPtot      =    -36220.3351
 BOND   =       145.0786  ANGLE   =       417.5960  DIHED      =       611.7470
 1-4 NB =       170.4667  1-4 EEL =      2426.2326  VDWAALS    =      4823.1150
 EELEC  =    -44825.6757  EHBOND  =         0.0000  RESTRAINT  =        11.1047
 EAMBER (non-restraint)  =    -36231.4399
 EKCMT  =      3297.5858  VIRIAL  =      2835.7468  VOLUME     =    116966.6817
                                                    Density    =         1.0071
 ------------------------------------------------------------------------------

wrapping first mol.:      -35.54953       25.13732       43.53911
wrapping first mol.:      -35.54953       25.13732       43.53911

 NSTEP =    36000   TIME(PS) =    2812.000  TEMP(K) =   300.88  PRESS =    72.7
 Etot   =    -28955.9273  EKtot   =      7075.3525  EPtot      =    -36031.2799
 BOND   =       146.9573  ANGLE   =       381.0316  DIHED      =       623.4032
 1-4 NB =       163.0274  1-4 EEL =      2439.0657  VDWAALS    =      4722.7473
 EELEC  =    -44519.0122  EHBOND  =         0.0000  RESTRAINT  =        11.4997
 EAMBER (non-restraint)  =    -36042.7796
 EKCMT  =      3192.6997  VIRIAL  =      3009.6025  VOLUME     =    116721.4553
                                                    Density    =         1.0092
 ------------------------------------------------------------------------------

wrapping first mol.:      -35.55667       25.14237       43.54785
wrapping first mol.:      -35.55667       25.14237       43.54785

 NSTEP =    36500   TIME(PS) =    2813.000  TEMP(K) =   304.80  PRESS =   178.4
 Etot   =    -28972.6481  EKtot   =      7167.4512  EPtot      =    -36140.0993
 BOND   =       148.1175  ANGLE   =       389.1071  DIHED      =       628.2788
 1-4 NB =       169.5233  1-4 EEL =      2420.0265  VDWAALS    =      4722.3383
 EELEC  =    -44632.0142  EHBOND  =         0.0000  RESTRAINT  =        14.5234
 EAMBER (non-restraint)  =    -36154.6227
 EKCMT  =      3346.8278  VIRIAL  =      2896.8789  VOLUME     =    116790.7066
                                                    Density    =         1.0086
 ------------------------------------------------------------------------------

wrapping first mol.:      -35.55448       25.14082       43.54517
wrapping first mol.:      -35.55448       25.14082       43.54517

 NSTEP =    37000   TIME(PS) =    2814.000  TEMP(K) =   303.20  PRESS =    69.2
 Etot   =    -29001.7466  EKtot   =      7129.8906  EPtot      =    -36131.6372
 BOND   =       155.8718  ANGLE   =       396.5479  DIHED      =       622.0991
 1-4 NB =       175.7793  1-4 EEL =      2432.5994  VDWAALS    =      4790.9201
 EELEC  =    -44719.9322  EHBOND  =         0.0000  RESTRAINT  =        14.4773
 EAMBER (non-restraint)  =    -36146.1145
 EKCMT  =      3234.6039  VIRIAL  =      3060.0829  VOLUME     =    116770.2977
                                                    Density    =         1.0088
 ------------------------------------------------------------------------------

wrapping first mol.:      -35.55442       25.14078       43.54510
wrapping first mol.:      -35.55442       25.14078       43.54510

 NSTEP =    37500   TIME(PS) =    2815.000  TEMP(K) =   302.65  PRESS =   301.7
 Etot   =    -29011.6779  EKtot   =      7116.9019  EPtot      =    -36128.5798
 BOND   =       160.3730  ANGLE   =       426.1217  DIHED      =       628.5007
 1-4 NB =       175.0172  1-4 EEL =      2424.7672  VDWAALS    =      4824.5608
 EELEC  =    -44779.7456  EHBOND  =         0.0000  RESTRAINT  =        11.8252
 EAMBER (non-restraint)  =    -36140.4050
 EKCMT  =      3273.7930  VIRIAL  =      2513.0404  VOLUME     =    116767.2759
                                                    Density    =         1.0088
 ------------------------------------------------------------------------------

wrapping first mol.:      -35.50411       25.10520       43.48348
wrapping first mol.:      -35.50411       25.10520       43.48348

 NSTEP =    38000   TIME(PS) =    2816.000  TEMP(K) =   301.12  PRESS =  -288.6
 Etot   =    -29078.8534  EKtot   =      7080.9590  EPtot      =    -36159.8124
 BOND   =       155.9593  ANGLE   =       410.3415  DIHED      =       631.4524
 1-4 NB =       174.2297  1-4 EEL =      2448.5529  VDWAALS    =      4654.0752
 EELEC  =    -44644.1402  EHBOND  =         0.0000  RESTRAINT  =         9.7168
 EAMBER (non-restraint)  =    -36169.5292
 EKCMT  =      3268.1973  VIRIAL  =      3992.7272  VOLUME     =    116278.4223
                                                    Density    =         1.0130
 ------------------------------------------------------------------------------

wrapping first mol.:       17.74323       25.09271       43.46184
wrapping first mol.:       17.74323       25.09271       43.46184

 NSTEP =    38500   TIME(PS) =    2817.000  TEMP(K) =   302.98  PRESS =  -132.6
 Etot   =    -29061.0196  EKtot   =      7124.8008  EPtot      =    -36185.8204
 BOND   =       154.4405  ANGLE   =       398.7432  DIHED      =       632.5499
 1-4 NB =       183.0144  1-4 EEL =      2450.8874  VDWAALS    =      4651.1278
 EELEC  =    -44671.6449  EHBOND  =         0.0000  RESTRAINT  =        15.0613
 EAMBER (non-restraint)  =    -36200.8817
 EKCMT  =      3255.4282  VIRIAL  =      3587.7947  VOLUME     =    116103.3121
                                                    Density    =         1.0146
 ------------------------------------------------------------------------------

wrapping first mol.:      -35.49803       25.10090       43.47604
wrapping first mol.:      -35.49803       25.10090       43.47604

 NSTEP =    39000   TIME(PS) =    2818.000  TEMP(K) =   297.56  PRESS =    97.4
 Etot   =    -29247.1759  EKtot   =      6997.3174  EPtot      =    -36244.4932
 BOND   =       169.1000  ANGLE   =       389.7662  DIHED      =       628.4855
 1-4 NB =       175.2409  1-4 EEL =      2423.7493  VDWAALS    =      4840.3805
 EELEC  =    -44883.6237  EHBOND  =         0.0000  RESTRAINT  =        12.4081
 EAMBER (non-restraint)  =    -36256.9013
 EKCMT  =      3259.2679  VIRIAL  =      3014.9224  VOLUME     =    116214.6985
                                                    Density    =         1.0136
 ------------------------------------------------------------------------------

wrapping first mol.:      -35.51032       25.10960       43.49109
wrapping first mol.:      -35.51032       25.10960       43.49109

 NSTEP =    39500   TIME(PS) =    2819.000  TEMP(K) =   300.98  PRESS =    35.0
 Etot   =    -29049.7326  EKtot   =      7077.6772  EPtot      =    -36127.4098
 BOND   =       151.3730  ANGLE   =       395.7198  DIHED      =       631.3351
 1-4 NB =       190.0962  1-4 EEL =      2462.6167  VDWAALS    =      4758.2462
 EELEC  =    -44728.5837  EHBOND  =         0.0000  RESTRAINT  =        11.7868
 EAMBER (non-restraint)  =    -36139.1966
 EKCMT  =      3222.6029  VIRIAL  =      3134.6715  VOLUME     =    116336.1183
                                                    Density    =         1.0125
 ------------------------------------------------------------------------------

wrapping first mol.:       17.75556       25.11016       43.49207
wrapping first mol.:       17.75556       25.11016       43.49207

 NSTEP =    40000   TIME(PS) =    2820.000  TEMP(K) =   301.47  PRESS =    -2.3
 Etot   =    -29019.8365  EKtot   =      7089.1338  EPtot      =    -36108.9703
 BOND   =       151.1719  ANGLE   =       371.7494  DIHED      =       627.4497
 1-4 NB =       178.4963  1-4 EEL =      2476.3117  VDWAALS    =      4709.6076
 EELEC  =    -44636.1338  EHBOND  =         0.0000  RESTRAINT  =        12.3769
 EAMBER (non-restraint)  =    -36121.3472
 EKCMT  =      3321.6299  VIRIAL  =      3327.4742  VOLUME     =    116344.3391
                                                    Density    =         1.0125
 ------------------------------------------------------------------------------

wrapping first mol.:      -35.50001       25.10230       43.47846
wrapping first mol.:      -35.50001       25.10230       43.47846

 NSTEP =    40500   TIME(PS) =    2821.000  TEMP(K) =   299.49  PRESS =   -14.3
 Etot   =    -29144.6051  EKtot   =      7042.5889  EPtot      =    -36187.1940
 BOND   =       158.5140  ANGLE   =       408.8892  DIHED      =       617.7094
 1-4 NB =       177.8920  1-4 EEL =      2416.6523  VDWAALS    =      4751.1219
 EELEC  =    -44727.1796  EHBOND  =         0.0000  RESTRAINT  =         9.2068
 EAMBER (non-restraint)  =    -36196.4007
 EKCMT  =      3208.9246  VIRIAL  =      3244.8740  VOLUME     =    116235.3088
                                                    Density    =         1.0134
 ------------------------------------------------------------------------------

wrapping first mol.:      -35.54818       25.13636       43.53745
wrapping first mol.:      -35.54818       25.13636       43.53745

 NSTEP =    41000   TIME(PS) =    2822.000  TEMP(K) =   304.36  PRESS =   249.3
 Etot   =    -29140.4426  EKtot   =      7157.1602  EPtot      =    -36297.6027
 BOND   =       151.0394  ANGLE   =       388.0656  DIHED      =       617.7056
 1-4 NB =       178.2772  1-4 EEL =      2421.2132  VDWAALS    =      4960.7291
 EELEC  =    -45022.9026  EHBOND  =         0.0000  RESTRAINT  =         8.2699
 EAMBER (non-restraint)  =    -36305.8726
 EKCMT  =      3280.8680  VIRIAL  =      2652.7041  VOLUME     =    116706.3342
                                                    Density    =         1.0093
 ------------------------------------------------------------------------------

wrapping first mol.:      -35.55608       25.14195       43.54713
wrapping first mol.:      -35.55608       25.14195       43.54713

 NSTEP =    41500   TIME(PS) =    2823.000  TEMP(K) =   300.30  PRESS =  -247.2
 Etot   =    -29109.0198  EKtot   =      7061.6523  EPtot      =    -36170.6722
 BOND   =       139.2889  ANGLE   =       428.7046  DIHED      =       625.5862
 1-4 NB =       183.9175  1-4 EEL =      2420.3033  VDWAALS    =      4620.3639
 EELEC  =    -44599.5047  EHBOND  =         0.0000  RESTRAINT  =        10.6680
 EAMBER (non-restraint)  =    -36181.3402
 EKCMT  =      3300.0980  VIRIAL  =      3923.4764  VOLUME     =    116789.3508
                                                    Density    =         1.0086
 ------------------------------------------------------------------------------

wrapping first mol.:      -35.56617       25.14908       43.55948
wrapping first mol.:      -35.56617       25.14908       43.55948

 NSTEP =    42000   TIME(PS) =    2824.000  TEMP(K) =   302.02  PRESS =   124.3
 Etot   =    -29185.8629  EKtot   =      7102.1807  EPtot      =    -36288.0436
 BOND   =       144.7577  ANGLE   =       359.1890  DIHED      =       622.4164
 1-4 NB =       191.6689  1-4 EEL =      2465.1726  VDWAALS    =      4812.9657
 EELEC  =    -44896.1465  EHBOND  =         0.0000  RESTRAINT  =        11.9327
 EAMBER (non-restraint)  =    -36299.9763
 EKCMT  =      3330.8292  VIRIAL  =      3017.1823  VOLUME     =    116884.8949
                                                    Density    =         1.0078
 ------------------------------------------------------------------------------

wrapping first mol.:       17.78718       25.15487       43.56951
wrapping first mol.:       17.78718       25.15487       43.56951

 NSTEP =    42500   TIME(PS) =    2825.000  TEMP(K) =   300.47  PRESS =    69.1
 Etot   =    -29054.1068  EKtot   =      7065.6890  EPtot      =    -36119.7958
 BOND   =       147.4029  ANGLE   =       409.3443  DIHED      =       635.8063
 1-4 NB =       173.4898  1-4 EEL =      2440.5186  VDWAALS    =      4778.9602
 EELEC  =    -44714.5175  EHBOND  =         0.0000  RESTRAINT  =         9.1996
 EAMBER (non-restraint)  =    -36128.9954
 EKCMT  =      3218.4702  VIRIAL  =      3044.0710  VOLUME     =    116966.1637
                                                    Density    =         1.0071
 ------------------------------------------------------------------------------

wrapping first mol.:       17.79687       25.16857       43.59324
wrapping first mol.:       17.79687       25.16857       43.59324

 NSTEP =    43000   TIME(PS) =    2826.000  TEMP(K) =   301.20  PRESS =   -58.2
 Etot   =    -28954.0489  EKtot   =      7082.7729  EPtot      =    -36036.8219
 BOND   =       155.7960  ANGLE   =       417.0572  DIHED      =       618.4861
 1-4 NB =       178.7405  1-4 EEL =      2437.9797  VDWAALS    =      4637.6941
 EELEC  =    -44492.7952  EHBOND  =         0.0000  RESTRAINT  =        10.2197
 EAMBER (non-restraint)  =    -36047.0416
 EKCMT  =      3308.6955  VIRIAL  =      3455.8674  VOLUME     =    117158.7121
                                                    Density    =         1.0054
 ------------------------------------------------------------------------------

wrapping first mol.:       17.77467       25.13718       43.53888
wrapping first mol.:       17.77467       25.13718       43.53888

 NSTEP =    43500   TIME(PS) =    2827.000  TEMP(K) =   298.59  PRESS =    -2.7
 Etot   =    -29138.1996  EKtot   =      7021.4771  EPtot      =    -36159.6766
 BOND   =       145.8951  ANGLE   =       411.8150  DIHED      =       638.6531
 1-4 NB =       177.3876  1-4 EEL =      2448.1781  VDWAALS    =      4764.1354
 EELEC  =    -44756.1977  EHBOND  =         0.0000  RESTRAINT  =        10.4568
 EAMBER (non-restraint)  =    -36170.1334
 EKCMT  =      3252.1985  VIRIAL  =      3258.9363  VOLUME     =    116720.3972
                                                    Density    =         1.0092
 ------------------------------------------------------------------------------

wrapping first mol.:      -35.55422       25.14064       43.54486
wrapping first mol.:      -35.55422       25.14064       43.54486

 NSTEP =    44000   TIME(PS) =    2828.000  TEMP(K) =   299.87  PRESS =  -256.8
 Etot   =    -29237.9191  EKtot   =      7051.6377  EPtot      =    -36289.5568
 BOND   =       139.5518  ANGLE   =       406.0817  DIHED      =       630.0675
 1-4 NB =       179.2500  1-4 EEL =      2468.9280  VDWAALS    =      4669.3267
 EELEC  =    -44794.2253  EHBOND  =         0.0000  RESTRAINT  =        11.4628
 EAMBER (non-restraint)  =    -36301.0195
 EKCMT  =      3163.2663  VIRIAL  =      3810.8155  VOLUME     =    116771.1409
                                                    Density    =         1.0088
 ------------------------------------------------------------------------------

wrapping first mol.:      -35.54627       25.13502       43.53512
wrapping first mol.:      -35.54627       25.13502       43.53512

 NSTEP =    44500   TIME(PS) =    2829.000  TEMP(K) =   301.32  PRESS =    94.2
 Etot   =    -29215.0957  EKtot   =      7085.6113  EPtot      =    -36300.7071
 BOND   =       151.7864  ANGLE   =       386.4655  DIHED      =       618.3213
 1-4 NB =       175.8226  1-4 EEL =      2439.2808  VDWAALS    =      4839.6011
 EELEC  =    -44923.7479  EHBOND  =         0.0000  RESTRAINT  =        11.7631
 EAMBER (non-restraint)  =    -36312.4702
 EKCMT  =      3189.4859  VIRIAL  =      2952.0821  VOLUME     =    116689.1984
                                                    Density    =         1.0095
 ------------------------------------------------------------------------------

wrapping first mol.:       17.77360       25.13566       43.53624
wrapping first mol.:       17.77360       25.13566       43.53624

 NSTEP =    45000   TIME(PS) =    2830.000  TEMP(K) =   302.03  PRESS =   197.0
 Etot   =    -28917.3653  EKtot   =      7102.4058  EPtot      =    -36019.7711
 BOND   =       140.4939  ANGLE   =       405.8533  DIHED      =       628.1002
 1-4 NB =       182.3668  1-4 EEL =      2443.5071  VDWAALS    =      4776.3367
 EELEC  =    -44608.9171  EHBOND  =         0.0000  RESTRAINT  =        12.4880
 EAMBER (non-restraint)  =    -36032.2591
 EKCMT  =      3227.6207  VIRIAL  =      2731.2078  VOLUME     =    116697.0824
                                                    Density    =         1.0094
 ------------------------------------------------------------------------------

wrapping first mol.:      -35.52713       25.12148       43.51167
wrapping first mol.:      -35.52713       25.12148       43.51167

 NSTEP =    45500   TIME(PS) =    2831.000  TEMP(K) =   300.29  PRESS =   -37.3
 Etot   =    -29124.3749  EKtot   =      7061.3594  EPtot      =    -36185.7343
 BOND   =       157.7145  ANGLE   =       394.4349  DIHED      =       615.7448
 1-4 NB =       178.7887  1-4 EEL =      2420.5231  VDWAALS    =      4696.0869
 EELEC  =    -44660.6575  EHBOND  =         0.0000  RESTRAINT  =        11.6303
 EAMBER (non-restraint)  =    -36197.3646
 EKCMT  =      3283.8014  VIRIAL  =      3377.6243  VOLUME     =    116502.1245
                                                    Density    =         1.0111
 ------------------------------------------------------------------------------

wrapping first mol.:      -35.50133       25.10324       43.48008
wrapping first mol.:      -35.50133       25.10324       43.48008

 NSTEP =    46000   TIME(PS) =    2832.000  TEMP(K) =   298.63  PRESS =  -138.7
 Etot   =    -29108.7236  EKtot   =      7022.4302  EPtot      =    -36131.1538
 BOND   =       147.6226  ANGLE   =       411.4330  DIHED      =       643.8430
 1-4 NB =       178.1948  1-4 EEL =      2458.5692  VDWAALS    =      4627.8175
 EELEC  =    -44609.9496  EHBOND  =         0.0000  RESTRAINT  =        11.3158
 EAMBER (non-restraint)  =    -36142.4696
 EKCMT  =      3226.1047  VIRIAL  =      3574.2066  VOLUME     =    116249.5484
                                                    Density    =         1.0133
 ------------------------------------------------------------------------------

wrapping first mol.:      -35.52721       25.12154       43.51177
wrapping first mol.:      -35.52721       25.12154       43.51177

 NSTEP =    46500   TIME(PS) =    2833.000  TEMP(K) =   296.76  PRESS =  -239.7
 Etot   =    -29239.1129  EKtot   =      6978.4062  EPtot      =    -36217.5191
 BOND   =       140.1961  ANGLE   =       379.0445  DIHED      =       625.0719
 1-4 NB =       187.0687  1-4 EEL =      2452.6997  VDWAALS    =      4639.6895
 EELEC  =    -44650.8500  EHBOND  =         0.0000  RESTRAINT  =         9.5606
 EAMBER (non-restraint)  =    -36227.0797
 EKCMT  =      3238.9045  VIRIAL  =      3841.7967  VOLUME     =    116505.0171
                                                    Density    =         1.0111
 ------------------------------------------------------------------------------

wrapping first mol.:      -35.54236       25.13225       43.53033
wrapping first mol.:      -35.54236       25.13225       43.53033

 NSTEP =    47000   TIME(PS) =    2834.000  TEMP(K) =   296.24  PRESS =   173.2
 Etot   =    -29203.5386  EKtot   =      6966.2168  EPtot      =    -36169.7554
 BOND   =       159.6578  ANGLE   =       391.6367  DIHED      =       641.7971
 1-4 NB =       174.3587  1-4 EEL =      2433.9788  VDWAALS    =      4880.8029
 EELEC  =    -44864.6060  EHBOND  =         0.0000  RESTRAINT  =        12.6186
 EAMBER (non-restraint)  =    -36182.3741
 EKCMT  =      3212.1648  VIRIAL  =      2776.0643  VOLUME     =    116649.8072
                                                    Density    =         1.0098
 ------------------------------------------------------------------------------

wrapping first mol.:      -35.60443       25.17614       43.60635
wrapping first mol.:      -35.60443       25.17614       43.60635

 NSTEP =    47500   TIME(PS) =    2835.000  TEMP(K) =   298.05  PRESS =   -17.5
 Etot   =    -29017.9765  EKtot   =      7008.6670  EPtot      =    -36026.6435
 BOND   =       131.9985  ANGLE   =       417.2985  DIHED      =       641.7954
 1-4 NB =       174.5868  1-4 EEL =      2446.7197  VDWAALS    =      4657.6832
 EELEC  =    -44508.0225  EHBOND  =         0.0000  RESTRAINT  =        11.2970
 EAMBER (non-restraint)  =    -36037.9405
 EKCMT  =      3234.0730  VIRIAL  =      3278.2725  VOLUME     =    117264.0502
                                                    Density    =         1.0045
 ------------------------------------------------------------------------------

wrapping first mol.:       17.78612       25.15338       43.56692
wrapping first mol.:       17.78612       25.15338       43.56692

 NSTEP =    48000   TIME(PS) =    2836.000  TEMP(K) =   294.28  PRESS =  -109.3
 Etot   =    -29058.3715  EKtot   =      6920.0786  EPtot      =    -35978.4501
 BOND   =       147.0500  ANGLE   =       395.8131  DIHED      =       628.6620
 1-4 NB =       184.4295  1-4 EEL =      2434.3749  VDWAALS    =      4692.0127
 EELEC  =    -44471.0772  EHBOND  =         0.0000  RESTRAINT  =        10.2850
 EAMBER (non-restraint)  =    -35988.7350
 EKCMT  =      3176.1998  VIRIAL  =      3452.2681  VOLUME     =    116947.2211
                                                    Density    =         1.0073
 ------------------------------------------------------------------------------

wrapping first mol.:      -35.62030       25.18736       43.62578
wrapping first mol.:      -35.62030       25.18736       43.62578

 NSTEP =    48500   TIME(PS) =    2837.000  TEMP(K) =   297.56  PRESS =    -4.8
 Etot   =    -28999.5390  EKtot   =      6997.2446  EPtot      =    -35996.7837
 BOND   =       159.2562  ANGLE   =       406.9281  DIHED      =       623.4168
 1-4 NB =       173.1107  1-4 EEL =      2422.5051  VDWAALS    =      4704.6315
 EELEC  =    -44500.5289  EHBOND  =         0.0000  RESTRAINT  =        13.8967
 EAMBER (non-restraint)  =    -36010.6804
 EKCMT  =      3221.2151  VIRIAL  =      3233.3824  VOLUME     =    117420.7321
                                                    Density    =         1.0032
 ------------------------------------------------------------------------------

wrapping first mol.:      -35.57767       25.15722       43.57357
wrapping first mol.:      -35.57767       25.15722       43.57357

 NSTEP =    49000   TIME(PS) =    2838.000  TEMP(K) =   296.89  PRESS =  -169.5
 Etot   =    -29161.9291  EKtot   =      6981.5239  EPtot      =    -36143.4530
 BOND   =       161.5023  ANGLE   =       385.9643  DIHED      =       634.5690
 1-4 NB =       183.6289  1-4 EEL =      2450.9834  VDWAALS    =      4740.4382
 EELEC  =    -44714.0700  EHBOND  =         0.0000  RESTRAINT  =        13.5309
 EAMBER (non-restraint)  =    -36156.9839
 EKCMT  =      3240.0308  VIRIAL  =      3668.3106  VOLUME     =    117001.4116
                                                    Density    =         1.0068
 ------------------------------------------------------------------------------

wrapping first mol.:      -35.58366       25.16145       43.58091
wrapping first mol.:      -35.58366       25.16145       43.58091

 NSTEP =    49500   TIME(PS) =    2839.000  TEMP(K) =   298.36  PRESS =    -2.8
 Etot   =    -29054.1769  EKtot   =      7016.1406  EPtot      =    -36070.3175
 BOND   =       151.8684  ANGLE   =       405.2298  DIHED      =       621.8079
 1-4 NB =       183.8171  1-4 EEL =      2449.4451  VDWAALS    =      4750.9031
 EELEC  =    -44644.8778  EHBOND  =         0.0000  RESTRAINT  =        11.4889
 EAMBER (non-restraint)  =    -36081.8064
 EKCMT  =      3192.8209  VIRIAL  =      3199.8725  VOLUME     =    117058.7533
                                                    Density    =         1.0063
 ------------------------------------------------------------------------------

wrapping first mol.:      -35.54426       25.13359       43.53266
wrapping first mol.:      -35.54426       25.13359       43.53266

 NSTEP =    50000   TIME(PS) =    2840.000  TEMP(K) =   297.58  PRESS =    15.4
 Etot   =    -29012.7875  EKtot   =      6997.6255  EPtot      =    -36010.4130
 BOND   =       163.8133  ANGLE   =       423.9620  DIHED      =       632.5263
 1-4 NB =       169.1360  1-4 EEL =      2442.3141  VDWAALS    =      4650.2634
 EELEC  =    -44501.7383  EHBOND  =         0.0000  RESTRAINT  =         9.3101
 EAMBER (non-restraint)  =    -36019.7231
 EKCMT  =      3288.8648  VIRIAL  =      3249.9515  VOLUME     =    116670.2132
                                                    Density    =         1.0096
 ------------------------------------------------------------------------------


      A V E R A G E S   O V E R     100 S T E P S


 NSTEP =    50000   TIME(PS) =    2840.000  TEMP(K) =   300.21  PRESS =    12.7
 Etot   =    -29059.8650  EKtot   =      7059.5684  EPtot      =    -36119.4334
 BOND   =       153.2558  ANGLE   =       401.9056  DIHED      =       626.1287
 1-4 NB =       177.7621  1-4 EEL =      2441.5492  VDWAALS    =      4730.9335
 EELEC  =    -44661.8658  EHBOND  =         0.0000  RESTRAINT  =        10.8976
 EAMBER (non-restraint)  =    -36130.3309
 EKCMT  =      3246.1679  VIRIAL  =      3214.3405  VOLUME     =    116708.6135
                                                    Density    =         1.0093
 ------------------------------------------------------------------------------


      R M S  F L U C T U A T I O N S


 NSTEP =    50000   TIME(PS) =    2840.000  TEMP(K) =     2.58  PRESS =   187.0
 Etot   =       102.8625  EKtot   =        60.7847  EPtot      =        92.8130
 BOND   =        10.9588  ANGLE   =        15.2549  DIHED      =         8.5078
 1-4 NB =         6.2276  1-4 EEL =        15.4012  VDWAALS    =        86.7438
 EELEC  =       147.5817  EHBOND  =         0.0000  RESTRAINT  =         1.8375
 EAMBER (non-restraint)  =        90.9755
 EKCMT  =        40.5351  VIRIAL  =       469.2686  VOLUME     =       342.7055
                                                    Density    =         0.0030
 ------------------------------------------------------------------------------

--------------------------------------------------------------------------------
   5.  TIMINGS
--------------------------------------------------------------------------------

|  NonSetup CPU Time in Major Routines:
|
|     Routine           Sec        %
|     ------------------------------
|     Nonbond          69.13   88.10
|     Bond              0.00    0.00
|     Angle             0.00    0.00
|     Dihedral          0.00    0.00
|     Shake             0.30    0.38
|     RunMD             8.98   11.45
|     Other             0.06    0.07
|     ------------------------------
|     Total            78.47

|  PME Nonbond Pairlist CPU Time:
|
|     Routine              Sec        %
|     ---------------------------------
|     Set Up Cit           0.00    0.00
|     Build List           0.00    0.00
|     ---------------------------------
|     Total                0.00    0.00

|  PME Direct Force CPU Time:
|
|     Routine              Sec        %
|     ---------------------------------
|     NonBonded Calc       0.00    0.00
|     Exclude Masked       0.00    0.00
|     Other                0.03    0.04
|     ---------------------------------
|     Total                0.03    0.04

|  PME Reciprocal Force CPU Time:
|
|     Routine              Sec        %
|     ---------------------------------
|     1D bspline           0.00    0.00
|     Grid Charges         0.00    0.00
|     Scalar Sum           0.00    0.00
|     Gradient Sum         0.00    0.00
|     FFT                  0.00    0.00
|     ---------------------------------
|     Total                0.00    0.00

|  Final Performance Info:
|     -----------------------------------------------------
|     Average timings for last   11500 steps:
|     Elapsed(s) =      18.04 Per Step(ms) =       1.57
|         ns/day =     110.14   seconds/ns =     784.47
|
|     Average timings for all steps:
|     Elapsed(s) =      78.47 Per Step(ms) =       1.57
|         ns/day =     110.10   seconds/ns =     784.72
|     -----------------------------------------------------

|  Setup CPU time:            0.43 seconds
|  NonSetup CPU time:        78.47 seconds
|  Total CPU time:           78.90 seconds     0.02 hours

|  Setup wall time:           1    seconds
|  NonSetup wall time:       78    seconds
|  Total wall time:          79    seconds     0.02 hours
