
          -------------------------------------------------------
          Amber 16 PMEMD                              2016
          -------------------------------------------------------

| PMEMD implementation of SANDER, Release 16

| Run on 06/20/2017 at 00:38:21

|   Executable path: pmemd.cuda
| Working directory: /home/german/alex/run/3rm/mhe/e
|          Hostname: Unknown
  [-O]verwriting output

File Assignments:
|   MDIN: 29equ.in                                                              
|  MDOUT: 29equ.out                                                             
| INPCRD: 28e3rm.rst7                                                           
|   PARM: /home/german/alex/top_files/3rm.prmtop                                
| RESTRT: 29e3rm.rst7                                                           
|   REFC: 28e3rm.rst7                                                           
|  MDVEL: mdvel                                                                 
|   MDEN: mden                                                                  
|  MDCRD: 29e3rm.nc                                                             
| MDINFO: mdinfo                                                                
|  MDFRC: mdfrc                                                                 


 Here is the input file:

Equilibration with solute restrictions                                         
&cntrl                                                                         
imin = 0,                           ! No Minimization                          
nmropt = 0,                         ! No NMR restraints read                   
                                                                               
! Nature and format of the input                                               
ntx = 5,                            ! Coordinates but no velocities will be rea
irest = 1,                          ! Do not run a new simulation              
                                                                               
! Nature and format of the output                                              
ntxo = 1,                           ! rstrt file in ASCII format               
ntpr = 500,                         ! inf in output every ntpr steps           
ntwr = 500,                         ! rstrt file every ntwr steps              
ntwx = 500,                         ! mdcrd file every ntwx steps              
ntwv = 0,                           ! mdvel without velocities                 
ntwe = 0,                           ! Energies and temperatures not written in 
idecomp = 0,                        ! No energy decomposition                  
iwrap = 1,                          ! Coordinates of the restart and mdcrd file
                                                                               
! Frozen or restrained atoms                                                   
ibelly = 0,                         ! No frozen atoms                          
ntr=1,                              ! Harmonic potential restraints            
restraint_wt = 0.05,                ! The weight for the positional restraints 
restraintmask = ':1-49@N,CA,C,O',  ! restrained residues                       
                                                                               
! Molecular dynamics                                                           
nstlim = 50000,                     ! Number of MD-steps                       
dt = 0.002,                         ! Time step                                
                                                                               
! Temperature regulation                                                       
ntt = 3,                            ! Langevin thermostat                      
gamma_ln = 5,                       ! Gamma constant for Langevin              
!temp0 = 300.0,                     ! Reference T at which the system is to be 
tempi = 300.0,                      ! Initial T                                
ig = -1,                            ! Seed for the RNG                         
                                                                               
! P and V regulation                                                           
ntp = 1,                            ! Constant P. Isotropic scaling            
barostat = 1,                       ! Berendsen barostat                       
taup = 1,                           ! Pressure relaxation time                 
nrespa = 1,                         ! Evaluate at each step                    
ntb = 2,                            ! Periodic box for constant P              
                                                                               
! SHAKE variables                                                              
ntc = 2,                            ! Bonds involving H are constrained        
ntf = 2,                            ! Bond interaction involving H are ommited.
                                                                               
cut = 10.0,                         ! Nonbonded cutoff                         
/                                                                              
&end                                                                           


Note: ig = -1. Setting random seed to   241195 based on wallclock time in 
      microseconds.
 
|--------------------- INFORMATION ----------------------
| GPU (CUDA) Version of PMEMD in use: NVIDIA GPU IN USE.
|                    Version 16.0.0
| 
|                      02/25/2016
| 
| Implementation by:
|                    Ross C. Walker     (SDSC)
|                    Scott Le Grand     (nVIDIA)
| 
| Precision model in use:
|      [SPFP] - Single Precision Forces, 64-bit Fixed Point
|               Accumulation. (Default)
| 
|--------------------------------------------------------
 
|----------------- CITATION INFORMATION -----------------
|
|    When publishing work that utilized the CUDA version
|    of AMBER, please cite the following in addition to
|    the regular AMBER citations:
|
|  - Romelia Salomon-Ferrer; Andreas W. Goetz; Duncan
|    Poole; Scott Le Grand; Ross C. Walker "Routine
|    microsecond molecular dynamics simulations with
|    AMBER - Part II: Particle Mesh Ewald", J. Chem.
|    Theory Comput., 2013, 9 (9), pp3878-3888,
|    DOI: 10.1021/ct400314y.
|
|  - Andreas W. Goetz; Mark J. Williamson; Dong Xu;
|    Duncan Poole; Scott Le Grand; Ross C. Walker
|    "Routine microsecond molecular dynamics simulations
|    with AMBER - Part I: Generalized Born", J. Chem.
|    Theory Comput., 2012, 8 (5), pp1542-1555.
|
|  - Scott Le Grand; Andreas W. Goetz; Ross C. Walker
|    "SPFP: Speed without compromise - a mixed precision
|    model for GPU accelerated molecular dynamics
|    simulations.", Comp. Phys. Comm., 2013, 184
|    pp374-380, DOI: 10.1016/j.cpc.2012.09.022
|
|--------------------------------------------------------
 
|------------------- GPU DEVICE INFO --------------------
|
|            CUDA_VISIBLE_DEVICES: 1
|   CUDA Capable Devices Detected:      1
|           CUDA Device ID in use:      0
|                CUDA Device Name: GeForce GTX 1060 6GB
|     CUDA Device Global Mem Size:   6072 MB
| CUDA Device Num Multiprocessors:     10
|           CUDA Device Core Freq:   1.76 GHz
|
|--------------------------------------------------------
 
 
| Conditional Compilation Defines Used:
| PUBFFT
| BINTRAJ
| CUDA
| EMIL

| Largest sphere to fit in unit cell has radius =    21.783

| New format PARM file being parsed.
| Version =    1.000 Date = 06/17/17 Time = 14:32:14

| Note: 1-4 EEL scale factors are being read from the topology file.

| Note: 1-4 VDW scale factors are being read from the topology file.
| Duplicated    0 dihedrals

| Duplicated    0 dihedrals

--------------------------------------------------------------------------------
   1.  RESOURCE   USE: 
--------------------------------------------------------------------------------

 getting new box info from bottom of inpcrd
 NATOM  =   11635 NTYPES =      17 NBONH =   11238 MBONA  =     402
 NTHETH =     874 MTHETA =     539 NPHIH =    1768 MPHIA  =    1688
 NHPARM =       0 NPARM  =       0 NNB   =   18755 NRES   =    3670
 NBONA  =     402 NTHETA =     539 NPHIA =    1688 NUMBND =      69
 NUMANG =     154 NPTRA  =     196 NATYP =      37 NPHB   =       1
 IFBOX  =       2 NMXRS  =      25 IFCAP =       0 NEXTRA =       0
 NCOPY  =       0

| Coordinate Index Table dimensions:     8    8    8
| Direct force subcell size =     6.6696    6.6696    6.6696

     BOX TYPE: TRUNCATED OCTAHEDRON

--------------------------------------------------------------------------------
   2.  CONTROL  DATA  FOR  THE  RUN
--------------------------------------------------------------------------------

default_name                                                                    

General flags:
     imin    =       0, nmropt  =       0

Nature and format of input:
     ntx     =       5, irest   =       1, ntrx    =       1

Nature and format of output:
     ntxo    =       1, ntpr    =     500, ntrx    =       1, ntwr    =     500
     iwrap   =       1, ntwx    =     500, ntwv    =       0, ntwe    =       0
     ioutfm  =       1, ntwprt  =       0, idecomp =       0, rbornstat=      0

Potential function:
     ntf     =       2, ntb     =       2, igb     =       0, nsnb    =      25
     ipol    =       0, gbsa    =       0, iesp    =       0
     dielc   =   1.00000, cut     =  10.00000, intdiel =   1.00000

Frozen or restrained atoms:
     ibelly  =       0, ntr     =       1
     restraint_wt =   0.05000

Molecular dynamics:
     nstlim  =     50000, nscm    =         0, nrespa  =         1
     t       =   0.00000, dt      =   0.00200, vlimit  =  -1.00000

Langevin dynamics temperature regulation:
     ig      =  241195
     temp0   = 300.00000, tempi   = 300.00000, gamma_ln=   5.00000

Pressure regulation:
     ntp     =       1
     pres0   =   1.00000, comp    =  44.60000, taup    =   1.00000

SHAKE:
     ntc     =       2, jfastw  =       0
     tol     =   0.00001

| Intermolecular bonds treatment:
|     no_intermolecular_bonds =       1

| Energy averages sample interval:
|     ene_avg_sampling =     500

Ewald parameters:
     verbose =       0, ew_type =       0, nbflag  =       1, use_pme =       1
     vdwmeth =       1, eedmeth =       1, netfrc  =       1
     Box X =   53.357   Box Y =   53.357   Box Z =   53.357
     Alpha =  109.471   Beta  =  109.471   Gamma =  109.471
     NFFT1 =   56       NFFT2 =   56       NFFT3 =   56
     Cutoff=   10.000   Tol   =0.100E-04
     Ewald Coefficient =  0.27511
     Interpolation order =    4

    LOADING THE CONSTRAINED ATOMS AS GROUPS


   5.  REFERENCE ATOM COORDINATES

  default_name                                                                    
     Mask :1-49@N,CA,C,O; matches   196 atoms

--------------------------------------------------------------------------------
   3.  ATOMIC COORDINATES AND VELOCITIES
--------------------------------------------------------------------------------

default_name                                                                    
 begin time read from input coords =  2940.000 ps

 
 Number of triangulated 3-point waters found:     3618

     Sum of charges from parm topology file =  -0.00000003
     Forcing neutrality...

| Dynamic Memory, Types Used:
| Reals              642671
| Integers           365176

| Nonbonded Pairs Initial Allocation:     3519296

| GPU memory information (estimate):
| KB of GPU memory in use:     85536
| KB of CPU memory in use:     17664

--------------------------------------------------------------------------------
   4.  RESULTS
--------------------------------------------------------------------------------

 ---------------------------------------------------
 APPROXIMATING switch and d/dx switch using CUBIC SPLINE INTERPOLATION
 using   5000.0 points per unit in tabled values
 TESTING RELATIVE ERROR over r ranging from 0.0 to cutoff
| CHECK switch(x): max rel err =   0.2738E-14   at   2.422500
| CHECK d/dx switch(x): max rel err =   0.8314E-11   at   2.736960
 ---------------------------------------------------
|---------------------------------------------------
| APPROXIMATING direct energy using CUBIC SPLINE INTERPOLATION
|  with   50.0 points per unit in tabled values
| Relative Error Limit not exceeded for r .gt.   2.33
| APPROXIMATING direct force using CUBIC SPLINE INTERPOLATION
|  with   50.0 points per unit in tabled values
| Relative Error Limit not exceeded for r .gt.   2.80
|---------------------------------------------------
wrapping first mol.:      -35.58026       25.15905       43.57675
wrapping first mol.:      -35.58026       25.15905       43.57675

 NSTEP =      500   TIME(PS) =    2941.000  TEMP(K) =   302.13  PRESS =  -394.0
 Etot   =    -28999.5568  EKtot   =      7104.8311  EPtot      =    -36104.3878
 BOND   =       159.9854  ANGLE   =       379.0089  DIHED      =       615.1298
 1-4 NB =       186.6622  1-4 EEL =      2449.8920  VDWAALS    =      4540.0450
 EELEC  =    -44437.4199  EHBOND  =         0.0000  RESTRAINT  =         2.3089
 EAMBER (non-restraint)  =    -36106.6967
 EKCMT  =      3254.2361  VIRIAL  =      4249.8774  VOLUME     =    117029.3061
                                                    Density    =         1.0065
 ------------------------------------------------------------------------------

wrapping first mol.:      -35.53206       25.12496       43.51771
wrapping first mol.:      -35.53206       25.12496       43.51771

 NSTEP =     1000   TIME(PS) =    2942.000  TEMP(K) =   297.98  PRESS =   295.8
 Etot   =    -28987.6085  EKtot   =      7007.1938  EPtot      =    -35994.8024
 BOND   =       163.8655  ANGLE   =       367.8670  DIHED      =       616.5077
 1-4 NB =       184.2987  1-4 EEL =      2430.6941  VDWAALS    =      4756.7362
 EELEC  =    -44517.9415  EHBOND  =         0.0000  RESTRAINT  =         3.1699
 EAMBER (non-restraint)  =    -35997.9723
 EKCMT  =      3177.5384  VIRIAL  =      2433.0793  VOLUME     =    116547.1367
                                                    Density    =         1.0107
 ------------------------------------------------------------------------------

wrapping first mol.:      -35.55484       25.14107       43.54561
wrapping first mol.:      -35.55484       25.14107       43.54561

 NSTEP =     1500   TIME(PS) =    2943.000  TEMP(K) =   298.70  PRESS =   207.4
 Etot   =    -29143.0460  EKtot   =      7024.1147  EPtot      =    -36167.1608
 BOND   =       149.9911  ANGLE   =       398.9237  DIHED      =       621.9638
 1-4 NB =       182.3998  1-4 EEL =      2425.9079  VDWAALS    =      4768.7286
 EELEC  =    -44718.8892  EHBOND  =         0.0000  RESTRAINT  =         3.8135
 EAMBER (non-restraint)  =    -36170.9743
 EKCMT  =      3256.9257  VIRIAL  =      2734.0667  VOLUME     =    116772.3634
                                                    Density    =         1.0088
 ------------------------------------------------------------------------------

wrapping first mol.:      -35.56807       25.15043       43.56181
wrapping first mol.:      -35.56807       25.15043       43.56181

 NSTEP =     2000   TIME(PS) =    2944.000  TEMP(K) =   298.89  PRESS =   -44.4
 Etot   =    -28996.6295  EKtot   =      7028.6299  EPtot      =    -36025.2594
 BOND   =       158.1086  ANGLE   =       396.0091  DIHED      =       631.4019
 1-4 NB =       179.7518  1-4 EEL =      2460.6439  VDWAALS    =      4674.3939
 EELEC  =    -44529.1327  EHBOND  =         0.0000  RESTRAINT  =         3.5641
 EAMBER (non-restraint)  =    -36028.8235
 EKCMT  =      3168.3381  VIRIAL  =      3280.4532  VOLUME     =    116905.3911
                                                    Density    =         1.0076
 ------------------------------------------------------------------------------

wrapping first mol.:      -35.52625       25.12086       43.51060
wrapping first mol.:      -35.52625       25.12086       43.51060

 NSTEP =     2500   TIME(PS) =    2945.000  TEMP(K) =   296.26  PRESS =  -112.9
 Etot   =    -29055.4881  EKtot   =      6966.6899  EPtot      =    -36022.1780
 BOND   =       161.3382  ANGLE   =       445.9448  DIHED      =       616.9255
 1-4 NB =       175.5778  1-4 EEL =      2431.5928  VDWAALS    =      4662.6171
 EELEC  =    -44520.6798  EHBOND  =         0.0000  RESTRAINT  =         4.5057
 EAMBER (non-restraint)  =    -36026.6837
 EKCMT  =      3196.3476  VIRIAL  =      3480.2480  VOLUME     =    116494.2719
                                                    Density    =         1.0112
 ------------------------------------------------------------------------------

wrapping first mol.:      -35.52567       25.12045       43.50989
wrapping first mol.:      -35.52567       25.12045       43.50989

 NSTEP =     3000   TIME(PS) =    2946.000  TEMP(K) =   298.70  PRESS =   -44.9
 Etot   =    -29285.6125  EKtot   =      7024.1460  EPtot      =    -36309.7585
 BOND   =       156.4691  ANGLE   =       409.1657  DIHED      =       610.3106
 1-4 NB =       177.9417  1-4 EEL =      2426.0699  VDWAALS    =      4774.1674
 EELEC  =    -44869.7472  EHBOND  =         0.0000  RESTRAINT  =         5.8643
 EAMBER (non-restraint)  =    -36315.6228
 EKCMT  =      3249.2555  VIRIAL  =      3362.0732  VOLUME     =    116487.8499
                                                    Density    =         1.0112
 ------------------------------------------------------------------------------

wrapping first mol.:      -35.53990       25.13051       43.52732
wrapping first mol.:      -35.53990       25.13051       43.52732

 NSTEP =     3500   TIME(PS) =    2947.000  TEMP(K) =   301.44  PRESS =   -97.2
 Etot   =    -29099.2330  EKtot   =      7088.5049  EPtot      =    -36187.7379
 BOND   =       154.2068  ANGLE   =       414.1782  DIHED      =       611.6422
 1-4 NB =       173.0020  1-4 EEL =      2437.2949  VDWAALS    =      4728.9962
 EELEC  =    -44711.4725  EHBOND  =         0.0000  RESTRAINT  =         4.4143
 EAMBER (non-restraint)  =    -36192.1522
 EKCMT  =      3295.4059  VIRIAL  =      3540.1095  VOLUME     =    116628.4326
                                                    Density    =         1.0100
 ------------------------------------------------------------------------------

wrapping first mol.:      -35.55704       25.14263       43.54831
wrapping first mol.:      -35.55704       25.14263       43.54831

 NSTEP =     4000   TIME(PS) =    2948.000  TEMP(K) =   300.65  PRESS =   325.0
 Etot   =    -29063.6488  EKtot   =      7069.9033  EPtot      =    -36133.5521
 BOND   =       157.9336  ANGLE   =       396.7112  DIHED      =       609.6613
 1-4 NB =       180.4819  1-4 EEL =      2447.3277  VDWAALS    =      4916.4985
 EELEC  =    -44847.7841  EHBOND  =         0.0000  RESTRAINT  =         5.6179
 EAMBER (non-restraint)  =    -36139.1700
 EKCMT  =      3249.1202  VIRIAL  =      2429.6871  VOLUME     =    116792.8356
                                                    Density    =         1.0086
 ------------------------------------------------------------------------------

wrapping first mol.:      -35.51327       25.11168       43.49469
wrapping first mol.:      -35.51327       25.11168       43.49469

 NSTEP =     4500   TIME(PS) =    2949.000  TEMP(K) =   304.10  PRESS =  -255.0
 Etot   =    -29133.4865  EKtot   =      7151.1304  EPtot      =    -36284.6168
 BOND   =       151.7092  ANGLE   =       423.0041  DIHED      =       613.6456
 1-4 NB =       181.0344  1-4 EEL =      2436.7823  VDWAALS    =      4692.9776
 EELEC  =    -44789.5788  EHBOND  =         0.0000  RESTRAINT  =         5.8089
 EAMBER (non-restraint)  =    -36290.4257
 EKCMT  =      3280.2177  VIRIAL  =      3920.9325  VOLUME     =    116368.0467
                                                    Density    =         1.0123
 ------------------------------------------------------------------------------

wrapping first mol.:      -35.49899       25.10158       43.47721
wrapping first mol.:      -35.49899       25.10158       43.47721

 NSTEP =     5000   TIME(PS) =    2950.000  TEMP(K) =   295.59  PRESS =   312.8
 Etot   =    -29162.4462  EKtot   =      6950.9419  EPtot      =    -36113.3881
 BOND   =       138.8276  ANGLE   =       402.4062  DIHED      =       610.9833
 1-4 NB =       171.0105  1-4 EEL =      2450.6548  VDWAALS    =      4828.8792
 EELEC  =    -44721.6972  EHBOND  =         0.0000  RESTRAINT  =         5.5476
 EAMBER (non-restraint)  =    -36118.9357
 EKCMT  =      3208.6817  VIRIAL  =      2423.6754  VOLUME     =    116221.8919
                                                    Density    =         1.0135
 ------------------------------------------------------------------------------

wrapping first mol.:      -35.52366       25.11902       43.50742
wrapping first mol.:      -35.52366       25.11902       43.50742

 NSTEP =     5500   TIME(PS) =    2951.000  TEMP(K) =   302.57  PRESS =   315.1
 Etot   =    -29041.6989  EKtot   =      7115.0312  EPtot      =    -36156.7301
 BOND   =       150.5423  ANGLE   =       409.3324  DIHED      =       623.8073
 1-4 NB =       175.0538  1-4 EEL =      2411.6048  VDWAALS    =      4827.1028
 EELEC  =    -44760.5283  EHBOND  =         0.0000  RESTRAINT  =         6.3548
 EAMBER (non-restraint)  =    -36163.0849
 EKCMT  =      3283.0048  VIRIAL  =      2490.7187  VOLUME     =    116464.3013
                                                    Density    =         1.0114
 ------------------------------------------------------------------------------

wrapping first mol.:      -35.51474       25.11272       43.49650
wrapping first mol.:      -35.51474       25.11272       43.49650

 NSTEP =     6000   TIME(PS) =    2952.000  TEMP(K) =   294.73  PRESS =  -458.4
 Etot   =    -29329.6618  EKtot   =      6930.7256  EPtot      =    -36260.3874
 BOND   =       153.5978  ANGLE   =       404.2465  DIHED      =       615.2714
 1-4 NB =       176.8504  1-4 EEL =      2430.1633  VDWAALS    =      4549.6435
 EELEC  =    -44596.8263  EHBOND  =         0.0000  RESTRAINT  =         6.6661
 EAMBER (non-restraint)  =    -36267.0535
 EKCMT  =      3132.8869  VIRIAL  =      4284.7171  VOLUME     =    116384.6594
                                                    Density    =         1.0121
 ------------------------------------------------------------------------------

wrapping first mol.:      -35.51443       25.11250       43.49613
wrapping first mol.:      -35.51443       25.11250       43.49613

 NSTEP =     6500   TIME(PS) =    2953.000  TEMP(K) =   304.99  PRESS =  -105.7
 Etot   =    -29054.0157  EKtot   =      7171.8682  EPtot      =    -36225.8839
 BOND   =       143.8348  ANGLE   =       415.5726  DIHED      =       630.5396
 1-4 NB =       174.3209  1-4 EEL =      2441.8177  VDWAALS    =      4684.2127
 EELEC  =    -44724.1895  EHBOND  =         0.0000  RESTRAINT  =         8.0074
 EAMBER (non-restraint)  =    -36233.8912
 EKCMT  =      3321.9055  VIRIAL  =      3587.5602  VOLUME     =    116377.9929
                                                    Density    =         1.0122
 ------------------------------------------------------------------------------

wrapping first mol.:      -35.53862       25.12961       43.52575
wrapping first mol.:      -35.53862       25.12961       43.52575

 NSTEP =     7000   TIME(PS) =    2954.000  TEMP(K) =   296.54  PRESS =   102.9
 Etot   =    -29153.6046  EKtot   =      6973.2915  EPtot      =    -36126.8961
 BOND   =       161.9049  ANGLE   =       407.4643  DIHED      =       626.6525
 1-4 NB =       172.7345  1-4 EEL =      2452.0298  VDWAALS    =      4774.4013
 EELEC  =    -44728.5939  EHBOND  =         0.0000  RESTRAINT  =         6.5106
 EAMBER (non-restraint)  =    -36133.4066
 EKCMT  =      3255.1838  VIRIAL  =      2996.0048  VOLUME     =    116613.7710
                                                    Density    =         1.0101
 ------------------------------------------------------------------------------

wrapping first mol.:      -35.53907       25.12993       43.52630
wrapping first mol.:      -35.53907       25.12993       43.52630

 NSTEP =     7500   TIME(PS) =    2955.000  TEMP(K) =   302.62  PRESS =  -138.8
 Etot   =    -29218.4222  EKtot   =      7116.1514  EPtot      =    -36334.5736
 BOND   =       147.4388  ANGLE   =       428.5865  DIHED      =       613.8116
 1-4 NB =       174.4534  1-4 EEL =      2412.6154  VDWAALS    =      4754.7435
 EELEC  =    -44873.9705  EHBOND  =         0.0000  RESTRAINT  =         7.7476
 EAMBER (non-restraint)  =    -36342.3211
 EKCMT  =      3297.8886  VIRIAL  =      3647.2905  VOLUME     =    116620.7334
                                                    Density    =         1.0101
 ------------------------------------------------------------------------------

wrapping first mol.:      -35.55633       25.14213       43.54744
wrapping first mol.:      -35.55633       25.14213       43.54744

 NSTEP =     8000   TIME(PS) =    2956.000  TEMP(K) =   295.78  PRESS =  -104.4
 Etot   =    -29236.6496  EKtot   =      6955.3901  EPtot      =    -36192.0397
 BOND   =       166.0178  ANGLE   =       394.1380  DIHED      =       614.7597
 1-4 NB =       172.1575  1-4 EEL =      2406.5458  VDWAALS    =      4765.5756
 EELEC  =    -44719.2656  EHBOND  =         0.0000  RESTRAINT  =         8.0315
 EAMBER (non-restraint)  =    -36200.0712
 EKCMT  =      3170.3136  VIRIAL  =      3433.6537  VOLUME     =    116790.3521
                                                    Density    =         1.0086
 ------------------------------------------------------------------------------

wrapping first mol.:      -35.59277       25.16790       43.59207
wrapping first mol.:      -35.59277       25.16790       43.59207

 NSTEP =     8500   TIME(PS) =    2957.000  TEMP(K) =   300.03  PRESS =  -148.6
 Etot   =    -28953.2577  EKtot   =      7055.2378  EPtot      =    -36008.4955
 BOND   =       177.4831  ANGLE   =       400.8963  DIHED      =       622.0491
 1-4 NB =       179.4771  1-4 EEL =      2437.1385  VDWAALS    =      4668.3093
 EELEC  =    -44502.0900  EHBOND  =         0.0000  RESTRAINT  =         8.2411
 EAMBER (non-restraint)  =    -36016.7366
 EKCMT  =      3235.9933  VIRIAL  =      3611.7926  VOLUME     =    117150.2596
                                                    Density    =         1.0055
 ------------------------------------------------------------------------------

wrapping first mol.:      -35.57596       25.15601       43.57148
wrapping first mol.:      -35.57596       25.15601       43.57148

 NSTEP =     9000   TIME(PS) =    2958.000  TEMP(K) =   299.28  PRESS =   171.7
 Etot   =    -29072.7727  EKtot   =      7037.7295  EPtot      =    -36110.5022
 BOND   =       144.4958  ANGLE   =       417.3125  DIHED      =       608.0643
 1-4 NB =       182.7343  1-4 EEL =      2427.2129  VDWAALS    =      4850.8779
 EELEC  =    -44749.8204  EHBOND  =         0.0000  RESTRAINT  =         8.6204
 EAMBER (non-restraint)  =    -36119.1226
 EKCMT  =      3187.0255  VIRIAL  =      2753.4750  VOLUME     =    116980.9632
                                                    Density    =         1.0070
 ------------------------------------------------------------------------------

wrapping first mol.:      -35.51668       25.11409       43.49887
wrapping first mol.:      -35.51668       25.11409       43.49887

 NSTEP =     9500   TIME(PS) =    2959.000  TEMP(K) =   299.33  PRESS =   255.0
 Etot   =    -29337.6525  EKtot   =      7038.7627  EPtot      =    -36376.4152
 BOND   =       147.5126  ANGLE   =       389.4778  DIHED      =       610.4122
 1-4 NB =       182.5486  1-4 EEL =      2471.2100  VDWAALS    =      4875.4040
 EELEC  =    -45063.1607  EHBOND  =         0.0000  RESTRAINT  =        10.1803
 EAMBER (non-restraint)  =    -36386.5955
 EKCMT  =      3210.9463  VIRIAL  =      2570.0117  VOLUME     =    116396.3013
                                                    Density    =         1.0120
 ------------------------------------------------------------------------------

wrapping first mol.:      -35.55186       25.13897       43.54196
wrapping first mol.:      -35.55186       25.13897       43.54196

 NSTEP =    10000   TIME(PS) =    2960.000  TEMP(K) =   303.75  PRESS =   172.3
 Etot   =    -29135.6356  EKtot   =      7142.7676  EPtot      =    -36278.4032
 BOND   =       147.6280  ANGLE   =       394.9229  DIHED      =       613.5150
 1-4 NB =       186.6057  1-4 EEL =      2465.8898  VDWAALS    =      4786.3259
 EELEC  =    -44883.3319  EHBOND  =         0.0000  RESTRAINT  =        10.0413
 EAMBER (non-restraint)  =    -36288.4445
 EKCMT  =      3279.3109  VIRIAL  =      2845.0330  VOLUME     =    116743.4142
                                                    Density    =         1.0090
 ------------------------------------------------------------------------------

wrapping first mol.:      -35.54476       25.13395       43.53327
wrapping first mol.:      -35.54476       25.13395       43.53327

 NSTEP =    10500   TIME(PS) =    2961.000  TEMP(K) =   299.80  PRESS =   -98.7
 Etot   =    -29176.0950  EKtot   =      7050.0381  EPtot      =    -36226.1331
 BOND   =       166.7879  ANGLE   =       399.5463  DIHED      =       612.3248
 1-4 NB =       185.1557  1-4 EEL =      2431.3477  VDWAALS    =      4737.1543
 EELEC  =    -44765.9458  EHBOND  =         0.0000  RESTRAINT  =         7.4961
 EAMBER (non-restraint)  =    -36233.6292
 EKCMT  =      3195.4938  VIRIAL  =      3444.1831  VOLUME     =    116676.3124
                                                    Density    =         1.0096
 ------------------------------------------------------------------------------

wrapping first mol.:      -35.53118       25.12434       43.51664
wrapping first mol.:      -35.53118       25.12434       43.51664

 NSTEP =    11000   TIME(PS) =    2962.000  TEMP(K) =   297.15  PRESS =  -251.4
 Etot   =    -29223.8181  EKtot   =      6987.7163  EPtot      =    -36211.5344
 BOND   =       159.7277  ANGLE   =       366.1141  DIHED      =       620.4842
 1-4 NB =       179.5117  1-4 EEL =      2437.6204  VDWAALS    =      4597.2772
 EELEC  =    -44578.7611  EHBOND  =         0.0000  RESTRAINT  =         6.4914
 EAMBER (non-restraint)  =    -36218.0258
 EKCMT  =      3208.9271  VIRIAL  =      3841.4829  VOLUME     =    116544.2239
                                                    Density    =         1.0107
 ------------------------------------------------------------------------------

wrapping first mol.:      -35.51559       25.11332       43.49754
wrapping first mol.:      -35.51559       25.11332       43.49754

 NSTEP =    11500   TIME(PS) =    2963.000  TEMP(K) =   297.52  PRESS =   197.2
 Etot   =    -29193.5321  EKtot   =      6996.2075  EPtot      =    -36189.7396
 BOND   =       152.4347  ANGLE   =       396.3398  DIHED      =       617.6692
 1-4 NB =       185.8191  1-4 EEL =      2420.9875  VDWAALS    =      4788.8210
 EELEC  =    -44758.3565  EHBOND  =         0.0000  RESTRAINT  =         6.5457
 EAMBER (non-restraint)  =    -36196.2853
 EKCMT  =      3202.2865  VIRIAL  =      2706.6801  VOLUME     =    116386.2008
                                                    Density    =         1.0121
 ------------------------------------------------------------------------------

wrapping first mol.:      -35.50536       25.10609       43.48502
wrapping first mol.:      -35.50536       25.10609       43.48502

 NSTEP =    12000   TIME(PS) =    2964.000  TEMP(K) =   303.69  PRESS =  -139.6
 Etot   =    -28959.1360  EKtot   =      7141.3550  EPtot      =    -36100.4910
 BOND   =       132.6447  ANGLE   =       390.3440  DIHED      =       624.9651
 1-4 NB =       172.1030  1-4 EEL =      2461.0138  VDWAALS    =      4583.8533
 EELEC  =    -44472.3646  EHBOND  =         0.0000  RESTRAINT  =         6.9498
 EAMBER (non-restraint)  =    -36107.4408
 EKCMT  =      3305.5654  VIRIAL  =      3656.1086  VOLUME     =    116289.1756
                                                    Density    =         1.0130
 ------------------------------------------------------------------------------

wrapping first mol.:      -35.52229       25.11806       43.50575
wrapping first mol.:      -35.52229       25.11806       43.50575

 NSTEP =    12500   TIME(PS) =    2965.000  TEMP(K) =   299.00  PRESS =  -177.9
 Etot   =    -28995.9227  EKtot   =      7031.1519  EPtot      =    -36027.0745
 BOND   =       158.1221  ANGLE   =       398.5912  DIHED      =       621.2554
 1-4 NB =       174.9364  1-4 EEL =      2439.0178  VDWAALS    =      4593.8894
 EELEC  =    -44420.1161  EHBOND  =         0.0000  RESTRAINT  =         7.2293
 EAMBER (non-restraint)  =    -36034.3038
 EKCMT  =      3170.6496  VIRIAL  =      3618.0209  VOLUME     =    116455.9626
                                                    Density    =         1.0115
 ------------------------------------------------------------------------------

wrapping first mol.:      -35.53568       25.12753       43.52215
wrapping first mol.:      -35.53568       25.12753       43.52215

 NSTEP =    13000   TIME(PS) =    2966.000  TEMP(K) =   305.30  PRESS =  -240.2
 Etot   =    -29056.6686  EKtot   =      7179.2646  EPtot      =    -36235.9332
 BOND   =       153.6568  ANGLE   =       400.1597  DIHED      =       637.3416
 1-4 NB =       187.4686  1-4 EEL =      2435.5514  VDWAALS    =      4630.0117
 EELEC  =    -44688.8521  EHBOND  =         0.0000  RESTRAINT  =         8.7291
 EAMBER (non-restraint)  =    -36244.6623
 EKCMT  =      3323.7829  VIRIAL  =      3928.4147  VOLUME     =    116588.4223
                                                    Density    =         1.0104
 ------------------------------------------------------------------------------

wrapping first mol.:      -35.55896       25.14399       43.55066
wrapping first mol.:      -35.55896       25.14399       43.55066

 NSTEP =    13500   TIME(PS) =    2967.000  TEMP(K) =   301.14  PRESS =  -258.1
 Etot   =    -29008.1119  EKtot   =      7081.3247  EPtot      =    -36089.4366
 BOND   =       157.7195  ANGLE   =       418.4359  DIHED      =       626.8515
 1-4 NB =       174.5579  1-4 EEL =      2422.1686  VDWAALS    =      4627.4971
 EELEC  =    -44524.9004  EHBOND  =         0.0000  RESTRAINT  =         8.2335
 EAMBER (non-restraint)  =    -36097.6701
 EKCMT  =      3262.2254  VIRIAL  =      3913.1973  VOLUME     =    116817.8559
                                                    Density    =         1.0084
 ------------------------------------------------------------------------------

wrapping first mol.:      -35.55535       25.14144       43.54624
wrapping first mol.:      -35.55535       25.14144       43.54624

 NSTEP =    14000   TIME(PS) =    2968.000  TEMP(K) =   302.24  PRESS =   -14.1
 Etot   =    -29070.0002  EKtot   =      7107.3188  EPtot      =    -36177.3191
 BOND   =       163.5761  ANGLE   =       395.0025  DIHED      =       615.2655
 1-4 NB =       180.7626  1-4 EEL =      2436.4615  VDWAALS    =      4702.5297
 EELEC  =    -44677.2709  EHBOND  =         0.0000  RESTRAINT  =         6.3539
 EAMBER (non-restraint)  =    -36183.6730
 EKCMT  =      3263.5280  VIRIAL  =      3299.0208  VOLUME     =    116779.7512
                                                    Density    =         1.0087
 ------------------------------------------------------------------------------

wrapping first mol.:      -35.58637       25.16337       43.58423
wrapping first mol.:      -35.58637       25.16337       43.58423

 NSTEP =    14500   TIME(PS) =    2969.000  TEMP(K) =   299.99  PRESS =  -445.7
 Etot   =    -29026.6371  EKtot   =      7054.3477  EPtot      =    -36080.9848
 BOND   =       147.4535  ANGLE   =       393.1169  DIHED      =       627.4541
 1-4 NB =       180.7089  1-4 EEL =      2451.0691  VDWAALS    =      4567.7147
 EELEC  =    -44455.7309  EHBOND  =         0.0000  RESTRAINT  =         7.2290
 EAMBER (non-restraint)  =    -36088.2138
 EKCMT  =      3259.1347  VIRIAL  =      4385.9536  VOLUME     =    117090.1783
                                                    Density    =         1.0060
 ------------------------------------------------------------------------------

wrapping first mol.:      -35.55341       25.14006       43.54386
wrapping first mol.:      -35.55341       25.14006       43.54386

 NSTEP =    15000   TIME(PS) =    2970.000  TEMP(K) =   301.67  PRESS =    11.7
 Etot   =    -29106.4667  EKtot   =      7093.7949  EPtot      =    -36200.2617
 BOND   =       156.6217  ANGLE   =       397.6856  DIHED      =       616.0031
 1-4 NB =       187.4001  1-4 EEL =      2434.7713  VDWAALS    =      4749.2985
 EELEC  =    -44747.5244  EHBOND  =         0.0000  RESTRAINT  =         5.4825
 EAMBER (non-restraint)  =    -36205.7442
 EKCMT  =      3276.3571  VIRIAL  =      3246.9057  VOLUME     =    116760.3475
                                                    Density    =         1.0089
 ------------------------------------------------------------------------------

wrapping first mol.:      -35.54468       25.13389       43.53317
wrapping first mol.:      -35.54468       25.13389       43.53317

 NSTEP =    15500   TIME(PS) =    2971.000  TEMP(K) =   304.74  PRESS =  -175.4
 Etot   =    -28962.5097  EKtot   =      7166.0552  EPtot      =    -36128.5649
 BOND   =       155.3787  ANGLE   =       400.2449  DIHED      =       638.4057
 1-4 NB =       171.8225  1-4 EEL =      2431.9607  VDWAALS    =      4702.8429
 EELEC  =    -44635.2508  EHBOND  =         0.0000  RESTRAINT  =         6.0305
 EAMBER (non-restraint)  =    -36134.5954
 EKCMT  =      3261.0804  VIRIAL  =      3702.9317  VOLUME     =    116676.3262
                                                    Density    =         1.0096
 ------------------------------------------------------------------------------

wrapping first mol.:      -35.53522       25.12720       43.52158
wrapping first mol.:      -35.53522       25.12720       43.52158

 NSTEP =    16000   TIME(PS) =    2972.000  TEMP(K) =   304.74  PRESS =   255.1
 Etot   =    -28846.7643  EKtot   =      7166.1030  EPtot      =    -36012.8673
 BOND   =       124.9547  ANGLE   =       405.6228  DIHED      =       628.2616
 1-4 NB =       181.4042  1-4 EEL =      2431.9081  VDWAALS    =      4803.2878
 EELEC  =    -44593.3983  EHBOND  =         0.0000  RESTRAINT  =         5.0917
 EAMBER (non-restraint)  =    -36017.9590
 EKCMT  =      3325.0435  VIRIAL  =      2682.8618  VOLUME     =    116578.6703
                                                    Density    =         1.0104
 ------------------------------------------------------------------------------

wrapping first mol.:      -35.52473       25.11978       43.50873
wrapping first mol.:      -35.52473       25.11978       43.50873

 NSTEP =    16500   TIME(PS) =    2973.000  TEMP(K) =   293.46  PRESS =     5.9
 Etot   =    -29200.6546  EKtot   =      6900.7368  EPtot      =    -36101.3914
 BOND   =       142.1810  ANGLE   =       427.7143  DIHED      =       607.4019
 1-4 NB =       175.6930  1-4 EEL =      2405.3335  VDWAALS    =      4742.7281
 EELEC  =    -44606.8669  EHBOND  =         0.0000  RESTRAINT  =         4.4236
 EAMBER (non-restraint)  =    -36105.8151
 EKCMT  =      3175.2749  VIRIAL  =      3160.5516  VOLUME     =    116478.0630
                                                    Density    =         1.0113
 ------------------------------------------------------------------------------

wrapping first mol.:      -35.53283       25.12551       43.51866
wrapping first mol.:      -35.53283       25.12551       43.51866

 NSTEP =    17000   TIME(PS) =    2974.000  TEMP(K) =   305.21  PRESS =    65.0
 Etot   =    -28987.1012  EKtot   =      7177.1963  EPtot      =    -36164.2975
 BOND   =       166.9755  ANGLE   =       410.2062  DIHED      =       619.4140
 1-4 NB =       177.4825  1-4 EEL =      2442.4987  VDWAALS    =      4761.0529
 EELEC  =    -44747.0563  EHBOND  =         0.0000  RESTRAINT  =         5.1291
 EAMBER (non-restraint)  =    -36169.4266
 EKCMT  =      3231.0382  VIRIAL  =      3067.5793  VOLUME     =    116557.1490
                                                    Density    =         1.0106
 ------------------------------------------------------------------------------

wrapping first mol.:      -35.54082       25.13116       43.52844
wrapping first mol.:      -35.54082       25.13116       43.52844

 NSTEP =    17500   TIME(PS) =    2975.000  TEMP(K) =   302.92  PRESS =   -94.7
 Etot   =    -28969.8218  EKtot   =      7123.2349  EPtot      =    -36093.0567
 BOND   =       155.9300  ANGLE   =       396.4333  DIHED      =       622.7093
 1-4 NB =       190.9026  1-4 EEL =      2426.4898  VDWAALS    =      4656.7733
 EELEC  =    -44548.3614  EHBOND  =         0.0000  RESTRAINT  =         6.0663
 EAMBER (non-restraint)  =    -36099.1230
 EKCMT  =      3331.7021  VIRIAL  =      3570.2996  VOLUME     =    116637.4578
                                                    Density    =         1.0099
 ------------------------------------------------------------------------------

wrapping first mol.:      -35.51851       25.11539       43.50112
wrapping first mol.:      -35.51851       25.11539       43.50112

 NSTEP =    18000   TIME(PS) =    2976.000  TEMP(K) =   295.91  PRESS =   191.4
 Etot   =    -29253.5527  EKtot   =      6958.4082  EPtot      =    -36211.9609
 BOND   =       162.6594  ANGLE   =       398.5031  DIHED      =       616.4452
 1-4 NB =       168.0037  1-4 EEL =      2428.9083  VDWAALS    =      4824.6008
 EELEC  =    -44817.6437  EHBOND  =         0.0000  RESTRAINT  =         6.5621
 EAMBER (non-restraint)  =    -36218.5230
 EKCMT  =      3239.9784  VIRIAL  =      2759.0104  VOLUME     =    116415.0149
                                                    Density    =         1.0119
 ------------------------------------------------------------------------------

wrapping first mol.:      -35.57472       25.15513       43.56996
wrapping first mol.:      -35.57472       25.15513       43.56996

 NSTEP =    18500   TIME(PS) =    2977.000  TEMP(K) =   300.06  PRESS =    87.6
 Etot   =    -29137.8052  EKtot   =      7056.1104  EPtot      =    -36193.9155
 BOND   =       174.5282  ANGLE   =       406.6396  DIHED      =       613.9829
 1-4 NB =       175.1806  1-4 EEL =      2405.3432  VDWAALS    =      4892.6963
 EELEC  =    -44866.8855  EHBOND  =         0.0000  RESTRAINT  =         4.5992
 EAMBER (non-restraint)  =    -36198.5147
 EKCMT  =      3258.0553  VIRIAL  =      3036.7611  VOLUME     =    116969.6203
                                                    Density    =         1.0071
 ------------------------------------------------------------------------------

wrapping first mol.:      -35.54048       25.13092       43.52802
wrapping first mol.:      -35.54048       25.13092       43.52802

 NSTEP =    19000   TIME(PS) =    2978.000  TEMP(K) =   295.42  PRESS =   -71.5
 Etot   =    -29338.7521  EKtot   =      6946.9795  EPtot      =    -36285.7316
 BOND   =       161.6326  ANGLE   =       390.2663  DIHED      =       626.5303
 1-4 NB =       186.0581  1-4 EEL =      2439.7951  VDWAALS    =      4739.0331
 EELEC  =    -44834.9202  EHBOND  =         0.0000  RESTRAINT  =         5.8730
 EAMBER (non-restraint)  =    -36291.6046
 EKCMT  =      3184.3574  VIRIAL  =      3364.4517  VOLUME     =    116633.8592
                                                    Density    =         1.0100
 ------------------------------------------------------------------------------

wrapping first mol.:      -35.53299       25.12562       43.51885
wrapping first mol.:      -35.53299       25.12562       43.51885

 NSTEP =    19500   TIME(PS) =    2979.000  TEMP(K) =   302.53  PRESS =   -42.7
 Etot   =    -28917.4966  EKtot   =      7114.1270  EPtot      =    -36031.6235
 BOND   =       142.6459  ANGLE   =       398.4601  DIHED      =       627.4284
 1-4 NB =       178.6554  1-4 EEL =      2411.5277  VDWAALS    =      4647.3254
 EELEC  =    -44443.9540  EHBOND  =         0.0000  RESTRAINT  =         6.2875
 EAMBER (non-restraint)  =    -36037.9111
 EKCMT  =      3281.3823  VIRIAL  =      3388.8615  VOLUME     =    116559.8354
                                                    Density    =         1.0106
 ------------------------------------------------------------------------------

wrapping first mol.:      -35.55544       25.14149       43.54634
wrapping first mol.:      -35.55544       25.14149       43.54634

 NSTEP =    20000   TIME(PS) =    2980.000  TEMP(K) =   299.12  PRESS =   123.2
 Etot   =    -28934.3992  EKtot   =      7033.8330  EPtot      =    -35968.2322
 BOND   =       146.9058  ANGLE   =       426.3476  DIHED      =       621.6512
 1-4 NB =       175.4761  1-4 EEL =      2434.3079  VDWAALS    =      4776.2689
 EELEC  =    -44554.0379  EHBOND  =         0.0000  RESTRAINT  =         4.8483
 EAMBER (non-restraint)  =    -35973.0804
 EKCMT  =      3266.1315  VIRIAL  =      2955.5237  VOLUME     =    116779.1467
                                                    Density    =         1.0087
 ------------------------------------------------------------------------------

wrapping first mol.:      -35.54481       25.13398       43.53333
wrapping first mol.:      -35.54481       25.13398       43.53333

 NSTEP =    20500   TIME(PS) =    2981.000  TEMP(K) =   299.92  PRESS =   219.2
 Etot   =    -29088.0787  EKtot   =      7052.7402  EPtot      =    -36140.8189
 BOND   =       167.6883  ANGLE   =       408.1475  DIHED      =       612.1045
 1-4 NB =       169.8727  1-4 EEL =      2418.4120  VDWAALS    =      4822.6516
 EELEC  =    -44744.8811  EHBOND  =         0.0000  RESTRAINT  =         5.1855
 EAMBER (non-restraint)  =    -36146.0045
 EKCMT  =      3227.5672  VIRIAL  =      2675.2520  VOLUME     =    116673.5090
                                                    Density    =         1.0096
 ------------------------------------------------------------------------------

wrapping first mol.:      -35.54135       25.13154       43.52909
wrapping first mol.:      -35.54135       25.13154       43.52909

 NSTEP =    21000   TIME(PS) =    2982.000  TEMP(K) =   302.05  PRESS =  -243.4
 Etot   =    -29046.2635  EKtot   =      7102.8921  EPtot      =    -36149.1556
 BOND   =       144.0587  ANGLE   =       413.4365  DIHED      =       616.2401
 1-4 NB =       185.0654  1-4 EEL =      2450.0976  VDWAALS    =      4699.0192
 EELEC  =    -44662.6169  EHBOND  =         0.0000  RESTRAINT  =         5.5439
 EAMBER (non-restraint)  =    -36154.6994
 EKCMT  =      3212.3628  VIRIAL  =      3825.2449  VOLUME     =    116644.2347
                                                    Density    =         1.0099
 ------------------------------------------------------------------------------

wrapping first mol.:      -35.51692       25.11426       43.49917
wrapping first mol.:      -35.51692       25.11426       43.49917

 NSTEP =    21500   TIME(PS) =    2983.000  TEMP(K) =   302.49  PRESS =   130.5
 Etot   =    -29100.4186  EKtot   =      7113.1680  EPtot      =    -36213.5866
 BOND   =       158.8681  ANGLE   =       394.5654  DIHED      =       632.4521
 1-4 NB =       179.9324  1-4 EEL =      2445.3795  VDWAALS    =      4746.9701
 EELEC  =    -44777.2708  EHBOND  =         0.0000  RESTRAINT  =         5.5167
 EAMBER (non-restraint)  =    -36219.1032
 EKCMT  =      3265.2934  VIRIAL  =      2937.2812  VOLUME     =    116399.9757
                                                    Density    =         1.0120
 ------------------------------------------------------------------------------

wrapping first mol.:      -35.51917       25.11585       43.50192
wrapping first mol.:      -35.51917       25.11585       43.50192

 NSTEP =    22000   TIME(PS) =    2984.000  TEMP(K) =   297.52  PRESS =   -37.8
 Etot   =    -29097.4536  EKtot   =      6996.3755  EPtot      =    -36093.8291
 BOND   =       141.6389  ANGLE   =       385.7810  DIHED      =       640.0414
 1-4 NB =       182.4558  1-4 EEL =      2437.8930  VDWAALS    =      4648.8090
 EELEC  =    -44537.5544  EHBOND  =         0.0000  RESTRAINT  =         7.1063
 EAMBER (non-restraint)  =    -36100.9354
 EKCMT  =      3213.0527  VIRIAL  =      3308.0891  VOLUME     =    116423.8151
                                                    Density    =         1.0118
 ------------------------------------------------------------------------------

wrapping first mol.:      -35.52626       25.12086       43.51060
wrapping first mol.:      -35.52626       25.12086       43.51060

 NSTEP =    22500   TIME(PS) =    2985.000  TEMP(K) =   299.71  PRESS =   290.3
 Etot   =    -29172.6624  EKtot   =      7047.7798  EPtot      =    -36220.4422
 BOND   =       154.4853  ANGLE   =       389.0384  DIHED      =       620.8370
 1-4 NB =       174.9411  1-4 EEL =      2418.3422  VDWAALS    =      4825.9731
 EELEC  =    -44810.8309  EHBOND  =         0.0000  RESTRAINT  =         6.7716
 EAMBER (non-restraint)  =    -36227.2138
 EKCMT  =      3282.5674  VIRIAL  =      2552.3388  VOLUME     =    116490.1256
                                                    Density    =         1.0112
 ------------------------------------------------------------------------------

wrapping first mol.:      -35.53394       25.12630       43.52002
wrapping first mol.:      -35.53394       25.12630       43.52002

 NSTEP =    23000   TIME(PS) =    2986.000  TEMP(K) =   299.63  PRESS =   187.6
 Etot   =    -29028.7793  EKtot   =      7045.9531  EPtot      =    -36074.7325
 BOND   =       151.1007  ANGLE   =       382.0633  DIHED      =       638.7367
 1-4 NB =       182.4619  1-4 EEL =      2415.4242  VDWAALS    =      4826.5274
 EELEC  =    -44677.6230  EHBOND  =         0.0000  RESTRAINT  =         6.5763
 EAMBER (non-restraint)  =    -36081.3088
 EKCMT  =      3183.0469  VIRIAL  =      2710.8088  VOLUME     =    116566.8245
                                                    Density    =         1.0105
 ------------------------------------------------------------------------------

wrapping first mol.:      -35.55609       25.14196       43.54714
wrapping first mol.:      -35.55609       25.14196       43.54714

 NSTEP =    23500   TIME(PS) =    2987.000  TEMP(K) =   300.83  PRESS =   329.8
 Etot   =    -28879.8134  EKtot   =      7074.1733  EPtot      =    -35953.9867
 BOND   =       158.0097  ANGLE   =       405.1483  DIHED      =       626.4432
 1-4 NB =       180.3291  1-4 EEL =      2443.4148  VDWAALS    =      4813.5005
 EELEC  =    -44586.6434  EHBOND  =         0.0000  RESTRAINT  =         5.8111
 EAMBER (non-restraint)  =    -35959.7978
 EKCMT  =      3239.4289  VIRIAL  =      2407.7618  VOLUME     =    116783.4212
                                                    Density    =         1.0087
 ------------------------------------------------------------------------------

wrapping first mol.:      -35.56727       25.14987       43.56084
wrapping first mol.:      -35.56727       25.14987       43.56084

 NSTEP =    24000   TIME(PS) =    2988.000  TEMP(K) =   294.73  PRESS =  -145.0
 Etot   =    -29288.9960  EKtot   =      6930.6616  EPtot      =    -36219.6576
 BOND   =       145.3918  ANGLE   =       398.6281  DIHED      =       622.6401
 1-4 NB =       183.3345  1-4 EEL =      2434.0326  VDWAALS    =      4776.9586
 EELEC  =    -44786.3394  EHBOND  =         0.0000  RESTRAINT  =         5.6961
 EAMBER (non-restraint)  =    -36225.3537
 EKCMT  =      3154.4407  VIRIAL  =      3520.3126  VOLUME     =    116898.6159
                                                    Density    =         1.0077
 ------------------------------------------------------------------------------

wrapping first mol.:      -35.58986       25.16584       43.58850
wrapping first mol.:      -35.58986       25.16584       43.58850

 NSTEP =    24500   TIME(PS) =    2989.000  TEMP(K) =   301.36  PRESS =   -97.5
 Etot   =    -29041.3839  EKtot   =      7086.5439  EPtot      =    -36127.9278
 BOND   =       134.0350  ANGLE   =       410.2768  DIHED      =       630.5764
 1-4 NB =       175.0527  1-4 EEL =      2441.4828  VDWAALS    =      4704.1502
 EELEC  =    -44629.1904  EHBOND  =         0.0000  RESTRAINT  =         5.6887
 EAMBER (non-restraint)  =    -36133.6165
 EKCMT  =      3262.6833  VIRIAL  =      3509.1396  VOLUME     =    117120.9698
                                                    Density    =         1.0058
 ------------------------------------------------------------------------------

wrapping first mol.:      -35.60433       25.17607       43.60623
wrapping first mol.:      -35.60433       25.17607       43.60623

 NSTEP =    25000   TIME(PS) =    2990.000  TEMP(K) =   298.49  PRESS =   -79.9
 Etot   =    -29000.4526  EKtot   =      7019.1831  EPtot      =    -36019.6357
 BOND   =       164.9272  ANGLE   =       404.0869  DIHED      =       620.1407
 1-4 NB =       173.0244  1-4 EEL =      2416.3910  VDWAALS    =      4711.8502
 EELEC  =    -44516.6677  EHBOND  =         0.0000  RESTRAINT  =         6.6116
 EAMBER (non-restraint)  =    -36026.2473
 EKCMT  =      3235.0458  VIRIAL  =      3437.3076  VOLUME     =    117263.7009
                                                    Density    =         1.0045
 ------------------------------------------------------------------------------

wrapping first mol.:      -35.57050       25.15215       43.56480
wrapping first mol.:      -35.57050       25.15215       43.56480

 NSTEP =    25500   TIME(PS) =    2991.000  TEMP(K) =   299.86  PRESS =    91.9
 Etot   =    -28943.9228  EKtot   =      7051.2446  EPtot      =    -35995.1674
 BOND   =       159.7775  ANGLE   =       409.6532  DIHED      =       642.3388
 1-4 NB =       169.3688  1-4 EEL =      2435.7925  VDWAALS    =      4711.6184
 EELEC  =    -44530.7815  EHBOND  =         0.0000  RESTRAINT  =         7.0648
 EAMBER (non-restraint)  =    -36002.2323
 EKCMT  =      3213.1401  VIRIAL  =      2981.1003  VOLUME     =    116928.0140
                                                    Density    =         1.0074
 ------------------------------------------------------------------------------

wrapping first mol.:      -35.53429       25.12654       43.52044
wrapping first mol.:      -35.53429       25.12654       43.52044

 NSTEP =    26000   TIME(PS) =    2992.000  TEMP(K) =   301.08  PRESS =  -100.9
 Etot   =    -29078.8426  EKtot   =      7080.0679  EPtot      =    -36158.9105
 BOND   =       153.2834  ANGLE   =       422.7822  DIHED      =       624.1781
 1-4 NB =       178.3293  1-4 EEL =      2436.4384  VDWAALS    =      4671.7991
 EELEC  =    -44653.2197  EHBOND  =         0.0000  RESTRAINT  =         7.4986
 EAMBER (non-restraint)  =    -36166.4091
 EKCMT  =      3218.3112  VIRIAL  =      3472.2335  VOLUME     =    116573.2214
                                                    Density    =         1.0105
 ------------------------------------------------------------------------------

wrapping first mol.:      -35.53026       25.12369       43.51551
wrapping first mol.:      -35.53026       25.12369       43.51551

 NSTEP =    26500   TIME(PS) =    2993.000  TEMP(K) =   298.03  PRESS =  -217.0
 Etot   =    -29135.2434  EKtot   =      7008.3320  EPtot      =    -36143.5755
 BOND   =       166.8874  ANGLE   =       394.2713  DIHED      =       621.7679
 1-4 NB =       173.0423  1-4 EEL =      2399.9366  VDWAALS    =      4618.8662
 EELEC  =    -44525.4499  EHBOND  =         0.0000  RESTRAINT  =         7.1027
 EAMBER (non-restraint)  =    -36150.6782
 EKCMT  =      3218.3275  VIRIAL  =      3764.3143  VOLUME     =    116534.8078
                                                    Density    =         1.0108
 ------------------------------------------------------------------------------

wrapping first mol.:      -35.51409       25.11226       43.49571
wrapping first mol.:      -35.51409       25.11226       43.49571

 NSTEP =    27000   TIME(PS) =    2994.000  TEMP(K) =   300.21  PRESS =  -108.0
 Etot   =    -29067.4850  EKtot   =      7059.6289  EPtot      =    -36127.1139
 BOND   =       157.3879  ANGLE   =       403.5174  DIHED      =       633.0428
 1-4 NB =       177.3507  1-4 EEL =      2415.8360  VDWAALS    =      4765.8631
 EELEC  =    -44687.8287  EHBOND  =         0.0000  RESTRAINT  =         7.7169
 EAMBER (non-restraint)  =    -36134.8308
 EKCMT  =      3178.1905  VIRIAL  =      3449.6002  VOLUME     =    116374.6370
                                                    Density    =         1.0122
 ------------------------------------------------------------------------------

wrapping first mol.:      -35.53738       25.12873       43.52424
wrapping first mol.:      -35.53738       25.12873       43.52424

 NSTEP =    27500   TIME(PS) =    2995.000  TEMP(K) =   299.55  PRESS =   111.5
 Etot   =    -29010.4761  EKtot   =      7044.0059  EPtot      =    -36054.4819
 BOND   =       161.9746  ANGLE   =       370.7511  DIHED      =       623.5145
 1-4 NB =       192.0453  1-4 EEL =      2431.6418  VDWAALS    =      4636.3165
 EELEC  =    -44477.6542  EHBOND  =         0.0000  RESTRAINT  =         6.9286
 EAMBER (non-restraint)  =    -36061.4105
 EKCMT  =      3234.5278  VIRIAL  =      2953.7200  VOLUME     =    116601.4978
                                                    Density    =         1.0102
 ------------------------------------------------------------------------------

wrapping first mol.:      -35.53343       25.12594       43.51940
wrapping first mol.:      -35.53343       25.12594       43.51940

 NSTEP =    28000   TIME(PS) =    2996.000  TEMP(K) =   298.74  PRESS =    -6.1
 Etot   =    -28973.3493  EKtot   =      7024.8960  EPtot      =    -35998.2453
 BOND   =       148.9762  ANGLE   =       407.6952  DIHED      =       626.6864
 1-4 NB =       176.0941  1-4 EEL =      2446.8872  VDWAALS    =      4642.0952
 EELEC  =    -44452.7464  EHBOND  =         0.0000  RESTRAINT  =         6.0668
 EAMBER (non-restraint)  =    -36004.3122
 EKCMT  =      3266.8725  VIRIAL  =      3282.2814  VOLUME     =    116563.8298
                                                    Density    =         1.0106
 ------------------------------------------------------------------------------

wrapping first mol.:      -35.53506       25.12708       43.52138
wrapping first mol.:      -35.53506       25.12708       43.52138

 NSTEP =    28500   TIME(PS) =    2997.000  TEMP(K) =   303.10  PRESS =   410.7
 Etot   =    -28972.7414  EKtot   =      7127.6162  EPtot      =    -36100.3576
 BOND   =       146.0674  ANGLE   =       444.0885  DIHED      =       634.1391
 1-4 NB =       182.1139  1-4 EEL =      2416.9371  VDWAALS    =      4868.1751
 EELEC  =    -44797.2457  EHBOND  =         0.0000  RESTRAINT  =         5.3671
 EAMBER (non-restraint)  =    -36105.7247
 EKCMT  =      3310.0263  VIRIAL  =      2276.3114  VOLUME     =    116575.4606
                                                    Density    =         1.0105
 ------------------------------------------------------------------------------

wrapping first mol.:      -35.56218       25.14626       43.55460
wrapping first mol.:      -35.56218       25.14626       43.55460

 NSTEP =    29000   TIME(PS) =    2998.000  TEMP(K) =   305.54  PRESS =   198.3
 Etot   =    -28918.5299  EKtot   =      7184.9790  EPtot      =    -36103.5089
 BOND   =       131.3988  ANGLE   =       396.2723  DIHED      =       627.2932
 1-4 NB =       185.3640  1-4 EEL =      2463.3688  VDWAALS    =      4779.9552
 EELEC  =    -44693.1735  EHBOND  =         0.0000  RESTRAINT  =         6.0122
 EAMBER (non-restraint)  =    -36109.5212
 EKCMT  =      3338.4987  VIRIAL  =      2838.1117  VOLUME     =    116844.7907
                                                    Density    =         1.0081
 ------------------------------------------------------------------------------

wrapping first mol.:      -35.57778       25.15730       43.57371
wrapping first mol.:      -35.57778       25.15730       43.57371

 NSTEP =    29500   TIME(PS) =    2999.000  TEMP(K) =   294.35  PRESS =   199.2
 Etot   =    -29268.6234  EKtot   =      6921.7710  EPtot      =    -36190.3944
 BOND   =       141.2172  ANGLE   =       389.9358  DIHED      =       620.3434
 1-4 NB =       179.8617  1-4 EEL =      2444.5575  VDWAALS    =      4760.2062
 EELEC  =    -44732.9265  EHBOND  =         0.0000  RESTRAINT  =         6.4104
 EAMBER (non-restraint)  =    -36196.8047
 EKCMT  =      3183.6742  VIRIAL  =      2680.3836  VOLUME     =    116998.6760
                                                    Density    =         1.0068
 ------------------------------------------------------------------------------

wrapping first mol.:      -35.52286       25.11846       43.50644
wrapping first mol.:      -35.52286       25.11846       43.50644

 NSTEP =    30000   TIME(PS) =    3000.000  TEMP(K) =   304.79  PRESS =   283.4
 Etot   =    -28960.2594  EKtot   =      7167.3184  EPtot      =    -36127.5777
 BOND   =       159.4217  ANGLE   =       393.7929  DIHED      =       622.3944
 1-4 NB =       176.2129  1-4 EEL =      2446.4460  VDWAALS    =      4808.0369
 EELEC  =    -44740.4765  EHBOND  =         0.0000  RESTRAINT  =         6.5940
 EAMBER (non-restraint)  =    -36134.1718
 EKCMT  =      3276.7582  VIRIAL  =      2564.1522  VOLUME     =    116456.7727
                                                    Density    =         1.0115
 ------------------------------------------------------------------------------

wrapping first mol.:      -35.50317       25.10454       43.48234
wrapping first mol.:      -35.50317       25.10454       43.48234

 NSTEP =    30500   TIME(PS) =    3001.000  TEMP(K) =   300.24  PRESS =  -126.6
 Etot   =    -29004.0865  EKtot   =      7060.3516  EPtot      =    -36064.4381
 BOND   =       165.7787  ANGLE   =       395.7949  DIHED      =       622.5257
 1-4 NB =       173.6378  1-4 EEL =      2447.3758  VDWAALS    =      4662.9102
 EELEC  =    -44537.7448  EHBOND  =         0.0000  RESTRAINT  =         5.2836
 EAMBER (non-restraint)  =    -36069.7217
 EKCMT  =      3227.5984  VIRIAL  =      3545.4313  VOLUME     =    116267.5386
                                                    Density    =         1.0131
 ------------------------------------------------------------------------------

wrapping first mol.:      -35.55999       25.14471       43.55192
wrapping first mol.:      -35.55999       25.14471       43.55192

 NSTEP =    31000   TIME(PS) =    3002.000  TEMP(K) =   298.67  PRESS =    98.9
 Etot   =    -29062.9652  EKtot   =      7023.3374  EPtot      =    -36086.3026
 BOND   =       151.6975  ANGLE   =       394.4766  DIHED      =       628.9500
 1-4 NB =       180.7090  1-4 EEL =      2457.4674  VDWAALS    =      4569.3436
 EELEC  =    -44475.1892  EHBOND  =         0.0000  RESTRAINT  =         6.2426
 EAMBER (non-restraint)  =    -36092.5452
 EKCMT  =      3227.0385  VIRIAL  =      2977.6790  VOLUME     =    116824.2651
                                                    Density    =         1.0083
 ------------------------------------------------------------------------------

wrapping first mol.:      -35.54537       25.13438       43.53402
wrapping first mol.:      -35.54537       25.13438       43.53402

 NSTEP =    31500   TIME(PS) =    3003.000  TEMP(K) =   294.93  PRESS =   -29.6
 Etot   =    -29230.9411  EKtot   =      6935.4668  EPtot      =    -36166.4079
 BOND   =       171.4446  ANGLE   =       394.0310  DIHED      =       621.6093
 1-4 NB =       179.4835  1-4 EEL =      2446.4545  VDWAALS    =      4708.1161
 EELEC  =    -44693.2156  EHBOND  =         0.0000  RESTRAINT  =         5.6687
 EAMBER (non-restraint)  =    -36172.0766
 EKCMT  =      3204.0610  VIRIAL  =      3278.6387  VOLUME     =    116681.6099
                                                    Density    =         1.0095
 ------------------------------------------------------------------------------

wrapping first mol.:      -35.56801       25.15038       43.56174
wrapping first mol.:      -35.56801       25.15038       43.56174

 NSTEP =    32000   TIME(PS) =    3004.000  TEMP(K) =   301.79  PRESS =   -31.7
 Etot   =    -29124.3735  EKtot   =      7096.8008  EPtot      =    -36221.1743
 BOND   =       173.7752  ANGLE   =       383.1506  DIHED      =       630.2745
 1-4 NB =       174.3713  1-4 EEL =      2443.6496  VDWAALS    =      4773.1220
 EELEC  =    -44805.6419  EHBOND  =         0.0000  RESTRAINT  =         6.1244
 EAMBER (non-restraint)  =    -36227.2987
 EKCMT  =      3304.6904  VIRIAL  =      3384.7943  VOLUME     =    116904.6809
                                                    Density    =         1.0076
 ------------------------------------------------------------------------------

wrapping first mol.:      -35.57609       25.15610       43.57164
wrapping first mol.:      -35.57609       25.15610       43.57164

 NSTEP =    32500   TIME(PS) =    3005.000  TEMP(K) =   300.02  PRESS =  -277.5
 Etot   =    -29170.1575  EKtot   =      7054.9849  EPtot      =    -36225.1423
 BOND   =       149.4159  ANGLE   =       411.6692  DIHED      =       628.7686
 1-4 NB =       173.3338  1-4 EEL =      2426.9848  VDWAALS    =      4608.4261
 EELEC  =    -44629.4443  EHBOND  =         0.0000  RESTRAINT  =         5.7036
 EAMBER (non-restraint)  =    -36230.8459
 EKCMT  =      3284.0689  VIRIAL  =      3985.0198  VOLUME     =    116986.9922
                                                    Density    =         1.0069
 ------------------------------------------------------------------------------

wrapping first mol.:      -35.58282       25.16086       43.57989
wrapping first mol.:      -35.58282       25.16086       43.57989

 NSTEP =    33000   TIME(PS) =    3006.000  TEMP(K) =   299.39  PRESS =  -217.5
 Etot   =    -29043.4873  EKtot   =      7040.2168  EPtot      =    -36083.7041
 BOND   =       153.2290  ANGLE   =       375.9400  DIHED      =       621.7903
 1-4 NB =       178.0867  1-4 EEL =      2434.3904  VDWAALS    =      4799.2610
 EELEC  =    -44652.0970  EHBOND  =         0.0000  RESTRAINT  =         5.6954
 EAMBER (non-restraint)  =    -36089.3996
 EKCMT  =      3167.3832  VIRIAL  =      3717.0022  VOLUME     =    117052.7740
                                                    Density    =         1.0063
 ------------------------------------------------------------------------------

wrapping first mol.:      -35.59571       25.16998       43.59567
wrapping first mol.:      -35.59571       25.16998       43.59567

 NSTEP =    33500   TIME(PS) =    3007.000  TEMP(K) =   308.28  PRESS =   -97.7
 Etot   =    -28861.8841  EKtot   =      7249.2993  EPtot      =    -36111.1834
 BOND   =       149.4378  ANGLE   =       409.3287  DIHED      =       612.7496
 1-4 NB =       172.6530  1-4 EEL =      2441.7040  VDWAALS    =      4661.4906
 EELEC  =    -44563.7936  EHBOND  =         0.0000  RESTRAINT  =         5.2465
 EAMBER (non-restraint)  =    -36116.4299
 EKCMT  =      3384.2938  VIRIAL  =      3631.5970  VOLUME     =    117178.7733
                                                    Density    =         1.0053
 ------------------------------------------------------------------------------

wrapping first mol.:      -35.52495       25.11994       43.50901
wrapping first mol.:      -35.52495       25.11994       43.50901

 NSTEP =    34000   TIME(PS) =    3008.000  TEMP(K) =   302.00  PRESS =   -30.6
 Etot   =    -29087.3862  EKtot   =      7101.6426  EPtot      =    -36189.0288
 BOND   =       140.0824  ANGLE   =       403.8909  DIHED      =       624.4051
 1-4 NB =       173.3665  1-4 EEL =      2409.0101  VDWAALS    =      4742.2734
 EELEC  =    -44687.6820  EHBOND  =         0.0000  RESTRAINT  =         5.6249
 EAMBER (non-restraint)  =    -36194.6537
 EKCMT  =      3234.5806  VIRIAL  =      3311.4295  VOLUME     =    116480.6290
                                                    Density    =         1.0113
 ------------------------------------------------------------------------------

wrapping first mol.:      -35.52285       25.11846       43.50644
wrapping first mol.:      -35.52285       25.11846       43.50644

 NSTEP =    34500   TIME(PS) =    3009.000  TEMP(K) =   300.59  PRESS =  -161.9
 Etot   =    -29177.3874  EKtot   =      7068.5273  EPtot      =    -36245.9147
 BOND   =       149.2413  ANGLE   =       407.0904  DIHED      =       628.9881
 1-4 NB =       182.7295  1-4 EEL =      2432.8519  VDWAALS    =      4755.9280
 EELEC  =    -44807.4884  EHBOND  =         0.0000  RESTRAINT  =         4.7445
 EAMBER (non-restraint)  =    -36250.6593
 EKCMT  =      3243.6158  VIRIAL  =      3650.7774  VOLUME     =    116461.3696
                                                    Density    =         1.0115
 ------------------------------------------------------------------------------

wrapping first mol.:      -35.51046       25.10970       43.49126
wrapping first mol.:      -35.51046       25.10970       43.49126

 NSTEP =    35000   TIME(PS) =    3010.000  TEMP(K) =   298.45  PRESS =  -205.0
 Etot   =    -29133.0347  EKtot   =      7018.0767  EPtot      =    -36151.1113
 BOND   =       156.4913  ANGLE   =       374.5647  DIHED      =       623.1399
 1-4 NB =       183.1966  1-4 EEL =      2446.2244  VDWAALS    =      4692.0061
 EELEC  =    -44630.9334  EHBOND  =         0.0000  RESTRAINT  =         4.1991
 EAMBER (non-restraint)  =    -36155.3104
 EKCMT  =      3252.6370  VIRIAL  =      3767.6150  VOLUME     =    116339.9965
                                                    Density    =         1.0125
 ------------------------------------------------------------------------------

wrapping first mol.:      -35.53683       25.12834       43.52355
wrapping first mol.:      -35.53683       25.12834       43.52355

 NSTEP =    35500   TIME(PS) =    3011.000  TEMP(K) =   299.35  PRESS =    42.8
 Etot   =    -29088.2531  EKtot   =      7039.3271  EPtot      =    -36127.5803
 BOND   =       159.5369  ANGLE   =       394.6395  DIHED      =       629.9251
 1-4 NB =       189.0323  1-4 EEL =      2455.1267  VDWAALS    =      4714.8338
 EELEC  =    -44676.5384  EHBOND  =         0.0000  RESTRAINT  =         5.8639
 EAMBER (non-restraint)  =    -36133.4441
 EKCMT  =      3213.0746  VIRIAL  =      3105.3605  VOLUME     =    116596.7366
                                                    Density    =         1.0103
 ------------------------------------------------------------------------------

wrapping first mol.:      -35.56180       25.14600       43.55414
wrapping first mol.:      -35.56180       25.14600       43.55414

 NSTEP =    36000   TIME(PS) =    3012.000  TEMP(K) =   301.83  PRESS =   179.0
 Etot   =    -29003.2774  EKtot   =      7097.6289  EPtot      =    -36100.9063
 BOND   =       162.3794  ANGLE   =       399.6640  DIHED      =       636.4892
 1-4 NB =       175.0652  1-4 EEL =      2413.4473  VDWAALS    =      4777.7011
 EELEC  =    -44673.7346  EHBOND  =         0.0000  RESTRAINT  =         8.0820
 EAMBER (non-restraint)  =    -36108.9883
 EKCMT  =      3288.0042  VIRIAL  =      2836.3572  VOLUME     =    116841.3020
                                                    Density    =         1.0082
 ------------------------------------------------------------------------------

wrapping first mol.:      -35.56872       25.15089       43.56261
wrapping first mol.:      -35.56872       25.15089       43.56261

 NSTEP =    36500   TIME(PS) =    3013.000  TEMP(K) =   297.52  PRESS =  -395.2
 Etot   =    -28971.9413  EKtot   =      6996.2549  EPtot      =    -35968.1962
 BOND   =       151.7777  ANGLE   =       412.6733  DIHED      =       621.5332
 1-4 NB =       198.4554  1-4 EEL =      2455.9109  VDWAALS    =      4574.2540
 EELEC  =    -44390.8836  EHBOND  =         0.0000  RESTRAINT  =         8.0829
 EAMBER (non-restraint)  =    -35976.2791
 EKCMT  =      3211.1318  VIRIAL  =      4208.7395  VOLUME     =    116915.4692
                                                    Density    =         1.0075
 ------------------------------------------------------------------------------

wrapping first mol.:       17.78106       25.14622       43.55452
wrapping first mol.:       17.78106       25.14622       43.55452

 NSTEP =    37000   TIME(PS) =    3014.000  TEMP(K) =   302.57  PRESS =   110.1
 Etot   =    -29082.6640  EKtot   =      7115.1440  EPtot      =    -36197.8080
 BOND   =       145.1579  ANGLE   =       431.8049  DIHED      =       622.9602
 1-4 NB =       178.0538  1-4 EEL =      2432.3673  VDWAALS    =      4790.1876
 EELEC  =    -44806.4605  EHBOND  =         0.0000  RESTRAINT  =         8.1207
 EAMBER (non-restraint)  =    -36205.9287
 EKCMT  =      3301.7782  VIRIAL  =      3024.0527  VOLUME     =    116845.0863
                                                    Density    =         1.0081
 ------------------------------------------------------------------------------

wrapping first mol.:       17.79157       25.16108       43.58027
wrapping first mol.:       17.79157       25.16108       43.58027

 NSTEP =    37500   TIME(PS) =    3015.000  TEMP(K) =   303.94  PRESS =   402.5
 Etot   =    -28927.5109  EKtot   =      7147.2104  EPtot      =    -36074.7213
 BOND   =       165.3279  ANGLE   =       395.2403  DIHED      =       627.6823
 1-4 NB =       170.9389  1-4 EEL =      2440.0357  VDWAALS    =      4863.3063
 EELEC  =    -44745.4807  EHBOND  =         0.0000  RESTRAINT  =         8.2280
 EAMBER (non-restraint)  =    -36082.9494
 EKCMT  =      3282.6328  VIRIAL  =      2265.4159  VOLUME     =    117049.3590
                                                    Density    =         1.0064
 ------------------------------------------------------------------------------

wrapping first mol.:       17.80073       25.17403       43.60269
wrapping first mol.:       17.80073       25.17403       43.60269

 NSTEP =    38000   TIME(PS) =    3016.000  TEMP(K) =   296.42  PRESS =  -269.4
 Etot   =    -28909.4126  EKtot   =      6970.4805  EPtot      =    -35879.8931
 BOND   =       142.5127  ANGLE   =       382.8810  DIHED      =       629.5120
 1-4 NB =       180.6868  1-4 EEL =      2426.7618  VDWAALS    =      4622.3194
 EELEC  =    -44270.9865  EHBOND  =         0.0000  RESTRAINT  =         6.4196
 EAMBER (non-restraint)  =    -35886.3127
 EKCMT  =      3248.8406  VIRIAL  =      3930.7370  VOLUME     =    117237.1713
                                                    Density    =         1.0048
 ------------------------------------------------------------------------------

wrapping first mol.:       17.78873       25.15706       43.57331
wrapping first mol.:       17.78873       25.15706       43.57331

 NSTEP =    38500   TIME(PS) =    3017.000  TEMP(K) =   297.73  PRESS =   -11.2
 Etot   =    -29184.2286  EKtot   =      7001.3613  EPtot      =    -36185.5900
 BOND   =       161.7977  ANGLE   =       392.9445  DIHED      =       626.6679
 1-4 NB =       172.6551  1-4 EEL =      2424.0739  VDWAALS    =      4763.5893
 EELEC  =    -44733.6260  EHBOND  =         0.0000  RESTRAINT  =         6.3075
 EAMBER (non-restraint)  =    -36191.8975
 EKCMT  =      3243.1368  VIRIAL  =      3271.4029  VOLUME     =    116997.6131
                                                    Density    =         1.0068
 ------------------------------------------------------------------------------

wrapping first mol.:      -35.58849       25.16486       43.58682
wrapping first mol.:      -35.58849       25.16486       43.58682

 NSTEP =    39000   TIME(PS) =    3018.000  TEMP(K) =   298.87  PRESS =  -133.7
 Etot   =    -29004.0700  EKtot   =      7028.0981  EPtot      =    -36032.1681
 BOND   =       145.5658  ANGLE   =       412.9238  DIHED      =       619.4903
 1-4 NB =       183.4091  1-4 EEL =      2423.3085  VDWAALS    =      4694.3182
 EELEC  =    -44517.9478  EHBOND  =         0.0000  RESTRAINT  =         6.7640
 EAMBER (non-restraint)  =    -36038.9321
 EKCMT  =      3214.9008  VIRIAL  =      3552.9425  VOLUME     =    117107.7789
                                                    Density    =         1.0059
 ------------------------------------------------------------------------------

wrapping first mol.:       17.78885       25.15723       43.57359
wrapping first mol.:       17.78885       25.15723       43.57359

 NSTEP =    39500   TIME(PS) =    3019.000  TEMP(K) =   301.65  PRESS =   335.3
 Etot   =    -28960.0695  EKtot   =      7093.4082  EPtot      =    -36053.4777
 BOND   =       167.0780  ANGLE   =       370.6440  DIHED      =       621.3875
 1-4 NB =       174.6454  1-4 EEL =      2427.5683  VDWAALS    =      4729.7649
 EELEC  =    -44550.9467  EHBOND  =         0.0000  RESTRAINT  =         6.3809
 EAMBER (non-restraint)  =    -36059.8586
 EKCMT  =      3257.9944  VIRIAL  =      2410.9332  VOLUME     =    116996.2651
                                                    Density    =         1.0068
 ------------------------------------------------------------------------------

wrapping first mol.:      -35.57928       25.15835       43.57555
wrapping first mol.:      -35.57928       25.15835       43.57555

 NSTEP =    40000   TIME(PS) =    3020.000  TEMP(K) =   304.22  PRESS =  -337.3
 Etot   =    -28907.6552  EKtot   =      7153.9346  EPtot      =    -36061.5898
 BOND   =       157.4379  ANGLE   =       391.2695  DIHED      =       638.9877
 1-4 NB =       171.2583  1-4 EEL =      2446.9439  VDWAALS    =      4580.1962
 EELEC  =    -44452.9685  EHBOND  =         0.0000  RESTRAINT  =         5.2852
 EAMBER (non-restraint)  =    -36066.8750
 EKCMT  =      3399.3628  VIRIAL  =      4251.4870  VOLUME     =    117019.0475
                                                    Density    =         1.0066
 ------------------------------------------------------------------------------

wrapping first mol.:      -35.55588       25.14181       43.54689
wrapping first mol.:      -35.55588       25.14181       43.54689

 NSTEP =    40500   TIME(PS) =    3021.000  TEMP(K) =   301.05  PRESS =   121.3
 Etot   =    -29031.3144  EKtot   =      7079.3955  EPtot      =    -36110.7100
 BOND   =       135.1616  ANGLE   =       405.6955  DIHED      =       635.2266
 1-4 NB =       175.8035  1-4 EEL =      2443.6871  VDWAALS    =      4771.7919
 EELEC  =    -44683.9049  EHBOND  =         0.0000  RESTRAINT  =         5.8287
 EAMBER (non-restraint)  =    -36116.5386
 EKCMT  =      3252.6772  VIRIAL  =      2946.8585  VOLUME     =    116783.5571
                                                    Density    =         1.0087
 ------------------------------------------------------------------------------

wrapping first mol.:      -35.56963       25.15153       43.56373
wrapping first mol.:      -35.56963       25.15153       43.56373

 NSTEP =    41000   TIME(PS) =    3022.000  TEMP(K) =   301.80  PRESS =    48.3
 Etot   =    -29090.3350  EKtot   =      7096.9893  EPtot      =    -36187.3243
 BOND   =       163.8835  ANGLE   =       392.4265  DIHED      =       631.5748
 1-4 NB =       181.0604  1-4 EEL =      2446.1757  VDWAALS    =      4734.1025
 EELEC  =    -44743.2476  EHBOND  =         0.0000  RESTRAINT  =         6.6999
 EAMBER (non-restraint)  =    -36194.0242
 EKCMT  =      3236.9729  VIRIAL  =      3115.1135  VOLUME     =    116919.8842
                                                    Density    =         1.0075
 ------------------------------------------------------------------------------

wrapping first mol.:      -35.60085       25.17360       43.60196
wrapping first mol.:      -35.60085       25.17360       43.60196

 NSTEP =    41500   TIME(PS) =    3023.000  TEMP(K) =   303.38  PRESS =   -48.7
 Etot   =    -28983.8498  EKtot   =      7134.2075  EPtot      =    -36118.0573
 BOND   =       142.0176  ANGLE   =       398.6209  DIHED      =       632.0302
 1-4 NB =       182.3217  1-4 EEL =      2433.8574  VDWAALS    =      4744.1840
 EELEC  =    -44657.2174  EHBOND  =         0.0000  RESTRAINT  =         6.1284
 EAMBER (non-restraint)  =    -36124.1857
 EKCMT  =      3222.9693  VIRIAL  =      3346.1348  VOLUME     =    117228.9496
                                                    Density    =         1.0048
 ------------------------------------------------------------------------------

wrapping first mol.:      -35.53944       25.13018       43.52675
wrapping first mol.:      -35.53944       25.13018       43.52675

 NSTEP =    42000   TIME(PS) =    3024.000  TEMP(K) =   301.08  PRESS =  -526.0
 Etot   =    -29147.2545  EKtot   =      7079.9741  EPtot      =    -36227.2286
 BOND   =       148.9791  ANGLE   =       397.0666  DIHED      =       617.9308
 1-4 NB =       175.4919  1-4 EEL =      2458.0838  VDWAALS    =      4536.5743
 EELEC  =    -44566.0093  EHBOND  =         0.0000  RESTRAINT  =         4.6541
 EAMBER (non-restraint)  =    -36231.8827
 EKCMT  =      3279.6600  VIRIAL  =      4604.2868  VOLUME     =    116628.3626
                                                    Density    =         1.0100
 ------------------------------------------------------------------------------

wrapping first mol.:       17.75965       25.11594       43.50209
wrapping first mol.:       17.75965       25.11594       43.50209

 NSTEP =    42500   TIME(PS) =    3025.000  TEMP(K) =   296.47  PRESS =    -9.7
 Etot   =    -29243.9116  EKtot   =      6971.7256  EPtot      =    -36215.6372
 BOND   =       161.3211  ANGLE   =       444.1240  DIHED      =       616.6692
 1-4 NB =       182.4205  1-4 EEL =      2434.2412  VDWAALS    =      4679.4402
 EELEC  =    -44739.8881  EHBOND  =         0.0000  RESTRAINT  =         6.0349
 EAMBER (non-restraint)  =    -36221.6721
 EKCMT  =      3211.2834  VIRIAL  =      3235.5766  VOLUME     =    116424.8415
                                                    Density    =         1.0118
 ------------------------------------------------------------------------------

wrapping first mol.:       17.76721       25.12662       43.52059
wrapping first mol.:       17.76721       25.12662       43.52059

 NSTEP =    43000   TIME(PS) =    3026.000  TEMP(K) =   300.93  PRESS =  -256.9
 Etot   =    -29036.2080  EKtot   =      7076.3921  EPtot      =    -36112.6001
 BOND   =       162.6971  ANGLE   =       404.0658  DIHED      =       627.2401
 1-4 NB =       170.9571  1-4 EEL =      2448.4567  VDWAALS    =      4668.0343
 EELEC  =    -44600.7324  EHBOND  =         0.0000  RESTRAINT  =         6.6812
 EAMBER (non-restraint)  =    -36119.2813
 EKCMT  =      3283.7469  VIRIAL  =      3930.4433  VOLUME     =    116576.0017
                                                    Density    =         1.0105
 ------------------------------------------------------------------------------

wrapping first mol.:       17.77340       25.13538       43.53574
wrapping first mol.:       17.77340       25.13538       43.53574

 NSTEP =    43500   TIME(PS) =    3027.000  TEMP(K) =   294.59  PRESS =   -95.5
 Etot   =    -29330.3549  EKtot   =      6927.3188  EPtot      =    -36257.6737
 BOND   =       149.0688  ANGLE   =       411.1333  DIHED      =       618.8687
 1-4 NB =       176.0025  1-4 EEL =      2442.9739  VDWAALS    =      4761.6002
 EELEC  =    -44824.2204  EHBOND  =         0.0000  RESTRAINT  =         6.8993
 EAMBER (non-restraint)  =    -36264.5730
 EKCMT  =      3163.5851  VIRIAL  =      3404.2149  VOLUME     =    116696.1710
                                                    Density    =         1.0094
 ------------------------------------------------------------------------------

wrapping first mol.:      -35.59665       25.17064       43.59682
wrapping first mol.:      -35.59665       25.17064       43.59682

 NSTEP =    44000   TIME(PS) =    3028.000  TEMP(K) =   298.87  PRESS =    37.4
 Etot   =    -29080.9679  EKtot   =      7027.9551  EPtot      =    -36108.9229
 BOND   =       159.8607  ANGLE   =       417.6991  DIHED      =       624.6335
 1-4 NB =       178.8792  1-4 EEL =      2445.5814  VDWAALS    =      4773.1744
 EELEC  =    -44715.9557  EHBOND  =         0.0000  RESTRAINT  =         7.2045
 EAMBER (non-restraint)  =    -36116.1275
 EKCMT  =      3204.7311  VIRIAL  =      3110.1884  VOLUME     =    117186.6309
                                                    Density    =         1.0052
 ------------------------------------------------------------------------------

wrapping first mol.:      -35.59608       25.17023       43.59612
wrapping first mol.:      -35.59608       25.17023       43.59612

 NSTEP =    44500   TIME(PS) =    3029.000  TEMP(K) =   301.40  PRESS =   -71.6
 Etot   =    -29043.5960  EKtot   =      7087.5073  EPtot      =    -36131.1033
 BOND   =       156.4676  ANGLE   =       404.6569  DIHED      =       616.3261
 1-4 NB =       166.3983  1-4 EEL =      2426.4948  VDWAALS    =      4751.6539
 EELEC  =    -44659.7631  EHBOND  =         0.0000  RESTRAINT  =         6.6622
 EAMBER (non-restraint)  =    -36137.7655
 EKCMT  =      3210.8386  VIRIAL  =      3392.0415  VOLUME     =    117182.0932
                                                    Density    =         1.0052
 ------------------------------------------------------------------------------

wrapping first mol.:      -35.58920       25.16537       43.58770
wrapping first mol.:      -35.58920       25.16537       43.58770

 NSTEP =    45000   TIME(PS) =    3030.000  TEMP(K) =   300.98  PRESS =  -298.5
 Etot   =    -29058.9732  EKtot   =      7077.6558  EPtot      =    -36136.6289
 BOND   =       170.8601  ANGLE   =       408.1053  DIHED      =       625.6386
 1-4 NB =       174.0874  1-4 EEL =      2434.5303  VDWAALS    =      4642.7920
 EELEC  =    -44598.4667  EHBOND  =         0.0000  RESTRAINT  =         5.8241
 EAMBER (non-restraint)  =    -36142.4530
 EKCMT  =      3281.8158  VIRIAL  =      4036.6208  VOLUME     =    117116.5588
                                                    Density    =         1.0058
 ------------------------------------------------------------------------------

wrapping first mol.:      -35.59968       25.17278       43.60053
wrapping first mol.:      -35.59968       25.17278       43.60053

 NSTEP =    45500   TIME(PS) =    3031.000  TEMP(K) =   301.31  PRESS =    -5.2
 Etot   =    -29252.5672  EKtot   =      7085.4995  EPtot      =    -36338.0668
 BOND   =       144.8042  ANGLE   =       402.8374  DIHED      =       624.9781
 1-4 NB =       189.2730  1-4 EEL =      2460.0179  VDWAALS    =      4831.5746
 EELEC  =    -44997.6976  EHBOND  =         0.0000  RESTRAINT  =         6.1456
 EAMBER (non-restraint)  =    -36344.2123
 EKCMT  =      3260.0810  VIRIAL  =      3273.2794  VOLUME     =    117217.0037
                                                    Density    =         1.0049
 ------------------------------------------------------------------------------

wrapping first mol.:      -35.58776       25.16435       43.58593
wrapping first mol.:      -35.58776       25.16435       43.58593

 NSTEP =    46000   TIME(PS) =    3032.000  TEMP(K) =   297.65  PRESS =   207.8
 Etot   =    -29143.9029  EKtot   =      6999.4126  EPtot      =    -36143.3155
 BOND   =       143.6771  ANGLE   =       395.8519  DIHED      =       617.9193
 1-4 NB =       180.0901  1-4 EEL =      2440.4237  VDWAALS    =      4820.9591
 EELEC  =    -44749.4835  EHBOND  =         0.0000  RESTRAINT  =         7.2468
 EAMBER (non-restraint)  =    -36150.5623
 EKCMT  =      3219.3740  VIRIAL  =      2694.0445  VOLUME     =    117097.0666
                                                    Density    =         1.0060
 ------------------------------------------------------------------------------

wrapping first mol.:      -35.55092       25.13830       43.54081
wrapping first mol.:      -35.55092       25.13830       43.54081

 NSTEP =    46500   TIME(PS) =    3033.000  TEMP(K) =   303.94  PRESS =   -72.0
 Etot   =    -29068.3162  EKtot   =      7147.2280  EPtot      =    -36215.5442
 BOND   =       177.4893  ANGLE   =       400.0180  DIHED      =       621.0300
 1-4 NB =       160.7435  1-4 EEL =      2414.9912  VDWAALS    =      4696.9501
 EELEC  =    -44693.8799  EHBOND  =         0.0000  RESTRAINT  =         7.1136
 EAMBER (non-restraint)  =    -36222.6578
 EKCMT  =      3320.3563  VIRIAL  =      3501.8805  VOLUME     =    116736.6732
                                                    Density    =         1.0091
 ------------------------------------------------------------------------------

wrapping first mol.:      -35.55203       25.13909       43.54217
wrapping first mol.:      -35.55203       25.13909       43.54217

 NSTEP =    47000   TIME(PS) =    3034.000  TEMP(K) =   297.19  PRESS =  -221.3
 Etot   =    -29186.6231  EKtot   =      6988.4912  EPtot      =    -36175.1143
 BOND   =       161.0253  ANGLE   =       411.9820  DIHED      =       616.6995
 1-4 NB =       176.8669  1-4 EEL =      2439.7707  VDWAALS    =      4718.3744
 EELEC  =    -44706.6587  EHBOND  =         0.0000  RESTRAINT  =         6.8256
 EAMBER (non-restraint)  =    -36181.9399
 EKCMT  =      3182.5483  VIRIAL  =      3740.3458  VOLUME     =    116749.1696
                                                    Density    =         1.0090
 ------------------------------------------------------------------------------

wrapping first mol.:      -35.54187       25.13191       43.52973
wrapping first mol.:      -35.54187       25.13191       43.52973

 NSTEP =    47500   TIME(PS) =    3035.000  TEMP(K) =   304.14  PRESS =    17.9
 Etot   =    -28859.6433  EKtot   =      7152.0703  EPtot      =    -36011.7136
 BOND   =       143.1918  ANGLE   =       396.6384  DIHED      =       620.1178
 1-4 NB =       179.4968  1-4 EEL =      2439.0991  VDWAALS    =      4656.7590
 EELEC  =    -44453.1373  EHBOND  =         0.0000  RESTRAINT  =         6.1206
 EAMBER (non-restraint)  =    -36017.8343
 EKCMT  =      3307.9105  VIRIAL  =      3262.9437  VOLUME     =    116646.6746
                                                    Density    =         1.0098
 ------------------------------------------------------------------------------

wrapping first mol.:      -35.55372       25.14028       43.54424
wrapping first mol.:      -35.55372       25.14028       43.54424

 NSTEP =    48000   TIME(PS) =    3036.000  TEMP(K) =   296.22  PRESS =   386.7
 Etot   =    -28977.9511  EKtot   =      6965.7617  EPtot      =    -35943.7128
 BOND   =       152.4606  ANGLE   =       435.8461  DIHED      =       624.9603
 1-4 NB =       187.7878  1-4 EEL =      2434.8530  VDWAALS    =      4868.1169
 EELEC  =    -44654.2809  EHBOND  =         0.0000  RESTRAINT  =         6.5434
 EAMBER (non-restraint)  =    -35950.2562
 EKCMT  =      3201.2345  VIRIAL  =      2226.3569  VOLUME     =    116759.4929
                                                    Density    =         1.0089
 ------------------------------------------------------------------------------

wrapping first mol.:      -35.51619       25.11374       43.49828
wrapping first mol.:      -35.51619       25.11374       43.49828

 NSTEP =    48500   TIME(PS) =    3037.000  TEMP(K) =   301.60  PRESS =  -106.5
 Etot   =    -29077.3831  EKtot   =      7092.3447  EPtot      =    -36169.7279
 BOND   =       136.6962  ANGLE   =       393.9334  DIHED      =       613.2987
 1-4 NB =       177.3009  1-4 EEL =      2430.6083  VDWAALS    =      4745.6026
 EELEC  =    -44675.5989  EHBOND  =         0.0000  RESTRAINT  =         8.4309
 EAMBER (non-restraint)  =    -36178.1588
 EKCMT  =      3295.9869  VIRIAL  =      3563.7103  VOLUME     =    116395.2663
                                                    Density    =         1.0120
 ------------------------------------------------------------------------------

wrapping first mol.:      -35.52235       25.11810       43.50582
wrapping first mol.:      -35.52235       25.11810       43.50582

 NSTEP =    49000   TIME(PS) =    3038.000  TEMP(K) =   298.60  PRESS =   136.9
 Etot   =    -29026.8736  EKtot   =      7021.7661  EPtot      =    -36048.6397
 BOND   =       156.8755  ANGLE   =       401.4888  DIHED      =       619.6300
 1-4 NB =       173.5813  1-4 EEL =      2415.9154  VDWAALS    =      4780.5935
 EELEC  =    -44603.9271  EHBOND  =         0.0000  RESTRAINT  =         7.2028
 EAMBER (non-restraint)  =    -36055.8425
 EKCMT  =      3281.2383  VIRIAL  =      2937.0544  VOLUME     =    116453.2585
                                                    Density    =         1.0115
 ------------------------------------------------------------------------------

wrapping first mol.:      -35.53625       25.12793       43.52284
wrapping first mol.:      -35.53625       25.12793       43.52284

 NSTEP =    49500   TIME(PS) =    3039.000  TEMP(K) =   298.70  PRESS =   108.4
 Etot   =    -29097.2547  EKtot   =      7023.9453  EPtot      =    -36121.2000
 BOND   =       147.2794  ANGLE   =       411.4989  DIHED      =       628.9262
 1-4 NB =       179.3206  1-4 EEL =      2430.3451  VDWAALS    =      4781.2760
 EELEC  =    -44706.4942  EHBOND  =         0.0000  RESTRAINT  =         6.6480
 EAMBER (non-restraint)  =    -36127.8481
 EKCMT  =      3299.8111  VIRIAL  =      3026.9567  VOLUME     =    116590.3377
                                                    Density    =         1.0103
 ------------------------------------------------------------------------------

wrapping first mol.:      -35.51812       25.11511       43.50064
wrapping first mol.:      -35.51812       25.11511       43.50064

 NSTEP =    50000   TIME(PS) =    3040.000  TEMP(K) =   299.46  PRESS =   -95.1
 Etot   =    -29061.2405  EKtot   =      7041.9834  EPtot      =    -36103.2239
 BOND   =       163.5188  ANGLE   =       400.3630  DIHED      =       618.4525
 1-4 NB =       181.3771  1-4 EEL =      2430.6609  VDWAALS    =      4659.5163
 EELEC  =    -44563.4945  EHBOND  =         0.0000  RESTRAINT  =         6.3820
 EAMBER (non-restraint)  =    -36109.6060
 EKCMT  =      3215.0910  VIRIAL  =      3454.0220  VOLUME     =    116414.0835
                                                    Density    =         1.0119
 ------------------------------------------------------------------------------


      A V E R A G E S   O V E R     100 S T E P S


 NSTEP =    50000   TIME(PS) =    3040.000  TEMP(K) =   300.15  PRESS =   -13.0
 Etot   =    -29076.3246  EKtot   =      7058.2685  EPtot      =    -36134.5931
 BOND   =       154.1852  ANGLE   =       402.0355  DIHED      =       622.8480
 1-4 NB =       178.4948  1-4 EEL =      2435.2231  VDWAALS    =      4725.5105
 EELEC  =    -44659.2230  EHBOND  =         0.0000  RESTRAINT  =         6.3328
 EAMBER (non-restraint)  =    -36140.9259
 EKCMT  =      3245.6907  VIRIAL  =      3278.5849  VOLUME     =    116717.4728
                                                    Density    =         1.0092
 ------------------------------------------------------------------------------


      R M S  F L U C T U A T I O N S


 NSTEP =    50000   TIME(PS) =    3040.000  TEMP(K) =     2.95  PRESS =   205.4
 Etot   =       113.1665  EKtot   =        69.3990  EPtot      =        91.9027
 BOND   =        10.3664  ANGLE   =        15.0525  DIHED      =         7.6942
 1-4 NB =         5.9267  1-4 EEL =        14.5065  VDWAALS    =        84.3338
 EELEC  =       135.2719  EHBOND  =         0.0000  RESTRAINT  =         1.2961
 EAMBER (non-restraint)  =        90.6066
 EKCMT  =        49.7833  VIRIAL  =       518.5806  VOLUME     =       262.1258
                                                    Density    =         0.0023
 ------------------------------------------------------------------------------

--------------------------------------------------------------------------------
   5.  TIMINGS
--------------------------------------------------------------------------------

|  NonSetup CPU Time in Major Routines:
|
|     Routine           Sec        %
|     ------------------------------
|     Nonbond          69.02   88.01
|     Bond              0.00    0.00
|     Angle             0.00    0.00
|     Dihedral          0.00    0.00
|     Shake             0.30    0.38
|     RunMD             9.06   11.56
|     Other             0.04    0.05
|     ------------------------------
|     Total            78.42

|  PME Nonbond Pairlist CPU Time:
|
|     Routine              Sec        %
|     ---------------------------------
|     Set Up Cit           0.00    0.00
|     Build List           0.00    0.00
|     ---------------------------------
|     Total                0.00    0.00

|  PME Direct Force CPU Time:
|
|     Routine              Sec        %
|     ---------------------------------
|     NonBonded Calc       0.00    0.00
|     Exclude Masked       0.00    0.00
|     Other                0.02    0.03
|     ---------------------------------
|     Total                0.02    0.03

|  PME Reciprocal Force CPU Time:
|
|     Routine              Sec        %
|     ---------------------------------
|     1D bspline           0.00    0.00
|     Grid Charges         0.00    0.00
|     Scalar Sum           0.00    0.00
|     Gradient Sum         0.00    0.00
|     FFT                  0.00    0.00
|     ---------------------------------
|     Total                0.00    0.00

|  Final Performance Info:
|     -----------------------------------------------------
|     Average timings for last   11500 steps:
|     Elapsed(s) =      18.03 Per Step(ms) =       1.57
|         ns/day =     110.21   seconds/ns =     783.96
|
|     Average timings for all steps:
|     Elapsed(s) =      78.42 Per Step(ms) =       1.57
|         ns/day =     110.17   seconds/ns =     784.23
|     -----------------------------------------------------

|  Setup CPU time:            0.44 seconds
|  NonSetup CPU time:        78.42 seconds
|  Total CPU time:           78.86 seconds     0.02 hours

|  Setup wall time:           1    seconds
|  NonSetup wall time:       78    seconds
|  Total wall time:          79    seconds     0.02 hours
