
          -------------------------------------------------------
          Amber 16 PMEMD                              2016
          -------------------------------------------------------

| PMEMD implementation of SANDER, Release 16

| Run on 06/20/2017 at 00:39:40

|   Executable path: pmemd.cuda
| Working directory: /home/german/alex/run/3rm/mhe/e
|          Hostname: Unknown
  [-O]verwriting output

File Assignments:
|   MDIN: 30equ.in                                                              
|  MDOUT: 30equ.out                                                             
| INPCRD: 29e3rm.rst7                                                           
|   PARM: /home/german/alex/top_files/3rm.prmtop                                
| RESTRT: 30e3rm.rst7                                                           
|   REFC: refc                                                                  
|  MDVEL: mdvel                                                                 
|   MDEN: mden                                                                  
|  MDCRD: 30e3rm.nc                                                             
| MDINFO: mdinfo                                                                
|  MDFRC: mdfrc                                                                 


 Here is the input file:

Equilibration without solute restrictions                                      
&cntrl                                                                         
imin = 0,                           ! No Minimization                          
nmropt = 0,                         ! No NMR restraints read                   
                                                                               
! Nature and format of the input                                               
ntx = 5,                            ! Coordinates and velocities will be read  
irest = 1,                          ! Do not run a new simulation              
                                                                               
! Nature and format of the output                                              
ntxo = 1,                           ! rstrt file in ASCII format               
ntpr = 500,                         ! inf in output every ntpr steps           
ntwr = 500,                         ! rstrt file every ntwr steps              
ntwx = 500,                         ! mdcrd file every ntwx steps              
ntwv = 0,                           ! mdvel without velocities                 
ntwe = 0,                           ! Energies and temperatures not written in 
idecomp = 0,                        ! No energy decomposition                  
iwrap = 1,                          ! Coordinates of the restart and mdcrd file
                                                                               
! Frozen or restrained atoms                                                   
ibelly = 0,                         ! No frozen atoms                          
ntr=0,                              ! Harmonic potential restraints            
                                                                               
! Molecular dynamics                                                           
nstlim = 50000,                     ! Number of MD-steps                       
dt = 0.002,                         ! Time step                                
                                                                               
! Temperature regulation                                                       
ntt = 3,                            ! Langevin thermostat                      
gamma_ln = 2,                       ! Gamma constant for Langevin              
!temp0 = 300.0,                     ! Reference T at which the system is to be 
tempi = 300.0,                      ! Initial T                                
ig = -1,                            ! Seed for the RNG                         
                                                                               
! P and V regulation                                                           
ntp = 0,                            ! No P control                             
ntb = 1,                            ! constant V                               
                                                                               
! SHAKE variables                                                              
ntc = 2,                            ! Bonds involving H are constrained        
ntf = 2,                            ! Bond interaction involving H are ommited.
                                                                               
cut = 9.0,                         ! Nonbonded cutoff                          
/                                                                              
&end                                                                           


Note: ig = -1. Setting random seed to   197720 based on wallclock time in 
      microseconds.
 
|--------------------- INFORMATION ----------------------
| GPU (CUDA) Version of PMEMD in use: NVIDIA GPU IN USE.
|                    Version 16.0.0
| 
|                      02/25/2016
| 
| Implementation by:
|                    Ross C. Walker     (SDSC)
|                    Scott Le Grand     (nVIDIA)
| 
| Precision model in use:
|      [SPFP] - Single Precision Forces, 64-bit Fixed Point
|               Accumulation. (Default)
| 
|--------------------------------------------------------
 
|----------------- CITATION INFORMATION -----------------
|
|    When publishing work that utilized the CUDA version
|    of AMBER, please cite the following in addition to
|    the regular AMBER citations:
|
|  - Romelia Salomon-Ferrer; Andreas W. Goetz; Duncan
|    Poole; Scott Le Grand; Ross C. Walker "Routine
|    microsecond molecular dynamics simulations with
|    AMBER - Part II: Particle Mesh Ewald", J. Chem.
|    Theory Comput., 2013, 9 (9), pp3878-3888,
|    DOI: 10.1021/ct400314y.
|
|  - Andreas W. Goetz; Mark J. Williamson; Dong Xu;
|    Duncan Poole; Scott Le Grand; Ross C. Walker
|    "Routine microsecond molecular dynamics simulations
|    with AMBER - Part I: Generalized Born", J. Chem.
|    Theory Comput., 2012, 8 (5), pp1542-1555.
|
|  - Scott Le Grand; Andreas W. Goetz; Ross C. Walker
|    "SPFP: Speed without compromise - a mixed precision
|    model for GPU accelerated molecular dynamics
|    simulations.", Comp. Phys. Comm., 2013, 184
|    pp374-380, DOI: 10.1016/j.cpc.2012.09.022
|
|--------------------------------------------------------
 
|------------------- GPU DEVICE INFO --------------------
|
|            CUDA_VISIBLE_DEVICES: 1
|   CUDA Capable Devices Detected:      1
|           CUDA Device ID in use:      0
|                CUDA Device Name: GeForce GTX 1060 6GB
|     CUDA Device Global Mem Size:   6072 MB
| CUDA Device Num Multiprocessors:     10
|           CUDA Device Core Freq:   1.76 GHz
|
|--------------------------------------------------------
 
 
| Conditional Compilation Defines Used:
| PUBFFT
| BINTRAJ
| CUDA
| EMIL

| Largest sphere to fit in unit cell has radius =    21.750

| New format PARM file being parsed.
| Version =    1.000 Date = 06/17/17 Time = 14:32:14

| Note: 1-4 EEL scale factors are being read from the topology file.

| Note: 1-4 VDW scale factors are being read from the topology file.
| Duplicated    0 dihedrals

| Duplicated    0 dihedrals

--------------------------------------------------------------------------------
   1.  RESOURCE   USE: 
--------------------------------------------------------------------------------

 getting new box info from bottom of inpcrd
 NATOM  =   11635 NTYPES =      17 NBONH =   11238 MBONA  =     402
 NTHETH =     874 MTHETA =     539 NPHIH =    1768 MPHIA  =    1688
 NHPARM =       0 NPARM  =       0 NNB   =   18755 NRES   =    3670
 NBONA  =     402 NTHETA =     539 NPHIA =    1688 NUMBND =      69
 NUMANG =     154 NPTRA  =     196 NATYP =      37 NPHB   =       1
 IFBOX  =       2 NMXRS  =      25 IFCAP =       0 NEXTRA =       0
 NCOPY  =       0

| Coordinate Index Table dimensions:     9    9    9
| Direct force subcell size =     5.9197    5.9197    5.9197

     BOX TYPE: TRUNCATED OCTAHEDRON

--------------------------------------------------------------------------------
   2.  CONTROL  DATA  FOR  THE  RUN
--------------------------------------------------------------------------------

default_name                                                                    

General flags:
     imin    =       0, nmropt  =       0

Nature and format of input:
     ntx     =       5, irest   =       1, ntrx    =       1

Nature and format of output:
     ntxo    =       1, ntpr    =     500, ntrx    =       1, ntwr    =     500
     iwrap   =       1, ntwx    =     500, ntwv    =       0, ntwe    =       0
     ioutfm  =       1, ntwprt  =       0, idecomp =       0, rbornstat=      0

Potential function:
     ntf     =       2, ntb     =       1, igb     =       0, nsnb    =      25
     ipol    =       0, gbsa    =       0, iesp    =       0
     dielc   =   1.00000, cut     =   9.00000, intdiel =   1.00000

Frozen or restrained atoms:
     ibelly  =       0, ntr     =       0

Molecular dynamics:
     nstlim  =     50000, nscm    =      1000, nrespa  =         1
     t       =   0.00000, dt      =   0.00200, vlimit  =  -1.00000

Langevin dynamics temperature regulation:
     ig      =  197720
     temp0   = 300.00000, tempi   = 300.00000, gamma_ln=   2.00000

SHAKE:
     ntc     =       2, jfastw  =       0
     tol     =   0.00001

| Intermolecular bonds treatment:
|     no_intermolecular_bonds =       1

| Energy averages sample interval:
|     ene_avg_sampling =     500

Ewald parameters:
     verbose =       0, ew_type =       0, nbflag  =       1, use_pme =       1
     vdwmeth =       1, eedmeth =       1, netfrc  =       1
     Box X =   53.277   Box Y =   53.277   Box Z =   53.277
     Alpha =  109.471   Beta  =  109.471   Gamma =  109.471
     NFFT1 =   56       NFFT2 =   56       NFFT3 =   56
     Cutoff=    9.000   Tol   =0.100E-04
     Ewald Coefficient =  0.30768
     Interpolation order =    4

--------------------------------------------------------------------------------
   3.  ATOMIC COORDINATES AND VELOCITIES
--------------------------------------------------------------------------------

default_name                                                                    
 begin time read from input coords =  3040.000 ps

 
 Number of triangulated 3-point waters found:     3618

     Sum of charges from parm topology file =  -0.00000003
     Forcing neutrality...

| Dynamic Memory, Types Used:
| Reals              426230
| Integers           353541

| Nonbonded Pairs Initial Allocation:     2652780

| GPU memory information (estimate):
| KB of GPU memory in use:     85246
| KB of CPU memory in use:     17374

--------------------------------------------------------------------------------
   4.  RESULTS
--------------------------------------------------------------------------------

 ---------------------------------------------------
 APPROXIMATING switch and d/dx switch using CUBIC SPLINE INTERPOLATION
 using   5000.0 points per unit in tabled values
 TESTING RELATIVE ERROR over r ranging from 0.0 to cutoff
| CHECK switch(x): max rel err =   0.2738E-14   at   2.422500
| CHECK d/dx switch(x): max rel err =   0.8314E-11   at   2.736960
 ---------------------------------------------------
|---------------------------------------------------
| APPROXIMATING direct energy using CUBIC SPLINE INTERPOLATION
|  with   50.0 points per unit in tabled values
| Relative Error Limit not exceeded for r .gt.   2.39
| APPROXIMATING direct force using CUBIC SPLINE INTERPOLATION
|  with   50.0 points per unit in tabled values
| Relative Error Limit not exceeded for r .gt.   2.84
|---------------------------------------------------
wrapping first mol.:      -35.51812       25.11511       43.50064
wrapping first mol.:      -35.51812       25.11511       43.50064

 NSTEP =      500   TIME(PS) =    3041.000  TEMP(K) =   299.98  PRESS =     0.0
 Etot   =    -29115.9412  EKtot   =      7054.1533  EPtot      =    -36170.0945
 BOND   =       147.4672  ANGLE   =       420.7180  DIHED      =       643.3898
 1-4 NB =       173.7121  1-4 EEL =      2450.5484  VDWAALS    =      4811.0592
 EELEC  =    -44816.9891  EHBOND  =         0.0000  RESTRAINT  =         0.0000
 ------------------------------------------------------------------------------

wrapping first mol.:      -35.51812       25.11511       43.50064
wrapping first mol.:      -35.51812       25.11511       43.50064

 NSTEP =     1000   TIME(PS) =    3042.000  TEMP(K) =   304.57  PRESS =     0.0
 Etot   =    -29031.9030  EKtot   =      7162.0728  EPtot      =    -36193.9758
 BOND   =       154.7160  ANGLE   =       408.2721  DIHED      =       631.4613
 1-4 NB =       170.3546  1-4 EEL =      2441.7597  VDWAALS    =      4836.3903
 EELEC  =    -44836.9298  EHBOND  =         0.0000  RESTRAINT  =         0.0000
 ------------------------------------------------------------------------------

wrapping first mol.:      -35.51812       25.11511       43.50064
wrapping first mol.:      -35.51812       25.11511       43.50064

 NSTEP =     1500   TIME(PS) =    3043.000  TEMP(K) =   302.92  PRESS =     0.0
 Etot   =    -28874.1521  EKtot   =      7123.3125  EPtot      =    -35997.4646
 BOND   =       145.9993  ANGLE   =       408.0956  DIHED      =       624.0788
 1-4 NB =       165.3955  1-4 EEL =      2442.2115  VDWAALS    =      4648.9925
 EELEC  =    -44432.2377  EHBOND  =         0.0000  RESTRAINT  =         0.0000
 ------------------------------------------------------------------------------

wrapping first mol.:      -35.51812       25.11511       43.50064
wrapping first mol.:      -35.51812       25.11511       43.50064

 NSTEP =     2000   TIME(PS) =    3044.000  TEMP(K) =   301.90  PRESS =     0.0
 Etot   =    -29084.7000  EKtot   =      7099.3057  EPtot      =    -36184.0057
 BOND   =       140.7000  ANGLE   =       388.2686  DIHED      =       629.1170
 1-4 NB =       176.9600  1-4 EEL =      2462.2257  VDWAALS    =      4852.1165
 EELEC  =    -44833.3935  EHBOND  =         0.0000  RESTRAINT  =         0.0000
 ------------------------------------------------------------------------------

wrapping first mol.:      -35.51812       25.11511       43.50064
wrapping first mol.:      -35.51812       25.11511       43.50064

 NSTEP =     2500   TIME(PS) =    3045.000  TEMP(K) =   299.54  PRESS =     0.0
 Etot   =    -29091.7826  EKtot   =      7043.6992  EPtot      =    -36135.4818
 BOND   =       151.6367  ANGLE   =       385.5506  DIHED      =       624.7351
 1-4 NB =       176.7704  1-4 EEL =      2451.4826  VDWAALS    =      4636.0285
 EELEC  =    -44561.6855  EHBOND  =         0.0000  RESTRAINT  =         0.0000
 ------------------------------------------------------------------------------

wrapping first mol.:      -35.51812       25.11511       43.50064
wrapping first mol.:      -35.51812       25.11511       43.50064

 NSTEP =     3000   TIME(PS) =    3046.000  TEMP(K) =   301.29  PRESS =     0.0
 Etot   =    -29143.1756  EKtot   =      7084.9575  EPtot      =    -36228.1331
 BOND   =       158.8533  ANGLE   =       401.8805  DIHED      =       617.8551
 1-4 NB =       180.4049  1-4 EEL =      2439.9414  VDWAALS    =      4755.5912
 EELEC  =    -44782.6595  EHBOND  =         0.0000  RESTRAINT  =         0.0000
 ------------------------------------------------------------------------------

wrapping first mol.:      -35.51812       25.11511       43.50064
wrapping first mol.:      -35.51812       25.11511       43.50064

 NSTEP =     3500   TIME(PS) =    3047.000  TEMP(K) =   303.68  PRESS =     0.0
 Etot   =    -28931.3734  EKtot   =      7141.1221  EPtot      =    -36072.4955
 BOND   =       152.6487  ANGLE   =       392.4877  DIHED      =       621.5952
 1-4 NB =       174.0504  1-4 EEL =      2460.3187  VDWAALS    =      4667.7892
 EELEC  =    -44541.3855  EHBOND  =         0.0000  RESTRAINT  =         0.0000
 ------------------------------------------------------------------------------

wrapping first mol.:      -35.51812       25.11511       43.50064
wrapping first mol.:      -35.51812       25.11511       43.50064

 NSTEP =     4000   TIME(PS) =    3048.000  TEMP(K) =   299.54  PRESS =     0.0
 Etot   =    -29035.1455  EKtot   =      7043.8184  EPtot      =    -36078.9639
 BOND   =       155.2401  ANGLE   =       386.1894  DIHED      =       631.2672
 1-4 NB =       182.8561  1-4 EEL =      2452.2406  VDWAALS    =      4794.7993
 EELEC  =    -44681.5567  EHBOND  =         0.0000  RESTRAINT  =         0.0000
 ------------------------------------------------------------------------------

wrapping first mol.:      -35.51812       25.11511       43.50064
wrapping first mol.:      -35.51812       25.11511       43.50064

 NSTEP =     4500   TIME(PS) =    3049.000  TEMP(K) =   300.70  PRESS =     0.0
 Etot   =    -29113.6706  EKtot   =      7071.1631  EPtot      =    -36184.8337
 BOND   =       130.5375  ANGLE   =       418.4744  DIHED      =       627.6966
 1-4 NB =       176.0946  1-4 EEL =      2435.1032  VDWAALS    =      4776.9618
 EELEC  =    -44749.7016  EHBOND  =         0.0000  RESTRAINT  =         0.0000
 ------------------------------------------------------------------------------

wrapping first mol.:      -35.51812       25.11511       43.50064
wrapping first mol.:      -35.51812       25.11511       43.50064

 NSTEP =     5000   TIME(PS) =    3050.000  TEMP(K) =   301.61  PRESS =     0.0
 Etot   =    -29129.6451  EKtot   =      7092.5771  EPtot      =    -36222.2223
 BOND   =       145.5641  ANGLE   =       401.1958  DIHED      =       630.7493
 1-4 NB =       176.3654  1-4 EEL =      2479.1916  VDWAALS    =      4810.9634
 EELEC  =    -44866.2520  EHBOND  =         0.0000  RESTRAINT  =         0.0000
 ------------------------------------------------------------------------------

wrapping first mol.:      -35.51812       25.11511       43.50064
wrapping first mol.:      -35.51812       25.11511       43.50064

 NSTEP =     5500   TIME(PS) =    3051.000  TEMP(K) =   293.85  PRESS =     0.0
 Etot   =    -29358.7678  EKtot   =      6909.9258  EPtot      =    -36268.6936
 BOND   =       145.9090  ANGLE   =       396.0429  DIHED      =       624.6064
 1-4 NB =       174.7901  1-4 EEL =      2446.8462  VDWAALS    =      4839.4068
 EELEC  =    -44896.2950  EHBOND  =         0.0000  RESTRAINT  =         0.0000
 ------------------------------------------------------------------------------

wrapping first mol.:      -35.51812       25.11511       43.50064
wrapping first mol.:      -35.51812       25.11511       43.50064

 NSTEP =     6000   TIME(PS) =    3052.000  TEMP(K) =   300.67  PRESS =     0.0
 Etot   =    -29174.3886  EKtot   =      7070.3452  EPtot      =    -36244.7339
 BOND   =       148.2637  ANGLE   =       392.2992  DIHED      =       624.1996
 1-4 NB =       169.7566  1-4 EEL =      2436.9859  VDWAALS    =      4542.5509
 EELEC  =    -44558.7898  EHBOND  =         0.0000  RESTRAINT  =         0.0000
 ------------------------------------------------------------------------------

wrapping first mol.:      -35.51812       25.11511       43.50064
wrapping first mol.:      -35.51812       25.11511       43.50064

 NSTEP =     6500   TIME(PS) =    3053.000  TEMP(K) =   303.10  PRESS =     0.0
 Etot   =    -29046.6987  EKtot   =      7127.6133  EPtot      =    -36174.3120
 BOND   =       164.5958  ANGLE   =       415.2679  DIHED      =       623.8899
 1-4 NB =       175.3139  1-4 EEL =      2446.6968  VDWAALS    =      4670.8285
 EELEC  =    -44670.9049  EHBOND  =         0.0000  RESTRAINT  =         0.0000
 ------------------------------------------------------------------------------

wrapping first mol.:      -35.51812       25.11511       43.50064
wrapping first mol.:      -35.51812       25.11511       43.50064

 NSTEP =     7000   TIME(PS) =    3054.000  TEMP(K) =   297.05  PRESS =     0.0
 Etot   =    -29053.9511  EKtot   =      6985.2485  EPtot      =    -36039.1997
 BOND   =       158.9259  ANGLE   =       377.4820  DIHED      =       622.7912
 1-4 NB =       175.3053  1-4 EEL =      2451.1830  VDWAALS    =      4697.7844
 EELEC  =    -44522.6716  EHBOND  =         0.0000  RESTRAINT  =         0.0000
 ------------------------------------------------------------------------------

wrapping first mol.:      -35.51812       25.11511       43.50064
wrapping first mol.:      -35.51812       25.11511       43.50064

 NSTEP =     7500   TIME(PS) =    3055.000  TEMP(K) =   302.97  PRESS =     0.0
 Etot   =    -29123.5757  EKtot   =      7124.4404  EPtot      =    -36248.0162
 BOND   =       155.4661  ANGLE   =       371.5792  DIHED      =       621.7688
 1-4 NB =       180.5603  1-4 EEL =      2446.7615  VDWAALS    =      4780.7057
 EELEC  =    -44804.8578  EHBOND  =         0.0000  RESTRAINT  =         0.0000
 ------------------------------------------------------------------------------

wrapping first mol.:      -35.51812       25.11511       43.50064
wrapping first mol.:      -35.51812       25.11511       43.50064

 NSTEP =     8000   TIME(PS) =    3056.000  TEMP(K) =   300.63  PRESS =     0.0
 Etot   =    -29144.9194  EKtot   =      7069.4419  EPtot      =    -36214.3613
 BOND   =       149.7708  ANGLE   =       399.9830  DIHED      =       636.9852
 1-4 NB =       185.6024  1-4 EEL =      2464.8331  VDWAALS    =      4781.0125
 EELEC  =    -44832.5483  EHBOND  =         0.0000  RESTRAINT  =         0.0000
 ------------------------------------------------------------------------------

wrapping first mol.:      -35.51812       25.11511       43.50064
wrapping first mol.:      -35.51812       25.11511       43.50064

 NSTEP =     8500   TIME(PS) =    3057.000  TEMP(K) =   299.96  PRESS =     0.0
 Etot   =    -29007.1436  EKtot   =      7053.7485  EPtot      =    -36060.8921
 BOND   =       170.8763  ANGLE   =       429.1221  DIHED      =       628.1487
 1-4 NB =       178.6594  1-4 EEL =      2425.8694  VDWAALS    =      4794.5648
 EELEC  =    -44688.1327  EHBOND  =         0.0000  RESTRAINT  =         0.0000
 ------------------------------------------------------------------------------

wrapping first mol.:      -35.51812       25.11511       43.50064
wrapping first mol.:      -35.51812       25.11511       43.50064

 NSTEP =     9000   TIME(PS) =    3058.000  TEMP(K) =   297.15  PRESS =     0.0
 Etot   =    -29232.3826  EKtot   =      6987.5366  EPtot      =    -36219.9192
 BOND   =       133.2904  ANGLE   =       400.6215  DIHED      =       629.8076
 1-4 NB =       183.3138  1-4 EEL =      2452.1386  VDWAALS    =      4743.1403
 EELEC  =    -44762.2315  EHBOND  =         0.0000  RESTRAINT  =         0.0000
 ------------------------------------------------------------------------------

wrapping first mol.:      -35.51812       25.11511       43.50064
wrapping first mol.:      -35.51812       25.11511       43.50064

 NSTEP =     9500   TIME(PS) =    3059.000  TEMP(K) =   296.64  PRESS =     0.0
 Etot   =    -29238.5343  EKtot   =      6975.5244  EPtot      =    -36214.0587
 BOND   =       152.3837  ANGLE   =       407.2488  DIHED      =       620.6085
 1-4 NB =       171.5147  1-4 EEL =      2460.1233  VDWAALS    =      4848.6776
 EELEC  =    -44874.6154  EHBOND  =         0.0000  RESTRAINT  =         0.0000
 ------------------------------------------------------------------------------

wrapping first mol.:      -35.51812       25.11511       43.50064
wrapping first mol.:      -35.51812       25.11511       43.50064

 NSTEP =    10000   TIME(PS) =    3060.000  TEMP(K) =   299.24  PRESS =     0.0
 Etot   =    -29012.8935  EKtot   =      7036.7817  EPtot      =    -36049.6752
 BOND   =       162.8564  ANGLE   =       402.0898  DIHED      =       642.3756
 1-4 NB =       166.8423  1-4 EEL =      2430.7897  VDWAALS    =      4595.6689
 EELEC  =    -44450.2979  EHBOND  =         0.0000  RESTRAINT  =         0.0000
 ------------------------------------------------------------------------------

wrapping first mol.:      -35.51812       25.11511       43.50064
wrapping first mol.:      -35.51812       25.11511       43.50064

 NSTEP =    10500   TIME(PS) =    3061.000  TEMP(K) =   301.42  PRESS =     0.0
 Etot   =    -29016.0750  EKtot   =      7087.9102  EPtot      =    -36103.9851
 BOND   =       144.3915  ANGLE   =       395.7737  DIHED      =       635.7057
 1-4 NB =       177.5981  1-4 EEL =      2450.8226  VDWAALS    =      4844.7415
 EELEC  =    -44753.0181  EHBOND  =         0.0000  RESTRAINT  =         0.0000
 ------------------------------------------------------------------------------

wrapping first mol.:      -35.51812       25.11511       43.50064
wrapping first mol.:      -35.51812       25.11511       43.50064

 NSTEP =    11000   TIME(PS) =    3062.000  TEMP(K) =   299.40  PRESS =     0.0
 Etot   =    -29032.0277  EKtot   =      7040.4985  EPtot      =    -36072.5262
 BOND   =       136.1659  ANGLE   =       395.1794  DIHED      =       639.4136
 1-4 NB =       177.7519  1-4 EEL =      2460.9827  VDWAALS    =      4628.2783
 EELEC  =    -44510.2979  EHBOND  =         0.0000  RESTRAINT  =         0.0000
 ------------------------------------------------------------------------------

wrapping first mol.:      -35.51812       25.11511       43.50064
wrapping first mol.:      -35.51812       25.11511       43.50064

 NSTEP =    11500   TIME(PS) =    3063.000  TEMP(K) =   300.54  PRESS =     0.0
 Etot   =    -29116.3994  EKtot   =      7067.4067  EPtot      =    -36183.8062
 BOND   =       150.7984  ANGLE   =       414.6839  DIHED      =       616.4384
 1-4 NB =       188.4696  1-4 EEL =      2455.1780  VDWAALS    =      4817.8189
 EELEC  =    -44827.1933  EHBOND  =         0.0000  RESTRAINT  =         0.0000
 ------------------------------------------------------------------------------

wrapping first mol.:      -35.51812       25.11511       43.50064
wrapping first mol.:      -35.51812       25.11511       43.50064

 NSTEP =    12000   TIME(PS) =    3064.000  TEMP(K) =   300.12  PRESS =     0.0
 Etot   =    -29199.9897  EKtot   =      7057.4429  EPtot      =    -36257.4326
 BOND   =       148.4408  ANGLE   =       416.0133  DIHED      =       614.1457
 1-4 NB =       178.8676  1-4 EEL =      2417.8427  VDWAALS    =      4764.5918
 EELEC  =    -44797.3344  EHBOND  =         0.0000  RESTRAINT  =         0.0000
 ------------------------------------------------------------------------------

wrapping first mol.:      -35.51812       25.11511       43.50064
wrapping first mol.:      -35.51812       25.11511       43.50064

 NSTEP =    12500   TIME(PS) =    3065.000  TEMP(K) =   306.32  PRESS =     0.0
 Etot   =    -29045.2882  EKtot   =      7203.3540  EPtot      =    -36248.6422
 BOND   =       142.5123  ANGLE   =       398.4000  DIHED      =       621.6522
 1-4 NB =       183.5671  1-4 EEL =      2477.2560  VDWAALS    =      4820.2857
 EELEC  =    -44892.3155  EHBOND  =         0.0000  RESTRAINT  =         0.0000
 ------------------------------------------------------------------------------

wrapping first mol.:      -35.51812       25.11511       43.50064
wrapping first mol.:      -35.51812       25.11511       43.50064

 NSTEP =    13000   TIME(PS) =    3066.000  TEMP(K) =   299.73  PRESS =     0.0
 Etot   =    -29060.4589  EKtot   =      7048.2588  EPtot      =    -36108.7177
 BOND   =       155.3953  ANGLE   =       437.5926  DIHED      =       627.4921
 1-4 NB =       167.1950  1-4 EEL =      2416.1419  VDWAALS    =      4721.6645
 EELEC  =    -44634.1992  EHBOND  =         0.0000  RESTRAINT  =         0.0000
 ------------------------------------------------------------------------------

wrapping first mol.:      -35.51812       25.11511       43.50064
wrapping first mol.:      -35.51812       25.11511       43.50064

 NSTEP =    13500   TIME(PS) =    3067.000  TEMP(K) =   299.52  PRESS =     0.0
 Etot   =    -29083.1246  EKtot   =      7043.3604  EPtot      =    -36126.4850
 BOND   =       147.5512  ANGLE   =       392.1086  DIHED      =       638.0215
 1-4 NB =       181.7508  1-4 EEL =      2420.7712  VDWAALS    =      4733.8459
 EELEC  =    -44640.5341  EHBOND  =         0.0000  RESTRAINT  =         0.0000
 ------------------------------------------------------------------------------

wrapping first mol.:      -35.51812       25.11511       43.50064
wrapping first mol.:      -35.51812       25.11511       43.50064

 NSTEP =    14000   TIME(PS) =    3068.000  TEMP(K) =   293.23  PRESS =     0.0
 Etot   =    -29208.8093  EKtot   =      6895.4912  EPtot      =    -36104.3005
 BOND   =       175.6572  ANGLE   =       417.4426  DIHED      =       629.0156
 1-4 NB =       176.6575  1-4 EEL =      2422.5712  VDWAALS    =      4722.2629
 EELEC  =    -44647.9076  EHBOND  =         0.0000  RESTRAINT  =         0.0000
 ------------------------------------------------------------------------------

wrapping first mol.:      -35.51812       25.11511       43.50064
wrapping first mol.:      -35.51812       25.11511       43.50064

 NSTEP =    14500   TIME(PS) =    3069.000  TEMP(K) =   301.53  PRESS =     0.0
 Etot   =    -29018.9003  EKtot   =      7090.6245  EPtot      =    -36109.5248
 BOND   =       149.7537  ANGLE   =       397.1831  DIHED      =       614.4278
 1-4 NB =       180.3477  1-4 EEL =      2444.0974  VDWAALS    =      4651.2098
 EELEC  =    -44546.5443  EHBOND  =         0.0000  RESTRAINT  =         0.0000
 ------------------------------------------------------------------------------

wrapping first mol.:      -35.51812       25.11511       43.50064
wrapping first mol.:      -35.51812       25.11511       43.50064

 NSTEP =    15000   TIME(PS) =    3070.000  TEMP(K) =   298.56  PRESS =     0.0
 Etot   =    -29097.5997  EKtot   =      7020.7534  EPtot      =    -36118.3531
 BOND   =       148.5372  ANGLE   =       403.0044  DIHED      =       613.6598
 1-4 NB =       166.7075  1-4 EEL =      2426.2991  VDWAALS    =      4529.3763
 EELEC  =    -44405.9375  EHBOND  =         0.0000  RESTRAINT  =         0.0000
 ------------------------------------------------------------------------------

wrapping first mol.:      -35.51812       25.11511       43.50064
wrapping first mol.:      -35.51812       25.11511       43.50064

 NSTEP =    15500   TIME(PS) =    3071.000  TEMP(K) =   299.73  PRESS =     0.0
 Etot   =    -29059.4127  EKtot   =      7048.2778  EPtot      =    -36107.6905
 BOND   =       160.3592  ANGLE   =       425.3144  DIHED      =       628.0120
 1-4 NB =       171.8562  1-4 EEL =      2428.0572  VDWAALS    =      4709.6672
 EELEC  =    -44630.9567  EHBOND  =         0.0000  RESTRAINT  =         0.0000
 ------------------------------------------------------------------------------

wrapping first mol.:      -35.51812       25.11511       43.50064
wrapping first mol.:      -35.51812       25.11511       43.50064

 NSTEP =    16000   TIME(PS) =    3072.000  TEMP(K) =   300.64  PRESS =     0.0
 Etot   =    -28973.2991  EKtot   =      7069.5928  EPtot      =    -36042.8918
 BOND   =       163.2012  ANGLE   =       431.8144  DIHED      =       621.6788
 1-4 NB =       181.1462  1-4 EEL =      2433.9095  VDWAALS    =      4700.3173
 EELEC  =    -44574.9592  EHBOND  =         0.0000  RESTRAINT  =         0.0000
 ------------------------------------------------------------------------------

wrapping first mol.:      -35.51812       25.11511       43.50064
wrapping first mol.:      -35.51812       25.11511       43.50064

 NSTEP =    16500   TIME(PS) =    3073.000  TEMP(K) =   303.11  PRESS =     0.0
 Etot   =    -29019.8281  EKtot   =      7127.8027  EPtot      =    -36147.6309
 BOND   =       158.5273  ANGLE   =       406.0567  DIHED      =       620.0282
 1-4 NB =       176.4126  1-4 EEL =      2443.3242  VDWAALS    =      4736.0808
 EELEC  =    -44688.0606  EHBOND  =         0.0000  RESTRAINT  =         0.0000
 ------------------------------------------------------------------------------

wrapping first mol.:      -35.51812       25.11511       43.50064
wrapping first mol.:      -35.51812       25.11511       43.50064

 NSTEP =    17000   TIME(PS) =    3074.000  TEMP(K) =   300.27  PRESS =     0.0
 Etot   =    -29193.3001  EKtot   =      7061.0801  EPtot      =    -36254.3801
 BOND   =       160.4846  ANGLE   =       407.5466  DIHED      =       630.2691
 1-4 NB =       183.1510  1-4 EEL =      2441.4973  VDWAALS    =      4778.5308
 EELEC  =    -44855.8596  EHBOND  =         0.0000  RESTRAINT  =         0.0000
 ------------------------------------------------------------------------------

wrapping first mol.:      -35.51812       25.11511       43.50064
wrapping first mol.:      -35.51812       25.11511       43.50064

 NSTEP =    17500   TIME(PS) =    3075.000  TEMP(K) =   302.44  PRESS =     0.0
 Etot   =    -29018.2385  EKtot   =      7112.0215  EPtot      =    -36130.2600
 BOND   =       143.5055  ANGLE   =       438.9223  DIHED      =       633.5957
 1-4 NB =       169.7459  1-4 EEL =      2438.6339  VDWAALS    =      4722.9766
 EELEC  =    -44677.6399  EHBOND  =         0.0000  RESTRAINT  =         0.0000
 ------------------------------------------------------------------------------

wrapping first mol.:      -35.51812       25.11511       43.50064
wrapping first mol.:      -35.51812       25.11511       43.50064

 NSTEP =    18000   TIME(PS) =    3076.000  TEMP(K) =   298.17  PRESS =     0.0
 Etot   =    -29071.8013  EKtot   =      7011.6763  EPtot      =    -36083.4775
 BOND   =       151.2261  ANGLE   =       417.3726  DIHED      =       641.4497
 1-4 NB =       185.3782  1-4 EEL =      2450.2304  VDWAALS    =      4659.1149
 EELEC  =    -44588.2494  EHBOND  =         0.0000  RESTRAINT  =         0.0000
 ------------------------------------------------------------------------------

wrapping first mol.:      -35.51812       25.11511       43.50064
wrapping first mol.:      -35.51812       25.11511       43.50064

 NSTEP =    18500   TIME(PS) =    3077.000  TEMP(K) =   297.79  PRESS =     0.0
 Etot   =    -29110.7375  EKtot   =      7002.6162  EPtot      =    -36113.3537
 BOND   =       170.1249  ANGLE   =       425.2029  DIHED      =       651.4507
 1-4 NB =       176.8258  1-4 EEL =      2449.7372  VDWAALS    =      4621.4316
 EELEC  =    -44608.1268  EHBOND  =         0.0000  RESTRAINT  =         0.0000
 ------------------------------------------------------------------------------

wrapping first mol.:      -35.51812       25.11511       43.50064
wrapping first mol.:      -35.51812       25.11511       43.50064

 NSTEP =    19000   TIME(PS) =    3078.000  TEMP(K) =   301.59  PRESS =     0.0
 Etot   =    -29037.7261  EKtot   =      7092.0923  EPtot      =    -36129.8184
 BOND   =       149.7750  ANGLE   =       431.7796  DIHED      =       641.8151
 1-4 NB =       175.6517  1-4 EEL =      2451.5413  VDWAALS    =      4631.6002
 EELEC  =    -44611.9813  EHBOND  =         0.0000  RESTRAINT  =         0.0000
 ------------------------------------------------------------------------------

wrapping first mol.:      -35.51812       25.11511       43.50064
wrapping first mol.:      -35.51812       25.11511       43.50064

 NSTEP =    19500   TIME(PS) =    3079.000  TEMP(K) =   300.49  PRESS =     0.0
 Etot   =    -29158.7434  EKtot   =      7066.2075  EPtot      =    -36224.9509
 BOND   =       152.5340  ANGLE   =       405.9331  DIHED      =       643.6892
 1-4 NB =       180.1951  1-4 EEL =      2450.5053  VDWAALS    =      4718.1167
 EELEC  =    -44775.9244  EHBOND  =         0.0000  RESTRAINT  =         0.0000
 ------------------------------------------------------------------------------

wrapping first mol.:      -35.51812       25.11511       43.50064
wrapping first mol.:      -35.51812       25.11511       43.50064

 NSTEP =    20000   TIME(PS) =    3080.000  TEMP(K) =   292.38  PRESS =     0.0
 Etot   =    -29208.6038  EKtot   =      6875.4604  EPtot      =    -36084.0643
 BOND   =       138.2334  ANGLE   =       419.6015  DIHED      =       627.3576
 1-4 NB =       182.3258  1-4 EEL =      2487.8861  VDWAALS    =      4758.7385
 EELEC  =    -44698.2071  EHBOND  =         0.0000  RESTRAINT  =         0.0000
 ------------------------------------------------------------------------------

wrapping first mol.:      -35.51812       25.11511       43.50064
wrapping first mol.:      -35.51812       25.11511       43.50064

 NSTEP =    20500   TIME(PS) =    3081.000  TEMP(K) =   301.90  PRESS =     0.0
 Etot   =    -29173.9896  EKtot   =      7099.4209  EPtot      =    -36273.4105
 BOND   =       141.4908  ANGLE   =       405.6443  DIHED      =       635.9769
 1-4 NB =       175.7145  1-4 EEL =      2437.5369  VDWAALS    =      4715.0068
 EELEC  =    -44784.7807  EHBOND  =         0.0000  RESTRAINT  =         0.0000
 ------------------------------------------------------------------------------

wrapping first mol.:      -35.51812       25.11511       43.50064
wrapping first mol.:      -35.51812       25.11511       43.50064

 NSTEP =    21000   TIME(PS) =    3082.000  TEMP(K) =   300.07  PRESS =     0.0
 Etot   =    -29109.4016  EKtot   =      7056.1650  EPtot      =    -36165.5666
 BOND   =       152.3521  ANGLE   =       408.0027  DIHED      =       637.2412
 1-4 NB =       170.9829  1-4 EEL =      2415.6580  VDWAALS    =      4700.2878
 EELEC  =    -44650.0915  EHBOND  =         0.0000  RESTRAINT  =         0.0000
 ------------------------------------------------------------------------------

wrapping first mol.:      -35.51812       25.11511       43.50064
wrapping first mol.:      -35.51812       25.11511       43.50064

 NSTEP =    21500   TIME(PS) =    3083.000  TEMP(K) =   305.21  PRESS =     0.0
 Etot   =    -29097.5978  EKtot   =      7177.1694  EPtot      =    -36274.7672
 BOND   =       148.0734  ANGLE   =       403.0520  DIHED      =       635.0794
 1-4 NB =       166.6628  1-4 EEL =      2456.4001  VDWAALS    =      4789.7131
 EELEC  =    -44873.7480  EHBOND  =         0.0000  RESTRAINT  =         0.0000
 ------------------------------------------------------------------------------

wrapping first mol.:      -35.51812       25.11511       43.50064
wrapping first mol.:      -35.51812       25.11511       43.50064

 NSTEP =    22000   TIME(PS) =    3084.000  TEMP(K) =   298.96  PRESS =     0.0
 Etot   =    -29268.3776  EKtot   =      7030.2656  EPtot      =    -36298.6432
 BOND   =       149.9530  ANGLE   =       401.3778  DIHED      =       629.9571
 1-4 NB =       192.2116  1-4 EEL =      2459.7541  VDWAALS    =      4744.4462
 EELEC  =    -44876.3431  EHBOND  =         0.0000  RESTRAINT  =         0.0000
 ------------------------------------------------------------------------------

wrapping first mol.:      -35.51812       25.11511       43.50064
wrapping first mol.:      -35.51812       25.11511       43.50064

 NSTEP =    22500   TIME(PS) =    3085.000  TEMP(K) =   302.10  PRESS =     0.0
 Etot   =    -28936.7621  EKtot   =      7103.9907  EPtot      =    -36040.7528
 BOND   =       150.0173  ANGLE   =       436.6451  DIHED      =       646.6030
 1-4 NB =       173.2524  1-4 EEL =      2440.3834  VDWAALS    =      4729.9303
 EELEC  =    -44617.5843  EHBOND  =         0.0000  RESTRAINT  =         0.0000
 ------------------------------------------------------------------------------

wrapping first mol.:      -35.51812       25.11511       43.50064
wrapping first mol.:      -35.51812       25.11511       43.50064

 NSTEP =    23000   TIME(PS) =    3086.000  TEMP(K) =   304.71  PRESS =     0.0
 Etot   =    -28970.7921  EKtot   =      7165.2988  EPtot      =    -36136.0909
 BOND   =       164.0216  ANGLE   =       412.4561  DIHED      =       639.4377
 1-4 NB =       173.6777  1-4 EEL =      2462.3999  VDWAALS    =      4776.6424
 EELEC  =    -44764.7263  EHBOND  =         0.0000  RESTRAINT  =         0.0000
 ------------------------------------------------------------------------------

wrapping first mol.:      -35.51812       25.11511       43.50064
wrapping first mol.:      -35.51812       25.11511       43.50064

 NSTEP =    23500   TIME(PS) =    3087.000  TEMP(K) =   299.88  PRESS =     0.0
 Etot   =    -28857.7766  EKtot   =      7051.9165  EPtot      =    -35909.6931
 BOND   =       173.3981  ANGLE   =       412.1154  DIHED      =       632.6090
 1-4 NB =       176.4597  1-4 EEL =      2456.7456  VDWAALS    =      4739.1242
 EELEC  =    -44500.1451  EHBOND  =         0.0000  RESTRAINT  =         0.0000
 ------------------------------------------------------------------------------

wrapping first mol.:      -35.51812       25.11511       43.50064
wrapping first mol.:      -35.51812       25.11511       43.50064

 NSTEP =    24000   TIME(PS) =    3088.000  TEMP(K) =   299.50  PRESS =     0.0
 Etot   =    -28927.0483  EKtot   =      7042.7676  EPtot      =    -35969.8158
 BOND   =       141.9304  ANGLE   =       419.1458  DIHED      =       628.8952
 1-4 NB =       170.3290  1-4 EEL =      2453.8023  VDWAALS    =      4458.1394
 EELEC  =    -44242.0579  EHBOND  =         0.0000  RESTRAINT  =         0.0000
 ------------------------------------------------------------------------------

wrapping first mol.:      -35.51812       25.11511       43.50064
wrapping first mol.:      -35.51812       25.11511       43.50064

 NSTEP =    24500   TIME(PS) =    3089.000  TEMP(K) =   305.55  PRESS =     0.0
 Etot   =    -28845.2951  EKtot   =      7185.1973  EPtot      =    -36030.4924
 BOND   =       148.3316  ANGLE   =       397.9654  DIHED      =       612.4366
 1-4 NB =       174.5787  1-4 EEL =      2466.9512  VDWAALS    =      4681.1185
 EELEC  =    -44511.8744  EHBOND  =         0.0000  RESTRAINT  =         0.0000
 ------------------------------------------------------------------------------

wrapping first mol.:      -35.51812       25.11511       43.50064
wrapping first mol.:      -35.51812       25.11511       43.50064

 NSTEP =    25000   TIME(PS) =    3090.000  TEMP(K) =   300.42  PRESS =     0.0
 Etot   =    -28983.8732  EKtot   =      7064.5029  EPtot      =    -36048.3761
 BOND   =       145.4226  ANGLE   =       396.1905  DIHED      =       627.8509
 1-4 NB =       181.1700  1-4 EEL =      2459.3055  VDWAALS    =      4734.2294
 EELEC  =    -44592.5451  EHBOND  =         0.0000  RESTRAINT  =         0.0000
 ------------------------------------------------------------------------------

wrapping first mol.:      -35.51812       25.11511       43.50064
wrapping first mol.:      -35.51812       25.11511       43.50064

 NSTEP =    25500   TIME(PS) =    3091.000  TEMP(K) =   296.16  PRESS =     0.0
 Etot   =    -29167.6441  EKtot   =      6964.3242  EPtot      =    -36131.9683
 BOND   =       145.2557  ANGLE   =       402.3455  DIHED      =       625.2691
 1-4 NB =       181.3288  1-4 EEL =      2493.6628  VDWAALS    =      4671.4064
 EELEC  =    -44651.2366  EHBOND  =         0.0000  RESTRAINT  =         0.0000
 ------------------------------------------------------------------------------

wrapping first mol.:      -35.51812       25.11511       43.50064
wrapping first mol.:      -35.51812       25.11511       43.50064

 NSTEP =    26000   TIME(PS) =    3092.000  TEMP(K) =   300.81  PRESS =     0.0
 Etot   =    -28981.6306  EKtot   =      7073.7227  EPtot      =    -36055.3532
 BOND   =       156.4261  ANGLE   =       401.7423  DIHED      =       640.6960
 1-4 NB =       186.0099  1-4 EEL =      2453.0437  VDWAALS    =      4749.9457
 EELEC  =    -44643.2169  EHBOND  =         0.0000  RESTRAINT  =         0.0000
 ------------------------------------------------------------------------------

wrapping first mol.:      -35.51812       25.11511       43.50064
wrapping first mol.:      -35.51812       25.11511       43.50064

 NSTEP =    26500   TIME(PS) =    3093.000  TEMP(K) =   302.84  PRESS =     0.0
 Etot   =    -29071.8504  EKtot   =      7121.3892  EPtot      =    -36193.2396
 BOND   =       168.3316  ANGLE   =       404.1286  DIHED      =       634.9744
 1-4 NB =       177.2250  1-4 EEL =      2446.2835  VDWAALS    =      4677.4292
 EELEC  =    -44701.6118  EHBOND  =         0.0000  RESTRAINT  =         0.0000
 ------------------------------------------------------------------------------

wrapping first mol.:      -35.51812       25.11511       43.50064
wrapping first mol.:      -35.51812       25.11511       43.50064

 NSTEP =    27000   TIME(PS) =    3094.000  TEMP(K) =   298.01  PRESS =     0.0
 Etot   =    -29109.2577  EKtot   =      7007.8071  EPtot      =    -36117.0648
 BOND   =       146.2063  ANGLE   =       397.1370  DIHED      =       621.9915
 1-4 NB =       170.7822  1-4 EEL =      2429.9412  VDWAALS    =      4600.5939
 EELEC  =    -44483.7169  EHBOND  =         0.0000  RESTRAINT  =         0.0000
 ------------------------------------------------------------------------------

wrapping first mol.:      -35.51812       25.11511       43.50064
wrapping first mol.:      -35.51812       25.11511       43.50064

 NSTEP =    27500   TIME(PS) =    3095.000  TEMP(K) =   300.23  PRESS =     0.0
 Etot   =    -29075.5669  EKtot   =      7059.9883  EPtot      =    -36135.5552
 BOND   =       155.4922  ANGLE   =       402.4753  DIHED      =       624.5707
 1-4 NB =       176.1438  1-4 EEL =      2449.3434  VDWAALS    =      4746.4748
 EELEC  =    -44690.0555  EHBOND  =         0.0000  RESTRAINT  =         0.0000
 ------------------------------------------------------------------------------

wrapping first mol.:      -35.51812       25.11511       43.50064
wrapping first mol.:      -35.51812       25.11511       43.50064

 NSTEP =    28000   TIME(PS) =    3096.000  TEMP(K) =   300.58  PRESS =     0.0
 Etot   =    -29155.5579  EKtot   =      7068.3789  EPtot      =    -36223.9368
 BOND   =       156.1989  ANGLE   =       410.3840  DIHED      =       634.6434
 1-4 NB =       158.8682  1-4 EEL =      2433.6949  VDWAALS    =      4810.2553
 EELEC  =    -44827.9814  EHBOND  =         0.0000  RESTRAINT  =         0.0000
 ------------------------------------------------------------------------------

wrapping first mol.:      -35.51812       25.11511       43.50064
wrapping first mol.:      -35.51812       25.11511       43.50064

 NSTEP =    28500   TIME(PS) =    3097.000  TEMP(K) =   295.85  PRESS =     0.0
 Etot   =    -29284.5529  EKtot   =      6957.0864  EPtot      =    -36241.6393
 BOND   =       159.8130  ANGLE   =       408.8501  DIHED      =       621.5256
 1-4 NB =       180.8147  1-4 EEL =      2462.8638  VDWAALS    =      4703.1688
 EELEC  =    -44778.6754  EHBOND  =         0.0000  RESTRAINT  =         0.0000
 ------------------------------------------------------------------------------

wrapping first mol.:      -35.51812       25.11511       43.50064
wrapping first mol.:      -35.51812       25.11511       43.50064

 NSTEP =    29000   TIME(PS) =    3098.000  TEMP(K) =   301.52  PRESS =     0.0
 Etot   =    -28995.2579  EKtot   =      7090.4810  EPtot      =    -36085.7389
 BOND   =       138.5187  ANGLE   =       413.6642  DIHED      =       630.0718
 1-4 NB =       172.0772  1-4 EEL =      2436.8084  VDWAALS    =      4669.4151
 EELEC  =    -44546.2942  EHBOND  =         0.0000  RESTRAINT  =         0.0000
 ------------------------------------------------------------------------------

wrapping first mol.:      -35.51812       25.11511       43.50064
wrapping first mol.:      -35.51812       25.11511       43.50064

 NSTEP =    29500   TIME(PS) =    3099.000  TEMP(K) =   297.98  PRESS =     0.0
 Etot   =    -29133.1315  EKtot   =      7007.0356  EPtot      =    -36140.1671
 BOND   =       184.3672  ANGLE   =       403.1303  DIHED      =       647.0847
 1-4 NB =       167.5786  1-4 EEL =      2472.3333  VDWAALS    =      4907.2577
 EELEC  =    -44921.9188  EHBOND  =         0.0000  RESTRAINT  =         0.0000
 ------------------------------------------------------------------------------

wrapping first mol.:      -35.51812       25.11511       43.50064
wrapping first mol.:      -35.51812       25.11511       43.50064

 NSTEP =    30000   TIME(PS) =    3100.000  TEMP(K) =   298.31  PRESS =     0.0
 Etot   =    -29269.1331  EKtot   =      7014.7871  EPtot      =    -36283.9202
 BOND   =       175.4375  ANGLE   =       410.2846  DIHED      =       622.7001
 1-4 NB =       168.2656  1-4 EEL =      2417.0865  VDWAALS    =      4678.2795
 EELEC  =    -44755.9740  EHBOND  =         0.0000  RESTRAINT  =         0.0000
 ------------------------------------------------------------------------------

wrapping first mol.:      -35.51812       25.11511       43.50064
wrapping first mol.:      -35.51812       25.11511       43.50064

 NSTEP =    30500   TIME(PS) =    3101.000  TEMP(K) =   299.91  PRESS =     0.0
 Etot   =    -29109.1405  EKtot   =      7052.4243  EPtot      =    -36161.5648
 BOND   =       152.9393  ANGLE   =       414.6148  DIHED      =       620.5314
 1-4 NB =       170.6303  1-4 EEL =      2449.7651  VDWAALS    =      4662.9592
 EELEC  =    -44633.0049  EHBOND  =         0.0000  RESTRAINT  =         0.0000
 ------------------------------------------------------------------------------

wrapping first mol.:      -35.51812       25.11511       43.50064
wrapping first mol.:      -35.51812       25.11511       43.50064

 NSTEP =    31000   TIME(PS) =    3102.000  TEMP(K) =   298.97  PRESS =     0.0
 Etot   =    -29013.5590  EKtot   =      7030.3130  EPtot      =    -36043.8720
 BOND   =       185.0212  ANGLE   =       405.0584  DIHED      =       627.4900
 1-4 NB =       170.7845  1-4 EEL =      2441.3275  VDWAALS    =      4646.7289
 EELEC  =    -44520.2826  EHBOND  =         0.0000  RESTRAINT  =         0.0000
 ------------------------------------------------------------------------------

wrapping first mol.:      -35.51812       25.11511       43.50064
wrapping first mol.:      -35.51812       25.11511       43.50064

 NSTEP =    31500   TIME(PS) =    3103.000  TEMP(K) =   301.04  PRESS =     0.0
 Etot   =    -29061.8351  EKtot   =      7079.0015  EPtot      =    -36140.8365
 BOND   =       159.5123  ANGLE   =       400.4961  DIHED      =       615.9744
 1-4 NB =       175.0719  1-4 EEL =      2429.9410  VDWAALS    =      4694.3101
 EELEC  =    -44616.1424  EHBOND  =         0.0000  RESTRAINT  =         0.0000
 ------------------------------------------------------------------------------

wrapping first mol.:      -35.51812       25.11511       43.50064
wrapping first mol.:      -35.51812       25.11511       43.50064

 NSTEP =    32000   TIME(PS) =    3104.000  TEMP(K) =   298.09  PRESS =     0.0
 Etot   =    -29144.7882  EKtot   =      7009.6401  EPtot      =    -36154.4283
 BOND   =       146.8749  ANGLE   =       430.1682  DIHED      =       641.8409
 1-4 NB =       179.1049  1-4 EEL =      2465.4092  VDWAALS    =      4783.7610
 EELEC  =    -44801.5873  EHBOND  =         0.0000  RESTRAINT  =         0.0000
 ------------------------------------------------------------------------------

wrapping first mol.:      -35.51812       25.11511       43.50064
wrapping first mol.:      -35.51812       25.11511       43.50064

 NSTEP =    32500   TIME(PS) =    3105.000  TEMP(K) =   297.37  PRESS =     0.0
 Etot   =    -29155.6020  EKtot   =      6992.7744  EPtot      =    -36148.3764
 BOND   =       165.5790  ANGLE   =       409.3405  DIHED      =       604.5678
 1-4 NB =       181.3850  1-4 EEL =      2462.4719  VDWAALS    =      4718.1325
 EELEC  =    -44689.8532  EHBOND  =         0.0000  RESTRAINT  =         0.0000
 ------------------------------------------------------------------------------

wrapping first mol.:      -35.51812       25.11511       43.50064
wrapping first mol.:      -35.51812       25.11511       43.50064

 NSTEP =    33000   TIME(PS) =    3106.000  TEMP(K) =   301.68  PRESS =     0.0
 Etot   =    -28981.9393  EKtot   =      7094.1323  EPtot      =    -36076.0717
 BOND   =       141.3773  ANGLE   =       417.6499  DIHED      =       621.0775
 1-4 NB =       180.9820  1-4 EEL =      2445.1255  VDWAALS    =      4664.0039
 EELEC  =    -44546.2877  EHBOND  =         0.0000  RESTRAINT  =         0.0000
 ------------------------------------------------------------------------------

wrapping first mol.:      -35.51812       25.11511       43.50064
wrapping first mol.:      -35.51812       25.11511       43.50064

 NSTEP =    33500   TIME(PS) =    3107.000  TEMP(K) =   299.55  PRESS =     0.0
 Etot   =    -29107.7277  EKtot   =      7043.9331  EPtot      =    -36151.6608
 BOND   =       170.4577  ANGLE   =       404.7574  DIHED      =       611.8924
 1-4 NB =       167.0401  1-4 EEL =      2456.9375  VDWAALS    =      4771.3039
 EELEC  =    -44734.0497  EHBOND  =         0.0000  RESTRAINT  =         0.0000
 ------------------------------------------------------------------------------

wrapping first mol.:      -35.51812       25.11511       43.50064
wrapping first mol.:      -35.51812       25.11511       43.50064

 NSTEP =    34000   TIME(PS) =    3108.000  TEMP(K) =   301.86  PRESS =     0.0
 Etot   =    -29091.3753  EKtot   =      7098.3281  EPtot      =    -36189.7035
 BOND   =       149.5166  ANGLE   =       415.3332  DIHED      =       624.9895
 1-4 NB =       175.6907  1-4 EEL =      2436.3002  VDWAALS    =      4651.4609
 EELEC  =    -44642.9946  EHBOND  =         0.0000  RESTRAINT  =         0.0000
 ------------------------------------------------------------------------------

wrapping first mol.:      -35.51812       25.11511       43.50064
wrapping first mol.:      -35.51812       25.11511       43.50064

 NSTEP =    34500   TIME(PS) =    3109.000  TEMP(K) =   297.19  PRESS =     0.0
 Etot   =    -29126.0591  EKtot   =      6988.6660  EPtot      =    -36114.7251
 BOND   =       154.5624  ANGLE   =       410.8940  DIHED      =       629.9823
 1-4 NB =       175.1981  1-4 EEL =      2441.2691  VDWAALS    =      4725.6497
 EELEC  =    -44652.2807  EHBOND  =         0.0000  RESTRAINT  =         0.0000
 ------------------------------------------------------------------------------

wrapping first mol.:      -35.51812       25.11511       43.50064
wrapping first mol.:      -35.51812       25.11511       43.50064

 NSTEP =    35000   TIME(PS) =    3110.000  TEMP(K) =   296.01  PRESS =     0.0
 Etot   =    -29208.0098  EKtot   =      6960.7202  EPtot      =    -36168.7300
 BOND   =       166.0137  ANGLE   =       387.0913  DIHED      =       601.4328
 1-4 NB =       179.4907  1-4 EEL =      2460.6606  VDWAALS    =      4855.8686
 EELEC  =    -44819.2877  EHBOND  =         0.0000  RESTRAINT  =         0.0000
 ------------------------------------------------------------------------------

wrapping first mol.:      -35.51812       25.11511       43.50064
wrapping first mol.:      -35.51812       25.11511       43.50064

 NSTEP =    35500   TIME(PS) =    3111.000  TEMP(K) =   296.13  PRESS =     0.0
 Etot   =    -29221.4761  EKtot   =      6963.6084  EPtot      =    -36185.0845
 BOND   =       146.0998  ANGLE   =       398.5620  DIHED      =       624.7022
 1-4 NB =       174.6315  1-4 EEL =      2440.8428  VDWAALS    =      4950.8153
 EELEC  =    -44920.7379  EHBOND  =         0.0000  RESTRAINT  =         0.0000
 ------------------------------------------------------------------------------

wrapping first mol.:      -35.51812       25.11511       43.50064
wrapping first mol.:      -35.51812       25.11511       43.50064

 NSTEP =    36000   TIME(PS) =    3112.000  TEMP(K) =   299.02  PRESS =     0.0
 Etot   =    -29239.9324  EKtot   =      7031.5464  EPtot      =    -36271.4788
 BOND   =       146.2303  ANGLE   =       398.2467  DIHED      =       626.0601
 1-4 NB =       184.8824  1-4 EEL =      2460.9494  VDWAALS    =      4692.0553
 EELEC  =    -44779.9030  EHBOND  =         0.0000  RESTRAINT  =         0.0000
 ------------------------------------------------------------------------------

wrapping first mol.:      -35.51812       25.11511       43.50064
wrapping first mol.:      -35.51812       25.11511       43.50064

 NSTEP =    36500   TIME(PS) =    3113.000  TEMP(K) =   299.47  PRESS =     0.0
 Etot   =    -29304.1037  EKtot   =      7042.2495  EPtot      =    -36346.3532
 BOND   =       155.6808  ANGLE   =       403.9772  DIHED      =       616.7067
 1-4 NB =       170.9210  1-4 EEL =      2442.6624  VDWAALS    =      4812.3075
 EELEC  =    -44948.6089  EHBOND  =         0.0000  RESTRAINT  =         0.0000
 ------------------------------------------------------------------------------

wrapping first mol.:      -35.51812       25.11511       43.50064
wrapping first mol.:      -35.51812       25.11511       43.50064

 NSTEP =    37000   TIME(PS) =    3114.000  TEMP(K) =   300.45  PRESS =     0.0
 Etot   =    -29160.4537  EKtot   =      7065.1099  EPtot      =    -36225.5636
 BOND   =       140.7979  ANGLE   =       394.3572  DIHED      =       618.7799
 1-4 NB =       175.1938  1-4 EEL =      2460.1767  VDWAALS    =      4725.8439
 EELEC  =    -44740.7129  EHBOND  =         0.0000  RESTRAINT  =         0.0000
 ------------------------------------------------------------------------------

wrapping first mol.:      -35.51812       25.11511       43.50064
wrapping first mol.:      -35.51812       25.11511       43.50064

 NSTEP =    37500   TIME(PS) =    3115.000  TEMP(K) =   301.14  PRESS =     0.0
 Etot   =    -29014.2846  EKtot   =      7081.4316  EPtot      =    -36095.7162
 BOND   =       157.6551  ANGLE   =       415.7446  DIHED      =       615.7386
 1-4 NB =       176.4081  1-4 EEL =      2438.2009  VDWAALS    =      4759.1448
 EELEC  =    -44658.6083  EHBOND  =         0.0000  RESTRAINT  =         0.0000
 ------------------------------------------------------------------------------

wrapping first mol.:      -35.51812       25.11511       43.50064
wrapping first mol.:      -35.51812       25.11511       43.50064

 NSTEP =    38000   TIME(PS) =    3116.000  TEMP(K) =   299.68  PRESS =     0.0
 Etot   =    -28889.0280  EKtot   =      7047.0439  EPtot      =    -35936.0719
 BOND   =       172.1911  ANGLE   =       426.4792  DIHED      =       627.7926
 1-4 NB =       174.1378  1-4 EEL =      2448.1455  VDWAALS    =      4664.1323
 EELEC  =    -44448.9503  EHBOND  =         0.0000  RESTRAINT  =         0.0000
 ------------------------------------------------------------------------------

wrapping first mol.:      -35.51812       25.11511       43.50064
wrapping first mol.:      -35.51812       25.11511       43.50064

 NSTEP =    38500   TIME(PS) =    3117.000  TEMP(K) =   304.31  PRESS =     0.0
 Etot   =    -28758.5015  EKtot   =      7155.9854  EPtot      =    -35914.4869
 BOND   =       151.8310  ANGLE   =       422.9796  DIHED      =       598.9948
 1-4 NB =       170.7195  1-4 EEL =      2449.3480  VDWAALS    =      4687.5427
 EELEC  =    -44395.9024  EHBOND  =         0.0000  RESTRAINT  =         0.0000
 ------------------------------------------------------------------------------

wrapping first mol.:      -35.51812       25.11511       43.50064
wrapping first mol.:      -35.51812       25.11511       43.50064

 NSTEP =    39000   TIME(PS) =    3118.000  TEMP(K) =   304.38  PRESS =     0.0
 Etot   =    -28938.1269  EKtot   =      7157.5864  EPtot      =    -36095.7133
 BOND   =       136.5117  ANGLE   =       369.1242  DIHED      =       629.0157
 1-4 NB =       177.4350  1-4 EEL =      2464.1768  VDWAALS    =      4678.5146
 EELEC  =    -44550.4913  EHBOND  =         0.0000  RESTRAINT  =         0.0000
 ------------------------------------------------------------------------------

wrapping first mol.:      -35.51812       25.11511       43.50064
wrapping first mol.:      -35.51812       25.11511       43.50064

 NSTEP =    39500   TIME(PS) =    3119.000  TEMP(K) =   301.58  PRESS =     0.0
 Etot   =    -29133.0478  EKtot   =      7091.8389  EPtot      =    -36224.8866
 BOND   =       168.6276  ANGLE   =       395.5909  DIHED      =       625.6780
 1-4 NB =       169.7004  1-4 EEL =      2412.7939  VDWAALS    =      4611.4387
 EELEC  =    -44608.7163  EHBOND  =         0.0000  RESTRAINT  =         0.0000
 ------------------------------------------------------------------------------

wrapping first mol.:      -35.51812       25.11511       43.50064
wrapping first mol.:      -35.51812       25.11511       43.50064

 NSTEP =    40000   TIME(PS) =    3120.000  TEMP(K) =   299.07  PRESS =     0.0
 Etot   =    -29152.1400  EKtot   =      7032.7700  EPtot      =    -36184.9100
 BOND   =       163.0073  ANGLE   =       422.0333  DIHED      =       614.1281
 1-4 NB =       171.8385  1-4 EEL =      2426.3479  VDWAALS    =      4729.0221
 EELEC  =    -44711.2872  EHBOND  =         0.0000  RESTRAINT  =         0.0000
 ------------------------------------------------------------------------------

wrapping first mol.:      -35.51812       25.11511       43.50064
wrapping first mol.:      -35.51812       25.11511       43.50064

 NSTEP =    40500   TIME(PS) =    3121.000  TEMP(K) =   301.74  PRESS =     0.0
 Etot   =    -29010.3305  EKtot   =      7095.6260  EPtot      =    -36105.9565
 BOND   =       174.2446  ANGLE   =       409.4669  DIHED      =       616.2653
 1-4 NB =       175.3805  1-4 EEL =      2436.0038  VDWAALS    =      4698.1992
 EELEC  =    -44615.5168  EHBOND  =         0.0000  RESTRAINT  =         0.0000
 ------------------------------------------------------------------------------

wrapping first mol.:      -35.51812       25.11511       43.50064
wrapping first mol.:      -35.51812       25.11511       43.50064

 NSTEP =    41000   TIME(PS) =    3122.000  TEMP(K) =   302.42  PRESS =     0.0
 Etot   =    -29115.7331  EKtot   =      7111.5879  EPtot      =    -36227.3210
 BOND   =       147.3129  ANGLE   =       391.7727  DIHED      =       623.2004
 1-4 NB =       169.9415  1-4 EEL =      2470.3246  VDWAALS    =      4967.6376
 EELEC  =    -44997.5107  EHBOND  =         0.0000  RESTRAINT  =         0.0000
 ------------------------------------------------------------------------------

wrapping first mol.:      -35.51812       25.11511       43.50064
wrapping first mol.:      -35.51812       25.11511       43.50064

 NSTEP =    41500   TIME(PS) =    3123.000  TEMP(K) =   304.80  PRESS =     0.0
 Etot   =    -28887.6014  EKtot   =      7167.3906  EPtot      =    -36054.9920
 BOND   =       160.0875  ANGLE   =       430.2013  DIHED      =       626.5610
 1-4 NB =       166.5325  1-4 EEL =      2448.7124  VDWAALS    =      4754.7285
 EELEC  =    -44641.8153  EHBOND  =         0.0000  RESTRAINT  =         0.0000
 ------------------------------------------------------------------------------

wrapping first mol.:      -35.51812       25.11511       43.50064
wrapping first mol.:      -35.51812       25.11511       43.50064

 NSTEP =    42000   TIME(PS) =    3124.000  TEMP(K) =   299.52  PRESS =     0.0
 Etot   =    -29027.1651  EKtot   =      7043.3872  EPtot      =    -36070.5523
 BOND   =       145.7566  ANGLE   =       409.6488  DIHED      =       620.7147
 1-4 NB =       169.0238  1-4 EEL =      2426.6623  VDWAALS    =      4745.9833
 EELEC  =    -44588.3418  EHBOND  =         0.0000  RESTRAINT  =         0.0000
 ------------------------------------------------------------------------------

wrapping first mol.:      -35.51812       25.11511       43.50064
wrapping first mol.:      -35.51812       25.11511       43.50064

 NSTEP =    42500   TIME(PS) =    3125.000  TEMP(K) =   300.85  PRESS =     0.0
 Etot   =    -29066.7073  EKtot   =      7074.7114  EPtot      =    -36141.4187
 BOND   =       135.1609  ANGLE   =       384.6120  DIHED      =       620.1328
 1-4 NB =       178.7134  1-4 EEL =      2421.2161  VDWAALS    =      4709.4879
 EELEC  =    -44590.7417  EHBOND  =         0.0000  RESTRAINT  =         0.0000
 ------------------------------------------------------------------------------

wrapping first mol.:      -35.51812       25.11511       43.50064
wrapping first mol.:      -35.51812       25.11511       43.50064

 NSTEP =    43000   TIME(PS) =    3126.000  TEMP(K) =   300.03  PRESS =     0.0
 Etot   =    -29174.0878  EKtot   =      7055.3525  EPtot      =    -36229.4403
 BOND   =       151.5039  ANGLE   =       389.6208  DIHED      =       614.3926
 1-4 NB =       177.6263  1-4 EEL =      2460.3301  VDWAALS    =      4894.8569
 EELEC  =    -44917.7709  EHBOND  =         0.0000  RESTRAINT  =         0.0000
 ------------------------------------------------------------------------------

wrapping first mol.:      -35.51812       25.11511       43.50064
wrapping first mol.:      -35.51812       25.11511       43.50064

 NSTEP =    43500   TIME(PS) =    3127.000  TEMP(K) =   299.21  PRESS =     0.0
 Etot   =    -29086.2445  EKtot   =      7035.9976  EPtot      =    -36122.2421
 BOND   =       147.0939  ANGLE   =       365.3758  DIHED      =       613.6390
 1-4 NB =       172.9654  1-4 EEL =      2471.0816  VDWAALS    =      4740.3929
 EELEC  =    -44632.7909  EHBOND  =         0.0000  RESTRAINT  =         0.0000
 ------------------------------------------------------------------------------

wrapping first mol.:      -35.51812       25.11511       43.50064
wrapping first mol.:      -35.51812       25.11511       43.50064

 NSTEP =    44000   TIME(PS) =    3128.000  TEMP(K) =   296.28  PRESS =     0.0
 Etot   =    -29240.7092  EKtot   =      6967.1787  EPtot      =    -36207.8879
 BOND   =       166.3366  ANGLE   =       431.7494  DIHED      =       630.1199
 1-4 NB =       175.1293  1-4 EEL =      2445.0169  VDWAALS    =      4831.9632
 EELEC  =    -44888.2032  EHBOND  =         0.0000  RESTRAINT  =         0.0000
 ------------------------------------------------------------------------------

wrapping first mol.:      -35.51812       25.11511       43.50064
wrapping first mol.:      -35.51812       25.11511       43.50064

 NSTEP =    44500   TIME(PS) =    3129.000  TEMP(K) =   297.98  PRESS =     0.0
 Etot   =    -29264.8945  EKtot   =      7007.1514  EPtot      =    -36272.0459
 BOND   =       152.9944  ANGLE   =       405.8349  DIHED      =       625.0624
 1-4 NB =       178.6049  1-4 EEL =      2452.5727  VDWAALS    =      4753.4110
 EELEC  =    -44840.5261  EHBOND  =         0.0000  RESTRAINT  =         0.0000
 ------------------------------------------------------------------------------

wrapping first mol.:      -35.51812       25.11511       43.50064
wrapping first mol.:      -35.51812       25.11511       43.50064

 NSTEP =    45000   TIME(PS) =    3130.000  TEMP(K) =   299.64  PRESS =     0.0
 Etot   =    -29086.8745  EKtot   =      7046.2231  EPtot      =    -36133.0976
 BOND   =       140.9532  ANGLE   =       409.7194  DIHED      =       627.5353
 1-4 NB =       183.6294  1-4 EEL =      2446.9423  VDWAALS    =      4886.7229
 EELEC  =    -44828.6002  EHBOND  =         0.0000  RESTRAINT  =         0.0000
 ------------------------------------------------------------------------------

wrapping first mol.:      -35.51812       25.11511       43.50064
wrapping first mol.:      -35.51812       25.11511       43.50064

 NSTEP =    45500   TIME(PS) =    3131.000  TEMP(K) =   297.65  PRESS =     0.0
 Etot   =    -29329.4689  EKtot   =      6999.4404  EPtot      =    -36328.9093
 BOND   =       148.7560  ANGLE   =       416.4749  DIHED      =       617.6549
 1-4 NB =       182.4715  1-4 EEL =      2435.3446  VDWAALS    =      4859.1763
 EELEC  =    -44988.7875  EHBOND  =         0.0000  RESTRAINT  =         0.0000
 ------------------------------------------------------------------------------

wrapping first mol.:      -35.51812       25.11511       43.50064
wrapping first mol.:      -35.51812       25.11511       43.50064

 NSTEP =    46000   TIME(PS) =    3132.000  TEMP(K) =   301.01  PRESS =     0.0
 Etot   =    -29209.9249  EKtot   =      7078.2686  EPtot      =    -36288.1935
 BOND   =       150.1754  ANGLE   =       413.4574  DIHED      =       614.1576
 1-4 NB =       171.8436  1-4 EEL =      2436.9675  VDWAALS    =      4831.2806
 EELEC  =    -44906.0755  EHBOND  =         0.0000  RESTRAINT  =         0.0000
 ------------------------------------------------------------------------------

wrapping first mol.:      -35.51812       25.11511       43.50064
wrapping first mol.:      -35.51812       25.11511       43.50064

 NSTEP =    46500   TIME(PS) =    3133.000  TEMP(K) =   304.72  PRESS =     0.0
 Etot   =    -28987.0769  EKtot   =      7165.5986  EPtot      =    -36152.6755
 BOND   =       155.3950  ANGLE   =       420.8644  DIHED      =       622.2569
 1-4 NB =       177.2057  1-4 EEL =      2422.2618  VDWAALS    =      4872.8542
 EELEC  =    -44823.5135  EHBOND  =         0.0000  RESTRAINT  =         0.0000
 ------------------------------------------------------------------------------

wrapping first mol.:      -35.51812       25.11511       43.50064
wrapping first mol.:      -35.51812       25.11511       43.50064

 NSTEP =    47000   TIME(PS) =    3134.000  TEMP(K) =   300.60  PRESS =     0.0
 Etot   =    -29171.2332  EKtot   =      7068.6504  EPtot      =    -36239.8836
 BOND   =       144.4732  ANGLE   =       389.9561  DIHED      =       616.2318
 1-4 NB =       175.0064  1-4 EEL =      2433.6568  VDWAALS    =      4724.2330
 EELEC  =    -44723.4408  EHBOND  =         0.0000  RESTRAINT  =         0.0000
 ------------------------------------------------------------------------------

wrapping first mol.:      -35.51812       25.11511       43.50064
wrapping first mol.:      -35.51812       25.11511       43.50064

 NSTEP =    47500   TIME(PS) =    3135.000  TEMP(K) =   294.61  PRESS =     0.0
 Etot   =    -29273.3386  EKtot   =      6927.8071  EPtot      =    -36201.1457
 BOND   =       126.4048  ANGLE   =       407.6017  DIHED      =       624.4570
 1-4 NB =       174.7915  1-4 EEL =      2473.6785  VDWAALS    =      4827.6579
 EELEC  =    -44835.7370  EHBOND  =         0.0000  RESTRAINT  =         0.0000
 ------------------------------------------------------------------------------

wrapping first mol.:      -35.51812       25.11511       43.50064
wrapping first mol.:      -35.51812       25.11511       43.50064

 NSTEP =    48000   TIME(PS) =    3136.000  TEMP(K) =   298.91  PRESS =     0.0
 Etot   =    -29225.1227  EKtot   =      7028.9492  EPtot      =    -36254.0719
 BOND   =       165.3989  ANGLE   =       399.5876  DIHED      =       611.8378
 1-4 NB =       180.6327  1-4 EEL =      2472.7614  VDWAALS    =      4805.4596
 EELEC  =    -44889.7498  EHBOND  =         0.0000  RESTRAINT  =         0.0000
 ------------------------------------------------------------------------------

wrapping first mol.:      -35.51812       25.11511       43.50064
wrapping first mol.:      -35.51812       25.11511       43.50064

 NSTEP =    48500   TIME(PS) =    3137.000  TEMP(K) =   305.07  PRESS =     0.0
 Etot   =    -29038.0480  EKtot   =      7173.7563  EPtot      =    -36211.8044
 BOND   =       154.6678  ANGLE   =       409.1148  DIHED      =       618.1800
 1-4 NB =       166.5267  1-4 EEL =      2452.1738  VDWAALS    =      4774.3200
 EELEC  =    -44786.7875  EHBOND  =         0.0000  RESTRAINT  =         0.0000
 ------------------------------------------------------------------------------

wrapping first mol.:      -35.51812       25.11511       43.50064
wrapping first mol.:      -35.51812       25.11511       43.50064

 NSTEP =    49000   TIME(PS) =    3138.000  TEMP(K) =   295.29  PRESS =     0.0
 Etot   =    -29267.7257  EKtot   =      6943.7734  EPtot      =    -36211.4992
 BOND   =       149.7085  ANGLE   =       401.3602  DIHED      =       623.2339
 1-4 NB =       172.9410  1-4 EEL =      2470.7510  VDWAALS    =      4741.2403
 EELEC  =    -44770.7342  EHBOND  =         0.0000  RESTRAINT  =         0.0000
 ------------------------------------------------------------------------------

wrapping first mol.:      -35.51812       25.11511       43.50064
wrapping first mol.:      -35.51812       25.11511       43.50064

 NSTEP =    49500   TIME(PS) =    3139.000  TEMP(K) =   298.44  PRESS =     0.0
 Etot   =    -29242.4658  EKtot   =      7018.0371  EPtot      =    -36260.5029
 BOND   =       146.1357  ANGLE   =       410.9551  DIHED      =       617.5752
 1-4 NB =       174.8735  1-4 EEL =      2438.8423  VDWAALS    =      4689.1176
 EELEC  =    -44738.0023  EHBOND  =         0.0000  RESTRAINT  =         0.0000
 ------------------------------------------------------------------------------

wrapping first mol.:      -35.51812       25.11511       43.50064
wrapping first mol.:      -35.51812       25.11511       43.50064

 NSTEP =    50000   TIME(PS) =    3140.000  TEMP(K) =   299.81  PRESS =     0.0
 Etot   =    -29050.3559  EKtot   =      7050.1978  EPtot      =    -36100.5537
 BOND   =       147.9505  ANGLE   =       415.7679  DIHED      =       624.6298
 1-4 NB =       170.7501  1-4 EEL =      2440.6299  VDWAALS    =      4733.9964
 EELEC  =    -44634.2784  EHBOND  =         0.0000  RESTRAINT  =         0.0000
 ------------------------------------------------------------------------------


      A V E R A G E S   O V E R     100 S T E P S


 NSTEP =    50000   TIME(PS) =    3140.000  TEMP(K) =   300.10  PRESS =     0.0
 Etot   =    -29096.5584  EKtot   =      7056.9860  EPtot      =    -36153.5444
 BOND   =       153.1491  ANGLE   =       406.8217  DIHED      =       625.8127
 1-4 NB =       175.6619  1-4 EEL =      2447.3732  VDWAALS    =      4737.6626
 EELEC  =    -44700.0257  EHBOND  =         0.0000  RESTRAINT  =         0.0000
 ------------------------------------------------------------------------------


      R M S  F L U C T U A T I O N S


 NSTEP =    50000   TIME(PS) =    3140.000  TEMP(K) =     2.69  PRESS =     0.0
 Etot   =       113.3446  EKtot   =        63.2010  EPtot      =        87.8031
 BOND   =        11.0985  ANGLE   =        14.2848  DIHED      =         9.7530
 1-4 NB =         5.6621  1-4 EEL =        16.2542  VDWAALS    =        85.7868
 EELEC  =       145.5323  EHBOND  =         0.0000  RESTRAINT  =         0.0000
 ------------------------------------------------------------------------------

--------------------------------------------------------------------------------
   5.  TIMINGS
--------------------------------------------------------------------------------

|  NonSetup CPU Time in Major Routines:
|
|     Routine           Sec        %
|     ------------------------------
|     Nonbond           3.28    6.73
|     Bond              0.00    0.00
|     Angle             0.00    0.00
|     Dihedral          0.00    0.00
|     Shake             0.26    0.53
|     RunMD            45.12   92.68
|     Other             0.03    0.07
|     ------------------------------
|     Total            48.68

|  PME Nonbond Pairlist CPU Time:
|
|     Routine              Sec        %
|     ---------------------------------
|     Set Up Cit           0.00    0.00
|     Build List           0.00    0.00
|     ---------------------------------
|     Total                0.00    0.00

|  PME Direct Force CPU Time:
|
|     Routine              Sec        %
|     ---------------------------------
|     NonBonded Calc       0.00    0.00
|     Exclude Masked       0.00    0.00
|     Other                0.02    0.04
|     ---------------------------------
|     Total                0.02    0.04

|  PME Reciprocal Force CPU Time:
|
|     Routine              Sec        %
|     ---------------------------------
|     1D bspline           0.00    0.00
|     Grid Charges         0.00    0.00
|     Scalar Sum           0.00    0.00
|     Gradient Sum         0.00    0.00
|     FFT                  0.00    0.00
|     ---------------------------------
|     Total                0.00    0.00

|  Final Performance Info:
|     -----------------------------------------------------
|     Average timings for last   49500 steps:
|     Elapsed(s) =      48.20 Per Step(ms) =       0.97
|         ns/day =     177.47   seconds/ns =     486.84
|
|     Average timings for all steps:
|     Elapsed(s) =      48.69 Per Step(ms) =       0.97
|         ns/day =     177.47   seconds/ns =     486.85
|     -----------------------------------------------------

|  Setup CPU time:            0.42 seconds
|  NonSetup CPU time:        48.68 seconds
|  Total CPU time:           49.10 seconds     0.01 hours

|  Setup wall time:           1    seconds
|  NonSetup wall time:       48    seconds
|  Total wall time:          49    seconds     0.01 hours
