
          -------------------------------------------------------
          Amber 16 PMEMD                              2016
          -------------------------------------------------------

| PMEMD implementation of SANDER, Release 16

| Run on 06/20/2017 at 00:05:25

|   Executable path: pmemd.cuda
| Working directory: /home/german/alex/run/3rm/mhe/e
|          Hostname: Unknown
  [-O]verwriting output

File Assignments:
|   MDIN: 4equ.in                                                               
|  MDOUT: 4equ.out                                                              
| INPCRD: 3e3rm.rst7                                                            
|   PARM: /home/german/alex/top_files/3rm.prmtop                                
| RESTRT: 4e3rm.rst7                                                            
|   REFC: 3e3rm.rst7                                                            
|  MDVEL: mdvel                                                                 
|   MDEN: mden                                                                  
|  MDCRD: 4e3rm.nc                                                              
| MDINFO: mdinfo                                                                
|  MDFRC: mdfrc                                                                 


 Here is the input file:

Equilibration with solute restrictions                                         
&cntrl                                                                         
imin = 0,                           ! No Minimization                          
nmropt = 0,                         ! No NMR restraints read                   
                                                                               
! Nature and format of the input                                               
ntx = 5,                            ! Coordinates but no velocities will be rea
irest = 1,                          ! Do not run a new simulation              
                                                                               
! Nature and format of the output                                              
ntxo = 1,                           ! rstrt file in ASCII format               
ntpr = 500,                         ! inf in output every ntpr steps           
ntwr = 500,                         ! rstrt file every ntwr steps              
ntwx = 500,                         ! mdcrd file every ntwx steps              
ntwv = 0,                           ! mdvel without velocities                 
ntwe = 0,                           ! Energies and temperatures not written in 
idecomp = 0,                        ! No energy decomposition                  
iwrap = 1,                          ! Coordinates of the restart and mdcrd file
                                                                               
! Frozen or restrained atoms                                                   
ibelly = 0,                         ! No frozen atoms                          
ntr=1,                              ! Harmonic potential restraints            
restraint_wt = 20.0,                ! The weight for the positional restraints 
restraintmask = ':1-49@N,CA,C,O',  ! restrained residues                       
                                                                               
! Molecular dynamics                                                           
nstlim = 50000,                     ! Number of MD-steps                       
dt = 0.002,                         ! Time step                                
                                                                               
! Temperature regulation                                                       
ntt = 3,                            ! Langevin thermostat                      
gamma_ln = 5,                       ! Gamma constant for Langevin              
!temp0 = 300.0,                     ! Reference T at which the system is to be 
tempi = 300.0,                      ! Initial T                                
ig = -1,                            ! Seed for the RNG                         
                                                                               
! P and V regulation                                                           
ntp = 1,                            ! Constant P. Isotropic scaling            
barostat = 1,                       ! Berendsen barostat                       
taup = 1,                           ! Pressure relaxation time                 
nrespa = 1,                         ! Evaluate at each step                    
ntb = 2,                            ! Periodic box for constant P              
                                                                               
! SHAKE variables                                                              
ntc = 2,                            ! Bonds involving H are constrained        
ntf = 2,                            ! Bond interaction involving H are ommited.
                                                                               
cut = 10.0,                         ! Nonbonded cutoff                         
/                                                                              
&end                                                                           


Note: ig = -1. Setting random seed to   280354 based on wallclock time in 
      microseconds.
 
|--------------------- INFORMATION ----------------------
| GPU (CUDA) Version of PMEMD in use: NVIDIA GPU IN USE.
|                    Version 16.0.0
| 
|                      02/25/2016
| 
| Implementation by:
|                    Ross C. Walker     (SDSC)
|                    Scott Le Grand     (nVIDIA)
| 
| Precision model in use:
|      [SPFP] - Single Precision Forces, 64-bit Fixed Point
|               Accumulation. (Default)
| 
|--------------------------------------------------------
 
|----------------- CITATION INFORMATION -----------------
|
|    When publishing work that utilized the CUDA version
|    of AMBER, please cite the following in addition to
|    the regular AMBER citations:
|
|  - Romelia Salomon-Ferrer; Andreas W. Goetz; Duncan
|    Poole; Scott Le Grand; Ross C. Walker "Routine
|    microsecond molecular dynamics simulations with
|    AMBER - Part II: Particle Mesh Ewald", J. Chem.
|    Theory Comput., 2013, 9 (9), pp3878-3888,
|    DOI: 10.1021/ct400314y.
|
|  - Andreas W. Goetz; Mark J. Williamson; Dong Xu;
|    Duncan Poole; Scott Le Grand; Ross C. Walker
|    "Routine microsecond molecular dynamics simulations
|    with AMBER - Part I: Generalized Born", J. Chem.
|    Theory Comput., 2012, 8 (5), pp1542-1555.
|
|  - Scott Le Grand; Andreas W. Goetz; Ross C. Walker
|    "SPFP: Speed without compromise - a mixed precision
|    model for GPU accelerated molecular dynamics
|    simulations.", Comp. Phys. Comm., 2013, 184
|    pp374-380, DOI: 10.1016/j.cpc.2012.09.022
|
|--------------------------------------------------------
 
|------------------- GPU DEVICE INFO --------------------
|
|            CUDA_VISIBLE_DEVICES: 1
|   CUDA Capable Devices Detected:      1
|           CUDA Device ID in use:      0
|                CUDA Device Name: GeForce GTX 1060 6GB
|     CUDA Device Global Mem Size:   6072 MB
| CUDA Device Num Multiprocessors:     10
|           CUDA Device Core Freq:   1.76 GHz
|
|--------------------------------------------------------
 
 
| Conditional Compilation Defines Used:
| PUBFFT
| BINTRAJ
| CUDA
| EMIL

| Largest sphere to fit in unit cell has radius =    21.759

| New format PARM file being parsed.
| Version =    1.000 Date = 06/17/17 Time = 14:32:14

| Note: 1-4 EEL scale factors are being read from the topology file.

| Note: 1-4 VDW scale factors are being read from the topology file.
| Duplicated    0 dihedrals

| Duplicated    0 dihedrals

--------------------------------------------------------------------------------
   1.  RESOURCE   USE: 
--------------------------------------------------------------------------------

 getting new box info from bottom of inpcrd
 NATOM  =   11635 NTYPES =      17 NBONH =   11238 MBONA  =     402
 NTHETH =     874 MTHETA =     539 NPHIH =    1768 MPHIA  =    1688
 NHPARM =       0 NPARM  =       0 NNB   =   18755 NRES   =    3670
 NBONA  =     402 NTHETA =     539 NPHIA =    1688 NUMBND =      69
 NUMANG =     154 NPTRA  =     196 NATYP =      37 NPHB   =       1
 IFBOX  =       2 NMXRS  =      25 IFCAP =       0 NEXTRA =       0
 NCOPY  =       0

| Coordinate Index Table dimensions:     8    8    8
| Direct force subcell size =     6.6623    6.6623    6.6623

     BOX TYPE: TRUNCATED OCTAHEDRON

--------------------------------------------------------------------------------
   2.  CONTROL  DATA  FOR  THE  RUN
--------------------------------------------------------------------------------

default_name                                                                    

General flags:
     imin    =       0, nmropt  =       0

Nature and format of input:
     ntx     =       5, irest   =       1, ntrx    =       1

Nature and format of output:
     ntxo    =       1, ntpr    =     500, ntrx    =       1, ntwr    =     500
     iwrap   =       1, ntwx    =     500, ntwv    =       0, ntwe    =       0
     ioutfm  =       1, ntwprt  =       0, idecomp =       0, rbornstat=      0

Potential function:
     ntf     =       2, ntb     =       2, igb     =       0, nsnb    =      25
     ipol    =       0, gbsa    =       0, iesp    =       0
     dielc   =   1.00000, cut     =  10.00000, intdiel =   1.00000

Frozen or restrained atoms:
     ibelly  =       0, ntr     =       1
     restraint_wt =  20.00000

Molecular dynamics:
     nstlim  =     50000, nscm    =         0, nrespa  =         1
     t       =   0.00000, dt      =   0.00200, vlimit  =  -1.00000

Langevin dynamics temperature regulation:
     ig      =  280354
     temp0   = 300.00000, tempi   = 300.00000, gamma_ln=   5.00000

Pressure regulation:
     ntp     =       1
     pres0   =   1.00000, comp    =  44.60000, taup    =   1.00000

SHAKE:
     ntc     =       2, jfastw  =       0
     tol     =   0.00001

| Intermolecular bonds treatment:
|     no_intermolecular_bonds =       1

| Energy averages sample interval:
|     ene_avg_sampling =     500

Ewald parameters:
     verbose =       0, ew_type =       0, nbflag  =       1, use_pme =       1
     vdwmeth =       1, eedmeth =       1, netfrc  =       1
     Box X =   53.298   Box Y =   53.298   Box Z =   53.298
     Alpha =  109.471   Beta  =  109.471   Gamma =  109.471
     NFFT1 =   56       NFFT2 =   56       NFFT3 =   56
     Cutoff=   10.000   Tol   =0.100E-04
     Ewald Coefficient =  0.27511
     Interpolation order =    4

    LOADING THE CONSTRAINED ATOMS AS GROUPS


   5.  REFERENCE ATOM COORDINATES

  default_name                                                                    
     Mask :1-49@N,CA,C,O; matches   196 atoms

--------------------------------------------------------------------------------
   3.  ATOMIC COORDINATES AND VELOCITIES
--------------------------------------------------------------------------------

default_name                                                                    
 begin time read from input coords =   440.000 ps

 
 Number of triangulated 3-point waters found:     3618

     Sum of charges from parm topology file =  -0.00000003
     Forcing neutrality...

| Dynamic Memory, Types Used:
| Reals              642671
| Integers           365176

| Nonbonded Pairs Initial Allocation:     3519296

| GPU memory information (estimate):
| KB of GPU memory in use:     85536
| KB of CPU memory in use:     17664

--------------------------------------------------------------------------------
   4.  RESULTS
--------------------------------------------------------------------------------

 ---------------------------------------------------
 APPROXIMATING switch and d/dx switch using CUBIC SPLINE INTERPOLATION
 using   5000.0 points per unit in tabled values
 TESTING RELATIVE ERROR over r ranging from 0.0 to cutoff
| CHECK switch(x): max rel err =   0.2738E-14   at   2.422500
| CHECK d/dx switch(x): max rel err =   0.8314E-11   at   2.736960
 ---------------------------------------------------
|---------------------------------------------------
| APPROXIMATING direct energy using CUBIC SPLINE INTERPOLATION
|  with   50.0 points per unit in tabled values
| Relative Error Limit not exceeded for r .gt.   2.33
| APPROXIMATING direct force using CUBIC SPLINE INTERPOLATION
|  with   50.0 points per unit in tabled values
| Relative Error Limit not exceeded for r .gt.   2.80
|---------------------------------------------------
wrapping first mol.:       17.77914       25.14350       43.54982
wrapping first mol.:       17.77914       25.14350       43.54982

 NSTEP =      500   TIME(PS) =     441.000  TEMP(K) =   301.84  PRESS =  -163.1
 Etot   =    -28894.2861  EKtot   =      7097.8760  EPtot      =    -35992.1621
 BOND   =       144.3511  ANGLE   =       394.1878  DIHED      =       617.5949
 1-4 NB =       177.5290  1-4 EEL =      2458.7911  VDWAALS    =      4670.5583
 EELEC  =    -44516.6294  EHBOND  =         0.0000  RESTRAINT  =        61.4550
 EAMBER (non-restraint)  =    -36053.6171
 EKCMT  =      3251.2244  VIRIAL  =      3662.4534  VOLUME     =    116810.1365
                                                    Density    =         1.0084
 ------------------------------------------------------------------------------

wrapping first mol.:       17.78588       25.15303       43.56631
wrapping first mol.:       17.78588       25.15303       43.56631

 NSTEP =     1000   TIME(PS) =     442.000  TEMP(K) =   297.58  PRESS =   129.0
 Etot   =    -29220.7932  EKtot   =      6997.6729  EPtot      =    -36218.4661
 BOND   =       138.6586  ANGLE   =       380.1482  DIHED      =       623.4841
 1-4 NB =       182.0083  1-4 EEL =      2460.4343  VDWAALS    =      4847.4981
 EELEC  =    -44910.3096  EHBOND  =         0.0000  RESTRAINT  =        59.6118
 EAMBER (non-restraint)  =    -36278.0779
 EKCMT  =      3191.7962  VIRIAL  =      2866.1049  VOLUME     =    116939.8313
                                                    Density    =         1.0073
 ------------------------------------------------------------------------------

wrapping first mol.:       17.78052       25.14544       43.55318
wrapping first mol.:       17.78052       25.14544       43.55318

 NSTEP =     1500   TIME(PS) =     443.000  TEMP(K) =   297.44  PRESS =    91.4
 Etot   =    -28907.5620  EKtot   =      6994.5439  EPtot      =    -35902.1060
 BOND   =       154.8329  ANGLE   =       369.4569  DIHED      =       626.8074
 1-4 NB =       174.4055  1-4 EEL =      2456.4081  VDWAALS    =      4707.0344
 EELEC  =    -44451.9441  EHBOND  =         0.0000  RESTRAINT  =        60.8930
 EAMBER (non-restraint)  =    -35962.9989
 EKCMT  =      3212.6870  VIRIAL  =      2982.1394  VOLUME     =    116834.5251
                                                    Density    =         1.0082
 ------------------------------------------------------------------------------

wrapping first mol.:       17.75462       25.10882       43.48975
wrapping first mol.:       17.75462       25.10882       43.48975

 NSTEP =     2000   TIME(PS) =     444.000  TEMP(K) =   300.77  PRESS =    75.4
 Etot   =    -29065.0494  EKtot   =      7072.7671  EPtot      =    -36137.8165
 BOND   =       142.5188  ANGLE   =       406.4866  DIHED      =       627.4339
 1-4 NB =       173.2469  1-4 EEL =      2455.3365  VDWAALS    =      4734.5960
 EELEC  =    -44732.6161  EHBOND  =         0.0000  RESTRAINT  =        55.1811
 EAMBER (non-restraint)  =    -36192.9975
 EKCMT  =      3263.1296  VIRIAL  =      3073.7934  VOLUME     =    116324.9568
                                                    Density    =         1.0126
 ------------------------------------------------------------------------------

wrapping first mol.:       17.77869       25.14286       43.54871
wrapping first mol.:       17.77869       25.14286       43.54871

 NSTEP =     2500   TIME(PS) =     445.000  TEMP(K) =   298.31  PRESS =    38.1
 Etot   =    -29034.5404  EKtot   =      7014.8535  EPtot      =    -36049.3939
 BOND   =       157.0073  ANGLE   =       401.6511  DIHED      =       631.8483
 1-4 NB =       180.3666  1-4 EEL =      2440.7600  VDWAALS    =      4761.3462
 EELEC  =    -44687.2589  EHBOND  =         0.0000  RESTRAINT  =        64.8855
 EAMBER (non-restraint)  =    -36114.2794
 EKCMT  =      3251.1632  VIRIAL  =      3155.1044  VOLUME     =    116799.0707
                                                    Density    =         1.0085
 ------------------------------------------------------------------------------

wrapping first mol.:       17.78660       25.15405       43.56808
wrapping first mol.:       17.78660       25.15405       43.56808

 NSTEP =     3000   TIME(PS) =     446.000  TEMP(K) =   302.12  PRESS =   191.2
 Etot   =    -28888.0411  EKtot   =      7104.4565  EPtot      =    -35992.4977
 BOND   =       158.6767  ANGLE   =       402.0125  DIHED      =       616.0672
 1-4 NB =       174.5968  1-4 EEL =      2425.3886  VDWAALS    =      4788.8379
 EELEC  =    -44620.3981  EHBOND  =         0.0000  RESTRAINT  =        62.3207
 EAMBER (non-restraint)  =    -36054.8184
 EKCMT  =      3270.4587  VIRIAL  =      2787.6511  VOLUME     =    116953.4391
                                                    Density    =         1.0072
 ------------------------------------------------------------------------------

wrapping first mol.:       17.77688       25.14031       43.54428
wrapping first mol.:       17.77688       25.14031       43.54428

 NSTEP =     3500   TIME(PS) =     447.000  TEMP(K) =   302.35  PRESS =  -100.6
 Etot   =    -28814.5411  EKtot   =      7109.8115  EPtot      =    -35924.3527
 BOND   =       149.9204  ANGLE   =       364.9723  DIHED      =       627.1779
 1-4 NB =       186.7739  1-4 EEL =      2454.5833  VDWAALS    =      4615.4514
 EELEC  =    -44384.5112  EHBOND  =         0.0000  RESTRAINT  =        61.2793
 EAMBER (non-restraint)  =    -35985.6320
 EKCMT  =      3241.2433  VIRIAL  =      3494.9524  VOLUME     =    116764.9147
                                                    Density    =         1.0088
 ------------------------------------------------------------------------------

wrapping first mol.:       17.77255       25.13419       43.53369
wrapping first mol.:       17.77255       25.13419       43.53369

 NSTEP =     4000   TIME(PS) =     448.000  TEMP(K) =   297.78  PRESS =  -131.9
 Etot   =    -29066.0181  EKtot   =      7002.4414  EPtot      =    -36068.4595
 BOND   =       142.1675  ANGLE   =       388.1160  DIHED      =       626.7372
 1-4 NB =       177.9771  1-4 EEL =      2452.6121  VDWAALS    =      4659.8177
 EELEC  =    -44576.9507  EHBOND  =         0.0000  RESTRAINT  =        61.0636
 EAMBER (non-restraint)  =    -36129.5231
 EKCMT  =      3233.3895  VIRIAL  =      3565.7710  VOLUME     =    116680.0022
                                                    Density    =         1.0096
 ------------------------------------------------------------------------------

wrapping first mol.:      -35.56331       25.14706       43.55599
wrapping first mol.:      -35.56331       25.14706       43.55599

 NSTEP =     4500   TIME(PS) =     449.000  TEMP(K) =   301.55  PRESS =  -113.9
 Etot   =    -29046.3777  EKtot   =      7090.9683  EPtot      =    -36137.3459
 BOND   =       137.6912  ANGLE   =       405.2330  DIHED      =       624.6156
 1-4 NB =       183.6622  1-4 EEL =      2435.1247  VDWAALS    =      4739.2504
 EELEC  =    -44724.8992  EHBOND  =         0.0000  RESTRAINT  =        61.9762
 EAMBER (non-restraint)  =    -36199.3221
 EKCMT  =      3275.3619  VIRIAL  =      3562.7914  VOLUME     =    116859.2440
                                                    Density    =         1.0080
 ------------------------------------------------------------------------------

wrapping first mol.:      -35.54037       25.13084       43.52790
wrapping first mol.:      -35.54037       25.13084       43.52790

 NSTEP =     5000   TIME(PS) =     450.000  TEMP(K) =   299.57  PRESS =   127.1
 Etot   =    -28962.7058  EKtot   =      7044.5737  EPtot      =    -36007.2795
 BOND   =       145.0458  ANGLE   =       371.4960  DIHED      =       628.8715
 1-4 NB =       174.7965  1-4 EEL =      2442.5785  VDWAALS    =      4681.3681
 EELEC  =    -44520.3227  EHBOND  =         0.0000  RESTRAINT  =        68.8867
 EAMBER (non-restraint)  =    -36076.1662
 EKCMT  =      3151.2701  VIRIAL  =      2831.0906  VOLUME     =    116630.7522
                                                    Density    =         1.0100
 ------------------------------------------------------------------------------

wrapping first mol.:       17.76572       25.12452       43.51693
wrapping first mol.:       17.76572       25.12452       43.51693

 NSTEP =     5500   TIME(PS) =     451.000  TEMP(K) =   303.37  PRESS =  -336.9
 Etot   =    -29018.0486  EKtot   =      7133.9507  EPtot      =    -36151.9993
 BOND   =       138.1077  ANGLE   =       373.5062  DIHED      =       620.5422
 1-4 NB =       182.2564  1-4 EEL =      2469.6578  VDWAALS    =      4632.2548
 EELEC  =    -44633.3267  EHBOND  =         0.0000  RESTRAINT  =        65.0024
 EAMBER (non-restraint)  =    -36217.0017
 EKCMT  =      3242.5188  VIRIAL  =      4090.3128  VOLUME     =    116547.4806
                                                    Density    =         1.0107
 ------------------------------------------------------------------------------

wrapping first mol.:       17.75934       25.11549       43.50131
wrapping first mol.:       17.75934       25.11549       43.50131

 NSTEP =     6000   TIME(PS) =     452.000  TEMP(K) =   304.52  PRESS =   365.7
 Etot   =    -28882.3487  EKtot   =      7160.8057  EPtot      =    -36043.1543
 BOND   =       140.7066  ANGLE   =       384.2756  DIHED      =       617.7662
 1-4 NB =       188.3889  1-4 EEL =      2452.7568  VDWAALS    =      4850.6110
 EELEC  =    -44746.8426  EHBOND  =         0.0000  RESTRAINT  =        69.1831
 EAMBER (non-restraint)  =    -36112.3374
 EKCMT  =      3349.0377  VIRIAL  =      2429.9259  VOLUME     =    116414.6898
                                                    Density    =         1.0119
 ------------------------------------------------------------------------------

wrapping first mol.:       17.76660       25.12576       43.51909
wrapping first mol.:       17.76660       25.12576       43.51909

 NSTEP =     6500   TIME(PS) =     453.000  TEMP(K) =   295.28  PRESS =   159.3
 Etot   =    -28838.8594  EKtot   =      6943.7202  EPtot      =    -35782.5796
 BOND   =       148.8438  ANGLE   =       386.6991  DIHED      =       635.0610
 1-4 NB =       180.8708  1-4 EEL =      2441.6225  VDWAALS    =      4687.7366
 EELEC  =    -44323.3567  EHBOND  =         0.0000  RESTRAINT  =        59.9432
 EAMBER (non-restraint)  =    -35842.5228
 EKCMT  =      3187.5444  VIRIAL  =      2786.6046  VOLUME     =    116559.6358
                                                    Density    =         1.0106
 ------------------------------------------------------------------------------

wrapping first mol.:       17.77845       25.14252       43.54812
wrapping first mol.:       17.77845       25.14252       43.54812

 NSTEP =     7000   TIME(PS) =     454.000  TEMP(K) =   301.25  PRESS =    39.9
 Etot   =    -28965.0211  EKtot   =      7084.0303  EPtot      =    -36049.0513
 BOND   =       135.0203  ANGLE   =       411.3441  DIHED      =       624.8444
 1-4 NB =       179.4526  1-4 EEL =      2450.5966  VDWAALS    =      4772.7484
 EELEC  =    -44685.5698  EHBOND  =         0.0000  RESTRAINT  =        62.5121
 EAMBER (non-restraint)  =    -36111.5634
 EKCMT  =      3244.0028  VIRIAL  =      3143.2665  VOLUME     =    116794.2764
                                                    Density    =         1.0086
 ------------------------------------------------------------------------------

wrapping first mol.:       17.79076       25.15994       43.57829
wrapping first mol.:       17.79076       25.15994       43.57829

 NSTEP =     7500   TIME(PS) =     455.000  TEMP(K) =   299.70  PRESS =    91.5
 Etot   =    -29026.9861  EKtot   =      7047.6289  EPtot      =    -36074.6150
 BOND   =       136.9142  ANGLE   =       414.4852  DIHED      =       633.9967
 1-4 NB =       182.8641  1-4 EEL =      2461.0434  VDWAALS    =      4773.4624
 EELEC  =    -44743.1986  EHBOND  =         0.0000  RESTRAINT  =        65.8175
 EAMBER (non-restraint)  =    -36140.4325
 EKCMT  =      3269.1101  VIRIAL  =      3037.9169  VOLUME     =    117036.6440
                                                    Density    =         1.0065
 ------------------------------------------------------------------------------

wrapping first mol.:       17.78445       25.15101       43.56283
wrapping first mol.:       17.78445       25.15101       43.56283

 NSTEP =     8000   TIME(PS) =     456.000  TEMP(K) =   302.09  PRESS =  -212.3
 Etot   =    -28810.6965  EKtot   =      7103.6841  EPtot      =    -35914.3805
 BOND   =       152.1364  ANGLE   =       376.7046  DIHED      =       634.4684
 1-4 NB =       172.6559  1-4 EEL =      2439.9156  VDWAALS    =      4671.8293
 EELEC  =    -44423.1667  EHBOND  =         0.0000  RESTRAINT  =        61.0760
 EAMBER (non-restraint)  =    -35975.4565
 EKCMT  =      3300.3581  VIRIAL  =      3836.3560  VOLUME     =    116915.3355
                                                    Density    =         1.0075
 ------------------------------------------------------------------------------

wrapping first mol.:       17.77957       25.14410       43.55086
wrapping first mol.:       17.77957       25.14410       43.55086

 NSTEP =     8500   TIME(PS) =     457.000  TEMP(K) =   302.71  PRESS =     8.4
 Etot   =    -28906.8643  EKtot   =      7118.2666  EPtot      =    -36025.1309
 BOND   =       133.7340  ANGLE   =       374.8352  DIHED      =       623.9598
 1-4 NB =       181.5008  1-4 EEL =      2467.9966  VDWAALS    =      4632.3249
 EELEC  =    -44491.7854  EHBOND  =         0.0000  RESTRAINT  =        52.3033
 EAMBER (non-restraint)  =    -36077.4342
 EKCMT  =      3287.8566  VIRIAL  =      3266.7123  VOLUME     =    116816.6827
                                                    Density    =         1.0084
 ------------------------------------------------------------------------------

wrapping first mol.:       17.78711       25.15477       43.56934
wrapping first mol.:       17.78711       25.15477       43.56934

 NSTEP =     9000   TIME(PS) =     458.000  TEMP(K) =   299.94  PRESS =    33.1
 Etot   =    -28968.2530  EKtot   =      7053.3228  EPtot      =    -36021.5758
 BOND   =       145.4888  ANGLE   =       408.0869  DIHED      =       616.2273
 1-4 NB =       177.7489  1-4 EEL =      2443.2360  VDWAALS    =      4683.8054
 EELEC  =    -44558.9255  EHBOND  =         0.0000  RESTRAINT  =        62.7564
 EAMBER (non-restraint)  =    -36084.3322
 EKCMT  =      3203.2946  VIRIAL  =      3119.7203  VOLUME     =    116965.1613
                                                    Density    =         1.0071
 ------------------------------------------------------------------------------

wrapping first mol.:       17.78222       25.14786       43.55736
wrapping first mol.:       17.78222       25.14786       43.55736

 NSTEP =     9500   TIME(PS) =     459.000  TEMP(K) =   300.36  PRESS =  -157.0
 Etot   =    -28960.8423  EKtot   =      7063.2002  EPtot      =    -36024.0425
 BOND   =       155.4903  ANGLE   =       381.2621  DIHED      =       628.4217
 1-4 NB =       181.1272  1-4 EEL =      2464.2137  VDWAALS    =      4631.6471
 EELEC  =    -44545.0795  EHBOND  =         0.0000  RESTRAINT  =        78.8749
 EAMBER (non-restraint)  =    -36102.9175
 EKCMT  =      3259.8852  VIRIAL  =      3656.1227  VOLUME     =    116870.7465
                                                    Density    =         1.0079
 ------------------------------------------------------------------------------

wrapping first mol.:      -35.57620       25.15618       43.57177
wrapping first mol.:      -35.57620       25.15618       43.57177

 NSTEP =    10000   TIME(PS) =     460.000  TEMP(K) =   302.80  PRESS =   240.3
 Etot   =    -28908.0831  EKtot   =      7120.4443  EPtot      =    -36028.5274
 BOND   =       143.4973  ANGLE   =       400.3277  DIHED      =       632.0879
 1-4 NB =       178.7050  1-4 EEL =      2464.9690  VDWAALS    =      4883.2784
 EELEC  =    -44789.3524  EHBOND  =         0.0000  RESTRAINT  =        57.9596
 EAMBER (non-restraint)  =    -36086.4870
 EKCMT  =      3273.6876  VIRIAL  =      2666.7714  VOLUME     =    116982.6275
                                                    Density    =         1.0069
 ------------------------------------------------------------------------------

wrapping first mol.:      -35.58506       25.16244       43.58262
wrapping first mol.:      -35.58506       25.16244       43.58262

 NSTEP =    10500   TIME(PS) =     461.000  TEMP(K) =   301.34  PRESS =   -47.4
 Etot   =    -29052.1070  EKtot   =      7086.0840  EPtot      =    -36138.1910
 BOND   =       136.7086  ANGLE   =       384.3935  DIHED      =       610.2094
 1-4 NB =       170.0458  1-4 EEL =      2451.7346  VDWAALS    =      4771.1343
 EELEC  =    -44717.0400  EHBOND  =         0.0000  RESTRAINT  =        54.6228
 EAMBER (non-restraint)  =    -36192.8137
 EKCMT  =      3220.8426  VIRIAL  =      3340.7537  VOLUME     =    117073.0427
                                                    Density    =         1.0062
 ------------------------------------------------------------------------------

wrapping first mol.:       17.79247       25.16236       43.58247
wrapping first mol.:       17.79247       25.16236       43.58247

 NSTEP =    11000   TIME(PS) =     462.000  TEMP(K) =   304.08  PRESS =   481.7
 Etot   =    -28905.8232  EKtot   =      7150.4946  EPtot      =    -36056.3178
 BOND   =       161.0692  ANGLE   =       380.8847  DIHED      =       615.9816
 1-4 NB =       176.7972  1-4 EEL =      2423.6916  VDWAALS    =      4962.4081
 EELEC  =    -44841.6999  EHBOND  =         0.0000  RESTRAINT  =        64.5496
 EAMBER (non-restraint)  =    -36120.8675
 EKCMT  =      3240.7999  VIRIAL  =      2023.2623  VOLUME     =    117066.3239
                                                    Density    =         1.0062
 ------------------------------------------------------------------------------

wrapping first mol.:       17.79187       25.16150       43.58099
wrapping first mol.:       17.79187       25.16150       43.58099

 NSTEP =    11500   TIME(PS) =     463.000  TEMP(K) =   300.69  PRESS =    64.6
 Etot   =    -28925.2753  EKtot   =      7070.7583  EPtot      =    -35996.0336
 BOND   =       150.0594  ANGLE   =       402.8876  DIHED      =       619.0276
 1-4 NB =       178.2039  1-4 EEL =      2440.0143  VDWAALS    =      4767.5646
 EELEC  =    -44611.4273  EHBOND  =         0.0000  RESTRAINT  =        57.6364
 EAMBER (non-restraint)  =    -36053.6700
 EKCMT  =      3258.4245  VIRIAL  =      3095.2203  VOLUME     =    117058.7263
                                                    Density    =         1.0063
 ------------------------------------------------------------------------------

wrapping first mol.:       17.79429       25.16492       43.58692
wrapping first mol.:       17.79429       25.16492       43.58692

 NSTEP =    12000   TIME(PS) =     464.000  TEMP(K) =   297.27  PRESS =    -4.5
 Etot   =    -29189.0875  EKtot   =      6990.4873  EPtot      =    -36179.5748
 BOND   =       143.6632  ANGLE   =       378.3793  DIHED      =       619.5769
 1-4 NB =       180.1139  1-4 EEL =      2430.4366  VDWAALS    =      4771.1333
 EELEC  =    -44761.1708  EHBOND  =         0.0000  RESTRAINT  =        58.2928
 EAMBER (non-restraint)  =    -36237.8676
 EKCMT  =      3208.7340  VIRIAL  =      3220.1675  VOLUME     =    117107.2675
                                                    Density    =         1.0059
 ------------------------------------------------------------------------------

wrapping first mol.:       17.80092       25.17430       43.60316
wrapping first mol.:       17.80092       25.17430       43.60316

 NSTEP =    12500   TIME(PS) =     465.000  TEMP(K) =   301.11  PRESS =    27.2
 Etot   =    -29043.7770  EKtot   =      7080.7852  EPtot      =    -36124.5622
 BOND   =       141.9273  ANGLE   =       387.5179  DIHED      =       623.9546
 1-4 NB =       185.0274  1-4 EEL =      2425.6164  VDWAALS    =      4726.2471
 EELEC  =    -44677.1980  EHBOND  =         0.0000  RESTRAINT  =        62.3449
 EAMBER (non-restraint)  =    -36186.9071
 EKCMT  =      3271.2595  VIRIAL  =      3202.4488  VOLUME     =    117237.8674
                                                    Density    =         1.0048
 ------------------------------------------------------------------------------

wrapping first mol.:      -35.59637       25.17044       43.59647
wrapping first mol.:      -35.59637       25.17044       43.59647

 NSTEP =    13000   TIME(PS) =     466.000  TEMP(K) =   301.76  PRESS =  -112.7
 Etot   =    -28969.5818  EKtot   =      7096.0347  EPtot      =    -36065.6164
 BOND   =       158.9361  ANGLE   =       397.4449  DIHED      =       623.4664
 1-4 NB =       173.7460  1-4 EEL =      2438.1953  VDWAALS    =      4657.7052
 EELEC  =    -44575.9676  EHBOND  =         0.0000  RESTRAINT  =        60.8573
 EAMBER (non-restraint)  =    -36126.4737
 EKCMT  =      3333.3908  VIRIAL  =      3618.6587  VOLUME     =    117185.3768
                                                    Density    =         1.0052
 ------------------------------------------------------------------------------

wrapping first mol.:       17.80272       25.17685       43.60758
wrapping first mol.:       17.80272       25.17685       43.60758

 NSTEP =    13500   TIME(PS) =     467.000  TEMP(K) =   303.14  PRESS =    38.1
 Etot   =    -28937.7310  EKtot   =      7128.4756  EPtot      =    -36066.2066
 BOND   =       168.8401  ANGLE   =       379.6132  DIHED      =       636.3007
 1-4 NB =       176.9437  1-4 EEL =      2440.3502  VDWAALS    =      4720.3807
 EELEC  =    -44665.9194  EHBOND  =         0.0000  RESTRAINT  =        77.2842
 EAMBER (non-restraint)  =    -36143.4908
 EKCMT  =      3272.8702  VIRIAL  =      3176.3526  VOLUME     =    117273.4206
                                                    Density    =         1.0044
 ------------------------------------------------------------------------------

wrapping first mol.:      -35.60669       25.17774       43.60911
wrapping first mol.:      -35.60669       25.17774       43.60911

 NSTEP =    14000   TIME(PS) =     468.000  TEMP(K) =   295.71  PRESS =    12.3
 Etot   =    -28953.0328  EKtot   =      6953.7969  EPtot      =    -35906.8297
 BOND   =       148.1456  ANGLE   =       386.3619  DIHED      =       626.5396
 1-4 NB =       184.4570  1-4 EEL =      2449.6332  VDWAALS    =      4655.8274
 EELEC  =    -44422.3572  EHBOND  =         0.0000  RESTRAINT  =        64.5628
 EAMBER (non-restraint)  =    -35971.3925
 EKCMT  =      3299.2431  VIRIAL  =      3268.2001  VOLUME     =    117286.0419
                                                    Density    =         1.0043
 ------------------------------------------------------------------------------

wrapping first mol.:      -35.58397       25.16167       43.58129
wrapping first mol.:      -35.58397       25.16167       43.58129

 NSTEP =    14500   TIME(PS) =     469.000  TEMP(K) =   302.46  PRESS =    26.0
 Etot   =    -29071.3695  EKtot   =      7112.5283  EPtot      =    -36183.8979
 BOND   =       124.5117  ANGLE   =       394.7979  DIHED      =       619.7653
 1-4 NB =       180.9037  1-4 EEL =      2455.9887  VDWAALS    =      4766.3168
 EELEC  =    -44795.0933  EHBOND  =         0.0000  RESTRAINT  =        68.9114
 EAMBER (non-restraint)  =    -36252.8092
 EKCMT  =      3297.0759  VIRIAL  =      3231.4221  VOLUME     =    117061.5346
                                                    Density    =         1.0063
 ------------------------------------------------------------------------------

wrapping first mol.:       17.79786       25.16997       43.59566
wrapping first mol.:       17.79786       25.16997       43.59566

 NSTEP =    15000   TIME(PS) =     470.000  TEMP(K) =   298.79  PRESS =    12.1
 Etot   =    -29039.3014  EKtot   =      7026.1367  EPtot      =    -36065.4381
 BOND   =       138.1706  ANGLE   =       387.8990  DIHED      =       629.3285
 1-4 NB =       181.6688  1-4 EEL =      2471.2942  VDWAALS    =      4786.3692
 EELEC  =    -44723.0016  EHBOND  =         0.0000  RESTRAINT  =        62.8333
 EAMBER (non-restraint)  =    -36128.2714
 EKCMT  =      3227.3104  VIRIAL  =      3196.8145  VOLUME     =    117177.5352
                                                    Density    =         1.0053
 ------------------------------------------------------------------------------

wrapping first mol.:      -35.58520       25.16254       43.58280
wrapping first mol.:      -35.58520       25.16254       43.58280

 NSTEP =    15500   TIME(PS) =     471.000  TEMP(K) =   300.92  PRESS =   287.4
 Etot   =    -29073.0398  EKtot   =      7076.2285  EPtot      =    -36149.2683
 BOND   =       151.9600  ANGLE   =       400.2275  DIHED      =       621.0538
 1-4 NB =       172.6621  1-4 EEL =      2441.1500  VDWAALS    =      4936.9612
 EELEC  =    -44925.2296  EHBOND  =         0.0000  RESTRAINT  =        51.9467
 EAMBER (non-restraint)  =    -36201.2150
 EKCMT  =      3219.2957  VIRIAL  =      2492.7359  VOLUME     =    117070.9379
                                                    Density    =         1.0062
 ------------------------------------------------------------------------------

wrapping first mol.:      -35.57179       25.15306       43.56638
wrapping first mol.:      -35.57179       25.15306       43.56638

 NSTEP =    16000   TIME(PS) =     472.000  TEMP(K) =   299.59  PRESS =    17.4
 Etot   =    -28996.7052  EKtot   =      7045.0112  EPtot      =    -36041.7165
 BOND   =       147.1263  ANGLE   =       374.5168  DIHED      =       623.3362
 1-4 NB =       175.4195  1-4 EEL =      2465.1452  VDWAALS    =      4695.8218
 EELEC  =    -44588.5521  EHBOND  =         0.0000  RESTRAINT  =        65.4699
 EAMBER (non-restraint)  =    -36107.1864
 EKCMT  =      3251.4817  VIRIAL  =      3207.4976  VOLUME     =    116941.4994
                                                    Density    =         1.0073
 ------------------------------------------------------------------------------

wrapping first mol.:       17.78770       25.15561       43.57079
wrapping first mol.:       17.78770       25.15561       43.57079

 NSTEP =    16500   TIME(PS) =     473.000  TEMP(K) =   297.77  PRESS =  -183.2
 Etot   =    -28976.4886  EKtot   =      7002.2051  EPtot      =    -35978.6937
 BOND   =       133.3503  ANGLE   =       377.9181  DIHED      =       634.9214
 1-4 NB =       179.5700  1-4 EEL =      2472.1067  VDWAALS    =      4638.0824
 EELEC  =    -44471.3245  EHBOND  =         0.0000  RESTRAINT  =        56.6820
 EAMBER (non-restraint)  =    -36035.3757
 EKCMT  =      3224.4240  VIRIAL  =      3687.0484  VOLUME     =    116979.1095
                                                    Density    =         1.0070
 ------------------------------------------------------------------------------

wrapping first mol.:       17.79972       25.17261       43.60023
wrapping first mol.:       17.79972       25.17261       43.60023

 NSTEP =    17000   TIME(PS) =     474.000  TEMP(K) =   301.56  PRESS =    50.1
 Etot   =    -29013.2710  EKtot   =      7091.3423  EPtot      =    -36104.6133
 BOND   =       150.9401  ANGLE   =       369.6575  DIHED      =       617.8370
 1-4 NB =       178.5570  1-4 EEL =      2449.8826  VDWAALS    =      4870.9528
 EELEC  =    -44802.4435  EHBOND  =         0.0000  RESTRAINT  =        60.0034
 EAMBER (non-restraint)  =    -36164.6166
 EKCMT  =      3344.6138  VIRIAL  =      3217.7003  VOLUME     =    117213.9748
                                                    Density    =         1.0050
 ------------------------------------------------------------------------------

wrapping first mol.:       17.78214       25.14774       43.55716
wrapping first mol.:       17.78214       25.14774       43.55716

 NSTEP =    17500   TIME(PS) =     475.000  TEMP(K) =   302.09  PRESS =  -115.0
 Etot   =    -28985.2679  EKtot   =      7103.8838  EPtot      =    -36089.1517
 BOND   =       150.8223  ANGLE   =       401.3314  DIHED      =       626.4740
 1-4 NB =       182.2723  1-4 EEL =      2467.3458  VDWAALS    =      4689.1246
 EELEC  =    -44669.0765  EHBOND  =         0.0000  RESTRAINT  =        62.5543
 EAMBER (non-restraint)  =    -36151.7060
 EKCMT  =      3246.0946  VIRIAL  =      3536.3265  VOLUME     =    116868.6881
                                                    Density    =         1.0079
 ------------------------------------------------------------------------------

wrapping first mol.:       17.78555       25.15257       43.56552
wrapping first mol.:       17.78555       25.15257       43.56552

 NSTEP =    18000   TIME(PS) =     476.000  TEMP(K) =   301.93  PRESS =   -45.7
 Etot   =    -28923.1524  EKtot   =      7100.0073  EPtot      =    -36023.1597
 BOND   =       156.1674  ANGLE   =       390.4871  DIHED      =       630.3634
 1-4 NB =       179.1346  1-4 EEL =      2461.1808  VDWAALS    =      4745.4952
 EELEC  =    -44648.7047  EHBOND  =         0.0000  RESTRAINT  =        62.7165
 EAMBER (non-restraint)  =    -36085.8762
 EKCMT  =      3216.6357  VIRIAL  =      3331.9333  VOLUME     =    116935.2356
                                                    Density    =         1.0074
 ------------------------------------------------------------------------------

wrapping first mol.:       17.80057       25.17380       43.60230
wrapping first mol.:       17.80057       25.17380       43.60230

 NSTEP =    18500   TIME(PS) =     477.000  TEMP(K) =   302.82  PRESS =  -397.3
 Etot   =    -28991.4339  EKtot   =      7120.9609  EPtot      =    -36112.3949
 BOND   =       130.3068  ANGLE   =       412.9551  DIHED      =       620.4401
 1-4 NB =       189.7806  1-4 EEL =      2452.1207  VDWAALS    =      4647.6424
 EELEC  =    -44619.1562  EHBOND  =         0.0000  RESTRAINT  =        53.5157
 EAMBER (non-restraint)  =    -36165.9105
 EKCMT  =      3277.0628  VIRIAL  =      4282.6755  VOLUME     =    117235.3715
                                                    Density    =         1.0048
 ------------------------------------------------------------------------------

wrapping first mol.:       17.78574       25.15284       43.56599
wrapping first mol.:       17.78574       25.15284       43.56599

 NSTEP =    19000   TIME(PS) =     478.000  TEMP(K) =   300.31  PRESS =    -1.0
 Etot   =    -29001.4196  EKtot   =      7061.8950  EPtot      =    -36063.3146
 BOND   =       144.1565  ANGLE   =       383.6686  DIHED      =       635.8007
 1-4 NB =       181.8505  1-4 EEL =      2437.4617  VDWAALS    =      4776.7193
 EELEC  =    -44681.9948  EHBOND  =         0.0000  RESTRAINT  =        59.0229
 EAMBER (non-restraint)  =    -36122.3375
 EKCMT  =      3250.9226  VIRIAL  =      3253.4353  VOLUME     =    116938.6052
                                                    Density    =         1.0073
 ------------------------------------------------------------------------------

wrapping first mol.:       17.80621       25.18179       43.61613
wrapping first mol.:       17.80621       25.18179       43.61613

 NSTEP =    19500   TIME(PS) =     479.000  TEMP(K) =   301.74  PRESS =  -291.0
 Etot   =    -28919.9590  EKtot   =      7095.5044  EPtot      =    -36015.4634
 BOND   =       138.0411  ANGLE   =       391.4042  DIHED      =       621.5633
 1-4 NB =       170.8677  1-4 EEL =      2456.1853  VDWAALS    =      4648.0451
 EELEC  =    -44489.7297  EHBOND  =         0.0000  RESTRAINT  =        48.1596
 EAMBER (non-restraint)  =    -36063.6230
 EKCMT  =      3305.8131  VIRIAL  =      4043.1691  VOLUME     =    117345.8387
                                                    Density    =         1.0038
 ------------------------------------------------------------------------------

wrapping first mol.:       17.79928       25.17198       43.59915
wrapping first mol.:       17.79928       25.17198       43.59915

 NSTEP =    20000   TIME(PS) =     480.000  TEMP(K) =   303.62  PRESS =     7.0
 Etot   =    -28888.0121  EKtot   =      7139.8521  EPtot      =    -36027.8642
 BOND   =       149.8054  ANGLE   =       371.6083  DIHED      =       629.7788
 1-4 NB =       172.0148  1-4 EEL =      2449.8636  VDWAALS    =      4628.7057
 EELEC  =    -44484.3126  EHBOND  =         0.0000  RESTRAINT  =        54.6717
 EAMBER (non-restraint)  =    -36082.5359
 EKCMT  =      3287.8733  VIRIAL  =      3270.0768  VOLUME     =    117205.6782
                                                    Density    =         1.0050
 ------------------------------------------------------------------------------

wrapping first mol.:      -35.60568       25.17702       43.60788
wrapping first mol.:      -35.60568       25.17702       43.60788

 NSTEP =    20500   TIME(PS) =     481.000  TEMP(K) =   296.61  PRESS =   187.0
 Etot   =    -28931.0075  EKtot   =      6974.8809  EPtot      =    -35905.8884
 BOND   =       150.1680  ANGLE   =       412.6037  DIHED      =       628.4101
 1-4 NB =       174.9934  1-4 EEL =      2430.1377  VDWAALS    =      4788.1424
 EELEC  =    -44547.8899  EHBOND  =         0.0000  RESTRAINT  =        57.5462
 EAMBER (non-restraint)  =    -35963.4346
 EKCMT  =      3255.0679  VIRIAL  =      2781.6542  VOLUME     =    117274.2753
                                                    Density    =         1.0044
 ------------------------------------------------------------------------------

wrapping first mol.:       17.80117       25.17465       43.60378
wrapping first mol.:       17.80117       25.17465       43.60378

 NSTEP =    21000   TIME(PS) =     482.000  TEMP(K) =   294.98  PRESS =   105.9
 Etot   =    -29077.7181  EKtot   =      6936.5161  EPtot      =    -36014.2343
 BOND   =       132.5885  ANGLE   =       405.4707  DIHED      =       628.0392
 1-4 NB =       181.4766  1-4 EEL =      2448.8314  VDWAALS    =      4746.2196
 EELEC  =    -44624.1422  EHBOND  =         0.0000  RESTRAINT  =        67.2819
 EAMBER (non-restraint)  =    -36081.5161
 EKCMT  =      3243.4712  VIRIAL  =      2975.3591  VOLUME     =    117242.0088
                                                    Density    =         1.0047
 ------------------------------------------------------------------------------

wrapping first mol.:       17.79092       25.16016       43.57867
wrapping first mol.:       17.79092       25.16016       43.57867

 NSTEP =    21500   TIME(PS) =     483.000  TEMP(K) =   301.23  PRESS =   205.1
 Etot   =    -28856.7031  EKtot   =      7083.6372  EPtot      =    -35940.3403
 BOND   =       138.3732  ANGLE   =       394.7723  DIHED      =       644.3687
 1-4 NB =       179.4813  1-4 EEL =      2446.5939  VDWAALS    =      4809.4515
 EELEC  =    -44617.4611  EHBOND  =         0.0000  RESTRAINT  =        64.0800
 EAMBER (non-restraint)  =    -36004.4203
 EKCMT  =      3321.6225  VIRIAL  =      2803.2815  VOLUME     =    117038.5911
                                                    Density    =         1.0065
 ------------------------------------------------------------------------------

wrapping first mol.:      -35.58983       25.16582       43.58847
wrapping first mol.:      -35.58983       25.16582       43.58847

 NSTEP =    22000   TIME(PS) =     484.000  TEMP(K) =   301.42  PRESS =   -88.8
 Etot   =    -28948.7694  EKtot   =      7087.9458  EPtot      =    -36036.7152
 BOND   =       138.8042  ANGLE   =       374.4486  DIHED      =       619.0193
 1-4 NB =       181.5052  1-4 EEL =      2465.7952  VDWAALS    =      4686.7477
 EELEC  =    -44566.5264  EHBOND  =         0.0000  RESTRAINT  =        63.4911
 EAMBER (non-restraint)  =    -36100.2063
 EKCMT  =      3289.5159  VIRIAL  =      3514.0447  VOLUME     =    117120.5810
                                                    Density    =         1.0058
 ------------------------------------------------------------------------------

wrapping first mol.:       17.77108       25.13211       43.53009
wrapping first mol.:       17.77108       25.13211       43.53009

 NSTEP =    22500   TIME(PS) =     485.000  TEMP(K) =   301.17  PRESS =  -334.9
 Etot   =    -29066.0730  EKtot   =      7082.2598  EPtot      =    -36148.3328
 BOND   =       145.2833  ANGLE   =       403.7370  DIHED      =       627.7128
 1-4 NB =       174.3705  1-4 EEL =      2444.6897  VDWAALS    =      4657.6205
 EELEC  =    -44664.3915  EHBOND  =         0.0000  RESTRAINT  =        62.6450
 EAMBER (non-restraint)  =    -36210.9778
 EKCMT  =      3240.9005  VIRIAL  =      4084.5030  VOLUME     =    116653.1653
                                                    Density    =         1.0098
 ------------------------------------------------------------------------------

wrapping first mol.:       17.76423       25.12241       43.51329
wrapping first mol.:       17.76423       25.12241       43.51329

 NSTEP =    23000   TIME(PS) =     486.000  TEMP(K) =   296.92  PRESS =   380.7
 Etot   =    -29118.8385  EKtot   =      6982.2817  EPtot      =    -36101.1202
 BOND   =       134.5594  ANGLE   =       388.3671  DIHED      =       617.7650
 1-4 NB =       168.4080  1-4 EEL =      2427.5540  VDWAALS    =      4852.3272
 EELEC  =    -44747.3085  EHBOND  =         0.0000  RESTRAINT  =        57.2076
 EAMBER (non-restraint)  =    -36158.3279
 EKCMT  =      3230.0419  VIRIAL  =      2272.4519  VOLUME     =    116510.7424
                                                    Density    =         1.0110
 ------------------------------------------------------------------------------

wrapping first mol.:      -35.57251       25.15357       43.56726
wrapping first mol.:      -35.57251       25.15357       43.56726

 NSTEP =    23500   TIME(PS) =     487.000  TEMP(K) =   298.26  PRESS =  -143.4
 Etot   =    -29031.2879  EKtot   =      7013.7402  EPtot      =    -36045.0282
 BOND   =       139.9247  ANGLE   =       400.5033  DIHED      =       628.0014
 1-4 NB =       179.1216  1-4 EEL =      2456.5660  VDWAALS    =      4683.0192
 EELEC  =    -44594.6858  EHBOND  =         0.0000  RESTRAINT  =        62.5214
 EAMBER (non-restraint)  =    -36107.5496
 EKCMT  =      3190.8829  VIRIAL  =      3553.0531  VOLUME     =    116950.2776
                                                    Density    =         1.0072
 ------------------------------------------------------------------------------

wrapping first mol.:      -35.53156       25.12461       43.51710
wrapping first mol.:      -35.53156       25.12461       43.51710

 NSTEP =    24000   TIME(PS) =     488.000  TEMP(K) =   300.45  PRESS =    67.0
 Etot   =    -28892.6439  EKtot   =      7065.1279  EPtot      =    -35957.7718
 BOND   =       154.7099  ANGLE   =       374.9719  DIHED      =       625.6054
 1-4 NB =       176.9595  1-4 EEL =      2446.4391  VDWAALS    =      4744.1909
 EELEC  =    -44544.6878  EHBOND  =         0.0000  RESTRAINT  =        64.0393
 EAMBER (non-restraint)  =    -36021.8112
 EKCMT  =      3240.5372  VIRIAL  =      3071.8590  VOLUME     =    116544.6557
                                                    Density    =         1.0107
 ------------------------------------------------------------------------------

wrapping first mol.:       17.77374       25.13586       43.53658
wrapping first mol.:       17.77374       25.13586       43.53658

 NSTEP =    24500   TIME(PS) =     489.000  TEMP(K) =   298.33  PRESS =    17.9
 Etot   =    -28997.2847  EKtot   =      7015.3950  EPtot      =    -36012.6798
 BOND   =       171.5446  ANGLE   =       389.8419  DIHED      =       630.4140
 1-4 NB =       184.0939  1-4 EEL =      2435.1821  VDWAALS    =      4745.4012
 EELEC  =    -44633.4157  EHBOND  =         0.0000  RESTRAINT  =        64.2582
 EAMBER (non-restraint)  =    -36076.9379
 EKCMT  =      3262.4268  VIRIAL  =      3217.2151  VOLUME     =    116701.7259
                                                    Density    =         1.0094
 ------------------------------------------------------------------------------

wrapping first mol.:       17.78107       25.14623       43.55454
wrapping first mol.:       17.78107       25.14623       43.55454

 NSTEP =    25000   TIME(PS) =     490.000  TEMP(K) =   301.50  PRESS =   -72.8
 Etot   =    -29049.3356  EKtot   =      7090.0166  EPtot      =    -36139.3522
 BOND   =       149.3415  ANGLE   =       412.3614  DIHED      =       626.2498
 1-4 NB =       175.4207  1-4 EEL =      2439.0963  VDWAALS    =      4730.9052
 EELEC  =    -44725.8169  EHBOND  =         0.0000  RESTRAINT  =        53.0897
 EAMBER (non-restraint)  =    -36192.4419
 EKCMT  =      3300.6636  VIRIAL  =      3484.3973  VOLUME     =    116847.1471
                                                    Density    =         1.0081
 ------------------------------------------------------------------------------

wrapping first mol.:       17.79663       25.16824       43.59266
wrapping first mol.:       17.79663       25.16824       43.59266

 NSTEP =    25500   TIME(PS) =     491.000  TEMP(K) =   294.58  PRESS =     4.5
 Etot   =    -29074.6604  EKtot   =      6927.0684  EPtot      =    -36001.7288
 BOND   =       140.1429  ANGLE   =       416.9872  DIHED      =       639.7354
 1-4 NB =       179.9547  1-4 EEL =      2442.0205  VDWAALS    =      4743.0299
 EELEC  =    -44625.8235  EHBOND  =         0.0000  RESTRAINT  =        62.2242
 EAMBER (non-restraint)  =    -36063.9529
 EKCMT  =      3176.6288  VIRIAL  =      3165.2035  VOLUME     =    117153.4193
                                                    Density    =         1.0055
 ------------------------------------------------------------------------------

wrapping first mol.:       17.79029       25.15927       43.57713
wrapping first mol.:       17.79029       25.15927       43.57713

 NSTEP =    26000   TIME(PS) =     492.000  TEMP(K) =   298.63  PRESS =   -45.7
 Etot   =    -29157.3784  EKtot   =      7022.4062  EPtot      =    -36179.7846
 BOND   =       129.6923  ANGLE   =       388.6075  DIHED      =       640.5663
 1-4 NB =       168.3195  1-4 EEL =      2467.8466  VDWAALS    =      4722.7567
 EELEC  =    -44766.8425  EHBOND  =         0.0000  RESTRAINT  =        69.2690
 EAMBER (non-restraint)  =    -36249.0536
 EKCMT  =      3249.7439  VIRIAL  =      3365.1988  VOLUME     =    117028.7594
                                                    Density    =         1.0065
 ------------------------------------------------------------------------------

wrapping first mol.:      -35.53964       25.13032       43.52700
wrapping first mol.:      -35.53964       25.13032       43.52700

 NSTEP =    26500   TIME(PS) =     493.000  TEMP(K) =   300.08  PRESS =   -65.6
 Etot   =    -28991.9005  EKtot   =      7056.6206  EPtot      =    -36048.5211
 BOND   =       142.2692  ANGLE   =       409.4124  DIHED      =       623.4987
 1-4 NB =       174.8241  1-4 EEL =      2459.0355  VDWAALS    =      4731.5340
 EELEC  =    -44656.3845  EHBOND  =         0.0000  RESTRAINT  =        67.2896
 EAMBER (non-restraint)  =    -36115.8106
 EKCMT  =      3262.1700  VIRIAL  =      3427.4403  VOLUME     =    116625.5266
                                                    Density    =         1.0100
 ------------------------------------------------------------------------------

wrapping first mol.:      -35.55188       25.13898       43.54199
wrapping first mol.:      -35.55188       25.13898       43.54199

 NSTEP =    27000   TIME(PS) =     494.000  TEMP(K) =   299.74  PRESS =   116.5
 Etot   =    -29040.0939  EKtot   =      7048.4980  EPtot      =    -36088.5919
 BOND   =       159.6721  ANGLE   =       379.2135  DIHED      =       640.0396
 1-4 NB =       176.5267  1-4 EEL =      2458.1670  VDWAALS    =      4792.8655
 EELEC  =    -44756.6360  EHBOND  =         0.0000  RESTRAINT  =        61.5598
 EAMBER (non-restraint)  =    -36150.1517
 EKCMT  =      3213.3607  VIRIAL  =      2919.6929  VOLUME     =    116744.1941
                                                    Density    =         1.0090
 ------------------------------------------------------------------------------

wrapping first mol.:       17.78939       25.15800       43.57493
wrapping first mol.:       17.78939       25.15800       43.57493

 NSTEP =    27500   TIME(PS) =     495.000  TEMP(K) =   296.80  PRESS =   127.1
 Etot   =    -29030.1763  EKtot   =      6979.4751  EPtot      =    -36009.6514
 BOND   =       160.8215  ANGLE   =       405.6489  DIHED      =       634.4176
 1-4 NB =       178.1371  1-4 EEL =      2434.2251  VDWAALS    =      4782.4167
 EELEC  =    -44663.8613  EHBOND  =         0.0000  RESTRAINT  =        58.5431
 EAMBER (non-restraint)  =    -36068.1945
 EKCMT  =      3264.0211  VIRIAL  =      2942.9283  VOLUME     =    117009.2632
                                                    Density    =         1.0067
 ------------------------------------------------------------------------------

wrapping first mol.:      -35.58040       25.15915       43.57692
wrapping first mol.:      -35.58040       25.15915       43.57692

 NSTEP =    28000   TIME(PS) =     496.000  TEMP(K) =   303.94  PRESS =  -181.4
 Etot   =    -28994.4309  EKtot   =      7147.1646  EPtot      =    -36141.5955
 BOND   =       139.6717  ANGLE   =       400.9649  DIHED      =       635.5466
 1-4 NB =       177.2465  1-4 EEL =      2477.2340  VDWAALS    =      4638.9074
 EELEC  =    -44670.5459  EHBOND  =         0.0000  RESTRAINT  =        59.3793
 EAMBER (non-restraint)  =    -36200.9748
 EKCMT  =      3312.6250  VIRIAL  =      3771.0212  VOLUME     =    117028.5057
                                                    Density    =         1.0066
 ------------------------------------------------------------------------------

wrapping first mol.:      -35.54602       25.13484       43.53482
wrapping first mol.:      -35.54602       25.13484       43.53482

 NSTEP =    28500   TIME(PS) =     497.000  TEMP(K) =   297.57  PRESS =   117.1
 Etot   =    -29206.7878  EKtot   =      6997.5435  EPtot      =    -36204.3312
 BOND   =       142.4763  ANGLE   =       374.8268  DIHED      =       633.2989
 1-4 NB =       180.9288  1-4 EEL =      2439.6846  VDWAALS    =      4782.2723
 EELEC  =    -44823.4877  EHBOND  =         0.0000  RESTRAINT  =        65.6688
 EAMBER (non-restraint)  =    -36270.0001
 EKCMT  =      3241.4803  VIRIAL  =      2946.4967  VOLUME     =    116686.5014
                                                    Density    =         1.0095
 ------------------------------------------------------------------------------

wrapping first mol.:       17.77874       25.14293       43.54883
wrapping first mol.:       17.77874       25.14293       43.54883

 NSTEP =    29000   TIME(PS) =     498.000  TEMP(K) =   300.50  PRESS =  -192.4
 Etot   =    -29083.8177  EKtot   =      7066.3159  EPtot      =    -36150.1337
 BOND   =       135.5456  ANGLE   =       378.7543  DIHED      =       632.2064
 1-4 NB =       184.6872  1-4 EEL =      2461.0315  VDWAALS    =      4671.0350
 EELEC  =    -44673.3165  EHBOND  =         0.0000  RESTRAINT  =        59.9229
 EAMBER (non-restraint)  =    -36210.0565
 EKCMT  =      3293.7209  VIRIAL  =      3778.9028  VOLUME     =    116802.4520
                                                    Density    =         1.0085
 ------------------------------------------------------------------------------

wrapping first mol.:      -35.55948       25.14435       43.55129
wrapping first mol.:      -35.55948       25.14435       43.55129

 NSTEP =    29500   TIME(PS) =     499.000  TEMP(K) =   299.95  PRESS =   255.5
 Etot   =    -28946.2102  EKtot   =      7053.3760  EPtot      =    -35999.5862
 BOND   =       134.6974  ANGLE   =       413.8597  DIHED      =       617.9863
 1-4 NB =       182.1784  1-4 EEL =      2453.3187  VDWAALS    =      4785.8354
 EELEC  =    -44653.4395  EHBOND  =         0.0000  RESTRAINT  =        65.9774
 EAMBER (non-restraint)  =    -36065.5635
 EKCMT  =      3220.9049  VIRIAL  =      2576.4331  VOLUME     =    116817.5917
                                                    Density    =         1.0084
 ------------------------------------------------------------------------------

wrapping first mol.:      -35.58818       25.16465       43.58644
wrapping first mol.:      -35.58818       25.16465       43.58644

 NSTEP =    30000   TIME(PS) =     500.000  TEMP(K) =   302.02  PRESS =  -217.0
 Etot   =    -28882.6131  EKtot   =      7102.1133  EPtot      =    -35984.7263
 BOND   =       147.5490  ANGLE   =       370.8461  DIHED      =       608.0978
 1-4 NB =       183.5483  1-4 EEL =      2447.5627  VDWAALS    =      4645.1353
 EELEC  =    -44448.1681  EHBOND  =         0.0000  RESTRAINT  =        60.7026
 EAMBER (non-restraint)  =    -36045.4290
 EKCMT  =      3290.0163  VIRIAL  =      3838.6598  VOLUME     =    117105.6122
                                                    Density    =         1.0059
 ------------------------------------------------------------------------------

wrapping first mol.:      -35.55121       25.13851       43.54117
wrapping first mol.:      -35.55121       25.13851       43.54117

 NSTEP =    30500   TIME(PS) =     501.000  TEMP(K) =   300.69  PRESS =   109.5
 Etot   =    -28795.7224  EKtot   =      7070.9229  EPtot      =    -35866.6452
 BOND   =       153.9096  ANGLE   =       383.5872  DIHED      =       632.9418
 1-4 NB =       184.6211  1-4 EEL =      2429.3466  VDWAALS    =      4705.4349
 EELEC  =    -44412.1173  EHBOND  =         0.0000  RESTRAINT  =        55.6308
 EAMBER (non-restraint)  =    -35922.2761
 EKCMT  =      3280.0617  VIRIAL  =      3004.0786  VOLUME     =    116737.6837
                                                    Density    =         1.0091
 ------------------------------------------------------------------------------

wrapping first mol.:      -35.53003       25.12353       43.51523
wrapping first mol.:      -35.53003       25.12353       43.51523

 NSTEP =    31000   TIME(PS) =     502.000  TEMP(K) =   301.98  PRESS =  -119.7
 Etot   =    -29011.8140  EKtot   =      7101.2236  EPtot      =    -36113.0377
 BOND   =       145.6496  ANGLE   =       409.7569  DIHED      =       628.3113
 1-4 NB =       172.4119  1-4 EEL =      2468.2271  VDWAALS    =      4601.4875
 EELEC  =    -44595.8290  EHBOND  =         0.0000  RESTRAINT  =        56.9471
 EAMBER (non-restraint)  =    -36169.9848
 EKCMT  =      3281.6578  VIRIAL  =      3582.7187  VOLUME     =    116531.5390
                                                    Density    =         1.0108
 ------------------------------------------------------------------------------

wrapping first mol.:      -35.55622       25.14205       43.54731
wrapping first mol.:      -35.55622       25.14205       43.54731

 NSTEP =    31500   TIME(PS) =     503.000  TEMP(K) =   301.62  PRESS =  -191.1
 Etot   =    -29009.3905  EKtot   =      7092.6460  EPtot      =    -36102.0365
 BOND   =       129.1501  ANGLE   =       419.2483  DIHED      =       629.0173
 1-4 NB =       184.5569  1-4 EEL =      2461.1704  VDWAALS    =      4719.1208
 EELEC  =    -44700.3332  EHBOND  =         0.0000  RESTRAINT  =        56.0329
 EAMBER (non-restraint)  =    -36158.0694
 EKCMT  =      3244.0161  VIRIAL  =      3725.7917  VOLUME     =    116790.1973
                                                    Density    =         1.0086
 ------------------------------------------------------------------------------

wrapping first mol.:      -35.53130       25.12443       43.51678
wrapping first mol.:      -35.53130       25.12443       43.51678

 NSTEP =    32000   TIME(PS) =     504.000  TEMP(K) =   300.19  PRESS =  -356.9
 Etot   =    -29007.6501  EKtot   =      7059.0063  EPtot      =    -36066.6564
 BOND   =       141.7707  ANGLE   =       388.2231  DIHED      =       619.3752
 1-4 NB =       176.8074  1-4 EEL =      2468.1548  VDWAALS    =      4509.9761
 EELEC  =    -44429.3527  EHBOND  =         0.0000  RESTRAINT  =        58.3891
 EAMBER (non-restraint)  =    -36125.0455
 EKCMT  =      3289.7359  VIRIAL  =      4187.8380  VOLUME     =    116546.4599
                                                    Density    =         1.0107
 ------------------------------------------------------------------------------

wrapping first mol.:      -35.56047       25.14505       43.55251
wrapping first mol.:      -35.56047       25.14505       43.55251

 NSTEP =    32500   TIME(PS) =     505.000  TEMP(K) =   302.68  PRESS =   205.6
 Etot   =    -28940.1307  EKtot   =      7117.6108  EPtot      =    -36057.7415
 BOND   =       138.1148  ANGLE   =       388.3795  DIHED      =       624.1768
 1-4 NB =       175.2879  1-4 EEL =      2455.3152  VDWAALS    =      4766.2009
 EELEC  =    -44664.7226  EHBOND  =         0.0000  RESTRAINT  =        59.5061
 EAMBER (non-restraint)  =    -36117.2477
 EKCMT  =      3303.3787  VIRIAL  =      2784.8230  VOLUME     =    116827.8711
                                                    Density    =         1.0083
 ------------------------------------------------------------------------------

wrapping first mol.:      -35.54331       25.13292       43.53149
wrapping first mol.:      -35.54331       25.13292       43.53149

 NSTEP =    33000   TIME(PS) =     506.000  TEMP(K) =   300.33  PRESS =    87.7
 Etot   =    -29081.9732  EKtot   =      7062.4399  EPtot      =    -36144.4131
 BOND   =       139.7690  ANGLE   =       382.8954  DIHED      =       622.7395
 1-4 NB =       182.2337  1-4 EEL =      2477.9058  VDWAALS    =      4852.2399
 EELEC  =    -44860.5663  EHBOND  =         0.0000  RESTRAINT  =        58.3698
 EAMBER (non-restraint)  =    -36202.7829
 EKCMT  =      3226.9518  VIRIAL  =      3006.1073  VOLUME     =    116660.0866
                                                    Density    =         1.0097
 ------------------------------------------------------------------------------

wrapping first mol.:      -35.59123       25.16680       43.59018
wrapping first mol.:      -35.59123       25.16680       43.59018

 NSTEP =    33500   TIME(PS) =     507.000  TEMP(K) =   299.90  PRESS =  -174.4
 Etot   =    -28945.0050  EKtot   =      7052.1616  EPtot      =    -35997.1666
 BOND   =       156.8679  ANGLE   =       395.2417  DIHED      =       632.1858
 1-4 NB =       171.3119  1-4 EEL =      2457.1913  VDWAALS    =      4633.7597
 EELEC  =    -44508.2910  EHBOND  =         0.0000  RESTRAINT  =        64.5661
 EAMBER (non-restraint)  =    -36061.7327
 EKCMT  =      3269.9858  VIRIAL  =      3711.0779  VOLUME     =    117135.2823
                                                    Density    =         1.0056
 ------------------------------------------------------------------------------

wrapping first mol.:      -35.55629       25.14210       43.54739
wrapping first mol.:      -35.55629       25.14210       43.54739

 NSTEP =    34000   TIME(PS) =     508.000  TEMP(K) =   296.71  PRESS =   -12.8
 Etot   =    -28988.2132  EKtot   =      6977.2588  EPtot      =    -35965.4720
 BOND   =       153.4804  ANGLE   =       392.1935  DIHED      =       628.4878
 1-4 NB =       178.2598  1-4 EEL =      2451.7639  VDWAALS    =      4751.5495
 EELEC  =    -44591.3711  EHBOND  =         0.0000  RESTRAINT  =        70.1642
 EAMBER (non-restraint)  =    -36035.6362
 EKCMT  =      3210.7237  VIRIAL  =      3243.0297  VOLUME     =    116788.9563
                                                    Density    =         1.0086
 ------------------------------------------------------------------------------

wrapping first mol.:      -35.52565       25.12044       43.50987
wrapping first mol.:      -35.52565       25.12044       43.50987

 NSTEP =    34500   TIME(PS) =     509.000  TEMP(K) =   297.37  PRESS =   133.5
 Etot   =    -29110.4425  EKtot   =      6992.8848  EPtot      =    -36103.3273
 BOND   =       151.9342  ANGLE   =       394.0638  DIHED      =       637.2684
 1-4 NB =       175.2511  1-4 EEL =      2440.8182  VDWAALS    =      4808.6472
 EELEC  =    -44776.8911  EHBOND  =         0.0000  RESTRAINT  =        65.5809
 EAMBER (non-restraint)  =    -36168.9081
 EKCMT  =      3247.8702  VIRIAL  =      2912.2143  VOLUME     =    116485.8466
                                                    Density    =         1.0112
 ------------------------------------------------------------------------------

wrapping first mol.:      -35.56644       25.14927       43.55982
wrapping first mol.:      -35.56644       25.14927       43.55982

 NSTEP =    35000   TIME(PS) =     510.000  TEMP(K) =   303.95  PRESS =   151.7
 Etot   =    -28742.1577  EKtot   =      7147.5625  EPtot      =    -35889.7202
 BOND   =       153.3650  ANGLE   =       398.9907  DIHED      =       624.2392
 1-4 NB =       180.4102  1-4 EEL =      2465.7692  VDWAALS    =      4696.1120
 EELEC  =    -44468.5836  EHBOND  =         0.0000  RESTRAINT  =        59.9771
 EAMBER (non-restraint)  =    -35949.6974
 EKCMT  =      3310.9409  VIRIAL  =      2928.1233  VOLUME     =    116887.2802
                                                    Density    =         1.0078
 ------------------------------------------------------------------------------

wrapping first mol.:      -35.52255       25.11824       43.50607
wrapping first mol.:      -35.52255       25.11824       43.50607

 NSTEP =    35500   TIME(PS) =     511.000  TEMP(K) =   298.19  PRESS =   160.0
 Etot   =    -29038.2218  EKtot   =      7012.1069  EPtot      =    -36050.3288
 BOND   =       134.2520  ANGLE   =       381.6526  DIHED      =       609.6378
 1-4 NB =       177.6002  1-4 EEL =      2465.9191  VDWAALS    =      4827.2427
 EELEC  =    -44711.5430  EHBOND  =         0.0000  RESTRAINT  =        64.9098
 EAMBER (non-restraint)  =    -36115.2385
 EKCMT  =      3186.7432  VIRIAL  =      2784.5011  VOLUME     =    116455.0558
                                                    Density    =         1.0115
 ------------------------------------------------------------------------------

wrapping first mol.:       17.78512       25.15196       43.56447
wrapping first mol.:       17.78512       25.15196       43.56447

 NSTEP =    36000   TIME(PS) =     512.000  TEMP(K) =   303.70  PRESS =   -18.3
 Etot   =    -28981.7173  EKtot   =      7141.5903  EPtot      =    -36123.3076
 BOND   =       178.0224  ANGLE   =       405.4206  DIHED      =       622.2694
 1-4 NB =       169.3625  1-4 EEL =      2420.2507  VDWAALS    =      4739.6727
 EELEC  =    -44720.0156  EHBOND  =         0.0000  RESTRAINT  =        61.7097
 EAMBER (non-restraint)  =    -36185.0173
 EKCMT  =      3298.5332  VIRIAL  =      3344.6940  VOLUME     =    116926.5359
                                                    Density    =         1.0074
 ------------------------------------------------------------------------------

wrapping first mol.:      -35.58007       25.15892       43.57652
wrapping first mol.:      -35.58007       25.15892       43.57652

 NSTEP =    36500   TIME(PS) =     513.000  TEMP(K) =   304.34  PRESS =   -30.1
 Etot   =    -28899.4866  EKtot   =      7156.6948  EPtot      =    -36056.1814
 BOND   =       147.0815  ANGLE   =       388.7745  DIHED      =       621.2360
 1-4 NB =       172.6984  1-4 EEL =      2464.6279  VDWAALS    =      4774.6128
 EELEC  =    -44681.9267  EHBOND  =         0.0000  RESTRAINT  =        56.7142
 EAMBER (non-restraint)  =    -36112.8956
 EKCMT  =      3328.5941  VIRIAL  =      3404.6801  VOLUME     =    117023.6866
                                                    Density    =         1.0066
 ------------------------------------------------------------------------------

wrapping first mol.:       17.78466       25.15130       43.56333
wrapping first mol.:       17.78466       25.15130       43.56333

 NSTEP =    37000   TIME(PS) =     514.000  TEMP(K) =   301.51  PRESS =  -142.3
 Etot   =    -28984.2718  EKtot   =      7090.2192  EPtot      =    -36074.4910
 BOND   =       141.3202  ANGLE   =       396.0438  DIHED      =       616.7297
 1-4 NB =       176.4350  1-4 EEL =      2451.6092  VDWAALS    =      4653.9678
 EELEC  =    -44566.7280  EHBOND  =         0.0000  RESTRAINT  =        56.1313
 EAMBER (non-restraint)  =    -36130.6223
 EKCMT  =      3282.8524  VIRIAL  =      3642.1816  VOLUME     =    116918.5961
                                                    Density    =         1.0075
 ------------------------------------------------------------------------------

wrapping first mol.:      -35.54518       25.13424       43.53378
wrapping first mol.:      -35.54518       25.13424       43.53378

 NSTEP =    37500   TIME(PS) =     515.000  TEMP(K) =   301.80  PRESS =  -256.8
 Etot   =    -28983.8839  EKtot   =      7096.8975  EPtot      =    -36080.7814
 BOND   =       153.6815  ANGLE   =       392.3595  DIHED      =       639.6857
 1-4 NB =       183.7199  1-4 EEL =      2456.2459  VDWAALS    =      4589.4274
 EELEC  =    -44549.6168  EHBOND  =         0.0000  RESTRAINT  =        53.7156
 EAMBER (non-restraint)  =    -36134.4970
 EKCMT  =      3308.6634  VIRIAL  =      3955.6736  VOLUME     =    116682.0699
                                                    Density    =         1.0095
 ------------------------------------------------------------------------------

wrapping first mol.:       17.76819       25.12802       43.52300
wrapping first mol.:       17.76819       25.12802       43.52300

 NSTEP =    38000   TIME(PS) =     516.000  TEMP(K) =   298.78  PRESS =    73.5
 Etot   =    -28962.9950  EKtot   =      7026.0103  EPtot      =    -35989.0052
 BOND   =       150.3789  ANGLE   =       418.7916  DIHED      =       631.6493
 1-4 NB =       176.7025  1-4 EEL =      2444.5561  VDWAALS    =      4727.1843
 EELEC  =    -44604.8202  EHBOND  =         0.0000  RESTRAINT  =        66.5523
 EAMBER (non-restraint)  =    -36055.5575
 EKCMT  =      3204.5544  VIRIAL  =      3019.4800  VOLUME     =    116591.9362
                                                    Density    =         1.0103
 ------------------------------------------------------------------------------

wrapping first mol.:       17.76686       25.12613       43.51973
wrapping first mol.:       17.76686       25.12613       43.51973

 NSTEP =    38500   TIME(PS) =     517.000  TEMP(K) =   300.30  PRESS =   -77.1
 Etot   =    -28985.3034  EKtot   =      7061.7139  EPtot      =    -36047.0173
 BOND   =       158.2974  ANGLE   =       380.9532  DIHED      =       616.3386
 1-4 NB =       180.4494  1-4 EEL =      2454.9698  VDWAALS    =      4676.1395
 EELEC  =    -44574.0093  EHBOND  =         0.0000  RESTRAINT  =        59.8442
 EAMBER (non-restraint)  =    -36106.8614
 EKCMT  =      3278.1671  VIRIAL  =      3472.2864  VOLUME     =    116567.2880
                                                    Density    =         1.0105
 ------------------------------------------------------------------------------

wrapping first mol.:       17.77543       25.13826       43.54074
wrapping first mol.:       17.77543       25.13826       43.54074

 NSTEP =    39000   TIME(PS) =     518.000  TEMP(K) =   297.02  PRESS =  -222.7
 Etot   =    -29039.1707  EKtot   =      6984.6479  EPtot      =    -36023.8186
 BOND   =       151.1403  ANGLE   =       364.2964  DIHED      =       641.9469
 1-4 NB =       178.6024  1-4 EEL =      2455.3789  VDWAALS    =      4706.6526
 EELEC  =    -44582.8969  EHBOND  =         0.0000  RESTRAINT  =        61.0606
 EAMBER (non-restraint)  =    -36084.8793
 EKCMT  =      3247.0257  VIRIAL  =      3808.3734  VOLUME     =    116737.6519
                                                    Density    =         1.0091
 ------------------------------------------------------------------------------

wrapping first mol.:      -35.53093       25.12416       43.51633
wrapping first mol.:      -35.53093       25.12416       43.51633

 NSTEP =    39500   TIME(PS) =     519.000  TEMP(K) =   300.67  PRESS =   325.6
 Etot   =    -29003.7314  EKtot   =      7070.3687  EPtot      =    -36074.1001
 BOND   =       137.8033  ANGLE   =       408.7280  DIHED      =       631.5820
 1-4 NB =       177.9444  1-4 EEL =      2457.7770  VDWAALS    =      4808.1990
 EELEC  =    -44755.2240  EHBOND  =         0.0000  RESTRAINT  =        59.0902
 EAMBER (non-restraint)  =    -36133.1902
 EKCMT  =      3297.4526  VIRIAL  =      2478.1212  VOLUME     =    116535.7081
                                                    Density    =         1.0108
 ------------------------------------------------------------------------------

wrapping first mol.:      -35.52365       25.11902       43.50741
wrapping first mol.:      -35.52365       25.11902       43.50741

 NSTEP =    40000   TIME(PS) =     520.000  TEMP(K) =   300.96  PRESS =   -14.7
 Etot   =    -29198.7516  EKtot   =      7077.1831  EPtot      =    -36275.9347
 BOND   =       154.3546  ANGLE   =       404.6629  DIHED      =       612.9792
 1-4 NB =       173.2041  1-4 EEL =      2455.8229  VDWAALS    =      4822.2769
 EELEC  =    -44962.7792  EHBOND  =         0.0000  RESTRAINT  =        63.5440
 EAMBER (non-restraint)  =    -36339.4786
 EKCMT  =      3250.2954  VIRIAL  =      3287.2314  VOLUME     =    116467.6501
                                                    Density    =         1.0114
 ------------------------------------------------------------------------------

wrapping first mol.:      -35.53413       25.12643       43.52025
wrapping first mol.:      -35.53413       25.12643       43.52025

 NSTEP =    40500   TIME(PS) =     521.000  TEMP(K) =   300.92  PRESS =  -189.1
 Etot   =    -29071.7428  EKtot   =      7076.2280  EPtot      =    -36147.9708
 BOND   =       145.8251  ANGLE   =       369.2596  DIHED      =       617.0365
 1-4 NB =       179.3297  1-4 EEL =      2447.4710  VDWAALS    =      4623.6637
 EELEC  =    -44596.7849  EHBOND  =         0.0000  RESTRAINT  =        66.2285
 EAMBER (non-restraint)  =    -36214.1993
 EKCMT  =      3204.0750  VIRIAL  =      3679.9949  VOLUME     =    116572.5842
                                                    Density    =         1.0105
 ------------------------------------------------------------------------------

wrapping first mol.:       17.78468       25.15133       43.56338
wrapping first mol.:       17.78468       25.15133       43.56338

 NSTEP =    41000   TIME(PS) =     522.000  TEMP(K) =   300.73  PRESS =   259.8
 Etot   =    -29022.2943  EKtot   =      7071.8247  EPtot      =    -36094.1190
 BOND   =       161.3881  ANGLE   =       404.9143  DIHED      =       632.4909
 1-4 NB =       173.8288  1-4 EEL =      2432.2103  VDWAALS    =      4843.9709
 EELEC  =    -44796.8304  EHBOND  =         0.0000  RESTRAINT  =        53.9081
 EAMBER (non-restraint)  =    -36148.0271
 EKCMT  =      3202.1631  VIRIAL  =      2546.3491  VOLUME     =    116914.8692
                                                    Density    =         1.0075
 ------------------------------------------------------------------------------

wrapping first mol.:       17.78616       25.15343       43.56702
wrapping first mol.:       17.78616       25.15343       43.56702

 NSTEP =    41500   TIME(PS) =     523.000  TEMP(K) =   302.00  PRESS =   -12.2
 Etot   =    -28947.1598  EKtot   =      7101.7197  EPtot      =    -36048.8795
 BOND   =       156.1704  ANGLE   =       411.0487  DIHED      =       620.7558
 1-4 NB =       172.0186  1-4 EEL =      2448.1607  VDWAALS    =      4691.7074
 EELEC  =    -44607.3352  EHBOND  =         0.0000  RESTRAINT  =        58.5942
 EAMBER (non-restraint)  =    -36107.4736
 EKCMT  =      3252.1175  VIRIAL  =      3282.9519  VOLUME     =    116946.9677
                                                    Density    =         1.0073
 ------------------------------------------------------------------------------

wrapping first mol.:       17.78956       25.15824       43.57535
wrapping first mol.:       17.78956       25.15824       43.57535

 NSTEP =    42000   TIME(PS) =     524.000  TEMP(K) =   302.01  PRESS =    57.5
 Etot   =    -29019.0732  EKtot   =      7101.9365  EPtot      =    -36121.0098
 BOND   =       153.1521  ANGLE   =       397.3010  DIHED      =       610.4149
 1-4 NB =       179.9814  1-4 EEL =      2447.5193  VDWAALS    =      4748.4028
 EELEC  =    -44720.5264  EHBOND  =         0.0000  RESTRAINT  =        62.7450
 EAMBER (non-restraint)  =    -36183.7548
 EKCMT  =      3289.9187  VIRIAL  =      3144.7520  VOLUME     =    117013.3197
                                                    Density    =         1.0067
 ------------------------------------------------------------------------------

wrapping first mol.:       17.77931       25.14373       43.55022
wrapping first mol.:       17.77931       25.14373       43.55022

 NSTEP =    42500   TIME(PS) =     525.000  TEMP(K) =   299.64  PRESS =   -46.1
 Etot   =    -29061.8220  EKtot   =      7046.2407  EPtot      =    -36108.0627
 BOND   =       142.0506  ANGLE   =       392.5588  DIHED      =       620.0561
 1-4 NB =       185.3059  1-4 EEL =      2476.9855  VDWAALS    =      4728.3001
 EELEC  =    -44711.5326  EHBOND  =         0.0000  RESTRAINT  =        58.2129
 EAMBER (non-restraint)  =    -36166.2756
 EKCMT  =      3213.4057  VIRIAL  =      3329.7155  VOLUME     =    116812.1181
                                                    Density    =         1.0084
 ------------------------------------------------------------------------------

wrapping first mol.:       17.77836       25.14240       43.54791
wrapping first mol.:       17.77836       25.14240       43.54791

 NSTEP =    43000   TIME(PS) =     526.000  TEMP(K) =   298.66  PRESS =  -155.3
 Etot   =    -29035.4288  EKtot   =      7023.1416  EPtot      =    -36058.5705
 BOND   =       172.5651  ANGLE   =       376.6031  DIHED      =       614.9886
 1-4 NB =       190.1239  1-4 EEL =      2433.7993  VDWAALS    =      4645.7537
 EELEC  =    -44554.4209  EHBOND  =         0.0000  RESTRAINT  =        62.0167
 EAMBER (non-restraint)  =    -36120.5872
 EKCMT  =      3218.0639  VIRIAL  =      3609.7280  VOLUME     =    116794.6707
                                                    Density    =         1.0086
 ------------------------------------------------------------------------------

wrapping first mol.:       17.77591       25.13893       43.54190
wrapping first mol.:       17.77591       25.13893       43.54190

 NSTEP =    43500   TIME(PS) =     527.000  TEMP(K) =   299.37  PRESS =  -165.3
 Etot   =    -29032.6039  EKtot   =      7039.9155  EPtot      =    -36072.5194
 BOND   =       137.3345  ANGLE   =       400.4835  DIHED      =       621.5437
 1-4 NB =       177.4410  1-4 EEL =      2464.6824  VDWAALS    =      4669.4727
 EELEC  =    -44599.7388  EHBOND  =         0.0000  RESTRAINT  =        56.2617
 EAMBER (non-restraint)  =    -36128.7811
 EKCMT  =      3211.2912  VIRIAL  =      3628.0541  VOLUME     =    116746.4204
                                                    Density    =         1.0090
 ------------------------------------------------------------------------------

wrapping first mol.:       17.75181       25.10485       43.48286
wrapping first mol.:       17.75181       25.10485       43.48286

 NSTEP =    44000   TIME(PS) =     528.000  TEMP(K) =   306.55  PRESS =  -115.9
 Etot   =    -28739.5635  EKtot   =      7208.5830  EPtot      =    -35948.1465
 BOND   =       165.4218  ANGLE   =       419.1292  DIHED      =       645.5044
 1-4 NB =       183.2706  1-4 EEL =      2437.3329  VDWAALS    =      4673.7830
 EELEC  =    -44535.6767  EHBOND  =         0.0000  RESTRAINT  =        63.0883
 EAMBER (non-restraint)  =    -36011.2348
 EKCMT  =      3300.2710  VIRIAL  =      3591.2741  VOLUME     =    116271.6743
                                                    Density    =         1.0131
 ------------------------------------------------------------------------------

wrapping first mol.:       17.75116       25.10393       43.48128
wrapping first mol.:       17.75116       25.10393       43.48128

 NSTEP =    44500   TIME(PS) =     529.000  TEMP(K) =   299.08  PRESS =  -353.4
 Etot   =    -28948.4211  EKtot   =      7033.0908  EPtot      =    -35981.5119
 BOND   =       141.0238  ANGLE   =       401.7173  DIHED      =       619.7288
 1-4 NB =       179.4230  1-4 EEL =      2453.1894  VDWAALS    =      4517.4263
 EELEC  =    -44353.4772  EHBOND  =         0.0000  RESTRAINT  =        59.4567
 EAMBER (non-restraint)  =    -36040.9686
 EKCMT  =      3191.4211  VIRIAL  =      4078.5670  VOLUME     =    116261.4251
                                                    Density    =         1.0132
 ------------------------------------------------------------------------------

wrapping first mol.:      -35.50008       25.10235       43.47854
wrapping first mol.:      -35.50008       25.10235       43.47854

 NSTEP =    45000   TIME(PS) =     530.000  TEMP(K) =   309.07  PRESS =   353.9
 Etot   =    -28988.9610  EKtot   =      7267.8735  EPtot      =    -36256.8345
 BOND   =       148.5495  ANGLE   =       387.5440  DIHED      =       621.6933
 1-4 NB =       180.2551  1-4 EEL =      2461.0752  VDWAALS    =      4829.8829
 EELEC  =    -44954.3457  EHBOND  =         0.0000  RESTRAINT  =        68.5111
 EAMBER (non-restraint)  =    -36325.3456
 EKCMT  =      3349.6746  VIRIAL  =      2461.4536  VOLUME     =    116232.1544
                                                    Density    =         1.0134
 ------------------------------------------------------------------------------

wrapping first mol.:       17.75853       25.11435       43.49933
wrapping first mol.:       17.75853       25.11435       43.49933

 NSTEP =    45500   TIME(PS) =     531.000  TEMP(K) =   295.30  PRESS =   272.4
 Etot   =    -29236.6237  EKtot   =      6944.1685  EPtot      =    -36180.7922
 BOND   =       146.4619  ANGLE   =       383.9083  DIHED      =       612.1278
 1-4 NB =       178.7244  1-4 EEL =      2443.3530  VDWAALS    =      4790.0434
 EELEC  =    -44797.2676  EHBOND  =         0.0000  RESTRAINT  =        61.8566
 EAMBER (non-restraint)  =    -36242.6488
 EKCMT  =      3158.7435  VIRIAL  =      2474.2646  VOLUME     =    116399.7404
                                                    Density    =         1.0120
 ------------------------------------------------------------------------------

wrapping first mol.:       17.76084       25.11762       43.50500
wrapping first mol.:       17.76084       25.11762       43.50500

 NSTEP =    46000   TIME(PS) =     532.000  TEMP(K) =   294.73  PRESS =   -31.7
 Etot   =    -29020.0509  EKtot   =      6930.6987  EPtot      =    -35950.7496
 BOND   =       153.1459  ANGLE   =       352.7809  DIHED      =       632.9607
 1-4 NB =       180.2009  1-4 EEL =      2476.7814  VDWAALS    =      4691.5869
 EELEC  =    -44502.5214  EHBOND  =         0.0000  RESTRAINT  =        64.3152
 EAMBER (non-restraint)  =    -36015.0648
 EKCMT  =      3180.0390  VIRIAL  =      3259.7185  VOLUME     =    116448.4254
                                                    Density    =         1.0116
 ------------------------------------------------------------------------------

wrapping first mol.:       17.77272       25.13442       43.53408
wrapping first mol.:       17.77272       25.13442       43.53408

 NSTEP =    46500   TIME(PS) =     533.000  TEMP(K) =   299.77  PRESS =   260.9
 Etot   =    -29103.6138  EKtot   =      7049.3037  EPtot      =    -36152.9175
 BOND   =       136.4373  ANGLE   =       382.0699  DIHED      =       617.4556
 1-4 NB =       179.3591  1-4 EEL =      2454.7907  VDWAALS    =      4769.5864
 EELEC  =    -44751.6509  EHBOND  =         0.0000  RESTRAINT  =        59.0344
 EAMBER (non-restraint)  =    -36211.9518
 EKCMT  =      3226.1520  VIRIAL  =      2568.8178  VOLUME     =    116679.1034
                                                    Density    =         1.0096
 ------------------------------------------------------------------------------

wrapping first mol.:       17.75706       25.11227       43.49573
wrapping first mol.:       17.75706       25.11227       43.49573

 NSTEP =    47000   TIME(PS) =     534.000  TEMP(K) =   299.14  PRESS =    18.3
 Etot   =    -29006.8434  EKtot   =      7034.4272  EPtot      =    -36041.2707
 BOND   =       130.8724  ANGLE   =       389.2859  DIHED      =       623.5034
 1-4 NB =       181.6212  1-4 EEL =      2463.8649  VDWAALS    =      4682.6755
 EELEC  =    -44571.5968  EHBOND  =         0.0000  RESTRAINT  =        58.5027
 EAMBER (non-restraint)  =    -36099.7734
 EKCMT  =      3179.2732  VIRIAL  =      3133.1847  VOLUME     =    116373.5329
                                                    Density    =         1.0122
 ------------------------------------------------------------------------------

wrapping first mol.:       17.77288       25.13465       43.53449
wrapping first mol.:       17.77288       25.13465       43.53449

 NSTEP =    47500   TIME(PS) =     535.000  TEMP(K) =   299.94  PRESS =   257.0
 Etot   =    -28904.9759  EKtot   =      7053.2842  EPtot      =    -35958.2601
 BOND   =       168.1135  ANGLE   =       363.1750  DIHED      =       623.2242
 1-4 NB =       172.0830  1-4 EEL =      2457.9190  VDWAALS    =      4814.3311
 EELEC  =    -44617.4624  EHBOND  =         0.0000  RESTRAINT  =        60.3565
 EAMBER (non-restraint)  =    -36018.6166
 EKCMT  =      3314.0617  VIRIAL  =      2666.5604  VOLUME     =    116682.3826
                                                    Density    =         1.0095
 ------------------------------------------------------------------------------

wrapping first mol.:       17.78287       25.14878       43.55896
wrapping first mol.:       17.78287       25.14878       43.55896

 NSTEP =    48000   TIME(PS) =     536.000  TEMP(K) =   300.00  PRESS =     2.7
 Etot   =    -28999.3512  EKtot   =      7054.6084  EPtot      =    -36053.9596
 BOND   =       152.2001  ANGLE   =       387.5623  DIHED      =       619.1078
 1-4 NB =       180.1242  1-4 EEL =      2443.4468  VDWAALS    =      4769.1531
 EELEC  =    -44660.6116  EHBOND  =         0.0000  RESTRAINT  =        55.0576
 EAMBER (non-restraint)  =    -36109.0172
 EKCMT  =      3296.6599  VIRIAL  =      3289.8208  VOLUME     =    116881.9716
                                                    Density    =         1.0078
 ------------------------------------------------------------------------------

wrapping first mol.:      -35.54085       25.13118       43.52849
wrapping first mol.:      -35.54085       25.13118       43.52849

 NSTEP =    48500   TIME(PS) =     537.000  TEMP(K) =   298.67  PRESS =   180.3
 Etot   =    -29160.4808  EKtot   =      7023.3032  EPtot      =    -36183.7840
 BOND   =       148.6013  ANGLE   =       393.4245  DIHED      =       620.9032
 1-4 NB =       176.8696  1-4 EEL =      2459.4238  VDWAALS    =      4909.8779
 EELEC  =    -44950.7027  EHBOND  =         0.0000  RESTRAINT  =        57.8183
 EAMBER (non-restraint)  =    -36241.6024
 EKCMT  =      3167.3703  VIRIAL  =      2713.2530  VOLUME     =    116634.9407
                                                    Density    =         1.0099
 ------------------------------------------------------------------------------

wrapping first mol.:       17.78084       25.14590       43.55397
wrapping first mol.:       17.78084       25.14590       43.55397

 NSTEP =    49000   TIME(PS) =     538.000  TEMP(K) =   300.66  PRESS =    80.1
 Etot   =    -28933.4234  EKtot   =      7070.0918  EPtot      =    -36003.5152
 BOND   =       147.8099  ANGLE   =       400.3342  DIHED      =       620.1529
 1-4 NB =       182.2967  1-4 EEL =      2452.7447  VDWAALS    =      4775.3452
 EELEC  =    -44647.4686  EHBOND  =         0.0000  RESTRAINT  =        65.2697
 EAMBER (non-restraint)  =    -36068.7850
 EKCMT  =      3263.6558  VIRIAL  =      3061.4965  VOLUME     =    116840.9796
                                                    Density    =         1.0082
 ------------------------------------------------------------------------------

wrapping first mol.:       17.78954       25.15821       43.57529
wrapping first mol.:       17.78954       25.15821       43.57529

 NSTEP =    49500   TIME(PS) =     539.000  TEMP(K) =   302.88  PRESS =   202.2
 Etot   =    -28803.5546  EKtot   =      7122.3633  EPtot      =    -35925.9179
 BOND   =       143.6998  ANGLE   =       409.8650  DIHED      =       640.2085
 1-4 NB =       173.9492  1-4 EEL =      2447.5239  VDWAALS    =      4771.3984
 EELEC  =    -44577.0661  EHBOND  =         0.0000  RESTRAINT  =        64.5034
 EAMBER (non-restraint)  =    -35990.4213
 EKCMT  =      3312.2088  VIRIAL  =      2801.4377  VOLUME     =    117011.3696
                                                    Density    =         1.0067
 ------------------------------------------------------------------------------

wrapping first mol.:       17.77007       25.13068       43.52760
wrapping first mol.:       17.77007       25.13068       43.52760

 NSTEP =    50000   TIME(PS) =     540.000  TEMP(K) =   299.38  PRESS =  -218.0
 Etot   =    -29057.7685  EKtot   =      7039.9624  EPtot      =    -36097.7309
 BOND   =       143.9722  ANGLE   =       400.5117  DIHED      =       626.3943
 1-4 NB =       175.6327  1-4 EEL =      2444.7280  VDWAALS    =      4663.1938
 EELEC  =    -44618.3956  EHBOND  =         0.0000  RESTRAINT  =        66.2319
 EAMBER (non-restraint)  =    -36163.9629
 EKCMT  =      3265.7099  VIRIAL  =      3814.6526  VOLUME     =    116631.9992
                                                    Density    =         1.0100
 ------------------------------------------------------------------------------


      A V E R A G E S   O V E R     100 S T E P S


 NSTEP =    50000   TIME(PS) =     540.000  TEMP(K) =   300.36  PRESS =     7.3
 Etot   =    -28992.2327  EKtot   =      7063.0779  EPtot      =    -36055.3106
 BOND   =       146.7849  ANGLE   =       391.6318  DIHED      =       625.6776
 1-4 NB =       178.5286  1-4 EEL =      2451.4826  VDWAALS    =      4730.0737
 EELEC  =    -44640.8570  EHBOND  =         0.0000  RESTRAINT  =        61.3672
 EAMBER (non-restraint)  =    -36116.6779
 EKCMT  =      3254.5747  VIRIAL  =      3236.2033  VOLUME     =    116830.9526
                                                    Density    =         1.0083
 ------------------------------------------------------------------------------


      R M S  F L U C T U A T I O N S


 NSTEP =    50000   TIME(PS) =     540.000  TEMP(K) =     2.52  PRESS =   177.7
 Etot   =        95.3869  EKtot   =        59.1621  EPtot      =        85.9139
 BOND   =        10.1725  ANGLE   =        14.5040  DIHED      =         8.0432
 1-4 NB =         4.5140  1-4 EEL =        12.9634  VDWAALS    =        81.7823
 EELEC  =       130.9841  EHBOND  =         0.0000  RESTRAINT  =         4.9279
 EAMBER (non-restraint)  =        80.9860
 EKCMT  =        43.9788  VIRIAL  =       452.3444  VOLUME     =       257.6565
                                                    Density    =         0.0022
 ------------------------------------------------------------------------------

--------------------------------------------------------------------------------
   5.  TIMINGS
--------------------------------------------------------------------------------

|  NonSetup CPU Time in Major Routines:
|
|     Routine           Sec        %
|     ------------------------------
|     Nonbond          69.14   88.15
|     Bond              0.00    0.00
|     Angle             0.00    0.00
|     Dihedral          0.00    0.00
|     Shake             0.28    0.35
|     RunMD             8.97   11.44
|     Other             0.05    0.06
|     ------------------------------
|     Total            78.44

|  PME Nonbond Pairlist CPU Time:
|
|     Routine              Sec        %
|     ---------------------------------
|     Set Up Cit           0.00    0.00
|     Build List           0.00    0.00
|     ---------------------------------
|     Total                0.00    0.00

|  PME Direct Force CPU Time:
|
|     Routine              Sec        %
|     ---------------------------------
|     NonBonded Calc       0.00    0.00
|     Exclude Masked       0.00    0.00
|     Other                0.02    0.03
|     ---------------------------------
|     Total                0.02    0.03

|  PME Reciprocal Force CPU Time:
|
|     Routine              Sec        %
|     ---------------------------------
|     1D bspline           0.00    0.00
|     Grid Charges         0.00    0.00
|     Scalar Sum           0.00    0.00
|     Gradient Sum         0.00    0.00
|     FFT                  0.00    0.00
|     ---------------------------------
|     Total                0.00    0.00

|  Final Performance Info:
|     -----------------------------------------------------
|     Average timings for last   11500 steps:
|     Elapsed(s) =      18.05 Per Step(ms) =       1.57
|         ns/day =     110.09   seconds/ns =     784.81
|
|     Average timings for all steps:
|     Elapsed(s) =      78.45 Per Step(ms) =       1.57
|         ns/day =     110.13   seconds/ns =     784.51
|     -----------------------------------------------------

|  Setup CPU time:            0.43 seconds
|  NonSetup CPU time:        78.44 seconds
|  Total CPU time:           78.87 seconds     0.02 hours

|  Setup wall time:           1    seconds
|  NonSetup wall time:       78    seconds
|  Total wall time:          79    seconds     0.02 hours
