
          -------------------------------------------------------
          Amber 16 PMEMD                              2016
          -------------------------------------------------------

| PMEMD implementation of SANDER, Release 16

| Run on 06/20/2017 at 00:12:00

|   Executable path: pmemd.cuda
| Working directory: /home/german/alex/run/3rm/mhe/e
|          Hostname: Unknown
  [-O]verwriting output

File Assignments:
|   MDIN: 9equ.in                                                               
|  MDOUT: 9equ.out                                                              
| INPCRD: 8e3rm.rst7                                                            
|   PARM: /home/german/alex/top_files/3rm.prmtop                                
| RESTRT: 9e3rm.rst7                                                            
|   REFC: 8e3rm.rst7                                                            
|  MDVEL: mdvel                                                                 
|   MDEN: mden                                                                  
|  MDCRD: 9e3rm.nc                                                              
| MDINFO: mdinfo                                                                
|  MDFRC: mdfrc                                                                 


 Here is the input file:

Equilibration with solute restrictions                                         
&cntrl                                                                         
imin = 0,                           ! No Minimization                          
nmropt = 0,                         ! No NMR restraints read                   
                                                                               
! Nature and format of the input                                               
ntx = 5,                            ! Coordinates but no velocities will be rea
irest = 1,                          ! Do not run a new simulation              
                                                                               
! Nature and format of the output                                              
ntxo = 1,                           ! rstrt file in ASCII format               
ntpr = 500,                         ! inf in output every ntpr steps           
ntwr = 500,                         ! rstrt file every ntwr steps              
ntwx = 500,                         ! mdcrd file every ntwx steps              
ntwv = 0,                           ! mdvel without velocities                 
ntwe = 0,                           ! Energies and temperatures not written in 
idecomp = 0,                        ! No energy decomposition                  
iwrap = 1,                          ! Coordinates of the restart and mdcrd file
                                                                               
! Frozen or restrained atoms                                                   
ibelly = 0,                         ! No frozen atoms                          
ntr=1,                              ! Harmonic potential restraints            
restraint_wt = 7.0,                ! The weight for the positional restraints  
restraintmask = ':1-49@N,CA,C,O',  ! restrained residues                       
                                                                               
! Molecular dynamics                                                           
nstlim = 50000,                     ! Number of MD-steps                       
dt = 0.002,                         ! Time step                                
                                                                               
! Temperature regulation                                                       
ntt = 3,                            ! Langevin thermostat                      
gamma_ln = 5,                       ! Gamma constant for Langevin              
!temp0 = 300.0,                     ! Reference T at which the system is to be 
tempi = 300.0,                      ! Initial T                                
ig = -1,                            ! Seed for the RNG                         
                                                                               
! P and V regulation                                                           
ntp = 1,                            ! Constant P. Isotropic scaling            
barostat = 1,                       ! Berendsen barostat                       
taup = 1,                           ! Pressure relaxation time                 
nrespa = 1,                         ! Evaluate at each step                    
ntb = 2,                            ! Periodic box for constant P              
                                                                               
! SHAKE variables                                                              
ntc = 2,                            ! Bonds involving H are constrained        
ntf = 2,                            ! Bond interaction involving H are ommited.
                                                                               
cut = 10.0,                         ! Nonbonded cutoff                         
/                                                                              
&end                                                                           


Note: ig = -1. Setting random seed to   551233 based on wallclock time in 
      microseconds.
 
|--------------------- INFORMATION ----------------------
| GPU (CUDA) Version of PMEMD in use: NVIDIA GPU IN USE.
|                    Version 16.0.0
| 
|                      02/25/2016
| 
| Implementation by:
|                    Ross C. Walker     (SDSC)
|                    Scott Le Grand     (nVIDIA)
| 
| Precision model in use:
|      [SPFP] - Single Precision Forces, 64-bit Fixed Point
|               Accumulation. (Default)
| 
|--------------------------------------------------------
 
|----------------- CITATION INFORMATION -----------------
|
|    When publishing work that utilized the CUDA version
|    of AMBER, please cite the following in addition to
|    the regular AMBER citations:
|
|  - Romelia Salomon-Ferrer; Andreas W. Goetz; Duncan
|    Poole; Scott Le Grand; Ross C. Walker "Routine
|    microsecond molecular dynamics simulations with
|    AMBER - Part II: Particle Mesh Ewald", J. Chem.
|    Theory Comput., 2013, 9 (9), pp3878-3888,
|    DOI: 10.1021/ct400314y.
|
|  - Andreas W. Goetz; Mark J. Williamson; Dong Xu;
|    Duncan Poole; Scott Le Grand; Ross C. Walker
|    "Routine microsecond molecular dynamics simulations
|    with AMBER - Part I: Generalized Born", J. Chem.
|    Theory Comput., 2012, 8 (5), pp1542-1555.
|
|  - Scott Le Grand; Andreas W. Goetz; Ross C. Walker
|    "SPFP: Speed without compromise - a mixed precision
|    model for GPU accelerated molecular dynamics
|    simulations.", Comp. Phys. Comm., 2013, 184
|    pp374-380, DOI: 10.1016/j.cpc.2012.09.022
|
|--------------------------------------------------------
 
|------------------- GPU DEVICE INFO --------------------
|
|            CUDA_VISIBLE_DEVICES: 1
|   CUDA Capable Devices Detected:      1
|           CUDA Device ID in use:      0
|                CUDA Device Name: GeForce GTX 1060 6GB
|     CUDA Device Global Mem Size:   6072 MB
| CUDA Device Num Multiprocessors:     10
|           CUDA Device Core Freq:   1.76 GHz
|
|--------------------------------------------------------
 
 
| Conditional Compilation Defines Used:
| PUBFFT
| BINTRAJ
| CUDA
| EMIL

| Largest sphere to fit in unit cell has radius =    21.761

| New format PARM file being parsed.
| Version =    1.000 Date = 06/17/17 Time = 14:32:14

| Note: 1-4 EEL scale factors are being read from the topology file.

| Note: 1-4 VDW scale factors are being read from the topology file.
| Duplicated    0 dihedrals

| Duplicated    0 dihedrals

--------------------------------------------------------------------------------
   1.  RESOURCE   USE: 
--------------------------------------------------------------------------------

 getting new box info from bottom of inpcrd
 NATOM  =   11635 NTYPES =      17 NBONH =   11238 MBONA  =     402
 NTHETH =     874 MTHETA =     539 NPHIH =    1768 MPHIA  =    1688
 NHPARM =       0 NPARM  =       0 NNB   =   18755 NRES   =    3670
 NBONA  =     402 NTHETA =     539 NPHIA =    1688 NUMBND =      69
 NUMANG =     154 NPTRA  =     196 NATYP =      37 NPHB   =       1
 IFBOX  =       2 NMXRS  =      25 IFCAP =       0 NEXTRA =       0
 NCOPY  =       0

| Coordinate Index Table dimensions:     8    8    8
| Direct force subcell size =     6.6628    6.6628    6.6628

     BOX TYPE: TRUNCATED OCTAHEDRON

--------------------------------------------------------------------------------
   2.  CONTROL  DATA  FOR  THE  RUN
--------------------------------------------------------------------------------

default_name                                                                    

General flags:
     imin    =       0, nmropt  =       0

Nature and format of input:
     ntx     =       5, irest   =       1, ntrx    =       1

Nature and format of output:
     ntxo    =       1, ntpr    =     500, ntrx    =       1, ntwr    =     500
     iwrap   =       1, ntwx    =     500, ntwv    =       0, ntwe    =       0
     ioutfm  =       1, ntwprt  =       0, idecomp =       0, rbornstat=      0

Potential function:
     ntf     =       2, ntb     =       2, igb     =       0, nsnb    =      25
     ipol    =       0, gbsa    =       0, iesp    =       0
     dielc   =   1.00000, cut     =  10.00000, intdiel =   1.00000

Frozen or restrained atoms:
     ibelly  =       0, ntr     =       1
     restraint_wt =   7.00000

Molecular dynamics:
     nstlim  =     50000, nscm    =         0, nrespa  =         1
     t       =   0.00000, dt      =   0.00200, vlimit  =  -1.00000

Langevin dynamics temperature regulation:
     ig      =  551233
     temp0   = 300.00000, tempi   = 300.00000, gamma_ln=   5.00000

Pressure regulation:
     ntp     =       1
     pres0   =   1.00000, comp    =  44.60000, taup    =   1.00000

SHAKE:
     ntc     =       2, jfastw  =       0
     tol     =   0.00001

| Intermolecular bonds treatment:
|     no_intermolecular_bonds =       1

| Energy averages sample interval:
|     ene_avg_sampling =     500

Ewald parameters:
     verbose =       0, ew_type =       0, nbflag  =       1, use_pme =       1
     vdwmeth =       1, eedmeth =       1, netfrc  =       1
     Box X =   53.302   Box Y =   53.302   Box Z =   53.302
     Alpha =  109.471   Beta  =  109.471   Gamma =  109.471
     NFFT1 =   56       NFFT2 =   56       NFFT3 =   56
     Cutoff=   10.000   Tol   =0.100E-04
     Ewald Coefficient =  0.27511
     Interpolation order =    4

    LOADING THE CONSTRAINED ATOMS AS GROUPS


   5.  REFERENCE ATOM COORDINATES

  default_name                                                                    
     Mask :1-49@N,CA,C,O; matches   196 atoms

--------------------------------------------------------------------------------
   3.  ATOMIC COORDINATES AND VELOCITIES
--------------------------------------------------------------------------------

default_name                                                                    
 begin time read from input coords =   940.000 ps

 
 Number of triangulated 3-point waters found:     3618

     Sum of charges from parm topology file =  -0.00000003
     Forcing neutrality...

| Dynamic Memory, Types Used:
| Reals              642671
| Integers           365176

| Nonbonded Pairs Initial Allocation:     3519296

| GPU memory information (estimate):
| KB of GPU memory in use:     85536
| KB of CPU memory in use:     17664

--------------------------------------------------------------------------------
   4.  RESULTS
--------------------------------------------------------------------------------

 ---------------------------------------------------
 APPROXIMATING switch and d/dx switch using CUBIC SPLINE INTERPOLATION
 using   5000.0 points per unit in tabled values
 TESTING RELATIVE ERROR over r ranging from 0.0 to cutoff
| CHECK switch(x): max rel err =   0.2738E-14   at   2.422500
| CHECK d/dx switch(x): max rel err =   0.8314E-11   at   2.736960
 ---------------------------------------------------
|---------------------------------------------------
| APPROXIMATING direct energy using CUBIC SPLINE INTERPOLATION
|  with   50.0 points per unit in tabled values
| Relative Error Limit not exceeded for r .gt.   2.33
| APPROXIMATING direct force using CUBIC SPLINE INTERPOLATION
|  with   50.0 points per unit in tabled values
| Relative Error Limit not exceeded for r .gt.   2.80
|---------------------------------------------------
wrapping first mol.:      -35.55232       25.13929       43.54253
wrapping first mol.:      -35.55232       25.13929       43.54253

 NSTEP =      500   TIME(PS) =     941.000  TEMP(K) =   294.99  PRESS =   -84.5
 Etot   =    -29159.0108  EKtot   =      6936.8457  EPtot      =    -36095.8565
 BOND   =       158.7643  ANGLE   =       395.9730  DIHED      =       621.5938
 1-4 NB =       175.1573  1-4 EEL =      2452.5191  VDWAALS    =      4681.4107
 EELEC  =    -44621.9754  EHBOND  =         0.0000  RESTRAINT  =        40.7007
 EAMBER (non-restraint)  =    -36136.5572
 EKCMT  =      3217.8877  VIRIAL  =      3431.0004  VOLUME     =    116750.6038
                                                    Density    =         1.0089
 ------------------------------------------------------------------------------

wrapping first mol.:      -35.55555       25.14158       43.54649
wrapping first mol.:      -35.55555       25.14158       43.54649

 NSTEP =     1000   TIME(PS) =     942.000  TEMP(K) =   302.00  PRESS =   -76.9
 Etot   =    -28967.5452  EKtot   =      7101.6938  EPtot      =    -36069.2391
 BOND   =       162.2793  ANGLE   =       409.3519  DIHED      =       628.1292
 1-4 NB =       173.8377  1-4 EEL =      2442.9075  VDWAALS    =      4666.3482
 EELEC  =    -44593.6212  EHBOND  =         0.0000  RESTRAINT  =        41.5283
 EAMBER (non-restraint)  =    -36110.7673
 EKCMT  =      3284.9832  VIRIAL  =      3478.7950  VOLUME     =    116782.3845
                                                    Density    =         1.0087
 ------------------------------------------------------------------------------

wrapping first mol.:      -35.54635       25.13507       43.53521
wrapping first mol.:      -35.54635       25.13507       43.53521

 NSTEP =     1500   TIME(PS) =     943.000  TEMP(K) =   295.86  PRESS =   -94.6
 Etot   =    -29289.9710  EKtot   =      6957.2725  EPtot      =    -36247.2434
 BOND   =       139.7880  ANGLE   =       384.6815  DIHED      =       634.1785
 1-4 NB =       184.9083  1-4 EEL =      2469.8917  VDWAALS    =      4758.4829
 EELEC  =    -44866.7515  EHBOND  =         0.0000  RESTRAINT  =        47.5772
 EAMBER (non-restraint)  =    -36294.8206
 EKCMT  =      3226.8340  VIRIAL  =      3465.2414  VOLUME     =    116691.8938
                                                    Density    =         1.0095
 ------------------------------------------------------------------------------

wrapping first mol.:      -35.58891       25.16517       43.58735
wrapping first mol.:      -35.58891       25.16517       43.58735

 NSTEP =     2000   TIME(PS) =     944.000  TEMP(K) =   301.95  PRESS =  -288.9
 Etot   =    -28839.2444  EKtot   =      7100.5483  EPtot      =    -35939.7927
 BOND   =       154.6690  ANGLE   =       380.1813  DIHED      =       623.5910
 1-4 NB =       188.5188  1-4 EEL =      2447.2072  VDWAALS    =      4563.2559
 EELEC  =    -44342.9294  EHBOND  =         0.0000  RESTRAINT  =        45.7134
 EAMBER (non-restraint)  =    -35985.5061
 EKCMT  =      3267.7548  VIRIAL  =      3998.3124  VOLUME     =    117113.6308
                                                    Density    =         1.0058
 ------------------------------------------------------------------------------

wrapping first mol.:      -35.56296       25.14681       43.55556
wrapping first mol.:      -35.56296       25.14681       43.55556

 NSTEP =     2500   TIME(PS) =     945.000  TEMP(K) =   297.95  PRESS =   160.5
 Etot   =    -28936.2045  EKtot   =      7006.5068  EPtot      =    -35942.7113
 BOND   =       151.9822  ANGLE   =       370.4946  DIHED      =       615.7269
 1-4 NB =       183.9019  1-4 EEL =      2451.6415  VDWAALS    =      4763.1546
 EELEC  =    -44523.3510  EHBOND  =         0.0000  RESTRAINT  =        43.7381
 EAMBER (non-restraint)  =    -35986.4494
 EKCMT  =      3222.2194  VIRIAL  =      2817.3056  VOLUME     =    116852.9013
                                                    Density    =         1.0081
 ------------------------------------------------------------------------------

wrapping first mol.:      -35.53961       25.13031       43.52696
wrapping first mol.:      -35.53961       25.13031       43.52696

 NSTEP =     3000   TIME(PS) =     946.000  TEMP(K) =   300.51  PRESS =  -170.1
 Etot   =    -28919.4556  EKtot   =      7066.5620  EPtot      =    -35986.0176
 BOND   =       158.8982  ANGLE   =       408.7772  DIHED      =       631.5877
 1-4 NB =       181.7293  1-4 EEL =      2450.6821  VDWAALS    =      4602.6419
 EELEC  =    -44463.6165  EHBOND  =         0.0000  RESTRAINT  =        43.2824
 EAMBER (non-restraint)  =    -36029.3000
 EKCMT  =      3287.4653  VIRIAL  =      3715.8087  VOLUME     =    116626.3425
                                                    Density    =         1.0100
 ------------------------------------------------------------------------------

wrapping first mol.:      -35.54467       25.13388       43.53316
wrapping first mol.:      -35.54467       25.13388       43.53316

 NSTEP =     3500   TIME(PS) =     947.000  TEMP(K) =   298.73  PRESS =   343.0
 Etot   =    -29024.3546  EKtot   =      7024.8765  EPtot      =    -36049.2310
 BOND   =       157.8045  ANGLE   =       372.1707  DIHED      =       623.3533
 1-4 NB =       185.5461  1-4 EEL =      2476.0363  VDWAALS    =      4759.1362
 EELEC  =    -44666.8313  EHBOND  =         0.0000  RESTRAINT  =        43.5532
 EAMBER (non-restraint)  =    -36092.7842
 EKCMT  =      3249.4366  VIRIAL  =      2385.4873  VOLUME     =    116670.7967
                                                    Density    =         1.0096
 ------------------------------------------------------------------------------

wrapping first mol.:      -35.59215       25.16746       43.59131
wrapping first mol.:      -35.59215       25.16746       43.59131

 NSTEP =     4000   TIME(PS) =     948.000  TEMP(K) =   300.79  PRESS =  -147.6
 Etot   =    -28924.1028  EKtot   =      7073.1338  EPtot      =    -35997.2366
 BOND   =       168.4403  ANGLE   =       385.0230  DIHED      =       630.4732
 1-4 NB =       186.1955  1-4 EEL =      2450.4552  VDWAALS    =      4678.0226
 EELEC  =    -44538.8122  EHBOND  =         0.0000  RESTRAINT  =        42.9659
 EAMBER (non-restraint)  =    -36040.2025
 EKCMT  =      3257.1502  VIRIAL  =      3630.4536  VOLUME     =    117144.1196
                                                    Density    =         1.0056
 ------------------------------------------------------------------------------

wrapping first mol.:      -35.57343       25.15422       43.56838
wrapping first mol.:      -35.57343       25.15422       43.56838

 NSTEP =     4500   TIME(PS) =     949.000  TEMP(K) =   301.89  PRESS =   105.2
 Etot   =    -29085.3366  EKtot   =      7098.9868  EPtot      =    -36184.3234
 BOND   =       155.4024  ANGLE   =       380.0571  DIHED      =       621.5518
 1-4 NB =       171.2963  1-4 EEL =      2442.0896  VDWAALS    =      4747.5041
 EELEC  =    -44751.0265  EHBOND  =         0.0000  RESTRAINT  =        48.8019
 EAMBER (non-restraint)  =    -36233.1253
 EKCMT  =      3304.1220  VIRIAL  =      3038.5577  VOLUME     =    116956.7445
                                                    Density    =         1.0072
 ------------------------------------------------------------------------------

wrapping first mol.:      -35.57301       25.15392       43.56786
wrapping first mol.:      -35.57301       25.15392       43.56786

 NSTEP =     5000   TIME(PS) =     950.000  TEMP(K) =   297.48  PRESS =   154.7
 Etot   =    -28923.2079  EKtot   =      6995.4702  EPtot      =    -35918.6781
 BOND   =       151.6261  ANGLE   =       412.8218  DIHED      =       627.3047
 1-4 NB =       178.0129  1-4 EEL =      2450.7903  VDWAALS    =      4698.3278
 EELEC  =    -44479.2611  EHBOND  =         0.0000  RESTRAINT  =        41.6994
 EAMBER (non-restraint)  =    -35960.3775
 EKCMT  =      3189.4845  VIRIAL  =      2798.9206  VOLUME     =    116952.0204
                                                    Density    =         1.0072
 ------------------------------------------------------------------------------

wrapping first mol.:      -35.57318       25.15404       43.56807
wrapping first mol.:      -35.57318       25.15404       43.56807

 NSTEP =     5500   TIME(PS) =     951.000  TEMP(K) =   297.48  PRESS =   327.6
 Etot   =    -28954.7481  EKtot   =      6995.3311  EPtot      =    -35950.0791
 BOND   =       145.8805  ANGLE   =       412.0096  DIHED      =       616.3475
 1-4 NB =       177.7928  1-4 EEL =      2433.8480  VDWAALS    =      4814.2553
 EELEC  =    -44591.7295  EHBOND  =         0.0000  RESTRAINT  =        41.5167
 EAMBER (non-restraint)  =    -35991.5958
 EKCMT  =      3252.6302  VIRIAL  =      2425.5044  VOLUME     =    116951.9137
                                                    Density    =         1.0072
 ------------------------------------------------------------------------------

wrapping first mol.:      -35.58234       25.16052       43.57929
wrapping first mol.:      -35.58234       25.16052       43.57929

 NSTEP =     6000   TIME(PS) =     952.000  TEMP(K) =   304.59  PRESS =  -232.2
 Etot   =    -28752.8912  EKtot   =      7162.5767  EPtot      =    -35915.4679
 BOND   =       142.0424  ANGLE   =       373.4712  DIHED      =       616.1345
 1-4 NB =       174.4939  1-4 EEL =      2457.7823  VDWAALS    =      4497.2650
 EELEC  =    -44218.9880  EHBOND  =         0.0000  RESTRAINT  =        42.3307
 EAMBER (non-restraint)  =    -35957.7986
 EKCMT  =      3326.8620  VIRIAL  =      3913.7197  VOLUME     =    117048.1313
                                                    Density    =         1.0064
 ------------------------------------------------------------------------------

wrapping first mol.:      -35.57726       25.15693       43.57307
wrapping first mol.:      -35.57726       25.15693       43.57307

 NSTEP =     6500   TIME(PS) =     953.000  TEMP(K) =   300.32  PRESS =   -43.7
 Etot   =    -28947.4907  EKtot   =      7062.1841  EPtot      =    -36009.6748
 BOND   =       144.6459  ANGLE   =       382.6832  DIHED      =       631.1595
 1-4 NB =       171.5589  1-4 EEL =      2445.3250  VDWAALS    =      4665.3171
 EELEC  =    -44495.7932  EHBOND  =         0.0000  RESTRAINT  =        45.4287
 EAMBER (non-restraint)  =    -36055.1035
 EKCMT  =      3203.0343  VIRIAL  =      3313.4381  VOLUME     =    116996.0541
                                                    Density    =         1.0068
 ------------------------------------------------------------------------------

wrapping first mol.:      -35.61298       25.18219       43.61682
wrapping first mol.:      -35.61298       25.18219       43.61682

 NSTEP =     7000   TIME(PS) =     954.000  TEMP(K) =   297.77  PRESS =    84.1
 Etot   =    -29150.9972  EKtot   =      7002.2202  EPtot      =    -36153.2175
 BOND   =       152.1276  ANGLE   =       389.3709  DIHED      =       621.3338
 1-4 NB =       194.2346  1-4 EEL =      2484.5922  VDWAALS    =      4806.2882
 EELEC  =    -44843.3060  EHBOND  =         0.0000  RESTRAINT  =        42.1412
 EAMBER (non-restraint)  =    -36195.3587
 EKCMT  =      3235.3374  VIRIAL  =      3022.1969  VOLUME     =    117347.5042
                                                    Density    =         1.0038
 ------------------------------------------------------------------------------

wrapping first mol.:      -35.57205       25.15325       43.56670
wrapping first mol.:      -35.57205       25.15325       43.56670

 NSTEP =     7500   TIME(PS) =     955.000  TEMP(K) =   300.86  PRESS =   505.0
 Etot   =    -28952.0259  EKtot   =      7074.7490  EPtot      =    -36026.7749
 BOND   =       146.9760  ANGLE   =       381.0131  DIHED      =       626.5294
 1-4 NB =       185.6539  1-4 EEL =      2456.6837  VDWAALS    =      4957.6205
 EELEC  =    -44821.7548  EHBOND  =         0.0000  RESTRAINT  =        40.5033
 EAMBER (non-restraint)  =    -36067.2782
 EKCMT  =      3218.3557  VIRIAL  =      1943.2800  VOLUME     =    116938.9869
                                                    Density    =         1.0073
 ------------------------------------------------------------------------------

wrapping first mol.:      -35.57605       25.15607       43.57159
wrapping first mol.:      -35.57605       25.15607       43.57159

 NSTEP =     8000   TIME(PS) =     956.000  TEMP(K) =   303.24  PRESS =  -293.9
 Etot   =    -29066.3665  EKtot   =      7130.7480  EPtot      =    -36197.1146
 BOND   =       148.2829  ANGLE   =       387.2741  DIHED      =       626.7291
 1-4 NB =       186.6676  1-4 EEL =      2482.5715  VDWAALS    =      4703.1803
 EELEC  =    -44774.3614  EHBOND  =         0.0000  RESTRAINT  =        42.5412
 EAMBER (non-restraint)  =    -36239.6557
 EKCMT  =      3304.0021  VIRIAL  =      4046.3615  VOLUME     =    116986.7266
                                                    Density    =         1.0069
 ------------------------------------------------------------------------------

wrapping first mol.:      -35.55933       25.14425       43.55112
wrapping first mol.:      -35.55933       25.14425       43.55112

 NSTEP =     8500   TIME(PS) =     957.000  TEMP(K) =   303.07  PRESS =   -35.6
 Etot   =    -29058.8590  EKtot   =      7126.8354  EPtot      =    -36185.6944
 BOND   =       134.4692  ANGLE   =       371.9843  DIHED      =       625.8973
 1-4 NB =       177.7017  1-4 EEL =      2479.7903  VDWAALS    =      4806.2441
 EELEC  =    -44828.1394  EHBOND  =         0.0000  RESTRAINT  =        46.3579
 EAMBER (non-restraint)  =    -36232.0524
 EKCMT  =      3340.8655  VIRIAL  =      3430.6816  VOLUME     =    116819.2249
                                                    Density    =         1.0084
 ------------------------------------------------------------------------------

wrapping first mol.:       17.79797       25.17014       43.59595
wrapping first mol.:       17.79797       25.17014       43.59595

 NSTEP =     9000   TIME(PS) =     958.000  TEMP(K) =   299.25  PRESS =   229.1
 Etot   =    -28968.3563  EKtot   =      7037.0508  EPtot      =    -36005.4071
 BOND   =       164.1247  ANGLE   =       388.5130  DIHED      =       619.6885
 1-4 NB =       178.8820  1-4 EEL =      2458.2439  VDWAALS    =      4768.5536
 EELEC  =    -44625.8153  EHBOND  =         0.0000  RESTRAINT  =        42.4024
 EAMBER (non-restraint)  =    -36047.8095
 EKCMT  =      3257.2663  VIRIAL  =      2677.5725  VOLUME     =    117177.6013
                                                    Density    =         1.0053
 ------------------------------------------------------------------------------

wrapping first mol.:      -35.59821       25.17174       43.59873
wrapping first mol.:      -35.59821       25.17174       43.59873

 NSTEP =     9500   TIME(PS) =     959.000  TEMP(K) =   300.84  PRESS =   -52.7
 Etot   =    -28896.6527  EKtot   =      7074.4092  EPtot      =    -35971.0619
 BOND   =       162.8870  ANGLE   =       381.7754  DIHED      =       617.7179
 1-4 NB =       179.3521  1-4 EEL =      2473.8519  VDWAALS    =      4729.9238
 EELEC  =    -44559.5224  EHBOND  =         0.0000  RESTRAINT  =        42.9524
 EAMBER (non-restraint)  =    -36014.0143
 EKCMT  =      3203.5022  VIRIAL  =      3336.8148  VOLUME     =    117202.9751
                                                    Density    =         1.0051
 ------------------------------------------------------------------------------

wrapping first mol.:      -35.59428       25.16896       43.59392
wrapping first mol.:      -35.59428       25.16896       43.59392

 NSTEP =    10000   TIME(PS) =     960.000  TEMP(K) =   300.15  PRESS =    28.8
 Etot   =    -29089.8946  EKtot   =      7058.2217  EPtot      =    -36148.1163
 BOND   =       128.2795  ANGLE   =       380.5865  DIHED      =       626.5914
 1-4 NB =       192.8263  1-4 EEL =      2458.2044  VDWAALS    =      4751.6136
 EELEC  =    -44729.2930  EHBOND  =         0.0000  RESTRAINT  =        43.0750
 EAMBER (non-restraint)  =    -36191.1913
 EKCMT  =      3207.2210  VIRIAL  =      3134.4746  VOLUME     =    117163.2778
                                                    Density    =         1.0054
 ------------------------------------------------------------------------------

wrapping first mol.:      -35.53906       25.12992       43.52629
wrapping first mol.:      -35.53906       25.12992       43.52629

 NSTEP =    10500   TIME(PS) =     961.000  TEMP(K) =   300.46  PRESS =  -181.8
 Etot   =    -29134.1588  EKtot   =      7065.3374  EPtot      =    -36199.4962
 BOND   =       157.6849  ANGLE   =       393.7414  DIHED      =       616.4959
 1-4 NB =       172.4516  1-4 EEL =      2467.6137  VDWAALS    =      4629.4429
 EELEC  =    -44686.1297  EHBOND  =         0.0000  RESTRAINT  =        49.2031
 EAMBER (non-restraint)  =    -36248.6993
 EKCMT  =      3226.5875  VIRIAL  =      3684.3370  VOLUME     =    116621.0630
                                                    Density    =         1.0101
 ------------------------------------------------------------------------------

wrapping first mol.:      -35.57585       25.15593       43.57135
wrapping first mol.:      -35.57585       25.15593       43.57135

 NSTEP =    11000   TIME(PS) =     962.000  TEMP(K) =   302.17  PRESS =  -309.1
 Etot   =    -29037.1223  EKtot   =      7105.6631  EPtot      =    -36142.7853
 BOND   =       139.1466  ANGLE   =       385.9136  DIHED      =       626.1885
 1-4 NB =       180.5551  1-4 EEL =      2466.8477  VDWAALS    =      4608.3889
 EELEC  =    -44596.6058  EHBOND  =         0.0000  RESTRAINT  =        46.7801
 EAMBER (non-restraint)  =    -36189.5655
 EKCMT  =      3309.1322  VIRIAL  =      4089.8605  VOLUME     =    116984.9446
                                                    Density    =         1.0069
 ------------------------------------------------------------------------------

wrapping first mol.:      -35.55962       25.14445       43.55147
wrapping first mol.:      -35.55962       25.14445       43.55147

 NSTEP =    11500   TIME(PS) =     963.000  TEMP(K) =   302.23  PRESS =     5.8
 Etot   =    -28722.1507  EKtot   =      7106.9893  EPtot      =    -35829.1400
 BOND   =       143.8717  ANGLE   =       404.0233  DIHED      =       628.0042
 1-4 NB =       178.9964  1-4 EEL =      2474.1967  VDWAALS    =      4574.7247
 EELEC  =    -44276.1168  EHBOND  =         0.0000  RESTRAINT  =        43.1599
 EAMBER (non-restraint)  =    -35872.2999
 EKCMT  =      3253.7310  VIRIAL  =      3239.1523  VOLUME     =    116821.6194
                                                    Density    =         1.0083
 ------------------------------------------------------------------------------

wrapping first mol.:      -35.55983       25.14460       43.55173
wrapping first mol.:      -35.55983       25.14460       43.55173

 NSTEP =    12000   TIME(PS) =     964.000  TEMP(K) =   297.85  PRESS =    90.0
 Etot   =    -29026.0458  EKtot   =      7004.0161  EPtot      =    -36030.0619
 BOND   =       149.2904  ANGLE   =       421.8909  DIHED      =       620.9409
 1-4 NB =       170.8718  1-4 EEL =      2468.6027  VDWAALS    =      4735.9954
 EELEC  =    -44652.3498  EHBOND  =         0.0000  RESTRAINT  =        54.6958
 EAMBER (non-restraint)  =    -36084.7577
 EKCMT  =      3265.6752  VIRIAL  =      3038.7372  VOLUME     =    116822.8083
                                                    Density    =         1.0083
 ------------------------------------------------------------------------------

wrapping first mol.:      -35.58795       25.16449       43.58617
wrapping first mol.:      -35.58795       25.16449       43.58617

 NSTEP =    12500   TIME(PS) =     965.000  TEMP(K) =   299.73  PRESS =   180.7
 Etot   =    -29031.7564  EKtot   =      7048.1699  EPtot      =    -36079.9263
 BOND   =       159.6317  ANGLE   =       377.2737  DIHED      =       617.8462
 1-4 NB =       170.1311  1-4 EEL =      2434.8581  VDWAALS    =      4836.2949
 EELEC  =    -44722.4358  EHBOND  =         0.0000  RESTRAINT  =        46.4738
 EAMBER (non-restraint)  =    -36126.4001
 EKCMT  =      3238.2392  VIRIAL  =      2781.4742  VOLUME     =    117099.2255
                                                    Density    =         1.0059
 ------------------------------------------------------------------------------

wrapping first mol.:      -35.53588       25.12766       43.52239
wrapping first mol.:      -35.53588       25.12766       43.52239

 NSTEP =    13000   TIME(PS) =     966.000  TEMP(K) =   299.74  PRESS =   108.4
 Etot   =    -28867.9416  EKtot   =      7048.5840  EPtot      =    -35916.5256
 BOND   =       136.8630  ANGLE   =       399.0309  DIHED      =       631.7431
 1-4 NB =       173.6972  1-4 EEL =      2445.1717  VDWAALS    =      4729.9288
 EELEC  =    -44477.9910  EHBOND  =         0.0000  RESTRAINT  =        45.0309
 EAMBER (non-restraint)  =    -35961.5565
 EKCMT  =      3217.4744  VIRIAL  =      2944.7195  VOLUME     =    116586.6903
                                                    Density    =         1.0104
 ------------------------------------------------------------------------------

wrapping first mol.:      -35.51581       25.11347       43.49781
wrapping first mol.:      -35.51581       25.11347       43.49781

 NSTEP =    13500   TIME(PS) =     967.000  TEMP(K) =   299.47  PRESS =   179.7
 Etot   =    -29035.9023  EKtot   =      7042.2349  EPtot      =    -36078.1372
 BOND   =       155.7133  ANGLE   =       425.4681  DIHED      =       645.3955
 1-4 NB =       178.1896  1-4 EEL =      2433.3659  VDWAALS    =      4692.7227
 EELEC  =    -44654.6271  EHBOND  =         0.0000  RESTRAINT  =        45.6347
 EAMBER (non-restraint)  =    -36123.7719
 EKCMT  =      3294.8779  VIRIAL  =      2843.2140  VOLUME     =    116388.5226
                                                    Density    =         1.0121
 ------------------------------------------------------------------------------

wrapping first mol.:      -35.51730       25.11453       43.49963
wrapping first mol.:      -35.51730       25.11453       43.49963

 NSTEP =    14000   TIME(PS) =     968.000  TEMP(K) =   299.52  PRESS =   -24.4
 Etot   =    -28927.0393  EKtot   =      7043.3130  EPtot      =    -35970.3523
 BOND   =       141.2646  ANGLE   =       396.5957  DIHED      =       622.2140
 1-4 NB =       189.2027  1-4 EEL =      2476.3262  VDWAALS    =      4729.2794
 EELEC  =    -44574.5289  EHBOND  =         0.0000  RESTRAINT  =        49.2940
 EAMBER (non-restraint)  =    -36019.6463
 EKCMT  =      3265.8336  VIRIAL  =      3327.0679  VOLUME     =    116405.2988
                                                    Density    =         1.0119
 ------------------------------------------------------------------------------

wrapping first mol.:      -35.55011       25.13773       43.53982
wrapping first mol.:      -35.55011       25.13773       43.53982

 NSTEP =    14500   TIME(PS) =     969.000  TEMP(K) =   295.78  PRESS =   141.3
 Etot   =    -29228.2744  EKtot   =      6955.3096  EPtot      =    -36183.5839
 BOND   =       143.6830  ANGLE   =       395.2808  DIHED      =       623.5493
 1-4 NB =       176.6718  1-4 EEL =      2463.5258  VDWAALS    =      4821.1021
 EELEC  =    -44855.4862  EHBOND  =         0.0000  RESTRAINT  =        48.0894
 EAMBER (non-restraint)  =    -36231.6733
 EKCMT  =      3191.4113  VIRIAL  =      2835.4172  VOLUME     =    116726.5135
                                                    Density    =         1.0092
 ------------------------------------------------------------------------------

wrapping first mol.:      -35.49176       25.09647       43.46836
wrapping first mol.:      -35.49176       25.09647       43.46836

 NSTEP =    15000   TIME(PS) =     970.000  TEMP(K) =   302.04  PRESS =   120.7
 Etot   =    -28956.0416  EKtot   =      7102.5337  EPtot      =    -36058.5753
 BOND   =       142.3908  ANGLE   =       395.4009  DIHED      =       635.7581
 1-4 NB =       174.3660  1-4 EEL =      2466.5629  VDWAALS    =      4716.8339
 EELEC  =    -44636.8303  EHBOND  =         0.0000  RESTRAINT  =        46.9424
 EAMBER (non-restraint)  =    -36105.5177
 EKCMT  =      3292.6716  VIRIAL  =      2989.9400  VOLUME     =    116152.9287
                                                    Density    =         1.0141
 ------------------------------------------------------------------------------

wrapping first mol.:      -35.50595       25.10651       43.48574
wrapping first mol.:      -35.50595       25.10651       43.48574

 NSTEP =    15500   TIME(PS) =     971.000  TEMP(K) =   301.48  PRESS =  -144.1
 Etot   =    -28988.0851  EKtot   =      7089.4414  EPtot      =    -36077.5265
 BOND   =       139.9293  ANGLE   =       377.9417  DIHED      =       630.1457
 1-4 NB =       182.7097  1-4 EEL =      2468.0748  VDWAALS    =      4616.9315
 EELEC  =    -44545.6587  EHBOND  =         0.0000  RESTRAINT  =        52.3995
 EAMBER (non-restraint)  =    -36129.9260
 EKCMT  =      3235.1975  VIRIAL  =      3597.0487  VOLUME     =    116295.0413
                                                    Density    =         1.0129
 ------------------------------------------------------------------------------

wrapping first mol.:      -35.51485       25.11279       43.49663
wrapping first mol.:      -35.51485       25.11279       43.49663

 NSTEP =    16000   TIME(PS) =     972.000  TEMP(K) =   299.82  PRESS =   157.6
 Etot   =    -29139.6950  EKtot   =      7050.3652  EPtot      =    -36190.0602
 BOND   =       161.2636  ANGLE   =       406.2746  DIHED      =       614.8561
 1-4 NB =       178.8087  1-4 EEL =      2462.4739  VDWAALS    =      4763.6934
 EELEC  =    -44825.3409  EHBOND  =         0.0000  RESTRAINT  =        47.9103
 EAMBER (non-restraint)  =    -36237.9705
 EKCMT  =      3166.2965  VIRIAL  =      2770.3960  VOLUME     =    116379.3069
                                                    Density    =         1.0122
 ------------------------------------------------------------------------------

wrapping first mol.:      -35.53587       25.12766       43.52238
wrapping first mol.:      -35.53587       25.12766       43.52238

 NSTEP =    16500   TIME(PS) =     973.000  TEMP(K) =   296.62  PRESS =   227.2
 Etot   =    -29248.9641  EKtot   =      6975.0986  EPtot      =    -36224.0627
 BOND   =       129.8197  ANGLE   =       411.8088  DIHED      =       617.7813
 1-4 NB =       187.8871  1-4 EEL =      2445.8539  VDWAALS    =      4891.5977
 EELEC  =    -44954.7647  EHBOND  =         0.0000  RESTRAINT  =        45.9534
 EAMBER (non-restraint)  =    -36270.0161
 EKCMT  =      3150.7577  VIRIAL  =      2578.7815  VOLUME     =    116585.4115
                                                    Density    =         1.0104
 ------------------------------------------------------------------------------

wrapping first mol.:      -35.51455       25.11258       43.49627
wrapping first mol.:      -35.51455       25.11258       43.49627

 NSTEP =    17000   TIME(PS) =     974.000  TEMP(K) =   292.55  PRESS =  -166.1
 Etot   =    -29146.4363  EKtot   =      6879.4888  EPtot      =    -36025.9250
 BOND   =       163.6259  ANGLE   =       405.7194  DIHED      =       627.9857
 1-4 NB =       177.0049  1-4 EEL =      2471.4798  VDWAALS    =      4691.6627
 EELEC  =    -44609.7586  EHBOND  =         0.0000  RESTRAINT  =        46.3552
 EAMBER (non-restraint)  =    -36072.2803
 EKCMT  =      3150.2374  VIRIAL  =      3567.6414  VOLUME     =    116379.7350
                                                    Density    =         1.0122
 ------------------------------------------------------------------------------

wrapping first mol.:       17.76273       25.12029       43.50962
wrapping first mol.:       17.76273       25.12029       43.50962

 NSTEP =    17500   TIME(PS) =     975.000  TEMP(K) =   297.97  PRESS =    -3.7
 Etot   =    -29131.3838  EKtot   =      7006.9434  EPtot      =    -36138.3271
 BOND   =       140.0043  ANGLE   =       410.6164  DIHED      =       610.6527
 1-4 NB =       171.0804  1-4 EEL =      2452.9677  VDWAALS    =      4828.4636
 EELEC  =    -44799.1804  EHBOND  =         0.0000  RESTRAINT  =        47.0682
 EAMBER (non-restraint)  =    -36185.3953
 EKCMT  =      3232.9573  VIRIAL  =      3242.2433  VOLUME     =    116485.2463
                                                    Density    =         1.0112
 ------------------------------------------------------------------------------

wrapping first mol.:      -35.58539       25.16267       43.58303
wrapping first mol.:      -35.58539       25.16267       43.58303

 NSTEP =    18000   TIME(PS) =     976.000  TEMP(K) =   296.20  PRESS =  -402.8
 Etot   =    -29149.0017  EKtot   =      6965.2534  EPtot      =    -36114.2552
 BOND   =       155.2942  ANGLE   =       381.8545  DIHED      =       611.2329
 1-4 NB =       181.7007  1-4 EEL =      2436.7850  VDWAALS    =      4565.7211
 EELEC  =    -44493.4028  EHBOND  =         0.0000  RESTRAINT  =        46.5592
 EAMBER (non-restraint)  =    -36160.8144
 EKCMT  =      3156.1913  VIRIAL  =      4174.3275  VOLUME     =    117080.0218
                                                    Density    =         1.0061
 ------------------------------------------------------------------------------

wrapping first mol.:      -35.57288       25.15383       43.56771
wrapping first mol.:      -35.57288       25.15383       43.56771

 NSTEP =    18500   TIME(PS) =     977.000  TEMP(K) =   304.59  PRESS =   101.5
 Etot   =    -28842.7376  EKtot   =      7162.6216  EPtot      =    -36005.3592
 BOND   =       144.7623  ANGLE   =       394.6286  DIHED      =       628.5149
 1-4 NB =       181.1171  1-4 EEL =      2469.3845  VDWAALS    =      4641.2118
 EELEC  =    -44503.4481  EHBOND  =         0.0000  RESTRAINT  =        38.4697
 EAMBER (non-restraint)  =    -36043.8289
 EKCMT  =      3302.3247  VIRIAL  =      3045.9043  VOLUME     =    116951.3741
                                                    Density    =         1.0072
 ------------------------------------------------------------------------------

wrapping first mol.:      -35.56469       25.14804       43.55768
wrapping first mol.:      -35.56469       25.14804       43.55768

 NSTEP =    19000   TIME(PS) =     978.000  TEMP(K) =   303.32  PRESS =   -64.8
 Etot   =    -28904.3991  EKtot   =      7132.8154  EPtot      =    -36037.2146
 BOND   =       140.6537  ANGLE   =       363.7293  DIHED      =       630.0103
 1-4 NB =       174.3884  1-4 EEL =      2478.2651  VDWAALS    =      4753.8018
 EELEC  =    -44621.5802  EHBOND  =         0.0000  RESTRAINT  =        43.5171
 EAMBER (non-restraint)  =    -36080.7316
 EKCMT  =      3307.0312  VIRIAL  =      3470.5974  VOLUME     =    116872.2968
                                                    Density    =         1.0079
 ------------------------------------------------------------------------------

wrapping first mol.:      -35.56885       25.15098       43.56277
wrapping first mol.:      -35.56885       25.15098       43.56277

 NSTEP =    19500   TIME(PS) =     979.000  TEMP(K) =   299.19  PRESS =    78.6
 Etot   =    -28890.5774  EKtot   =      7035.4980  EPtot      =    -35926.0755
 BOND   =       142.2279  ANGLE   =       399.7631  DIHED      =       640.6663
 1-4 NB =       185.5560  1-4 EEL =      2479.2351  VDWAALS    =      4639.9944
 EELEC  =    -44461.5002  EHBOND  =         0.0000  RESTRAINT  =        47.9820
 EAMBER (non-restraint)  =    -35974.0574
 EKCMT  =      3252.7663  VIRIAL  =      3054.4684  VOLUME     =    116911.7916
                                                    Density    =         1.0076
 ------------------------------------------------------------------------------

wrapping first mol.:      -35.54757       25.13593       43.53670
wrapping first mol.:      -35.54757       25.13593       43.53670

 NSTEP =    20000   TIME(PS) =     980.000  TEMP(K) =   306.31  PRESS =  -340.0
 Etot   =    -28705.2505  EKtot   =      7202.9312  EPtot      =    -35908.1817
 BOND   =       157.0149  ANGLE   =       396.8362  DIHED      =       647.7625
 1-4 NB =       176.7360  1-4 EEL =      2445.9151  VDWAALS    =      4458.4428
 EELEC  =    -44237.4575  EHBOND  =         0.0000  RESTRAINT  =        46.5684
 EAMBER (non-restraint)  =    -35954.7501
 EKCMT  =      3359.9502  VIRIAL  =      4216.7227  VOLUME     =    116706.4444
                                                    Density    =         1.0093
 ------------------------------------------------------------------------------

wrapping first mol.:      -35.56201       25.14614       43.55439
wrapping first mol.:      -35.56201       25.14614       43.55439

 NSTEP =    20500   TIME(PS) =     981.000  TEMP(K) =   296.77  PRESS =   159.3
 Etot   =    -29120.4166  EKtot   =      6978.7773  EPtot      =    -36099.1939
 BOND   =       151.9099  ANGLE   =       396.7921  DIHED      =       609.9417
 1-4 NB =       176.0685  1-4 EEL =      2467.5700  VDWAALS    =      4791.7052
 EELEC  =    -44733.9729  EHBOND  =         0.0000  RESTRAINT  =        40.7916
 EAMBER (non-restraint)  =    -36139.9855
 EKCMT  =      3209.2128  VIRIAL  =      2807.3912  VOLUME     =    116843.5445
                                                    Density    =         1.0081
 ------------------------------------------------------------------------------

wrapping first mol.:      -35.58226       25.16046       43.57920
wrapping first mol.:      -35.58226       25.16046       43.57920

 NSTEP =    21000   TIME(PS) =     982.000  TEMP(K) =   300.62  PRESS =   -88.7
 Etot   =    -29091.6586  EKtot   =      7069.2231  EPtot      =    -36160.8818
 BOND   =       158.6678  ANGLE   =       400.5650  DIHED      =       617.6247
 1-4 NB =       171.8347  1-4 EEL =      2456.0122  VDWAALS    =      4731.3133
 EELEC  =    -44745.8547  EHBOND  =         0.0000  RESTRAINT  =        48.9553
 EAMBER (non-restraint)  =    -36209.8371
 EKCMT  =      3223.0688  VIRIAL  =      3447.2520  VOLUME     =    117045.8693
                                                    Density    =         1.0064
 ------------------------------------------------------------------------------

wrapping first mol.:      -35.57838       25.15772       43.57444
wrapping first mol.:      -35.57838       25.15772       43.57444

 NSTEP =    21500   TIME(PS) =     983.000  TEMP(K) =   301.86  PRESS =   -26.0
 Etot   =    -28867.0115  EKtot   =      7098.3110  EPtot      =    -35965.3225
 BOND   =       149.8441  ANGLE   =       352.6678  DIHED      =       616.6329
 1-4 NB =       177.7025  1-4 EEL =      2464.8226  VDWAALS    =      4659.2557
 EELEC  =    -44432.9213  EHBOND  =         0.0000  RESTRAINT  =        46.6731
 EAMBER (non-restraint)  =    -36011.9956
 EKCMT  =      3261.0683  VIRIAL  =      3326.7469  VOLUME     =    117006.9257
                                                    Density    =         1.0067
 ------------------------------------------------------------------------------

wrapping first mol.:      -35.58683       25.16370       43.58479
wrapping first mol.:      -35.58683       25.16370       43.58479

 NSTEP =    22000   TIME(PS) =     984.000  TEMP(K) =   302.14  PRESS =   233.8
 Etot   =    -29029.9097  EKtot   =      7105.0308  EPtot      =    -36134.9405
 BOND   =       147.6694  ANGLE   =       357.8548  DIHED      =       625.6416
 1-4 NB =       182.8659  1-4 EEL =      2470.9328  VDWAALS    =      4818.8175
 EELEC  =    -44772.4807  EHBOND  =         0.0000  RESTRAINT  =        33.7583
 EAMBER (non-restraint)  =    -36168.6987
 EKCMT  =      3241.3712  VIRIAL  =      2650.3735  VOLUME     =    117087.6151
                                                    Density    =         1.0060
 ------------------------------------------------------------------------------

wrapping first mol.:      -35.59765       25.17135       43.59805
wrapping first mol.:      -35.59765       25.17135       43.59805

 NSTEP =    22500   TIME(PS) =     985.000  TEMP(K) =   300.19  PRESS =   173.4
 Etot   =    -29060.1726  EKtot   =      7059.0469  EPtot      =    -36119.2195
 BOND   =       144.5416  ANGLE   =       397.2073  DIHED      =       606.7627
 1-4 NB =       168.2381  1-4 EEL =      2460.5116  VDWAALS    =      4885.5909
 EELEC  =    -44826.9202  EHBOND  =         0.0000  RESTRAINT  =        44.8485
 EAMBER (non-restraint)  =    -36164.0680
 EKCMT  =      3249.1545  VIRIAL  =      2810.3497  VOLUME     =    117195.1008
                                                    Density    =         1.0051
 ------------------------------------------------------------------------------

wrapping first mol.:      -35.57363       25.15436       43.56863
wrapping first mol.:      -35.57363       25.15436       43.56863

 NSTEP =    23000   TIME(PS) =     986.000  TEMP(K) =   300.07  PRESS =   257.3
 Etot   =    -29004.3765  EKtot   =      7056.1797  EPtot      =    -36060.5562
 BOND   =       163.1133  ANGLE   =       418.1408  DIHED      =       617.6723
 1-4 NB =       170.7228  1-4 EEL =      2453.1586  VDWAALS    =      4730.6454
 EELEC  =    -44654.2647  EHBOND  =         0.0000  RESTRAINT  =        40.2553
 EAMBER (non-restraint)  =    -36100.8115
 EKCMT  =      3225.1920  VIRIAL  =      2575.5507  VOLUME     =    116957.1294
                                                    Density    =         1.0072
 ------------------------------------------------------------------------------

wrapping first mol.:      -35.56144       25.14574       43.55370
wrapping first mol.:      -35.56144       25.14574       43.55370

 NSTEP =    23500   TIME(PS) =     987.000  TEMP(K) =   298.78  PRESS =   159.0
 Etot   =    -28972.0051  EKtot   =      7025.8906  EPtot      =    -35997.8957
 BOND   =       140.3041  ANGLE   =       405.8175  DIHED      =       621.0769
 1-4 NB =       174.2369  1-4 EEL =      2457.9956  VDWAALS    =      4776.2284
 EELEC  =    -44611.2646  EHBOND  =         0.0000  RESTRAINT  =        37.7095
 EAMBER (non-restraint)  =    -36035.6052
 EKCMT  =      3172.0031  VIRIAL  =      2770.9332  VOLUME     =    116837.9736
                                                    Density    =         1.0082
 ------------------------------------------------------------------------------

wrapping first mol.:      -35.55400       25.14048       43.54459
wrapping first mol.:      -35.55400       25.14048       43.54459

 NSTEP =    24000   TIME(PS) =     988.000  TEMP(K) =   296.80  PRESS =   344.2
 Etot   =    -29102.3705  EKtot   =      6979.3164  EPtot      =    -36081.6869
 BOND   =       148.0047  ANGLE   =       367.4546  DIHED      =       627.5689
 1-4 NB =       180.2878  1-4 EEL =      2475.7157  VDWAALS    =      4851.9795
 EELEC  =    -44771.1223  EHBOND  =         0.0000  RESTRAINT  =        38.4242
 EAMBER (non-restraint)  =    -36120.1111
 EKCMT  =      3227.8793  VIRIAL  =      2360.1397  VOLUME     =    116762.7128
                                                    Density    =         1.0088
 ------------------------------------------------------------------------------

wrapping first mol.:      -35.52105       25.11718       43.50422
wrapping first mol.:      -35.52105       25.11718       43.50422

 NSTEP =    24500   TIME(PS) =     989.000  TEMP(K) =   298.18  PRESS =   247.4
 Etot   =    -29008.0256  EKtot   =      7011.8994  EPtot      =    -36019.9250
 BOND   =       176.3661  ANGLE   =       386.3743  DIHED      =       630.1067
 1-4 NB =       175.9714  1-4 EEL =      2457.6314  VDWAALS    =      4728.7929
 EELEC  =    -44616.8286  EHBOND  =         0.0000  RESTRAINT  =        41.6609
 EAMBER (non-restraint)  =    -36061.5859
 EKCMT  =      3170.7932  VIRIAL  =      2548.7907  VOLUME     =    116439.3316
                                                    Density    =         1.0116
 ------------------------------------------------------------------------------

wrapping first mol.:       17.77646       25.13971       43.54326
wrapping first mol.:       17.77646       25.13971       43.54326

 NSTEP =    25000   TIME(PS) =     990.000  TEMP(K) =   300.38  PRESS =   191.0
 Etot   =    -29022.8320  EKtot   =      7063.4956  EPtot      =    -36086.3276
 BOND   =       147.4317  ANGLE   =       413.1220  DIHED      =       617.6145
 1-4 NB =       185.4119  1-4 EEL =      2464.3720  VDWAALS    =      4789.5809
 EELEC  =    -44753.7923  EHBOND  =         0.0000  RESTRAINT  =        49.9318
 EAMBER (non-restraint)  =    -36136.2594
 EKCMT  =      3220.1230  VIRIAL  =      2738.6841  VOLUME     =    116753.6217
                                                    Density    =         1.0089
 ------------------------------------------------------------------------------

wrapping first mol.:      -35.57848       25.15779       43.57457
wrapping first mol.:      -35.57848       25.15779       43.57457

 NSTEP =    25500   TIME(PS) =     991.000  TEMP(K) =   301.63  PRESS =   181.6
 Etot   =    -29097.9690  EKtot   =      7092.9966  EPtot      =    -36190.9656
 BOND   =       150.9378  ANGLE   =       387.6792  DIHED      =       613.5856
 1-4 NB =       175.1588  1-4 EEL =      2464.6440  VDWAALS    =      4754.5920
 EELEC  =    -44785.3615  EHBOND  =         0.0000  RESTRAINT  =        47.7984
 EAMBER (non-restraint)  =    -36238.7640
 EKCMT  =      3239.0309  VIRIAL  =      2780.2322  VOLUME     =    117005.7787
                                                    Density    =         1.0067
 ------------------------------------------------------------------------------

wrapping first mol.:      -35.58825       25.16470       43.58653
wrapping first mol.:      -35.58825       25.16470       43.58653

 NSTEP =    26000   TIME(PS) =     992.000  TEMP(K) =   305.03  PRESS =   -21.6
 Etot   =    -28898.0617  EKtot   =      7173.0068  EPtot      =    -36071.0685
 BOND   =       153.0839  ANGLE   =       411.7302  DIHED      =       634.5648
 1-4 NB =       183.6448  1-4 EEL =      2461.2733  VDWAALS    =      4749.4359
 EELEC  =    -44712.4659  EHBOND  =         0.0000  RESTRAINT  =        47.6646
 EAMBER (non-restraint)  =    -36118.7331
 EKCMT  =      3329.4994  VIRIAL  =      3384.0055  VOLUME     =    117104.2927
                                                    Density    =         1.0059
 ------------------------------------------------------------------------------

wrapping first mol.:       17.79944       25.17221       43.59954
wrapping first mol.:       17.79944       25.17221       43.59954

 NSTEP =    26500   TIME(PS) =     993.000  TEMP(K) =   298.12  PRESS =  -243.0
 Etot   =    -29136.4793  EKtot   =      7010.4170  EPtot      =    -36146.8963
 BOND   =       155.3088  ANGLE   =       375.9408  DIHED      =       623.0482
 1-4 NB =       178.4465  1-4 EEL =      2484.1002  VDWAALS    =      4711.8575
 EELEC  =    -44717.7165  EHBOND  =         0.0000  RESTRAINT  =        42.1183
 EAMBER (non-restraint)  =    -36189.0146
 EKCMT  =      3194.4730  VIRIAL  =      3809.3336  VOLUME     =    117211.5088
                                                    Density    =         1.0050
 ------------------------------------------------------------------------------

wrapping first mol.:      -35.60521       25.17669       43.60731
wrapping first mol.:      -35.60521       25.17669       43.60731

 NSTEP =    27000   TIME(PS) =     994.000  TEMP(K) =   302.93  PRESS =  -129.5
 Etot   =    -28857.7225  EKtot   =      7123.5728  EPtot      =    -35981.2952
 BOND   =       140.5857  ANGLE   =       388.8079  DIHED      =       625.5707
 1-4 NB =       194.1030  1-4 EEL =      2459.8969  VDWAALS    =      4627.0575
 EELEC  =    -44462.7339  EHBOND  =         0.0000  RESTRAINT  =        45.4170
 EAMBER (non-restraint)  =    -36026.7122
 EKCMT  =      3312.1805  VIRIAL  =      3640.0651  VOLUME     =    117272.9257
                                                    Density    =         1.0045
 ------------------------------------------------------------------------------

wrapping first mol.:      -35.56114       25.14553       43.55333
wrapping first mol.:      -35.56114       25.14553       43.55333

 NSTEP =    27500   TIME(PS) =     995.000  TEMP(K) =   296.10  PRESS =  -470.8
 Etot   =    -29114.6377  EKtot   =      6963.0146  EPtot      =    -36077.6524
 BOND   =       155.1982  ANGLE   =       412.0408  DIHED      =       629.4532
 1-4 NB =       171.8240  1-4 EEL =      2446.6331  VDWAALS    =      4510.2125
 EELEC  =    -44446.2376  EHBOND  =         0.0000  RESTRAINT  =        43.2235
 EAMBER (non-restraint)  =    -36120.8758
 EKCMT  =      3163.1625  VIRIAL  =      4350.8499  VOLUME     =    116841.5713
                                                    Density    =         1.0082
 ------------------------------------------------------------------------------

wrapping first mol.:      -35.55653       25.14227       43.54769
wrapping first mol.:      -35.55653       25.14227       43.54769

 NSTEP =    28000   TIME(PS) =     996.000  TEMP(K) =   302.02  PRESS =  -124.1
 Etot   =    -29199.4276  EKtot   =      7102.2393  EPtot      =    -36301.6668
 BOND   =       157.8421  ANGLE   =       391.7710  DIHED      =       614.5699
 1-4 NB =       182.3856  1-4 EEL =      2452.5403  VDWAALS    =      4756.4665
 EELEC  =    -44900.9712  EHBOND  =         0.0000  RESTRAINT  =        43.7291
 EAMBER (non-restraint)  =    -36345.3959
 EKCMT  =      3287.1123  VIRIAL  =      3600.1204  VOLUME     =    116792.5415
                                                    Density    =         1.0086
 ------------------------------------------------------------------------------

wrapping first mol.:      -35.52699       25.12138       43.51150
wrapping first mol.:      -35.52699       25.12138       43.51150

 NSTEP =    28500   TIME(PS) =     997.000  TEMP(K) =   298.26  PRESS =  -127.9
 Etot   =    -29191.0697  EKtot   =      7013.7559  EPtot      =    -36204.8256
 BOND   =       149.2866  ANGLE   =       388.0299  DIHED      =       629.3064
 1-4 NB =       184.3029  1-4 EEL =      2476.2504  VDWAALS    =      4757.2402
 EELEC  =    -44833.4705  EHBOND  =         0.0000  RESTRAINT  =        44.2286
 EAMBER (non-restraint)  =    -36249.0542
 EKCMT  =      3222.4875  VIRIAL  =      3544.3108  VOLUME     =    116501.6501
                                                    Density    =         1.0111
 ------------------------------------------------------------------------------

wrapping first mol.:       17.75509       25.10949       43.49091
wrapping first mol.:       17.75509       25.10949       43.49091

 NSTEP =    29000   TIME(PS) =     998.000  TEMP(K) =   295.80  PRESS =   -78.6
 Etot   =    -29280.9270  EKtot   =      6955.8325  EPtot      =    -36236.7595
 BOND   =       138.3693  ANGLE   =       391.6394  DIHED      =       619.4285
 1-4 NB =       184.0183  1-4 EEL =      2477.4988  VDWAALS    =      4669.4765
 EELEC  =    -44760.2859  EHBOND  =         0.0000  RESTRAINT  =        43.0955
 EAMBER (non-restraint)  =    -36279.8551
 EKCMT  =      3180.9596  VIRIAL  =      3378.5027  VOLUME     =    116335.8531
                                                    Density    =         1.0125
 ------------------------------------------------------------------------------

wrapping first mol.:      -35.53848       25.12951       43.52558
wrapping first mol.:      -35.53848       25.12951       43.52558

 NSTEP =    29500   TIME(PS) =     999.000  TEMP(K) =   299.43  PRESS =   226.5
 Etot   =    -29119.4494  EKtot   =      7041.1187  EPtot      =    -36160.5681
 BOND   =       145.6946  ANGLE   =       415.3815  DIHED      =       641.0127
 1-4 NB =       178.9440  1-4 EEL =      2461.1006  VDWAALS    =      4868.6100
 EELEC  =    -44914.5949  EHBOND  =         0.0000  RESTRAINT  =        43.2833
 EAMBER (non-restraint)  =    -36203.8514
 EKCMT  =      3216.7256  VIRIAL  =      2646.3494  VOLUME     =    116611.1161
                                                    Density    =         1.0102
 ------------------------------------------------------------------------------

wrapping first mol.:      -35.55797       25.14328       43.54944
wrapping first mol.:      -35.55797       25.14328       43.54944

 NSTEP =    30000   TIME(PS) =    1000.000  TEMP(K) =   294.11  PRESS =   -82.7
 Etot   =    -29121.2734  EKtot   =      6916.1768  EPtot      =    -36037.4502
 BOND   =       163.3193  ANGLE   =       387.3454  DIHED      =       641.5379
 1-4 NB =       173.8408  1-4 EEL =      2450.4194  VDWAALS    =      4722.0367
 EELEC  =    -44627.2212  EHBOND  =         0.0000  RESTRAINT  =        51.2716
 EAMBER (non-restraint)  =    -36088.7218
 EKCMT  =      3142.7244  VIRIAL  =      3351.3000  VOLUME     =    116806.2295
                                                    Density    =         1.0085
 ------------------------------------------------------------------------------

wrapping first mol.:      -35.54630       25.13504       43.53516
wrapping first mol.:      -35.54630       25.13504       43.53516

 NSTEP =    30500   TIME(PS) =    1001.000  TEMP(K) =   295.32  PRESS =  -128.7
 Etot   =    -29158.2638  EKtot   =      6944.6387  EPtot      =    -36102.9024
 BOND   =       150.1256  ANGLE   =       364.1685  DIHED      =       633.3699
 1-4 NB =       174.2972  1-4 EEL =      2466.5561  VDWAALS    =      4694.2444
 EELEC  =    -44632.5642  EHBOND  =         0.0000  RESTRAINT  =        46.9000
 EAMBER (non-restraint)  =    -36149.8025
 EKCMT  =      3140.9771  VIRIAL  =      3465.2551  VOLUME     =    116691.8035
                                                    Density    =         1.0095
 ------------------------------------------------------------------------------

wrapping first mol.:       17.75975       25.11607       43.50231
wrapping first mol.:       17.75975       25.11607       43.50231

 NSTEP =    31000   TIME(PS) =    1002.000  TEMP(K) =   297.91  PRESS =   208.4
 Etot   =    -29108.7196  EKtot   =      7005.5918  EPtot      =    -36114.3114
 BOND   =       138.4725  ANGLE   =       393.7571  DIHED      =       616.4156
 1-4 NB =       191.8263  1-4 EEL =      2485.1354  VDWAALS    =      4855.8164
 EELEC  =    -44842.6253  EHBOND  =         0.0000  RESTRAINT  =        46.8907
 EAMBER (non-restraint)  =    -36161.2021
 EKCMT  =      3277.7791  VIRIAL  =      2753.8833  VOLUME     =    116424.3854
                                                    Density    =         1.0118
 ------------------------------------------------------------------------------

wrapping first mol.:      -35.53614       25.12785       43.52271
wrapping first mol.:      -35.53614       25.12785       43.52271

 NSTEP =    31500   TIME(PS) =    1003.000  TEMP(K) =   301.93  PRESS =   164.0
 Etot   =    -29017.2950  EKtot   =      7100.0078  EPtot      =    -36117.3028
 BOND   =       149.7109  ANGLE   =       390.1095  DIHED      =       648.1030
 1-4 NB =       183.4821  1-4 EEL =      2473.2051  VDWAALS    =      4849.7876
 EELEC  =    -44856.4476  EHBOND  =         0.0000  RESTRAINT  =        44.7465
 EAMBER (non-restraint)  =    -36162.0494
 EKCMT  =      3246.4018  VIRIAL  =      2833.6315  VOLUME     =    116588.6827
                                                    Density    =         1.0103
 ------------------------------------------------------------------------------

wrapping first mol.:      -35.56332       25.14707       43.55599
wrapping first mol.:      -35.56332       25.14707       43.55599

 NSTEP =    32000   TIME(PS) =    1004.000  TEMP(K) =   300.92  PRESS =     4.0
 Etot   =    -29113.0457  EKtot   =      7076.2510  EPtot      =    -36189.2967
 BOND   =       134.8247  ANGLE   =       375.4345  DIHED      =       619.5758
 1-4 NB =       177.8763  1-4 EEL =      2480.5076  VDWAALS    =      4747.8805
 EELEC  =    -44775.7772  EHBOND  =         0.0000  RESTRAINT  =        50.3810
 EAMBER (non-restraint)  =    -36239.6777
 EKCMT  =      3205.2855  VIRIAL  =      3195.1936  VOLUME     =    116858.0518
                                                    Density    =         1.0080
 ------------------------------------------------------------------------------

wrapping first mol.:      -35.55338       25.14004       43.54383
wrapping first mol.:      -35.55338       25.14004       43.54383

 NSTEP =    32500   TIME(PS) =    1005.000  TEMP(K) =   300.61  PRESS =  -138.3
 Etot   =    -29094.1507  EKtot   =      7069.0171  EPtot      =    -36163.1678
 BOND   =       146.6545  ANGLE   =       384.6569  DIHED      =       607.3644
 1-4 NB =       179.6277  1-4 EEL =      2466.8298  VDWAALS    =      4713.5337
 EELEC  =    -44699.4641  EHBOND  =         0.0000  RESTRAINT  =        37.6293
 EAMBER (non-restraint)  =    -36200.7971
 EKCMT  =      3232.1830  VIRIAL  =      3580.8552  VOLUME     =    116761.6265
                                                    Density    =         1.0089
 ------------------------------------------------------------------------------

wrapping first mol.:      -35.57205       25.15324       43.56669
wrapping first mol.:      -35.57205       25.15324       43.56669

 NSTEP =    33000   TIME(PS) =    1006.000  TEMP(K) =   294.78  PRESS =   -74.7
 Etot   =    -28995.2377  EKtot   =      6931.8643  EPtot      =    -35927.1020
 BOND   =       161.3320  ANGLE   =       369.8422  DIHED      =       621.3061
 1-4 NB =       181.0898  1-4 EEL =      2468.3270  VDWAALS    =      4655.1236
 EELEC  =    -44427.7505  EHBOND  =         0.0000  RESTRAINT  =        43.6278
 EAMBER (non-restraint)  =    -35970.7298
 EKCMT  =      3202.5737  VIRIAL  =      3391.1831  VOLUME     =    116944.9906
                                                    Density    =         1.0073
 ------------------------------------------------------------------------------

wrapping first mol.:       17.79235       25.16219       43.58219
wrapping first mol.:       17.79235       25.16219       43.58219

 NSTEP =    33500   TIME(PS) =    1007.000  TEMP(K) =   299.71  PRESS =  -181.3
 Etot   =    -29022.4524  EKtot   =      7047.7388  EPtot      =    -36070.1912
 BOND   =       161.7291  ANGLE   =       383.3657  DIHED      =       630.1314
 1-4 NB =       185.5486  1-4 EEL =      2469.7186  VDWAALS    =      4685.2040
 EELEC  =    -44634.2486  EHBOND  =         0.0000  RESTRAINT  =        48.3600
 EAMBER (non-restraint)  =    -36118.5512
 EKCMT  =      3223.1473  VIRIAL  =      3681.5039  VOLUME     =    117070.9259
                                                    Density    =         1.0062
 ------------------------------------------------------------------------------

wrapping first mol.:      -35.60462       25.17627       43.60658
wrapping first mol.:      -35.60462       25.17627       43.60658

 NSTEP =    34000   TIME(PS) =    1008.000  TEMP(K) =   299.19  PRESS =    12.9
 Etot   =    -29039.9569  EKtot   =      7035.6152  EPtot      =    -36075.5722
 BOND   =       152.6630  ANGLE   =       386.9434  DIHED      =       624.9333
 1-4 NB =       174.6873  1-4 EEL =      2464.4400  VDWAALS    =      4812.8329
 EELEC  =    -44728.8680  EHBOND  =         0.0000  RESTRAINT  =        36.7959
 EAMBER (non-restraint)  =    -36112.3680
 EKCMT  =      3227.3463  VIRIAL  =      3194.6367  VOLUME     =    117265.6081
                                                    Density    =         1.0045
 ------------------------------------------------------------------------------

wrapping first mol.:      -35.59967       25.17277       43.60052
wrapping first mol.:      -35.59967       25.17277       43.60052

 NSTEP =    34500   TIME(PS) =    1009.000  TEMP(K) =   300.12  PRESS =   370.6
 Etot   =    -28978.4288  EKtot   =      7057.4570  EPtot      =    -36035.8858
 BOND   =       146.7853  ANGLE   =       414.5294  DIHED      =       615.5611
 1-4 NB =       176.4479  1-4 EEL =      2465.2542  VDWAALS    =      4896.9456
 EELEC  =    -44798.5453  EHBOND  =         0.0000  RESTRAINT  =        47.1361
 EAMBER (non-restraint)  =    -36083.0219
 EKCMT  =      3226.5661  VIRIAL  =      2288.7295  VOLUME     =    117212.9266
                                                    Density    =         1.0050
 ------------------------------------------------------------------------------

wrapping first mol.:       17.79533       25.16640       43.58947
wrapping first mol.:       17.79533       25.16640       43.58947

 NSTEP =    35000   TIME(PS) =    1010.000  TEMP(K) =   299.78  PRESS =    25.9
 Etot   =    -29266.9596  EKtot   =      7049.4907  EPtot      =    -36316.4503
 BOND   =       149.5666  ANGLE   =       373.5872  DIHED      =       608.9453
 1-4 NB =       182.5568  1-4 EEL =      2468.5368  VDWAALS    =      4896.4506
 EELEC  =    -45041.1061  EHBOND  =         0.0000  RESTRAINT  =        45.0125
 EAMBER (non-restraint)  =    -36361.4628
 EKCMT  =      3256.2899  VIRIAL  =      3190.7633  VOLUME     =    117127.5020
                                                    Density    =         1.0057
 ------------------------------------------------------------------------------

wrapping first mol.:      -35.58035       25.15911       43.57686
wrapping first mol.:      -35.58035       25.15911       43.57686

 NSTEP =    35500   TIME(PS) =    1011.000  TEMP(K) =   301.27  PRESS =    79.2
 Etot   =    -29048.4748  EKtot   =      7084.4829  EPtot      =    -36132.9577
 BOND   =       145.6036  ANGLE   =       387.0211  DIHED      =       627.3829
 1-4 NB =       173.8057  1-4 EEL =      2466.1197  VDWAALS    =      4801.5085
 EELEC  =    -44781.6371  EHBOND  =         0.0000  RESTRAINT  =        47.2379
 EAMBER (non-restraint)  =    -36180.1956
 EKCMT  =      3228.1725  VIRIAL  =      3027.9540  VOLUME     =    117025.2777
                                                    Density    =         1.0066
 ------------------------------------------------------------------------------

wrapping first mol.:      -35.54847       25.13657       43.53782
wrapping first mol.:      -35.54847       25.13657       43.53782

 NSTEP =    36000   TIME(PS) =    1012.000  TEMP(K) =   302.76  PRESS =   146.7
 Etot   =    -28957.9909  EKtot   =      7119.6309  EPtot      =    -36077.6217
 BOND   =       136.8177  ANGLE   =       392.4523  DIHED      =       626.0204
 1-4 NB =       183.4720  1-4 EEL =      2477.0085  VDWAALS    =      4753.8215
 EELEC  =    -44691.5666  EHBOND  =         0.0000  RESTRAINT  =        44.3525
 EAMBER (non-restraint)  =    -36121.9742
 EKCMT  =      3273.7736  VIRIAL  =      2904.1427  VOLUME     =    116710.3166
                                                    Density    =         1.0093
 ------------------------------------------------------------------------------

wrapping first mol.:       17.78984       25.15863       43.57602
wrapping first mol.:       17.78984       25.15863       43.57602

 NSTEP =    36500   TIME(PS) =    1013.000  TEMP(K) =   300.39  PRESS =  -225.8
 Etot   =    -28983.4027  EKtot   =      7063.8291  EPtot      =    -36047.2318
 BOND   =       149.9451  ANGLE   =       408.5996  DIHED      =       624.9837
 1-4 NB =       167.0616  1-4 EEL =      2467.5975  VDWAALS    =      4609.8144
 EELEC  =    -44516.9407  EHBOND  =         0.0000  RESTRAINT  =        41.7069
 EAMBER (non-restraint)  =    -36088.9387
 EKCMT  =      3237.0810  VIRIAL  =      3807.7079  VOLUME     =    117021.6727
                                                    Density    =         1.0066
 ------------------------------------------------------------------------------

wrapping first mol.:      -35.55275       25.13960       43.54306
wrapping first mol.:      -35.55275       25.13960       43.54306

 NSTEP =    37000   TIME(PS) =    1014.000  TEMP(K) =   297.05  PRESS =   141.2
 Etot   =    -29001.4781  EKtot   =      6985.3364  EPtot      =    -35986.8145
 BOND   =       154.5969  ANGLE   =       380.0509  DIHED      =       628.4643
 1-4 NB =       183.3886  1-4 EEL =      2450.4313  VDWAALS    =      4776.2917
 EELEC  =    -44607.6564  EHBOND  =         0.0000  RESTRAINT  =        47.6181
 EAMBER (non-restraint)  =    -36034.4326
 EKCMT  =      3216.2700  VIRIAL  =      2860.2605  VOLUME     =    116752.5239
                                                    Density    =         1.0089
 ------------------------------------------------------------------------------

wrapping first mol.:      -35.54507       25.13417       43.53365
wrapping first mol.:      -35.54507       25.13417       43.53365

 NSTEP =    37500   TIME(PS) =    1015.000  TEMP(K) =   300.12  PRESS =   -92.6
 Etot   =    -29004.7200  EKtot   =      7057.4507  EPtot      =    -36062.1707
 BOND   =       147.1388  ANGLE   =       399.0467  DIHED      =       622.1077
 1-4 NB =       168.8069  1-4 EEL =      2460.9573  VDWAALS    =      4632.2660
 EELEC  =    -44542.6711  EHBOND  =         0.0000  RESTRAINT  =        50.1770
 EAMBER (non-restraint)  =    -36112.3477
 EKCMT  =      3237.3744  VIRIAL  =      3470.6451  VOLUME     =    116679.3234
                                                    Density    =         1.0096
 ------------------------------------------------------------------------------

wrapping first mol.:       17.76118       25.11810       43.50581
wrapping first mol.:       17.76118       25.11810       43.50581

 NSTEP =    38000   TIME(PS) =    1016.000  TEMP(K) =   300.11  PRESS =  -137.1
 Etot   =    -28955.8059  EKtot   =      7057.2222  EPtot      =    -36013.0281
 BOND   =       170.0980  ANGLE   =       389.4460  DIHED      =       617.0316
 1-4 NB =       175.1854  1-4 EEL =      2461.8215  VDWAALS    =      4634.6373
 EELEC  =    -44505.8630  EHBOND  =         0.0000  RESTRAINT  =        44.6150
 EAMBER (non-restraint)  =    -36057.6430
 EKCMT  =      3247.6921  VIRIAL  =      3592.3933  VOLUME     =    116456.0924
                                                    Density    =         1.0115
 ------------------------------------------------------------------------------

wrapping first mol.:      -35.53111       25.12429       43.51655
wrapping first mol.:      -35.53111       25.12429       43.51655

 NSTEP =    38500   TIME(PS) =    1017.000  TEMP(K) =   301.18  PRESS =   119.7
 Etot   =    -29096.9046  EKtot   =      7082.4395  EPtot      =    -36179.3440
 BOND   =       157.6075  ANGLE   =       395.9693  DIHED      =       625.3984
 1-4 NB =       178.8308  1-4 EEL =      2461.8020  VDWAALS    =      4766.7014
 EELEC  =    -44809.2490  EHBOND  =         0.0000  RESTRAINT  =        43.5954
 EAMBER (non-restraint)  =    -36222.9394
 EKCMT  =      3264.9406  VIRIAL  =      2963.8706  VOLUME     =    116539.6240
                                                    Density    =         1.0108
 ------------------------------------------------------------------------------

wrapping first mol.:      -35.58741       25.16411       43.58551
wrapping first mol.:      -35.58741       25.16411       43.58551

 NSTEP =    39000   TIME(PS) =    1018.000  TEMP(K) =   297.11  PRESS =   158.8
 Etot   =    -29116.8424  EKtot   =      6986.5547  EPtot      =    -36103.3971
 BOND   =       142.2414  ANGLE   =       387.2637  DIHED      =       626.1729
 1-4 NB =       175.1975  1-4 EEL =      2474.1117  VDWAALS    =      4783.6895
 EELEC  =    -44728.7524  EHBOND  =         0.0000  RESTRAINT  =        36.6786
 EAMBER (non-restraint)  =    -36140.0756
 EKCMT  =      3213.3748  VIRIAL  =      2812.0138  VOLUME     =    117094.1529
                                                    Density    =         1.0060
 ------------------------------------------------------------------------------

wrapping first mol.:      -35.56756       25.15007       43.56119
wrapping first mol.:      -35.56756       25.15007       43.56119

 NSTEP =    39500   TIME(PS) =    1019.000  TEMP(K) =   299.85  PRESS =  -283.1
 Etot   =    -29181.6644  EKtot   =      7051.0503  EPtot      =    -36232.7147
 BOND   =       166.7550  ANGLE   =       385.3601  DIHED      =       614.2932
 1-4 NB =       180.3273  1-4 EEL =      2448.1381  VDWAALS    =      4726.1279
 EELEC  =    -44795.2559  EHBOND  =         0.0000  RESTRAINT  =        41.5397
 EAMBER (non-restraint)  =    -36274.2544
 EKCMT  =      3264.8444  VIRIAL  =      3979.5365  VOLUME     =    116902.9075
                                                    Density    =         1.0076
 ------------------------------------------------------------------------------

wrapping first mol.:      -35.55507       25.14124       43.54590
wrapping first mol.:      -35.55507       25.14124       43.54590

 NSTEP =    40000   TIME(PS) =    1020.000  TEMP(K) =   299.62  PRESS =   -44.8
 Etot   =    -29079.8749  EKtot   =      7045.5781  EPtot      =    -36125.4531
 BOND   =       145.5148  ANGLE   =       392.5003  DIHED      =       609.8921
 1-4 NB =       170.8938  1-4 EEL =      2453.2133  VDWAALS    =      4631.1947
 EELEC  =    -44578.0647  EHBOND  =         0.0000  RESTRAINT  =        49.4026
 EAMBER (non-restraint)  =    -36174.8557
 EKCMT  =      3228.5582  VIRIAL  =      3341.4597  VOLUME     =    116777.3231
                                                    Density    =         1.0087
 ------------------------------------------------------------------------------

wrapping first mol.:      -35.55458       25.14089       43.54530
wrapping first mol.:      -35.55458       25.14089       43.54530

 NSTEP =    40500   TIME(PS) =    1021.000  TEMP(K) =   302.37  PRESS =   -53.0
 Etot   =    -28905.6359  EKtot   =      7110.3813  EPtot      =    -36016.0173
 BOND   =       147.7976  ANGLE   =       408.3402  DIHED      =       617.3539
 1-4 NB =       176.5236  1-4 EEL =      2459.4481  VDWAALS    =      4708.2577
 EELEC  =    -44575.7664  EHBOND  =         0.0000  RESTRAINT  =        42.0281
 EAMBER (non-restraint)  =    -36058.0453
 EKCMT  =      3261.6023  VIRIAL  =      3395.2966  VOLUME     =    116772.5965
                                                    Density    =         1.0088
 ------------------------------------------------------------------------------

wrapping first mol.:      -35.58723       25.16398       43.58529
wrapping first mol.:      -35.58723       25.16398       43.58529

 NSTEP =    41000   TIME(PS) =    1022.000  TEMP(K) =   300.74  PRESS =    -6.2
 Etot   =    -28872.4920  EKtot   =      7072.1475  EPtot      =    -35944.6394
 BOND   =       147.5531  ANGLE   =       381.6565  DIHED      =       633.2228
 1-4 NB =       175.9774  1-4 EEL =      2451.0242  VDWAALS    =      4682.2351
 EELEC  =    -44463.9638  EHBOND  =         0.0000  RESTRAINT  =        47.6552
 EAMBER (non-restraint)  =    -35992.2946
 EKCMT  =      3246.7948  VIRIAL  =      3262.3871  VOLUME     =    117094.1009
                                                    Density    =         1.0060
 ------------------------------------------------------------------------------

wrapping first mol.:      -35.60396       25.17580       43.60577
wrapping first mol.:      -35.60396       25.17580       43.60577

 NSTEP =    41500   TIME(PS) =    1023.000  TEMP(K) =   303.60  PRESS =    16.0
 Etot   =    -28922.5629  EKtot   =      7139.2998  EPtot      =    -36061.8627
 BOND   =       163.1373  ANGLE   =       398.0898  DIHED      =       636.8446
 1-4 NB =       178.3558  1-4 EEL =      2443.6263  VDWAALS    =      4721.1898
 EELEC  =    -44640.7689  EHBOND  =         0.0000  RESTRAINT  =        37.6625
 EAMBER (non-restraint)  =    -36099.5252
 EKCMT  =      3301.7211  VIRIAL  =      3261.2720  VOLUME     =    117259.0079
                                                    Density    =         1.0046
 ------------------------------------------------------------------------------

wrapping first mol.:      -35.58233       25.16051       43.57928
wrapping first mol.:      -35.58233       25.16051       43.57928

 NSTEP =    42000   TIME(PS) =    1024.000  TEMP(K) =   301.08  PRESS =   261.7
 Etot   =    -28843.5280  EKtot   =      7080.1016  EPtot      =    -35923.6296
 BOND   =       168.6823  ANGLE   =       396.8713  DIHED      =       624.7033
 1-4 NB =       180.1733  1-4 EEL =      2441.9695  VDWAALS    =      4803.8285
 EELEC  =    -44589.6944  EHBOND  =         0.0000  RESTRAINT  =        49.8367
 EAMBER (non-restraint)  =    -35973.4663
 EKCMT  =      3266.6400  VIRIAL  =      2605.4176  VOLUME     =    117042.9156
                                                    Density    =         1.0064
 ------------------------------------------------------------------------------

wrapping first mol.:      -35.56303       25.14686       43.55564
wrapping first mol.:      -35.56303       25.14686       43.55564

 NSTEP =    42500   TIME(PS) =    1025.000  TEMP(K) =   299.80  PRESS =  -270.4
 Etot   =    -29169.1433  EKtot   =      7049.8818  EPtot      =    -36219.0252
 BOND   =       124.9443  ANGLE   =       417.1436  DIHED      =       622.0035
 1-4 NB =       188.5555  1-4 EEL =      2487.9513  VDWAALS    =      4701.2376
 EELEC  =    -44805.5872  EHBOND  =         0.0000  RESTRAINT  =        44.7263
 EAMBER (non-restraint)  =    -36263.7515
 EKCMT  =      3198.9672  VIRIAL  =      3881.1842  VOLUME     =    116858.0505
                                                    Density    =         1.0080
 ------------------------------------------------------------------------------

wrapping first mol.:      -35.57697       25.15672       43.57272
wrapping first mol.:      -35.57697       25.15672       43.57272

 NSTEP =    43000   TIME(PS) =    1026.000  TEMP(K) =   301.31  PRESS =   105.1
 Etot   =    -29054.7047  EKtot   =      7085.3804  EPtot      =    -36140.0851
 BOND   =       161.1829  ANGLE   =       387.6369  DIHED      =       623.6459
 1-4 NB =       180.2898  1-4 EEL =      2465.4653  VDWAALS    =      4756.8812
 EELEC  =    -44762.6711  EHBOND  =         0.0000  RESTRAINT  =        47.4841
 EAMBER (non-restraint)  =    -36187.5692
 EKCMT  =      3222.6127  VIRIAL  =      2957.1500  VOLUME     =    116991.6683
                                                    Density    =         1.0069
 ------------------------------------------------------------------------------

wrapping first mol.:      -35.57076       25.15233       43.56511
wrapping first mol.:      -35.57076       25.15233       43.56511

 NSTEP =    43500   TIME(PS) =    1027.000  TEMP(K) =   298.62  PRESS =   111.2
 Etot   =    -28993.6816  EKtot   =      7022.2007  EPtot      =    -36015.8822
 BOND   =       157.7481  ANGLE   =       356.8953  DIHED      =       627.2942
 1-4 NB =       175.6357  1-4 EEL =      2462.4997  VDWAALS    =      4798.0283
 EELEC  =    -44639.4045  EHBOND  =         0.0000  RESTRAINT  =        45.4208
 EAMBER (non-restraint)  =    -36061.3030
 EKCMT  =      3254.6111  VIRIAL  =      2973.8373  VOLUME     =    116930.3095
                                                    Density    =         1.0074
 ------------------------------------------------------------------------------

wrapping first mol.:      -35.48977       25.09506       43.46592
wrapping first mol.:      -35.48977       25.09506       43.46592

 NSTEP =    44000   TIME(PS) =    1028.000  TEMP(K) =   301.09  PRESS =  -127.2
 Etot   =    -28951.3161  EKtot   =      7080.1743  EPtot      =    -36031.4904
 BOND   =       151.3962  ANGLE   =       377.3945  DIHED      =       610.8571
 1-4 NB =       177.9042  1-4 EEL =      2449.3667  VDWAALS    =      4707.1921
 EELEC  =    -44563.9281  EHBOND  =         0.0000  RESTRAINT  =        58.3267
 EAMBER (non-restraint)  =    -36089.8172
 EKCMT  =      3252.9394  VIRIAL  =      3571.8012  VOLUME     =    116135.8780
                                                    Density    =         1.0143
 ------------------------------------------------------------------------------

wrapping first mol.:      -35.54249       25.13234       43.53049
wrapping first mol.:      -35.54249       25.13234       43.53049

 NSTEP =    44500   TIME(PS) =    1029.000  TEMP(K) =   294.92  PRESS =   -56.0
 Etot   =    -29297.6346  EKtot   =      6935.2222  EPtot      =    -36232.8567
 BOND   =       149.8148  ANGLE   =       368.6077  DIHED      =       628.8386
 1-4 NB =       174.4811  1-4 EEL =      2453.6095  VDWAALS    =      4711.1165
 EELEC  =    -44759.9266  EHBOND  =         0.0000  RESTRAINT  =        40.6018
 EAMBER (non-restraint)  =    -36273.4586
 EKCMT  =      3135.8273  VIRIAL  =      3276.9831  VOLUME     =    116653.4976
                                                    Density    =         1.0098
 ------------------------------------------------------------------------------

wrapping first mol.:      -35.54838       25.13651       43.53770
wrapping first mol.:      -35.54838       25.13651       43.53770

 NSTEP =    45000   TIME(PS) =    1030.000  TEMP(K) =   300.00  PRESS =   143.2
 Etot   =    -29032.1280  EKtot   =      7054.7119  EPtot      =    -36086.8399
 BOND   =       133.3854  ANGLE   =       390.7459  DIHED      =       632.9937
 1-4 NB =       181.7952  1-4 EEL =      2470.6210  VDWAALS    =      4876.3134
 EELEC  =    -44821.4805  EHBOND  =         0.0000  RESTRAINT  =        48.7860
 EAMBER (non-restraint)  =    -36135.6258
 EKCMT  =      3289.0963  VIRIAL  =      2928.2943  VOLUME     =    116709.4206
                                                    Density    =         1.0093
 ------------------------------------------------------------------------------

wrapping first mol.:      -35.54839       25.13651       43.53771
wrapping first mol.:      -35.54839       25.13651       43.53771

 NSTEP =    45500   TIME(PS) =    1031.000  TEMP(K) =   297.64  PRESS =    55.0
 Etot   =    -29080.6886  EKtot   =      6999.2036  EPtot      =    -36079.8922
 BOND   =       143.0598  ANGLE   =       398.9554  DIHED      =       615.2358
 1-4 NB =       178.7813  1-4 EEL =      2468.4411  VDWAALS    =      4748.0122
 EELEC  =    -44686.9697  EHBOND  =         0.0000  RESTRAINT  =        54.5921
 EAMBER (non-restraint)  =    -36134.4843
 EKCMT  =      3239.7188  VIRIAL  =      3101.1551  VOLUME     =    116710.4023
                                                    Density    =         1.0093
 ------------------------------------------------------------------------------

wrapping first mol.:      -35.56075       25.14525       43.55285
wrapping first mol.:      -35.56075       25.14525       43.55285

 NSTEP =    46000   TIME(PS) =    1032.000  TEMP(K) =   302.40  PRESS =   -34.5
 Etot   =    -28810.6791  EKtot   =      7111.0610  EPtot      =    -35921.7401
 BOND   =       152.0232  ANGLE   =       399.9205  DIHED      =       623.6588
 1-4 NB =       173.5473  1-4 EEL =      2459.9264  VDWAALS    =      4648.5695
 EELEC  =    -44429.3473  EHBOND  =         0.0000  RESTRAINT  =        49.9615
 EAMBER (non-restraint)  =    -35971.7016
 EKCMT  =      3271.7475  VIRIAL  =      3358.7677  VOLUME     =    116833.1422
                                                    Density    =         1.0082
 ------------------------------------------------------------------------------

wrapping first mol.:      -35.55976       25.14455       43.55164
wrapping first mol.:      -35.55976       25.14455       43.55164

 NSTEP =    46500   TIME(PS) =    1033.000  TEMP(K) =   297.71  PRESS =   -38.6
 Etot   =    -29028.4159  EKtot   =      7000.7656  EPtot      =    -36029.1815
 BOND   =       132.4310  ANGLE   =       406.8533  DIHED      =       624.4089
 1-4 NB =       181.4128  1-4 EEL =      2454.9919  VDWAALS    =      4622.1116
 EELEC  =    -44491.5203  EHBOND  =         0.0000  RESTRAINT  =        40.1293
 EAMBER (non-restraint)  =    -36069.3108
 EKCMT  =      3261.5187  VIRIAL  =      3358.7754  VOLUME     =    116823.4668
                                                    Density    =         1.0083
 ------------------------------------------------------------------------------

wrapping first mol.:      -35.53714       25.12856       43.52394
wrapping first mol.:      -35.53714       25.12856       43.52394

 NSTEP =    47000   TIME(PS) =    1034.000  TEMP(K) =   301.31  PRESS =    90.3
 Etot   =    -29026.2992  EKtot   =      7085.5229  EPtot      =    -36111.8221
 BOND   =       147.0714  ANGLE   =       370.2376  DIHED      =       623.1518
 1-4 NB =       171.4027  1-4 EEL =      2478.1993  VDWAALS    =      4747.7313
 EELEC  =    -44695.4441  EHBOND  =         0.0000  RESTRAINT  =        45.8279
 EAMBER (non-restraint)  =    -36157.6500
 EKCMT  =      3259.8221  VIRIAL  =      3032.3709  VOLUME     =    116599.3438
                                                    Density    =         1.0103
 ------------------------------------------------------------------------------

wrapping first mol.:      -35.52441       25.11956       43.50835
wrapping first mol.:      -35.52441       25.11956       43.50835

 NSTEP =    47500   TIME(PS) =    1035.000  TEMP(K) =   302.62  PRESS =  -158.4
 Etot   =    -29018.2719  EKtot   =      7116.2554  EPtot      =    -36134.5273
 BOND   =       160.9986  ANGLE   =       392.6326  DIHED      =       627.4202
 1-4 NB =       176.5994  1-4 EEL =      2445.9055  VDWAALS    =      4627.6379
 EELEC  =    -44610.0491  EHBOND  =         0.0000  RESTRAINT  =        44.3277
 EAMBER (non-restraint)  =    -36178.8550
 EKCMT  =      3267.1434  VIRIAL  =      3665.5813  VOLUME     =    116476.6472
                                                    Density    =         1.0113
 ------------------------------------------------------------------------------

wrapping first mol.:      -35.52759       25.12180       43.51224
wrapping first mol.:      -35.52759       25.12180       43.51224

 NSTEP =    48000   TIME(PS) =    1036.000  TEMP(K) =   295.72  PRESS =  -257.2
 Etot   =    -29106.4518  EKtot   =      6954.0181  EPtot      =    -36060.4698
 BOND   =       156.9537  ANGLE   =       398.8848  DIHED      =       639.5499
 1-4 NB =       170.1001  1-4 EEL =      2457.4858  VDWAALS    =      4589.1649
 EELEC  =    -44524.4814  EHBOND  =         0.0000  RESTRAINT  =        51.8723
 EAMBER (non-restraint)  =    -36112.3422
 EKCMT  =      3225.5287  VIRIAL  =      3872.5648  VOLUME     =    116508.9210
                                                    Density    =         1.0110
 ------------------------------------------------------------------------------

wrapping first mol.:       17.75244       25.10575       43.48442
wrapping first mol.:       17.75244       25.10575       43.48442

 NSTEP =    48500   TIME(PS) =    1037.000  TEMP(K) =   299.46  PRESS =  -204.4
 Etot   =    -29159.7717  EKtot   =      7041.8203  EPtot      =    -36201.5920
 BOND   =       150.2948  ANGLE   =       385.6106  DIHED      =       642.9709
 1-4 NB =       177.2592  1-4 EEL =      2471.1835  VDWAALS    =      4678.3033
 EELEC  =    -44755.4030  EHBOND  =         0.0000  RESTRAINT  =        48.1886
 EAMBER (non-restraint)  =    -36249.7806
 EKCMT  =      3201.8044  VIRIAL  =      3715.0008  VOLUME     =    116285.0898
                                                    Density    =         1.0130
 ------------------------------------------------------------------------------

wrapping first mol.:       17.74363       25.09328       43.46282
wrapping first mol.:       17.74363       25.09328       43.46282

 NSTEP =    49000   TIME(PS) =    1038.000  TEMP(K) =   292.27  PRESS =    98.9
 Etot   =    -29274.4747  EKtot   =      6872.8779  EPtot      =    -36147.3526
 BOND   =       134.9248  ANGLE   =       381.2994  DIHED      =       624.3221
 1-4 NB =       177.6290  1-4 EEL =      2473.5251  VDWAALS    =      4764.4242
 EELEC  =    -44750.0550  EHBOND  =         0.0000  RESTRAINT  =        46.5778
 EAMBER (non-restraint)  =    -36193.9304
 EKCMT  =      3170.3030  VIRIAL  =      2922.3261  VOLUME     =    116108.7632
                                                    Density    =         1.0145
 ------------------------------------------------------------------------------

wrapping first mol.:      -35.51002       25.10938       43.49072
wrapping first mol.:      -35.51002       25.10938       43.49072

 NSTEP =    49500   TIME(PS) =    1039.000  TEMP(K) =   296.94  PRESS =     4.4
 Etot   =    -29045.8567  EKtot   =      6982.6445  EPtot      =    -36028.5012
 BOND   =       173.7791  ANGLE   =       395.3022  DIHED      =       638.8140
 1-4 NB =       169.4168  1-4 EEL =      2441.5980  VDWAALS    =      4675.0778
 EELEC  =    -44567.3974  EHBOND  =         0.0000  RESTRAINT  =        44.9082
 EAMBER (non-restraint)  =    -36073.4094
 EKCMT  =      3187.0486  VIRIAL  =      3175.8863  VOLUME     =    116333.4489
                                                    Density    =         1.0126
 ------------------------------------------------------------------------------

wrapping first mol.:       17.76694       25.12624       43.51993
wrapping first mol.:       17.76694       25.12624       43.51993

 NSTEP =    50000   TIME(PS) =    1040.000  TEMP(K) =   300.77  PRESS =   100.8
 Etot   =    -29136.5448  EKtot   =      7072.8071  EPtot      =    -36209.3520
 BOND   =       157.0824  ANGLE   =       395.0532  DIHED      =       627.3753
 1-4 NB =       168.8166  1-4 EEL =      2460.7171  VDWAALS    =      4848.8395
 EELEC  =    -44917.0946  EHBOND  =         0.0000  RESTRAINT  =        49.8585
 EAMBER (non-restraint)  =    -36259.2104
 EKCMT  =      3273.1633  VIRIAL  =      3019.4914  VOLUME     =    116566.9945
                                                    Density    =         1.0105
 ------------------------------------------------------------------------------


      A V E R A G E S   O V E R     100 S T E P S


 NSTEP =    50000   TIME(PS) =    1040.000  TEMP(K) =   299.66  PRESS =     8.6
 Etot   =    -29032.6743  EKtot   =      7046.6586  EPtot      =    -36079.3328
 BOND   =       150.3343  ANGLE   =       391.0060  DIHED      =       624.6820
 1-4 NB =       178.5947  1-4 EEL =      2461.6297  VDWAALS    =      4725.7570
 EELEC  =    -44656.4856  EHBOND  =         0.0000  RESTRAINT  =        45.1491
 EAMBER (non-restraint)  =    -36124.4819
 EKCMT  =      3238.5322  VIRIAL  =      3216.8842  VOLUME     =    116804.4279
                                                    Density    =         1.0085
 ------------------------------------------------------------------------------


      R M S  F L U C T U A T I O N S


 NSTEP =    50000   TIME(PS) =    1040.000  TEMP(K) =     2.66  PRESS =   182.4
 Etot   =       122.5082  EKtot   =        62.5614  EPtot      =        97.2496
 BOND   =        10.1315  ANGLE   =        14.9405  DIHED      =         8.7804
 1-4 NB =         5.9227  1-4 EEL =        12.5169  VDWAALS    =        91.4178
 EELEC  =       155.7455  EHBOND  =         0.0000  RESTRAINT  =         4.0976
 EAMBER (non-restraint)  =        93.1520
 EKCMT  =        45.5714  VIRIAL  =       464.9078  VOLUME     =       279.0362
                                                    Density    =         0.0024
 ------------------------------------------------------------------------------

--------------------------------------------------------------------------------
   5.  TIMINGS
--------------------------------------------------------------------------------

|  NonSetup CPU Time in Major Routines:
|
|     Routine           Sec        %
|     ------------------------------
|     Nonbond          69.22   88.22
|     Bond              0.00    0.00
|     Angle             0.00    0.00
|     Dihedral          0.00    0.00
|     Shake             0.29    0.37
|     RunMD             8.90   11.34
|     Other             0.05    0.06
|     ------------------------------
|     Total            78.46

|  PME Nonbond Pairlist CPU Time:
|
|     Routine              Sec        %
|     ---------------------------------
|     Set Up Cit           0.00    0.00
|     Build List           0.00    0.00
|     ---------------------------------
|     Total                0.00    0.00

|  PME Direct Force CPU Time:
|
|     Routine              Sec        %
|     ---------------------------------
|     NonBonded Calc       0.00    0.00
|     Exclude Masked       0.00    0.00
|     Other                0.02    0.03
|     ---------------------------------
|     Total                0.02    0.03

|  PME Reciprocal Force CPU Time:
|
|     Routine              Sec        %
|     ---------------------------------
|     1D bspline           0.00    0.00
|     Grid Charges         0.00    0.00
|     Scalar Sum           0.00    0.00
|     Gradient Sum         0.00    0.00
|     FFT                  0.00    0.00
|     ---------------------------------
|     Total                0.00    0.00

|  Final Performance Info:
|     -----------------------------------------------------
|     Average timings for last   11500 steps:
|     Elapsed(s) =      18.04 Per Step(ms) =       1.57
|         ns/day =     110.15   seconds/ns =     784.41
|
|     Average timings for all steps:
|     Elapsed(s) =      78.45 Per Step(ms) =       1.57
|         ns/day =     110.13   seconds/ns =     784.54
|     -----------------------------------------------------

|  Setup CPU time:            0.44 seconds
|  NonSetup CPU time:        78.46 seconds
|  Total CPU time:           78.89 seconds     0.02 hours

|  Setup wall time:           0    seconds
|  NonSetup wall time:       78    seconds
|  Total wall time:          78    seconds     0.02 hours
