
          -------------------------------------------------------
          Amber 16 PMEMD                              2016
          -------------------------------------------------------

| PMEMD implementation of SANDER, Release 16

| Run on 10/26/2017 at 17:31:31

|   Executable path: pmemd
| Working directory: /home/german/alex/run/1i/mhe/m
|          Hostname: Unknown
  [-O]verwriting output

File Assignments:
|   MDIN: min.in                                                                
|  MDOUT: min.out                                                               
| INPCRD: 1i.rst7                                                               
|   PARM: /home/german/alex/top_files/1i.prmtop                                 
| RESTRT: m1i.rst7                                                              
|   REFC: 1i.rst7                                                               
|  MDVEL: mdvel                                                                 
|   MDEN: mden                                                                  
|  MDCRD: m1i.crd                                                               
| MDINFO: mdinfo                                                                
|  MDFRC: mdfrc                                                                 


 Here is the input file:

Minimization with Cartesian restraints                                         
&cntrl                                                                         
imin=1,                                                                        
ntmin=1,                                ! Steepest Descent, then Conjugate Grad
ncyc=100,                               ! 100 steps of Steepest Descent        
maxcyc=500,                             ! 400 steps of Conjugate Gradient      
ntpr=5,                                                                        
ntr=1,                                  ! Use restraints                       
restraint_wt=100.0,                     ! 100 Kcal/mol                         
restraintmask=':1-57',                  ! Apply restraints on whole molecule. M
&end                                                                           


Note: ig = -1. Setting random seed to   485348 based on wallclock time in 
      microseconds.
 
 
| Conditional Compilation Defines Used:
| PUBFFT
| BINTRAJ
| EMIL

| Largest sphere to fit in unit cell has radius =    24.055

| New format PARM file being parsed.
| Version =    1.000 Date = 10/26/17 Time = 14:19:36

| Note: 1-4 EEL scale factors are being read from the topology file.

| Note: 1-4 VDW scale factors are being read from the topology file.
| Duplicated    0 dihedrals

| Duplicated    0 dihedrals

--------------------------------------------------------------------------------
   1.  RESOURCE   USE: 
--------------------------------------------------------------------------------

 getting new box info from bottom of inpcrd
 NATOM  =   13404 NTYPES =      17 NBONH =   12943 MBONA  =     468
 NTHETH =    1031 MTHETA =     630 NPHIH =    2066 MPHIA  =    1981
 NHPARM =       0 NPARM  =       0 NNB   =   21685 NRES   =    4225
 NBONA  =     468 NTHETA =     630 NPHIA =    1981 NUMBND =      67
 NUMANG =     152 NPTRA  =     191 NATYP =      36 NPHB   =       1
 IFBOX  =       2 NMXRS  =      25 IFCAP =       0 NEXTRA =       0
 NCOPY  =       0

| Coordinate Index Table dimensions:    11   11   11
| Direct force subcell size =     5.3565    5.3565    5.3565

     BOX TYPE: TRUNCATED OCTAHEDRON

--------------------------------------------------------------------------------
   2.  CONTROL  DATA  FOR  THE  RUN
--------------------------------------------------------------------------------

default_name                                                                    

General flags:
     imin    =       1, nmropt  =       0

Nature and format of input:
     ntx     =       1, irest   =       0, ntrx    =       1

Nature and format of output:
     ntxo    =       2, ntpr    =       5, ntrx    =       1, ntwr    =       1
     iwrap   =       0, ntwx    =       0, ntwv    =       0, ntwe    =       0
     ioutfm  =       1, ntwprt  =       0, idecomp =       0, rbornstat=      0

Potential function:
     ntf     =       1, ntb     =       1, igb     =       0, nsnb    =      25
     ipol    =       0, gbsa    =       0, iesp    =       0
     dielc   =   1.00000, cut     =   8.00000, intdiel =   1.00000

Frozen or restrained atoms:
     ibelly  =       0, ntr     =       1
     restraint_wt = 100.00000

Energy minimization:
     maxcyc  =     500, ncyc    =     100, ntmin   =       1
     dx0     =   0.01000, drms    =   0.00010

| Intermolecular bonds treatment:
|     no_intermolecular_bonds =       1

| Energy averages sample interval:
|     ene_avg_sampling =       1

Ewald parameters:
     verbose =       0, ew_type =       0, nbflag  =       1, use_pme =       1
     vdwmeth =       1, eedmeth =       1, netfrc  =       0
     Box X =   58.922   Box Y =   58.922   Box Z =   58.922
     Alpha =  109.471   Beta  =  109.471   Gamma =  109.471
     NFFT1 =   60       NFFT2 =   60       NFFT3 =   60
     Cutoff=    8.000   Tol   =0.100E-04
     Ewald Coefficient =  0.34864
     Interpolation order =    4

    LOADING THE CONSTRAINED ATOMS AS GROUPS


   5.  REFERENCE ATOM COORDINATES

  default_name                                                                    
     Mask :1-57; matches   908 atoms

--------------------------------------------------------------------------------
   3.  ATOMIC COORDINATES AND VELOCITIES
--------------------------------------------------------------------------------

default_name                                                                    
 begin time read from input coords =     0.000 ps

 
 Number of triangulated 3-point waters found:     4164

     Sum of charges from parm topology file =  -0.00000003
     Forcing neutrality...

| Dynamic Memory, Types Used:
| Reals              473843
| Integers           387065

| Nonbonded Pairs Initial Allocation:     2238803

--------------------------------------------------------------------------------
   4.  RESULTS
--------------------------------------------------------------------------------

 ---------------------------------------------------
 APPROXIMATING switch and d/dx switch using CUBIC SPLINE INTERPOLATION
 using   5000.0 points per unit in tabled values
 TESTING RELATIVE ERROR over r ranging from 0.0 to cutoff
| CHECK switch(x): max rel err =   0.2738E-14   at   2.422500
| CHECK d/dx switch(x): max rel err =   0.8332E-11   at   2.782960
 ---------------------------------------------------
|---------------------------------------------------
| APPROXIMATING direct energy using CUBIC SPLINE INTERPOLATION
|  with   50.0 points per unit in tabled values
| Relative Error Limit not exceeded for r .gt.   2.47
| APPROXIMATING direct force using CUBIC SPLINE INTERPOLATION
|  with   50.0 points per unit in tabled values
| Relative Error Limit not exceeded for r .gt.   2.89
|---------------------------------------------------


   NSTEP       ENERGY          RMS            GMAX         NAME    NUMBER
      1      -3.4010E+04     4.9746E+01     4.5544E+03     O       12136

 BOND    =       36.5759  ANGLE   =      317.0020  DIHED      =      876.1998
 VDWAALS =     5580.8153  EEL     =   -43968.5967  HBOND      =        0.0000
 1-4 VDW =      215.1353  1-4 EEL =     2932.9859  RESTRAINT  =        0.0000


   NSTEP       ENERGY          RMS            GMAX         NAME    NUMBER
      5      -3.4538E+04     3.3478E+01     2.9025E+03     O       12136

 BOND    =       38.7079  ANGLE   =      316.2893  DIHED      =      876.1188
 VDWAALS =     5096.0482  EEL     =   -44012.9109  HBOND      =        0.0000
 1-4 VDW =      215.0935  1-4 EEL =     2932.9846  RESTRAINT  =        0.0013
 EAMBER  =   -34537.6686


   NSTEP       ENERGY          RMS            GMAX         NAME    NUMBER
     10      -3.5374E+04     1.6021E+01     9.5995E+02     O       12136

 BOND    =       68.3700  ANGLE   =      312.7364  DIHED      =      875.7046
 VDWAALS =     4447.8297  EEL     =   -44226.3246  HBOND      =        0.0000
 1-4 VDW =      214.8802  1-4 EEL =     2932.9812  RESTRAINT  =        0.0501
 EAMBER  =   -35373.8225


   NSTEP       ENERGY          RMS            GMAX         NAME    NUMBER
     15      -3.6445E+04     9.1902E+00     1.9229E+02     O        2788

 BOND    =      278.7903  ANGLE   =      299.2000  DIHED      =      873.9306
 VDWAALS =     4033.2917  EEL     =   -45078.4512  HBOND      =        0.0000
 1-4 VDW =      213.9730  1-4 EEL =     2933.0255  RESTRAINT  =        1.0253
 EAMBER  =   -36446.2401


   NSTEP       ENERGY          RMS            GMAX         NAME    NUMBER
     20      -3.7953E+04     4.7158E+00     6.8583E+01     H1      12137

 BOND    =     1152.2903  ANGLE   =      272.4475  DIHED      =      868.6461
 VDWAALS =     3749.0621  EEL     =   -47151.1113  HBOND      =        0.0000
 1-4 VDW =      211.3302  1-4 EEL =     2933.6489  RESTRAINT  =       10.5642
 EAMBER  =   -37963.6862


   NSTEP       ENERGY          RMS            GMAX         NAME    NUMBER
     25      -3.9795E+04     2.6028E+00     2.6481E+01     H1       7409

 BOND    =     2115.6001  ANGLE   =      247.5888  DIHED      =      857.0239
 VDWAALS =     3600.2674  EEL     =   -49807.9539  HBOND      =        0.0000
 1-4 VDW =      206.1628  1-4 EEL =     2934.7276  RESTRAINT  =       51.8410
 EAMBER  =   -39846.5834


   NSTEP       ENERGY          RMS            GMAX         NAME    NUMBER
     30      -4.0904E+04     8.4602E+00     1.9587E+02     H2       6489

 BOND    =     3361.8639  ANGLE   =      244.5556  DIHED      =      852.9522
 VDWAALS =     3632.9187  EEL     =   -52203.8462  HBOND      =        0.0000
 1-4 VDW =      205.1344  1-4 EEL =     2935.5071  RESTRAINT  =       66.7508
 EAMBER  =   -40970.9143


   NSTEP       ENERGY          RMS            GMAX         NAME    NUMBER
     35      -4.1414E+04     7.6896E+00     1.8123E+02     H2       6489

 BOND    =     3268.1343  ANGLE   =      244.0331  DIHED      =      852.6424
 VDWAALS =     3662.7691  EEL     =   -52649.0241  HBOND      =        0.0000
 1-4 VDW =      205.0588  1-4 EEL =     2935.4885  RESTRAINT  =       67.0978
 EAMBER  =   -41480.8979


   NSTEP       ENERGY          RMS            GMAX         NAME    NUMBER
     40      -4.2158E+04     2.7459E+00     5.0326E+01     H1      12137

 BOND    =     2146.0620  ANGLE   =      243.7521  DIHED      =      852.4259
 VDWAALS =     3709.4688  EEL     =   -52316.4025  HBOND      =        0.0000
 1-4 VDW =      205.0152  1-4 EEL =     2935.1291  RESTRAINT  =       66.8129
 EAMBER  =   -42224.5494


   NSTEP       ENERGY          RMS            GMAX         NAME    NUMBER
     45      -4.2512E+04     2.0630E+00     3.0671E+01     H1      12137

 BOND    =     2231.2952  ANGLE   =      243.4863  DIHED      =      852.3432
 VDWAALS =     3743.6729  EEL     =   -52790.1745  HBOND      =        0.0000
 1-4 VDW =      205.0046  1-4 EEL =     2934.9755  RESTRAINT  =       66.9634
 EAMBER  =   -42579.3969


   NSTEP       ENERGY          RMS            GMAX         NAME    NUMBER
     50      -4.2830E+04     2.2228E+00     4.0321E+01     C         906

 BOND    =     2238.8365  ANGLE   =      243.6755  DIHED      =      852.3173
 VDWAALS =     3784.9403  EEL     =   -53157.2121  HBOND      =        0.0000
 1-4 VDW =      204.9926  1-4 EEL =     2935.1490  RESTRAINT  =       66.9433
 EAMBER  =   -42897.3009


   NSTEP       ENERGY          RMS            GMAX         NAME    NUMBER
     55      -4.3045E+04     3.5892E+00     6.2182E+01     H1       2789

 BOND    =     2161.5876  ANGLE   =      243.7504  DIHED      =      852.2876
 VDWAALS =     3825.2999  EEL     =   -53334.8755  HBOND      =        0.0000
 1-4 VDW =      204.9882  1-4 EEL =     2935.0763  RESTRAINT  =       66.9202
 EAMBER  =   -43111.8854


   NSTEP       ENERGY          RMS            GMAX         NAME    NUMBER
     60      -4.3281E+04     4.0160E+00     6.6646E+01     H1       2789

 BOND    =     2158.2509  ANGLE   =      243.7114  DIHED      =      852.2362
 VDWAALS =     3868.9158  EEL     =   -53611.0670  HBOND      =        0.0000
 1-4 VDW =      204.9912  1-4 EEL =     2934.7296  RESTRAINT  =       67.0334
 EAMBER  =   -43348.2319


   NSTEP       ENERGY          RMS            GMAX         NAME    NUMBER
     65      -4.3484E+04     3.8815E+00     6.4690E+01     H1       2789

 BOND    =     2180.4939  ANGLE   =      243.7589  DIHED      =      852.2525
 VDWAALS =     3907.2538  EEL     =   -53874.8779  HBOND      =        0.0000
 1-4 VDW =      204.9781  1-4 EEL =     2935.0139  RESTRAINT  =       66.9133
 EAMBER  =   -43551.1267


   NSTEP       ENERGY          RMS            GMAX         NAME    NUMBER
     70      -4.3754E+04     1.1823E+00     1.9959E+01     Cl-       910

 BOND    =     2527.3729  ANGLE   =      243.2552  DIHED      =      852.2223
 VDWAALS =     3944.2606  EEL     =   -54528.4902  HBOND      =        0.0000
 1-4 VDW =      204.9675  1-4 EEL =     2934.9188  RESTRAINT  =       67.0450
 EAMBER  =   -43821.4929


   NSTEP       ENERGY          RMS            GMAX         NAME    NUMBER
     75      -4.3837E+04     4.2346E+00     6.7965E+01     H1       2789

 BOND    =     2192.7531  ANGLE   =      243.7810  DIHED      =      852.2296
 VDWAALS =     3990.7123  EEL     =   -54323.5328  HBOND      =        0.0000
 1-4 VDW =      204.9716  1-4 EEL =     2934.9635  RESTRAINT  =       66.8999
 EAMBER  =   -43904.1216


   NSTEP       ENERGY          RMS            GMAX         NAME    NUMBER
     80      -4.3998E+04     4.4580E+00     6.7891E+01     H1       2789

 BOND    =     2196.0250  ANGLE   =      243.7256  DIHED      =      852.2005
 VDWAALS =     4035.1063  EEL     =   -54531.2874  HBOND      =        0.0000
 1-4 VDW =      204.9722  1-4 EEL =     2934.7347  RESTRAINT  =       66.9468
 EAMBER  =   -44064.5232


   NSTEP       ENERGY          RMS            GMAX         NAME    NUMBER
     85      -4.4257E+04     1.5093E+00     1.9869E+01     H1       2789

 BOND    =     2665.2740  ANGLE   =      243.2557  DIHED      =      852.1821
 VDWAALS =     4075.1980  EEL     =   -55299.3270  HBOND      =        0.0000
 1-4 VDW =      204.9629  1-4 EEL =     2934.8637  RESTRAINT  =       67.0268
 EAMBER  =   -44323.5906


   NSTEP       ENERGY          RMS            GMAX         NAME    NUMBER
     90      -4.4381E+04     9.8469E-01     1.6634E+01     Cl-       911

 BOND    =     2581.0380  ANGLE   =      243.3431  DIHED      =      852.1790
 VDWAALS =     4111.0287  EEL     =   -55375.6927  HBOND      =        0.0000
 1-4 VDW =      204.9643  1-4 EEL =     2934.8589  RESTRAINT  =       66.9289
 EAMBER  =   -44448.2807


   NSTEP       ENERGY          RMS            GMAX         NAME    NUMBER
     95      -4.4525E+04     9.8851E-01     1.4139E+01     Cl-       911

 BOND    =     2609.5544  ANGLE   =      243.3447  DIHED      =      852.1675
 VDWAALS =     4157.6012  EEL     =   -55594.4392  HBOND      =        0.0000
 1-4 VDW =      204.9673  1-4 EEL =     2934.8355  RESTRAINT  =       66.8730
 EAMBER  =   -44591.9686


   NSTEP       ENERGY          RMS            GMAX         NAME    NUMBER
    100      -4.4646E+04     2.1081E+00     2.7369E+01     H1       2789

 BOND    =     2809.8858  ANGLE   =      243.3099  DIHED      =      852.1481
 VDWAALS =     4206.2663  EEL     =   -55964.4218  HBOND      =        0.0000
 1-4 VDW =      204.9733  1-4 EEL =     2934.8259  RESTRAINT  =       66.8982
 EAMBER  =   -44713.0124


   NSTEP       ENERGY          RMS            GMAX         NAME    NUMBER
    105      -4.4712E+04     9.3146E-01     9.4687E+00     Cl-       911

 BOND    =     2627.0509  ANGLE   =      243.3884  DIHED      =      852.1571
 VDWAALS =     4222.7330  EEL     =   -55864.2069  HBOND      =        0.0000
 1-4 VDW =      204.9731  1-4 EEL =     2934.8351  RESTRAINT  =       66.7630
 EAMBER  =   -44779.0691


   NSTEP       ENERGY          RMS            GMAX         NAME    NUMBER
    110      -4.6124E+04     2.0128E+00     8.4466E+01     Cl-       911

 BOND    =     2937.1872  ANGLE   =      249.9371  DIHED      =      852.2055
 VDWAALS =     5276.4259  EEL     =   -58655.4370  HBOND      =        0.0000
 1-4 VDW =      205.1054  1-4 EEL =     2934.8343  RESTRAINT  =       75.3129
 EAMBER  =   -46199.7416


   NSTEP       ENERGY          RMS            GMAX         NAME    NUMBER
    115      -4.6283E+04     1.7752E+00     1.5052E+02     C         906

 BOND    =     2936.2470  ANGLE   =      247.0429  DIHED      =      852.1594
 VDWAALS =     5366.9703  EEL     =   -58901.7529  HBOND      =        0.0000
 1-4 VDW =      205.1666  1-4 EEL =     2934.5173  RESTRAINT  =       76.2610
 EAMBER  =   -46359.6493


   NSTEP       ENERGY          RMS            GMAX         NAME    NUMBER
    120      -4.6635E+04     4.7276E+00     3.1199E+02     HZ3       729

 BOND    =     3506.9235  ANGLE   =      271.3345  DIHED      =      852.8647
 VDWAALS =     6106.2867  EEL     =   -60633.8091  HBOND      =        0.0000
 1-4 VDW =      204.8448  1-4 EEL =     2933.8283  RESTRAINT  =      122.6738
 EAMBER  =   -46757.7266


   NSTEP       ENERGY          RMS            GMAX         NAME    NUMBER
    125      -4.6973E+04     1.7950E+00     7.1717E+01     HE2       724

 BOND    =     3201.2198  ANGLE   =      249.2303  DIHED      =      852.2977
 VDWAALS =     6051.0525  EEL     =   -60543.5293  HBOND      =        0.0000
 1-4 VDW =      205.0840  1-4 EEL =     2935.5072  RESTRAINT  =       76.1306
 EAMBER  =   -47049.1377


   NSTEP       ENERGY          RMS            GMAX         NAME    NUMBER
    130      -4.6976E+04     1.7279E+00     7.0164E+01     HE2       724

 BOND    =     3192.5516  ANGLE   =      249.0623  DIHED      =      852.2987
 VDWAALS =     6050.9255  EEL     =   -60537.3286  HBOND      =        0.0000
 1-4 VDW =      205.0787  1-4 EEL =     2935.5009  RESTRAINT  =       75.9435
 EAMBER  =   -47051.9108


   NSTEP       ENERGY          RMS            GMAX         NAME    NUMBER
    135      -4.7115E+04     1.2518E+00     4.9885E+01     C         906

 BOND    =     3068.9545  ANGLE   =      244.5358  DIHED      =      852.2698
 VDWAALS =     6027.6333  EEL     =   -60516.9014  HBOND      =        0.0000
 1-4 VDW =      204.8282  1-4 EEL =     2934.8760  RESTRAINT  =       68.9315
 EAMBER  =   -47183.8038


   NSTEP       ENERGY          RMS            GMAX         NAME    NUMBER
    140      -4.7344E+04     1.9896E+00     7.5824E+01     C         906

 BOND    =     3197.3535  ANGLE   =      250.0556  DIHED      =      852.2596
 VDWAALS =     6037.2814  EEL     =   -60908.3666  HBOND      =        0.0000
 1-4 VDW =      204.8609  1-4 EEL =     2935.2525  RESTRAINT  =       86.9430
 EAMBER  =   -47431.3031


   NSTEP       ENERGY          RMS            GMAX         NAME    NUMBER
    145      -4.7535E+04     1.3827E+00     9.5897E+01     NZ        726

 BOND    =     3064.6404  ANGLE   =      251.8260  DIHED      =      852.2786
 VDWAALS =     6056.0507  EEL     =   -60975.3547  HBOND      =        0.0000
 1-4 VDW =      205.5470  1-4 EEL =     2935.1959  RESTRAINT  =       74.5895
 EAMBER  =   -47609.8160


   NSTEP       ENERGY          RMS            GMAX         NAME    NUMBER
    150      -4.7718E+04     1.9741E+00     1.2359E+02     NZ        726

 BOND    =     3132.7597  ANGLE   =      256.3438  DIHED      =      852.8902
 VDWAALS =     6109.8302  EEL     =   -61302.7439  HBOND      =        0.0000
 1-4 VDW =      205.1337  1-4 EEL =     2934.7111  RESTRAINT  =       93.3428
 EAMBER  =   -47811.0752


   NSTEP       ENERGY          RMS            GMAX         NAME    NUMBER
    155      -4.7722E+04     1.8684E+00     1.1739E+02     NZ        726

 BOND    =     3128.3946  ANGLE   =      255.8848  DIHED      =      852.8747
 VDWAALS =     6109.7573  EEL     =   -61301.2756  HBOND      =        0.0000
 1-4 VDW =      205.1299  1-4 EEL =     2934.6970  RESTRAINT  =       92.8460
 EAMBER  =   -47814.5374


   NSTEP       ENERGY          RMS            GMAX         NAME    NUMBER
    160      -4.7824E+04     1.1464E+00     5.3580E+01     C         906

 BOND    =     3118.0651  ANGLE   =      248.0628  DIHED      =      852.2234
 VDWAALS =     6114.6242  EEL     =   -61367.3647  HBOND      =        0.0000
 1-4 VDW =      205.2724  1-4 EEL =     2935.0830  RESTRAINT  =       70.4907
 EAMBER  =   -47894.0338


   NSTEP       ENERGY          RMS            GMAX         NAME    NUMBER
    165      -4.7890E+04     1.3096E+00     7.5905E+01     HE2       724

 BOND    =     3138.7655  ANGLE   =      248.2927  DIHED      =      852.1262
 VDWAALS =     6145.9728  EEL     =   -61495.8384  HBOND      =        0.0000
 1-4 VDW =      204.8562  1-4 EEL =     2935.6504  RESTRAINT  =       80.4385
 EAMBER  =   -47970.1745


   NSTEP       ENERGY          RMS            GMAX         NAME    NUMBER
    170      -4.8085E+04     1.9021E+00     1.0030E+02     C         906

 BOND    =     3226.0280  ANGLE   =      252.7895  DIHED      =      852.9991
 VDWAALS =     6395.0318  EEL     =   -62044.0572  HBOND      =        0.0000
 1-4 VDW =      205.1262  1-4 EEL =     2934.0737  RESTRAINT  =       93.4588
 EAMBER  =   -48178.0088


   NSTEP       ENERGY          RMS            GMAX         NAME    NUMBER
    175      -4.8175E+04     1.6821E+00     8.5667E+01     HZ3       729

 BOND    =     3212.0991  ANGLE   =      256.2122  DIHED      =      852.4602
 VDWAALS =     6512.5200  EEL     =   -62233.8003  HBOND      =        0.0000
 1-4 VDW =      205.4270  1-4 EEL =     2934.9123  RESTRAINT  =       84.8109
 EAMBER  =   -48260.1694


   NSTEP       ENERGY          RMS            GMAX         NAME    NUMBER
    180      -4.8179E+04     1.6007E+00     8.4446E+01     HZ3       729

 BOND    =     3209.3138  ANGLE   =      255.7816  DIHED      =      852.4580
 VDWAALS =     6512.3640  EEL     =   -62233.2299  HBOND      =        0.0000
 1-4 VDW =      205.4117  1-4 EEL =     2934.8990  RESTRAINT  =       84.3771
 EAMBER  =   -48263.0018


   NSTEP       ENERGY          RMS            GMAX         NAME    NUMBER
    185      -4.8276E+04     1.1439E+00     6.2047E+01     CG        262

 BOND    =     3215.7053  ANGLE   =      243.7872  DIHED      =      852.5465
 VDWAALS =     6516.4981  EEL     =   -62314.1370  HBOND      =        0.0000
 1-4 VDW =      205.0300  1-4 EEL =     2935.4805  RESTRAINT  =       69.0428
 EAMBER  =   -48345.0895


   NSTEP       ENERGY          RMS            GMAX         NAME    NUMBER
    190      -4.8339E+04     1.2594E+00     7.2617E+01     HZ3       729

 BOND    =     3228.9274  ANGLE   =      248.5123  DIHED      =      852.4207
 VDWAALS =     6538.4327  EEL     =   -62426.4757  HBOND      =        0.0000
 1-4 VDW =      204.8303  1-4 EEL =     2936.3848  RESTRAINT  =       78.2957
 EAMBER  =   -48416.9676


   NSTEP       ENERGY          RMS            GMAX         NAME    NUMBER
    195      -4.8459E+04     1.4654E+00     7.4139E+01     CE        723

 BOND    =     3233.9425  ANGLE   =      249.5054  DIHED      =      852.5315
 VDWAALS =     6661.0319  EEL     =   -62672.6741  HBOND      =        0.0000
 1-4 VDW =      205.4948  1-4 EEL =     2935.3030  RESTRAINT  =       75.9459
 EAMBER  =   -48534.8649


   NSTEP       ENERGY          RMS            GMAX         NAME    NUMBER
    200      -4.8520E+04     1.5462E+00     8.4604E+01     CG        262

 BOND    =     3272.4309  ANGLE   =      248.6754  DIHED      =      853.0387
 VDWAALS =     6710.3646  EEL     =   -62821.4665  HBOND      =        0.0000
 1-4 VDW =      205.2432  1-4 EEL =     2934.1149  RESTRAINT  =       77.5414
 EAMBER  =   -48597.5988


   NSTEP       ENERGY          RMS            GMAX         NAME    NUMBER
    205      -4.8523E+04     1.4245E+00     7.2971E+01     CG        262

 BOND    =     3268.0428  ANGLE   =      248.3844  DIHED      =      853.0275
 VDWAALS =     6710.2424  EEL     =   -62819.6962  HBOND      =        0.0000
 1-4 VDW =      205.2357  1-4 EEL =     2934.1700  RESTRAINT  =       77.1421
 EAMBER  =   -48600.5935


   NSTEP       ENERGY          RMS            GMAX         NAME    NUMBER
    210      -4.8588E+04     1.0604E+00     5.1567E+01     HZ3       729

 BOND    =     3256.1658  ANGLE   =      247.0373  DIHED      =      852.3865
 VDWAALS =     6706.7749  EEL     =   -62861.4209  HBOND      =        0.0000
 1-4 VDW =      205.2238  1-4 EEL =     2935.8189  RESTRAINT  =       70.3486
 EAMBER  =   -48658.0137


   NSTEP       ENERGY          RMS            GMAX         NAME    NUMBER
    215      -4.8648E+04     1.0870E+00     7.4607E+01     HZ3       729

 BOND    =     3274.5291  ANGLE   =      248.3874  DIHED      =      852.6367
 VDWAALS =     6733.8291  EEL     =   -62975.7894  HBOND      =        0.0000
 1-4 VDW =      205.0114  1-4 EEL =     2935.9378  RESTRAINT  =       77.1552
 EAMBER  =   -48725.4579


   NSTEP       ENERGY          RMS            GMAX         NAME    NUMBER
    220      -4.8738E+04     1.7844E+00     9.2690E+01     C         906

 BOND    =     3308.6991  ANGLE   =      247.9143  DIHED      =      852.9229
 VDWAALS =     6865.9713  EEL     =   -63227.9927  HBOND      =        0.0000
 1-4 VDW =      205.1203  1-4 EEL =     2935.3328  RESTRAINT  =       74.5164
 EAMBER  =   -48812.0319


   NSTEP       ENERGY          RMS            GMAX         NAME    NUMBER
    225      -4.8806E+04     1.7426E+00     7.0179E+01     HZ3       729

 BOND    =     3306.4632  ANGLE   =      256.5464  DIHED      =      852.7758
 VDWAALS =     6938.1105  EEL     =   -63383.4872  HBOND      =        0.0000
 1-4 VDW =      205.6708  1-4 EEL =     2934.7506  RESTRAINT  =       83.4202
 EAMBER  =   -48889.1700


   NSTEP       ENERGY          RMS            GMAX         NAME    NUMBER
    230      -4.8810E+04     1.6143E+00     6.8844E+01     HZ3       729

 BOND    =     3304.7275  ANGLE   =      255.8477  DIHED      =      852.7614
 VDWAALS =     6938.0425  EEL     =   -63384.5408  HBOND      =        0.0000
 1-4 VDW =      205.6471  1-4 EEL =     2934.7553  RESTRAINT  =       82.9364
 EAMBER  =   -48892.7593


   NSTEP       ENERGY          RMS            GMAX         NAME    NUMBER
    235      -4.8881E+04     1.1944E+00     6.4173E+01     CG        262

 BOND    =     3304.4881  ANGLE   =      243.6814  DIHED      =      852.7152
 VDWAALS =     6947.1266  EEL     =   -63438.2853  HBOND      =        0.0000
 1-4 VDW =      204.9723  1-4 EEL =     2935.5330  RESTRAINT  =       68.3594
 EAMBER  =   -48949.7688


   NSTEP       ENERGY          RMS            GMAX         NAME    NUMBER
    240      -4.8920E+04     9.4102E-01     5.5965E+01     HZ3       729

 BOND    =     3311.2046  ANGLE   =      246.8113  DIHED      =      852.6100
 VDWAALS =     6970.3527  EEL     =   -63516.9987  HBOND      =        0.0000
 1-4 VDW =      205.1031  1-4 EEL =     2936.0095  RESTRAINT  =       74.6679
 EAMBER  =   -48994.9075


   NSTEP       ENERGY          RMS            GMAX         NAME    NUMBER
    245      -4.9013E+04     1.0007E+00     4.7008E+01     CD        720

 BOND    =     3333.5280  ANGLE   =      248.0630  DIHED      =      852.4876
 VDWAALS =     7103.8020  EEL     =   -63763.5990  HBOND      =        0.0000
 1-4 VDW =      205.5571  1-4 EEL =     2934.9287  RESTRAINT  =       72.2976
 EAMBER  =   -49085.2327


   NSTEP       ENERGY          RMS            GMAX         NAME    NUMBER
    250      -4.9067E+04     1.4089E+00     6.8796E+01     NZ        726

 BOND    =     3334.1131  ANGLE   =      248.6730  DIHED      =      853.3083
 VDWAALS =     7159.6089  EEL     =   -63882.9167  HBOND      =        0.0000
 1-4 VDW =      205.2250  1-4 EEL =     2934.2811  RESTRAINT  =       80.3049
 EAMBER  =   -49147.7073


   NSTEP       ENERGY          RMS            GMAX         NAME    NUMBER
    255      -4.9071E+04     1.3169E+00     6.3709E+01     HZ1       727

 BOND    =     3332.9203  ANGLE   =      248.3798  DIHED      =      853.2808
 VDWAALS =     7159.5559  EEL     =   -63884.4154  HBOND      =        0.0000
 1-4 VDW =      205.2146  1-4 EEL =     2934.3563  RESTRAINT  =       79.7056
 EAMBER  =   -49150.7077


   NSTEP       ENERGY          RMS            GMAX         NAME    NUMBER
    260      -4.9130E+04     7.0216E-01     3.6671E+01     HZ3       729

 BOND    =     3363.6252  ANGLE   =      244.8091  DIHED      =      852.5071
 VDWAALS =     7158.6946  EEL     =   -63958.9370  HBOND      =        0.0000
 1-4 VDW =      205.2461  1-4 EEL =     2935.3174  RESTRAINT  =       68.9000
 EAMBER  =   -49198.7375


   NSTEP       ENERGY          RMS            GMAX         NAME    NUMBER
    265      -4.9174E+04     9.2460E-01     5.2727E+01     NZ        726

 BOND    =     3354.8513  ANGLE   =      247.2136  DIHED      =      852.3379
 VDWAALS =     7166.4769  EEL     =   -64010.3547  HBOND      =        0.0000
 1-4 VDW =      205.1882  1-4 EEL =     2936.0165  RESTRAINT  =       74.6889
 EAMBER  =   -49248.2705


   NSTEP       ENERGY          RMS            GMAX         NAME    NUMBER
    270      -4.9248E+04     1.2903E+00     6.8358E+01     C         906

 BOND    =     3394.6791  ANGLE   =      245.4426  DIHED      =      852.8148
 VDWAALS =     7244.6313  EEL     =   -64196.1615  HBOND      =        0.0000
 1-4 VDW =      204.9966  1-4 EEL =     2935.6957  RESTRAINT  =       69.4508
 EAMBER  =   -49317.9014


   NSTEP       ENERGY          RMS            GMAX         NAME    NUMBER
    275      -4.9291E+04     1.2351E+00     6.0019E+01     CG        262

 BOND    =     3393.4758  ANGLE   =      250.1842  DIHED      =      852.4342
 VDWAALS =     7305.5305  EEL     =   -64308.4367  HBOND      =        0.0000
 1-4 VDW =      205.5812  1-4 EEL =     2935.1580  RESTRAINT  =       74.6339
 EAMBER  =   -49366.0728


   NSTEP       ENERGY          RMS            GMAX         NAME    NUMBER
    280      -4.9294E+04     1.1209E+00     5.0119E+01     CG        262

 BOND    =     3391.9355  ANGLE   =      249.7630  DIHED      =      852.4335
 VDWAALS =     7305.4774  EEL     =   -64308.6904  HBOND      =        0.0000
 1-4 VDW =      205.5504  1-4 EEL =     2935.1541  RESTRAINT  =       74.3506
 EAMBER  =   -49368.3765


   NSTEP       ENERGY          RMS            GMAX         NAME    NUMBER
    285      -4.9349E+04     1.0179E+00     5.2748E+01     CE        723

 BOND    =     3395.0261  ANGLE   =      244.9540  DIHED      =      852.9296
 VDWAALS =     7321.5814  EEL     =   -64373.3303  HBOND      =        0.0000
 1-4 VDW =      204.9126  1-4 EEL =     2935.2343  RESTRAINT  =       69.3112
 EAMBER  =   -49418.6923


   NSTEP       ENERGY          RMS            GMAX         NAME    NUMBER
    290      -4.9390E+04     8.8791E-01     4.3956E+01     HZ3       729

 BOND    =     3412.7216  ANGLE   =      246.2672  DIHED      =      852.3932
 VDWAALS =     7355.2522  EEL     =   -64471.3952  HBOND      =        0.0000
 1-4 VDW =      205.2774  1-4 EEL =     2936.0413  RESTRAINT  =       73.2599
 EAMBER  =   -49463.4423


   NSTEP       ENERGY          RMS            GMAX         NAME    NUMBER
    295      -4.9444E+04     9.9229E-01     5.4485E+01     C         906

 BOND    =     3413.4493  ANGLE   =      247.2184  DIHED      =      852.4497
 VDWAALS =     7434.0921  EEL     =   -64603.4339  HBOND      =        0.0000
 1-4 VDW =      205.4064  1-4 EEL =     2935.1163  RESTRAINT  =       71.7633
 EAMBER  =   -49515.7016


   NSTEP       ENERGY          RMS            GMAX         NAME    NUMBER
    300      -4.9484E+04     1.2156E+00     7.3618E+01     NZ        726

 BOND    =     3432.3044  ANGLE   =      249.3404  DIHED      =      853.0198
 VDWAALS =     7486.8023  EEL     =   -64725.1617  HBOND      =        0.0000
 1-4 VDW =      205.3577  1-4 EEL =     2934.1328  RESTRAINT  =       80.6945
 EAMBER  =   -49564.2042


   NSTEP       ENERGY          RMS            GMAX         NAME    NUMBER
    305      -4.9486E+04     1.1386E+00     6.7827E+01     NZ        726

 BOND    =     3430.9354  ANGLE   =      249.0896  DIHED      =      853.0043
 VDWAALS =     7486.7393  EEL     =   -64725.4543  HBOND      =        0.0000
 1-4 VDW =      205.3363  1-4 EEL =     2934.2076  RESTRAINT  =       80.1945
 EAMBER  =   -49566.1419


   NSTEP       ENERGY          RMS            GMAX         NAME    NUMBER
    310      -4.9534E+04     6.8861E-01     4.5633E+01     HZ3       729

 BOND    =     3432.1609  ANGLE   =      244.8650  DIHED      =      852.4531
 VDWAALS =     7486.0129  EEL     =   -64758.7155  HBOND      =        0.0000
 1-4 VDW =      205.2455  1-4 EEL =     2935.3091  RESTRAINT  =       68.7840
 EAMBER  =   -49602.6690


   NSTEP       ENERGY          RMS            GMAX         NAME    NUMBER
    315      -4.9560E+04     8.3313E-01     4.7775E+01     NZ        726

 BOND    =     3436.3192  ANGLE   =      245.5925  DIHED      =      852.2977
 VDWAALS =     7492.2489  EEL     =   -64798.9661  HBOND      =        0.0000
 1-4 VDW =      205.1725  1-4 EEL =     2935.8213  RESTRAINT  =       71.7919
 EAMBER  =   -49631.5141


   NSTEP       ENERGY          RMS            GMAX         NAME    NUMBER
    320      -4.9629E+04     1.3452E+00     1.0189E+02     C         906

 BOND    =     3475.4418  ANGLE   =      245.4033  DIHED      =      852.7050
 VDWAALS =     7569.0265  EEL     =   -64981.8613  HBOND      =        0.0000
 1-4 VDW =      205.1460  1-4 EEL =     2935.4879  RESTRAINT  =       69.2170
 EAMBER  =   -49698.6508


   NSTEP       ENERGY          RMS            GMAX         NAME    NUMBER
    325      -4.9667E+04     1.2276E+00     6.8610E+01     C         906

 BOND    =     3457.8586  ANGLE   =      249.4666  DIHED      =      852.2697
 VDWAALS =     7617.9507  EEL     =   -65057.3792  HBOND      =        0.0000
 1-4 VDW =      205.5649  1-4 EEL =     2935.2209  RESTRAINT  =       72.2989
 EAMBER  =   -49739.0478


   NSTEP       ENERGY          RMS            GMAX         NAME    NUMBER
    330      -4.9670E+04     1.0976E+00     5.6338E+01     C         906

 BOND    =     3457.1501  ANGLE   =      248.9410  DIHED      =      852.2717
 VDWAALS =     7617.9209  EEL     =   -65058.5972  HBOND      =        0.0000
 1-4 VDW =      205.5258  1-4 EEL =     2935.2206  RESTRAINT  =       72.0473
 EAMBER  =   -49741.5672


   NSTEP       ENERGY          RMS            GMAX         NAME    NUMBER
    335      -4.9720E+04     9.5947E-01     5.2769E+01     CE        723

 BOND    =     3474.8297  ANGLE   =      244.7696  DIHED      =      852.9729
 VDWAALS =     7633.7879  EEL     =   -65135.1219  HBOND      =        0.0000
 1-4 VDW =      204.9397  1-4 EEL =     2935.0983  RESTRAINT  =       68.8842
 EAMBER  =   -49788.7238


   NSTEP       ENERGY          RMS            GMAX         NAME    NUMBER
    340      -4.9758E+04     8.0970E-01     3.4796E+01     HZ3       729

 BOND    =     3480.3530  ANGLE   =      245.3527  DIHED      =      852.3358
 VDWAALS =     7666.3909  EEL     =   -65214.7320  HBOND      =        0.0000
 1-4 VDW =      205.2098  1-4 EEL =     2935.6717  RESTRAINT  =       71.2949
 EAMBER  =   -49829.4180


   NSTEP       ENERGY          RMS            GMAX         NAME    NUMBER
    345      -4.9796E+04     7.9962E-01     3.6185E+01     C         906

 BOND    =     3481.4104  ANGLE   =      244.8026  DIHED      =      852.4674
 VDWAALS =     7725.5443  EEL     =   -65309.6913  HBOND      =        0.0000
 1-4 VDW =      205.2789  1-4 EEL =     2935.1887  RESTRAINT  =       69.1881
 EAMBER  =   -49864.9990


   NSTEP       ENERGY          RMS            GMAX         NAME    NUMBER
    350      -4.9828E+04     1.1121E+00     5.4553E+01     HZ3       729

 BOND    =     3512.3570  ANGLE   =      247.1433  DIHED      =      852.8854
 VDWAALS =     7785.2298  EEL     =   -65440.4751  HBOND      =        0.0000
 1-4 VDW =      205.1602  1-4 EEL =     2934.2678  RESTRAINT  =       75.2531
 EAMBER  =   -49903.4315


   NSTEP       ENERGY          RMS            GMAX         NAME    NUMBER
    355      -4.9830E+04     1.0332E+00     5.2978E+01     HZ3       729

 BOND    =     3510.4092  ANGLE   =      246.9322  DIHED      =      852.8693
 VDWAALS =     7785.1297  EEL     =   -65440.1086  HBOND      =        0.0000
 1-4 VDW =      205.1524  1-4 EEL =     2934.3412  RESTRAINT  =       74.8767
 EAMBER  =   -49905.2747


   NSTEP       ENERGY          RMS            GMAX         NAME    NUMBER
    360      -4.9871E+04     6.3674E-01     3.1705E+01     HZ3       729

 BOND    =     3493.0191  ANGLE   =      245.6419  DIHED      =      852.3576
 VDWAALS =     7779.5073  EEL     =   -65451.4300  HBOND      =        0.0000
 1-4 VDW =      205.2519  1-4 EEL =     2935.3287  RESTRAINT  =       68.8856
 EAMBER  =   -49940.3235


   NSTEP       ENERGY          RMS            GMAX         NAME    NUMBER
    365      -4.9903E+04     7.8889E-01     3.6631E+01     HZ3       729

 BOND    =     3517.8808  ANGLE   =      245.7743  DIHED      =      852.2095
 VDWAALS =     7781.4168  EEL     =   -65513.1847  HBOND      =        0.0000
 1-4 VDW =      205.1137  1-4 EEL =     2935.8211  RESTRAINT  =       71.5776
 EAMBER  =   -49974.9684


   NSTEP       ENERGY          RMS            GMAX         NAME    NUMBER
    370      -4.9946E+04     8.3165E-01     3.8114E+01     C         906

 BOND    =     3510.4376  ANGLE   =      244.1724  DIHED      =      852.7559
 VDWAALS =     7816.3945  EEL     =   -65578.4509  HBOND      =        0.0000
 1-4 VDW =      205.1236  1-4 EEL =     2935.2203  RESTRAINT  =       68.2032
 EAMBER  =   -50014.3466


   NSTEP       ENERGY          RMS            GMAX         NAME    NUMBER
    375      -4.9972E+04     1.0813E+00     3.7760E+01     C         906

 BOND    =     3523.8560  ANGLE   =      249.0482  DIHED      =      852.1676
 VDWAALS =     7855.1832  EEL     =   -65665.5126  HBOND      =        0.0000
 1-4 VDW =      205.5891  1-4 EEL =     2934.8759  RESTRAINT  =       72.7777
 EAMBER  =   -50044.7926


   NSTEP       ENERGY          RMS            GMAX         NAME    NUMBER
    380      -4.9975E+04     9.4739E-01     3.5819E+01     HZ3       729

 BOND    =     3521.8498  ANGLE   =      248.6038  DIHED      =      852.1793
 VDWAALS =     7855.1964  EEL     =   -65665.2825  HBOND      =        0.0000
 1-4 VDW =      205.5374  1-4 EEL =     2934.9196  RESTRAINT  =       72.4923
 EAMBER  =   -50046.9962


   NSTEP       ENERGY          RMS            GMAX         NAME    NUMBER
    385      -5.0010E+04     8.2928E-01     4.3262E+01     CG        262

 BOND    =     3530.0362  ANGLE   =      244.0187  DIHED      =      852.7813
 VDWAALS =     7871.5605  EEL     =   -65716.7074  HBOND      =        0.0000
 1-4 VDW =      204.9729  1-4 EEL =     2935.2184  RESTRAINT  =       68.3752
 EAMBER  =   -50078.1194


   NSTEP       ENERGY          RMS            GMAX         NAME    NUMBER
    390      -5.0033E+04     7.6680E-01     3.2657E+01     HZ3       729

 BOND    =     3533.6428  ANGLE   =      245.7281  DIHED      =      852.1902
 VDWAALS =     7895.2783  EEL     =   -65772.3431  HBOND      =        0.0000
 1-4 VDW =      205.1538  1-4 EEL =     2935.8052  RESTRAINT  =       71.0637
 EAMBER  =   -50104.5447


   NSTEP       ENERGY          RMS            GMAX         NAME    NUMBER
    395      -5.0076E+04     6.9527E-01     3.7925E+01     CD        720

 BOND    =     3543.1702  ANGLE   =      245.3839  DIHED      =      852.3514
 VDWAALS =     7964.2861  EEL     =   -65891.3765  HBOND      =        0.0000
 1-4 VDW =      205.3367  1-4 EEL =     2935.3218  RESTRAINT  =       69.0353
 EAMBER  =   -50145.5264


   NSTEP       ENERGY          RMS            GMAX         NAME    NUMBER
    400      -5.0105E+04     1.0793E+00     5.9270E+01     C         906

 BOND    =     3554.1246  ANGLE   =      247.1431  DIHED      =      852.7331
 VDWAALS =     8014.9445  EEL     =   -65988.5237  HBOND      =        0.0000
 1-4 VDW =      205.1716  1-4 EEL =     2934.2738  RESTRAINT  =       74.6858
 EAMBER  =   -50180.1329


   NSTEP       ENERGY          RMS            GMAX         NAME    NUMBER
    405      -5.0108E+04     9.9282E-01     4.8646E+01     C         906

 BOND    =     3552.9228  ANGLE   =      246.9492  DIHED      =      852.7214
 VDWAALS =     8014.8377  EEL     =   -65988.9008  HBOND      =        0.0000
 1-4 VDW =      205.1631  1-4 EEL =     2934.3515  RESTRAINT  =       74.3160
 EAMBER  =   -50181.9551


   NSTEP       ENERGY          RMS            GMAX         NAME    NUMBER
    410      -5.0145E+04     5.8544E-01     3.0371E+01     HZ3       729

 BOND    =     3550.9463  ANGLE   =      245.6055  DIHED      =      852.2840
 VDWAALS =     8009.0950  EEL     =   -66011.6207  HBOND      =        0.0000
 1-4 VDW =      205.2427  1-4 EEL =     2935.3486  RESTRAINT  =       68.5453
 EAMBER  =   -50213.0986


   NSTEP       ENERGY          RMS            GMAX         NAME    NUMBER
    415      -5.0170E+04     7.4759E-01     3.2586E+01     HZ3       729

 BOND    =     3559.1935  ANGLE   =      245.5966  DIHED      =      852.1440
 VDWAALS =     8008.7998  EEL     =   -66047.4213  HBOND      =        0.0000
 1-4 VDW =      205.0998  1-4 EEL =     2935.7230  RESTRAINT  =       70.6327
 EAMBER  =   -50240.8647


   NSTEP       ENERGY          RMS            GMAX         NAME    NUMBER
    420      -5.0207E+04     7.8996E-01     4.1695E+01     C         906

 BOND    =     3563.6672  ANGLE   =      244.4493  DIHED      =      852.6334
 VDWAALS =     8036.3461  EEL     =   -66112.0844  HBOND      =        0.0000
 1-4 VDW =      205.1850  1-4 EEL =     2935.2991  RESTRAINT  =       67.7759
 EAMBER  =   -50274.5044


   NSTEP       ENERGY          RMS            GMAX         NAME    NUMBER
    425      -5.0227E+04     9.4783E-01     3.7202E+01     C         906

 BOND    =     3568.1113  ANGLE   =      248.3920  DIHED      =      852.0922
 VDWAALS =     8066.2594  EEL     =   -66173.9989  HBOND      =        0.0000
 1-4 VDW =      205.4657  1-4 EEL =     2935.1752  RESTRAINT  =       71.0288
 EAMBER  =   -50298.5031


   NSTEP       ENERGY          RMS            GMAX         NAME    NUMBER
    430      -5.0230E+04     8.1959E-01     3.0176E+01     HZ3       729

 BOND    =     3567.0693  ANGLE   =      247.9436  DIHED      =      852.1061
 VDWAALS =     8066.3067  EEL     =   -66174.5201  HBOND      =        0.0000
 1-4 VDW =      205.4284  1-4 EEL =     2935.1767  RESTRAINT  =       70.7805
 EAMBER  =   -50300.4894


   NSTEP       ENERGY          RMS            GMAX         NAME    NUMBER
    435      -5.0260E+04     7.9528E-01     3.3287E+01     CE        723

 BOND    =     3574.8144  ANGLE   =      244.2335  DIHED      =      852.7198
 VDWAALS =     8081.8546  EEL     =   -66221.5410  HBOND      =        0.0000
 1-4 VDW =      204.9884  1-4 EEL =     2935.2266  RESTRAINT  =       67.9194
 EAMBER  =   -50327.7037


   NSTEP       ENERGY          RMS            GMAX         NAME    NUMBER
    440      -5.0292E+04     7.6836E-01     3.1342E+01     CE        723

 BOND    =     3580.2728  ANGLE   =      247.0202  DIHED      =      852.1291
 VDWAALS =     8116.0451  EEL     =   -66297.5670  HBOND      =        0.0000
 1-4 VDW =      205.0388  1-4 EEL =     2935.8089  RESTRAINT  =       69.1559
 EAMBER  =   -50361.2521


   NSTEP       ENERGY          RMS            GMAX         NAME    NUMBER
    445      -5.0314E+04     7.3108E-01     4.4477E+01     CD        720

 BOND    =     3582.9445  ANGLE   =      246.3035  DIHED      =      852.3630
 VDWAALS =     8146.3580  EEL     =   -66352.1316  HBOND      =        0.0000
 1-4 VDW =      205.3967  1-4 EEL =     2935.1307  RESTRAINT  =       70.0478
 EAMBER  =   -50383.6351


   NSTEP       ENERGY          RMS            GMAX         NAME    NUMBER
    450      -5.0362E+04     9.7580E-01     4.6002E+01     C         906

 BOND    =     3604.5577  ANGLE   =      246.9774  DIHED      =      852.5360
 VDWAALS =     8198.7652  EEL     =   -66477.4805  HBOND      =        0.0000
 1-4 VDW =      205.2133  1-4 EEL =     2934.4327  RESTRAINT  =       73.4051
 EAMBER  =   -50434.9981


   NSTEP       ENERGY          RMS            GMAX         NAME    NUMBER
    455      -5.0363E+04     8.9393E-01     3.7992E+01     C         906

 BOND    =     3603.1445  ANGLE   =      246.7944  DIHED      =      852.5321
 VDWAALS =     8198.7426  EEL     =   -66477.3400  HBOND      =        0.0000
 1-4 VDW =      205.1999  1-4 EEL =     2934.4990  RESTRAINT  =       73.1075
 EAMBER  =   -50436.4275


   NSTEP       ENERGY          RMS            GMAX         NAME    NUMBER
    460      -5.0386E+04     4.4399E-01     1.7070E+01     HZ3       729

 BOND    =     3594.3472  ANGLE   =      244.9414  DIHED      =      852.2643
 VDWAALS =     8198.9806  EEL     =   -66485.0676  HBOND      =        0.0000
 1-4 VDW =      205.2208  1-4 EEL =     2935.2961  RESTRAINT  =       67.8214
 EAMBER  =   -50454.0172


   NSTEP       ENERGY          RMS            GMAX         NAME    NUMBER
    465      -5.0400E+04     6.3456E-01     2.4533E+01     HZ3       729

 BOND    =     3602.5232  ANGLE   =      245.4623  DIHED      =      852.1040
 VDWAALS =     8204.2020  EEL     =   -66514.9202  HBOND      =        0.0000
 1-4 VDW =      205.1103  1-4 EEL =     2935.7637  RESTRAINT  =       69.5319
 EAMBER  =   -50469.7547


   NSTEP       ENERGY          RMS            GMAX         NAME    NUMBER
    470      -5.0452E+04     9.9979E-01     5.7872E+01     C         906

 BOND    =     3624.7739  ANGLE   =      244.7975  DIHED      =      852.8302
 VDWAALS =     8260.4485  EEL     =   -66643.3866  HBOND      =        0.0000
 1-4 VDW =      205.1532  1-4 EEL =     2935.5719  RESTRAINT  =       68.0564
 EAMBER  =   -50519.8115


   NSTEP       ENERGY          RMS            GMAX         NAME    NUMBER
    475      -5.0484E+04     8.6114E-01     3.5854E+01     C         906

 BOND    =     3617.9384  ANGLE   =      248.1638  DIHED      =      852.0903
 VDWAALS =     8312.5900  EEL     =   -66726.4269  HBOND      =        0.0000
 1-4 VDW =      205.4487  1-4 EEL =     2935.4354  RESTRAINT  =       70.2611
 EAMBER  =   -50554.7603


   NSTEP       ENERGY          RMS            GMAX         NAME    NUMBER
    480      -5.0486E+04     7.8116E-01     2.7762E+01     C         906

 BOND    =     3617.9055  ANGLE   =      247.8266  DIHED      =      852.0949
 VDWAALS =     8312.5868  EEL     =   -66727.5974  HBOND      =        0.0000
 1-4 VDW =      205.4337  1-4 EEL =     2935.4119  RESTRAINT  =       70.0838
 EAMBER  =   -50556.3380


   NSTEP       ENERGY          RMS            GMAX         NAME    NUMBER
    485      -5.0533E+04     1.0615E+00     5.8606E+01     C         906

 BOND    =     3635.0460  ANGLE   =      245.7250  DIHED      =      852.9119
 VDWAALS =     8327.9843  EEL     =   -66804.3177  HBOND      =        0.0000
 1-4 VDW =      204.8880  1-4 EEL =     2935.3471  RESTRAINT  =       69.4691
 EAMBER  =   -50602.4155


   NSTEP       ENERGY          RMS            GMAX         NAME    NUMBER
    490      -5.0560E+04     5.8666E-01     2.1172E+01     HZ3       729

 BOND    =     3636.4388  ANGLE   =      245.1388  DIHED      =      852.1051
 VDWAALS =     8346.3847  EEL     =   -66850.2595  HBOND      =        0.0000
 1-4 VDW =      205.1315  1-4 EEL =     2935.7252  RESTRAINT  =       68.8497
 EAMBER  =   -50629.3355


   NSTEP       ENERGY          RMS            GMAX         NAME    NUMBER
    495      -5.0578E+04     5.0339E-01     2.5377E+01     C         906

 BOND    =     3630.4195  ANGLE   =      244.4855  DIHED      =      852.3362
 VDWAALS =     8373.1644  EEL     =   -66887.1837  HBOND      =        0.0000
 1-4 VDW =      205.2985  1-4 EEL =     2935.3724  RESTRAINT  =       68.0600
 EAMBER  =   -50646.1072


   NSTEP       ENERGY          RMS            GMAX         NAME    NUMBER
    500      -5.0594E+04     9.0281E-01     4.5501E+01     C         906

 BOND    =     3652.6365  ANGLE   =      246.1523  DIHED      =      852.4543
 VDWAALS =     8405.5161  EEL     =   -66962.2685  HBOND      =        0.0000
 1-4 VDW =      205.2757  1-4 EEL =     2934.7206  RESTRAINT  =       71.4909
 EAMBER  =   -50665.5130


  Maximum number of minimization cycles reached.


                    FINAL RESULTS



   NSTEP       ENERGY          RMS            GMAX         NAME    NUMBER
    500      -5.0594E+04     9.0281E-01     4.5501E+01     C         906

 BOND    =     3652.6365  ANGLE   =      246.1523  DIHED      =      852.4543
 VDWAALS =     8405.5161  EEL     =   -66962.2685  HBOND      =        0.0000
 1-4 VDW =      205.2757  1-4 EEL =     2934.7206  RESTRAINT  =       71.4909
 EAMBER  =   -50665.5130
--------------------------------------------------------------------------------
   5.  TIMINGS
--------------------------------------------------------------------------------

|  NonSetup CPU Time in Major Routines:
|
|     Routine           Sec        %
|     ------------------------------
|     Nonbond          22.65   97.37
|     Bond              0.06    0.26
|     Angle             0.04    0.17
|     Dihedral          0.40    1.72
|     Shake             0.00    0.00
|     Other             0.11    0.48
|     ------------------------------
|     Total            23.26

|  PME Nonbond Pairlist CPU Time:
|
|     Routine              Sec        %
|     ---------------------------------
|     Set Up Cit           0.00    0.00
|     Build List           0.64    2.75
|     ---------------------------------
|     Total                0.64    2.75

|  PME Direct Force CPU Time:
|
|     Routine              Sec        %
|     ---------------------------------
|     NonBonded Calc      14.98   64.41
|     Exclude Masked       0.29    1.24
|     Other                0.05    0.21
|     ---------------------------------
|     Total               15.32   65.85

|  PME Reciprocal Force CPU Time:
|
|     Routine              Sec        %
|     ---------------------------------
|     1D bspline           0.20    0.84
|     Grid Charges         0.45    1.94
|     Scalar Sum           2.49   10.69
|     Gradient Sum         0.76    3.25
|     FFT                  2.78   11.93
|     ---------------------------------
|     Total                6.67   28.66

|  Setup CPU time:            0.08 seconds
|  NonSetup CPU time:        23.26 seconds
|  Total CPU time:           23.34 seconds     0.01 hours

|  Setup wall time:           1    seconds
|  NonSetup wall time:       23    seconds
|  Total wall time:          24    seconds     0.01 hours
