
          -------------------------------------------------------
          Amber 16 PMEMD                              2016
          -------------------------------------------------------

| PMEMD implementation of SANDER, Release 16

| Run on 10/26/2017 at 17:33:01

|   Executable path: pmemd
| Working directory: /home/german/alex/run/1i/mhe/m
|          Hostname: Unknown
  [-O]verwriting output

File Assignments:
|   MDIN: mmin.in                                                               
|  MDOUT: mmin.out                                                              
| INPCRD: m1i.rst7                                                              
|   PARM: /home/german/alex/top_files/1i.prmtop                                 
| RESTRT: mm1i.rst7                                                             
|   REFC: 1i.rst7                                                               
|  MDVEL: mdvel                                                                 
|   MDEN: mden                                                                  
|  MDCRD: mm1i.crd                                                              
| MDINFO: mdinfo                                                                
|  MDFRC: mdfrc                                                                 


 Here is the input file:

Minimization with Cartesian restraints                                         
&cntrl                                                                         
imin=1,                                                                        
ntmin=1,                                ! Steepest Descent, then Conjugate Grad
ncyc=100,                               ! 100 steps of Steepest Descent        
maxcyc=500,                             ! 400 steps of Conjugate Gradient      
ntpr=5,                                                                        
&end                                                                           


Note: ig = -1. Setting random seed to   254579 based on wallclock time in 
      microseconds.
 
 
| Conditional Compilation Defines Used:
| PUBFFT
| BINTRAJ
| EMIL

| Largest sphere to fit in unit cell has radius =    24.055

| New format PARM file being parsed.
| Version =    1.000 Date = 10/26/17 Time = 14:19:36

| Note: 1-4 EEL scale factors are being read from the topology file.

| Note: 1-4 VDW scale factors are being read from the topology file.
| Duplicated    0 dihedrals

| Duplicated    0 dihedrals

--------------------------------------------------------------------------------
   1.  RESOURCE   USE: 
--------------------------------------------------------------------------------

 getting box info from netcdf restart file
 NATOM  =   13404 NTYPES =      17 NBONH =   12943 MBONA  =     468
 NTHETH =    1031 MTHETA =     630 NPHIH =    2066 MPHIA  =    1981
 NHPARM =       0 NPARM  =       0 NNB   =   21685 NRES   =    4225
 NBONA  =     468 NTHETA =     630 NPHIA =    1981 NUMBND =      67
 NUMANG =     152 NPTRA  =     191 NATYP =      36 NPHB   =       1
 IFBOX  =       2 NMXRS  =      25 IFCAP =       0 NEXTRA =       0
 NCOPY  =       0

| Coordinate Index Table dimensions:    11   11   11
| Direct force subcell size =     5.3565    5.3565    5.3565

     BOX TYPE: TRUNCATED OCTAHEDRON

--------------------------------------------------------------------------------
   2.  CONTROL  DATA  FOR  THE  RUN
--------------------------------------------------------------------------------

default_name                                                                    

General flags:
     imin    =       1, nmropt  =       0

Nature and format of input:
     ntx     =       1, irest   =       0, ntrx    =       1

Nature and format of output:
     ntxo    =       2, ntpr    =       5, ntrx    =       1, ntwr    =       1
     iwrap   =       0, ntwx    =       0, ntwv    =       0, ntwe    =       0
     ioutfm  =       1, ntwprt  =       0, idecomp =       0, rbornstat=      0

Potential function:
     ntf     =       1, ntb     =       1, igb     =       0, nsnb    =      25
     ipol    =       0, gbsa    =       0, iesp    =       0
     dielc   =   1.00000, cut     =   8.00000, intdiel =   1.00000

Frozen or restrained atoms:
     ibelly  =       0, ntr     =       0

Energy minimization:
     maxcyc  =     500, ncyc    =     100, ntmin   =       1
     dx0     =   0.01000, drms    =   0.00010

| Intermolecular bonds treatment:
|     no_intermolecular_bonds =       1

| Energy averages sample interval:
|     ene_avg_sampling =       1

Ewald parameters:
     verbose =       0, ew_type =       0, nbflag  =       1, use_pme =       1
     vdwmeth =       1, eedmeth =       1, netfrc  =       0
     Box X =   58.922   Box Y =   58.922   Box Z =   58.922
     Alpha =  109.471   Beta  =  109.471   Gamma =  109.471
     NFFT1 =   60       NFFT2 =   60       NFFT3 =   60
     Cutoff=    8.000   Tol   =0.100E-04
     Ewald Coefficient =  0.34864
     Interpolation order =    4

--------------------------------------------------------------------------------
   3.  ATOMIC COORDINATES AND VELOCITIES
--------------------------------------------------------------------------------

default_name                                                                    
 begin time read from input coords =     0.000 ps

 
 Number of triangulated 3-point waters found:     4164

     Sum of charges from parm topology file =  -0.00000003
     Forcing neutrality...

| Dynamic Memory, Types Used:
| Reals              420227
| Integers           373661

| Nonbonded Pairs Initial Allocation:     2238803

--------------------------------------------------------------------------------
   4.  RESULTS
--------------------------------------------------------------------------------

 ---------------------------------------------------
 APPROXIMATING switch and d/dx switch using CUBIC SPLINE INTERPOLATION
 using   5000.0 points per unit in tabled values
 TESTING RELATIVE ERROR over r ranging from 0.0 to cutoff
| CHECK switch(x): max rel err =   0.2738E-14   at   2.422500
| CHECK d/dx switch(x): max rel err =   0.8332E-11   at   2.782960
 ---------------------------------------------------
|---------------------------------------------------
| APPROXIMATING direct energy using CUBIC SPLINE INTERPOLATION
|  with   50.0 points per unit in tabled values
| Relative Error Limit not exceeded for r .gt.   2.47
| APPROXIMATING direct force using CUBIC SPLINE INTERPOLATION
|  with   50.0 points per unit in tabled values
| Relative Error Limit not exceeded for r .gt.   2.89
|---------------------------------------------------


   NSTEP       ENERGY          RMS            GMAX         NAME    NUMBER
      1      -5.0666E+04     1.1319E+00     4.5868E+01     C         906

 BOND    =     3652.6365  ANGLE   =      246.1523  DIHED      =      852.4543
 VDWAALS =     8405.5161  EEL     =   -66962.2685  HBOND      =        0.0000
 1-4 VDW =      205.2757  1-4 EEL =     2934.7206  RESTRAINT  =        0.0000


   NSTEP       ENERGY          RMS            GMAX         NAME    NUMBER
      5      -5.0678E+04     9.0600E-01     2.3833E+01     HE22      398

 BOND    =     3647.7685  ANGLE   =      243.8824  DIHED      =      851.5390
 VDWAALS =     8402.8569  EEL     =   -66964.3827  HBOND      =        0.0000
 1-4 VDW =      204.7528  1-4 EEL =     2935.1453  RESTRAINT  =        0.0000


   NSTEP       ENERGY          RMS            GMAX         NAME    NUMBER
     10      -5.0708E+04     7.1315E-01     2.2275E+01     HE22      398

 BOND    =     3643.0539  ANGLE   =      239.0230  DIHED      =      848.4381
 VDWAALS =     8395.9000  EEL     =   -66973.3163  HBOND      =        0.0000
 1-4 VDW =      203.2572  1-4 EEL =     2935.8510  RESTRAINT  =        0.0000


   NSTEP       ENERGY          RMS            GMAX         NAME    NUMBER
     15      -5.0763E+04     5.1730E-01     1.8114E+01     HE22      398

 BOND    =     3643.0738  ANGLE   =      231.9823  DIHED      =      840.5770
 VDWAALS =     8385.9823  EEL     =   -67002.0640  HBOND      =        0.0000
 1-4 VDW =      199.8104  1-4 EEL =     2937.1666  RESTRAINT  =        0.0000


   NSTEP       ENERGY          RMS            GMAX         NAME    NUMBER
     20      -5.0746E+04     4.0340E+00     1.2325E+02     CD        796

 BOND    =     3736.9933  ANGLE   =      227.4368  DIHED      =      828.0578
 VDWAALS =     8385.7653  EEL     =   -67062.1433  HBOND      =        0.0000
 1-4 VDW =      195.2997  1-4 EEL =     2942.2230  RESTRAINT  =        0.0000


   NSTEP       ENERGY          RMS            GMAX         NAME    NUMBER
     25      -5.0849E+04     1.4179E+00     2.8459E+01     C         708

 BOND    =     3663.2121  ANGLE   =      224.2767  DIHED      =      825.4219
 VDWAALS =     8387.7612  EEL     =   -67087.2493  HBOND      =        0.0000
 1-4 VDW =      195.3055  1-4 EEL =     2942.0817  RESTRAINT  =        0.0000


   NSTEP       ENERGY          RMS            GMAX         NAME    NUMBER
     30      -5.0865E+04     1.2917E+00     2.4827E+01     C         708

 BOND    =     3662.2378  ANGLE   =      223.2522  DIHED      =      823.6573
 VDWAALS =     8390.4338  EEL     =   -67102.3375  HBOND      =        0.0000
 1-4 VDW =      194.9236  1-4 EEL =     2943.0456  RESTRAINT  =        0.0000


   NSTEP       ENERGY          RMS            GMAX         NAME    NUMBER
     35      -5.0889E+04     3.9618E-01     9.2444E+00     HE22      398

 BOND    =     3652.2850  ANGLE   =      222.1841  DIHED      =      821.9659
 VDWAALS =     8393.9146  EEL     =   -67117.5767  HBOND      =        0.0000
 1-4 VDW =      194.3973  1-4 EEL =     2944.3046  RESTRAINT  =        0.0000


   NSTEP       ENERGY          RMS            GMAX         NAME    NUMBER
     40      -5.0900E+04     3.0428E-01     8.5305E+00     HE22      398

 BOND    =     3653.3753  ANGLE   =      221.6308  DIHED      =      820.7107
 VDWAALS =     8397.0133  EEL     =   -67132.2862  HBOND      =        0.0000
 1-4 VDW =      194.1654  1-4 EEL =     2945.0137  RESTRAINT  =        0.0000


   NSTEP       ENERGY          RMS            GMAX         NAME    NUMBER
     45      -5.0913E+04     2.9989E-01     8.3727E+00     HG        564

 BOND    =     3654.7442  ANGLE   =      221.0580  DIHED      =      819.4047
 VDWAALS =     8400.9990  EEL     =   -67149.3529  HBOND      =        0.0000
 1-4 VDW =      193.9070  1-4 EEL =     2945.8235  RESTRAINT  =        0.0000


   NSTEP       ENERGY          RMS            GMAX         NAME    NUMBER
     50      -5.0925E+04     5.9652E-01     1.3535E+01     C         708

 BOND    =     3656.9810  ANGLE   =      220.5880  DIHED      =      818.1921
 VDWAALS =     8405.5267  EEL     =   -67167.0219  HBOND      =        0.0000
 1-4 VDW =      193.6162  1-4 EEL =     2946.6897  RESTRAINT  =        0.0000


   NSTEP       ENERGY          RMS            GMAX         NAME    NUMBER
     55      -5.0937E+04     3.6991E-01     8.9419E+00     HG        564

 BOND    =     3657.4643  ANGLE   =      220.1709  DIHED      =      817.3111
 VDWAALS =     8409.2504  EEL     =   -67182.1169  HBOND      =        0.0000
 1-4 VDW =      193.4790  1-4 EEL =     2947.2009  RESTRAINT  =        0.0000


   NSTEP       ENERGY          RMS            GMAX         NAME    NUMBER
     60      -5.0949E+04     4.0144E-01     9.2188E+00     HG        564

 BOND    =     3658.8665  ANGLE   =      219.8116  DIHED      =      816.4335
 VDWAALS =     8413.5679  EEL     =   -67198.2989  HBOND      =        0.0000
 1-4 VDW =      193.2996  1-4 EEL =     2947.7850  RESTRAINT  =        0.0000


   NSTEP       ENERGY          RMS            GMAX         NAME    NUMBER
     65      -5.0957E+04     6.8526E-01     1.8181E+01     C         708

 BOND    =     3661.2357  ANGLE   =      219.5877  DIHED      =      815.6966
 VDWAALS =     8417.7312  EEL     =   -67212.9087  HBOND      =        0.0000
 1-4 VDW =      193.1071  1-4 EEL =     2948.3356  RESTRAINT  =        0.0000


   NSTEP       ENERGY          RMS            GMAX         NAME    NUMBER
     70      -5.0967E+04     7.0743E-01     1.9956E+01     C         708

 BOND    =     3662.5993  ANGLE   =      219.3321  DIHED      =      815.0004
 VDWAALS =     8422.0030  EEL     =   -67228.0909  HBOND      =        0.0000
 1-4 VDW =      192.9615  1-4 EEL =     2948.7863  RESTRAINT  =        0.0000


   NSTEP       ENERGY          RMS            GMAX         NAME    NUMBER
     75      -5.0977E+04     7.6147E-01     2.2921E+01     C         708

 BOND    =     3664.1593  ANGLE   =      219.1186  DIHED      =      814.3508
 VDWAALS =     8426.3766  EEL     =   -67243.1627  HBOND      =        0.0000
 1-4 VDW =      192.8188  1-4 EEL =     2949.2018  RESTRAINT  =        0.0000


   NSTEP       ENERGY          RMS            GMAX         NAME    NUMBER
     80      -5.0986E+04     8.3331E-01     2.6144E+01     C         708

 BOND    =     3665.8544  ANGLE   =      218.9437  DIHED      =      813.7607
 VDWAALS =     8430.6334  EEL     =   -67257.5698  HBOND      =        0.0000
 1-4 VDW =      192.6843  1-4 EEL =     2949.5692  RESTRAINT  =        0.0000


   NSTEP       ENERGY          RMS            GMAX         NAME    NUMBER
     85      -5.0995E+04     7.8425E-01     2.4152E+01     C         708

 BOND    =     3666.6494  ANGLE   =      218.7367  DIHED      =      813.2702
 VDWAALS =     8434.3310  EEL     =   -67270.1904  HBOND      =        0.0000
 1-4 VDW =      192.5871  1-4 EEL =     2949.8380  RESTRAINT  =        0.0000


   NSTEP       ENERGY          RMS            GMAX         NAME    NUMBER
     90      -5.1004E+04     8.1453E-01     2.6588E+01     C         708

 BOND    =     3668.0500  ANGLE   =      218.5630  DIHED      =      812.7196
 VDWAALS =     8438.7025  EEL     =   -67284.6358  HBOND      =        0.0000
 1-4 VDW =      192.4632  1-4 EEL =     2950.1422  RESTRAINT  =        0.0000


   NSTEP       ENERGY          RMS            GMAX         NAME    NUMBER
     95      -5.1013E+04     8.2388E-01     2.8321E+01     C         708

 BOND    =     3669.3118  ANGLE   =      218.3917  DIHED      =      812.1884
 VDWAALS =     8443.1270  EEL     =   -67299.0315  HBOND      =        0.0000
 1-4 VDW =      192.3454  1-4 EEL =     2950.4153  RESTRAINT  =        0.0000


   NSTEP       ENERGY          RMS            GMAX         NAME    NUMBER
    100      -5.1025E+04     2.6405E-01     9.9694E+00     HG        564

 BOND    =     3669.4734  ANGLE   =      218.0348  DIHED      =      811.6861
 VDWAALS =     8447.0311  EEL     =   -67314.1509  HBOND      =        0.0000
 1-4 VDW =      192.3683  1-4 EEL =     2950.4889  RESTRAINT  =        0.0000


   NSTEP       ENERGY          RMS            GMAX         NAME    NUMBER
    105      -5.1052E+04     3.3009E-01     1.0478E+01     C         708

 BOND    =     3674.3621  ANGLE   =      217.6379  DIHED      =      810.2050
 VDWAALS =     8460.5663  EEL     =   -67358.1373  HBOND      =        0.0000
 1-4 VDW =      192.0365  1-4 EEL =     2951.2017  RESTRAINT  =        0.0000


   NSTEP       ENERGY          RMS            GMAX         NAME    NUMBER
    110      -5.1234E+04     6.9632E-01     5.9553E+01     OG        563

 BOND    =     3716.2997  ANGLE   =      223.2812  DIHED      =      804.9603
 VDWAALS =     8601.8634  EEL     =   -67730.1865  HBOND      =        0.0000
 1-4 VDW =      189.9460  1-4 EEL =     2959.4202  RESTRAINT  =        0.0000


   NSTEP       ENERGY          RMS            GMAX         NAME    NUMBER
    115      -5.1279E+04     1.2133E+00     6.9126E+01     CB        560

 BOND    =     3712.7035  ANGLE   =      229.7696  DIHED      =      803.4305
 VDWAALS =     8642.8187  EEL     =   -67820.1467  HBOND      =        0.0000
 1-4 VDW =      191.6752  1-4 EEL =     2961.2313  RESTRAINT  =        0.0000


   NSTEP       ENERGY          RMS            GMAX         NAME    NUMBER
    120      -5.1370E+04     1.0470E+00     6.6990E+01     HB3       562

 BOND    =     3767.9193  ANGLE   =      262.9219  DIHED      =      805.0551
 VDWAALS =     8803.6419  EEL     =   -68159.5733  HBOND      =        0.0000
 1-4 VDW =      191.8971  1-4 EEL =     2958.4090  RESTRAINT  =        0.0000


   NSTEP       ENERGY          RMS            GMAX         NAME    NUMBER
    125      -5.1410E+04     1.0667E+00     6.8874E+01     HB3       562

 BOND    =     3768.9899  ANGLE   =      263.4056  DIHED      =      805.6178
 VDWAALS =     8911.5814  EEL     =   -68306.8166  HBOND      =        0.0000
 1-4 VDW =      189.3926  1-4 EEL =     2958.1002  RESTRAINT  =        0.0000


   NSTEP       ENERGY          RMS            GMAX         NAME    NUMBER
    130      -5.1412E+04     9.6741E-01     6.8158E+01     HB3       562

 BOND    =     3770.8388  ANGLE   =      262.8419  DIHED      =      805.5416
 VDWAALS =     8911.5337  EEL     =   -68310.3244  HBOND      =        0.0000
 1-4 VDW =      189.4544  1-4 EEL =     2958.1476  RESTRAINT  =        0.0000


   NSTEP       ENERGY          RMS            GMAX         NAME    NUMBER
    135      -5.1456E+04     1.5465E+00     1.0436E+02     C         906

 BOND    =     3786.2938  ANGLE   =      246.1452  DIHED      =      801.3957
 VDWAALS =     8908.0731  EEL     =   -68348.0565  HBOND      =        0.0000
 1-4 VDW =      190.8584  1-4 EEL =     2959.1398  RESTRAINT  =        0.0000


   NSTEP       ENERGY          RMS            GMAX         NAME    NUMBER
    140      -5.1490E+04     6.9809E-01     7.1468E+01     OG        563

 BOND    =     3776.3960  ANGLE   =      235.7069  DIHED      =      800.0631
 VDWAALS =     8911.8016  EEL     =   -68360.9818  HBOND      =        0.0000
 1-4 VDW =      189.2076  1-4 EEL =     2957.8685  RESTRAINT  =        0.0000


   NSTEP       ENERGY          RMS            GMAX         NAME    NUMBER
    145      -5.1544E+04     7.5624E-01     5.8374E+01     CB        560

 BOND    =     3785.1754  ANGLE   =      221.1221  DIHED      =      796.0676
 VDWAALS =     8921.7645  EEL     =   -68405.2184  HBOND      =        0.0000
 1-4 VDW =      185.6309  1-4 EEL =     2951.1758  RESTRAINT  =        0.0000


   NSTEP       ENERGY          RMS            GMAX         NAME    NUMBER
    150      -5.1574E+04     6.8688E-01     2.8394E+01     O         907

 BOND    =     3798.0465  ANGLE   =      219.9867  DIHED      =      792.9800
 VDWAALS =     8932.5392  EEL     =   -68451.8688  HBOND      =        0.0000
 1-4 VDW =      185.7436  1-4 EEL =     2948.9719  RESTRAINT  =        0.0000


   NSTEP       ENERGY          RMS            GMAX         NAME    NUMBER
    155      -5.1575E+04     5.5711E-01     2.2980E+01     HB3       562

 BOND    =     3793.5967  ANGLE   =      219.7727  DIHED      =      792.9797
 VDWAALS =     8932.4285  EEL     =   -68448.6154  HBOND      =        0.0000
 1-4 VDW =      185.7357  1-4 EEL =     2948.9195  RESTRAINT  =        0.0000


   NSTEP       ENERGY          RMS            GMAX         NAME    NUMBER
    160      -5.1589E+04     5.6546E-01     3.8967E+01     C         906

 BOND    =     3788.8785  ANGLE   =      218.1747  DIHED      =      792.9087
 VDWAALS =     8929.2059  EEL     =   -68451.1142  HBOND      =        0.0000
 1-4 VDW =      185.1887  1-4 EEL =     2947.9721  RESTRAINT  =        0.0000


   NSTEP       ENERGY          RMS            GMAX         NAME    NUMBER
    165      -5.1606E+04     4.6111E-01     2.5080E+01     OG        563

 BOND    =     3783.5705  ANGLE   =      221.2160  DIHED      =      791.3989
 VDWAALS =     8930.5595  EEL     =   -68464.3771  HBOND      =        0.0000
 1-4 VDW =      183.8408  1-4 EEL =     2948.0844  RESTRAINT  =        0.0000


   NSTEP       ENERGY          RMS            GMAX         NAME    NUMBER
    170      -5.1625E+04     7.9287E-01     3.9849E+01     HG        564

 BOND    =     3796.3265  ANGLE   =      219.9945  DIHED      =      789.8122
 VDWAALS =     8943.9665  EEL     =   -68505.0947  HBOND      =        0.0000
 1-4 VDW =      182.2649  1-4 EEL =     2947.4923  RESTRAINT  =        0.0000


   NSTEP       ENERGY          RMS            GMAX         NAME    NUMBER
    175      -5.1674E+04     6.6286E-01     3.2159E+01     HG        564

 BOND    =     3808.5925  ANGLE   =      217.5903  DIHED      =      787.9606
 VDWAALS =     8990.6589  EEL     =   -68607.4606  HBOND      =        0.0000
 1-4 VDW =      182.1501  1-4 EEL =     2946.6225  RESTRAINT  =        0.0000


   NSTEP       ENERGY          RMS            GMAX         NAME    NUMBER
    180      -5.1676E+04     5.9492E-01     2.9519E+01     HG        564

 BOND    =     3806.7015  ANGLE   =      217.3988  DIHED      =      787.9292
 VDWAALS =     8990.5530  EEL     =   -68606.9427  HBOND      =        0.0000
 1-4 VDW =      182.1471  1-4 EEL =     2946.6590  RESTRAINT  =        0.0000


   NSTEP       ENERGY          RMS            GMAX         NAME    NUMBER
    185      -5.1701E+04     7.5246E-01     5.1308E+01     CD        796

 BOND    =     3802.8898  ANGLE   =      219.4855  DIHED      =      787.5550
 VDWAALS =     8988.9326  EEL     =   -68629.4526  HBOND      =        0.0000
 1-4 VDW =      182.1373  1-4 EEL =     2946.9963  RESTRAINT  =        0.0000


   NSTEP       ENERGY          RMS            GMAX         NAME    NUMBER
    190      -5.1717E+04     5.5636E-01     2.8545E+01     SG        427

 BOND    =     3808.5026  ANGLE   =      215.9336  DIHED      =      787.4522
 VDWAALS =     8996.0637  EEL     =   -68652.8975  HBOND      =        0.0000
 1-4 VDW =      182.3567  1-4 EEL =     2945.8141  RESTRAINT  =        0.0000


   NSTEP       ENERGY          RMS            GMAX         NAME    NUMBER
    195      -5.1734E+04     4.0710E-01     1.6723E+01     SG        427

 BOND    =     3801.9984  ANGLE   =      212.5104  DIHED      =      787.8212
 VDWAALS =     9012.9538  EEL     =   -68676.4038  HBOND      =        0.0000
 1-4 VDW =      183.0345  1-4 EEL =     2943.6870  RESTRAINT  =        0.0000


   NSTEP       ENERGY          RMS            GMAX         NAME    NUMBER
    200      -5.1743E+04     5.4303E-01     2.5957E+01     CD        796

 BOND    =     3812.9168  ANGLE   =      214.0478  DIHED      =      787.7758
 VDWAALS =     9023.9052  EEL     =   -68707.6226  HBOND      =        0.0000
 1-4 VDW =      183.1730  1-4 EEL =     2943.0855  RESTRAINT  =        0.0000


   NSTEP       ENERGY          RMS            GMAX         NAME    NUMBER
    205      -5.1744E+04     3.9032E-01     1.5019E+01     HG        564

 BOND    =     3809.8297  ANGLE   =      213.7447  DIHED      =      787.7780
 VDWAALS =     9023.8756  EEL     =   -68705.8666  HBOND      =        0.0000
 1-4 VDW =      183.1614  1-4 EEL =     2943.0664  RESTRAINT  =        0.0000


   NSTEP       ENERGY          RMS            GMAX         NAME    NUMBER
    210      -5.1752E+04     4.0257E-01     1.8203E+01     SG        427

 BOND    =     3809.9730  ANGLE   =      211.6303  DIHED      =      788.0785
 VDWAALS =     9023.7836  EEL     =   -68711.5670  HBOND      =        0.0000
 1-4 VDW =      182.7214  1-4 EEL =     2942.9024  RESTRAINT  =        0.0000


   NSTEP       ENERGY          RMS            GMAX         NAME    NUMBER
    215      -5.1770E+04     4.9005E-01     2.0199E+01     HB3       562

 BOND    =     3809.2785  ANGLE   =      216.1126  DIHED      =      786.6194
 VDWAALS =     9030.0571  EEL     =   -68738.8060  HBOND      =        0.0000
 1-4 VDW =      181.8154  1-4 EEL =     2945.0718  RESTRAINT  =        0.0000


   NSTEP       ENERGY          RMS            GMAX         NAME    NUMBER
    220      -5.1785E+04     6.3703E-01     4.0425E+01     CD        796

 BOND    =     3820.3297  ANGLE   =      214.4691  DIHED      =      786.3064
 VDWAALS =     9046.7757  EEL     =   -68779.3330  HBOND      =        0.0000
 1-4 VDW =      181.3132  1-4 EEL =     2945.5446  RESTRAINT  =        0.0000


   NSTEP       ENERGY          RMS            GMAX         NAME    NUMBER
    225      -5.1812E+04     5.5771E-01     2.5100E+01     HB3       562

 BOND    =     3824.4522  ANGLE   =      213.7224  DIHED      =      786.1478
 VDWAALS =     9081.1234  EEL     =   -68842.5790  HBOND      =        0.0000
 1-4 VDW =      181.1483  1-4 EEL =     2944.0881  RESTRAINT  =        0.0000


   NSTEP       ENERGY          RMS            GMAX         NAME    NUMBER
    230      -5.1813E+04     4.9797E-01     2.3383E+01     HB3       562

 BOND    =     3823.5684  ANGLE   =      213.5747  DIHED      =      786.0638
 VDWAALS =     9081.0624  EEL     =   -68842.9963  HBOND      =        0.0000
 1-4 VDW =      181.1495  1-4 EEL =     2944.1239  RESTRAINT  =        0.0000


   NSTEP       ENERGY          RMS            GMAX         NAME    NUMBER
    235      -5.1834E+04     5.8581E-01     4.7566E+01     CD        796

 BOND    =     3824.6412  ANGLE   =      216.2170  DIHED      =      785.3375
 VDWAALS =     9082.8310  EEL     =   -68869.5323  HBOND      =        0.0000
 1-4 VDW =      181.5906  1-4 EEL =     2944.7652  RESTRAINT  =        0.0000


   NSTEP       ENERGY          RMS            GMAX         NAME    NUMBER
    240      -5.1848E+04     4.2951E-01     1.9003E+01     SG        427

 BOND    =     3827.9046  ANGLE   =      213.6086  DIHED      =      785.2587
 VDWAALS =     9092.7934  EEL     =   -68893.0233  HBOND      =        0.0000
 1-4 VDW =      182.0461  1-4 EEL =     2942.9857  RESTRAINT  =        0.0000


   NSTEP       ENERGY          RMS            GMAX         NAME    NUMBER
    245      -5.1859E+04     3.3124E-01     1.3795E+01     SG        427

 BOND    =     3824.1260  ANGLE   =      212.1179  DIHED      =      785.2532
 VDWAALS =     9104.8935  EEL     =   -68909.8190  HBOND      =        0.0000
 1-4 VDW =      182.5507  1-4 EEL =     2941.4486  RESTRAINT  =        0.0000


   NSTEP       ENERGY          RMS            GMAX         NAME    NUMBER
    250      -5.1867E+04     6.7669E-01     4.3515E+01     CG        262

 BOND    =     3832.7110  ANGLE   =      213.2371  DIHED      =      784.8189
 VDWAALS =     9114.9393  EEL     =   -68936.3786  HBOND      =        0.0000
 1-4 VDW =      182.5292  1-4 EEL =     2941.0377  RESTRAINT  =        0.0000


   NSTEP       ENERGY          RMS            GMAX         NAME    NUMBER
    255      -5.1869E+04     4.7295E-01     2.2937E+01     CG        262

 BOND    =     3831.1342  ANGLE   =      212.9366  DIHED      =      784.8212
 VDWAALS =     9114.9086  EEL     =   -68936.6331  HBOND      =        0.0000
 1-4 VDW =      182.5256  1-4 EEL =     2941.0452  RESTRAINT  =        0.0000


   NSTEP       ENERGY          RMS            GMAX         NAME    NUMBER
    260      -5.1877E+04     3.6453E-01     1.8962E+01     SG        427

 BOND    =     3827.9657  ANGLE   =      210.6758  DIHED      =      785.0773
 VDWAALS =     9115.1982  EEL     =   -68939.0634  HBOND      =        0.0000
 1-4 VDW =      182.2293  1-4 EEL =     2941.2254  RESTRAINT  =        0.0000


   NSTEP       ENERGY          RMS            GMAX         NAME    NUMBER
    265      -5.1888E+04     3.5631E-01     1.9489E+01     CB        560

 BOND    =     3832.4385  ANGLE   =      213.5964  DIHED      =      784.3770
 VDWAALS =     9119.5853  EEL     =   -68962.5255  HBOND      =        0.0000
 1-4 VDW =      181.7284  1-4 EEL =     2942.6516  RESTRAINT  =        0.0000


   NSTEP       ENERGY          RMS            GMAX         NAME    NUMBER
    270      -5.1905E+04     5.9298E-01     3.9994E+01     CD        796

 BOND    =     3839.3859  ANGLE   =      214.2303  DIHED      =      783.9698
 VDWAALS =     9139.3904  EEL     =   -69006.2786  HBOND      =        0.0000
 1-4 VDW =      180.9244  1-4 EEL =     2943.4913  RESTRAINT  =        0.0000


   NSTEP       ENERGY          RMS            GMAX         NAME    NUMBER
    275      -5.1929E+04     6.0071E-01     2.0464E+01     HB3       562

 BOND    =     3842.9552  ANGLE   =      212.2764  DIHED      =      784.2759
 VDWAALS =     9172.9146  EEL     =   -69064.0379  HBOND      =        0.0000
 1-4 VDW =      180.5136  1-4 EEL =     2941.9676  RESTRAINT  =        0.0000


   NSTEP       ENERGY          RMS            GMAX         NAME    NUMBER
    280      -5.1931E+04     5.2455E-01     1.8659E+01     HB3       562

 BOND    =     3842.5687  ANGLE   =      212.1336  DIHED      =      784.1634
 VDWAALS =     9172.8149  EEL     =   -69064.9744  HBOND      =        0.0000
 1-4 VDW =      180.5183  1-4 EEL =     2941.9709  RESTRAINT  =        0.0000


   NSTEP       ENERGY          RMS            GMAX         NAME    NUMBER
    285      -5.1952E+04     6.0833E-01     3.3297E+01     CG        262

 BOND    =     3848.8378  ANGLE   =      215.7625  DIHED      =      782.9309
 VDWAALS =     9173.3432  EEL     =   -69096.9860  HBOND      =        0.0000
 1-4 VDW =      181.0435  1-4 EEL =     2942.9234  RESTRAINT  =        0.0000


   NSTEP       ENERGY          RMS            GMAX         NAME    NUMBER
    290      -5.1969E+04     4.6774E-01     2.4550E+01     CG        262

 BOND    =     3846.3642  ANGLE   =      211.7192  DIHED      =      782.5206
 VDWAALS =     9182.2670  EEL     =   -69113.8680  HBOND      =        0.0000
 1-4 VDW =      181.5545  1-4 EEL =     2940.9378  RESTRAINT  =        0.0000


   NSTEP       ENERGY          RMS            GMAX         NAME    NUMBER
    295      -5.1977E+04     2.6124E-01     1.3899E+01     CD        394

 BOND    =     3846.5457  ANGLE   =      210.5193  DIHED      =      782.4131
 VDWAALS =     9188.9211  EEL     =   -69126.4501  HBOND      =        0.0000
 1-4 VDW =      181.6129  1-4 EEL =     2939.7241  RESTRAINT  =        0.0000


   NSTEP       ENERGY          RMS            GMAX         NAME    NUMBER
    300      -5.1986E+04     6.8531E-01     3.0656E+01     CB        560

 BOND    =     3856.9901  ANGLE   =      213.6541  DIHED      =      781.6509
 VDWAALS =     9200.5663  EEL     =   -69160.4636  HBOND      =        0.0000
 1-4 VDW =      181.7141  1-4 EEL =     2940.0410  RESTRAINT  =        0.0000


   NSTEP       ENERGY          RMS            GMAX         NAME    NUMBER
    305      -5.1988E+04     5.1101E-01     2.4528E+01     CB        560

 BOND    =     3854.7086  ANGLE   =      212.9278  DIHED      =      781.6805
 VDWAALS =     9200.5419  EEL     =   -69159.9225  HBOND      =        0.0000
 1-4 VDW =      181.6852  1-4 EEL =     2939.9485  RESTRAINT  =        0.0000


   NSTEP       ENERGY          RMS            GMAX         NAME    NUMBER
    310      -5.1997E+04     3.0490E-01     1.3063E+01     SG        427

 BOND    =     3849.7223  ANGLE   =      209.7420  DIHED      =      781.9541
 VDWAALS =     9201.9152  EEL     =   -69161.5646  HBOND      =        0.0000
 1-4 VDW =      181.4178  1-4 EEL =     2939.9712  RESTRAINT  =        0.0000


   NSTEP       ENERGY          RMS            GMAX         NAME    NUMBER
    315      -5.2003E+04     2.7713E-01     1.2266E+01     SG        427

 BOND    =     3852.9400  ANGLE   =      210.7795  DIHED      =      781.6665
 VDWAALS =     9205.6627  EEL     =   -69175.3383  HBOND      =        0.0000
 1-4 VDW =      181.3490  1-4 EEL =     2940.4024  RESTRAINT  =        0.0000


   NSTEP       ENERGY          RMS            GMAX         NAME    NUMBER
    320      -5.2036E+04     9.1139E-01     4.1221E+01     CD        394

 BOND    =     3874.8045  ANGLE   =      220.2791  DIHED      =      782.1036
 VDWAALS =     9250.7925  EEL     =   -69285.0715  HBOND      =        0.0000
 1-4 VDW =      180.4895  1-4 EEL =     2940.9024  RESTRAINT  =        0.0000


   NSTEP       ENERGY          RMS            GMAX         NAME    NUMBER
    325      -5.2083E+04     6.7832E-01     2.6577E+01     CD        394

 BOND    =     3874.1666  ANGLE   =      217.3802  DIHED      =      781.5692
 VDWAALS =     9316.8595  EEL     =   -69390.9954  HBOND      =        0.0000
 1-4 VDW =      179.6024  1-4 EEL =     2938.1275  RESTRAINT  =        0.0000


   NSTEP       ENERGY          RMS            GMAX         NAME    NUMBER
    330      -5.2085E+04     6.1370E-01     2.0308E+01     CD        394

 BOND    =     3873.9771  ANGLE   =      217.1217  DIHED      =      781.4809
 VDWAALS =     9316.6151  EEL     =   -69391.8763  HBOND      =        0.0000
 1-4 VDW =      179.6074  1-4 EEL =     2938.1488  RESTRAINT  =        0.0000


   NSTEP       ENERGY          RMS            GMAX         NAME    NUMBER
    335      -5.2117E+04     7.1645E-01     3.8072E+01     CG        491

 BOND    =     3882.2076  ANGLE   =      217.7426  DIHED      =      779.5213
 VDWAALS =     9307.4578  EEL     =   -69424.7457  HBOND      =        0.0000
 1-4 VDW =      180.0273  1-4 EEL =     2941.1253  RESTRAINT  =        0.0000


   NSTEP       ENERGY          RMS            GMAX         NAME    NUMBER
    340      -5.2134E+04     4.6362E-01     2.1144E+01     SG        427

 BOND    =     3877.6982  ANGLE   =      211.1498  DIHED      =      778.5489
 VDWAALS =     9309.0756  EEL     =   -69430.6071  HBOND      =        0.0000
 1-4 VDW =      180.1945  1-4 EEL =     2940.2705  RESTRAINT  =        0.0000


   NSTEP       ENERGY          RMS            GMAX         NAME    NUMBER
    345      -5.2143E+04     3.2173E-01     1.3461E+01     SG        427

 BOND    =     3879.4123  ANGLE   =      208.0489  DIHED      =      778.8307
 VDWAALS =     9315.6778  EEL     =   -69443.8335  HBOND      =        0.0000
 1-4 VDW =      180.1398  1-4 EEL =     2938.7880  RESTRAINT  =        0.0000


   NSTEP       ENERGY          RMS            GMAX         NAME    NUMBER
    350      -5.2148E+04     3.5923E-01     1.6128E+01     CD        796

 BOND    =     3879.9814  ANGLE   =      210.2714  DIHED      =      778.6132
 VDWAALS =     9322.4163  EEL     =   -69457.4664  HBOND      =        0.0000
 1-4 VDW =      180.2713  1-4 EEL =     2938.3608  RESTRAINT  =        0.0000


   NSTEP       ENERGY          RMS            GMAX         NAME    NUMBER
    355      -5.2149E+04     2.3538E-01     1.0238E+01     HB3       562

 BOND    =     3879.6253  ANGLE   =      209.8302  DIHED      =      778.6657
 VDWAALS =     9322.4582  EEL     =   -69458.0233  HBOND      =        0.0000
 1-4 VDW =      180.2689  1-4 EEL =     2938.3126  RESTRAINT  =        0.0000


   NSTEP       ENERGY          RMS            GMAX         NAME    NUMBER
    360      -5.2153E+04     3.0158E-01     1.4764E+01     CD        796

 BOND    =     3878.5767  ANGLE   =      208.8872  DIHED      =      778.9248
 VDWAALS =     9324.3141  EEL     =   -69462.0836  HBOND      =        0.0000
 1-4 VDW =      180.1840  1-4 EEL =     2938.0471  RESTRAINT  =        0.0000


   NSTEP       ENERGY          RMS            GMAX         NAME    NUMBER
    365      -5.2164E+04     4.5536E-01     2.0206E+01     CB        560

 BOND    =     3886.3799  ANGLE   =      214.3603  DIHED      =      778.3753
 VDWAALS =     9335.7912  EEL     =   -69498.4483  HBOND      =        0.0000
 1-4 VDW =      180.3189  1-4 EEL =     2938.8690  RESTRAINT  =        0.0000


   NSTEP       ENERGY          RMS            GMAX         NAME    NUMBER
    370      -5.2183E+04     7.3141E-01     4.3280E+01     CD        796

 BOND    =     3892.3206  ANGLE   =      215.1622  DIHED      =      778.6317
 VDWAALS =     9366.7691  EEL     =   -69553.8548  HBOND      =        0.0000
 1-4 VDW =      179.9335  1-4 EEL =     2937.7328  RESTRAINT  =        0.0000


   NSTEP       ENERGY          RMS            GMAX         NAME    NUMBER
    375      -5.2212E+04     6.0019E-01     1.8153E+01     CA        569

 BOND    =     3896.7815  ANGLE   =      213.4401  DIHED      =      779.4663
 VDWAALS =     9405.5702  EEL     =   -69622.8982  HBOND      =        0.0000
 1-4 VDW =      179.3536  1-4 EEL =     2935.8605  RESTRAINT  =        0.0000


   NSTEP       ENERGY          RMS            GMAX         NAME    NUMBER
    380      -5.2214E+04     5.3179E-01     1.4349E+01     CA        886

 BOND    =     3896.1330  ANGLE   =      213.1817  DIHED      =      779.3489
 VDWAALS =     9405.3272  EEL     =   -69623.3212  HBOND      =        0.0000
 1-4 VDW =      179.3508  1-4 EEL =     2935.8892  RESTRAINT  =        0.0000


   NSTEP       ENERGY          RMS            GMAX         NAME    NUMBER
    385      -5.2239E+04     7.0050E-01     4.4410E+01     CD        796

 BOND    =     3900.7897  ANGLE   =      215.7776  DIHED      =      777.6362
 VDWAALS =     9398.7847  EEL     =   -69649.7545  HBOND      =        0.0000
 1-4 VDW =      179.6664  1-4 EEL =     2938.4751  RESTRAINT  =        0.0000


   NSTEP       ENERGY          RMS            GMAX         NAME    NUMBER
    390      -5.2254E+04     4.2630E-01     2.2269E+01     CD        796

 BOND    =     3900.4793  ANGLE   =      209.2201  DIHED      =      776.9387
 VDWAALS =     9400.5955  EEL     =   -69657.9758  HBOND      =        0.0000
 1-4 VDW =      179.6983  1-4 EEL =     2937.1593  RESTRAINT  =        0.0000


   NSTEP       ENERGY          RMS            GMAX         NAME    NUMBER
    395      -5.2260E+04     2.3013E-01     1.1070E+01     SG        427

 BOND    =     3897.6342  ANGLE   =      207.4961  DIHED      =      777.0370
 VDWAALS =     9404.2513  EEL     =   -69662.4639  HBOND      =        0.0000
 1-4 VDW =      179.5567  1-4 EEL =     2936.2164  RESTRAINT  =        0.0000


   NSTEP       ENERGY          RMS            GMAX         NAME    NUMBER
    400      -5.2265E+04     3.5769E-01     1.5368E+01     CB        560

 BOND    =     3901.7002  ANGLE   =      209.8296  DIHED      =      776.6135
 VDWAALS =     9409.4502  EEL     =   -69677.5355  HBOND      =        0.0000
 1-4 VDW =      179.5865  1-4 EEL =     2935.7921  RESTRAINT  =        0.0000


   NSTEP       ENERGY          RMS            GMAX         NAME    NUMBER
    405      -5.2266E+04     2.3897E-01     1.1755E+01     HB3       562

 BOND    =     3899.9707  ANGLE   =      209.3475  DIHED      =      776.6651
 VDWAALS =     9409.4082  EEL     =   -69676.6354  HBOND      =        0.0000
 1-4 VDW =      179.5873  1-4 EEL =     2935.7831  RESTRAINT  =        0.0000


   NSTEP       ENERGY          RMS            GMAX         NAME    NUMBER
    410      -5.2270E+04     2.7264E-01     1.5251E+01     CG        262

 BOND    =     3898.5888  ANGLE   =      208.3827  DIHED      =      776.7544
 VDWAALS =     9410.6327  EEL     =   -69679.9920  HBOND      =        0.0000
 1-4 VDW =      179.5626  1-4 EEL =     2936.0984  RESTRAINT  =        0.0000


   NSTEP       ENERGY          RMS            GMAX         NAME    NUMBER
    415      -5.2277E+04     3.4811E-01     1.7556E+01     CB        560

 BOND    =     3902.8858  ANGLE   =      210.4635  DIHED      =      776.4065
 VDWAALS =     9415.5545  EEL     =   -69699.1645  HBOND      =        0.0000
 1-4 VDW =      179.6440  1-4 EEL =     2937.0501  RESTRAINT  =        0.0000


   NSTEP       ENERGY          RMS            GMAX         NAME    NUMBER
    420      -5.2303E+04     7.4548E-01     2.8587E+01     CE2       896

 BOND    =     3918.0835  ANGLE   =      214.5926  DIHED      =      776.4884
 VDWAALS =     9451.8545  EEL     =   -69781.2103  HBOND      =        0.0000
 1-4 VDW =      179.0125  1-4 EEL =     2937.7100  RESTRAINT  =        0.0000


   NSTEP       ENERGY          RMS            GMAX         NAME    NUMBER
    425      -5.2333E+04     5.8412E-01     2.3757E+01     HB3       562

 BOND    =     3916.2233  ANGLE   =      212.9781  DIHED      =      776.5531
 VDWAALS =     9488.1391  EEL     =   -69840.9685  HBOND      =        0.0000
 1-4 VDW =      178.3709  1-4 EEL =     2935.2940  RESTRAINT  =        0.0000


   NSTEP       ENERGY          RMS            GMAX         NAME    NUMBER
    430      -5.2335E+04     5.3109E-01     2.2312E+01     HB3       562

 BOND    =     3915.9926  ANGLE   =      212.6835  DIHED      =      776.4950
 VDWAALS =     9487.9542  EEL     =   -69841.7882  HBOND      =        0.0000
 1-4 VDW =      178.3595  1-4 EEL =     2935.2999  RESTRAINT  =        0.0000


   NSTEP       ENERGY          RMS            GMAX         NAME    NUMBER
    435      -5.2363E+04     7.5600E-01     4.5554E+01     CG        491

 BOND    =     3924.0535  ANGLE   =      215.0033  DIHED      =      774.7990
 VDWAALS =     9482.4425  EEL     =   -69874.8951  HBOND      =        0.0000
 1-4 VDW =      178.6261  1-4 EEL =     2936.6700  RESTRAINT  =        0.0000


   NSTEP       ENERGY          RMS            GMAX         NAME    NUMBER
    440      -5.2375E+04     4.9060E-01     2.0885E+01     CG        491

 BOND    =     3918.6592  ANGLE   =      210.3111  DIHED      =      774.5178
 VDWAALS =     9484.0967  EEL     =   -69876.8698  HBOND      =        0.0000
 1-4 VDW =      178.6859  1-4 EEL =     2935.1725  RESTRAINT  =        0.0000


   NSTEP       ENERGY          RMS            GMAX         NAME    NUMBER
    445      -5.2384E+04     2.0960E-01     6.6755E+00     SG        427

 BOND    =     3919.7609  ANGLE   =      207.6042  DIHED      =      774.5054
 VDWAALS =     9489.1712  EEL     =   -69888.0961  HBOND      =        0.0000
 1-4 VDW =      178.7306  1-4 EEL =     2934.2362  RESTRAINT  =        0.0000


   NSTEP       ENERGY          RMS            GMAX         NAME    NUMBER
    450      -5.2387E+04     3.5437E-01     1.7996E+01     CD        796

 BOND    =     3921.0103  ANGLE   =      209.2823  DIHED      =      774.0671
 VDWAALS =     9493.4024  EEL     =   -69898.1685  HBOND      =        0.0000
 1-4 VDW =      178.8223  1-4 EEL =     2934.4940  RESTRAINT  =        0.0000


   NSTEP       ENERGY          RMS            GMAX         NAME    NUMBER
    455      -5.2388E+04     2.0123E-01     7.6369E+00     O         907

 BOND    =     3920.1234  ANGLE   =      208.7844  DIHED      =      774.1237
 VDWAALS =     9493.3681  EEL     =   -69898.0197  HBOND      =        0.0000
 1-4 VDW =      178.8277  1-4 EEL =     2934.4413  RESTRAINT  =        0.0000


   NSTEP       ENERGY          RMS            GMAX         NAME    NUMBER
    460      -5.2391E+04     2.7120E-01     1.2417E+01     C         906

 BOND    =     3919.2301  ANGLE   =      207.4628  DIHED      =      774.5403
 VDWAALS =     9494.5553  EEL     =   -69899.9144  HBOND      =        0.0000
 1-4 VDW =      178.7148  1-4 EEL =     2934.0397  RESTRAINT  =        0.0000


   NSTEP       ENERGY          RMS            GMAX         NAME    NUMBER
    465      -5.2403E+04     5.1788E-01     2.3153E+01     CG        262

 BOND    =     3927.4500  ANGLE   =      211.7953  DIHED      =      773.9991
 VDWAALS =     9507.0237  EEL     =   -69937.6342  HBOND      =        0.0000
 1-4 VDW =      178.6812  1-4 EEL =     2935.4387  RESTRAINT  =        0.0000


   NSTEP       ENERGY          RMS            GMAX         NAME    NUMBER
    470      -5.2414E+04     5.8402E-01     3.2222E+01     CD        796

 BOND    =     3927.9733  ANGLE   =      211.0978  DIHED      =      774.1310
 VDWAALS =     9520.7528  EEL     =   -69960.9639  HBOND      =        0.0000
 1-4 VDW =      178.4031  1-4 EEL =     2934.6425  RESTRAINT  =        0.0000


   NSTEP       ENERGY          RMS            GMAX         NAME    NUMBER
    475      -5.2439E+04     5.6115E-01     2.6801E+01     HB3       562

 BOND    =     3936.9088  ANGLE   =      212.4352  DIHED      =      774.3726
 VDWAALS =     9552.4319  EEL     =   -70026.0505  HBOND      =        0.0000
 1-4 VDW =      178.0521  1-4 EEL =     2932.5873  RESTRAINT  =        0.0000


   NSTEP       ENERGY          RMS            GMAX         NAME    NUMBER
    480      -5.2441E+04     4.9713E-01     2.5290E+01     HB3       562

 BOND    =     3936.0718  ANGLE   =      212.0023  DIHED      =      774.3253
 VDWAALS =     9552.3011  EEL     =   -70026.2191  HBOND      =        0.0000
 1-4 VDW =      178.0441  1-4 EEL =     2932.6058  RESTRAINT  =        0.0000


   NSTEP       ENERGY          RMS            GMAX         NAME    NUMBER
    485      -5.2460E+04     4.8743E-01     1.7367E+01     C         906

 BOND    =     3933.3329  ANGLE   =      210.9179  DIHED      =      773.1777
 VDWAALS =     9549.7477  EEL     =   -70039.8715  HBOND      =        0.0000
 1-4 VDW =      178.2006  1-4 EEL =     2934.1166  RESTRAINT  =        0.0000


   NSTEP       ENERGY          RMS            GMAX         NAME    NUMBER
    490      -5.2473E+04     3.2548E-01     1.6119E+01     C         906

 BOND    =     3936.4540  ANGLE   =      207.2203  DIHED      =      773.2305
 VDWAALS =     9551.5387  EEL     =   -70051.6863  HBOND      =        0.0000
 1-4 VDW =      178.1822  1-4 EEL =     2932.3923  RESTRAINT  =        0.0000


   NSTEP       ENERGY          RMS            GMAX         NAME    NUMBER
    495      -5.2477E+04     2.7102E-01     1.1735E+01     CD        394

 BOND    =     3935.2216  ANGLE   =      207.1315  DIHED      =      772.8850
 VDWAALS =     9555.1102  EEL     =   -70057.7616  HBOND      =        0.0000
 1-4 VDW =      178.3275  1-4 EEL =     2932.2117  RESTRAINT  =        0.0000


   NSTEP       ENERGY          RMS            GMAX         NAME    NUMBER
    500      -5.2483E+04     2.8838E-01     1.2207E+01     CB        540

 BOND    =     3936.2482  ANGLE   =      208.5837  DIHED      =      772.3446
 VDWAALS =     9560.2333  EEL     =   -70071.1587  HBOND      =        0.0000
 1-4 VDW =      178.3830  1-4 EEL =     2932.7081  RESTRAINT  =        0.0000


  Maximum number of minimization cycles reached.


                    FINAL RESULTS



   NSTEP       ENERGY          RMS            GMAX         NAME    NUMBER
    500      -5.2483E+04     2.8838E-01     1.2207E+01     CB        540

 BOND    =     3936.2482  ANGLE   =      208.5837  DIHED      =      772.3446
 VDWAALS =     9560.2333  EEL     =   -70071.1587  HBOND      =        0.0000
 1-4 VDW =      178.3830  1-4 EEL =     2932.7081  RESTRAINT  =        0.0000
--------------------------------------------------------------------------------
   5.  TIMINGS
--------------------------------------------------------------------------------

|  NonSetup CPU Time in Major Routines:
|
|     Routine           Sec        %
|     ------------------------------
|     Nonbond          22.74   97.51
|     Bond              0.08    0.33
|     Angle             0.05    0.21
|     Dihedral          0.34    1.48
|     Shake             0.00    0.00
|     Other             0.11    0.48
|     ------------------------------
|     Total            23.32

|  PME Nonbond Pairlist CPU Time:
|
|     Routine              Sec        %
|     ---------------------------------
|     Set Up Cit           0.00    0.00
|     Build List           0.45    1.92
|     ---------------------------------
|     Total                0.45    1.92

|  PME Direct Force CPU Time:
|
|     Routine              Sec        %
|     ---------------------------------
|     NonBonded Calc      15.04   64.48
|     Exclude Masked       0.28    1.18
|     Other                0.10    0.41
|     ---------------------------------
|     Total               15.41   66.07

|  PME Reciprocal Force CPU Time:
|
|     Routine              Sec        %
|     ---------------------------------
|     1D bspline           0.25    1.08
|     Grid Charges         0.54    2.30
|     Scalar Sum           2.46   10.57
|     Gradient Sum         0.78    3.36
|     FFT                  2.83   12.14
|     ---------------------------------
|     Total                6.87   29.45

|  Setup CPU time:            0.11 seconds
|  NonSetup CPU time:        23.32 seconds
|  Total CPU time:           23.43 seconds     0.01 hours

|  Setup wall time:           0    seconds
|  NonSetup wall time:       24    seconds
|  Total wall time:          24    seconds     0.01 hours
