log started: Sat Jun 17 14:29:42 2017

Log file: ./leap.log
>> #
>> # ----- leaprc for loading the ff14SB force field
>> # ----- NOTE: this is designed for PDB format 3!
>> #
>> #	load atom type hybridizations
>> #
>> addAtomTypes {
>> 	{ "H"   "H" "sp3" }
>> 	{ "HO"  "H" "sp3" }
>> 	{ "HS"  "H" "sp3" }
>> 	{ "H1"  "H" "sp3" }
>> 	{ "H2"  "H" "sp3" }
>> 	{ "H3"  "H" "sp3" }
>> 	{ "H4"  "H" "sp3" }
>> 	{ "H5"  "H" "sp3" }
>> 	{ "HW"  "H" "sp3" }
>> 	{ "HC"  "H" "sp3" }
>> 	{ "HA"  "H" "sp3" }
>> 	{ "HP"  "H" "sp3" }
>> 	{ "HZ"  "H" "sp3" }
>> 	{ "OH"  "O" "sp3" }
>> 	{ "OS"  "O" "sp3" }
>> 	{ "O"   "O" "sp2" }
>> 	{ "O2"  "O" "sp2" }
>> 	{ "OP"  "O" "sp2" }
>> 	{ "OW"  "O" "sp3" }
>> 	{ "CT"  "C" "sp3" }
>> 	{ "CX"  "C" "sp3" }
>> 	{ "C8"  "C" "sp3" }
>> 	{ "2C"  "C" "sp3" }
>> 	{ "3C"  "C" "sp3" }
>> 	{ "CH"  "C" "sp3" }
>> 	{ "CS"  "C" "sp2" }
>> 	{ "C"   "C" "sp2" }
>> 	{ "CO"   "C" "sp2" }
>> 	{ "C*"  "C" "sp2" }
>> 	{ "CA"  "C" "sp2" }
>> 	{ "CB"  "C" "sp2" }
>> 	{ "CC"  "C" "sp2" }
>> 	{ "CN"  "C" "sp2" }
>> 	{ "CM"  "C" "sp2" }
>> 	{ "CK"  "C" "sp2" }
>> 	{ "CQ"  "C" "sp2" }
>> 	{ "CD"  "C" "sp2" }
>> 	{ "C5"  "C" "sp2" }
>> 	{ "C4"  "C" "sp2" }
>> 	{ "CP"  "C" "sp2" }
>> 	{ "CI"  "C" "sp3" }
>> 	{ "CJ"  "C" "sp2" }
>> 	{ "CW"  "C" "sp2" }
>> 	{ "CV"  "C" "sp2" }
>> 	{ "CR"  "C" "sp2" }
>> 	{ "CA"  "C" "sp2" }
>> 	{ "CY"  "C" "sp2" }
>> 	{ "C0"  "Ca" "sp3" }
>> 	{ "MG"  "Mg" "sp3" }
>> 	{ "N"   "N" "sp2" }
>> 	{ "NA"  "N" "sp2" }
>> 	{ "N2"  "N" "sp2" }
>> 	{ "N*"  "N" "sp2" }
>> 	{ "NP"  "N" "sp2" }
>> 	{ "NQ"  "N" "sp2" }
>> 	{ "NB"  "N" "sp2" }
>> 	{ "NC"  "N" "sp2" }
>> 	{ "NT"  "N" "sp3" }
>> 	{ "NY"  "N" "sp2" }
>> 	{ "N3"  "N" "sp3" }
>> 	{ "S"   "S" "sp3" }
>> 	{ "SH"  "S" "sp3" }
>> 	{ "P"   "P" "sp3" }
>> 	{ "LP"  ""  "sp3" }
>> 	{ "EP"  ""  "sp3" }
>> 	{ "F"   "F" "sp3" }
>> 	{ "Cl"  "Cl" "sp3" }
>> 	{ "Br"  "Br" "sp3" }
>> 	{ "I"   "I"  "sp3" }
>> }
>> #
>> #	Load the main parameter set.
>> #
>> parm10 = loadamberparams parm10.dat
Loading parameters: /home/german/amber16/dat/leap/parm/parm10.dat
Reading title:
PARM99 + frcmod.ff99SB + frcmod.parmbsc0 + OL3 for RNA
(UNKNOWN ATOM TYPE: Zn)
(UNKNOWN ATOM TYPE: EP)
>> frcmod14SB = loadamberparams frcmod.ff14SB
Loading parameters: /home/german/amber16/dat/leap/parm/frcmod.ff14SB
Reading force field modification type file (frcmod)
Reading title:
ff14SB protein backbone and sidechain parameters
>> #
>> #	Load main chain and terminating amino acid libraries
>> #
>> loadOff amino12.lib
Loading library: /home/german/amber16/dat/leap/lib/amino12.lib
Loading: ALA
Loading: ARG
Loading: ASH
Loading: ASN
Loading: ASP
Loading: CYM
Loading: CYS
Loading: CYX
Loading: GLH
Loading: GLN
Loading: GLU
Loading: GLY
Loading: HID
Loading: HIE
Loading: HIP
Loading: HYP
Loading: ILE
Loading: LEU
Loading: LYN
Loading: LYS
Loading: MET
Loading: PHE
Loading: PRO
Loading: SER
Loading: THR
Loading: TRP
Loading: TYR
Loading: VAL
>> loadOff aminoct12.lib
Loading library: /home/german/amber16/dat/leap/lib/aminoct12.lib
Loading: CALA
Loading: CARG
Loading: CASN
Loading: CASP
Loading: CCYS
Loading: CCYX
Loading: CGLN
Loading: CGLU
Loading: CGLY
Loading: CHID
Loading: CHIE
Loading: CHIP
Loading: CHYP
Loading: CILE
Loading: CLEU
Loading: CLYS
Loading: CMET
Loading: CPHE
Loading: CPRO
Loading: CSER
Loading: CTHR
Loading: CTRP
Loading: CTYR
Loading: CVAL
Loading: NHE
Loading: NME
>> loadOff aminont12.lib
Loading library: /home/german/amber16/dat/leap/lib/aminont12.lib
Loading: ACE
Loading: NALA
Loading: NARG
Loading: NASN
Loading: NASP
Loading: NCYS
Loading: NCYX
Loading: NGLN
Loading: NGLU
Loading: NGLY
Loading: NHID
Loading: NHIE
Loading: NHIP
Loading: NILE
Loading: NLEU
Loading: NLYS
Loading: NMET
Loading: NPHE
Loading: NPRO
Loading: NSER
Loading: NTHR
Loading: NTRP
Loading: NTYR
Loading: NVAL
>> 
>> #
>> #	Define the PDB name map for the amino acids
>> #
>> addPdbResMap {
>>   { 0 "HYP" "NHYP" } { 1 "HYP" "CHYP" }
>>   { 0 "ALA" "NALA" } { 1 "ALA" "CALA" }
>>   { 0 "ARG" "NARG" } { 1 "ARG" "CARG" }
>>   { 0 "ASN" "NASN" } { 1 "ASN" "CASN" }
>>   { 0 "ASP" "NASP" } { 1 "ASP" "CASP" }
>>   { 0 "CYS" "NCYS" } { 1 "CYS" "CCYS" }
>>   { 0 "CYX" "NCYX" } { 1 "CYX" "CCYX" }
>>   { 0 "GLN" "NGLN" } { 1 "GLN" "CGLN" }
>>   { 0 "GLU" "NGLU" } { 1 "GLU" "CGLU" }
>>   { 0 "GLY" "NGLY" } { 1 "GLY" "CGLY" }
>>   { 0 "HID" "NHID" } { 1 "HID" "CHID" }
>>   { 0 "HIE" "NHIE" } { 1 "HIE" "CHIE" }
>>   { 0 "HIP" "NHIP" } { 1 "HIP" "CHIP" }
>>   { 0 "ILE" "NILE" } { 1 "ILE" "CILE" }
>>   { 0 "LEU" "NLEU" } { 1 "LEU" "CLEU" }
>>   { 0 "LYS" "NLYS" } { 1 "LYS" "CLYS" }
>>   { 0 "MET" "NMET" } { 1 "MET" "CMET" }
>>   { 0 "PHE" "NPHE" } { 1 "PHE" "CPHE" }
>>   { 0 "PRO" "NPRO" } { 1 "PRO" "CPRO" }
>>   { 0 "SER" "NSER" } { 1 "SER" "CSER" }
>>   { 0 "THR" "NTHR" } { 1 "THR" "CTHR" }
>>   { 0 "TRP" "NTRP" } { 1 "TRP" "CTRP" }
>>   { 0 "TYR" "NTYR" } { 1 "TYR" "CTYR" }
>>   { 0 "VAL" "NVAL" } { 1 "VAL" "CVAL" }
>>   { 0 "HIS" "NHIS" } { 1 "HIS" "CHIS" }
>> }
>> 
>> #
>> # assume that most often proteins use HIE
>> #
>> NHIS = NHIE
>> HIS = HIE
>> CHIS = CHIE
> 
> source ~/amber16/dat/leap/cmd/leaprc.water.tip3p
----- Source: /home/german/amber16/dat/leap/cmd/leaprc.water.tip3p
----- Source of /home/german/amber16/dat/leap/cmd/leaprc.water.tip3p done
>> #
>> #       Load water and ions for TIP3P + Joung-Chetham monovalent ions
>> #       + Li/Merz highly charged ions (+2 to +4, 12-6 normal usage set)
>> #
>> addAtomTypes {
>> 	{ "F-"   "F" "sp3" }
>> 	{ "Cl-"  "Cl" "sp3" }
>> 	{ "Br-"  "Br" "sp3" }
>> 	{ "I-"   "I"  "sp3" }
>> 	{ "Li+"  "Li"  "sp3" }
>> 	{ "Na+"  "Na"  "sp3" }
>> 	{ "K+"  "K"  "sp3" }
>> 	{ "Rb+"  "Rb"  "sp3" }
>> 	{ "Cs+"  "Cs"  "sp3" }
>> 	{ "Mg+"  "Mg"  "sp3" }
>>     { "Tl+"  "Tl"  "sp3" }
>>     { "Cu+"  "Cu"  "sp3" }
>>     { "Ag+"  "Ag"  "sp3" }
>>     { "Be2+" "Be"  "sp3" }
>>     { "Cu2+" "Cu"  "sp3" }
>>     { "Ni2+" "Ni"  "sp3" }
>>     { "Pt2+" "Pt"  "sp3" }
>>     { "Zn2+" "Zn"  "sp3" }
>>     { "Co2+" "Co"  "sp3" }
>>     { "Pd2+" "Pd"  "sp3" }
>>     { "Ag2+" "Ag"  "sp3" }
>>     { "Cr2+" "Cr"  "sp3" }
>>     { "Fe2+" "Fe"  "sp3" }
>>     { "Mg2+" "Mg"  "sp3" }
>>     { "V2+"  "V"   "sp3" }
>>     { "Mn2+" "Mn"  "sp3" }
>>     { "Hg2+" "Hg"  "sp3" }
>>     { "Cd2+" "Cd"  "sp3" }
>>     { "Yb2+" "Yb"  "sp3" }
>>     { "Ca2+" "Ca"  "sp3" }
>>     { "Sn2+" "Sn"  "sp3" }
>>     { "Pb2+" "Pb"  "sp3" }
>>     { "Eu2+" "Eu"  "sp3" }
>>     { "Sr2+" "Sr"  "sp3" }
>>     { "Sm2+" "Sm"  "sp3" }
>>     { "Ba2+" "Ba"  "sp3" }
>>     { "Ra2+" "Ra"  "sp3" }
>>     { "Al3+" "Al"  "sp3" }
>>     { "Fe3+" "Fe"  "sp3" }
>>     { "Cr3+" "Cr"  "sp3" }
>>     { "In3+" "In"  "sp3" }
>>     { "Tl3+" "Tl"  "sp3" }
>>     { "Y3+"  "Y"   "sp3" }
>>     { "La3+" "La"  "sp3" }
>>     { "Ce3+" "Ce"  "sp3" }
>>     { "Pr3+" "Pr"  "sp3" }
>>     { "Nd3+" "Nd"  "sp3" }
>>     { "Sm3+" "Sm"  "sp3" }
>>     { "Eu3+" "Eu"  "sp3" }
>>     { "Gd3+" "Gd"  "sp3" }
>>     { "Tb3+" "Tb"  "sp3" }
>>     { "Dy3+" "Dy"  "sp3" }
>>     { "Er3+" "Er"  "sp3" }
>>     { "Tm3+" "Tm"  "sp3" }
>>     { "Lu3+" "Lu"  "sp3" }
>>     { "Hf4+" "Hf"  "sp3" }
>>     { "Zr4+" "Zr"  "sp3" }
>>     { "Ce4+" "Ce"  "sp3" }
>>     { "U4+"  "U"   "sp3" }
>>     { "Pu4+" "Pu"  "sp3" }
>>     { "Th4+" "Th"  "sp3" }
>> }
>> loadOff atomic_ions.lib
Loading library: /home/german/amber16/dat/leap/lib/atomic_ions.lib
Loading: AG
Loading: AL
Loading: Ag
Loading: BA
Loading: BR
Loading: Be
Loading: CA
Loading: CD
Loading: CE
Loading: CL
Loading: CO
Loading: CR
Loading: CS
Loading: CU
Loading: CU1
Loading: Ce
Loading: Cl-
Loading: Cr
Loading: Dy
Loading: EU
Loading: EU3
Loading: Er
Loading: F
Loading: FE
Loading: FE2
Loading: GD3
Loading: H3O+
Loading: HE+
Loading: HG
Loading: HZ+
Loading: Hf
Loading: IN
Loading: IOD
Loading: K
Loading: K+
Loading: LA
Loading: LI
Loading: LU
Loading: MG
Loading: MN
Loading: NA
Loading: NH4
Loading: NI
Loading: Na+
Loading: Nd
Loading: PB
Loading: PD
Loading: PR
Loading: PT
Loading: Pu
Loading: RB
Loading: Ra
Loading: SM
Loading: SR
Loading: Sm
Loading: Sn
Loading: TB
Loading: TL
Loading: Th
Loading: Tl
Loading: Tm
Loading: U4+
Loading: V2+
Loading: Y
Loading: YB2
Loading: ZN
Loading: Zr
>> loadOff solvents.lib
Loading library: /home/german/amber16/dat/leap/lib/solvents.lib
Loading: CHCL3BOX
Loading: DC4
Loading: FB3
Loading: FB3BOX
Loading: FB4
Loading: FB4BOX
Loading: MEOHBOX
Loading: NMABOX
Loading: OPC
Loading: OPCBOX
Loading: PL3
Loading: POL3BOX
Loading: QSPCFWBOX
Loading: SPC
Loading: SPCBOX
Loading: SPCFWBOX
Loading: SPF
Loading: SPG
Loading: T4E
Loading: TIP3PBOX
Loading: TIP3PFBOX
Loading: TIP4PBOX
Loading: TIP4PEWBOX
Loading: TIP5PBOX
Loading: TP3
Loading: TP4
Loading: TP5
Loading: TPF
>> HOH = TP3
>> WAT = TP3
>> loadAmberParams frcmod.ionsjc_tip3p
Loading parameters: /home/german/amber16/dat/leap/parm/frcmod.ionsjc_tip3p
Reading force field modification type file (frcmod)
Reading title:
Monovalent ion parameters for Ewald and TIP3P water from Joung & Cheatham JPCB (2008)
>> loadAmberParams frcmod.ions234lm_126_tip3p
Loading parameters: /home/german/amber16/dat/leap/parm/frcmod.ions234lm_126_tip3p
Reading force field modification type file (frcmod)
Reading title:
Li/Merz ion parameters of divalent to tetravalent ions for TIP3P water model (12-6 normal usage set)
>> 
> 
> mol = loadpdb 3im.pdb
Could not open file 3im.pdb: not found
> saveamberparm mol 3im_dry.prmtop 3im_dry.rst7
saveAmberParm: Argument #1 is type String must be of type: [unit]
usage:  saveAmberParm <unit> <topologyfile> <coordfile> 
> charge mol
charge: Argument #1 is type String must be of type: [unit molecule residue atom list]
usage:  charge <object>
> addions2 mol Cl- 0
addIons: Argument #1 is type String must be of type: [unit]

    addIons unit ion1 #ion1 [ion2 #ion2]
      UNIT                      _unit_
      UNIT                      _ion1_
      NUMBER                    _#ion1_
      UNIT                      _ion2_
      NUMBER                    _#ion2_
Adds counterions in a shell around _unit_ using a Coulombic potential
on a grid. If _#ion1_ is 0, the _unit_ is neutralized (_ion1_ must be
opposite in charge to _unit_, and _ion2_ cannot be specified). Otherwise,
the specified numbers of _ion1_ [_ion2_] are added [in alternating order].
If solvent is present, it is ignored in the charge and steric calculations,
and if an ion has a steric conflict with a solvent molecule, the ion is
moved to the center of said molecule, and the latter is deleted. (To
avoid this behavior, either solvate _after_ addIons, or use addIons2.)
Ions must be monoatomic. Note that the one-at-a-time procedure is not
guaranteed to globally minimize the electrostatic energy. When neutralizing
regular-backbone nucleic acids, the first cations will generally be added
between phosphates, leaving the final two ions to be placed somewhere around
the middle of the molecule.
The default grid resolution is 1 Angstrom, extending from an inner radius
of (max ion size + max solute atom size) to an outer radius 4 Angstroms
beyond. A distance-dependent dielectric is used for speed.


> solvateoct mol TIP3PBOX 10
solvateOct: Argument #1 is type String must be of type: [unit]
usage:  solvateOct <solute> <solvent> <buffer> [aniso] [closeness]
> saveamberparm mol 3im.prmtop 3im.rst7
saveAmberParm: Argument #1 is type String must be of type: [unit]
usage:  saveAmberParm <unit> <topologyfile> <coordfile> 
> quit
	Quit
log started: Sat Jun 17 14:30:34 2017

Log file: ./leap.log
>> #
>> # ----- leaprc for loading the ff14SB force field
>> # ----- NOTE: this is designed for PDB format 3!
>> #
>> #	load atom type hybridizations
>> #
>> addAtomTypes {
>> 	{ "H"   "H" "sp3" }
>> 	{ "HO"  "H" "sp3" }
>> 	{ "HS"  "H" "sp3" }
>> 	{ "H1"  "H" "sp3" }
>> 	{ "H2"  "H" "sp3" }
>> 	{ "H3"  "H" "sp3" }
>> 	{ "H4"  "H" "sp3" }
>> 	{ "H5"  "H" "sp3" }
>> 	{ "HW"  "H" "sp3" }
>> 	{ "HC"  "H" "sp3" }
>> 	{ "HA"  "H" "sp3" }
>> 	{ "HP"  "H" "sp3" }
>> 	{ "HZ"  "H" "sp3" }
>> 	{ "OH"  "O" "sp3" }
>> 	{ "OS"  "O" "sp3" }
>> 	{ "O"   "O" "sp2" }
>> 	{ "O2"  "O" "sp2" }
>> 	{ "OP"  "O" "sp2" }
>> 	{ "OW"  "O" "sp3" }
>> 	{ "CT"  "C" "sp3" }
>> 	{ "CX"  "C" "sp3" }
>> 	{ "C8"  "C" "sp3" }
>> 	{ "2C"  "C" "sp3" }
>> 	{ "3C"  "C" "sp3" }
>> 	{ "CH"  "C" "sp3" }
>> 	{ "CS"  "C" "sp2" }
>> 	{ "C"   "C" "sp2" }
>> 	{ "CO"   "C" "sp2" }
>> 	{ "C*"  "C" "sp2" }
>> 	{ "CA"  "C" "sp2" }
>> 	{ "CB"  "C" "sp2" }
>> 	{ "CC"  "C" "sp2" }
>> 	{ "CN"  "C" "sp2" }
>> 	{ "CM"  "C" "sp2" }
>> 	{ "CK"  "C" "sp2" }
>> 	{ "CQ"  "C" "sp2" }
>> 	{ "CD"  "C" "sp2" }
>> 	{ "C5"  "C" "sp2" }
>> 	{ "C4"  "C" "sp2" }
>> 	{ "CP"  "C" "sp2" }
>> 	{ "CI"  "C" "sp3" }
>> 	{ "CJ"  "C" "sp2" }
>> 	{ "CW"  "C" "sp2" }
>> 	{ "CV"  "C" "sp2" }
>> 	{ "CR"  "C" "sp2" }
>> 	{ "CA"  "C" "sp2" }
>> 	{ "CY"  "C" "sp2" }
>> 	{ "C0"  "Ca" "sp3" }
>> 	{ "MG"  "Mg" "sp3" }
>> 	{ "N"   "N" "sp2" }
>> 	{ "NA"  "N" "sp2" }
>> 	{ "N2"  "N" "sp2" }
>> 	{ "N*"  "N" "sp2" }
>> 	{ "NP"  "N" "sp2" }
>> 	{ "NQ"  "N" "sp2" }
>> 	{ "NB"  "N" "sp2" }
>> 	{ "NC"  "N" "sp2" }
>> 	{ "NT"  "N" "sp3" }
>> 	{ "NY"  "N" "sp2" }
>> 	{ "N3"  "N" "sp3" }
>> 	{ "S"   "S" "sp3" }
>> 	{ "SH"  "S" "sp3" }
>> 	{ "P"   "P" "sp3" }
>> 	{ "LP"  ""  "sp3" }
>> 	{ "EP"  ""  "sp3" }
>> 	{ "F"   "F" "sp3" }
>> 	{ "Cl"  "Cl" "sp3" }
>> 	{ "Br"  "Br" "sp3" }
>> 	{ "I"   "I"  "sp3" }
>> }
>> #
>> #	Load the main parameter set.
>> #
>> parm10 = loadamberparams parm10.dat
Loading parameters: /home/german/amber16/dat/leap/parm/parm10.dat
Reading title:
PARM99 + frcmod.ff99SB + frcmod.parmbsc0 + OL3 for RNA
(UNKNOWN ATOM TYPE: Zn)
(UNKNOWN ATOM TYPE: EP)
>> frcmod14SB = loadamberparams frcmod.ff14SB
Loading parameters: /home/german/amber16/dat/leap/parm/frcmod.ff14SB
Reading force field modification type file (frcmod)
Reading title:
ff14SB protein backbone and sidechain parameters
>> #
>> #	Load main chain and terminating amino acid libraries
>> #
>> loadOff amino12.lib
Loading library: /home/german/amber16/dat/leap/lib/amino12.lib
Loading: ALA
Loading: ARG
Loading: ASH
Loading: ASN
Loading: ASP
Loading: CYM
Loading: CYS
Loading: CYX
Loading: GLH
Loading: GLN
Loading: GLU
Loading: GLY
Loading: HID
Loading: HIE
Loading: HIP
Loading: HYP
Loading: ILE
Loading: LEU
Loading: LYN
Loading: LYS
Loading: MET
Loading: PHE
Loading: PRO
Loading: SER
Loading: THR
Loading: TRP
Loading: TYR
Loading: VAL
>> loadOff aminoct12.lib
Loading library: /home/german/amber16/dat/leap/lib/aminoct12.lib
Loading: CALA
Loading: CARG
Loading: CASN
Loading: CASP
Loading: CCYS
Loading: CCYX
Loading: CGLN
Loading: CGLU
Loading: CGLY
Loading: CHID
Loading: CHIE
Loading: CHIP
Loading: CHYP
Loading: CILE
Loading: CLEU
Loading: CLYS
Loading: CMET
Loading: CPHE
Loading: CPRO
Loading: CSER
Loading: CTHR
Loading: CTRP
Loading: CTYR
Loading: CVAL
Loading: NHE
Loading: NME
>> loadOff aminont12.lib
Loading library: /home/german/amber16/dat/leap/lib/aminont12.lib
Loading: ACE
Loading: NALA
Loading: NARG
Loading: NASN
Loading: NASP
Loading: NCYS
Loading: NCYX
Loading: NGLN
Loading: NGLU
Loading: NGLY
Loading: NHID
Loading: NHIE
Loading: NHIP
Loading: NILE
Loading: NLEU
Loading: NLYS
Loading: NMET
Loading: NPHE
Loading: NPRO
Loading: NSER
Loading: NTHR
Loading: NTRP
Loading: NTYR
Loading: NVAL
>> 
>> #
>> #	Define the PDB name map for the amino acids
>> #
>> addPdbResMap {
>>   { 0 "HYP" "NHYP" } { 1 "HYP" "CHYP" }
>>   { 0 "ALA" "NALA" } { 1 "ALA" "CALA" }
>>   { 0 "ARG" "NARG" } { 1 "ARG" "CARG" }
>>   { 0 "ASN" "NASN" } { 1 "ASN" "CASN" }
>>   { 0 "ASP" "NASP" } { 1 "ASP" "CASP" }
>>   { 0 "CYS" "NCYS" } { 1 "CYS" "CCYS" }
>>   { 0 "CYX" "NCYX" } { 1 "CYX" "CCYX" }
>>   { 0 "GLN" "NGLN" } { 1 "GLN" "CGLN" }
>>   { 0 "GLU" "NGLU" } { 1 "GLU" "CGLU" }
>>   { 0 "GLY" "NGLY" } { 1 "GLY" "CGLY" }
>>   { 0 "HID" "NHID" } { 1 "HID" "CHID" }
>>   { 0 "HIE" "NHIE" } { 1 "HIE" "CHIE" }
>>   { 0 "HIP" "NHIP" } { 1 "HIP" "CHIP" }
>>   { 0 "ILE" "NILE" } { 1 "ILE" "CILE" }
>>   { 0 "LEU" "NLEU" } { 1 "LEU" "CLEU" }
>>   { 0 "LYS" "NLYS" } { 1 "LYS" "CLYS" }
>>   { 0 "MET" "NMET" } { 1 "MET" "CMET" }
>>   { 0 "PHE" "NPHE" } { 1 "PHE" "CPHE" }
>>   { 0 "PRO" "NPRO" } { 1 "PRO" "CPRO" }
>>   { 0 "SER" "NSER" } { 1 "SER" "CSER" }
>>   { 0 "THR" "NTHR" } { 1 "THR" "CTHR" }
>>   { 0 "TRP" "NTRP" } { 1 "TRP" "CTRP" }
>>   { 0 "TYR" "NTYR" } { 1 "TYR" "CTYR" }
>>   { 0 "VAL" "NVAL" } { 1 "VAL" "CVAL" }
>>   { 0 "HIS" "NHIS" } { 1 "HIS" "CHIS" }
>> }
>> 
>> #
>> # assume that most often proteins use HIE
>> #
>> NHIS = NHIE
>> HIS = HIE
>> CHIS = CHIE
> 
> source ~/amber16/dat/leap/cmd/leaprc.water.tip3p
----- Source: /home/german/amber16/dat/leap/cmd/leaprc.water.tip3p
----- Source of /home/german/amber16/dat/leap/cmd/leaprc.water.tip3p done
>> #
>> #       Load water and ions for TIP3P + Joung-Chetham monovalent ions
>> #       + Li/Merz highly charged ions (+2 to +4, 12-6 normal usage set)
>> #
>> addAtomTypes {
>> 	{ "F-"   "F" "sp3" }
>> 	{ "Cl-"  "Cl" "sp3" }
>> 	{ "Br-"  "Br" "sp3" }
>> 	{ "I-"   "I"  "sp3" }
>> 	{ "Li+"  "Li"  "sp3" }
>> 	{ "Na+"  "Na"  "sp3" }
>> 	{ "K+"  "K"  "sp3" }
>> 	{ "Rb+"  "Rb"  "sp3" }
>> 	{ "Cs+"  "Cs"  "sp3" }
>> 	{ "Mg+"  "Mg"  "sp3" }
>>     { "Tl+"  "Tl"  "sp3" }
>>     { "Cu+"  "Cu"  "sp3" }
>>     { "Ag+"  "Ag"  "sp3" }
>>     { "Be2+" "Be"  "sp3" }
>>     { "Cu2+" "Cu"  "sp3" }
>>     { "Ni2+" "Ni"  "sp3" }
>>     { "Pt2+" "Pt"  "sp3" }
>>     { "Zn2+" "Zn"  "sp3" }
>>     { "Co2+" "Co"  "sp3" }
>>     { "Pd2+" "Pd"  "sp3" }
>>     { "Ag2+" "Ag"  "sp3" }
>>     { "Cr2+" "Cr"  "sp3" }
>>     { "Fe2+" "Fe"  "sp3" }
>>     { "Mg2+" "Mg"  "sp3" }
>>     { "V2+"  "V"   "sp3" }
>>     { "Mn2+" "Mn"  "sp3" }
>>     { "Hg2+" "Hg"  "sp3" }
>>     { "Cd2+" "Cd"  "sp3" }
>>     { "Yb2+" "Yb"  "sp3" }
>>     { "Ca2+" "Ca"  "sp3" }
>>     { "Sn2+" "Sn"  "sp3" }
>>     { "Pb2+" "Pb"  "sp3" }
>>     { "Eu2+" "Eu"  "sp3" }
>>     { "Sr2+" "Sr"  "sp3" }
>>     { "Sm2+" "Sm"  "sp3" }
>>     { "Ba2+" "Ba"  "sp3" }
>>     { "Ra2+" "Ra"  "sp3" }
>>     { "Al3+" "Al"  "sp3" }
>>     { "Fe3+" "Fe"  "sp3" }
>>     { "Cr3+" "Cr"  "sp3" }
>>     { "In3+" "In"  "sp3" }
>>     { "Tl3+" "Tl"  "sp3" }
>>     { "Y3+"  "Y"   "sp3" }
>>     { "La3+" "La"  "sp3" }
>>     { "Ce3+" "Ce"  "sp3" }
>>     { "Pr3+" "Pr"  "sp3" }
>>     { "Nd3+" "Nd"  "sp3" }
>>     { "Sm3+" "Sm"  "sp3" }
>>     { "Eu3+" "Eu"  "sp3" }
>>     { "Gd3+" "Gd"  "sp3" }
>>     { "Tb3+" "Tb"  "sp3" }
>>     { "Dy3+" "Dy"  "sp3" }
>>     { "Er3+" "Er"  "sp3" }
>>     { "Tm3+" "Tm"  "sp3" }
>>     { "Lu3+" "Lu"  "sp3" }
>>     { "Hf4+" "Hf"  "sp3" }
>>     { "Zr4+" "Zr"  "sp3" }
>>     { "Ce4+" "Ce"  "sp3" }
>>     { "U4+"  "U"   "sp3" }
>>     { "Pu4+" "Pu"  "sp3" }
>>     { "Th4+" "Th"  "sp3" }
>> }
>> loadOff atomic_ions.lib
Loading library: /home/german/amber16/dat/leap/lib/atomic_ions.lib
Loading: AG
Loading: AL
Loading: Ag
Loading: BA
Loading: BR
Loading: Be
Loading: CA
Loading: CD
Loading: CE
Loading: CL
Loading: CO
Loading: CR
Loading: CS
Loading: CU
Loading: CU1
Loading: Ce
Loading: Cl-
Loading: Cr
Loading: Dy
Loading: EU
Loading: EU3
Loading: Er
Loading: F
Loading: FE
Loading: FE2
Loading: GD3
Loading: H3O+
Loading: HE+
Loading: HG
Loading: HZ+
Loading: Hf
Loading: IN
Loading: IOD
Loading: K
Loading: K+
Loading: LA
Loading: LI
Loading: LU
Loading: MG
Loading: MN
Loading: NA
Loading: NH4
Loading: NI
Loading: Na+
Loading: Nd
Loading: PB
Loading: PD
Loading: PR
Loading: PT
Loading: Pu
Loading: RB
Loading: Ra
Loading: SM
Loading: SR
Loading: Sm
Loading: Sn
Loading: TB
Loading: TL
Loading: Th
Loading: Tl
Loading: Tm
Loading: U4+
Loading: V2+
Loading: Y
Loading: YB2
Loading: ZN
Loading: Zr
>> loadOff solvents.lib
Loading library: /home/german/amber16/dat/leap/lib/solvents.lib
Loading: CHCL3BOX
Loading: DC4
Loading: FB3
Loading: FB3BOX
Loading: FB4
Loading: FB4BOX
Loading: MEOHBOX
Loading: NMABOX
Loading: OPC
Loading: OPCBOX
Loading: PL3
Loading: POL3BOX
Loading: QSPCFWBOX
Loading: SPC
Loading: SPCBOX
Loading: SPCFWBOX
Loading: SPF
Loading: SPG
Loading: T4E
Loading: TIP3PBOX
Loading: TIP3PFBOX
Loading: TIP4PBOX
Loading: TIP4PEWBOX
Loading: TIP5PBOX
Loading: TP3
Loading: TP4
Loading: TP5
Loading: TPF
>> HOH = TP3
>> WAT = TP3
>> loadAmberParams frcmod.ionsjc_tip3p
Loading parameters: /home/german/amber16/dat/leap/parm/frcmod.ionsjc_tip3p
Reading force field modification type file (frcmod)
Reading title:
Monovalent ion parameters for Ewald and TIP3P water from Joung & Cheatham JPCB (2008)
>> loadAmberParams frcmod.ions234lm_126_tip3p
Loading parameters: /home/german/amber16/dat/leap/parm/frcmod.ions234lm_126_tip3p
Reading force field modification type file (frcmod)
Reading title:
Li/Merz ion parameters of divalent to tetravalent ions for TIP3P water model (12-6 normal usage set)
>> 
> 
> mol = loadpdb 3im.pdb
Loading PDB file: ./3im.pdb
Enter zPdbReadScan from call depth  0.
Exit  zPdbReadScan from call depth  0.
Matching PDB residue names to LEaP variables.
Mapped residue VAL, term: Terminal/beginning, seq. number: 0 to: NVAL.
(Residue 1: ASN, Nonterminal, was not found in name map.)
(Residue 2: ASN, Nonterminal, was not found in name map.)
(Residue 3: ASP, Nonterminal, was not found in name map.)
(Residue 4: MET, Nonterminal, was not found in name map.)
(Residue 5: ILE, Nonterminal, was not found in name map.)
(Residue 6: VAL, Nonterminal, was not found in name map.)
(Residue 7: THR, Nonterminal, was not found in name map.)
(Residue 8: ASP, Nonterminal, was not found in name map.)
(Residue 9: ASN, Nonterminal, was not found in name map.)
(Residue 10: ASN, Nonterminal, was not found in name map.)
(Residue 11: GLY, Nonterminal, was not found in name map.)
(Residue 12: ALA, Nonterminal, was not found in name map.)
(Residue 13: VAL, Nonterminal, was not found in name map.)
(Residue 14: LYS, Nonterminal, was not found in name map.)
(Residue 15: PHE, Nonterminal, was not found in name map.)
(Residue 16: PRO, Nonterminal, was not found in name map.)
(Residue 17: GLN, Nonterminal, was not found in name map.)
(Residue 18: LEU, Nonterminal, was not found in name map.)
(Residue 19: CYS, Nonterminal, was not found in name map.)
(Residue 20: LYS, Nonterminal, was not found in name map.)
(Residue 21: PHE, Nonterminal, was not found in name map.)
(Residue 22: CYS, Nonterminal, was not found in name map.)
(Residue 23: ASP, Nonterminal, was not found in name map.)
(Residue 24: VAL, Nonterminal, was not found in name map.)
(Residue 25: ARG, Nonterminal, was not found in name map.)
(Residue 26: PHE, Nonterminal, was not found in name map.)
(Residue 27: SER, Nonterminal, was not found in name map.)
(Residue 28: THR, Nonterminal, was not found in name map.)
(Residue 29: CYS, Nonterminal, was not found in name map.)
(Residue 30: ASP, Nonterminal, was not found in name map.)
(Residue 31: ASN, Nonterminal, was not found in name map.)
(Residue 32: GLN, Nonterminal, was not found in name map.)
(Residue 33: LYS, Nonterminal, was not found in name map.)
(Residue 34: SER, Nonterminal, was not found in name map.)
(Residue 35: CYS, Nonterminal, was not found in name map.)
(Residue 36: PHE, Nonterminal, was not found in name map.)
(Residue 37: SER, Nonterminal, was not found in name map.)
(Residue 38: LYS, Nonterminal, was not found in name map.)
(Residue 39: VAL, Nonterminal, was not found in name map.)
(Residue 40: HIE, Nonterminal, was not found in name map.)
(Residue 41: TYR, Nonterminal, was not found in name map.)
(Residue 42: GLU, Nonterminal, was not found in name map.)
(Residue 43: GLY, Nonterminal, was not found in name map.)
(Residue 44: LYS, Nonterminal, was not found in name map.)
(Residue 45: LYS, Nonterminal, was not found in name map.)
(Residue 46: LYS, Nonterminal, was not found in name map.)
(Residue 47: ALA, Nonterminal, was not found in name map.)
Mapped residue TRP, term: Terminal/last, seq. number: 48 to: CTRP.
Joining NVAL - ASN
Joining ASN - ASN
Joining ASN - ASP
Joining ASP - MET
Joining MET - ILE
Joining ILE - VAL
Joining VAL - THR
Joining THR - ASP
Joining ASP - ASN
Joining ASN - ASN
Joining ASN - GLY
Joining GLY - ALA
Joining ALA - VAL
Joining VAL - LYS
Joining LYS - PHE
Joining PHE - PRO
Joining PRO - GLN
Joining GLN - LEU
Joining LEU - CYS
Joining CYS - LYS
Joining LYS - PHE
Joining PHE - CYS
Joining CYS - ASP
Joining ASP - VAL
Joining VAL - ARG
Joining ARG - PHE
Joining PHE - SER
Joining SER - THR
Joining THR - CYS
Joining CYS - ASP
Joining ASP - ASN
Joining ASN - GLN
Joining GLN - LYS
Joining LYS - SER
Joining SER - CYS
Joining CYS - PHE
Joining PHE - SER
Joining SER - LYS
Joining LYS - VAL
Joining VAL - HIE
Joining HIE - TYR
Joining TYR - GLU
Joining GLU - GLY
Joining GLY - LYS
Joining LYS - LYS
Joining LYS - LYS
Joining LYS - ALA
Joining ALA - CTRP
  Added missing heavy atom: .R<CTRP 49>.A<OXT 25>
  total atoms in file: 777
  Leap added 1 missing atom according to residue templates:
       1 Heavy
> saveamberparm mol 3im_dry.prmtop 3im_dry.rst7
Checking Unit.
WARNING: The unperturbed charge of the unit: 3.000000 is not zero.

 -- ignoring the warning.

Building topology.
Building atom parameters.
Building bond parameters.
Building angle parameters.
Building proper torsion parameters.
Building improper torsion parameters.
 ** Warning: No sp2 improper torsion term for  C*-CN-CB-CA
        atoms are: CG CE2 CD2 CE3
 ** Warning: No sp2 improper torsion term for  NA-CA-CN-CB
        atoms are: NE1 CZ2 CE2 CD2
 total 161 improper torsions applied
Building H-Bond parameters.
Incorporating Non-Bonded adjustments.
Not Marking per-residue atom chain types.
Marking per-residue atom chain types.
  (Residues lacking connect0/connect1 - 
   these don't have chain types marked:

	res	total affected

	CTRP	1
	NVAL	1
  )
 (no restraints)
> charge mol
Total unperturbed charge:   3.000000
Total perturbed charge:     3.000000
> addions2 mol Cl- 0
3 Cl- ions required to neutralize.
Adding 3 counter ions to "mol" using 1A grid
Total solute charge:   3.00  Max atom radius:   2.00
Grid extends from solute vdw + 2.51  to  8.51
Box:
   enclosing:  -19.81 -21.86 -16.18   25.27 26.86 21.35
   sized:			      44.19 42.14 47.82
   edge:        64.00
Resolution:      1.00 Angstrom.
Tree depth: 6
grid build: 0 sec
Volume =  8.68% of box, grid points 22762
Calculating grid charges
charges: 0 sec
Placed Cl- in mol at (2.19, -4.86, -10.18).
Placed Cl- in mol at (-4.81, -0.86, 9.82).
Placed Cl- in mol at (-6.81, 11.14, 11.82).

Done adding ions.
> solvateoct mol TIP3PBOX 10
Scaling up box by a factor of 1.286703 to meet diagonal cut criterion
  Solute vdw bounding box:              29.589 34.372 25.654
  Total bounding box for atom centers:  60.106 60.106 60.106
      (box expansion for 'iso' is  27.1%)
  Solvent unit box:                     18.774 18.774 18.774
The number of boxes:  x= 4  y= 4  z= 4
Adding box at: x=0  y=0  z=0
Center of solvent box is: 28.161524, 28.161524, 28.161524
Adding box at: x=0  y=0  z=1
Center of solvent box is: 28.161524, 28.161524, 9.387175
Adding box at: x=0  y=0  z=2
Center of solvent box is: 28.161524, 28.161524, -9.387175
Adding box at: x=0  y=0  z=3
Center of solvent box is: 28.161524, 28.161524, -28.161524
Adding box at: x=0  y=1  z=0
Center of solvent box is: 28.161524, 9.387175, 28.161524
Adding box at: x=0  y=1  z=1
Center of solvent box is: 28.161524, 9.387175, 9.387175
Adding box at: x=0  y=1  z=2
Center of solvent box is: 28.161524, 9.387175, -9.387175
Adding box at: x=0  y=1  z=3
Center of solvent box is: 28.161524, 9.387175, -28.161524
Adding box at: x=0  y=2  z=0
Center of solvent box is: 28.161524, -9.387175, 28.161524
Adding box at: x=0  y=2  z=1
Center of solvent box is: 28.161524, -9.387175, 9.387175
Adding box at: x=0  y=2  z=2
Center of solvent box is: 28.161524, -9.387175, -9.387175
Adding box at: x=0  y=2  z=3
Center of solvent box is: 28.161524, -9.387175, -28.161524
Adding box at: x=0  y=3  z=0
Center of solvent box is: 28.161524, -28.161524, 28.161524
Adding box at: x=0  y=3  z=1
Center of solvent box is: 28.161524, -28.161524, 9.387175
Adding box at: x=0  y=3  z=2
Center of solvent box is: 28.161524, -28.161524, -9.387175
Adding box at: x=0  y=3  z=3
Center of solvent box is: 28.161524, -28.161524, -28.161524
Adding box at: x=1  y=0  z=0
Center of solvent box is: 9.387175, 28.161524, 28.161524
Adding box at: x=1  y=0  z=1
Center of solvent box is: 9.387175, 28.161524, 9.387175
Adding box at: x=1  y=0  z=2
Center of solvent box is: 9.387175, 28.161524, -9.387175
Adding box at: x=1  y=0  z=3
Center of solvent box is: 9.387175, 28.161524, -28.161524
Adding box at: x=1  y=1  z=0
Center of solvent box is: 9.387175, 9.387175, 28.161524
Adding box at: x=1  y=1  z=1
Center of solvent box is: 9.387175, 9.387175, 9.387175
Adding box at: x=1  y=1  z=2
Center of solvent box is: 9.387175, 9.387175, -9.387175
Adding box at: x=1  y=1  z=3
Center of solvent box is: 9.387175, 9.387175, -28.161524
Adding box at: x=1  y=2  z=0
Center of solvent box is: 9.387175, -9.387175, 28.161524
Adding box at: x=1  y=2  z=1
Center of solvent box is: 9.387175, -9.387175, 9.387175
Adding box at: x=1  y=2  z=2
Center of solvent box is: 9.387175, -9.387175, -9.387175
Adding box at: x=1  y=2  z=3
Center of solvent box is: 9.387175, -9.387175, -28.161524
Adding box at: x=1  y=3  z=0
Center of solvent box is: 9.387175, -28.161524, 28.161524
Adding box at: x=1  y=3  z=1
Center of solvent box is: 9.387175, -28.161524, 9.387175
Adding box at: x=1  y=3  z=2
Center of solvent box is: 9.387175, -28.161524, -9.387175
Adding box at: x=1  y=3  z=3
Center of solvent box is: 9.387175, -28.161524, -28.161524
Adding box at: x=2  y=0  z=0
Center of solvent box is: -9.387175, 28.161524, 28.161524
Adding box at: x=2  y=0  z=1
Center of solvent box is: -9.387175, 28.161524, 9.387175
Adding box at: x=2  y=0  z=2
Center of solvent box is: -9.387175, 28.161524, -9.387175
Adding box at: x=2  y=0  z=3
Center of solvent box is: -9.387175, 28.161524, -28.161524
Adding box at: x=2  y=1  z=0
Center of solvent box is: -9.387175, 9.387175, 28.161524
Adding box at: x=2  y=1  z=1
Center of solvent box is: -9.387175, 9.387175, 9.387175
Adding box at: x=2  y=1  z=2
Center of solvent box is: -9.387175, 9.387175, -9.387175
Adding box at: x=2  y=1  z=3
Center of solvent box is: -9.387175, 9.387175, -28.161524
Adding box at: x=2  y=2  z=0
Center of solvent box is: -9.387175, -9.387175, 28.161524
Adding box at: x=2  y=2  z=1
Center of solvent box is: -9.387175, -9.387175, 9.387175
Adding box at: x=2  y=2  z=2
Center of solvent box is: -9.387175, -9.387175, -9.387175
Adding box at: x=2  y=2  z=3
Center of solvent box is: -9.387175, -9.387175, -28.161524
Adding box at: x=2  y=3  z=0
Center of solvent box is: -9.387175, -28.161524, 28.161524
Adding box at: x=2  y=3  z=1
Center of solvent box is: -9.387175, -28.161524, 9.387175
Adding box at: x=2  y=3  z=2
Center of solvent box is: -9.387175, -28.161524, -9.387175
Adding box at: x=2  y=3  z=3
Center of solvent box is: -9.387175, -28.161524, -28.161524
Adding box at: x=3  y=0  z=0
Center of solvent box is: -28.161524, 28.161524, 28.161524
Adding box at: x=3  y=0  z=1
Center of solvent box is: -28.161524, 28.161524, 9.387175
Adding box at: x=3  y=0  z=2
Center of solvent box is: -28.161524, 28.161524, -9.387175
Adding box at: x=3  y=0  z=3
Center of solvent box is: -28.161524, 28.161524, -28.161524
Adding box at: x=3  y=1  z=0
Center of solvent box is: -28.161524, 9.387175, 28.161524
Adding box at: x=3  y=1  z=1
Center of solvent box is: -28.161524, 9.387175, 9.387175
Adding box at: x=3  y=1  z=2
Center of solvent box is: -28.161524, 9.387175, -9.387175
Adding box at: x=3  y=1  z=3
Center of solvent box is: -28.161524, 9.387175, -28.161524
Adding box at: x=3  y=2  z=0
Center of solvent box is: -28.161524, -9.387175, 28.161524
Adding box at: x=3  y=2  z=1
Center of solvent box is: -28.161524, -9.387175, 9.387175
Adding box at: x=3  y=2  z=2
Center of solvent box is: -28.161524, -9.387175, -9.387175
Adding box at: x=3  y=2  z=3
Center of solvent box is: -28.161524, -9.387175, -28.161524
Adding box at: x=3  y=3  z=0
Center of solvent box is: -28.161524, -28.161524, 28.161524
Adding box at: x=3  y=3  z=1
Center of solvent box is: -28.161524, -28.161524, 9.387175
Adding box at: x=3  y=3  z=2
Center of solvent box is: -28.161524, -28.161524, -9.387175
Adding box at: x=3  y=3  z=3
Center of solvent box is: -28.161524, -28.161524, -28.161524
  Volume: 114082.175 A^3 (oct)
  Total mass 58199.458 amu,  Density 0.847 g/cc
  Added 2911 residues.
> saveamberparm mol 3im.prmtop 3im.rst7
Checking Unit.
Building topology.
Building atom parameters.
Building bond parameters.
Building angle parameters.
Building proper torsion parameters.
Building improper torsion parameters.
 ** Warning: No sp2 improper torsion term for  C*-CN-CB-CA
        atoms are: CG CE2 CD2 CE3
 ** Warning: No sp2 improper torsion term for  NA-CA-CN-CB
        atoms are: NE1 CZ2 CE2 CD2
 total 161 improper torsions applied
Building H-Bond parameters.
Incorporating Non-Bonded adjustments.
Not Marking per-residue atom chain types.
Marking per-residue atom chain types.
  (Residues lacking connect0/connect1 - 
   these don't have chain types marked:

	res	total affected

	CTRP	1
	NVAL	1
	WAT	2911
  )
 (no restraints)
> quit
	Quit
