
          -------------------------------------------------------
          Amber 16 PMEMD                              2016
          -------------------------------------------------------

| PMEMD implementation of SANDER, Release 16

| Run on 06/17/2017 at 18:22:11

|   Executable path: pmemd.cuda
| Working directory: /home/german/alex/run/1im/mhe/e
|          Hostname: Unknown
  [-O]verwriting output

File Assignments:
|   MDIN: 10equ.in                                                              
|  MDOUT: 10equ.out                                                             
| INPCRD: 9e1im.rst7                                                            
|   PARM: /home/german/alex/top_files/1im.prmtop                                
| RESTRT: 10e1im.rst7                                                           
|   REFC: 9e1im.rst7                                                            
|  MDVEL: mdvel                                                                 
|   MDEN: mden                                                                  
|  MDCRD: 10e1im.nc                                                             
| MDINFO: mdinfo                                                                
|  MDFRC: mdfrc                                                                 


 Here is the input file:

Equilibration with solute restrictions                                         
&cntrl                                                                         
imin = 0,                           ! No Minimization                          
nmropt = 0,                         ! No NMR restraints read                   
                                                                               
! Nature and format of the input                                               
ntx = 5,                            ! Coordinates but no velocities will be rea
irest = 1,                          ! Do not run a new simulation              
                                                                               
! Nature and format of the output                                              
ntxo = 1,                           ! rstrt file in ASCII format               
ntpr = 500,                         ! inf in output every ntpr steps           
ntwr = 500,                         ! rstrt file every ntwr steps              
ntwx = 500,                         ! mdcrd file every ntwx steps              
ntwv = 0,                           ! mdvel without velocities                 
ntwe = 0,                           ! Energies and temperatures not written in 
idecomp = 0,                        ! No energy decomposition                  
iwrap = 1,                          ! Coordinates of the restart and mdcrd file
                                                                               
! Frozen or restrained atoms                                                   
ibelly = 0,                         ! No frozen atoms                          
ntr=1,                              ! Harmonic potential restraints            
restraint_wt = 6.0,                ! The weight for the positional restraints  
restraintmask = ':1-49@N,CA,C,O',  ! restrained residues                       
                                                                               
! Molecular dynamics                                                           
nstlim = 50000,                     ! Number of MD-steps                       
dt = 0.002,                         ! Time step                                
                                                                               
! Temperature regulation                                                       
ntt = 3,                            ! Langevin thermostat                      
gamma_ln = 5,                       ! Gamma constant for Langevin              
!temp0 = 300.0,                     ! Reference T at which the system is to be 
tempi = 300.0,                      ! Initial T                                
ig = -1,                            ! Seed for the RNG                         
                                                                               
! P and V regulation                                                           
ntp = 1,                            ! Constant P. Isotropic scaling            
barostat = 1,                       ! Berendsen barostat                       
taup = 1,                           ! Pressure relaxation time                 
nrespa = 1,                         ! Evaluate at each step                    
ntb = 2,                            ! Periodic box for constant P              
                                                                               
! SHAKE variables                                                              
ntc = 2,                            ! Bonds involving H are constrained        
ntf = 2,                            ! Bond interaction involving H are ommited.
                                                                               
cut = 10.0,                         ! Nonbonded cutoff                         
/                                                                              
&end                                                                           


Note: ig = -1. Setting random seed to   227599 based on wallclock time in 
      microseconds.
 
|--------------------- INFORMATION ----------------------
| GPU (CUDA) Version of PMEMD in use: NVIDIA GPU IN USE.
|                    Version 16.0.0
| 
|                      02/25/2016
| 
| Implementation by:
|                    Ross C. Walker     (SDSC)
|                    Scott Le Grand     (nVIDIA)
| 
| Precision model in use:
|      [SPFP] - Single Precision Forces, 64-bit Fixed Point
|               Accumulation. (Default)
| 
|--------------------------------------------------------
 
|----------------- CITATION INFORMATION -----------------
|
|    When publishing work that utilized the CUDA version
|    of AMBER, please cite the following in addition to
|    the regular AMBER citations:
|
|  - Romelia Salomon-Ferrer; Andreas W. Goetz; Duncan
|    Poole; Scott Le Grand; Ross C. Walker "Routine
|    microsecond molecular dynamics simulations with
|    AMBER - Part II: Particle Mesh Ewald", J. Chem.
|    Theory Comput., 2013, 9 (9), pp3878-3888,
|    DOI: 10.1021/ct400314y.
|
|  - Andreas W. Goetz; Mark J. Williamson; Dong Xu;
|    Duncan Poole; Scott Le Grand; Ross C. Walker
|    "Routine microsecond molecular dynamics simulations
|    with AMBER - Part I: Generalized Born", J. Chem.
|    Theory Comput., 2012, 8 (5), pp1542-1555.
|
|  - Scott Le Grand; Andreas W. Goetz; Ross C. Walker
|    "SPFP: Speed without compromise - a mixed precision
|    model for GPU accelerated molecular dynamics
|    simulations.", Comp. Phys. Comm., 2013, 184
|    pp374-380, DOI: 10.1016/j.cpc.2012.09.022
|
|--------------------------------------------------------
 
|------------------- GPU DEVICE INFO --------------------
|
|            CUDA_VISIBLE_DEVICES: 0
|   CUDA Capable Devices Detected:      1
|           CUDA Device ID in use:      0
|                CUDA Device Name: GeForce GTX 1060 6GB
|     CUDA Device Global Mem Size:   6072 MB
| CUDA Device Num Multiprocessors:     10
|           CUDA Device Core Freq:   1.76 GHz
|
|--------------------------------------------------------
 
 
| Conditional Compilation Defines Used:
| PUBFFT
| BINTRAJ
| CUDA
| EMIL

| Largest sphere to fit in unit cell has radius =    19.032

| New format PARM file being parsed.
| Version =    1.000 Date = 06/17/17 Time = 14:13:48

| Note: 1-4 EEL scale factors are being read from the topology file.

| Note: 1-4 VDW scale factors are being read from the topology file.
| Duplicated    0 dihedrals

| Duplicated    0 dihedrals

--------------------------------------------------------------------------------
   1.  RESOURCE   USE: 
--------------------------------------------------------------------------------

 getting new box info from bottom of inpcrd
 NATOM  =    7831 NTYPES =      17 NBONH =    7434 MBONA  =     402
 NTHETH =     874 MTHETA =     539 NPHIH =    1768 MPHIA  =    1685
 NHPARM =       0 NPARM  =       0 NNB   =   13683 NRES   =    2402
 NBONA  =     402 NTHETA =     539 NPHIA =    1685 NUMBND =      67
 NUMANG =     152 NPTRA  =     191 NATYP =      36 NPHB   =       1
 IFBOX  =       2 NMXRS  =      25 IFCAP =       0 NEXTRA =       0
 NCOPY  =       0

| Coordinate Index Table dimensions:     7    7    7
| Direct force subcell size =     6.6597    6.6597    6.6597

     BOX TYPE: TRUNCATED OCTAHEDRON

--------------------------------------------------------------------------------
   2.  CONTROL  DATA  FOR  THE  RUN
--------------------------------------------------------------------------------

default_name                                                                    

General flags:
     imin    =       0, nmropt  =       0

Nature and format of input:
     ntx     =       5, irest   =       1, ntrx    =       1

Nature and format of output:
     ntxo    =       1, ntpr    =     500, ntrx    =       1, ntwr    =     500
     iwrap   =       1, ntwx    =     500, ntwv    =       0, ntwe    =       0
     ioutfm  =       1, ntwprt  =       0, idecomp =       0, rbornstat=      0

Potential function:
     ntf     =       2, ntb     =       2, igb     =       0, nsnb    =      25
     ipol    =       0, gbsa    =       0, iesp    =       0
     dielc   =   1.00000, cut     =  10.00000, intdiel =   1.00000

Frozen or restrained atoms:
     ibelly  =       0, ntr     =       1
     restraint_wt =   6.00000

Molecular dynamics:
     nstlim  =     50000, nscm    =         0, nrespa  =         1
     t       =   0.00000, dt      =   0.00200, vlimit  =  -1.00000

Langevin dynamics temperature regulation:
     ig      =  227599
     temp0   = 300.00000, tempi   = 300.00000, gamma_ln=   5.00000

Pressure regulation:
     ntp     =       1
     pres0   =   1.00000, comp    =  44.60000, taup    =   1.00000

SHAKE:
     ntc     =       2, jfastw  =       0
     tol     =   0.00001

| Intermolecular bonds treatment:
|     no_intermolecular_bonds =       1

| Energy averages sample interval:
|     ene_avg_sampling =     500

Ewald parameters:
     verbose =       0, ew_type =       0, nbflag  =       1, use_pme =       1
     vdwmeth =       1, eedmeth =       1, netfrc  =       1
     Box X =   46.618   Box Y =   46.618   Box Z =   46.618
     Alpha =  109.471   Beta  =  109.471   Gamma =  109.471
     NFFT1 =   48       NFFT2 =   48       NFFT3 =   48
     Cutoff=   10.000   Tol   =0.100E-04
     Ewald Coefficient =  0.27511
     Interpolation order =    4

    LOADING THE CONSTRAINED ATOMS AS GROUPS


   5.  REFERENCE ATOM COORDINATES

  default_name                                                                    
     Mask :1-49@N,CA,C,O; matches   196 atoms

--------------------------------------------------------------------------------
   3.  ATOMIC COORDINATES AND VELOCITIES
--------------------------------------------------------------------------------

default_name                                                                    
 begin time read from input coords =  1040.000 ps

 
 Number of triangulated 3-point waters found:     2350

     Sum of charges from parm topology file =  -0.00000003
     Forcing neutrality...

| Dynamic Memory, Types Used:
| Reals              479019
| Integers           270038

| Nonbonded Pairs Initial Allocation:     2368681

| GPU memory information (estimate):
| KB of GPU memory in use:     72160
| KB of CPU memory in use:     14337

--------------------------------------------------------------------------------
   4.  RESULTS
--------------------------------------------------------------------------------

 ---------------------------------------------------
 APPROXIMATING switch and d/dx switch using CUBIC SPLINE INTERPOLATION
 using   5000.0 points per unit in tabled values
 TESTING RELATIVE ERROR over r ranging from 0.0 to cutoff
| CHECK switch(x): max rel err =   0.2738E-14   at   2.422500
| CHECK d/dx switch(x): max rel err =   0.8314E-11   at   2.736960
 ---------------------------------------------------
|---------------------------------------------------
| APPROXIMATING direct energy using CUBIC SPLINE INTERPOLATION
|  with   50.0 points per unit in tabled values
| Relative Error Limit not exceeded for r .gt.   2.33
| APPROXIMATING direct force using CUBIC SPLINE INTERPOLATION
|  with   50.0 points per unit in tabled values
| Relative Error Limit not exceeded for r .gt.   2.80
|---------------------------------------------------
wrapping first mol.:       15.56324       22.00974       38.12199
wrapping first mol.:       15.56324       22.00974       38.12199

 NSTEP =      500   TIME(PS) =    1041.000  TEMP(K) =   295.40  PRESS =   224.2
 Etot   =    -19238.6306  EKtot   =      4713.5112  EPtot      =    -23952.1418
 BOND   =       169.6015  ANGLE   =       414.5481  DIHED      =       668.9171
 1-4 NB =       166.3729  1-4 EEL =      2502.6692  VDWAALS    =      2984.6746
 EELEC  =    -30901.8198  EHBOND  =         0.0000  RESTRAINT  =        42.8946
 EAMBER (non-restraint)  =    -23995.0364
 EKCMT  =      2080.9727  VIRIAL  =      1701.7360  VOLUME     =     78348.8949
                                                    Density    =         1.0193
 ------------------------------------------------------------------------------

wrapping first mol.:       15.55192       21.99374       38.09428
wrapping first mol.:       15.55192       21.99374       38.09428

 NSTEP =     1000   TIME(PS) =    1042.000  TEMP(K) =   299.81  PRESS =   -15.7
 Etot   =    -19184.9246  EKtot   =      4783.7603  EPtot      =    -23968.6849
 BOND   =       142.2425  ANGLE   =       404.5332  DIHED      =       669.4134
 1-4 NB =       170.0574  1-4 EEL =      2520.0777  VDWAALS    =      2898.7946
 EELEC  =    -30807.2825  EHBOND  =         0.0000  RESTRAINT  =        33.4788
 EAMBER (non-restraint)  =    -24002.1636
 EKCMT  =      2116.2405  VIRIAL  =      2142.7678  VOLUME     =     78179.8426
                                                    Density    =         1.0215
 ------------------------------------------------------------------------------

wrapping first mol.:       15.56755       22.01583       38.13254
wrapping first mol.:       15.56755       22.01583       38.13254

 NSTEP =     1500   TIME(PS) =    1043.000  TEMP(K) =   301.11  PRESS =    44.5
 Etot   =    -18961.4609  EKtot   =      4804.5278  EPtot      =    -23765.9887
 BOND   =       145.7000  ANGLE   =       441.0828  DIHED      =       683.2420
 1-4 NB =       177.2015  1-4 EEL =      2494.8144  VDWAALS    =      2886.2416
 EELEC  =    -30632.1559  EHBOND  =         0.0000  RESTRAINT  =        37.8848
 EAMBER (non-restraint)  =    -23803.8736
 EKCMT  =      2112.4459  VIRIAL  =      2037.0453  VOLUME     =     78415.2295
                                                    Density    =         1.0184
 ------------------------------------------------------------------------------

wrapping first mol.:       15.56109       22.00670       38.11671
wrapping first mol.:       15.56109       22.00670       38.11671

 NSTEP =     2000   TIME(PS) =    1044.000  TEMP(K) =   305.18  PRESS =   -72.6
 Etot   =    -18885.0289  EKtot   =      4869.4824  EPtot      =    -23754.5113
 BOND   =       153.6047  ANGLE   =       422.9161  DIHED      =       683.6341
 1-4 NB =       180.4469  1-4 EEL =      2530.7870  VDWAALS    =      2969.0028
 EELEC  =    -30740.9875  EHBOND  =         0.0000  RESTRAINT  =        46.0846
 EAMBER (non-restraint)  =    -23800.5959
 EKCMT  =      2127.9322  VIRIAL  =      2250.6963  VOLUME     =     78318.4717
                                                    Density    =         1.0197
 ------------------------------------------------------------------------------

wrapping first mol.:       15.55545       21.99873       38.10291
wrapping first mol.:       15.55545       21.99873       38.10291

 NSTEP =     2500   TIME(PS) =    1045.000  TEMP(K) =   301.42  PRESS =  -304.5
 Etot   =    -19087.5374  EKtot   =      4809.4438  EPtot      =    -23896.9813
 BOND   =       146.5320  ANGLE   =       426.2104  DIHED      =       684.4466
 1-4 NB =       183.8175  1-4 EEL =      2527.0584  VDWAALS    =      2878.0896
 EELEC  =    -30784.3996  EHBOND  =         0.0000  RESTRAINT  =        41.2639
 EAMBER (non-restraint)  =    -23938.2452
 EKCMT  =      2104.7309  VIRIAL  =      2619.1002  VOLUME     =     78235.0031
                                                    Density    =         1.0208
 ------------------------------------------------------------------------------

wrapping first mol.:       15.56423       22.01114       38.12441
wrapping first mol.:       15.56423       22.01114       38.12441

 NSTEP =     3000   TIME(PS) =    1046.000  TEMP(K) =   300.24  PRESS =   134.7
 Etot   =    -19030.1968  EKtot   =      4790.7065  EPtot      =    -23820.9034
 BOND   =       147.2147  ANGLE   =       386.0054  DIHED      =       683.3475
 1-4 NB =       180.3436  1-4 EEL =      2531.9317  VDWAALS    =      3015.4893
 EELEC  =    -30806.6093  EHBOND  =         0.0000  RESTRAINT  =        41.3738
 EAMBER (non-restraint)  =    -23862.2771
 EKCMT  =      2106.5421  VIRIAL  =      1878.6537  VOLUME     =     78364.4854
                                                    Density    =         1.0191
 ------------------------------------------------------------------------------

wrapping first mol.:       15.55704       22.00098       38.10682
wrapping first mol.:       15.55704       22.00098       38.10682

 NSTEP =     3500   TIME(PS) =    1047.000  TEMP(K) =   299.78  PRESS =  -292.1
 Etot   =    -19078.5097  EKtot   =      4783.2988  EPtot      =    -23861.8085
 BOND   =       158.2298  ANGLE   =       423.1962  DIHED      =       681.2911
 1-4 NB =       177.4677  1-4 EEL =      2498.9145  VDWAALS    =      2869.5022
 EELEC  =    -30714.5266  EHBOND  =         0.0000  RESTRAINT  =        44.1166
 EAMBER (non-restraint)  =    -23905.9251
 EKCMT  =      2134.8582  VIRIAL  =      2628.4350  VOLUME     =     78259.0030
                                                    Density    =         1.0205
 ------------------------------------------------------------------------------

wrapping first mol.:       15.56187       22.00781       38.11863
wrapping first mol.:       15.56187       22.00781       38.11863

 NSTEP =     4000   TIME(PS) =    1048.000  TEMP(K) =   301.82  PRESS =  -288.1
 Etot   =    -18946.9167  EKtot   =      4815.8955  EPtot      =    -23762.8122
 BOND   =       138.2040  ANGLE   =       430.8824  DIHED      =       688.1727
 1-4 NB =       173.8795  1-4 EEL =      2507.3354  VDWAALS    =      2803.0886
 EELEC  =    -30544.7028  EHBOND  =         0.0000  RESTRAINT  =        40.3280
 EAMBER (non-restraint)  =    -23803.1402
 EKCMT  =      2122.0934  VIRIAL  =      2609.3685  VOLUME     =     78331.8047
                                                    Density    =         1.0195
 ------------------------------------------------------------------------------

wrapping first mol.:       15.57343       22.02416       38.14696
wrapping first mol.:       15.57343       22.02416       38.14696

 NSTEP =     4500   TIME(PS) =    1049.000  TEMP(K) =   298.30  PRESS =   -49.9
 Etot   =    -19087.1257  EKtot   =      4759.7651  EPtot      =    -23846.8909
 BOND   =       158.7133  ANGLE   =       401.9179  DIHED      =       674.4193
 1-4 NB =       171.4940  1-4 EEL =      2510.6996  VDWAALS    =      2943.7084
 EELEC  =    -30747.2881  EHBOND  =         0.0000  RESTRAINT  =        39.4446
 EAMBER (non-restraint)  =    -23886.3355
 EKCMT  =      2112.0554  VIRIAL  =      2196.5922  VOLUME     =     78504.8632
                                                    Density    =         1.0173
 ------------------------------------------------------------------------------

wrapping first mol.:       15.55841       22.00291       38.11015
wrapping first mol.:       15.55841       22.00291       38.11015

 NSTEP =     5000   TIME(PS) =    1050.000  TEMP(K) =   298.97  PRESS =   213.0
 Etot   =    -19081.0998  EKtot   =      4770.4678  EPtot      =    -23851.5676
 BOND   =       148.8114  ANGLE   =       386.1849  DIHED      =       686.0776
 1-4 NB =       177.7138  1-4 EEL =      2509.0679  VDWAALS    =      3017.1531
 EELEC  =    -30815.5998  EHBOND  =         0.0000  RESTRAINT  =        39.0235
 EAMBER (non-restraint)  =    -23890.5910
 EKCMT  =      2153.3814  VIRIAL  =      1793.4652  VOLUME     =     78276.0358
                                                    Density    =         1.0202
 ------------------------------------------------------------------------------

wrapping first mol.:       15.53720       21.97291       38.05820
wrapping first mol.:       15.53720       21.97291       38.05820

 NSTEP =     5500   TIME(PS) =    1051.000  TEMP(K) =   294.45  PRESS =   214.7
 Etot   =    -19192.6705  EKtot   =      4698.2231  EPtot      =    -23890.8936
 BOND   =       156.3890  ANGLE   =       403.8062  DIHED      =       699.2065
 1-4 NB =       179.6717  1-4 EEL =      2528.5202  VDWAALS    =      2905.8749
 EELEC  =    -30800.9543  EHBOND  =         0.0000  RESTRAINT  =        36.5921
 EAMBER (non-restraint)  =    -23927.4857
 EKCMT  =      2117.1735  VIRIAL  =      1755.8073  VOLUME     =     77956.3460
                                                    Density    =         1.0244
 ------------------------------------------------------------------------------

wrapping first mol.:       15.55678       22.00061       38.10617
wrapping first mol.:       15.55678       22.00061       38.10617

 NSTEP =     6000   TIME(PS) =    1052.000  TEMP(K) =   295.37  PRESS =  -165.8
 Etot   =    -19071.5384  EKtot   =      4713.0166  EPtot      =    -23784.5550
 BOND   =       161.5058  ANGLE   =       440.1449  DIHED      =       672.5579
 1-4 NB =       169.6538  1-4 EEL =      2504.2863  VDWAALS    =      2942.8314
 EELEC  =    -30712.9585  EHBOND  =         0.0000  RESTRAINT  =        37.4235
 EAMBER (non-restraint)  =    -23821.9785
 EKCMT  =      2066.0702  VIRIAL  =      2346.2160  VOLUME     =     78254.1336
                                                    Density    =         1.0205
 ------------------------------------------------------------------------------

wrapping first mol.:       15.56690       22.01493       38.13097
wrapping first mol.:       15.56690       22.01493       38.13097

 NSTEP =     6500   TIME(PS) =    1053.000  TEMP(K) =   297.68  PRESS =   134.0
 Etot   =    -19186.7996  EKtot   =      4749.8291  EPtot      =    -23936.6287
 BOND   =       157.2113  ANGLE   =       388.3413  DIHED      =       677.1819
 1-4 NB =       168.9169  1-4 EEL =      2506.5512  VDWAALS    =      2952.1369
 EELEC  =    -30827.7496  EHBOND  =         0.0000  RESTRAINT  =        40.7813
 EAMBER (non-restraint)  =    -23977.4101
 EKCMT  =      2115.5083  VIRIAL  =      1888.6193  VOLUME     =     78404.9234
                                                    Density    =         1.0186
 ------------------------------------------------------------------------------

wrapping first mol.:       15.56050       22.00587       38.11527
wrapping first mol.:       15.56050       22.00587       38.11527

 NSTEP =     7000   TIME(PS) =    1054.000  TEMP(K) =   297.73  PRESS =  -254.9
 Etot   =    -19044.0809  EKtot   =      4750.6372  EPtot      =    -23794.7182
 BOND   =       161.4365  ANGLE   =       430.0265  DIHED      =       675.0620
 1-4 NB =       172.0798  1-4 EEL =      2480.9948  VDWAALS    =      2905.9115
 EELEC  =    -30664.9739  EHBOND  =         0.0000  RESTRAINT  =        44.7446
 EAMBER (non-restraint)  =    -23839.4628
 EKCMT  =      2083.1123  VIRIAL  =      2514.1246  VOLUME     =     78310.8671
                                                    Density    =         1.0198
 ------------------------------------------------------------------------------

wrapping first mol.:       15.54024       21.97722       38.06565
wrapping first mol.:       15.54024       21.97722       38.06565

 NSTEP =     7500   TIME(PS) =    1055.000  TEMP(K) =   302.83  PRESS =   -37.3
 Etot   =    -19019.8895  EKtot   =      4832.0625  EPtot      =    -23851.9520
 BOND   =       157.7489  ANGLE   =       408.9130  DIHED      =       684.5068
 1-4 NB =       173.5122  1-4 EEL =      2503.9686  VDWAALS    =      2898.6498
 EELEC  =    -30714.6586  EHBOND  =         0.0000  RESTRAINT  =        35.4073
 EAMBER (non-restraint)  =    -23887.3593
 EKCMT  =      2123.3414  VIRIAL  =      2186.1065  VOLUME     =     78003.8865
                                                    Density    =         1.0238
 ------------------------------------------------------------------------------

wrapping first mol.:       15.53240       21.96613       38.04646
wrapping first mol.:       15.53240       21.96613       38.04646

 NSTEP =     8000   TIME(PS) =    1056.000  TEMP(K) =   303.49  PRESS =   457.9
 Etot   =    -18909.8156  EKtot   =      4842.4673  EPtot      =    -23752.2829
 BOND   =       149.4865  ANGLE   =       380.4496  DIHED      =       691.5501
 1-4 NB =       173.8205  1-4 EEL =      2511.6740  VDWAALS    =      2874.7459
 EELEC  =    -30574.6990  EHBOND  =         0.0000  RESTRAINT  =        40.6896
 EAMBER (non-restraint)  =    -23792.9725
 EKCMT  =      2106.1262  VIRIAL  =      1336.1220  VOLUME     =     77882.4944
                                                    Density    =         1.0254
 ------------------------------------------------------------------------------

wrapping first mol.:       15.55108       21.99255       38.09220
wrapping first mol.:       15.55108       21.99255       38.09220

 NSTEP =     8500   TIME(PS) =    1057.000  TEMP(K) =   304.52  PRESS =  -263.9
 Etot   =    -19008.1994  EKtot   =      4858.9644  EPtot      =    -23867.1638
 BOND   =       130.0132  ANGLE   =       401.9929  DIHED      =       691.1614
 1-4 NB =       181.3057  1-4 EEL =      2508.5305  VDWAALS    =      2775.7473
 EELEC  =    -30594.6406  EHBOND  =         0.0000  RESTRAINT  =        38.7257
 EAMBER (non-restraint)  =    -23905.8895
 EKCMT  =      2150.9776  VIRIAL  =      2596.3326  VOLUME     =     78168.8119
                                                    Density    =         1.0216
 ------------------------------------------------------------------------------

wrapping first mol.:       15.57171       22.02172       38.14274
wrapping first mol.:       15.57171       22.02172       38.14274

 NSTEP =     9000   TIME(PS) =    1058.000  TEMP(K) =   305.51  PRESS =    28.6
 Etot   =    -18999.7693  EKtot   =      4874.8433  EPtot      =    -23874.6125
 BOND   =       149.3403  ANGLE   =       433.2996  DIHED      =       671.2466
 1-4 NB =       166.4320  1-4 EEL =      2496.8187  VDWAALS    =      3012.2719
 EELEC  =    -30847.0978  EHBOND  =         0.0000  RESTRAINT  =        43.0763
 EAMBER (non-restraint)  =    -23917.6888
 EKCMT  =      2136.7838  VIRIAL  =      2088.4070  VOLUME     =     78478.2774
                                                    Density    =         1.0176
 ------------------------------------------------------------------------------

wrapping first mol.:       15.57609       22.02792       38.15347
wrapping first mol.:       15.57609       22.02792       38.15347

 NSTEP =     9500   TIME(PS) =    1059.000  TEMP(K) =   303.04  PRESS =  -239.5
 Etot   =    -18870.8444  EKtot   =      4835.2944  EPtot      =    -23706.1388
 BOND   =       162.3555  ANGLE   =       446.9369  DIHED      =       690.5817
 1-4 NB =       186.3155  1-4 EEL =      2510.9660  VDWAALS    =      2753.7371
 EELEC  =    -30494.3979  EHBOND  =         0.0000  RESTRAINT  =        37.3664
 EAMBER (non-restraint)  =    -23743.5052
 EKCMT  =      2091.4037  VIRIAL  =      2497.5250  VOLUME     =     78546.4059
                                                    Density    =         1.0167
 ------------------------------------------------------------------------------

wrapping first mol.:       15.56487       22.01205       38.12599
wrapping first mol.:       15.56487       22.01205       38.12599

 NSTEP =    10000   TIME(PS) =    1060.000  TEMP(K) =   298.27  PRESS =    57.7
 Etot   =    -19210.8123  EKtot   =      4759.1772  EPtot      =    -23969.9895
 BOND   =       145.0842  ANGLE   =       416.5015  DIHED      =       687.9091
 1-4 NB =       175.2979  1-4 EEL =      2525.3988  VDWAALS    =      2937.8168
 EELEC  =    -30905.0785  EHBOND  =         0.0000  RESTRAINT  =        47.0807
 EAMBER (non-restraint)  =    -24017.0702
 EKCMT  =      2130.4446  VIRIAL  =      2032.7607  VOLUME     =     78374.7329
                                                    Density    =         1.0190
 ------------------------------------------------------------------------------

wrapping first mol.:       15.55580       21.99923       38.10378
wrapping first mol.:       15.55580       21.99923       38.10378

 NSTEP =    10500   TIME(PS) =    1061.000  TEMP(K) =   295.55  PRESS =  -188.9
 Etot   =    -19210.6741  EKtot   =      4715.8726  EPtot      =    -23926.5466
 BOND   =       153.4032  ANGLE   =       394.9018  DIHED      =       680.9388
 1-4 NB =       180.4114  1-4 EEL =      2524.0292  VDWAALS    =      2924.6791
 EELEC  =    -30827.5916  EHBOND  =         0.0000  RESTRAINT  =        42.6814
 EAMBER (non-restraint)  =    -23969.2280
 EKCMT  =      2077.5757  VIRIAL  =      2396.7487  VOLUME     =     78239.5563
                                                    Density    =         1.0207
 ------------------------------------------------------------------------------

wrapping first mol.:       15.56640       22.01421       38.12973
wrapping first mol.:       15.56640       22.01421       38.12973

 NSTEP =    11000   TIME(PS) =    1062.000  TEMP(K) =   303.09  PRESS =   118.2
 Etot   =    -19116.2779  EKtot   =      4836.1304  EPtot      =    -23952.4083
 BOND   =       149.7189  ANGLE   =       399.4451  DIHED      =       688.3636
 1-4 NB =       176.6716  1-4 EEL =      2511.9053  VDWAALS    =      2994.4785
 EELEC  =    -30912.5511  EHBOND  =         0.0000  RESTRAINT  =        39.5598
 EAMBER (non-restraint)  =    -23991.9681
 EKCMT  =      2165.0821  VIRIAL  =      1964.9537  VOLUME     =     78397.3641
                                                    Density    =         1.0187
 ------------------------------------------------------------------------------

wrapping first mol.:       15.56271       22.00899       38.12069
wrapping first mol.:       15.56271       22.00899       38.12069

 NSTEP =    11500   TIME(PS) =    1063.000  TEMP(K) =   298.85  PRESS =    -7.5
 Etot   =    -19060.4176  EKtot   =      4768.4673  EPtot      =    -23828.8849
 BOND   =       152.4115  ANGLE   =       407.4379  DIHED      =       682.2958
 1-4 NB =       177.4533  1-4 EEL =      2511.1513  VDWAALS    =      2982.2632
 EELEC  =    -30780.9297  EHBOND  =         0.0000  RESTRAINT  =        39.0318
 EAMBER (non-restraint)  =    -23867.9166
 EKCMT  =      2094.2216  VIRIAL  =      2106.8479  VOLUME     =     78342.5457
                                                    Density    =         1.0194
 ------------------------------------------------------------------------------

wrapping first mol.:       15.54954       21.99038       38.08844
wrapping first mol.:       15.54954       21.99038       38.08844

 NSTEP =    12000   TIME(PS) =    1064.000  TEMP(K) =   297.78  PRESS =    47.7
 Etot   =    -19150.0422  EKtot   =      4751.5034  EPtot      =    -23901.5457
 BOND   =       142.3131  ANGLE   =       411.0285  DIHED      =       684.0713
 1-4 NB =       168.9573  1-4 EEL =      2514.4290  VDWAALS    =      2980.9063
 EELEC  =    -30849.0775  EHBOND  =         0.0000  RESTRAINT  =        45.8263
 EAMBER (non-restraint)  =    -23947.3719
 EKCMT  =      2050.4558  VIRIAL  =      1969.9040  VOLUME     =     78143.4990
                                                    Density    =         1.0220
 ------------------------------------------------------------------------------

wrapping first mol.:       15.54650       21.98607       38.08099
wrapping first mol.:       15.54650       21.98607       38.08099

 NSTEP =    12500   TIME(PS) =    1065.000  TEMP(K) =   295.08  PRESS =   298.9
 Etot   =    -19266.9924  EKtot   =      4708.3423  EPtot      =    -23975.3347
 BOND   =       153.7130  ANGLE   =       416.9941  DIHED      =       673.3526
 1-4 NB =       176.0853  1-4 EEL =      2516.8948  VDWAALS    =      3010.5393
 EELEC  =    -30962.3376  EHBOND  =         0.0000  RESTRAINT  =        39.4239
 EAMBER (non-restraint)  =    -24014.7586
 EKCMT  =      2070.0970  VIRIAL  =      1566.0427  VOLUME     =     78095.9019
                                                    Density    =         1.0226
 ------------------------------------------------------------------------------

wrapping first mol.:       15.56198       22.00797       38.11891
wrapping first mol.:       15.56198       22.00797       38.11891

 NSTEP =    13000   TIME(PS) =    1066.000  TEMP(K) =   292.64  PRESS =  -221.1
 Etot   =    -19314.1680  EKtot   =      4669.3604  EPtot      =    -23983.5284
 BOND   =       136.5412  ANGLE   =       410.1133  DIHED      =       685.6718
 1-4 NB =       182.8244  1-4 EEL =      2520.0391  VDWAALS    =      2986.6631
 EELEC  =    -30943.7718  EHBOND  =         0.0000  RESTRAINT  =        38.3906
 EAMBER (non-restraint)  =    -24021.9189
 EKCMT  =      2034.3287  VIRIAL  =      2408.2653  VOLUME     =     78333.0637
                                                    Density    =         1.0195
 ------------------------------------------------------------------------------

wrapping first mol.:       15.55367       21.99621       38.09856
wrapping first mol.:       15.55367       21.99621       38.09856

 NSTEP =    13500   TIME(PS) =    1067.000  TEMP(K) =   305.84  PRESS =  -478.5
 Etot   =    -19067.2054  EKtot   =      4880.0327  EPtot      =    -23947.2381
 BOND   =       154.7854  ANGLE   =       441.8508  DIHED      =       668.6317
 1-4 NB =       177.0979  1-4 EEL =      2489.2399  VDWAALS    =      2856.8358
 EELEC  =    -30781.8096  EHBOND  =         0.0000  RESTRAINT  =        46.1301
 EAMBER (non-restraint)  =    -23993.3681
 EKCMT  =      2106.8916  VIRIAL  =      2914.8818  VOLUME     =     78209.4246
                                                    Density    =         1.0211
 ------------------------------------------------------------------------------

wrapping first mol.:       15.52747       21.95915       38.03437
wrapping first mol.:       15.52747       21.95915       38.03437

 NSTEP =    14000   TIME(PS) =    1068.000  TEMP(K) =   295.84  PRESS =   186.9
 Etot   =    -19202.1064  EKtot   =      4720.4531  EPtot      =    -23922.5595
 BOND   =       178.5440  ANGLE   =       425.8709  DIHED      =       676.8790
 1-4 NB =       172.3277  1-4 EEL =      2495.0714  VDWAALS    =      3070.2941
 EELEC  =    -30984.4264  EHBOND  =         0.0000  RESTRAINT  =        42.8797
 EAMBER (non-restraint)  =    -23965.4392
 EKCMT  =      2118.3062  VIRIAL  =      1804.2532  VOLUME     =     77810.1548
                                                    Density    =         1.0264
 ------------------------------------------------------------------------------

wrapping first mol.:       15.52286       21.95263       38.02307
wrapping first mol.:       15.52286       21.95263       38.02307

 NSTEP =    14500   TIME(PS) =    1069.000  TEMP(K) =   295.02  PRESS =    86.4
 Etot   =    -19168.2799  EKtot   =      4707.3931  EPtot      =    -23875.6729
 BOND   =       142.4510  ANGLE   =       420.5838  DIHED      =       690.7912
 1-4 NB =       169.8100  1-4 EEL =      2480.6664  VDWAALS    =      2895.6658
 EELEC  =    -30711.8597  EHBOND  =         0.0000  RESTRAINT  =        36.2186
 EAMBER (non-restraint)  =    -23911.8915
 EKCMT  =      2092.8956  VIRIAL  =      1947.9372  VOLUME     =     77741.5593
                                                    Density    =         1.0273
 ------------------------------------------------------------------------------

wrapping first mol.:       15.53341       21.96756       38.04893
wrapping first mol.:       15.53341       21.96756       38.04893

 NSTEP =    15000   TIME(PS) =    1070.000  TEMP(K) =   296.16  PRESS =   -31.1
 Etot   =    -19142.6279  EKtot   =      4725.6045  EPtot      =    -23868.2324
 BOND   =       160.2470  ANGLE   =       384.8066  DIHED      =       694.0496
 1-4 NB =       173.4029  1-4 EEL =      2501.4081  VDWAALS    =      2928.6716
 EELEC  =    -30751.5309  EHBOND  =         0.0000  RESTRAINT  =        40.7128
 EAMBER (non-restraint)  =    -23908.9451
 EKCMT  =      2075.4948  VIRIAL  =      2127.7618  VOLUME     =     77901.0741
                                                    Density    =         1.0252
 ------------------------------------------------------------------------------

wrapping first mol.:       15.54140       21.97886       38.06849
wrapping first mol.:       15.54140       21.97886       38.06849

 NSTEP =    15500   TIME(PS) =    1071.000  TEMP(K) =   300.11  PRESS =   331.6
 Etot   =    -19128.2766  EKtot   =      4788.5439  EPtot      =    -23916.8205
 BOND   =       168.0988  ANGLE   =       445.5787  DIHED      =       686.4661
 1-4 NB =       164.7010  1-4 EEL =      2500.0445  VDWAALS    =      3066.2037
 EELEC  =    -30988.1752  EHBOND  =         0.0000  RESTRAINT  =        40.2619
 EAMBER (non-restraint)  =    -23957.0824
 EKCMT  =      2076.9736  VIRIAL  =      1518.3763  VOLUME     =     78018.7758
                                                    Density    =         1.0236
 ------------------------------------------------------------------------------

wrapping first mol.:       15.55275       21.99491       38.09630
wrapping first mol.:       15.55275       21.99491       38.09630

 NSTEP =    16000   TIME(PS) =    1072.000  TEMP(K) =   301.50  PRESS =   312.6
 Etot   =    -18924.7922  EKtot   =      4810.8428  EPtot      =    -23735.6350
 BOND   =       157.1556  ANGLE   =       425.8590  DIHED      =       681.8283
 1-4 NB =       176.7793  1-4 EEL =      2504.9263  VDWAALS    =      2873.4043
 EELEC  =    -30598.0919  EHBOND  =         0.0000  RESTRAINT  =        42.5041
 EAMBER (non-restraint)  =    -23778.1390
 EKCMT  =      2155.7281  VIRIAL  =      1628.0406  VOLUME     =     78189.9958
                                                    Density    =         1.0214
 ------------------------------------------------------------------------------

wrapping first mol.:       15.55168       21.99339       38.09366
wrapping first mol.:       15.55168       21.99339       38.09366

 NSTEP =    16500   TIME(PS) =    1073.000  TEMP(K) =   298.74  PRESS =    14.3
 Etot   =    -19173.1053  EKtot   =      4766.7212  EPtot      =    -23939.8265
 BOND   =       144.5340  ANGLE   =       414.2644  DIHED      =       687.6855
 1-4 NB =       178.5493  1-4 EEL =      2517.3209  VDWAALS    =      2994.4050
 EELEC  =    -30914.0090  EHBOND  =         0.0000  RESTRAINT  =        37.4233
 EAMBER (non-restraint)  =    -23977.2498
 EKCMT  =      2070.3666  VIRIAL  =      2046.3021  VOLUME     =     78175.8684
                                                    Density    =         1.0216
 ------------------------------------------------------------------------------

wrapping first mol.:       15.56638       22.01418       38.12967
wrapping first mol.:       15.56638       22.01418       38.12967

 NSTEP =    17000   TIME(PS) =    1074.000  TEMP(K) =   302.98  PRESS =   489.6
 Etot   =    -18887.8537  EKtot   =      4834.3989  EPtot      =    -23722.2526
 BOND   =       155.3613  ANGLE   =       416.3721  DIHED      =       692.0458
 1-4 NB =       170.6159  1-4 EEL =      2520.4716  VDWAALS    =      3024.6646
 EELEC  =    -30747.2617  EHBOND  =         0.0000  RESTRAINT  =        45.4777
 EAMBER (non-restraint)  =    -23767.7304
 EKCMT  =      2164.4180  VIRIAL  =      1335.7251  VOLUME     =     78394.4361
                                                    Density    =         1.0187
 ------------------------------------------------------------------------------

wrapping first mol.:       15.57642       22.02839       38.15428
wrapping first mol.:       15.57642       22.02839       38.15428

 NSTEP =    17500   TIME(PS) =    1075.000  TEMP(K) =   300.64  PRESS =  -242.7
 Etot   =    -18893.5833  EKtot   =      4797.1113  EPtot      =    -23690.6946
 BOND   =       136.3866  ANGLE   =       446.4152  DIHED      =       689.6677
 1-4 NB =       173.8443  1-4 EEL =      2511.1796  VDWAALS    =      2832.9063
 EELEC  =    -30522.2466  EHBOND  =         0.0000  RESTRAINT  =        41.1524
 EAMBER (non-restraint)  =    -23731.8470
 EKCMT  =      2105.4644  VIRIAL  =      2517.0712  VOLUME     =     78551.4464
                                                    Density    =         1.0167
 ------------------------------------------------------------------------------

wrapping first mol.:       15.56944       22.01851       38.13717
wrapping first mol.:       15.56944       22.01851       38.13717

 NSTEP =    18000   TIME(PS) =    1076.000  TEMP(K) =   298.50  PRESS =  -192.6
 Etot   =    -18999.8331  EKtot   =      4762.9277  EPtot      =    -23762.7608
 BOND   =       138.5514  ANGLE   =       412.4061  DIHED      =       695.7573
 1-4 NB =       180.0098  1-4 EEL =      2508.5101  VDWAALS    =      2841.9861
 EELEC  =    -30577.1382  EHBOND  =         0.0000  RESTRAINT  =        37.1565
 EAMBER (non-restraint)  =    -23799.9173
 EKCMT  =      2048.0132  VIRIAL  =      2374.2513  VOLUME     =     78445.4729
                                                    Density    =         1.0180
 ------------------------------------------------------------------------------

wrapping first mol.:       15.57089       22.02057       38.14074
wrapping first mol.:       15.57089       22.02057       38.14074

 NSTEP =    18500   TIME(PS) =    1077.000  TEMP(K) =   302.78  PRESS =  -310.3
 Etot   =    -18940.3431  EKtot   =      4831.2271  EPtot      =    -23771.5702
 BOND   =       150.3946  ANGLE   =       426.1678  DIHED      =       683.6519
 1-4 NB =       171.1520  1-4 EEL =      2521.3394  VDWAALS    =      2830.3201
 EELEC  =    -30591.9791  EHBOND  =         0.0000  RESTRAINT  =        37.3831
 EAMBER (non-restraint)  =    -23808.9533
 EKCMT  =      2110.3942  VIRIAL  =      2636.0502  VOLUME     =     78468.3309
                                                    Density    =         1.0177
 ------------------------------------------------------------------------------

wrapping first mol.:       15.56474       22.01187       38.12567
wrapping first mol.:       15.56474       22.01187       38.12567

 NSTEP =    19000   TIME(PS) =    1078.000  TEMP(K) =   299.19  PRESS =  -389.6
 Etot   =    -19084.3346  EKtot   =      4773.9839  EPtot      =    -23858.3184
 BOND   =       145.1529  ANGLE   =       427.4413  DIHED      =       688.2129
 1-4 NB =       166.2058  1-4 EEL =      2513.6905  VDWAALS    =      2881.5663
 EELEC  =    -30718.2326  EHBOND  =         0.0000  RESTRAINT  =        37.6445
 EAMBER (non-restraint)  =    -23895.9630
 EKCMT  =      2113.2905  VIRIAL  =      2772.5688  VOLUME     =     78375.9177
                                                    Density    =         1.0189
 ------------------------------------------------------------------------------

wrapping first mol.:       15.53952       21.97619       38.06388
wrapping first mol.:       15.53952       21.97619       38.06388

 NSTEP =    19500   TIME(PS) =    1079.000  TEMP(K) =   303.17  PRESS =  -420.8
 Etot   =    -19073.3378  EKtot   =      4837.3550  EPtot      =    -23910.6928
 BOND   =       154.5092  ANGLE   =       446.9195  DIHED      =       677.0065
 1-4 NB =       167.4412  1-4 EEL =      2504.0139  VDWAALS    =      2824.9286
 EELEC  =    -30722.8062  EHBOND  =         0.0000  RESTRAINT  =        37.2945
 EAMBER (non-restraint)  =    -23947.9873
 EKCMT  =      2116.4316  VIRIAL  =      2825.0393  VOLUME     =     77995.6768
                                                    Density    =         1.0239
 ------------------------------------------------------------------------------

wrapping first mol.:       15.53710       21.97278       38.05796
wrapping first mol.:       15.53710       21.97278       38.05796

 NSTEP =    20000   TIME(PS) =    1080.000  TEMP(K) =   297.26  PRESS =   145.8
 Etot   =    -19074.4660  EKtot   =      4743.0786  EPtot      =    -23817.5446
 BOND   =       156.7625  ANGLE   =       443.7548  DIHED      =       676.0774
 1-4 NB =       173.4137  1-4 EEL =      2503.7659  VDWAALS    =      2861.6740
 EELEC  =    -30674.8089  EHBOND  =         0.0000  RESTRAINT  =        41.8160
 EAMBER (non-restraint)  =    -23859.3607
 EKCMT  =      2088.0196  VIRIAL  =      1842.6304  VOLUME     =     77955.3500
                                                    Density    =         1.0244
 ------------------------------------------------------------------------------

wrapping first mol.:       15.54157       21.97910       38.06891
wrapping first mol.:       15.54157       21.97910       38.06891

 NSTEP =    20500   TIME(PS) =    1081.000  TEMP(K) =   297.46  PRESS =    89.0
 Etot   =    -19260.3925  EKtot   =      4746.2681  EPtot      =    -24006.6605
 BOND   =       151.3761  ANGLE   =       411.8173  DIHED      =       677.0264
 1-4 NB =       174.3831  1-4 EEL =      2510.0929  VDWAALS    =      2976.0083
 EELEC  =    -30950.6136  EHBOND  =         0.0000  RESTRAINT  =        43.2489
 EAMBER (non-restraint)  =    -24049.9094
 EKCMT  =      2092.2564  VIRIAL  =      1942.3241  VOLUME     =     78023.0318
                                                    Density    =         1.0236
 ------------------------------------------------------------------------------

wrapping first mol.:       15.55575       21.99916       38.10365
wrapping first mol.:       15.55575       21.99916       38.10365

 NSTEP =    21000   TIME(PS) =    1082.000  TEMP(K) =   304.95  PRESS =    74.0
 Etot   =    -18948.1285  EKtot   =      4865.8086  EPtot      =    -23813.9371
 BOND   =       152.2048  ANGLE   =       453.4038  DIHED      =       691.6321
 1-4 NB =       181.4779  1-4 EEL =      2520.2205  VDWAALS    =      2946.2280
 EELEC  =    -30793.0704  EHBOND  =         0.0000  RESTRAINT  =        33.9662
 EAMBER (non-restraint)  =    -23847.9033
 EKCMT  =      2194.7623  VIRIAL  =      2069.7895  VOLUME     =     78236.9578
                                                    Density    =         1.0208
 ------------------------------------------------------------------------------

wrapping first mol.:       15.56904       22.01795       38.13620
wrapping first mol.:       15.56904       22.01795       38.13620

 NSTEP =    21500   TIME(PS) =    1083.000  TEMP(K) =   297.89  PRESS =   -20.4
 Etot   =    -18993.0751  EKtot   =      4753.2358  EPtot      =    -23746.3110
 BOND   =       149.0459  ANGLE   =       430.1679  DIHED      =       686.9833
 1-4 NB =       181.7161  1-4 EEL =      2501.3201  VDWAALS    =      2887.7673
 EELEC  =    -30625.5445  EHBOND  =         0.0000  RESTRAINT  =        42.2330
 EAMBER (non-restraint)  =    -23788.5439
 EKCMT  =      2078.6319  VIRIAL  =      2113.2349  VOLUME     =     78438.2576
                                                    Density    =         1.0181
 ------------------------------------------------------------------------------

wrapping first mol.:       15.56514       22.01243       38.12665
wrapping first mol.:       15.56514       22.01243       38.12665

 NSTEP =    22000   TIME(PS) =    1084.000  TEMP(K) =   300.68  PRESS =  -196.5
 Etot   =    -19068.2705  EKtot   =      4797.7642  EPtot      =    -23866.0347
 BOND   =       146.3825  ANGLE   =       423.5486  DIHED      =       697.8292
 1-4 NB =       178.0664  1-4 EEL =      2508.0601  VDWAALS    =      2855.5070
 EELEC  =    -30722.2083  EHBOND  =         0.0000  RESTRAINT  =        46.7797
 EAMBER (non-restraint)  =    -23912.8144
 EKCMT  =      2141.4137  VIRIAL  =      2473.9664  VOLUME     =     78380.6012
                                                    Density    =         1.0189
 ------------------------------------------------------------------------------

wrapping first mol.:       15.55947       22.00441       38.11275
wrapping first mol.:       15.55947       22.00441       38.11275

 NSTEP =    22500   TIME(PS) =    1085.000  TEMP(K) =   302.85  PRESS =    75.0
 Etot   =    -19112.3699  EKtot   =      4832.2476  EPtot      =    -23944.6175
 BOND   =       142.0422  ANGLE   =       433.2822  DIHED      =       689.8030
 1-4 NB =       180.2269  1-4 EEL =      2488.9190  VDWAALS    =      2980.0641
 EELEC  =    -30898.3645  EHBOND  =         0.0000  RESTRAINT  =        39.4097
 EAMBER (non-restraint)  =    -23984.0272
 EKCMT  =      2147.7973  VIRIAL  =      2021.0879  VOLUME     =     78293.0173
                                                    Density    =         1.0200
 ------------------------------------------------------------------------------

wrapping first mol.:       15.57649       22.02848       38.15445
wrapping first mol.:       15.57649       22.02848       38.15445

 NSTEP =    23000   TIME(PS) =    1086.000  TEMP(K) =   300.19  PRESS =   197.3
 Etot   =    -19168.1287  EKtot   =      4789.8101  EPtot      =    -23957.9388
 BOND   =       124.3268  ANGLE   =       433.6559  DIHED      =       688.5323
 1-4 NB =       190.9577  1-4 EEL =      2510.0368  VDWAALS    =      3013.0448
 EELEC  =    -30968.7733  EHBOND  =         0.0000  RESTRAINT  =        50.2802
 EAMBER (non-restraint)  =    -24008.2189
 EKCMT  =      2096.9733  VIRIAL  =      1762.3482  VOLUME     =     78549.3897
                                                    Density    =         1.0167
 ------------------------------------------------------------------------------

wrapping first mol.:       15.58949       22.04687       38.18630
wrapping first mol.:       15.58949       22.04687       38.18630

 NSTEP =    23500   TIME(PS) =    1087.000  TEMP(K) =   303.13  PRESS =   115.2
 Etot   =    -18960.5869  EKtot   =      4836.7778  EPtot      =    -23797.3647
 BOND   =       153.5995  ANGLE   =       427.4406  DIHED      =       693.1600
 1-4 NB =       176.6384  1-4 EEL =      2498.0200  VDWAALS    =      2926.1749
 EELEC  =    -30710.1059  EHBOND  =         0.0000  RESTRAINT  =        37.7077
 EAMBER (non-restraint)  =    -23835.0724
 EKCMT  =      2140.4356  VIRIAL  =      1944.6468  VOLUME     =     78746.8564
                                                    Density    =         1.0141
 ------------------------------------------------------------------------------

wrapping first mol.:       15.55967       22.00470       38.11326
wrapping first mol.:       15.55967       22.00470       38.11326

 NSTEP =    24000   TIME(PS) =    1088.000  TEMP(K) =   296.10  PRESS =    72.8
 Etot   =    -19089.7081  EKtot   =      4724.6748  EPtot      =    -23814.3830
 BOND   =       158.5429  ANGLE   =       366.8233  DIHED      =       690.9640
 1-4 NB =       175.7887  1-4 EEL =      2492.2609  VDWAALS    =      2922.1686
 EELEC  =    -30655.2657  EHBOND  =         0.0000  RESTRAINT  =        34.3344
 EAMBER (non-restraint)  =    -23848.7174
 EKCMT  =      2084.0744  VIRIAL  =      1960.9768  VOLUME     =     78296.1306
                                                    Density    =         1.0200
 ------------------------------------------------------------------------------

wrapping first mol.:       15.56276       22.00906       38.12081
wrapping first mol.:       15.56276       22.00906       38.12081

 NSTEP =    24500   TIME(PS) =    1089.000  TEMP(K) =   297.42  PRESS =  -145.6
 Etot   =    -19136.8746  EKtot   =      4745.6240  EPtot      =    -23882.4986
 BOND   =       146.6117  ANGLE   =       420.0512  DIHED      =       694.1892
 1-4 NB =       177.0490  1-4 EEL =      2517.6400  VDWAALS    =      2941.1702
 EELEC  =    -30815.3951  EHBOND  =         0.0000  RESTRAINT  =        36.1853
 EAMBER (non-restraint)  =    -23918.6840
 EKCMT  =      2115.0718  VIRIAL  =      2361.2858  VOLUME     =     78344.2094
                                                    Density    =         1.0194
 ------------------------------------------------------------------------------

wrapping first mol.:       15.56117       22.00682       38.11692
wrapping first mol.:       15.56117       22.00682       38.11692

 NSTEP =    25000   TIME(PS) =    1090.000  TEMP(K) =   297.63  PRESS =   -78.0
 Etot   =    -19098.6720  EKtot   =      4748.9980  EPtot      =    -23847.6701
 BOND   =       142.5641  ANGLE   =       436.6317  DIHED      =       689.3594
 1-4 NB =       170.1227  1-4 EEL =      2511.0532  VDWAALS    =      2935.6779
 EELEC  =    -30771.2489  EHBOND  =         0.0000  RESTRAINT  =        38.1699
 EAMBER (non-restraint)  =    -23885.8399
 EKCMT  =      2057.1887  VIRIAL  =      2189.0131  VOLUME     =     78319.8017
                                                    Density    =         1.0197
 ------------------------------------------------------------------------------

wrapping first mol.:       15.53721       21.97293       38.05822
wrapping first mol.:       15.53721       21.97293       38.05822

 NSTEP =    25500   TIME(PS) =    1091.000  TEMP(K) =   302.22  PRESS =   -70.1
 Etot   =    -19078.3143  EKtot   =      4822.2607  EPtot      =    -23900.5751
 BOND   =       154.8153  ANGLE   =       411.8018  DIHED      =       686.2269
 1-4 NB =       170.7085  1-4 EEL =      2487.2699  VDWAALS    =      2866.9735
 EELEC  =    -30722.3068  EHBOND  =         0.0000  RESTRAINT  =        43.9358
 EAMBER (non-restraint)  =    -23944.5108
 EKCMT  =      2123.9655  VIRIAL  =      2241.9989  VOLUME     =     77958.4426
                                                    Density    =         1.0244
 ------------------------------------------------------------------------------

wrapping first mol.:       15.55599       21.99949       38.10422
wrapping first mol.:       15.55599       21.99949       38.10422

 NSTEP =    26000   TIME(PS) =    1092.000  TEMP(K) =   297.69  PRESS =   161.2
 Etot   =    -19154.1627  EKtot   =      4749.9199  EPtot      =    -23904.0827
 BOND   =       142.7262  ANGLE   =       446.9376  DIHED      =       699.7217
 1-4 NB =       168.1318  1-4 EEL =      2516.0117  VDWAALS    =      3011.5172
 EELEC  =    -30935.5890  EHBOND  =         0.0000  RESTRAINT  =        46.4601
 EAMBER (non-restraint)  =    -23950.5428
 EKCMT  =      2122.0045  VIRIAL  =      1849.6415  VOLUME     =     78239.8718
                                                    Density    =         1.0207
 ------------------------------------------------------------------------------

wrapping first mol.:       15.54507       21.98405       38.07749
wrapping first mol.:       15.54507       21.98405       38.07749

 NSTEP =    26500   TIME(PS) =    1093.000  TEMP(K) =   298.70  PRESS =  -153.8
 Etot   =    -19107.4135  EKtot   =      4766.0479  EPtot      =    -23873.4614
 BOND   =       157.8529  ANGLE   =       414.7866  DIHED      =       681.7112
 1-4 NB =       178.8680  1-4 EEL =      2511.7288  VDWAALS    =      2902.4103
 EELEC  =    -30759.5483  EHBOND  =         0.0000  RESTRAINT  =        38.7292
 EAMBER (non-restraint)  =    -23912.1906
 EKCMT  =      2139.4094  VIRIAL  =      2398.6784  VOLUME     =     78077.4760
                                                    Density    =         1.0228
 ------------------------------------------------------------------------------

wrapping first mol.:       15.56026       22.00553       38.11470
wrapping first mol.:       15.56026       22.00553       38.11470

 NSTEP =    27000   TIME(PS) =    1094.000  TEMP(K) =   299.14  PRESS =  -128.9
 Etot   =    -19105.7510  EKtot   =      4773.1318  EPtot      =    -23878.8828
 BOND   =       138.7273  ANGLE   =       399.6140  DIHED      =       699.7162
 1-4 NB =       173.0000  1-4 EEL =      2518.2673  VDWAALS    =      2888.2330
 EELEC  =    -30739.1163  EHBOND  =         0.0000  RESTRAINT  =        42.6757
 EAMBER (non-restraint)  =    -23921.5585
 EKCMT  =      2085.4293  VIRIAL  =      2303.3043  VOLUME     =     78306.4170
                                                    Density    =         1.0198
 ------------------------------------------------------------------------------

wrapping first mol.:       15.59241       22.05099       38.19344
wrapping first mol.:       15.59241       22.05099       38.19344

 NSTEP =    27500   TIME(PS) =    1095.000  TEMP(K) =   298.73  PRESS =    39.1
 Etot   =    -19062.2527  EKtot   =      4766.6191  EPtot      =    -23828.8718
 BOND   =       170.5619  ANGLE   =       424.9233  DIHED      =       688.9241
 1-4 NB =       164.8077  1-4 EEL =      2498.5789  VDWAALS    =      3042.5254
 EELEC  =    -30862.3101  EHBOND  =         0.0000  RESTRAINT  =        43.1171
 EAMBER (non-restraint)  =    -23871.9889
 EKCMT  =      2113.9916  VIRIAL  =      2047.4077  VOLUME     =     78791.5622
                                                    Density    =         1.0136
 ------------------------------------------------------------------------------

wrapping first mol.:       15.56608       22.01375       38.12894
wrapping first mol.:       15.56608       22.01375       38.12894

 NSTEP =    28000   TIME(PS) =    1096.000  TEMP(K) =   303.69  PRESS =   -83.2
 Etot   =    -19089.5381  EKtot   =      4845.7832  EPtot      =    -23935.3213
 BOND   =       150.5231  ANGLE   =       415.0942  DIHED      =       683.6424
 1-4 NB =       179.1080  1-4 EEL =      2520.6455  VDWAALS    =      2871.4132
 EELEC  =    -30795.0538  EHBOND  =         0.0000  RESTRAINT  =        39.3061
 EAMBER (non-restraint)  =    -23974.6273
 EKCMT  =      2125.7907  VIRIAL  =      2266.6596  VOLUME     =     78393.9187
                                                    Density    =         1.0187
 ------------------------------------------------------------------------------

wrapping first mol.:       15.57678       22.02889       38.15515
wrapping first mol.:       15.57678       22.02889       38.15515

 NSTEP =    28500   TIME(PS) =    1097.000  TEMP(K) =   304.39  PRESS =   152.0
 Etot   =    -18892.4118  EKtot   =      4856.8345  EPtot      =    -23749.2463
 BOND   =       151.4976  ANGLE   =       398.9205  DIHED      =       677.4578
 1-4 NB =       173.7521  1-4 EEL =      2502.5772  VDWAALS    =      2949.5935
 EELEC  =    -30644.0938  EHBOND  =         0.0000  RESTRAINT  =        41.0487
 EAMBER (non-restraint)  =    -23790.2950
 EKCMT  =      2111.1661  VIRIAL  =      1853.3187  VOLUME     =     78554.0762
                                                    Density    =         1.0166
 ------------------------------------------------------------------------------

wrapping first mol.:       15.55842       22.00293       38.11019
wrapping first mol.:       15.55842       22.00293       38.11019

 NSTEP =    29000   TIME(PS) =    1098.000  TEMP(K) =   299.87  PRESS =   142.4
 Etot   =    -19057.8851  EKtot   =      4784.7588  EPtot      =    -23842.6439
 BOND   =       156.8056  ANGLE   =       388.1695  DIHED      =       686.9301
 1-4 NB =       178.1811  1-4 EEL =      2524.4327  VDWAALS    =      3023.9922
 EELEC  =    -30850.2713  EHBOND  =         0.0000  RESTRAINT  =        49.1163
 EAMBER (non-restraint)  =    -23891.7602
 EKCMT  =      2096.7338  VIRIAL  =      1856.1367  VOLUME     =     78276.7811
                                                    Density    =         1.0202
 ------------------------------------------------------------------------------

wrapping first mol.:       15.55059       21.99186       38.09101
wrapping first mol.:       15.55059       21.99186       38.09101

 NSTEP =    29500   TIME(PS) =    1099.000  TEMP(K) =   305.01  PRESS =   264.3
 Etot   =    -18939.5475  EKtot   =      4866.8081  EPtot      =    -23806.3557
 BOND   =       153.8686  ANGLE   =       423.4209  DIHED      =       668.6030
 1-4 NB =       170.1515  1-4 EEL =      2519.3960  VDWAALS    =      2910.9353
 EELEC  =    -30693.6215  EHBOND  =         0.0000  RESTRAINT  =        40.8905
 EAMBER (non-restraint)  =    -23847.2462
 EKCMT  =      2160.9415  VIRIAL  =      1714.8732  VOLUME     =     78157.7795
                                                    Density    =         1.0218
 ------------------------------------------------------------------------------

wrapping first mol.:       15.54069       21.97786       38.06676
wrapping first mol.:       15.54069       21.97786       38.06676

 NSTEP =    30000   TIME(PS) =    1100.000  TEMP(K) =   304.90  PRESS =  -539.1
 Etot   =    -19042.8427  EKtot   =      4865.1094  EPtot      =    -23907.9520
 BOND   =       165.5268  ANGLE   =       385.9778  DIHED      =       702.1662
 1-4 NB =       169.4337  1-4 EEL =      2524.4708  VDWAALS    =      2721.5901
 EELEC  =    -30620.2805  EHBOND  =         0.0000  RESTRAINT  =        43.1629
 EAMBER (non-restraint)  =    -23951.1149
 EKCMT  =      2137.5569  VIRIAL  =      3045.6097  VOLUME     =     78014.1847
                                                    Density    =         1.0237
 ------------------------------------------------------------------------------

wrapping first mol.:       15.54989       21.99087       38.08929
wrapping first mol.:       15.54989       21.99087       38.08929

 NSTEP =    30500   TIME(PS) =    1101.000  TEMP(K) =   302.28  PRESS =  -125.1
 Etot   =    -19031.9519  EKtot   =      4823.1782  EPtot      =    -23855.1301
 BOND   =       142.6093  ANGLE   =       395.8143  DIHED      =       679.3123
 1-4 NB =       181.5798  1-4 EEL =      2525.9241  VDWAALS    =      2839.5691
 EELEC  =    -30660.2245  EHBOND  =         0.0000  RESTRAINT  =        40.2855
 EAMBER (non-restraint)  =    -23895.4156
 EKCMT  =      2095.7127  VIRIAL  =      2306.7746  VOLUME     =     78149.9369
                                                    Density    =         1.0219
 ------------------------------------------------------------------------------

wrapping first mol.:       15.55131       21.99288       38.09278
wrapping first mol.:       15.55131       21.99288       38.09278

 NSTEP =    31000   TIME(PS) =    1102.000  TEMP(K) =   295.94  PRESS =   275.4
 Etot   =    -19143.7210  EKtot   =      4722.0000  EPtot      =    -23865.7210
 BOND   =       164.4771  ANGLE   =       423.7760  DIHED      =       671.8047
 1-4 NB =       173.7445  1-4 EEL =      2520.5536  VDWAALS    =      2974.7372
 EELEC  =    -30842.8047  EHBOND  =         0.0000  RESTRAINT  =        47.9906
 EAMBER (non-restraint)  =    -23913.7116
 EKCMT  =      2081.9858  VIRIAL  =      1617.1917  VOLUME     =     78168.5801
                                                    Density    =         1.0216
 ------------------------------------------------------------------------------

wrapping first mol.:       15.54014       21.97708       38.06541
wrapping first mol.:       15.54014       21.97708       38.06541

 NSTEP =    31500   TIME(PS) =    1103.000  TEMP(K) =   301.87  PRESS =  -182.9
 Etot   =    -19066.7114  EKtot   =      4816.7485  EPtot      =    -23883.4599
 BOND   =       153.3871  ANGLE   =       429.6595  DIHED      =       677.7096
 1-4 NB =       175.1960  1-4 EEL =      2523.1370  VDWAALS    =      2999.5037
 EELEC  =    -30884.3692  EHBOND  =         0.0000  RESTRAINT  =        42.3163
 EAMBER (non-restraint)  =    -23925.7763
 EKCMT  =      2080.5617  VIRIAL  =      2388.6127  VOLUME     =     78003.4264
                                                    Density    =         1.0238
 ------------------------------------------------------------------------------

wrapping first mol.:       15.56111       22.00673       38.11677
wrapping first mol.:       15.56111       22.00673       38.11677

 NSTEP =    32000   TIME(PS) =    1104.000  TEMP(K) =   304.87  PRESS =    42.8
 Etot   =    -19099.0211  EKtot   =      4864.5796  EPtot      =    -23963.6007
 BOND   =       165.5654  ANGLE   =       406.4783  DIHED      =       681.5928
 1-4 NB =       174.3714  1-4 EEL =      2501.9890  VDWAALS    =      3090.3462
 EELEC  =    -31021.7668  EHBOND  =         0.0000  RESTRAINT  =        37.8231
 EAMBER (non-restraint)  =    -24001.4238
 EKCMT  =      2134.0777  VIRIAL  =      2061.7633  VOLUME     =     78318.0183
                                                    Density    =         1.0197
 ------------------------------------------------------------------------------

wrapping first mol.:       15.55841       22.00292       38.11017
wrapping first mol.:       15.55841       22.00292       38.11017

 NSTEP =    32500   TIME(PS) =    1105.000  TEMP(K) =   299.21  PRESS =    41.6
 Etot   =    -19076.7516  EKtot   =      4774.2969  EPtot      =    -23851.0484
 BOND   =       154.7412  ANGLE   =       422.4050  DIHED      =       683.1134
 1-4 NB =       170.7909  1-4 EEL =      2510.2224  VDWAALS    =      2848.4941
 EELEC  =    -30682.0085  EHBOND  =         0.0000  RESTRAINT  =        41.1931
 EAMBER (non-restraint)  =    -23892.2416
 EKCMT  =      2153.6968  VIRIAL  =      2083.4190  VOLUME     =     78277.3165
                                                    Density    =         1.0202
 ------------------------------------------------------------------------------

wrapping first mol.:       15.55485       21.99788       38.10144
wrapping first mol.:       15.55485       21.99788       38.10144

 NSTEP =    33000   TIME(PS) =    1106.000  TEMP(K) =   299.86  PRESS =   101.0
 Etot   =    -19099.0006  EKtot   =      4784.6880  EPtot      =    -23883.6886
 BOND   =       150.7771  ANGLE   =       405.9405  DIHED      =       688.1521
 1-4 NB =       174.0654  1-4 EEL =      2521.1504  VDWAALS    =      2892.4306
 EELEC  =    -30753.6075  EHBOND  =         0.0000  RESTRAINT  =        37.4029
 EAMBER (non-restraint)  =    -23921.0915
 EKCMT  =      2098.0912  VIRIAL  =      1927.5315  VOLUME     =     78223.1380
                                                    Density    =         1.0209
 ------------------------------------------------------------------------------

wrapping first mol.:       15.54143       21.97890       38.06857
wrapping first mol.:       15.54143       21.97890       38.06857

 NSTEP =    33500   TIME(PS) =    1107.000  TEMP(K) =   298.16  PRESS =   -91.3
 Etot   =    -19092.2081  EKtot   =      4757.4438  EPtot      =    -23849.6519
 BOND   =       149.5965  ANGLE   =       386.2440  DIHED      =       683.1260
 1-4 NB =       171.6537  1-4 EEL =      2508.9363  VDWAALS    =      2862.2906
 EELEC  =    -30648.5521  EHBOND  =         0.0000  RESTRAINT  =        37.0531
 EAMBER (non-restraint)  =    -23886.7050
 EKCMT  =      2117.9473  VIRIAL  =      2271.7851  VOLUME     =     78022.2009
                                                    Density    =         1.0236
 ------------------------------------------------------------------------------

wrapping first mol.:       15.55072       21.99203       38.09131
wrapping first mol.:       15.55072       21.99203       38.09131

 NSTEP =    34000   TIME(PS) =    1108.000  TEMP(K) =   297.71  PRESS =    84.5
 Etot   =    -19109.6246  EKtot   =      4750.2793  EPtot      =    -23859.9039
 BOND   =       137.8468  ANGLE   =       421.7077  DIHED      =       685.9042
 1-4 NB =       179.3555  1-4 EEL =      2484.2395  VDWAALS    =      2961.9530
 EELEC  =    -30766.6327  EHBOND  =         0.0000  RESTRAINT  =        35.7221
 EAMBER (non-restraint)  =    -23895.6260
 EKCMT  =      2100.1320  VIRIAL  =      1957.4755  VOLUME     =     78160.9059
                                                    Density    =         1.0217
 ------------------------------------------------------------------------------

wrapping first mol.:       15.56638       22.01419       38.12969
wrapping first mol.:       15.56638       22.01419       38.12969

 NSTEP =    34500   TIME(PS) =    1109.000  TEMP(K) =   295.49  PRESS =   403.3
 Etot   =    -19131.0348  EKtot   =      4714.9131  EPtot      =    -23845.9479
 BOND   =       148.8260  ANGLE   =       390.5184  DIHED      =       679.0697
 1-4 NB =       164.6971  1-4 EEL =      2503.1484  VDWAALS    =      2892.1639
 EELEC  =    -30659.8774  EHBOND  =         0.0000  RESTRAINT  =        35.5061
 EAMBER (non-restraint)  =    -23881.4539
 EKCMT  =      2114.0956  VIRIAL  =      1431.4257  VOLUME     =     78395.1582
                                                    Density    =         1.0187
 ------------------------------------------------------------------------------

wrapping first mol.:       15.57758       22.03002       38.15711
wrapping first mol.:       15.57758       22.03002       38.15711

 NSTEP =    35000   TIME(PS) =    1110.000  TEMP(K) =   299.41  PRESS =   419.5
 Etot   =    -19099.6786  EKtot   =      4777.4204  EPtot      =    -23877.0990
 BOND   =       152.5707  ANGLE   =       417.8871  DIHED      =       683.6684
 1-4 NB =       170.5948  1-4 EEL =      2513.0668  VDWAALS    =      2990.1555
 EELEC  =    -30846.6361  EHBOND  =         0.0000  RESTRAINT  =        41.5939
 EAMBER (non-restraint)  =    -23918.6929
 EKCMT  =      2109.2799  VIRIAL  =      1397.6026  VOLUME     =     78564.2699
                                                    Density    =         1.0165
 ------------------------------------------------------------------------------

wrapping first mol.:       15.57814       22.03082       38.15850
wrapping first mol.:       15.57814       22.03082       38.15850

 NSTEP =    35500   TIME(PS) =    1111.000  TEMP(K) =   305.43  PRESS =  -147.1
 Etot   =    -19006.6890  EKtot   =      4873.5234  EPtot      =    -23880.2124
 BOND   =       144.3112  ANGLE   =       407.5382  DIHED      =       668.0429
 1-4 NB =       172.8833  1-4 EEL =      2514.4873  VDWAALS    =      2880.6172
 EELEC  =    -30707.5141  EHBOND  =         0.0000  RESTRAINT  =        39.4216
 EAMBER (non-restraint)  =    -23919.6340
 EKCMT  =      2119.0855  VIRIAL  =      2368.6126  VOLUME     =     78576.8205
                                                    Density    =         1.0163
 ------------------------------------------------------------------------------

wrapping first mol.:       15.56379       22.01052       38.12334
wrapping first mol.:       15.56379       22.01052       38.12334

 NSTEP =    36000   TIME(PS) =    1112.000  TEMP(K) =   303.06  PRESS =   346.9
 Etot   =    -18890.1893  EKtot   =      4835.7520  EPtot      =    -23725.9413
 BOND   =       165.9114  ANGLE   =       417.2750  DIHED      =       689.8660
 1-4 NB =       177.4373  1-4 EEL =      2503.9613  VDWAALS    =      2996.6817
 EELEC  =    -30715.0084  EHBOND  =         0.0000  RESTRAINT  =        37.9346
 EAMBER (non-restraint)  =    -23763.8758
 EKCMT  =      2114.8402  VIRIAL  =      1527.9067  VOLUME     =     78356.3800
                                                    Density    =         1.0192
 ------------------------------------------------------------------------------

wrapping first mol.:       15.57146       22.02136       38.14212
wrapping first mol.:       15.57146       22.02136       38.14212

 NSTEP =    36500   TIME(PS) =    1113.000  TEMP(K) =   297.89  PRESS =   212.3
 Etot   =    -19007.1752  EKtot   =      4753.2578  EPtot      =    -23760.4330
 BOND   =       135.1012  ANGLE   =       440.3741  DIHED      =       666.0301
 1-4 NB =       170.9395  1-4 EEL =      2507.8551  VDWAALS    =      3009.8243
 EELEC  =    -30727.2182  EHBOND  =         0.0000  RESTRAINT  =        36.6609
 EAMBER (non-restraint)  =    -23797.0939
 EKCMT  =      2060.3269  VIRIAL  =      1700.5759  VOLUME     =     78473.1577
                                                    Density    =         1.0177
 ------------------------------------------------------------------------------

wrapping first mol.:       15.54738       21.98731       38.08314
wrapping first mol.:       15.54738       21.98731       38.08314

 NSTEP =    37000   TIME(PS) =    1114.000  TEMP(K) =   303.98  PRESS =   -20.8
 Etot   =    -19074.0332  EKtot   =      4850.3838  EPtot      =    -23924.4169
 BOND   =       157.1906  ANGLE   =       408.4545  DIHED      =       685.5866
 1-4 NB =       170.8540  1-4 EEL =      2495.4768  VDWAALS    =      2911.1696
 EELEC  =    -30795.1046  EHBOND  =         0.0000  RESTRAINT  =        41.9556
 EAMBER (non-restraint)  =    -23966.3725
 EKCMT  =      2207.6986  VIRIAL  =      2242.7312  VOLUME     =     78111.3188
                                                    Density    =         1.0224
 ------------------------------------------------------------------------------

wrapping first mol.:       15.54475       21.98359       38.07670
wrapping first mol.:       15.54475       21.98359       38.07670

 NSTEP =    37500   TIME(PS) =    1115.000  TEMP(K) =   304.88  PRESS =  -171.6
 Etot   =    -19019.5165  EKtot   =      4864.6909  EPtot      =    -23884.2074
 BOND   =       152.0558  ANGLE   =       426.0002  DIHED      =       679.4586
 1-4 NB =       184.1605  1-4 EEL =      2496.7899  VDWAALS    =      2830.4631
 EELEC  =    -30697.7649  EHBOND  =         0.0000  RESTRAINT  =        44.6295
 EAMBER (non-restraint)  =    -23928.8370
 EKCMT  =      2184.2893  VIRIAL  =      2473.5101  VOLUME     =     78072.7499
                                                    Density    =         1.0229
 ------------------------------------------------------------------------------

wrapping first mol.:       15.55107       21.99253       38.09218
wrapping first mol.:       15.55107       21.99253       38.09218

 NSTEP =    38000   TIME(PS) =    1116.000  TEMP(K) =   302.52  PRESS =  -208.0
 Etot   =    -18991.4399  EKtot   =      4827.0415  EPtot      =    -23818.4814
 BOND   =       147.7357  ANGLE   =       413.7186  DIHED      =       681.8940
 1-4 NB =       177.0083  1-4 EEL =      2490.1320  VDWAALS    =      2816.3830
 EELEC  =    -30585.5976  EHBOND  =         0.0000  RESTRAINT  =        40.2446
 EAMBER (non-restraint)  =    -23858.7260
 EKCMT  =      2132.0341  VIRIAL  =      2483.1692  VOLUME     =     78168.2491
                                                    Density    =         1.0217
 ------------------------------------------------------------------------------

wrapping first mol.:       15.52472       21.95526       38.02763
wrapping first mol.:       15.52472       21.95526       38.02763

 NSTEP =    38500   TIME(PS) =    1117.000  TEMP(K) =   297.83  PRESS =   324.5
 Etot   =    -19088.5938  EKtot   =      4752.2271  EPtot      =    -23840.8208
 BOND   =       161.4060  ANGLE   =       426.5931  DIHED      =       675.4759
 1-4 NB =       169.5863  1-4 EEL =      2508.2550  VDWAALS    =      2987.8363
 EELEC  =    -30813.8989  EHBOND  =         0.0000  RESTRAINT  =        43.9255
 EAMBER (non-restraint)  =    -23884.7463
 EKCMT  =      2061.2114  VIRIAL  =      1516.4131  VOLUME     =     77767.8618
                                                    Density    =         1.0269
 ------------------------------------------------------------------------------

wrapping first mol.:       15.52611       21.95724       38.03105
wrapping first mol.:       15.52611       21.95724       38.03105

 NSTEP =    39000   TIME(PS) =    1118.000  TEMP(K) =   305.10  PRESS =   186.2
 Etot   =    -19086.5025  EKtot   =      4868.2964  EPtot      =    -23954.7989
 BOND   =       144.3300  ANGLE   =       413.7143  DIHED      =       685.0677
 1-4 NB =       180.0893  1-4 EEL =      2477.6978  VDWAALS    =      2984.7224
 EELEC  =    -30887.1186  EHBOND  =         0.0000  RESTRAINT  =        46.6984
 EAMBER (non-restraint)  =    -24001.4972
 EKCMT  =      2129.5630  VIRIAL  =      1816.8571  VOLUME     =     77789.8286
                                                    Density    =         1.0266
 ------------------------------------------------------------------------------

wrapping first mol.:       15.53347       21.96765       38.04908
wrapping first mol.:       15.53347       21.96765       38.04908

 NSTEP =    39500   TIME(PS) =    1119.000  TEMP(K) =   297.22  PRESS =   373.5
 Etot   =    -19205.9835  EKtot   =      4742.4663  EPtot      =    -23948.4498
 BOND   =       145.8272  ANGLE   =       437.0599  DIHED      =       679.6659
 1-4 NB =       174.8865  1-4 EEL =      2497.4920  VDWAALS    =      3071.0737
 EELEC  =    -31000.6170  EHBOND  =         0.0000  RESTRAINT  =        46.1619
 EAMBER (non-restraint)  =    -23994.6117
 EKCMT  =      2089.5956  VIRIAL  =      1461.3515  VOLUME     =     77899.1880
                                                    Density    =         1.0252
 ------------------------------------------------------------------------------

wrapping first mol.:       15.54755       21.98756       38.08356
wrapping first mol.:       15.54755       21.98756       38.08356

 NSTEP =    40000   TIME(PS) =    1120.000  TEMP(K) =   299.18  PRESS =   620.8
 Etot   =    -19122.2175  EKtot   =      4773.8008  EPtot      =    -23896.0183
 BOND   =       148.5877  ANGLE   =       381.5154  DIHED      =       676.8168
 1-4 NB =       174.4271  1-4 EEL =      2487.4496  VDWAALS    =      2992.9712
 EELEC  =    -30802.5600  EHBOND  =         0.0000  RESTRAINT  =        44.7739
 EAMBER (non-restraint)  =    -23940.7922
 EKCMT  =      2077.0801  VIRIAL  =      1030.1407  VOLUME     =     78109.4681
                                                    Density    =         1.0224
 ------------------------------------------------------------------------------

wrapping first mol.:       15.54499       21.98393       38.07729
wrapping first mol.:       15.54499       21.98393       38.07729

 NSTEP =    40500   TIME(PS) =    1121.000  TEMP(K) =   299.08  PRESS =    56.8
 Etot   =    -19079.3416  EKtot   =      4772.1606  EPtot      =    -23851.5023
 BOND   =       149.2842  ANGLE   =       412.2917  DIHED      =       686.0584
 1-4 NB =       175.0554  1-4 EEL =      2520.3638  VDWAALS    =      2971.6066
 EELEC  =    -30814.5930  EHBOND  =         0.0000  RESTRAINT  =        48.4308
 EAMBER (non-restraint)  =    -23899.9330
 EKCMT  =      2089.4005  VIRIAL  =      1993.6299  VOLUME     =     78074.7963
                                                    Density    =         1.0229
 ------------------------------------------------------------------------------

wrapping first mol.:       15.54292       21.98101       38.07223
wrapping first mol.:       15.54292       21.98101       38.07223

 NSTEP =    41000   TIME(PS) =    1122.000  TEMP(K) =   300.53  PRESS =    88.0
 Etot   =    -18941.2111  EKtot   =      4795.3823  EPtot      =    -23736.5934
 BOND   =       135.8134  ANGLE   =       419.3389  DIHED      =       696.1353
 1-4 NB =       180.2963  1-4 EEL =      2506.2007  VDWAALS    =      2875.0309
 EELEC  =    -30597.0874  EHBOND  =         0.0000  RESTRAINT  =        47.6785
 EAMBER (non-restraint)  =    -23784.2719
 EKCMT  =      2097.9282  VIRIAL  =      1949.7031  VOLUME     =     78043.4663
                                                    Density    =         1.0233
 ------------------------------------------------------------------------------

wrapping first mol.:       15.53231       21.96600       38.04623
wrapping first mol.:       15.53231       21.96600       38.04623

 NSTEP =    41500   TIME(PS) =    1123.000  TEMP(K) =   299.48  PRESS =   173.5
 Etot   =    -19093.0503  EKtot   =      4778.5757  EPtot      =    -23871.6260
 BOND   =       167.5344  ANGLE   =       408.6900  DIHED      =       691.7293
 1-4 NB =       170.2376  1-4 EEL =      2483.3762  VDWAALS    =      2935.7429
 EELEC  =    -30777.3298  EHBOND  =         0.0000  RESTRAINT  =        48.3935
 EAMBER (non-restraint)  =    -23920.0194
 EKCMT  =      2110.3493  VIRIAL  =      1818.6637  VOLUME     =     77883.0872
                                                    Density    =         1.0254
 ------------------------------------------------------------------------------

wrapping first mol.:       15.52413       21.95444       38.02620
wrapping first mol.:       15.52413       21.95444       38.02620

 NSTEP =    42000   TIME(PS) =    1124.000  TEMP(K) =   302.40  PRESS =   -83.9
 Etot   =    -19107.7715  EKtot   =      4825.1514  EPtot      =    -23932.9229
 BOND   =       134.2852  ANGLE   =       421.9458  DIHED      =       685.4984
 1-4 NB =       169.2067  1-4 EEL =      2497.9638  VDWAALS    =      2883.0345
 EELEC  =    -30766.2425  EHBOND  =         0.0000  RESTRAINT  =        41.3852
 EAMBER (non-restraint)  =    -23974.3081
 EKCMT  =      2104.4614  VIRIAL  =      2245.3032  VOLUME     =     77761.9464
                                                    Density    =         1.0270
 ------------------------------------------------------------------------------

wrapping first mol.:       15.51616       21.94316       38.00666
wrapping first mol.:       15.51616       21.94316       38.00666

 NSTEP =    42500   TIME(PS) =    1125.000  TEMP(K) =   303.16  PRESS =  -307.5
 Etot   =    -19260.2337  EKtot   =      4837.2417  EPtot      =    -24097.4754
 BOND   =       147.4693  ANGLE   =       403.8606  DIHED      =       691.3775
 1-4 NB =       164.1754  1-4 EEL =      2476.8058  VDWAALS    =      2914.4064
 EELEC  =    -30935.1407  EHBOND  =         0.0000  RESTRAINT  =        39.5704
 EAMBER (non-restraint)  =    -24137.0458
 EKCMT  =      2128.8714  VIRIAL  =      2644.3821  VOLUME     =     77643.6547
                                                    Density    =         1.0286
 ------------------------------------------------------------------------------

wrapping first mol.:       15.52615       21.95729       38.03113
wrapping first mol.:       15.52615       21.95729       38.03113

 NSTEP =    43000   TIME(PS) =    1126.000  TEMP(K) =   299.36  PRESS =   367.5
 Etot   =    -19110.5485  EKtot   =      4776.6182  EPtot      =    -23887.1667
 BOND   =       132.0300  ANGLE   =       418.5082  DIHED      =       695.8575
 1-4 NB =       179.0746  1-4 EEL =      2507.6978  VDWAALS    =      2959.6540
 EELEC  =    -30824.2151  EHBOND  =         0.0000  RESTRAINT  =        44.2263
 EAMBER (non-restraint)  =    -23931.3929
 EKCMT  =      2095.3049  VIRIAL  =      1477.9956  VOLUME     =     77789.0524
                                                    Density    =         1.0266
 ------------------------------------------------------------------------------

wrapping first mol.:       15.53239       21.96611       38.04642
wrapping first mol.:       15.53239       21.96611       38.04642

 NSTEP =    43500   TIME(PS) =    1127.000  TEMP(K) =   304.69  PRESS =  -249.9
 Etot   =    -18957.8001  EKtot   =      4861.6860  EPtot      =    -23819.4861
 BOND   =       155.7752  ANGLE   =       421.0847  DIHED      =       688.9115
 1-4 NB =       174.8149  1-4 EEL =      2509.2807  VDWAALS    =      2834.8319
 EELEC  =    -30650.1601  EHBOND  =         0.0000  RESTRAINT  =        45.9750
 EAMBER (non-restraint)  =    -23865.4611
 EKCMT  =      2161.9902  VIRIAL  =      2582.2276  VOLUME     =     77887.1708
                                                    Density    =         1.0253
 ------------------------------------------------------------------------------

wrapping first mol.:       15.54931       21.99004       38.08786
wrapping first mol.:       15.54931       21.99004       38.08786

 NSTEP =    44000   TIME(PS) =    1128.000  TEMP(K) =   298.42  PRESS =  -306.8
 Etot   =    -19073.4153  EKtot   =      4761.5698  EPtot      =    -23834.9852
 BOND   =       157.0377  ANGLE   =       428.4224  DIHED      =       684.5793
 1-4 NB =       176.1931  1-4 EEL =      2474.1332  VDWAALS    =      2809.7496
 EELEC  =    -30610.9343  EHBOND  =         0.0000  RESTRAINT  =        45.8338
 EAMBER (non-restraint)  =    -23880.8189
 EKCMT  =      2092.1525  VIRIAL  =      2609.7701  VOLUME     =     78142.3843
                                                    Density    =         1.0220
 ------------------------------------------------------------------------------

wrapping first mol.:       15.55604       21.99956       38.10434
wrapping first mol.:       15.55604       21.99956       38.10434

 NSTEP =    44500   TIME(PS) =    1129.000  TEMP(K) =   302.33  PRESS =   -51.2
 Etot   =    -19041.1843  EKtot   =      4824.0459  EPtot      =    -23865.2302
 BOND   =       162.7532  ANGLE   =       403.4320  DIHED      =       676.4524
 1-4 NB =       179.0141  1-4 EEL =      2504.3399  VDWAALS    =      2896.5796
 EELEC  =    -30728.6233  EHBOND  =         0.0000  RESTRAINT  =        40.8219
 EAMBER (non-restraint)  =    -23906.0521
 EKCMT  =      2143.4331  VIRIAL  =      2229.8456  VOLUME     =     78242.0966
                                                    Density    =         1.0207
 ------------------------------------------------------------------------------

wrapping first mol.:       15.55741       22.00150       38.10772
wrapping first mol.:       15.55741       22.00150       38.10772

 NSTEP =    45000   TIME(PS) =    1130.000  TEMP(K) =   297.64  PRESS =  -261.3
 Etot   =    -19115.3450  EKtot   =      4749.2471  EPtot      =    -23864.5921
 BOND   =       138.7350  ANGLE   =       426.5503  DIHED      =       677.5287
 1-4 NB =       176.9028  1-4 EEL =      2485.3318  VDWAALS    =      2838.1325
 EELEC  =    -30642.9835  EHBOND  =         0.0000  RESTRAINT  =        35.2102
 EAMBER (non-restraint)  =    -23899.8023
 EKCMT  =      2083.2018  VIRIAL  =      2524.8000  VOLUME     =     78264.3405
                                                    Density    =         1.0204
 ------------------------------------------------------------------------------

wrapping first mol.:       15.53794       21.97396       38.06001
wrapping first mol.:       15.53794       21.97396       38.06001

 NSTEP =    45500   TIME(PS) =    1131.000  TEMP(K) =   298.21  PRESS =   117.1
 Etot   =    -19170.2071  EKtot   =      4758.3481  EPtot      =    -23928.5552
 BOND   =       154.7583  ANGLE   =       413.9741  DIHED      =       686.2093
 1-4 NB =       172.5429  1-4 EEL =      2507.4754  VDWAALS    =      2992.2048
 EELEC  =    -30898.5567  EHBOND  =         0.0000  RESTRAINT  =        42.8367
 EAMBER (non-restraint)  =    -23971.3919
 EKCMT  =      2141.0288  VIRIAL  =      1943.8798  VOLUME     =     77968.1419
                                                    Density    =         1.0243
 ------------------------------------------------------------------------------

wrapping first mol.:       15.54735       21.98728       38.08308
wrapping first mol.:       15.54735       21.98728       38.08308

 NSTEP =    46000   TIME(PS) =    1132.000  TEMP(K) =   299.20  PRESS =   -50.9
 Etot   =    -19059.2556  EKtot   =      4774.1260  EPtot      =    -23833.3816
 BOND   =       137.1021  ANGLE   =       431.1810  DIHED      =       683.7003
 1-4 NB =       169.3151  1-4 EEL =      2503.6383  VDWAALS    =      2854.8308
 EELEC  =    -30652.5827  EHBOND  =         0.0000  RESTRAINT  =        39.4335
 EAMBER (non-restraint)  =    -23872.8151
 EKCMT  =      2084.2359  VIRIAL  =      2170.0732  VOLUME     =     78111.1735
                                                    Density    =         1.0224
 ------------------------------------------------------------------------------

wrapping first mol.:       15.52969       21.96230       38.03981
wrapping first mol.:       15.52969       21.96230       38.03981

 NSTEP =    46500   TIME(PS) =    1133.000  TEMP(K) =   303.52  PRESS =    42.4
 Etot   =    -18939.4320  EKtot   =      4842.9609  EPtot      =    -23782.3929
 BOND   =       141.6541  ANGLE   =       422.9073  DIHED      =       680.6666
 1-4 NB =       184.7257  1-4 EEL =      2511.6604  VDWAALS    =      2924.8119
 EELEC  =    -30691.3820  EHBOND  =         0.0000  RESTRAINT  =        42.5632
 EAMBER (non-restraint)  =    -23824.9561
 EKCMT  =      2113.8748  VIRIAL  =      2042.6040  VOLUME     =     77844.5752
                                                    Density    =         1.0259
 ------------------------------------------------------------------------------

wrapping first mol.:       15.52417       21.95449       38.02629
wrapping first mol.:       15.52417       21.95449       38.02629

 NSTEP =    47000   TIME(PS) =    1134.000  TEMP(K) =   302.73  PRESS =   243.4
 Etot   =    -19122.2310  EKtot   =      4830.3359  EPtot      =    -23952.5670
 BOND   =       146.3531  ANGLE   =       425.1832  DIHED      =       687.2648
 1-4 NB =       171.5051  1-4 EEL =      2502.8994  VDWAALS    =      2931.3638
 EELEC  =    -30856.9155  EHBOND  =         0.0000  RESTRAINT  =        39.7791
 EAMBER (non-restraint)  =    -23992.3461
 EKCMT  =      2108.6662  VIRIAL  =      1700.0359  VOLUME     =     77760.2095
                                                    Density    =         1.0270
 ------------------------------------------------------------------------------

wrapping first mol.:       15.52084       21.94979       38.01814
wrapping first mol.:       15.52084       21.94979       38.01814

 NSTEP =    47500   TIME(PS) =    1135.000  TEMP(K) =   295.72  PRESS =  -209.4
 Etot   =    -19225.3705  EKtot   =      4718.5308  EPtot      =    -23943.9013
 BOND   =       162.3304  ANGLE   =       411.7844  DIHED      =       678.7353
 1-4 NB =       176.9975  1-4 EEL =      2500.5418  VDWAALS    =      2908.5179
 EELEC  =    -30828.7828  EHBOND  =         0.0000  RESTRAINT  =        45.9741
 EAMBER (non-restraint)  =    -23989.8754
 EKCMT  =      2091.8215  VIRIAL  =      2443.1747  VOLUME     =     77713.3709
                                                    Density    =         1.0276
 ------------------------------------------------------------------------------

wrapping first mol.:       15.51190       21.93714       37.99624
wrapping first mol.:       15.51190       21.93714       37.99624

 NSTEP =    48000   TIME(PS) =    1136.000  TEMP(K) =   299.32  PRESS =   293.9
 Etot   =    -19263.0992  EKtot   =      4775.9678  EPtot      =    -24039.0669
 BOND   =       148.6295  ANGLE   =       397.1530  DIHED      =       678.2699
 1-4 NB =       180.8209  1-4 EEL =      2507.8330  VDWAALS    =      2978.2423
 EELEC  =    -30966.0255  EHBOND  =         0.0000  RESTRAINT  =        36.0100
 EAMBER (non-restraint)  =    -24075.0770
 EKCMT  =      2083.7908  VIRIAL  =      1591.5635  VOLUME     =     77575.6699
                                                    Density    =         1.0295
 ------------------------------------------------------------------------------

wrapping first mol.:       15.54567       21.98490       38.07895
wrapping first mol.:       15.54567       21.98490       38.07895

 NSTEP =    48500   TIME(PS) =    1137.000  TEMP(K) =   300.72  PRESS =   298.8
 Etot   =    -19159.9110  EKtot   =      4798.2891  EPtot      =    -23958.2001
 BOND   =       156.6532  ANGLE   =       440.4525  DIHED      =       684.1796
 1-4 NB =       163.9776  1-4 EEL =      2462.6500  VDWAALS    =      2950.7669
 EELEC  =    -30862.0202  EHBOND  =         0.0000  RESTRAINT  =        45.1403
 EAMBER (non-restraint)  =    -24003.3404
 EKCMT  =      2121.9641  VIRIAL  =      1618.1649  VOLUME     =     78083.3552
                                                    Density    =         1.0228
 ------------------------------------------------------------------------------

wrapping first mol.:       15.55344       21.99588       38.09798
wrapping first mol.:       15.55344       21.99588       38.09798

 NSTEP =    49000   TIME(PS) =    1138.000  TEMP(K) =   295.81  PRESS =   321.2
 Etot   =    -19242.2475  EKtot   =      4720.0620  EPtot      =    -23962.3095
 BOND   =       134.7030  ANGLE   =       427.9023  DIHED      =       682.6853
 1-4 NB =       171.3389  1-4 EEL =      2505.1177  VDWAALS    =      3013.0645
 EELEC  =    -30936.1688  EHBOND  =         0.0000  RESTRAINT  =        39.0476
 EAMBER (non-restraint)  =    -24001.3571
 EKCMT  =      2112.0261  VIRIAL  =      1569.6254  VOLUME     =     78200.2692
                                                    Density    =         1.0212
 ------------------------------------------------------------------------------

wrapping first mol.:       15.53174       21.96520       38.04484
wrapping first mol.:       15.53174       21.96520       38.04484

 NSTEP =    49500   TIME(PS) =    1139.000  TEMP(K) =   298.60  PRESS =  -135.9
 Etot   =    -19145.4004  EKtot   =      4764.5679  EPtot      =    -23909.9683
 BOND   =       150.3609  ANGLE   =       416.2455  DIHED      =       676.7427
 1-4 NB =       169.2209  1-4 EEL =      2489.0210  VDWAALS    =      2918.9187
 EELEC  =    -30775.2097  EHBOND  =         0.0000  RESTRAINT  =        44.7318
 EAMBER (non-restraint)  =    -23954.7001
 EKCMT  =      2114.5972  VIRIAL  =      2343.1593  VOLUME     =     77876.6718
                                                    Density    =         1.0255
 ------------------------------------------------------------------------------

wrapping first mol.:       15.55353       21.99602       38.09822
wrapping first mol.:       15.55353       21.99602       38.09822

 NSTEP =    50000   TIME(PS) =    1140.000  TEMP(K) =   298.94  PRESS =   316.0
 Etot   =    -19079.7606  EKtot   =      4769.8721  EPtot      =    -23849.6327
 BOND   =       141.3778  ANGLE   =       436.4036  DIHED      =       696.7732
 1-4 NB =       164.2998  1-4 EEL =      2461.4624  VDWAALS    =      2951.0316
 EELEC  =    -30733.1697  EHBOND  =         0.0000  RESTRAINT  =        32.1885
 EAMBER (non-restraint)  =    -23881.8213
 EKCMT  =      2084.2416  VIRIAL  =      1550.7487  VOLUME     =     78201.7885
                                                    Density    =         1.0212
 ------------------------------------------------------------------------------


      A V E R A G E S   O V E R     100 S T E P S


 NSTEP =    50000   TIME(PS) =    1140.000  TEMP(K) =   300.10  PRESS =    21.9
 Etot   =    -19079.6976  EKtot   =      4788.4493  EPtot      =    -23868.1469
 BOND   =       150.5756  ANGLE   =       417.1256  DIHED      =       684.1266
 1-4 NB =       174.5416  1-4 EEL =      2505.7192  VDWAALS    =      2926.3743
 EELEC  =    -30767.7300  EHBOND  =         0.0000  RESTRAINT  =        41.1203
 EAMBER (non-restraint)  =    -23909.2672
 EKCMT  =      2110.1688  VIRIAL  =      2073.3404  VOLUME     =     78184.7389
                                                    Density    =         1.0214
 ------------------------------------------------------------------------------


      R M S  F L U C T U A T I O N S


 NSTEP =    50000   TIME(PS) =    1140.000  TEMP(K) =     3.08  PRESS =   231.4
 Etot   =        97.0042  EKtot   =        49.2196  EPtot      =        75.9914
 BOND   =         9.7090  ANGLE   =        17.3980  DIHED      =         7.7501
 1-4 NB =         5.3644  1-4 EEL =        14.0990  VDWAALS    =        72.5054
 EELEC  =       118.0744  EHBOND  =         0.0000  RESTRAINT  =         3.8944
 EAMBER (non-restraint)  =        72.0970
 EKCMT  =        31.0671  VIRIAL  =       393.2138  VOLUME     =       244.2165
                                                    Density    =         0.0032
 ------------------------------------------------------------------------------

--------------------------------------------------------------------------------
   5.  TIMINGS
--------------------------------------------------------------------------------

|  NonSetup CPU Time in Major Routines:
|
|     Routine           Sec        %
|     ------------------------------
|     Nonbond          52.03   88.57
|     Bond              0.00    0.00
|     Angle             0.00    0.00
|     Dihedral          0.00    0.00
|     Shake             0.30    0.51
|     RunMD             6.38   10.85
|     Other             0.04    0.07
|     ------------------------------
|     Total            58.74

|  PME Nonbond Pairlist CPU Time:
|
|     Routine              Sec        %
|     ---------------------------------
|     Set Up Cit           0.00    0.00
|     Build List           0.00    0.00
|     ---------------------------------
|     Total                0.00    0.00

|  PME Direct Force CPU Time:
|
|     Routine              Sec        %
|     ---------------------------------
|     NonBonded Calc       0.00    0.00
|     Exclude Masked       0.00    0.00
|     Other                0.03    0.05
|     ---------------------------------
|     Total                0.03    0.05

|  PME Reciprocal Force CPU Time:
|
|     Routine              Sec        %
|     ---------------------------------
|     1D bspline           0.00    0.00
|     Grid Charges         0.00    0.00
|     Scalar Sum           0.00    0.00
|     Gradient Sum         0.00    0.00
|     FFT                  0.00    0.00
|     ---------------------------------
|     Total                0.00    0.00

|  Final Performance Info:
|     -----------------------------------------------------
|     Average timings for last   49500 steps:
|     Elapsed(s) =      58.15 Per Step(ms) =       1.17
|         ns/day =     147.08   seconds/ns =     587.42
|
|     Average timings for all steps:
|     Elapsed(s) =      58.75 Per Step(ms) =       1.17
|         ns/day =     147.07   seconds/ns =     587.46
|     -----------------------------------------------------

|  Setup CPU time:            0.37 seconds
|  NonSetup CPU time:        58.74 seconds
|  Total CPU time:           59.11 seconds     0.02 hours

|  Setup wall time:           1    seconds
|  NonSetup wall time:       58    seconds
|  Total wall time:          59    seconds     0.02 hours
