
          -------------------------------------------------------
          Amber 16 PMEMD                              2016
          -------------------------------------------------------

| PMEMD implementation of SANDER, Release 16

| Run on 06/17/2017 at 18:29:06

|   Executable path: pmemd.cuda
| Working directory: /home/german/alex/run/1im/mhe/e
|          Hostname: Unknown
  [-O]verwriting output

File Assignments:
|   MDIN: 17equ.in                                                              
|  MDOUT: 17equ.out                                                             
| INPCRD: 16e1im.rst7                                                           
|   PARM: /home/german/alex/top_files/1im.prmtop                                
| RESTRT: 17e1im.rst7                                                           
|   REFC: 16e1im.rst7                                                           
|  MDVEL: mdvel                                                                 
|   MDEN: mden                                                                  
|  MDCRD: 17e1im.nc                                                             
| MDINFO: mdinfo                                                                
|  MDFRC: mdfrc                                                                 


 Here is the input file:

Equilibration with solute restrictions                                         
&cntrl                                                                         
imin = 0,                           ! No Minimization                          
nmropt = 0,                         ! No NMR restraints read                   
                                                                               
! Nature and format of the input                                               
ntx = 5,                            ! Coordinates but no velocities will be rea
irest = 1,                          ! Do not run a new simulation              
                                                                               
! Nature and format of the output                                              
ntxo = 1,                           ! rstrt file in ASCII format               
ntpr = 500,                         ! inf in output every ntpr steps           
ntwr = 500,                         ! rstrt file every ntwr steps              
ntwx = 500,                         ! mdcrd file every ntwx steps              
ntwv = 0,                           ! mdvel without velocities                 
ntwe = 0,                           ! Energies and temperatures not written in 
idecomp = 0,                        ! No energy decomposition                  
iwrap = 1,                          ! Coordinates of the restart and mdcrd file
                                                                               
! Frozen or restrained atoms                                                   
ibelly = 0,                         ! No frozen atoms                          
ntr=1,                              ! Harmonic potential restraints            
restraint_wt = 1.0,                ! The weight for the positional restraints  
restraintmask = ':1-49@N,CA,C,O',  ! restrained residues                       
                                                                               
! Molecular dynamics                                                           
nstlim = 50000,                     ! Number of MD-steps                       
dt = 0.002,                         ! Time step                                
                                                                               
! Temperature regulation                                                       
ntt = 3,                            ! Langevin thermostat                      
gamma_ln = 5,                       ! Gamma constant for Langevin              
!temp0 = 300.0,                     ! Reference T at which the system is to be 
tempi = 300.0,                      ! Initial T                                
ig = -1,                            ! Seed for the RNG                         
                                                                               
! P and V regulation                                                           
ntp = 1,                            ! Constant P. Isotropic scaling            
barostat = 1,                       ! Berendsen barostat                       
taup = 1,                           ! Pressure relaxation time                 
nrespa = 1,                         ! Evaluate at each step                    
ntb = 2,                            ! Periodic box for constant P              
                                                                               
! SHAKE variables                                                              
ntc = 2,                            ! Bonds involving H are constrained        
ntf = 2,                            ! Bond interaction involving H are ommited.
                                                                               
cut = 10.0,                         ! Nonbonded cutoff                         
/                                                                              
&end                                                                           


Note: ig = -1. Setting random seed to    29300 based on wallclock time in 
      microseconds.
 
|--------------------- INFORMATION ----------------------
| GPU (CUDA) Version of PMEMD in use: NVIDIA GPU IN USE.
|                    Version 16.0.0
| 
|                      02/25/2016
| 
| Implementation by:
|                    Ross C. Walker     (SDSC)
|                    Scott Le Grand     (nVIDIA)
| 
| Precision model in use:
|      [SPFP] - Single Precision Forces, 64-bit Fixed Point
|               Accumulation. (Default)
| 
|--------------------------------------------------------
 
|----------------- CITATION INFORMATION -----------------
|
|    When publishing work that utilized the CUDA version
|    of AMBER, please cite the following in addition to
|    the regular AMBER citations:
|
|  - Romelia Salomon-Ferrer; Andreas W. Goetz; Duncan
|    Poole; Scott Le Grand; Ross C. Walker "Routine
|    microsecond molecular dynamics simulations with
|    AMBER - Part II: Particle Mesh Ewald", J. Chem.
|    Theory Comput., 2013, 9 (9), pp3878-3888,
|    DOI: 10.1021/ct400314y.
|
|  - Andreas W. Goetz; Mark J. Williamson; Dong Xu;
|    Duncan Poole; Scott Le Grand; Ross C. Walker
|    "Routine microsecond molecular dynamics simulations
|    with AMBER - Part I: Generalized Born", J. Chem.
|    Theory Comput., 2012, 8 (5), pp1542-1555.
|
|  - Scott Le Grand; Andreas W. Goetz; Ross C. Walker
|    "SPFP: Speed without compromise - a mixed precision
|    model for GPU accelerated molecular dynamics
|    simulations.", Comp. Phys. Comm., 2013, 184
|    pp374-380, DOI: 10.1016/j.cpc.2012.09.022
|
|--------------------------------------------------------
 
|------------------- GPU DEVICE INFO --------------------
|
|            CUDA_VISIBLE_DEVICES: 0
|   CUDA Capable Devices Detected:      1
|           CUDA Device ID in use:      0
|                CUDA Device Name: GeForce GTX 1060 6GB
|     CUDA Device Global Mem Size:   6072 MB
| CUDA Device Num Multiprocessors:     10
|           CUDA Device Core Freq:   1.76 GHz
|
|--------------------------------------------------------
 
 
| Conditional Compilation Defines Used:
| PUBFFT
| BINTRAJ
| CUDA
| EMIL

| Largest sphere to fit in unit cell has radius =    19.025

| New format PARM file being parsed.
| Version =    1.000 Date = 06/17/17 Time = 14:13:48

| Note: 1-4 EEL scale factors are being read from the topology file.

| Note: 1-4 VDW scale factors are being read from the topology file.
| Duplicated    0 dihedrals

| Duplicated    0 dihedrals

--------------------------------------------------------------------------------
   1.  RESOURCE   USE: 
--------------------------------------------------------------------------------

 getting new box info from bottom of inpcrd
 NATOM  =    7831 NTYPES =      17 NBONH =    7434 MBONA  =     402
 NTHETH =     874 MTHETA =     539 NPHIH =    1768 MPHIA  =    1685
 NHPARM =       0 NPARM  =       0 NNB   =   13683 NRES   =    2402
 NBONA  =     402 NTHETA =     539 NPHIA =    1685 NUMBND =      67
 NUMANG =     152 NPTRA  =     191 NATYP =      36 NPHB   =       1
 IFBOX  =       2 NMXRS  =      25 IFCAP =       0 NEXTRA =       0
 NCOPY  =       0

| Coordinate Index Table dimensions:     7    7    7
| Direct force subcell size =     6.6575    6.6575    6.6575

     BOX TYPE: TRUNCATED OCTAHEDRON

--------------------------------------------------------------------------------
   2.  CONTROL  DATA  FOR  THE  RUN
--------------------------------------------------------------------------------

default_name                                                                    

General flags:
     imin    =       0, nmropt  =       0

Nature and format of input:
     ntx     =       5, irest   =       1, ntrx    =       1

Nature and format of output:
     ntxo    =       1, ntpr    =     500, ntrx    =       1, ntwr    =     500
     iwrap   =       1, ntwx    =     500, ntwv    =       0, ntwe    =       0
     ioutfm  =       1, ntwprt  =       0, idecomp =       0, rbornstat=      0

Potential function:
     ntf     =       2, ntb     =       2, igb     =       0, nsnb    =      25
     ipol    =       0, gbsa    =       0, iesp    =       0
     dielc   =   1.00000, cut     =  10.00000, intdiel =   1.00000

Frozen or restrained atoms:
     ibelly  =       0, ntr     =       1
     restraint_wt =   1.00000

Molecular dynamics:
     nstlim  =     50000, nscm    =         0, nrespa  =         1
     t       =   0.00000, dt      =   0.00200, vlimit  =  -1.00000

Langevin dynamics temperature regulation:
     ig      =   29300
     temp0   = 300.00000, tempi   = 300.00000, gamma_ln=   5.00000

Pressure regulation:
     ntp     =       1
     pres0   =   1.00000, comp    =  44.60000, taup    =   1.00000

SHAKE:
     ntc     =       2, jfastw  =       0
     tol     =   0.00001

| Intermolecular bonds treatment:
|     no_intermolecular_bonds =       1

| Energy averages sample interval:
|     ene_avg_sampling =     500

Ewald parameters:
     verbose =       0, ew_type =       0, nbflag  =       1, use_pme =       1
     vdwmeth =       1, eedmeth =       1, netfrc  =       1
     Box X =   46.602   Box Y =   46.602   Box Z =   46.602
     Alpha =  109.471   Beta  =  109.471   Gamma =  109.471
     NFFT1 =   48       NFFT2 =   48       NFFT3 =   48
     Cutoff=   10.000   Tol   =0.100E-04
     Ewald Coefficient =  0.27511
     Interpolation order =    4

    LOADING THE CONSTRAINED ATOMS AS GROUPS


   5.  REFERENCE ATOM COORDINATES

  default_name                                                                    
     Mask :1-49@N,CA,C,O; matches   196 atoms

--------------------------------------------------------------------------------
   3.  ATOMIC COORDINATES AND VELOCITIES
--------------------------------------------------------------------------------

default_name                                                                    
 begin time read from input coords =  1740.000 ps

 
 Number of triangulated 3-point waters found:     2350

     Sum of charges from parm topology file =  -0.00000003
     Forcing neutrality...

| Dynamic Memory, Types Used:
| Reals              479019
| Integers           270038

| Nonbonded Pairs Initial Allocation:     2368681

| GPU memory information (estimate):
| KB of GPU memory in use:     72160
| KB of CPU memory in use:     14337

--------------------------------------------------------------------------------
   4.  RESULTS
--------------------------------------------------------------------------------

 ---------------------------------------------------
 APPROXIMATING switch and d/dx switch using CUBIC SPLINE INTERPOLATION
 using   5000.0 points per unit in tabled values
 TESTING RELATIVE ERROR over r ranging from 0.0 to cutoff
| CHECK switch(x): max rel err =   0.2738E-14   at   2.422500
| CHECK d/dx switch(x): max rel err =   0.8314E-11   at   2.736960
 ---------------------------------------------------
|---------------------------------------------------
| APPROXIMATING direct energy using CUBIC SPLINE INTERPOLATION
|  with   50.0 points per unit in tabled values
| Relative Error Limit not exceeded for r .gt.   2.33
| APPROXIMATING direct force using CUBIC SPLINE INTERPOLATION
|  with   50.0 points per unit in tabled values
| Relative Error Limit not exceeded for r .gt.   2.80
|---------------------------------------------------
wrapping first mol.:       15.54134       21.97878       38.06836
wrapping first mol.:       15.54134       21.97878       38.06836

 NSTEP =      500   TIME(PS) =    1741.000  TEMP(K) =   298.38  PRESS =   262.2
 Etot   =    -19143.8768  EKtot   =      4761.0361  EPtot      =    -23904.9129
 BOND   =       151.3866  ANGLE   =       416.0381  DIHED      =       679.9122
 1-4 NB =       166.2358  1-4 EEL =      2508.7702  VDWAALS    =      3003.2219
 EELEC  =    -30848.2081  EHBOND  =         0.0000  RESTRAINT  =        17.7304
 EAMBER (non-restraint)  =    -23922.6433
 EKCMT  =      2082.4611  VIRIAL  =      1640.7819  VOLUME     =     78018.4455
                                                    Density    =         1.0236
 ------------------------------------------------------------------------------

wrapping first mol.:       15.55655       22.00029       38.10561
wrapping first mol.:       15.55655       22.00029       38.10561

 NSTEP =     1000   TIME(PS) =    1742.000  TEMP(K) =   302.92  PRESS =  -518.2
 Etot   =    -19065.2717  EKtot   =      4833.4380  EPtot      =    -23898.7097
 BOND   =       151.0805  ANGLE   =       402.1532  DIHED      =       681.0194
 1-4 NB =       178.1415  1-4 EEL =      2509.2008  VDWAALS    =      2713.2924
 EELEC  =    -30556.8181  EHBOND  =         0.0000  RESTRAINT  =        23.2206
 EAMBER (non-restraint)  =    -23921.9303
 EKCMT  =      2135.6786  VIRIAL  =      3011.2323  VOLUME     =     78253.1590
                                                    Density    =         1.0205
 ------------------------------------------------------------------------------

wrapping first mol.:       15.54504       21.98401       38.07742
wrapping first mol.:       15.54504       21.98401       38.07742

 NSTEP =     1500   TIME(PS) =    1743.000  TEMP(K) =   297.05  PRESS =  -185.1
 Etot   =    -19199.9579  EKtot   =      4739.7402  EPtot      =    -23939.6982
 BOND   =       160.6205  ANGLE   =       394.7879  DIHED      =       676.7964
 1-4 NB =       181.5114  1-4 EEL =      2506.2462  VDWAALS    =      2925.1547
 EELEC  =    -30805.2192  EHBOND  =         0.0000  RESTRAINT  =        20.4039
 EAMBER (non-restraint)  =    -23960.1021
 EKCMT  =      2066.9722  VIRIAL  =      2378.9747  VOLUME     =     78077.2932
                                                    Density    =         1.0228
 ------------------------------------------------------------------------------

wrapping first mol.:       15.55496       21.99804       38.10172
wrapping first mol.:       15.55496       21.99804       38.10172

 NSTEP =     2000   TIME(PS) =    1744.000  TEMP(K) =   303.16  PRESS =  -144.3
 Etot   =    -19116.7350  EKtot   =      4837.2075  EPtot      =    -23953.9425
 BOND   =       153.1311  ANGLE   =       417.0199  DIHED      =       688.7189
 1-4 NB =       175.2639  1-4 EEL =      2506.3413  VDWAALS    =      2957.3349
 EELEC  =    -30874.7765  EHBOND  =         0.0000  RESTRAINT  =        23.0239
 EAMBER (non-restraint)  =    -23976.9665
 EKCMT  =      2107.3278  VIRIAL  =      2350.9730  VOLUME     =     78226.5481
                                                    Density    =         1.0209
 ------------------------------------------------------------------------------

wrapping first mol.:       15.55236       21.99436       38.09535
wrapping first mol.:       15.55236       21.99436       38.09535

 NSTEP =     2500   TIME(PS) =    1745.000  TEMP(K) =   305.25  PRESS =   -27.6
 Etot   =    -19106.0263  EKtot   =      4870.6294  EPtot      =    -23976.6557
 BOND   =       168.3890  ANGLE   =       383.9332  DIHED      =       677.9241
 1-4 NB =       179.9052  1-4 EEL =      2512.3755  VDWAALS    =      2941.9702
 EELEC  =    -30865.2324  EHBOND  =         0.0000  RESTRAINT  =        24.0794
 EAMBER (non-restraint)  =    -24000.7351
 EKCMT  =      2123.3579  VIRIAL  =      2169.9322  VOLUME     =     78186.5505
                                                    Density    =         1.0214
 ------------------------------------------------------------------------------

wrapping first mol.:       15.55213       21.99404       38.09479
wrapping first mol.:       15.55213       21.99404       38.09479

 NSTEP =     3000   TIME(PS) =    1746.000  TEMP(K) =   301.42  PRESS =   121.4
 Etot   =    -19072.2196  EKtot   =      4809.5562  EPtot      =    -23881.7758
 BOND   =       138.0203  ANGLE   =       412.2722  DIHED      =       679.4816
 1-4 NB =       172.8443  1-4 EEL =      2487.3530  VDWAALS    =      2888.5649
 EELEC  =    -30681.9568  EHBOND  =         0.0000  RESTRAINT  =        21.6447
 EAMBER (non-restraint)  =    -23903.4205
 EKCMT  =      2117.6327  VIRIAL  =      1912.7641  VOLUME     =     78182.0354
                                                    Density    =         1.0215
 ------------------------------------------------------------------------------

wrapping first mol.:       15.53657       21.97203       38.05667
wrapping first mol.:       15.53657       21.97203       38.05667

 NSTEP =     3500   TIME(PS) =    1747.000  TEMP(K) =   299.11  PRESS =  -341.7
 Etot   =    -19173.6086  EKtot   =      4772.6260  EPtot      =    -23946.2346
 BOND   =       150.5901  ANGLE   =       394.1526  DIHED      =       682.8798
 1-4 NB =       177.3797  1-4 EEL =      2515.5410  VDWAALS    =      2805.1827
 EELEC  =    -30697.1389  EHBOND  =         0.0000  RESTRAINT  =        25.1785
 EAMBER (non-restraint)  =    -23971.4130
 EKCMT  =      2058.1022  VIRIAL  =      2633.2692  VOLUME     =     77950.7726
                                                    Density    =         1.0245
 ------------------------------------------------------------------------------

wrapping first mol.:       15.53622       21.97153       38.05581
wrapping first mol.:       15.53622       21.97153       38.05581

 NSTEP =     4000   TIME(PS) =    1748.000  TEMP(K) =   301.19  PRESS =   167.1
 Etot   =    -19153.0864  EKtot   =      4805.8232  EPtot      =    -23958.9097
 BOND   =       139.2611  ANGLE   =       402.2702  DIHED      =       681.4621
 1-4 NB =       171.7641  1-4 EEL =      2495.9467  VDWAALS    =      2968.3311
 EELEC  =    -30845.0721  EHBOND  =         0.0000  RESTRAINT  =        27.1270
 EAMBER (non-restraint)  =    -23986.0367
 EKCMT  =      2092.4682  VIRIAL  =      1811.2371  VOLUME     =     77941.9682
                                                    Density    =         1.0246
 ------------------------------------------------------------------------------

wrapping first mol.:       15.55047       21.99168       38.09071
wrapping first mol.:       15.55047       21.99168       38.09071

 NSTEP =     4500   TIME(PS) =    1749.000  TEMP(K) =   296.28  PRESS =  -318.6
 Etot   =    -19189.3563  EKtot   =      4727.4355  EPtot      =    -23916.7919
 BOND   =       162.0769  ANGLE   =       407.6900  DIHED      =       664.5487
 1-4 NB =       173.1990  1-4 EEL =      2527.3742  VDWAALS    =      2852.0986
 EELEC  =    -30731.3177  EHBOND  =         0.0000  RESTRAINT  =        27.5384
 EAMBER (non-restraint)  =    -23944.3303
 EKCMT  =      2108.7245  VIRIAL  =      2646.3265  VOLUME     =     78159.9856
                                                    Density    =         1.0218
 ------------------------------------------------------------------------------

wrapping first mol.:       15.54560       21.98480       38.07879
wrapping first mol.:       15.54560       21.98480       38.07879

 NSTEP =     5000   TIME(PS) =    1750.000  TEMP(K) =   299.48  PRESS =    -3.8
 Etot   =    -19115.4215  EKtot   =      4778.5229  EPtot      =    -23893.9444
 BOND   =       143.2399  ANGLE   =       412.8598  DIHED      =       673.6085
 1-4 NB =       165.2495  1-4 EEL =      2508.3597  VDWAALS    =      2930.3482
 EELEC  =    -30755.8356  EHBOND  =         0.0000  RESTRAINT  =        28.2256
 EAMBER (non-restraint)  =    -23922.1700
 EKCMT  =      2067.8314  VIRIAL  =      2074.2923  VOLUME     =     78084.4552
                                                    Density    =         1.0227
 ------------------------------------------------------------------------------

wrapping first mol.:       15.53998       21.97685       38.06502
wrapping first mol.:       15.53998       21.97685       38.06502

 NSTEP =     5500   TIME(PS) =    1751.000  TEMP(K) =   293.61  PRESS =   185.0
 Etot   =    -19054.4167  EKtot   =      4684.9253  EPtot      =    -23739.3420
 BOND   =       164.6138  ANGLE   =       418.6721  DIHED      =       675.6414
 1-4 NB =       162.3667  1-4 EEL =      2477.8384  VDWAALS    =      2884.7022
 EELEC  =    -30546.8237  EHBOND  =         0.0000  RESTRAINT  =        23.6471
 EAMBER (non-restraint)  =    -23762.9891
 EKCMT  =      2088.1798  VIRIAL  =      1776.6792  VOLUME     =     77998.4796
                                                    Density    =         1.0239
 ------------------------------------------------------------------------------

wrapping first mol.:       15.57154       22.02149       38.14233
wrapping first mol.:       15.57154       22.02149       38.14233

 NSTEP =     6000   TIME(PS) =    1752.000  TEMP(K) =   304.09  PRESS =  -126.3
 Etot   =    -18980.1666  EKtot   =      4852.0391  EPtot      =    -23832.2057
 BOND   =       162.1600  ANGLE   =       404.1739  DIHED      =       657.9931
 1-4 NB =       186.6411  1-4 EEL =      2522.1710  VDWAALS    =      2885.2971
 EELEC  =    -30676.4844  EHBOND  =         0.0000  RESTRAINT  =        25.8424
 EAMBER (non-restraint)  =    -23858.0481
 EKCMT  =      2107.3853  VIRIAL  =      2321.3423  VOLUME     =     78476.8571
                                                    Density    =         1.0176
 ------------------------------------------------------------------------------

wrapping first mol.:       15.55428       21.99708       38.10005
wrapping first mol.:       15.55428       21.99708       38.10005

 NSTEP =     6500   TIME(PS) =    1753.000  TEMP(K) =   299.92  PRESS =   340.4
 Etot   =    -19033.7790  EKtot   =      4785.6133  EPtot      =    -23819.3923
 BOND   =       147.0985  ANGLE   =       422.2685  DIHED      =       679.9177
 1-4 NB =       170.5376  1-4 EEL =      2487.3063  VDWAALS    =      2938.1760
 EELEC  =    -30691.4892  EHBOND  =         0.0000  RESTRAINT  =        26.7923
 EAMBER (non-restraint)  =    -23846.1846
 EKCMT  =      2105.5450  VIRIAL  =      1530.7195  VOLUME     =     78212.9253
                                                    Density    =         1.0211
 ------------------------------------------------------------------------------

wrapping first mol.:       15.53949       21.97616       38.06382
wrapping first mol.:       15.53949       21.97616       38.06382

 NSTEP =     7000   TIME(PS) =    1754.000  TEMP(K) =   305.72  PRESS =    91.9
 Etot   =    -19060.4198  EKtot   =      4878.1274  EPtot      =    -23938.5473
 BOND   =       167.3462  ANGLE   =       408.0132  DIHED      =       691.5361
 1-4 NB =       165.3184  1-4 EEL =      2499.2185  VDWAALS    =      3021.1381
 EELEC  =    -30916.4738  EHBOND  =         0.0000  RESTRAINT  =        25.3561
 EAMBER (non-restraint)  =    -23963.9034
 EKCMT  =      2161.7998  VIRIAL  =      2007.0825  VOLUME     =     77991.7437
                                                    Density    =         1.0240
 ------------------------------------------------------------------------------

wrapping first mol.:       15.53998       21.97686       38.06503
wrapping first mol.:       15.53998       21.97686       38.06503

 NSTEP =     7500   TIME(PS) =    1755.000  TEMP(K) =   297.99  PRESS =   -98.3
 Etot   =    -19117.6426  EKtot   =      4754.7920  EPtot      =    -23872.4346
 BOND   =       146.3472  ANGLE   =       433.1603  DIHED      =       680.2658
 1-4 NB =       170.7843  1-4 EEL =      2480.4963  VDWAALS    =      2982.9721
 EELEC  =    -30797.2983  EHBOND  =         0.0000  RESTRAINT  =        30.8376
 EAMBER (non-restraint)  =    -23903.2722
 EKCMT  =      2073.4714  VIRIAL  =      2239.0669  VOLUME     =     78000.4750
                                                    Density    =         1.0238
 ------------------------------------------------------------------------------

wrapping first mol.:       15.54311       21.98127       38.07268
wrapping first mol.:       15.54311       21.98127       38.07268

 NSTEP =     8000   TIME(PS) =    1756.000  TEMP(K) =   301.11  PRESS =    85.7
 Etot   =    -19192.3982  EKtot   =      4804.5806  EPtot      =    -23996.9788
 BOND   =       143.6605  ANGLE   =       421.4198  DIHED      =       678.9160
 1-4 NB =       179.1134  1-4 EEL =      2488.6208  VDWAALS    =      2960.8996
 EELEC  =    -30897.3612  EHBOND  =         0.0000  RESTRAINT  =        27.7523
 EAMBER (non-restraint)  =    -24024.7311
 EKCMT  =      2147.5470  VIRIAL  =      2003.1343  VOLUME     =     78046.2564
                                                    Density    =         1.0232
 ------------------------------------------------------------------------------

wrapping first mol.:       15.54951       21.99032       38.08835
wrapping first mol.:       15.54951       21.99032       38.08835

 NSTEP =     8500   TIME(PS) =    1757.000  TEMP(K) =   304.76  PRESS =   -13.3
 Etot   =    -19120.3911  EKtot   =      4862.8433  EPtot      =    -23983.2343
 BOND   =       161.3728  ANGLE   =       418.0105  DIHED      =       672.8084
 1-4 NB =       178.0762  1-4 EEL =      2516.8652  VDWAALS    =      2937.2882
 EELEC  =    -30893.0820  EHBOND  =         0.0000  RESTRAINT  =        25.4263
 EAMBER (non-restraint)  =    -24008.6607
 EKCMT  =      2154.1103  VIRIAL  =      2176.5417  VOLUME     =     78143.3736
                                                    Density    =         1.0220
 ------------------------------------------------------------------------------

wrapping first mol.:       15.55673       22.00053       38.10604
wrapping first mol.:       15.55673       22.00053       38.10604

 NSTEP =     9000   TIME(PS) =    1758.000  TEMP(K) =   304.26  PRESS =   -93.2
 Etot   =    -19040.8530  EKtot   =      4854.8271  EPtot      =    -23895.6801
 BOND   =       165.1214  ANGLE   =       407.4829  DIHED      =       689.5594
 1-4 NB =       184.2907  1-4 EEL =      2506.8428  VDWAALS    =      2883.5798
 EELEC  =    -30760.0851  EHBOND  =         0.0000  RESTRAINT  =        27.5278
 EAMBER (non-restraint)  =    -23923.2079
 EKCMT  =      2144.9910  VIRIAL  =      2302.5145  VOLUME     =     78252.8174
                                                    Density    =         1.0205
 ------------------------------------------------------------------------------

wrapping first mol.:       15.55966       22.00468       38.11321
wrapping first mol.:       15.55966       22.00468       38.11321

 NSTEP =     9500   TIME(PS) =    1759.000  TEMP(K) =   305.13  PRESS =   116.9
 Etot   =    -19103.3231  EKtot   =      4868.7319  EPtot      =    -23972.0550
 BOND   =       155.1489  ANGLE   =       406.4532  DIHED      =       682.6753
 1-4 NB =       167.7571  1-4 EEL =      2497.8045  VDWAALS    =      2920.9690
 EELEC  =    -30825.6085  EHBOND  =         0.0000  RESTRAINT  =        22.7453
 EAMBER (non-restraint)  =    -23994.8003
 EKCMT  =      2148.7573  VIRIAL  =      1951.1866  VOLUME     =     78295.5595
                                                    Density    =         1.0200
 ------------------------------------------------------------------------------

wrapping first mol.:       15.57286       22.02334       38.14555
wrapping first mol.:       15.57286       22.02334       38.14555

 NSTEP =    10000   TIME(PS) =    1760.000  TEMP(K) =   298.66  PRESS =  -118.6
 Etot   =    -19064.1090  EKtot   =      4765.4238  EPtot      =    -23829.5329
 BOND   =       148.5063  ANGLE   =       449.1974  DIHED      =       669.5566
 1-4 NB =       167.0978  1-4 EEL =      2480.2944  VDWAALS    =      2867.6050
 EELEC  =    -30632.6841  EHBOND  =         0.0000  RESTRAINT  =        20.8937
 EAMBER (non-restraint)  =    -23850.4265
 EKCMT  =      2100.1707  VIRIAL  =      2301.1220  VOLUME     =     78496.6472
                                                    Density    =         1.0174
 ------------------------------------------------------------------------------

wrapping first mol.:       15.56467       22.01177       38.12550
wrapping first mol.:       15.56467       22.01177       38.12550

 NSTEP =    10500   TIME(PS) =    1761.000  TEMP(K) =   301.49  PRESS =   203.6
 Etot   =    -19104.9120  EKtot   =      4810.6226  EPtot      =    -23915.5346
 BOND   =       158.1749  ANGLE   =       389.9502  DIHED      =       680.6474
 1-4 NB =       171.2985  1-4 EEL =      2512.2760  VDWAALS    =      3001.7706
 EELEC  =    -30852.2299  EHBOND  =         0.0000  RESTRAINT  =        22.5778
 EAMBER (non-restraint)  =    -23938.1124
 EKCMT  =      2069.7632  VIRIAL  =      1725.3256  VOLUME     =     78370.6855
                                                    Density    =         1.0190
 ------------------------------------------------------------------------------

wrapping first mol.:       15.54729       21.98719       38.08293
wrapping first mol.:       15.54729       21.98719       38.08293

 NSTEP =    11000   TIME(PS) =    1762.000  TEMP(K) =   299.52  PRESS =   -94.1
 Etot   =    -19128.2490  EKtot   =      4779.1426  EPtot      =    -23907.3916
 BOND   =       147.7462  ANGLE   =       407.9046  DIHED      =       694.3480
 1-4 NB =       179.7022  1-4 EEL =      2508.8288  VDWAALS    =      2817.3804
 EELEC  =    -30688.4833  EHBOND  =         0.0000  RESTRAINT  =        25.1818
 EAMBER (non-restraint)  =    -23932.5733
 EKCMT  =      2136.9074  VIRIAL  =      2295.6433  VOLUME     =     78110.5367
                                                    Density    =         1.0224
 ------------------------------------------------------------------------------

wrapping first mol.:       15.54116       21.97852       38.06791
wrapping first mol.:       15.54116       21.97852       38.06791

 NSTEP =    11500   TIME(PS) =    1763.000  TEMP(K) =   305.22  PRESS =  -395.9
 Etot   =    -19147.1348  EKtot   =      4870.1162  EPtot      =    -24017.2510
 BOND   =       145.9542  ANGLE   =       427.6071  DIHED      =       688.2552
 1-4 NB =       169.9342  1-4 EEL =      2489.9971  VDWAALS    =      2856.0306
 EELEC  =    -30816.4701  EHBOND  =         0.0000  RESTRAINT  =        21.4407
 EAMBER (non-restraint)  =    -24038.6918
 EKCMT  =      2152.6294  VIRIAL  =      2819.4756  VOLUME     =     78020.2488
                                                    Density    =         1.0236
 ------------------------------------------------------------------------------

wrapping first mol.:       15.53693       21.97254       38.05755
wrapping first mol.:       15.53693       21.97254       38.05755

 NSTEP =    12000   TIME(PS) =    1764.000  TEMP(K) =   299.85  PRESS =    -8.9
 Etot   =    -18950.9763  EKtot   =      4784.4307  EPtot      =    -23735.4070
 BOND   =       161.4515  ANGLE   =       403.1160  DIHED      =       683.5743
 1-4 NB =       171.2293  1-4 EEL =      2494.1414  VDWAALS    =      2875.7248
 EELEC  =    -30554.6219  EHBOND  =         0.0000  RESTRAINT  =        29.9776
 EAMBER (non-restraint)  =    -23765.3846
 EKCMT  =      2122.3766  VIRIAL  =      2137.2758  VOLUME     =     77953.9068
                                                    Density    =         1.0245
 ------------------------------------------------------------------------------

wrapping first mol.:       15.53282       21.96673       38.04749
wrapping first mol.:       15.53282       21.96673       38.04749

 NSTEP =    12500   TIME(PS) =    1765.000  TEMP(K) =   297.38  PRESS =    66.1
 Etot   =    -19208.5648  EKtot   =      4744.9771  EPtot      =    -23953.5419
 BOND   =       161.5090  ANGLE   =       414.5258  DIHED      =       664.9486
 1-4 NB =       170.9938  1-4 EEL =      2493.8845  VDWAALS    =      2964.5128
 EELEC  =    -30845.1523  EHBOND  =         0.0000  RESTRAINT  =        21.2359
 EAMBER (non-restraint)  =    -23974.7778
 EKCMT  =      2124.7824  VIRIAL  =      2013.6411  VOLUME     =     77891.5698
                                                    Density    =         1.0253
 ------------------------------------------------------------------------------

wrapping first mol.:       15.53660       21.97207       38.05674
wrapping first mol.:       15.53660       21.97207       38.05674

 NSTEP =    13000   TIME(PS) =    1766.000  TEMP(K) =   306.89  PRESS =   258.1
 Etot   =    -19014.2669  EKtot   =      4896.7373  EPtot      =    -23911.0042
 BOND   =       156.6299  ANGLE   =       425.2691  DIHED      =       676.7654
 1-4 NB =       166.3685  1-4 EEL =      2501.5719  VDWAALS    =      2989.0635
 EELEC  =    -30851.5414  EHBOND  =         0.0000  RESTRAINT  =        24.8689
 EAMBER (non-restraint)  =    -23935.8731
 EKCMT  =      2176.7991  VIRIAL  =      1742.4094  VOLUME     =     77947.0529
                                                    Density    =         1.0246
 ------------------------------------------------------------------------------

wrapping first mol.:       15.55177       21.99353       38.09391
wrapping first mol.:       15.55177       21.99353       38.09391

 NSTEP =    13500   TIME(PS) =    1767.000  TEMP(K) =   304.50  PRESS =   108.9
 Etot   =    -18966.2469  EKtot   =      4858.6069  EPtot      =    -23824.8538
 BOND   =       144.7303  ANGLE   =       425.2721  DIHED      =       689.1123
 1-4 NB =       177.0576  1-4 EEL =      2504.5550  VDWAALS    =      2921.7872
 EELEC  =    -30712.0408  EHBOND  =         0.0000  RESTRAINT  =        24.6725
 EAMBER (non-restraint)  =    -23849.5263
 EKCMT  =      2085.1787  VIRIAL  =      1901.4259  VOLUME     =     78176.6932
                                                    Density    =         1.0215
 ------------------------------------------------------------------------------

wrapping first mol.:       15.54362       21.98200       38.07394
wrapping first mol.:       15.54362       21.98200       38.07394

 NSTEP =    14000   TIME(PS) =    1768.000  TEMP(K) =   299.54  PRESS =   309.2
 Etot   =    -19027.0373  EKtot   =      4779.5298  EPtot      =    -23806.5671
 BOND   =       161.0215  ANGLE   =       427.5212  DIHED      =       678.2922
 1-4 NB =       180.1514  1-4 EEL =      2513.2625  VDWAALS    =      2978.6356
 EELEC  =    -30770.2459  EHBOND  =         0.0000  RESTRAINT  =        24.7944
 EAMBER (non-restraint)  =    -23831.3615
 EKCMT  =      2111.8325  VIRIAL  =      1590.6941  VOLUME     =     78052.4646
                                                    Density    =         1.0232
 ------------------------------------------------------------------------------

wrapping first mol.:       15.56139       22.00713       38.11747
wrapping first mol.:       15.56139       22.00713       38.11747

 NSTEP =    14500   TIME(PS) =    1769.000  TEMP(K) =   299.63  PRESS =   232.2
 Etot   =    -19231.6465  EKtot   =      4780.9863  EPtot      =    -24012.6329
 BOND   =       175.0363  ANGLE   =       400.8048  DIHED      =       685.3883
 1-4 NB =       170.4093  1-4 EEL =      2519.3453  VDWAALS    =      3035.6797
 EELEC  =    -31028.4698  EHBOND  =         0.0000  RESTRAINT  =        29.1734
 EAMBER (non-restraint)  =    -24041.8063
 EKCMT  =      2134.9090  VIRIAL  =      1742.1724  VOLUME     =     78320.9813
                                                    Density    =         1.0197
 ------------------------------------------------------------------------------

wrapping first mol.:       15.55329       21.99567       38.09762
wrapping first mol.:       15.55329       21.99567       38.09762

 NSTEP =    15000   TIME(PS) =    1770.000  TEMP(K) =   301.60  PRESS =    -2.5
 Etot   =    -18983.6643  EKtot   =      4812.3105  EPtot      =    -23795.9749
 BOND   =       157.6892  ANGLE   =       417.2567  DIHED      =       668.6190
 1-4 NB =       172.2392  1-4 EEL =      2503.0651  VDWAALS    =      2870.4417
 EELEC  =    -30610.1822  EHBOND  =         0.0000  RESTRAINT  =        24.8965
 EAMBER (non-restraint)  =    -23820.8714
 EKCMT  =      2130.9336  VIRIAL  =      2135.1549  VOLUME     =     78200.3324
                                                    Density    =         1.0212
 ------------------------------------------------------------------------------

wrapping first mol.:       15.55647       22.00017       38.10541
wrapping first mol.:       15.55647       22.00017       38.10541

 NSTEP =    15500   TIME(PS) =    1771.000  TEMP(K) =   298.34  PRESS =  -400.6
 Etot   =    -19232.2903  EKtot   =      4760.3979  EPtot      =    -23992.6883
 BOND   =       149.5748  ANGLE   =       406.5534  DIHED      =       690.0973
 1-4 NB =       184.4279  1-4 EEL =      2528.9602  VDWAALS    =      2865.2411
 EELEC  =    -30848.9400  EHBOND  =         0.0000  RESTRAINT  =        31.3970
 EAMBER (non-restraint)  =    -24024.0853
 EKCMT  =      2072.0914  VIRIAL  =      2748.9084  VOLUME     =     78251.1069
                                                    Density    =         1.0206
 ------------------------------------------------------------------------------

wrapping first mol.:       15.56611       22.01381       38.12903
wrapping first mol.:       15.56611       22.01381       38.12903

 NSTEP =    16000   TIME(PS) =    1772.000  TEMP(K) =   303.52  PRESS =  -187.0
 Etot   =    -19023.0598  EKtot   =      4843.0439  EPtot      =    -23866.1037
 BOND   =       156.1280  ANGLE   =       442.2132  DIHED      =       674.7190
 1-4 NB =       176.1916  1-4 EEL =      2508.6754  VDWAALS    =      2899.1177
 EELEC  =    -30757.0092  EHBOND  =         0.0000  RESTRAINT  =        33.8605
 EAMBER (non-restraint)  =    -23899.9643
 EKCMT  =      2128.7061  VIRIAL  =      2445.3107  VOLUME     =     78395.2185
                                                    Density    =         1.0187
 ------------------------------------------------------------------------------

wrapping first mol.:       15.55406       21.99676       38.09951
wrapping first mol.:       15.55406       21.99676       38.09951

 NSTEP =    16500   TIME(PS) =    1773.000  TEMP(K) =   293.96  PRESS =    96.7
 Etot   =    -19121.1381  EKtot   =      4690.4844  EPtot      =    -23811.6225
 BOND   =       128.9093  ANGLE   =       399.8215  DIHED      =       659.9966
 1-4 NB =       179.6800  1-4 EEL =      2509.8565  VDWAALS    =      2835.7314
 EELEC  =    -30551.8973  EHBOND  =         0.0000  RESTRAINT  =        26.2795
 EAMBER (non-restraint)  =    -23837.9019
 EKCMT  =      2073.7942  VIRIAL  =      1910.5791  VOLUME     =     78211.2700
                                                    Density    =         1.0211
 ------------------------------------------------------------------------------

wrapping first mol.:       15.52749       21.95918       38.03442
wrapping first mol.:       15.52749       21.95918       38.03442

 NSTEP =    17000   TIME(PS) =    1774.000  TEMP(K) =   304.08  PRESS =   -35.2
 Etot   =    -19041.9620  EKtot   =      4851.8711  EPtot      =    -23893.8331
 BOND   =       140.3147  ANGLE   =       413.3546  DIHED      =       682.1290
 1-4 NB =       180.5790  1-4 EEL =      2501.3344  VDWAALS    =      2894.9189
 EELEC  =    -30731.1642  EHBOND  =         0.0000  RESTRAINT  =        24.7005
 EAMBER (non-restraint)  =    -23918.5336
 EKCMT  =      2143.1139  VIRIAL  =      2202.1817  VOLUME     =     77812.0193
                                                    Density    =         1.0263
 ------------------------------------------------------------------------------

wrapping first mol.:       15.54036       21.97738       38.06594
wrapping first mol.:       15.54036       21.97738       38.06594

 NSTEP =    17500   TIME(PS) =    1775.000  TEMP(K) =   301.89  PRESS =  -116.7
 Etot   =    -19082.9876  EKtot   =      4816.9619  EPtot      =    -23899.9495
 BOND   =       161.4300  ANGLE   =       384.8322  DIHED      =       690.6200
 1-4 NB =       178.6462  1-4 EEL =      2518.2009  VDWAALS    =      2933.7723
 EELEC  =    -30792.1334  EHBOND  =         0.0000  RESTRAINT  =        24.6822
 EAMBER (non-restraint)  =    -23924.6317
 EKCMT  =      2122.2565  VIRIAL  =      2318.8671  VOLUME     =     78006.1963
                                                    Density    =         1.0238
 ------------------------------------------------------------------------------

wrapping first mol.:       15.56610       22.01379       38.12899
wrapping first mol.:       15.56610       22.01379       38.12899

 NSTEP =    18000   TIME(PS) =    1776.000  TEMP(K) =   301.01  PRESS =    39.2
 Etot   =    -19145.2334  EKtot   =      4802.9199  EPtot      =    -23948.1533
 BOND   =       152.0470  ANGLE   =       414.6925  DIHED      =       685.4426
 1-4 NB =       179.1284  1-4 EEL =      2521.3354  VDWAALS    =      3022.5709
 EELEC  =    -30950.9116  EHBOND  =         0.0000  RESTRAINT  =        27.5415
 EAMBER (non-restraint)  =    -23975.6948
 EKCMT  =      2121.2880  VIRIAL  =      2055.0185  VOLUME     =     78393.3980
                                                    Density    =         1.0187
 ------------------------------------------------------------------------------

wrapping first mol.:       15.55449       21.99737       38.10055
wrapping first mol.:       15.55449       21.99737       38.10055

 NSTEP =    18500   TIME(PS) =    1777.000  TEMP(K) =   303.34  PRESS =   316.8
 Etot   =    -19079.7656  EKtot   =      4840.1885  EPtot      =    -23919.9541
 BOND   =       168.5359  ANGLE   =       433.3787  DIHED      =       677.2742
 1-4 NB =       165.5822  1-4 EEL =      2486.2709  VDWAALS    =      3001.4423
 EELEC  =    -30880.7519  EHBOND  =         0.0000  RESTRAINT  =        28.3136
 EAMBER (non-restraint)  =    -23948.2677
 EKCMT  =      2148.5519  VIRIAL  =      1613.5517  VOLUME     =     78216.1762
                                                    Density    =         1.0210
 ------------------------------------------------------------------------------

wrapping first mol.:       15.56069       22.00614       38.11575
wrapping first mol.:       15.56069       22.00614       38.11575

 NSTEP =    19000   TIME(PS) =    1778.000  TEMP(K) =   297.30  PRESS =    80.2
 Etot   =    -19172.4955  EKtot   =      4743.7061  EPtot      =    -23916.2016
 BOND   =       147.3299  ANGLE   =       465.8190  DIHED      =       678.5068
 1-4 NB =       167.1340  1-4 EEL =      2489.9841  VDWAALS    =      3003.1144
 EELEC  =    -30892.4155  EHBOND  =         0.0000  RESTRAINT  =        24.3258
 EAMBER (non-restraint)  =    -23940.5273
 EKCMT  =      2111.1884  VIRIAL  =      1975.5373  VOLUME     =     78311.4483
                                                    Density    =         1.0198
 ------------------------------------------------------------------------------

wrapping first mol.:       15.54179       21.97941       38.06945
wrapping first mol.:       15.54179       21.97941       38.06945

 NSTEP =    19500   TIME(PS) =    1779.000  TEMP(K) =   304.11  PRESS =  -282.3
 Etot   =    -18969.2053  EKtot   =      4852.4863  EPtot      =    -23821.6916
 BOND   =       148.9255  ANGLE   =       385.8229  DIHED      =       671.1161
 1-4 NB =       186.0157  1-4 EEL =      2508.9425  VDWAALS    =      2739.1573
 EELEC  =    -30487.6714  EHBOND  =         0.0000  RESTRAINT  =        26.0000
 EAMBER (non-restraint)  =    -23847.6916
 EKCMT  =      2143.2479  VIRIAL  =      2618.9326  VOLUME     =     78028.9314
                                                    Density    =         1.0235
 ------------------------------------------------------------------------------

wrapping first mol.:       15.54083       21.97805       38.06710
wrapping first mol.:       15.54083       21.97805       38.06710

 NSTEP =    20000   TIME(PS) =    1780.000  TEMP(K) =   305.01  PRESS =  -105.6
 Etot   =    -19010.1678  EKtot   =      4866.7241  EPtot      =    -23876.8919
 BOND   =       170.5530  ANGLE   =       438.9317  DIHED      =       669.4497
 1-4 NB =       169.5664  1-4 EEL =      2487.8777  VDWAALS    =      2950.9881
 EELEC  =    -30792.8064  EHBOND  =         0.0000  RESTRAINT  =        28.5479
 EAMBER (non-restraint)  =    -23905.4397
 EKCMT  =      2141.4326  VIRIAL  =      2319.2881  VOLUME     =     78013.2719
                                                    Density    =         1.0237
 ------------------------------------------------------------------------------

wrapping first mol.:       15.54579       21.98506       38.07924
wrapping first mol.:       15.54579       21.98506       38.07924

 NSTEP =    20500   TIME(PS) =    1781.000  TEMP(K) =   295.83  PRESS =   -82.9
 Etot   =    -19254.4013  EKtot   =      4720.2749  EPtot      =    -23974.6762
 BOND   =       147.9491  ANGLE   =       419.3418  DIHED      =       678.8536
 1-4 NB =       173.6111  1-4 EEL =      2487.9837  VDWAALS    =      2987.8346
 EELEC  =    -30891.2004  EHBOND  =         0.0000  RESTRAINT  =        20.9502
 EAMBER (non-restraint)  =    -23995.6265
 EKCMT  =      2061.0083  VIRIAL  =      2200.8381  VOLUME     =     78087.7585
                                                    Density    =         1.0227
 ------------------------------------------------------------------------------

wrapping first mol.:       15.54495       21.98388       38.07719
wrapping first mol.:       15.54495       21.98388       38.07719

 NSTEP =    21000   TIME(PS) =    1782.000  TEMP(K) =   298.53  PRESS =  -430.5
 Etot   =    -19232.8780  EKtot   =      4763.3779  EPtot      =    -23996.2559
 BOND   =       176.0804  ANGLE   =       402.9455  DIHED      =       682.3364
 1-4 NB =       176.2159  1-4 EEL =      2504.2110  VDWAALS    =      2867.1177
 EELEC  =    -30827.2748  EHBOND  =         0.0000  RESTRAINT  =        22.1121
 EAMBER (non-restraint)  =    -24018.3680
 EKCMT  =      2087.9069  VIRIAL  =      2813.6274  VOLUME     =     78077.5897
                                                    Density    =         1.0228
 ------------------------------------------------------------------------------

wrapping first mol.:       15.55947       22.00441       38.11275
wrapping first mol.:       15.55947       22.00441       38.11275

 NSTEP =    21500   TIME(PS) =    1783.000  TEMP(K) =   301.40  PRESS =   335.5
 Etot   =    -19043.5051  EKtot   =      4809.1816  EPtot      =    -23852.6867
 BOND   =       131.6324  ANGLE   =       407.2492  DIHED      =       677.7246
 1-4 NB =       179.9567  1-4 EEL =      2523.7819  VDWAALS    =      2964.7196
 EELEC  =    -30764.3164  EHBOND  =         0.0000  RESTRAINT  =        26.5654
 EAMBER (non-restraint)  =    -23879.2521
 EKCMT  =      2083.6318  VIRIAL  =      1516.5055  VOLUME     =     78291.1775
                                                    Density    =         1.0200
 ------------------------------------------------------------------------------

wrapping first mol.:       15.58022       22.03376       38.16359
wrapping first mol.:       15.58022       22.03376       38.16359

 NSTEP =    22000   TIME(PS) =    1784.000  TEMP(K) =   304.62  PRESS =  -556.8
 Etot   =    -19078.9660  EKtot   =      4860.5078  EPtot      =    -23939.4738
 BOND   =       149.5096  ANGLE   =       444.9175  DIHED      =       665.1601
 1-4 NB =       166.8214  1-4 EEL =      2488.5543  VDWAALS    =      2852.8348
 EELEC  =    -30731.1606  EHBOND  =         0.0000  RESTRAINT  =        23.8892
 EAMBER (non-restraint)  =    -23963.3630
 EKCMT  =      2098.9884  VIRIAL  =      3044.0409  VOLUME     =     78611.1714
                                                    Density    =         1.0159
 ------------------------------------------------------------------------------

wrapping first mol.:       15.55168       21.99339       38.09367
wrapping first mol.:       15.55168       21.99339       38.09367

 NSTEP =    22500   TIME(PS) =    1785.000  TEMP(K) =   305.88  PRESS =   -56.7
 Etot   =    -19092.3598  EKtot   =      4880.6509  EPtot      =    -23973.0106
 BOND   =       154.3842  ANGLE   =       430.2394  DIHED      =       661.5785
 1-4 NB =       168.0248  1-4 EEL =      2494.5592  VDWAALS    =      2880.6870
 EELEC  =    -30788.1277  EHBOND  =         0.0000  RESTRAINT  =        25.6441
 EAMBER (non-restraint)  =    -23998.6547
 EKCMT  =      2188.4892  VIRIAL  =      2284.1620  VOLUME     =     78176.4130
                                                    Density    =         1.0215
 ------------------------------------------------------------------------------

wrapping first mol.:       15.56844       22.01710       38.13473
wrapping first mol.:       15.56844       22.01710       38.13473

 NSTEP =    23000   TIME(PS) =    1786.000  TEMP(K) =   294.49  PRESS =   258.0
 Etot   =    -19126.0538  EKtot   =      4698.9756  EPtot      =    -23825.0294
 BOND   =       147.0139  ANGLE   =       435.6240  DIHED      =       668.2352
 1-4 NB =       172.7427  1-4 EEL =      2495.9551  VDWAALS    =      2957.4070
 EELEC  =    -30726.3952  EHBOND  =         0.0000  RESTRAINT  =        24.3880
 EAMBER (non-restraint)  =    -23849.4174
 EKCMT  =      2059.9916  VIRIAL  =      1623.0476  VOLUME     =     78427.2356
                                                    Density    =         1.0183
 ------------------------------------------------------------------------------

wrapping first mol.:       15.54948       21.99029       38.08829
wrapping first mol.:       15.54948       21.99029       38.08829

 NSTEP =    23500   TIME(PS) =    1787.000  TEMP(K) =   302.09  PRESS =   183.2
 Etot   =    -18977.9746  EKtot   =      4820.1904  EPtot      =    -23798.1650
 BOND   =       174.3420  ANGLE   =       401.3450  DIHED      =       664.7019
 1-4 NB =       175.5772  1-4 EEL =      2510.1422  VDWAALS    =      2903.7120
 EELEC  =    -30648.5480  EHBOND  =         0.0000  RESTRAINT  =        20.5626
 EAMBER (non-restraint)  =    -23818.7276
 EKCMT  =      2116.1043  VIRIAL  =      1807.0750  VOLUME     =     78141.5959
                                                    Density    =         1.0220
 ------------------------------------------------------------------------------

wrapping first mol.:       15.54566       21.98489       38.07894
wrapping first mol.:       15.54566       21.98489       38.07894

 NSTEP =    24000   TIME(PS) =    1788.000  TEMP(K) =   299.34  PRESS =   -64.3
 Etot   =    -18999.2700  EKtot   =      4776.3311  EPtot      =    -23775.6010
 BOND   =       152.4067  ANGLE   =       434.6641  DIHED      =       686.4518
 1-4 NB =       174.3608  1-4 EEL =      2509.9543  VDWAALS    =      2842.3453
 EELEC  =    -30594.3372  EHBOND  =         0.0000  RESTRAINT  =        18.5531
 EAMBER (non-restraint)  =    -23794.1541
 EKCMT  =      2057.5078  VIRIAL  =      2165.9324  VOLUME     =     78085.7936
                                                    Density    =         1.0227
 ------------------------------------------------------------------------------

wrapping first mol.:       15.52873       21.96095       38.03747
wrapping first mol.:       15.52873       21.96095       38.03747

 NSTEP =    24500   TIME(PS) =    1789.000  TEMP(K) =   297.25  PRESS =  -305.4
 Etot   =    -19206.0859  EKtot   =      4743.0386  EPtot      =    -23949.1245
 BOND   =       147.1001  ANGLE   =       396.2862  DIHED      =       663.2410
 1-4 NB =       176.7468  1-4 EEL =      2472.2493  VDWAALS    =      2781.3338
 EELEC  =    -30610.6845  EHBOND  =         0.0000  RESTRAINT  =        24.6028
 EAMBER (non-restraint)  =    -23973.7273
 EKCMT  =      2057.3442  VIRIAL  =      2570.5758  VOLUME     =     77832.6256
                                                    Density    =         1.0261
 ------------------------------------------------------------------------------

wrapping first mol.:       15.53766       21.97357       38.05933
wrapping first mol.:       15.53766       21.97357       38.05933

 NSTEP =    25000   TIME(PS) =    1790.000  TEMP(K) =   297.47  PRESS =  -175.8
 Etot   =    -19178.4354  EKtot   =      4746.4072  EPtot      =    -23924.8426
 BOND   =       125.9912  ANGLE   =       410.9144  DIHED      =       664.1242
 1-4 NB =       178.8491  1-4 EEL =      2519.6865  VDWAALS    =      2872.1123
 EELEC  =    -30723.6679  EHBOND  =         0.0000  RESTRAINT  =        27.1476
 EAMBER (non-restraint)  =    -23951.9901
 EKCMT  =      2082.5900  VIRIAL  =      2378.5243  VOLUME     =     77965.9894
                                                    Density    =         1.0243
 ------------------------------------------------------------------------------

wrapping first mol.:       15.55565       21.99901       38.10341
wrapping first mol.:       15.55565       21.99901       38.10341

 NSTEP =    25500   TIME(PS) =    1791.000  TEMP(K) =   296.43  PRESS =   -31.3
 Etot   =    -19215.7382  EKtot   =      4729.8408  EPtot      =    -23945.5790
 BOND   =       156.2044  ANGLE   =       419.0392  DIHED      =       666.7214
 1-4 NB =       178.7252  1-4 EEL =      2532.4311  VDWAALS    =      2940.0516
 EELEC  =    -30870.3470  EHBOND  =         0.0000  RESTRAINT  =        31.5951
 EAMBER (non-restraint)  =    -23977.1741
 EKCMT  =      2062.1097  VIRIAL  =      2114.9910  VOLUME     =     78236.1797
                                                    Density    =         1.0208
 ------------------------------------------------------------------------------

wrapping first mol.:       15.54943       21.99021       38.08817
wrapping first mol.:       15.54943       21.99021       38.08817

 NSTEP =    26000   TIME(PS) =    1792.000  TEMP(K) =   302.68  PRESS =   117.2
 Etot   =    -19130.2961  EKtot   =      4829.6802  EPtot      =    -23959.9763
 BOND   =       130.3224  ANGLE   =       418.3956  DIHED      =       684.0590
 1-4 NB =       184.2457  1-4 EEL =      2526.2015  VDWAALS    =      2967.0003
 EELEC  =    -30897.3505  EHBOND  =         0.0000  RESTRAINT  =        27.1498
 EAMBER (non-restraint)  =    -23987.1261
 EKCMT  =      2110.5379  VIRIAL  =      1912.7532  VOLUME     =     78141.2985
                                                    Density    =         1.0220
 ------------------------------------------------------------------------------

wrapping first mol.:       15.53354       21.96774       38.04923
wrapping first mol.:       15.53354       21.96774       38.04923

 NSTEP =    26500   TIME(PS) =    1793.000  TEMP(K) =   301.98  PRESS =    28.1
 Etot   =    -19200.9510  EKtot   =      4818.4370  EPtot      =    -24019.3880
 BOND   =       163.2306  ANGLE   =       408.3990  DIHED      =       684.8553
 1-4 NB =       174.7036  1-4 EEL =      2497.9719  VDWAALS    =      3023.2385
 EELEC  =    -30998.9549  EHBOND  =         0.0000  RESTRAINT  =        27.1680
 EAMBER (non-restraint)  =    -24046.5560
 EKCMT  =      2110.6212  VIRIAL  =      2063.3771  VOLUME     =     77902.5424
                                                    Density    =         1.0251
 ------------------------------------------------------------------------------

wrapping first mol.:       15.53777       21.97372       38.05960
wrapping first mol.:       15.53777       21.97372       38.05960

 NSTEP =    27000   TIME(PS) =    1794.000  TEMP(K) =   298.59  PRESS =   492.2
 Etot   =    -19130.0847  EKtot   =      4764.3564  EPtot      =    -23894.4412
 BOND   =       151.1224  ANGLE   =       423.9066  DIHED      =       676.2110
 1-4 NB =       164.5920  1-4 EEL =      2503.7024  VDWAALS    =      3024.5038
 EELEC  =    -30861.1975  EHBOND  =         0.0000  RESTRAINT  =        22.7181
 EAMBER (non-restraint)  =    -23917.1593
 EKCMT  =      2061.7850  VIRIAL  =      1233.2640  VOLUME     =     77962.9951
                                                    Density    =         1.0243
 ------------------------------------------------------------------------------

wrapping first mol.:       15.55568       21.99905       38.10347
wrapping first mol.:       15.55568       21.99905       38.10347

 NSTEP =    27500   TIME(PS) =    1795.000  TEMP(K) =   301.76  PRESS =  -323.9
 Etot   =    -19178.2720  EKtot   =      4814.8843  EPtot      =    -23993.1562
 BOND   =       168.7298  ANGLE   =       424.1547  DIHED      =       679.2258
 1-4 NB =       171.4878  1-4 EEL =      2491.9361  VDWAALS    =      2895.7176
 EELEC  =    -30850.8660  EHBOND  =         0.0000  RESTRAINT  =        26.4579
 EAMBER (non-restraint)  =    -24019.6142
 EKCMT  =      2081.5881  VIRIAL  =      2628.8095  VOLUME     =     78238.5958
                                                    Density    =         1.0207
 ------------------------------------------------------------------------------

wrapping first mol.:       15.56725       22.01542       38.13182
wrapping first mol.:       15.56725       22.01542       38.13182

 NSTEP =    28000   TIME(PS) =    1796.000  TEMP(K) =   296.38  PRESS =   167.4
 Etot   =    -19121.5686  EKtot   =      4729.1147  EPtot      =    -23850.6833
 BOND   =       163.6701  ANGLE   =       415.8516  DIHED      =       674.7330
 1-4 NB =       169.0837  1-4 EEL =      2500.2836  VDWAALS    =      2994.9563
 EELEC  =    -30795.1733  EHBOND  =         0.0000  RESTRAINT  =        25.9117
 EAMBER (non-restraint)  =    -23876.5951
 EKCMT  =      2117.6864  VIRIAL  =      1834.2318  VOLUME     =     78409.9385
                                                    Density    =         1.0185
 ------------------------------------------------------------------------------

wrapping first mol.:       15.55698       22.00088       38.10665
wrapping first mol.:       15.55698       22.00088       38.10665

 NSTEP =    28500   TIME(PS) =    1797.000  TEMP(K) =   306.18  PRESS =  -243.5
 Etot   =    -19004.9191  EKtot   =      4885.4868  EPtot      =    -23890.4059
 BOND   =       147.3467  ANGLE   =       423.4479  DIHED      =       685.6068
 1-4 NB =       174.8209  1-4 EEL =      2501.6864  VDWAALS    =      2865.6406
 EELEC  =    -30719.4105  EHBOND  =         0.0000  RESTRAINT  =        30.4552
 EAMBER (non-restraint)  =    -23920.8611
 EKCMT  =      2132.3128  VIRIAL  =      2543.7764  VOLUME     =     78257.6184
                                                    Density    =         1.0205
 ------------------------------------------------------------------------------

wrapping first mol.:       15.53436       21.96890       38.05125
wrapping first mol.:       15.53436       21.96890       38.05125

 NSTEP =    29000   TIME(PS) =    1798.000  TEMP(K) =   298.55  PRESS =  -178.4
 Etot   =    -19094.9716  EKtot   =      4763.7524  EPtot      =    -23858.7240
 BOND   =       155.9304  ANGLE   =       421.7197  DIHED      =       686.3202
 1-4 NB =       173.5293  1-4 EEL =      2497.7545  VDWAALS    =      2843.6514
 EELEC  =    -30660.3021  EHBOND  =         0.0000  RESTRAINT  =        22.6726
 EAMBER (non-restraint)  =    -23881.3966
 EKCMT  =      2097.3908  VIRIAL  =      2397.4932  VOLUME     =     77916.3604
                                                    Density    =         1.0250
 ------------------------------------------------------------------------------

wrapping first mol.:       15.52938       21.96186       38.03905
wrapping first mol.:       15.52938       21.96186       38.03905

 NSTEP =    29500   TIME(PS) =    1799.000  TEMP(K) =   296.30  PRESS =   -71.5
 Etot   =    -19161.0148  EKtot   =      4727.8062  EPtot      =    -23888.8210
 BOND   =       153.3407  ANGLE   =       407.4334  DIHED      =       671.2234
 1-4 NB =       180.0454  1-4 EEL =      2512.3691  VDWAALS    =      2899.8320
 EELEC  =    -30736.9520  EHBOND  =         0.0000  RESTRAINT  =        23.8870
 EAMBER (non-restraint)  =    -23912.7080
 EKCMT  =      2079.2979  VIRIAL  =      2199.4619  VOLUME     =     77840.7119
                                                    Density    =         1.0260
 ------------------------------------------------------------------------------

wrapping first mol.:       15.54979       21.99072       38.08904
wrapping first mol.:       15.54979       21.99072       38.08904

 NSTEP =    30000   TIME(PS) =    1800.000  TEMP(K) =   299.14  PRESS =    24.8
 Etot   =    -19302.8568  EKtot   =      4773.0591  EPtot      =    -24075.9159
 BOND   =       152.2003  ANGLE   =       394.1734  DIHED      =       671.7072
 1-4 NB =       171.1871  1-4 EEL =      2506.6573  VDWAALS    =      3051.2072
 EELEC  =    -31047.4291  EHBOND  =         0.0000  RESTRAINT  =        24.3808
 EAMBER (non-restraint)  =    -24100.2966
 EKCMT  =      2121.2497  VIRIAL  =      2079.3451  VOLUME     =     78147.3159
                                                    Density    =         1.0219
 ------------------------------------------------------------------------------

wrapping first mol.:       15.54695       21.98671       38.08209
wrapping first mol.:       15.54695       21.98671       38.08209

 NSTEP =    30500   TIME(PS) =    1801.000  TEMP(K) =   302.05  PRESS =   202.0
 Etot   =    -19194.5401  EKtot   =      4819.6055  EPtot      =    -24014.1455
 BOND   =       161.6071  ANGLE   =       402.3506  DIHED      =       696.4091
 1-4 NB =       180.3327  1-4 EEL =      2518.3748  VDWAALS    =      3021.7652
 EELEC  =    -31022.9557  EHBOND  =         0.0000  RESTRAINT  =        27.9707
 EAMBER (non-restraint)  =    -24042.1162
 EKCMT  =      2113.3401  VIRIAL  =      1772.6517  VOLUME     =     78103.3495
                                                    Density    =         1.0225
 ------------------------------------------------------------------------------

wrapping first mol.:       15.53814       21.97425       38.06051
wrapping first mol.:       15.53814       21.97425       38.06051

 NSTEP =    31000   TIME(PS) =    1802.000  TEMP(K) =   299.73  PRESS =  -384.4
 Etot   =    -18998.5334  EKtot   =      4782.5205  EPtot      =    -23781.0539
 BOND   =       163.0460  ANGLE   =       419.1998  DIHED      =       673.7148
 1-4 NB =       168.9386  1-4 EEL =      2516.5136  VDWAALS    =      2769.0272
 EELEC  =    -30515.8889  EHBOND  =         0.0000  RESTRAINT  =        24.3950
 EAMBER (non-restraint)  =    -23805.4489
 EKCMT  =      2124.3492  VIRIAL  =      2771.5324  VOLUME     =     77974.6795
                                                    Density    =         1.0242
 ------------------------------------------------------------------------------

wrapping first mol.:       15.54391       21.98240       38.07463
wrapping first mol.:       15.54391       21.98240       38.07463

 NSTEP =    31500   TIME(PS) =    1803.000  TEMP(K) =   298.25  PRESS =    46.3
 Etot   =    -19201.9913  EKtot   =      4758.9585  EPtot      =    -23960.9498
 BOND   =       148.7740  ANGLE   =       402.1475  DIHED      =       674.6270
 1-4 NB =       166.6477  1-4 EEL =      2510.5087  VDWAALS    =      2935.7061
 EELEC  =    -30825.5095  EHBOND  =         0.0000  RESTRAINT  =        26.1489
 EAMBER (non-restraint)  =    -23987.0986
 EKCMT  =      2110.6163  VIRIAL  =      2032.5268  VOLUME     =     78058.5373
                                                    Density    =         1.0231
 ------------------------------------------------------------------------------

wrapping first mol.:       15.54756       21.98757       38.08358
wrapping first mol.:       15.54756       21.98757       38.08358

 NSTEP =    32000   TIME(PS) =    1804.000  TEMP(K) =   299.67  PRESS =  -263.0
 Etot   =    -19079.5606  EKtot   =      4781.5942  EPtot      =    -23861.1549
 BOND   =       149.7289  ANGLE   =       385.8798  DIHED      =       672.2834
 1-4 NB =       178.8774  1-4 EEL =      2513.9648  VDWAALS    =      2817.7209
 EELEC  =    -30599.9314  EHBOND  =         0.0000  RESTRAINT  =        20.3214
 EAMBER (non-restraint)  =    -23881.4763
 EKCMT  =      2059.4701  VIRIAL  =      2503.0315  VOLUME     =     78115.7249
                                                    Density    =         1.0223
 ------------------------------------------------------------------------------

wrapping first mol.:       15.55731       22.00136       38.10747
wrapping first mol.:       15.55731       22.00136       38.10747

 NSTEP =    32500   TIME(PS) =    1805.000  TEMP(K) =   302.74  PRESS =   145.2
 Etot   =    -19145.7035  EKtot   =      4830.6016  EPtot      =    -23976.3050
 BOND   =       151.1967  ANGLE   =       402.6076  DIHED      =       676.3780
 1-4 NB =       163.1973  1-4 EEL =      2496.5695  VDWAALS    =      3007.2012
 EELEC  =    -30900.5918  EHBOND  =         0.0000  RESTRAINT  =        27.1366
 EAMBER (non-restraint)  =    -24003.4416
 EKCMT  =      2083.3106  VIRIAL  =      1837.9299  VOLUME     =     78259.9709
                                                    Density    =         1.0205
 ------------------------------------------------------------------------------

wrapping first mol.:       15.55067       21.99196       38.09119
wrapping first mol.:       15.55067       21.99196       38.09119

 NSTEP =    33000   TIME(PS) =    1806.000  TEMP(K) =   302.92  PRESS =    89.3
 Etot   =    -19002.2594  EKtot   =      4833.4810  EPtot      =    -23835.7403
 BOND   =       137.4412  ANGLE   =       432.4433  DIHED      =       669.9564
 1-4 NB =       176.2848  1-4 EEL =      2507.9694  VDWAALS    =      2934.7094
 EELEC  =    -30722.4485  EHBOND  =         0.0000  RESTRAINT  =        27.9037
 EAMBER (non-restraint)  =    -23863.6440
 EKCMT  =      2149.0381  VIRIAL  =      1998.3728  VOLUME     =     78160.1327
                                                    Density    =         1.0218
 ------------------------------------------------------------------------------

wrapping first mol.:       15.55822       22.00264       38.10969
wrapping first mol.:       15.55822       22.00264       38.10969

 NSTEP =    33500   TIME(PS) =    1807.000  TEMP(K) =   302.16  PRESS =   163.8
 Etot   =    -18903.4119  EKtot   =      4821.2773  EPtot      =    -23724.6893
 BOND   =       142.5552  ANGLE   =       414.1142  DIHED      =       672.3397
 1-4 NB =       180.2861  1-4 EEL =      2515.1388  VDWAALS    =      2896.9197
 EELEC  =    -30577.5065  EHBOND  =         0.0000  RESTRAINT  =        31.4635
 EAMBER (non-restraint)  =    -23756.1528
 EKCMT  =      2157.1569  VIRIAL  =      1880.3228  VOLUME     =     78273.5416
                                                    Density    =         1.0203
 ------------------------------------------------------------------------------

wrapping first mol.:       15.55734       22.00140       38.10754
wrapping first mol.:       15.55734       22.00140       38.10754

 NSTEP =    34000   TIME(PS) =    1808.000  TEMP(K) =   299.57  PRESS =    66.6
 Etot   =    -19085.3075  EKtot   =      4779.9863  EPtot      =    -23865.2938
 BOND   =       160.5677  ANGLE   =       418.1433  DIHED      =       673.7238
 1-4 NB =       167.3343  1-4 EEL =      2511.0727  VDWAALS    =      2972.2808
 EELEC  =    -30800.4813  EHBOND  =         0.0000  RESTRAINT  =        32.0648
 EAMBER (non-restraint)  =    -23897.3586
 EKCMT  =      2160.2878  VIRIAL  =      2047.8037  VOLUME     =     78260.9456
                                                    Density    =         1.0204
 ------------------------------------------------------------------------------

wrapping first mol.:       15.55970       22.00474       38.11332
wrapping first mol.:       15.55970       22.00474       38.11332

 NSTEP =    34500   TIME(PS) =    1809.000  TEMP(K) =   301.82  PRESS =  -227.7
 Etot   =    -19050.0759  EKtot   =      4815.9448  EPtot      =    -23866.0207
 BOND   =       156.9844  ANGLE   =       418.2771  DIHED      =       664.3626
 1-4 NB =       177.2413  1-4 EEL =      2500.2816  VDWAALS    =      2840.7916
 EELEC  =    -30650.6312  EHBOND  =         0.0000  RESTRAINT  =        26.6718
 EAMBER (non-restraint)  =    -23892.6925
 EKCMT  =      2123.7375  VIRIAL  =      2508.6857  VOLUME     =     78298.6383
                                                    Density    =         1.0200
 ------------------------------------------------------------------------------

wrapping first mol.:       15.56291       22.00928       38.12119
wrapping first mol.:       15.56291       22.00928       38.12119

 NSTEP =    35000   TIME(PS) =    1810.000  TEMP(K) =   304.97  PRESS =   -32.5
 Etot   =    -19072.3112  EKtot   =      4866.1025  EPtot      =    -23938.4137
 BOND   =       167.3603  ANGLE   =       434.4595  DIHED      =       655.2297
 1-4 NB =       174.5560  1-4 EEL =      2492.1486  VDWAALS    =      2937.8197
 EELEC  =    -30829.1776  EHBOND  =         0.0000  RESTRAINT  =        29.1901
 EAMBER (non-restraint)  =    -23967.6038
 EKCMT  =      2130.9473  VIRIAL  =      2185.8918  VOLUME     =     78345.7955
                                                    Density    =         1.0193
 ------------------------------------------------------------------------------

wrapping first mol.:       15.54527       21.98433       38.07798
wrapping first mol.:       15.54527       21.98433       38.07798

 NSTEP =    35500   TIME(PS) =    1811.000  TEMP(K) =   299.40  PRESS =   -76.5
 Etot   =    -19178.7975  EKtot   =      4777.3252  EPtot      =    -23956.1227
 BOND   =       157.1628  ANGLE   =       423.8709  DIHED      =       673.1449
 1-4 NB =       170.5871  1-4 EEL =      2482.7729  VDWAALS    =      2979.7038
 EELEC  =    -30870.4535  EHBOND  =         0.0000  RESTRAINT  =        27.0882
 EAMBER (non-restraint)  =    -23983.2109
 EKCMT  =      2127.0693  VIRIAL  =      2256.0835  VOLUME     =     78079.9645
                                                    Density    =         1.0228
 ------------------------------------------------------------------------------

wrapping first mol.:       15.54144       21.97891       38.06859
wrapping first mol.:       15.54144       21.97891       38.06859

 NSTEP =    36000   TIME(PS) =    1812.000  TEMP(K) =   303.30  PRESS =   170.0
 Etot   =    -19007.4368  EKtot   =      4839.5269  EPtot      =    -23846.9636
 BOND   =       149.0427  ANGLE   =       435.8573  DIHED      =       662.8350
 1-4 NB =       173.8844  1-4 EEL =      2496.5295  VDWAALS    =      2890.9293
 EELEC  =    -30687.9737  EHBOND  =         0.0000  RESTRAINT  =        31.9317
 EAMBER (non-restraint)  =    -23878.8953
 EKCMT  =      2122.4456  VIRIAL  =      1836.0838  VOLUME     =     78020.5350
                                                    Density    =         1.0236
 ------------------------------------------------------------------------------

wrapping first mol.:       15.53429       21.96881       38.05109
wrapping first mol.:       15.53429       21.96881       38.05109

 NSTEP =    36500   TIME(PS) =    1813.000  TEMP(K) =   300.81  PRESS =   -81.3
 Etot   =    -19131.1732  EKtot   =      4799.7500  EPtot      =    -23930.9232
 BOND   =       154.7168  ANGLE   =       392.8224  DIHED      =       677.5396
 1-4 NB =       171.8252  1-4 EEL =      2492.4910  VDWAALS    =      2873.0862
 EELEC  =    -30718.8341  EHBOND  =         0.0000  RESTRAINT  =        25.4298
 EAMBER (non-restraint)  =    -23956.3530
 EKCMT  =      2077.0722  VIRIAL  =      2213.7586  VOLUME     =     77914.6798
                                                    Density    =         1.0250
 ------------------------------------------------------------------------------

wrapping first mol.:       15.52331       21.95328       38.02418
wrapping first mol.:       15.52331       21.95328       38.02418

 NSTEP =    37000   TIME(PS) =    1814.000  TEMP(K) =   306.62  PRESS =   155.9
 Etot   =    -19009.7610  EKtot   =      4892.5034  EPtot      =    -23902.2644
 BOND   =       158.0591  ANGLE   =       402.4262  DIHED      =       676.6054
 1-4 NB =       174.9069  1-4 EEL =      2505.2770  VDWAALS    =      2962.1069
 EELEC  =    -30806.3281  EHBOND  =         0.0000  RESTRAINT  =        24.6822
 EAMBER (non-restraint)  =    -23926.9467
 EKCMT  =      2127.8720  VIRIAL  =      1866.2289  VOLUME     =     77747.9056
                                                    Density    =         1.0272
 ------------------------------------------------------------------------------

wrapping first mol.:       15.53619       21.97149       38.05573
wrapping first mol.:       15.53619       21.97149       38.05573

 NSTEP =    37500   TIME(PS) =    1815.000  TEMP(K) =   295.52  PRESS =   280.6
 Etot   =    -19199.9268  EKtot   =      4715.3779  EPtot      =    -23915.3048
 BOND   =       149.7369  ANGLE   =       396.3498  DIHED      =       672.3284
 1-4 NB =       175.1127  1-4 EEL =      2505.8203  VDWAALS    =      2971.4086
 EELEC  =    -30813.5554  EHBOND  =         0.0000  RESTRAINT  =        27.4940
 EAMBER (non-restraint)  =    -23942.7987
 EKCMT  =      2081.1214  VIRIAL  =      1608.9475  VOLUME     =     77940.7054
                                                    Density    =         1.0246
 ------------------------------------------------------------------------------

wrapping first mol.:       15.55260       21.99470       38.09593
wrapping first mol.:       15.55260       21.99470       38.09593

 NSTEP =    38000   TIME(PS) =    1816.000  TEMP(K) =   298.22  PRESS =   142.8
 Etot   =    -19231.3337  EKtot   =      4758.5054  EPtot      =    -23989.8391
 BOND   =       137.8094  ANGLE   =       394.3977  DIHED      =       675.4337
 1-4 NB =       179.4798  1-4 EEL =      2473.9518  VDWAALS    =      2931.0529
 EELEC  =    -30810.8126  EHBOND  =         0.0000  RESTRAINT  =        28.8481
 EAMBER (non-restraint)  =    -24018.6872
 EKCMT  =      2141.4455  VIRIAL  =      1900.4129  VOLUME     =     78188.9444
                                                    Density    =         1.0214
 ------------------------------------------------------------------------------

wrapping first mol.:       15.53602       21.97125       38.05533
wrapping first mol.:       15.53602       21.97125       38.05533

 NSTEP =    38500   TIME(PS) =    1817.000  TEMP(K) =   299.13  PRESS =   -59.1
 Etot   =    -19115.9224  EKtot   =      4772.9927  EPtot      =    -23888.9150
 BOND   =       161.0995  ANGLE   =       384.1933  DIHED      =       662.6833
 1-4 NB =       181.0733  1-4 EEL =      2502.4788  VDWAALS    =      2923.9115
 EELEC  =    -30741.4754  EHBOND  =         0.0000  RESTRAINT  =        37.1207
 EAMBER (non-restraint)  =    -23926.0358
 EKCMT  =      2126.3931  VIRIAL  =      2225.9161  VOLUME     =     77940.5809
                                                    Density    =         1.0246
 ------------------------------------------------------------------------------

wrapping first mol.:       15.55244       21.99447       38.09553
wrapping first mol.:       15.55244       21.99447       38.09553

 NSTEP =    39000   TIME(PS) =    1818.000  TEMP(K) =   304.20  PRESS =  -325.1
 Etot   =    -19056.4686  EKtot   =      4853.9326  EPtot      =    -23910.4012
 BOND   =       159.2914  ANGLE   =       408.5272  DIHED      =       681.1704
 1-4 NB =       176.3637  1-4 EEL =      2514.1480  VDWAALS    =      2836.7608
 EELEC  =    -30718.3002  EHBOND  =         0.0000  RESTRAINT  =        31.6375
 EAMBER (non-restraint)  =    -23942.0387
 EKCMT  =      2167.1482  VIRIAL  =      2715.9767  VOLUME     =     78189.7119
                                                    Density    =         1.0214
 ------------------------------------------------------------------------------

wrapping first mol.:       15.56701       22.01507       38.13122
wrapping first mol.:       15.56701       22.01507       38.13122

 NSTEP =    39500   TIME(PS) =    1819.000  TEMP(K) =   297.35  PRESS =   115.6
 Etot   =    -19201.7709  EKtot   =      4744.5195  EPtot      =    -23946.2905
 BOND   =       150.7556  ANGLE   =       413.1221  DIHED      =       676.5586
 1-4 NB =       181.3351  1-4 EEL =      2520.0997  VDWAALS    =      2963.0260
 EELEC  =    -30877.3960  EHBOND  =         0.0000  RESTRAINT  =        26.2085
 EAMBER (non-restraint)  =    -23972.4990
 EKCMT  =      2120.1191  VIRIAL  =      1924.3590  VOLUME     =     78406.5879
                                                    Density    =         1.0185
 ------------------------------------------------------------------------------

wrapping first mol.:       15.55453       21.99743       38.10066
wrapping first mol.:       15.55453       21.99743       38.10066

 NSTEP =    40000   TIME(PS) =    1820.000  TEMP(K) =   303.19  PRESS =    37.6
 Etot   =    -19086.0440  EKtot   =      4837.7876  EPtot      =    -23923.8316
 BOND   =       155.0232  ANGLE   =       390.3123  DIHED      =       677.6982
 1-4 NB =       171.6930  1-4 EEL =      2509.9778  VDWAALS    =      2891.0996
 EELEC  =    -30750.6943  EHBOND  =         0.0000  RESTRAINT  =        31.0587
 EAMBER (non-restraint)  =    -23954.8903
 EKCMT  =      2153.8247  VIRIAL  =      2090.4035  VOLUME     =     78218.7970
                                                    Density    =         1.0210
 ------------------------------------------------------------------------------

wrapping first mol.:       15.55657       22.00031       38.10564
wrapping first mol.:       15.55657       22.00031       38.10564

 NSTEP =    40500   TIME(PS) =    1821.000  TEMP(K) =   294.98  PRESS =    22.2
 Etot   =    -19251.3534  EKtot   =      4706.7646  EPtot      =    -23958.1180
 BOND   =       149.3500  ANGLE   =       418.4750  DIHED      =       671.2777
 1-4 NB =       171.0030  1-4 EEL =      2499.8396  VDWAALS    =      2923.5197
 EELEC  =    -30818.8773  EHBOND  =         0.0000  RESTRAINT  =        27.2944
 EAMBER (non-restraint)  =    -23985.4124
 EKCMT  =      2106.9759  VIRIAL  =      2069.4972  VOLUME     =     78249.5926
                                                    Density    =         1.0206
 ------------------------------------------------------------------------------

wrapping first mol.:       15.55301       21.99527       38.09692
wrapping first mol.:       15.55301       21.99527       38.09692

 NSTEP =    41000   TIME(PS) =    1822.000  TEMP(K) =   301.09  PRESS =   -17.4
 Etot   =    -18981.5190  EKtot   =      4804.1797  EPtot      =    -23785.6986
 BOND   =       144.9130  ANGLE   =       445.9581  DIHED      =       679.1068
 1-4 NB =       179.8329  1-4 EEL =      2498.7042  VDWAALS    =      2886.3856
 EELEC  =    -30640.0895  EHBOND  =         0.0000  RESTRAINT  =        19.4901
 EAMBER (non-restraint)  =    -23805.1888
 EKCMT  =      2110.0859  VIRIAL  =      2139.4534  VOLUME     =     78196.1452
                                                    Density    =         1.0213
 ------------------------------------------------------------------------------

wrapping first mol.:       15.54591       21.98524       38.07955
wrapping first mol.:       15.54591       21.98524       38.07955

 NSTEP =    41500   TIME(PS) =    1823.000  TEMP(K) =   299.13  PRESS =  -390.6
 Etot   =    -19158.6503  EKtot   =      4772.9272  EPtot      =    -23931.5776
 BOND   =       154.2914  ANGLE   =       420.1854  DIHED      =       673.7019
 1-4 NB =       183.5419  1-4 EEL =      2505.1073  VDWAALS    =      2816.1616
 EELEC  =    -30711.8997  EHBOND  =         0.0000  RESTRAINT  =        27.3326
 EAMBER (non-restraint)  =    -23958.9102
 EKCMT  =      2067.1927  VIRIAL  =      2725.7471  VOLUME     =     78091.7925
                                                    Density    =         1.0227
 ------------------------------------------------------------------------------

wrapping first mol.:       15.53781       21.97378       38.05970
wrapping first mol.:       15.53781       21.97378       38.05970

 NSTEP =    42000   TIME(PS) =    1824.000  TEMP(K) =   298.36  PRESS =   176.9
 Etot   =    -19027.9809  EKtot   =      4760.6299  EPtot      =    -23788.6107
 BOND   =       146.7992  ANGLE   =       430.3616  DIHED      =       675.2651
 1-4 NB =       175.7665  1-4 EEL =      2484.3169  VDWAALS    =      2934.7940
 EELEC  =    -30668.4278  EHBOND  =         0.0000  RESTRAINT  =        32.5137
 EAMBER (non-restraint)  =    -23821.1244
 EKCMT  =      2103.4412  VIRIAL  =      1805.6227  VOLUME     =     77965.8330
                                                    Density    =         1.0243
 ------------------------------------------------------------------------------

wrapping first mol.:       15.54698       21.98675       38.08216
wrapping first mol.:       15.54698       21.98675       38.08216

 NSTEP =    42500   TIME(PS) =    1825.000  TEMP(K) =   305.31  PRESS =   104.2
 Etot   =    -18987.5757  EKtot   =      4871.6064  EPtot      =    -23859.1821
 BOND   =       160.7432  ANGLE   =       416.1346  DIHED      =       676.7215
 1-4 NB =       175.1954  1-4 EEL =      2480.2134  VDWAALS    =      2899.5803
 EELEC  =    -30693.1751  EHBOND  =         0.0000  RESTRAINT  =        25.4047
 EAMBER (non-restraint)  =    -23884.5868
 EKCMT  =      2166.3500  VIRIAL  =      1990.7125  VOLUME     =     78104.4502
                                                    Density    =         1.0225
 ------------------------------------------------------------------------------

wrapping first mol.:       15.56039       22.00572       38.11502
wrapping first mol.:       15.56039       22.00572       38.11502

 NSTEP =    43000   TIME(PS) =    1826.000  TEMP(K) =   296.48  PRESS =   134.9
 Etot   =    -19015.1983  EKtot   =      4730.6318  EPtot      =    -23745.8301
 BOND   =       154.9953  ANGLE   =       403.3027  DIHED      =       683.1734
 1-4 NB =       167.8214  1-4 EEL =      2487.9633  VDWAALS    =      2848.1674
 EELEC  =    -30519.4679  EHBOND  =         0.0000  RESTRAINT  =        28.2142
 EAMBER (non-restraint)  =    -23774.0443
 EKCMT  =      2097.2524  VIRIAL  =      1869.1071  VOLUME     =     78306.5452
                                                    Density    =         1.0198
 ------------------------------------------------------------------------------

wrapping first mol.:       15.56955       22.01866       38.13744
wrapping first mol.:       15.56955       22.01866       38.13744

 NSTEP =    43500   TIME(PS) =    1827.000  TEMP(K) =   301.21  PRESS =  -180.3
 Etot   =    -19198.5337  EKtot   =      4806.1963  EPtot      =    -24004.7300
 BOND   =       149.8838  ANGLE   =       403.2863  DIHED      =       666.7302
 1-4 NB =       185.7994  1-4 EEL =      2507.0788  VDWAALS    =      2867.3708
 EELEC  =    -30809.1816  EHBOND  =         0.0000  RESTRAINT  =        24.3022
 EAMBER (non-restraint)  =    -24029.0322
 EKCMT  =      2121.6508  VIRIAL  =      2426.9702  VOLUME     =     78447.0492
                                                    Density    =         1.0180
 ------------------------------------------------------------------------------

wrapping first mol.:       15.55371       21.99626       38.09864
wrapping first mol.:       15.55371       21.99626       38.09864

 NSTEP =    44000   TIME(PS) =    1828.000  TEMP(K) =   299.86  PRESS =   -58.8
 Etot   =    -19214.3557  EKtot   =      4784.5547  EPtot      =    -23998.9104
 BOND   =       132.0536  ANGLE   =       400.5737  DIHED      =       684.1431
 1-4 NB =       175.9004  1-4 EEL =      2522.1746  VDWAALS    =      2920.5058
 EELEC  =    -30861.0238  EHBOND  =         0.0000  RESTRAINT  =        26.7620
 EAMBER (non-restraint)  =    -24025.6724
 EKCMT  =      2125.1365  VIRIAL  =      2224.4121  VOLUME     =     78206.9938
                                                    Density    =         1.0211
 ------------------------------------------------------------------------------

wrapping first mol.:       15.53787       21.97386       38.05984
wrapping first mol.:       15.53787       21.97386       38.05984

 NSTEP =    44500   TIME(PS) =    1829.000  TEMP(K) =   304.30  PRESS =  -487.8
 Etot   =    -18940.5603  EKtot   =      4855.5039  EPtot      =    -23796.0642
 BOND   =       173.7811  ANGLE   =       398.2677  DIHED      =       668.0328
 1-4 NB =       178.0107  1-4 EEL =      2484.7825  VDWAALS    =      2674.1313
 EELEC  =    -30396.4008  EHBOND  =         0.0000  RESTRAINT  =        23.3305
 EAMBER (non-restraint)  =    -23819.3946
 EKCMT  =      2138.4220  VIRIAL  =      2959.6829  VOLUME     =     77971.2836
                                                    Density    =         1.0242
 ------------------------------------------------------------------------------

wrapping first mol.:       15.53133       21.96462       38.04384
wrapping first mol.:       15.53133       21.96462       38.04384

 NSTEP =    45000   TIME(PS) =    1830.000  TEMP(K) =   302.23  PRESS =   349.3
 Etot   =    -19040.2767  EKtot   =      4822.4189  EPtot      =    -23862.6956
 BOND   =       149.9107  ANGLE   =       442.9030  DIHED      =       687.2616
 1-4 NB =       181.8012  1-4 EEL =      2490.5885  VDWAALS    =      3022.2775
 EELEC  =    -30861.7133  EHBOND  =         0.0000  RESTRAINT  =        24.2752
 EAMBER (non-restraint)  =    -23886.9708
 EKCMT  =      2107.5115  VIRIAL  =      1520.2069  VOLUME     =     77867.1898
                                                    Density    =         1.0256
 ------------------------------------------------------------------------------

wrapping first mol.:       15.54706       21.98686       38.08235
wrapping first mol.:       15.54706       21.98686       38.08235

 NSTEP =    45500   TIME(PS) =    1831.000  TEMP(K) =   299.67  PRESS =   275.6
 Etot   =    -19144.2734  EKtot   =      4781.5215  EPtot      =    -23925.7949
 BOND   =       162.5735  ANGLE   =       407.2515  DIHED      =       682.8401
 1-4 NB =       175.5936  1-4 EEL =      2509.2049  VDWAALS    =      2985.6374
 EELEC  =    -30875.0651  EHBOND  =         0.0000  RESTRAINT  =        26.1694
 EAMBER (non-restraint)  =    -23951.9643
 EKCMT  =      2130.7478  VIRIAL  =      1666.0335  VOLUME     =     78104.4184
                                                    Density    =         1.0225
 ------------------------------------------------------------------------------

wrapping first mol.:       15.53982       21.97663       38.06463
wrapping first mol.:       15.53982       21.97663       38.06463

 NSTEP =    46000   TIME(PS) =    1832.000  TEMP(K) =   300.87  PRESS =  -285.7
 Etot   =    -19127.6553  EKtot   =      4800.7944  EPtot      =    -23928.4497
 BOND   =       137.9048  ANGLE   =       419.1972  DIHED      =       663.8177
 1-4 NB =       179.3740  1-4 EEL =      2538.6643  VDWAALS    =      2778.2139
 EELEC  =    -30668.0980  EHBOND  =         0.0000  RESTRAINT  =        22.4764
 EAMBER (non-restraint)  =    -23950.9261
 EKCMT  =      2143.1761  VIRIAL  =      2624.2893  VOLUME     =     77999.3381
                                                    Density    =         1.0239
 ------------------------------------------------------------------------------

wrapping first mol.:       15.53160       21.96500       38.04449
wrapping first mol.:       15.53160       21.96500       38.04449

 NSTEP =    46500   TIME(PS) =    1833.000  TEMP(K) =   298.93  PRESS =   504.9
 Etot   =    -19182.3547  EKtot   =      4769.8135  EPtot      =    -23952.1682
 BOND   =       143.3188  ANGLE   =       407.6555  DIHED      =       673.8065
 1-4 NB =       178.1896  1-4 EEL =      2517.8888  VDWAALS    =      2950.0334
 EELEC  =    -30842.2215  EHBOND  =         0.0000  RESTRAINT  =        19.1608
 EAMBER (non-restraint)  =    -23971.3289
 EKCMT  =      2130.1460  VIRIAL  =      1281.2540  VOLUME     =     77870.1032
                                                    Density    =         1.0256
 ------------------------------------------------------------------------------

wrapping first mol.:       15.53827       21.97442       38.06082
wrapping first mol.:       15.53827       21.97442       38.06082

 NSTEP =    47000   TIME(PS) =    1834.000  TEMP(K) =   299.73  PRESS =    44.8
 Etot   =    -19134.6360  EKtot   =      4782.6084  EPtot      =    -23917.2444
 BOND   =       146.7899  ANGLE   =       399.7908  DIHED      =       683.0104
 1-4 NB =       178.5120  1-4 EEL =      2501.9716  VDWAALS    =      2969.3205
 EELEC  =    -30819.5292  EHBOND  =         0.0000  RESTRAINT  =        22.8896
 EAMBER (non-restraint)  =    -23940.1340
 EKCMT  =      2111.4164  VIRIAL  =      2035.9381  VOLUME     =     77973.5991
                                                    Density    =         1.0242
 ------------------------------------------------------------------------------

wrapping first mol.:       15.52852       21.96065       38.03695
wrapping first mol.:       15.52852       21.96065       38.03695

 NSTEP =    47500   TIME(PS) =    1835.000  TEMP(K) =   301.34  PRESS =     7.6
 Etot   =    -19130.7033  EKtot   =      4808.2881  EPtot      =    -23938.9914
 BOND   =       145.8230  ANGLE   =       417.9230  DIHED      =       687.7011
 1-4 NB =       183.9954  1-4 EEL =      2528.3752  VDWAALS    =      2932.5250
 EELEC  =    -30860.8120  EHBOND  =         0.0000  RESTRAINT  =        25.4778
 EAMBER (non-restraint)  =    -23964.4693
 EKCMT  =      2118.9449  VIRIAL  =      2106.0986  VOLUME     =     77827.2736
                                                    Density    =         1.0261
 ------------------------------------------------------------------------------

wrapping first mol.:       15.52971       21.96232       38.03985
wrapping first mol.:       15.52971       21.96232       38.03985

 NSTEP =    48000   TIME(PS) =    1836.000  TEMP(K) =   296.26  PRESS =   -24.1
 Etot   =    -19283.1901  EKtot   =      4727.1748  EPtot      =    -24010.3649
 BOND   =       152.4780  ANGLE   =       383.8076  DIHED      =       675.8911
 1-4 NB =       174.3438  1-4 EEL =      2513.3549  VDWAALS    =      2923.6369
 EELEC  =    -30856.5491  EHBOND  =         0.0000  RESTRAINT  =        22.6721
 EAMBER (non-restraint)  =    -24033.0369
 EKCMT  =      2052.0807  VIRIAL  =      2092.5656  VOLUME     =     77845.3068
                                                    Density    =         1.0259
 ------------------------------------------------------------------------------

wrapping first mol.:       15.52724       21.95884       38.03382
wrapping first mol.:       15.52724       21.95884       38.03382

 NSTEP =    48500   TIME(PS) =    1837.000  TEMP(K) =   306.20  PRESS =   -92.4
 Etot   =    -19162.1940  EKtot   =      4885.8237  EPtot      =    -24048.0177
 BOND   =       144.3527  ANGLE   =       405.3037  DIHED      =       692.1331
 1-4 NB =       181.7669  1-4 EEL =      2530.1197  VDWAALS    =      2986.0009
 EELEC  =    -31015.0387  EHBOND  =         0.0000  RESTRAINT  =        27.3440
 EAMBER (non-restraint)  =    -24075.3617
 EKCMT  =      2161.8988  VIRIAL  =      2317.1656  VOLUME     =     77808.7219
                                                    Density    =         1.0264
 ------------------------------------------------------------------------------

wrapping first mol.:       15.52931       21.96176       38.03888
wrapping first mol.:       15.52931       21.96176       38.03888

 NSTEP =    49000   TIME(PS) =    1838.000  TEMP(K) =   302.65  PRESS =  -143.4
 Etot   =    -19005.9610  EKtot   =      4829.1191  EPtot      =    -23835.0802
 BOND   =       160.5184  ANGLE   =       449.5810  DIHED      =       677.4338
 1-4 NB =       175.0147  1-4 EEL =      2509.3495  VDWAALS    =      2890.3976
 EELEC  =    -30723.5325  EHBOND  =         0.0000  RESTRAINT  =        26.1572
 EAMBER (non-restraint)  =    -23861.2373
 EKCMT  =      2124.3565  VIRIAL  =      2365.3370  VOLUME     =     77840.1789
                                                    Density    =         1.0260
 ------------------------------------------------------------------------------

wrapping first mol.:       15.53419       21.96866       38.05083
wrapping first mol.:       15.53419       21.96866       38.05083

 NSTEP =    49500   TIME(PS) =    1839.000  TEMP(K) =   300.62  PRESS =    95.3
 Etot   =    -19118.0404  EKtot   =      4796.8037  EPtot      =    -23914.8441
 BOND   =       144.7231  ANGLE   =       416.8763  DIHED      =       678.2097
 1-4 NB =       172.6643  1-4 EEL =      2529.7105  VDWAALS    =      2978.8482
 EELEC  =    -30869.5341  EHBOND  =         0.0000  RESTRAINT  =        33.6578
 EAMBER (non-restraint)  =    -23948.5020
 EKCMT  =      2093.3779  VIRIAL  =      1933.0679  VOLUME     =     77911.9043
                                                    Density    =         1.0250
 ------------------------------------------------------------------------------

wrapping first mol.:       15.52106       21.95009       38.01866
wrapping first mol.:       15.52106       21.95009       38.01866

 NSTEP =    50000   TIME(PS) =    1840.000  TEMP(K) =   300.96  PRESS =  -557.8
 Etot   =    -19276.9740  EKtot   =      4802.1147  EPtot      =    -24079.0887
 BOND   =       146.5793  ANGLE   =       431.7165  DIHED      =       671.8143
 1-4 NB =       176.4014  1-4 EEL =      2509.9191  VDWAALS    =      2801.7094
 EELEC  =    -30844.3884  EHBOND  =         0.0000  RESTRAINT  =        27.1596
 EAMBER (non-restraint)  =    -24106.2484
 EKCMT  =      2091.5719  VIRIAL  =      3027.5111  VOLUME     =     77718.9870
                                                    Density    =         1.0276
 ------------------------------------------------------------------------------


      A V E R A G E S   O V E R     100 S T E P S


 NSTEP =    50000   TIME(PS) =    1840.000  TEMP(K) =   300.74  PRESS =   -18.1
 Etot   =    -19108.0898  EKtot   =      4798.7129  EPtot      =    -23906.8027
 BOND   =       152.9511  ANGLE   =       413.8678  DIHED      =       676.6469
 1-4 NB =       174.9563  1-4 EEL =      2504.5082  VDWAALS    =      2914.8736
 EELEC  =    -30770.5377  EHBOND  =         0.0000  RESTRAINT  =        25.9312
 EAMBER (non-restraint)  =    -23932.7339
 EKCMT  =      2112.7094  VIRIAL  =      2143.1999  VOLUME     =     78112.3720
                                                    Density    =         1.0224
 ------------------------------------------------------------------------------


      R M S  F L U C T U A T I O N S


 NSTEP =    50000   TIME(PS) =    1840.000  TEMP(K) =     3.13  PRESS =   225.3
 Etot   =        86.4924  EKtot   =        49.9443  EPtot      =        75.4488
 BOND   =        10.2258  ANGLE   =        16.3347  DIHED      =         8.4770
 1-4 NB =         5.5937  1-4 EEL =        13.9000  VDWAALS    =        73.3041
 EELEC  =       124.0421  EHBOND  =         0.0000  RESTRAINT  =         3.5190
 EAMBER (non-restraint)  =        71.9298
 EKCMT  =        31.2707  VIRIAL  =       379.6677  VOLUME     =       182.3707
                                                    Density    =         0.0024
 ------------------------------------------------------------------------------

--------------------------------------------------------------------------------
   5.  TIMINGS
--------------------------------------------------------------------------------

|  NonSetup CPU Time in Major Routines:
|
|     Routine           Sec        %
|     ------------------------------
|     Nonbond          52.14   88.66
|     Bond              0.00    0.00
|     Angle             0.00    0.00
|     Dihedral          0.00    0.00
|     Shake             0.28    0.48
|     RunMD             6.33   10.77
|     Other             0.06    0.10
|     ------------------------------
|     Total            58.81

|  PME Nonbond Pairlist CPU Time:
|
|     Routine              Sec        %
|     ---------------------------------
|     Set Up Cit           0.00    0.00
|     Build List           0.00    0.00
|     ---------------------------------
|     Total                0.00    0.00

|  PME Direct Force CPU Time:
|
|     Routine              Sec        %
|     ---------------------------------
|     NonBonded Calc       0.00    0.00
|     Exclude Masked       0.00    0.00
|     Other                0.03    0.05
|     ---------------------------------
|     Total                0.03    0.05

|  PME Reciprocal Force CPU Time:
|
|     Routine              Sec        %
|     ---------------------------------
|     1D bspline           0.00    0.00
|     Grid Charges         0.00    0.00
|     Scalar Sum           0.00    0.00
|     Gradient Sum         0.00    0.00
|     FFT                  0.00    0.00
|     ---------------------------------
|     Total                0.00    0.00

|  Final Performance Info:
|     -----------------------------------------------------
|     Average timings for last   49500 steps:
|     Elapsed(s) =      58.23 Per Step(ms) =       1.18
|         ns/day =     146.90   seconds/ns =     588.15
|
|     Average timings for all steps:
|     Elapsed(s) =      58.82 Per Step(ms) =       1.18
|         ns/day =     146.89   seconds/ns =     588.18
|     -----------------------------------------------------

|  Setup CPU time:            0.37 seconds
|  NonSetup CPU time:        58.81 seconds
|  Total CPU time:           59.18 seconds     0.02 hours

|  Setup wall time:           0    seconds
|  NonSetup wall time:       59    seconds
|  Total wall time:          59    seconds     0.02 hours
