
          -------------------------------------------------------
          Amber 16 PMEMD                              2016
          -------------------------------------------------------

| PMEMD implementation of SANDER, Release 16

| Run on 06/17/2017 at 18:31:04

|   Executable path: pmemd.cuda
| Working directory: /home/german/alex/run/1im/mhe/e
|          Hostname: Unknown
  [-O]verwriting output

File Assignments:
|   MDIN: 19equ.in                                                              
|  MDOUT: 19equ.out                                                             
| INPCRD: 18e1im.rst7                                                           
|   PARM: /home/german/alex/top_files/1im.prmtop                                
| RESTRT: 19e1im.rst7                                                           
|   REFC: 18e1im.rst7                                                           
|  MDVEL: mdvel                                                                 
|   MDEN: mden                                                                  
|  MDCRD: 19e1im.nc                                                             
| MDINFO: mdinfo                                                                
|  MDFRC: mdfrc                                                                 


 Here is the input file:

Equilibration with solute restrictions                                         
&cntrl                                                                         
imin = 0,                           ! No Minimization                          
nmropt = 0,                         ! No NMR restraints read                   
                                                                               
! Nature and format of the input                                               
ntx = 5,                            ! Coordinates but no velocities will be rea
irest = 1,                          ! Do not run a new simulation              
                                                                               
! Nature and format of the output                                              
ntxo = 1,                           ! rstrt file in ASCII format               
ntpr = 500,                         ! inf in output every ntpr steps           
ntwr = 500,                         ! rstrt file every ntwr steps              
ntwx = 500,                         ! mdcrd file every ntwx steps              
ntwv = 0,                           ! mdvel without velocities                 
ntwe = 0,                           ! Energies and temperatures not written in 
idecomp = 0,                        ! No energy decomposition                  
iwrap = 1,                          ! Coordinates of the restart and mdcrd file
                                                                               
! Frozen or restrained atoms                                                   
ibelly = 0,                         ! No frozen atoms                          
ntr=1,                              ! Harmonic potential restraints            
restraint_wt = 0.8,                ! The weight for the positional restraints  
restraintmask = ':1-49@N,CA,C,O',  ! restrained residues                       
                                                                               
! Molecular dynamics                                                           
nstlim = 50000,                     ! Number of MD-steps                       
dt = 0.002,                         ! Time step                                
                                                                               
! Temperature regulation                                                       
ntt = 3,                            ! Langevin thermostat                      
gamma_ln = 5,                       ! Gamma constant for Langevin              
!temp0 = 300.0,                     ! Reference T at which the system is to be 
tempi = 300.0,                      ! Initial T                                
ig = -1,                            ! Seed for the RNG                         
                                                                               
! P and V regulation                                                           
ntp = 1,                            ! Constant P. Isotropic scaling            
barostat = 1,                       ! Berendsen barostat                       
taup = 1,                           ! Pressure relaxation time                 
nrespa = 1,                         ! Evaluate at each step                    
ntb = 2,                            ! Periodic box for constant P              
                                                                               
! SHAKE variables                                                              
ntc = 2,                            ! Bonds involving H are constrained        
ntf = 2,                            ! Bond interaction involving H are ommited.
                                                                               
cut = 10.0,                         ! Nonbonded cutoff                         
/                                                                              
&end                                                                           


Note: ig = -1. Setting random seed to   523474 based on wallclock time in 
      microseconds.
 
|--------------------- INFORMATION ----------------------
| GPU (CUDA) Version of PMEMD in use: NVIDIA GPU IN USE.
|                    Version 16.0.0
| 
|                      02/25/2016
| 
| Implementation by:
|                    Ross C. Walker     (SDSC)
|                    Scott Le Grand     (nVIDIA)
| 
| Precision model in use:
|      [SPFP] - Single Precision Forces, 64-bit Fixed Point
|               Accumulation. (Default)
| 
|--------------------------------------------------------
 
|----------------- CITATION INFORMATION -----------------
|
|    When publishing work that utilized the CUDA version
|    of AMBER, please cite the following in addition to
|    the regular AMBER citations:
|
|  - Romelia Salomon-Ferrer; Andreas W. Goetz; Duncan
|    Poole; Scott Le Grand; Ross C. Walker "Routine
|    microsecond molecular dynamics simulations with
|    AMBER - Part II: Particle Mesh Ewald", J. Chem.
|    Theory Comput., 2013, 9 (9), pp3878-3888,
|    DOI: 10.1021/ct400314y.
|
|  - Andreas W. Goetz; Mark J. Williamson; Dong Xu;
|    Duncan Poole; Scott Le Grand; Ross C. Walker
|    "Routine microsecond molecular dynamics simulations
|    with AMBER - Part I: Generalized Born", J. Chem.
|    Theory Comput., 2012, 8 (5), pp1542-1555.
|
|  - Scott Le Grand; Andreas W. Goetz; Ross C. Walker
|    "SPFP: Speed without compromise - a mixed precision
|    model for GPU accelerated molecular dynamics
|    simulations.", Comp. Phys. Comm., 2013, 184
|    pp374-380, DOI: 10.1016/j.cpc.2012.09.022
|
|--------------------------------------------------------
 
|------------------- GPU DEVICE INFO --------------------
|
|            CUDA_VISIBLE_DEVICES: 0
|   CUDA Capable Devices Detected:      1
|           CUDA Device ID in use:      0
|                CUDA Device Name: GeForce GTX 1060 6GB
|     CUDA Device Global Mem Size:   6072 MB
| CUDA Device Num Multiprocessors:     10
|           CUDA Device Core Freq:   1.76 GHz
|
|--------------------------------------------------------
 
 
| Conditional Compilation Defines Used:
| PUBFFT
| BINTRAJ
| CUDA
| EMIL

| Largest sphere to fit in unit cell has radius =    19.018

| New format PARM file being parsed.
| Version =    1.000 Date = 06/17/17 Time = 14:13:48

| Note: 1-4 EEL scale factors are being read from the topology file.

| Note: 1-4 VDW scale factors are being read from the topology file.
| Duplicated    0 dihedrals

| Duplicated    0 dihedrals

--------------------------------------------------------------------------------
   1.  RESOURCE   USE: 
--------------------------------------------------------------------------------

 getting new box info from bottom of inpcrd
 NATOM  =    7831 NTYPES =      17 NBONH =    7434 MBONA  =     402
 NTHETH =     874 MTHETA =     539 NPHIH =    1768 MPHIA  =    1685
 NHPARM =       0 NPARM  =       0 NNB   =   13683 NRES   =    2402
 NBONA  =     402 NTHETA =     539 NPHIA =    1685 NUMBND =      67
 NUMANG =     152 NPTRA  =     191 NATYP =      36 NPHB   =       1
 IFBOX  =       2 NMXRS  =      25 IFCAP =       0 NEXTRA =       0
 NCOPY  =       0

| Coordinate Index Table dimensions:     7    7    7
| Direct force subcell size =     6.6548    6.6548    6.6548

     BOX TYPE: TRUNCATED OCTAHEDRON

--------------------------------------------------------------------------------
   2.  CONTROL  DATA  FOR  THE  RUN
--------------------------------------------------------------------------------

default_name                                                                    

General flags:
     imin    =       0, nmropt  =       0

Nature and format of input:
     ntx     =       5, irest   =       1, ntrx    =       1

Nature and format of output:
     ntxo    =       1, ntpr    =     500, ntrx    =       1, ntwr    =     500
     iwrap   =       1, ntwx    =     500, ntwv    =       0, ntwe    =       0
     ioutfm  =       1, ntwprt  =       0, idecomp =       0, rbornstat=      0

Potential function:
     ntf     =       2, ntb     =       2, igb     =       0, nsnb    =      25
     ipol    =       0, gbsa    =       0, iesp    =       0
     dielc   =   1.00000, cut     =  10.00000, intdiel =   1.00000

Frozen or restrained atoms:
     ibelly  =       0, ntr     =       1
     restraint_wt =   0.80000

Molecular dynamics:
     nstlim  =     50000, nscm    =         0, nrespa  =         1
     t       =   0.00000, dt      =   0.00200, vlimit  =  -1.00000

Langevin dynamics temperature regulation:
     ig      =  523474
     temp0   = 300.00000, tempi   = 300.00000, gamma_ln=   5.00000

Pressure regulation:
     ntp     =       1
     pres0   =   1.00000, comp    =  44.60000, taup    =   1.00000

SHAKE:
     ntc     =       2, jfastw  =       0
     tol     =   0.00001

| Intermolecular bonds treatment:
|     no_intermolecular_bonds =       1

| Energy averages sample interval:
|     ene_avg_sampling =     500

Ewald parameters:
     verbose =       0, ew_type =       0, nbflag  =       1, use_pme =       1
     vdwmeth =       1, eedmeth =       1, netfrc  =       1
     Box X =   46.583   Box Y =   46.583   Box Z =   46.583
     Alpha =  109.471   Beta  =  109.471   Gamma =  109.471
     NFFT1 =   48       NFFT2 =   48       NFFT3 =   48
     Cutoff=   10.000   Tol   =0.100E-04
     Ewald Coefficient =  0.27511
     Interpolation order =    4

    LOADING THE CONSTRAINED ATOMS AS GROUPS


   5.  REFERENCE ATOM COORDINATES

  default_name                                                                    
     Mask :1-49@N,CA,C,O; matches   196 atoms

--------------------------------------------------------------------------------
   3.  ATOMIC COORDINATES AND VELOCITIES
--------------------------------------------------------------------------------

default_name                                                                    
 begin time read from input coords =  1940.000 ps

 
 Number of triangulated 3-point waters found:     2350

     Sum of charges from parm topology file =  -0.00000003
     Forcing neutrality...

| Dynamic Memory, Types Used:
| Reals              479019
| Integers           270038

| Nonbonded Pairs Initial Allocation:     2368681

| GPU memory information (estimate):
| KB of GPU memory in use:     72160
| KB of CPU memory in use:     14337

--------------------------------------------------------------------------------
   4.  RESULTS
--------------------------------------------------------------------------------

 ---------------------------------------------------
 APPROXIMATING switch and d/dx switch using CUBIC SPLINE INTERPOLATION
 using   5000.0 points per unit in tabled values
 TESTING RELATIVE ERROR over r ranging from 0.0 to cutoff
| CHECK switch(x): max rel err =   0.2738E-14   at   2.422500
| CHECK d/dx switch(x): max rel err =   0.8314E-11   at   2.736960
 ---------------------------------------------------
|---------------------------------------------------
| APPROXIMATING direct energy using CUBIC SPLINE INTERPOLATION
|  with   50.0 points per unit in tabled values
| Relative Error Limit not exceeded for r .gt.   2.33
| APPROXIMATING direct force using CUBIC SPLINE INTERPOLATION
|  with   50.0 points per unit in tabled values
| Relative Error Limit not exceeded for r .gt.   2.80
|---------------------------------------------------
wrapping first mol.:       15.55358       21.99609       38.09834
wrapping first mol.:       15.55358       21.99609       38.09834

 NSTEP =      500   TIME(PS) =    1941.000  TEMP(K) =   296.54  PRESS =  -327.6
 Etot   =    -19158.7899  EKtot   =      4731.5815  EPtot      =    -23890.3714
 BOND   =       159.7878  ANGLE   =       410.6698  DIHED      =       667.8772
 1-4 NB =       170.9081  1-4 EEL =      2486.6724  VDWAALS    =      2858.8206
 EELEC  =    -30663.3498  EHBOND  =         0.0000  RESTRAINT  =        18.2425
 EAMBER (non-restraint)  =    -23908.6140
 EKCMT  =      2082.5629  VIRIAL  =      2635.8040  VOLUME     =     78207.0292
                                                    Density    =         1.0211
 ------------------------------------------------------------------------------

wrapping first mol.:       15.54999       21.99101       38.08955
wrapping first mol.:       15.54999       21.99101       38.08955

 NSTEP =     1000   TIME(PS) =    1942.000  TEMP(K) =   301.00  PRESS =   259.2
 Etot   =    -19019.9022  EKtot   =      4802.8550  EPtot      =    -23822.7572
 BOND   =       166.5871  ANGLE   =       411.0241  DIHED      =       696.0782
 1-4 NB =       171.0643  1-4 EEL =      2485.6290  VDWAALS    =      2905.8493
 EELEC  =    -30676.5261  EHBOND  =         0.0000  RESTRAINT  =        17.5370
 EAMBER (non-restraint)  =    -23840.2942
 EKCMT  =      2135.1060  VIRIAL  =      1697.6931  VOLUME     =     78148.8217
                                                    Density    =         1.0219
 ------------------------------------------------------------------------------

wrapping first mol.:       15.53426       21.96876       38.05100
wrapping first mol.:       15.53426       21.96876       38.05100

 NSTEP =     1500   TIME(PS) =    1943.000  TEMP(K) =   297.71  PRESS =  -100.7
 Etot   =    -19185.4137  EKtot   =      4750.2847  EPtot      =    -23935.6984
 BOND   =       139.4768  ANGLE   =       414.4528  DIHED      =       676.8777
 1-4 NB =       171.4856  1-4 EEL =      2490.2080  VDWAALS    =      2890.7212
 EELEC  =    -30739.2373  EHBOND  =         0.0000  RESTRAINT  =        20.3170
 EAMBER (non-restraint)  =    -23956.0154
 EKCMT  =      2082.3820  VIRIAL  =      2251.7242  VOLUME     =     77914.2757
                                                    Density    =         1.0250
 ------------------------------------------------------------------------------

wrapping first mol.:       15.52639       21.95763       38.03173
wrapping first mol.:       15.52639       21.95763       38.03173

 NSTEP =     2000   TIME(PS) =    1944.000  TEMP(K) =   305.82  PRESS =   178.7
 Etot   =    -19092.5424  EKtot   =      4879.6558  EPtot      =    -23972.1981
 BOND   =       138.9978  ANGLE   =       421.9876  DIHED      =       654.3941
 1-4 NB =       172.0280  1-4 EEL =      2505.6126  VDWAALS    =      2968.7837
 EELEC  =    -30856.5519  EHBOND  =         0.0000  RESTRAINT  =        22.5500
 EAMBER (non-restraint)  =    -23994.7482
 EKCMT  =      2159.3505  VIRIAL  =      1859.2325  VOLUME     =     77794.0402
                                                    Density    =         1.0266
 ------------------------------------------------------------------------------

wrapping first mol.:       15.54040       21.97745       38.06605
wrapping first mol.:       15.54040       21.97745       38.06605

 NSTEP =     2500   TIME(PS) =    1945.000  TEMP(K) =   306.01  PRESS =  -482.6
 Etot   =    -19072.1447  EKtot   =      4882.7075  EPtot      =    -23954.8522
 BOND   =       139.6131  ANGLE   =       425.9590  DIHED      =       672.8354
 1-4 NB =       163.8724  1-4 EEL =      2505.0691  VDWAALS    =      2777.1990
 EELEC  =    -30657.2237  EHBOND  =         0.0000  RESTRAINT  =        17.8235
 EAMBER (non-restraint)  =    -23972.6757
 EKCMT  =      2161.3967  VIRIAL  =      2974.3098  VOLUME     =     78009.4644
                                                    Density    =         1.0237
 ------------------------------------------------------------------------------

wrapping first mol.:       15.52925       21.96168       38.03874
wrapping first mol.:       15.52925       21.96168       38.03874

 NSTEP =     3000   TIME(PS) =    1946.000  TEMP(K) =   305.59  PRESS =   246.5
 Etot   =    -19007.7134  EKtot   =      4876.0938  EPtot      =    -23883.8072
 BOND   =       171.5931  ANGLE   =       441.2386  DIHED      =       665.6493
 1-4 NB =       178.9836  1-4 EEL =      2498.4782  VDWAALS    =      2981.9042
 EELEC  =    -30840.6045  EHBOND  =         0.0000  RESTRAINT  =        18.9503
 EAMBER (non-restraint)  =    -23902.7575
 EKCMT  =      2119.9376  VIRIAL  =      1705.6183  VOLUME     =     77836.5627
                                                    Density    =         1.0260
 ------------------------------------------------------------------------------

wrapping first mol.:       15.53751       21.97336       38.05897
wrapping first mol.:       15.53751       21.97336       38.05897

 NSTEP =     3500   TIME(PS) =    1947.000  TEMP(K) =   304.96  PRESS =   394.3
 Etot   =    -19011.8916  EKtot   =      4866.0596  EPtot      =    -23877.9512
 BOND   =       159.9662  ANGLE   =       397.1454  DIHED      =       662.4312
 1-4 NB =       183.7420  1-4 EEL =      2507.2752  VDWAALS    =      2862.4177
 EELEC  =    -30667.2060  EHBOND  =         0.0000  RESTRAINT  =        16.2772
 EAMBER (non-restraint)  =    -23894.2284
 EKCMT  =      2083.1569  VIRIAL  =      1419.4105  VOLUME     =     77959.8182
                                                    Density    =         1.0244
 ------------------------------------------------------------------------------

wrapping first mol.:       15.52545       21.95630       38.02942
wrapping first mol.:       15.52545       21.95630       38.02942

 NSTEP =     4000   TIME(PS) =    1948.000  TEMP(K) =   299.70  PRESS =   128.5
 Etot   =    -19124.8279  EKtot   =      4781.9897  EPtot      =    -23906.8177
 BOND   =       142.6492  ANGLE   =       417.0827  DIHED      =       665.1471
 1-4 NB =       175.5671  1-4 EEL =      2504.5273  VDWAALS    =      2992.5401
 EELEC  =    -30824.0673  EHBOND  =         0.0000  RESTRAINT  =        19.7361
 EAMBER (non-restraint)  =    -23926.5538
 EKCMT  =      2135.3594  VIRIAL  =      1919.6040  VOLUME     =     77780.2034
                                                    Density    =         1.0267
 ------------------------------------------------------------------------------

wrapping first mol.:       15.53088       21.96398       38.04273
wrapping first mol.:       15.53088       21.96398       38.04273

 NSTEP =     4500   TIME(PS) =    1949.000  TEMP(K) =   302.40  PRESS =  -336.6
 Etot   =    -19235.9797  EKtot   =      4825.1484  EPtot      =    -24061.1281
 BOND   =       175.3487  ANGLE   =       394.1845  DIHED      =       664.2451
 1-4 NB =       166.3684  1-4 EEL =      2504.7337  VDWAALS    =      2948.6751
 EELEC  =    -30934.7285  EHBOND  =         0.0000  RESTRAINT  =        20.0448
 EAMBER (non-restraint)  =    -24081.1729
 EKCMT  =      2148.9403  VIRIAL  =      2714.8336  VOLUME     =     77865.1120
                                                    Density    =         1.0256
 ------------------------------------------------------------------------------

wrapping first mol.:       15.55894       22.00366       38.11146
wrapping first mol.:       15.55894       22.00366       38.11146

 NSTEP =     5000   TIME(PS) =    1950.000  TEMP(K) =   296.41  PRESS =   630.7
 Etot   =    -19238.4433  EKtot   =      4729.5024  EPtot      =    -23967.9458
 BOND   =       139.6738  ANGLE   =       385.0683  DIHED      =       669.7187
 1-4 NB =       170.2184  1-4 EEL =      2498.3224  VDWAALS    =      3100.2611
 EELEC  =    -30952.7729  EHBOND  =         0.0000  RESTRAINT  =        21.5644
 EAMBER (non-restraint)  =    -23989.5101
 EKCMT  =      2051.4450  VIRIAL  =       985.4696  VOLUME     =     78281.1838
                                                    Density    =         1.0202
 ------------------------------------------------------------------------------

wrapping first mol.:       15.57092       22.02060       38.14080
wrapping first mol.:       15.57092       22.02060       38.14080

 NSTEP =     5500   TIME(PS) =    1951.000  TEMP(K) =   300.80  PRESS =  -395.3
 Etot   =    -19136.3589  EKtot   =      4799.5420  EPtot      =    -23935.9009
 BOND   =       145.1414  ANGLE   =       439.2258  DIHED      =       673.6451
 1-4 NB =       166.7819  1-4 EEL =      2474.5659  VDWAALS    =      2843.6007
 EELEC  =    -30699.6008  EHBOND  =         0.0000  RESTRAINT  =        20.7393
 EAMBER (non-restraint)  =    -23956.6401
 EKCMT  =      2082.4763  VIRIAL  =      2752.1410  VOLUME     =     78469.2580
                                                    Density    =         1.0177
 ------------------------------------------------------------------------------

wrapping first mol.:       15.57088       22.02055       38.14071
wrapping first mol.:       15.57088       22.02055       38.14071

 NSTEP =     6000   TIME(PS) =    1952.000  TEMP(K) =   302.23  PRESS =  -554.9
 Etot   =    -19102.2853  EKtot   =      4822.3945  EPtot      =    -23924.6798
 BOND   =       177.6027  ANGLE   =       405.1192  DIHED      =       652.8580
 1-4 NB =       173.1134  1-4 EEL =      2505.6203  VDWAALS    =      2833.8114
 EELEC  =    -30695.6753  EHBOND  =         0.0000  RESTRAINT  =        22.8704
 EAMBER (non-restraint)  =    -23947.5502
 EKCMT  =      2132.3638  VIRIAL  =      3072.4829  VOLUME     =     78469.8335
                                                    Density    =         1.0177
 ------------------------------------------------------------------------------

wrapping first mol.:       15.54726       21.98715       38.08286
wrapping first mol.:       15.54726       21.98715       38.08286

 NSTEP =     6500   TIME(PS) =    1953.000  TEMP(K) =   298.77  PRESS =    75.4
 Etot   =    -19207.0706  EKtot   =      4767.2314  EPtot      =    -23974.3020
 BOND   =       162.2256  ANGLE   =       391.1013  DIHED      =       676.2525
 1-4 NB =       171.5277  1-4 EEL =      2469.8729  VDWAALS    =      2840.0610
 EELEC  =    -30708.9925  EHBOND  =         0.0000  RESTRAINT  =        23.6495
 EAMBER (non-restraint)  =    -23997.9515
 EKCMT  =      2102.3869  VIRIAL  =      1975.2457  VOLUME     =     78108.9102
                                                    Density    =         1.0224
 ------------------------------------------------------------------------------

wrapping first mol.:       15.54652       21.98610       38.08104
wrapping first mol.:       15.54652       21.98610       38.08104

 NSTEP =     7000   TIME(PS) =    1954.000  TEMP(K) =   295.78  PRESS =   637.9
 Etot   =    -19134.3905  EKtot   =      4719.5532  EPtot      =    -23853.9437
 BOND   =       147.7007  ANGLE   =       423.7611  DIHED      =       670.1471
 1-4 NB =       176.0224  1-4 EEL =      2499.4310  VDWAALS    =      2918.6502
 EELEC  =    -30716.5646  EHBOND  =         0.0000  RESTRAINT  =        26.9084
 EAMBER (non-restraint)  =    -23880.8521
 EKCMT  =      2082.8237  VIRIAL  =      1007.2972  VOLUME     =     78093.8133
                                                    Density    =         1.0226
 ------------------------------------------------------------------------------

wrapping first mol.:       15.56015       22.00538       38.11443
wrapping first mol.:       15.56015       22.00538       38.11443

 NSTEP =     7500   TIME(PS) =    1955.000  TEMP(K) =   294.52  PRESS =    -1.0
 Etot   =    -19118.2204  EKtot   =      4699.4766  EPtot      =    -23817.6970
 BOND   =       184.2988  ANGLE   =       414.3853  DIHED      =       666.7932
 1-4 NB =       180.2306  1-4 EEL =      2531.2802  VDWAALS    =      2892.7209
 EELEC  =    -30705.4437  EHBOND  =         0.0000  RESTRAINT  =        18.0377
 EAMBER (non-restraint)  =    -23835.7347
 EKCMT  =      2113.6827  VIRIAL  =      2115.3420  VOLUME     =     78303.9014
                                                    Density    =         1.0199
 ------------------------------------------------------------------------------

wrapping first mol.:       15.55301       21.99527       38.09692
wrapping first mol.:       15.55301       21.99527       38.09692

 NSTEP =     8000   TIME(PS) =    1956.000  TEMP(K) =   303.36  PRESS =   126.4
 Etot   =    -18982.7363  EKtot   =      4840.4976  EPtot      =    -23823.2339
 BOND   =       161.5409  ANGLE   =       400.1094  DIHED      =       679.2348
 1-4 NB =       174.4019  1-4 EEL =      2507.2757  VDWAALS    =      2927.7231
 EELEC  =    -30696.8226  EHBOND  =         0.0000  RESTRAINT  =        23.3028
 EAMBER (non-restraint)  =    -23846.5367
 EKCMT  =      2106.2293  VIRIAL  =      1892.8210  VOLUME     =     78195.1538
                                                    Density    =         1.0213
 ------------------------------------------------------------------------------

wrapping first mol.:       15.53948       21.97615       38.06380
wrapping first mol.:       15.53948       21.97615       38.06380

 NSTEP =     8500   TIME(PS) =    1957.000  TEMP(K) =   295.99  PRESS =   -41.7
 Etot   =    -19303.6611  EKtot   =      4722.8828  EPtot      =    -24026.5439
 BOND   =       152.1221  ANGLE   =       404.0514  DIHED      =       666.1993
 1-4 NB =       175.2663  1-4 EEL =      2483.0075  VDWAALS    =      3003.5768
 EELEC  =    -30929.4125  EHBOND  =         0.0000  RESTRAINT  =        18.6451
 EAMBER (non-restraint)  =    -24045.1891
 EKCMT  =      2031.4426  VIRIAL  =      2101.6288  VOLUME     =     77992.5605
                                                    Density    =         1.0240
 ------------------------------------------------------------------------------

wrapping first mol.:       15.55282       21.99501       38.09647
wrapping first mol.:       15.55282       21.99501       38.09647

 NSTEP =     9000   TIME(PS) =    1958.000  TEMP(K) =   293.54  PRESS =     1.5
 Etot   =    -19135.7884  EKtot   =      4683.8276  EPtot      =    -23819.6160
 BOND   =       149.1266  ANGLE   =       413.2905  DIHED      =       669.7782
 1-4 NB =       174.8946  1-4 EEL =      2480.7127  VDWAALS    =      2818.0903
 EELEC  =    -30547.1016  EHBOND  =         0.0000  RESTRAINT  =        21.5927
 EAMBER (non-restraint)  =    -23841.2087
 EKCMT  =      2074.5053  VIRIAL  =      2071.9357  VOLUME     =     78193.2146
                                                    Density    =         1.0213
 ------------------------------------------------------------------------------

wrapping first mol.:       15.55349       21.99595       38.09810
wrapping first mol.:       15.55349       21.99595       38.09810

 NSTEP =     9500   TIME(PS) =    1959.000  TEMP(K) =   299.16  PRESS =     9.1
 Etot   =    -19140.0031  EKtot   =      4773.5112  EPtot      =    -23913.5143
 BOND   =       144.0558  ANGLE   =       380.6170  DIHED      =       680.3533
 1-4 NB =       180.5503  1-4 EEL =      2505.0276  VDWAALS    =      2839.5155
 EELEC  =    -30661.4467  EHBOND  =         0.0000  RESTRAINT  =        17.8128
 EAMBER (non-restraint)  =    -23931.3271
 EKCMT  =      2105.3487  VIRIAL  =      2090.0247  VOLUME     =     78203.2305
                                                    Density    =         1.0212
 ------------------------------------------------------------------------------

wrapping first mol.:       15.55007       21.99112       38.08973
wrapping first mol.:       15.55007       21.99112       38.08973

 NSTEP =    10000   TIME(PS) =    1960.000  TEMP(K) =   302.74  PRESS =    -0.5
 Etot   =    -19007.3649  EKtot   =      4830.5049  EPtot      =    -23837.8698
 BOND   =       192.9739  ANGLE   =       392.4211  DIHED      =       677.2855
 1-4 NB =       168.5130  1-4 EEL =      2487.4522  VDWAALS    =      2918.9308
 EELEC  =    -30706.2144  EHBOND  =         0.0000  RESTRAINT  =        30.7682
 EAMBER (non-restraint)  =    -23868.6380
 EKCMT  =      2104.6286  VIRIAL  =      2105.5208  VOLUME     =     78151.7366
                                                    Density    =         1.0219
 ------------------------------------------------------------------------------

wrapping first mol.:       15.53876       21.97512       38.06202
wrapping first mol.:       15.53876       21.97512       38.06202

 NSTEP =    10500   TIME(PS) =    1961.000  TEMP(K) =   297.96  PRESS =   -41.0
 Etot   =    -19311.1689  EKtot   =      4754.3462  EPtot      =    -24065.5151
 BOND   =       150.0518  ANGLE   =       418.6138  DIHED      =       646.8611
 1-4 NB =       176.5513  1-4 EEL =      2495.7696  VDWAALS    =      2903.2824
 EELEC  =    -30878.6849  EHBOND  =         0.0000  RESTRAINT  =        22.0399
 EAMBER (non-restraint)  =    -24087.5549
 EKCMT  =      2096.0005  VIRIAL  =      2164.9730  VOLUME     =     77981.6077
                                                    Density    =         1.0241
 ------------------------------------------------------------------------------

wrapping first mol.:       15.54719       21.98704       38.08267
wrapping first mol.:       15.54719       21.98704       38.08267

 NSTEP =    11000   TIME(PS) =    1962.000  TEMP(K) =   293.29  PRESS =   -76.1
 Etot   =    -19360.9924  EKtot   =      4679.7749  EPtot      =    -24040.7673
 BOND   =       145.5430  ANGLE   =       400.1761  DIHED      =       664.9538
 1-4 NB =       175.3243  1-4 EEL =      2504.8584  VDWAALS    =      2967.6998
 EELEC  =    -30919.3518  EHBOND  =         0.0000  RESTRAINT  =        20.0292
 EAMBER (non-restraint)  =    -24060.7964
 EKCMT  =      2062.3085  VIRIAL  =      2190.6733  VOLUME     =     78108.8183
                                                    Density    =         1.0224
 ------------------------------------------------------------------------------

wrapping first mol.:       15.54986       21.99082       38.08922
wrapping first mol.:       15.54986       21.99082       38.08922

 NSTEP =    11500   TIME(PS) =    1963.000  TEMP(K) =   295.63  PRESS =   -97.1
 Etot   =    -19258.8004  EKtot   =      4717.1572  EPtot      =    -23975.9576
 BOND   =       131.5247  ANGLE   =       405.6774  DIHED      =       662.7868
 1-4 NB =       181.7509  1-4 EEL =      2507.0976  VDWAALS    =      2935.0489
 EELEC  =    -30825.8508  EHBOND  =         0.0000  RESTRAINT  =        26.0067
 EAMBER (non-restraint)  =    -24001.9644
 EKCMT  =      2074.3987  VIRIAL  =      2238.2886  VOLUME     =     78149.2817
                                                    Density    =         1.0219
 ------------------------------------------------------------------------------

wrapping first mol.:       15.55126       21.99280       38.09264
wrapping first mol.:       15.55126       21.99280       38.09264

 NSTEP =    12000   TIME(PS) =    1964.000  TEMP(K) =   299.13  PRESS =  -383.2
 Etot   =    -19362.8988  EKtot   =      4773.0151  EPtot      =    -24135.9139
 BOND   =       144.7469  ANGLE   =       404.6819  DIHED      =       670.1678
 1-4 NB =       178.4210  1-4 EEL =      2495.7364  VDWAALS    =      2881.7842
 EELEC  =    -30933.7356  EHBOND  =         0.0000  RESTRAINT  =        22.2835
 EAMBER (non-restraint)  =    -24158.1974
 EKCMT  =      2145.9981  VIRIAL  =      2792.8376  VOLUME     =     78172.3548
                                                    Density    =         1.0216
 ------------------------------------------------------------------------------

wrapping first mol.:       15.53546       21.97046       38.05395
wrapping first mol.:       15.53546       21.97046       38.05395

 NSTEP =    12500   TIME(PS) =    1965.000  TEMP(K) =   300.23  PRESS =  -444.5
 Etot   =    -19288.2103  EKtot   =      4790.4409  EPtot      =    -24078.6512
 BOND   =       130.0534  ANGLE   =       386.8055  DIHED      =       655.2539
 1-4 NB =       181.6109  1-4 EEL =      2505.0618  VDWAALS    =      2921.8841
 EELEC  =    -30875.2289  EHBOND  =         0.0000  RESTRAINT  =        15.9081
 EAMBER (non-restraint)  =    -24094.5594
 EKCMT  =      2108.0537  VIRIAL  =      2856.0770  VOLUME     =     77934.8141
                                                    Density    =         1.0247
 ------------------------------------------------------------------------------

wrapping first mol.:       15.52262       21.95230       38.02249
wrapping first mol.:       15.52262       21.95230       38.02249

 NSTEP =    13000   TIME(PS) =    1966.000  TEMP(K) =   297.52  PRESS =  -414.1
 Etot   =    -19172.1994  EKtot   =      4747.2109  EPtot      =    -23919.4103
 BOND   =       147.6638  ANGLE   =       428.2417  DIHED      =       670.7770
 1-4 NB =       173.4056  1-4 EEL =      2495.8112  VDWAALS    =      2802.6848
 EELEC  =    -30660.6378  EHBOND  =         0.0000  RESTRAINT  =        22.6434
 EAMBER (non-restraint)  =    -23942.0537
 EKCMT  =      2072.3877  VIRIAL  =      2767.5368  VOLUME     =     77741.4520
                                                    Density    =         1.0273
 ------------------------------------------------------------------------------

wrapping first mol.:       15.51743       21.94496       38.00977
wrapping first mol.:       15.51743       21.94496       38.00977

 NSTEP =    13500   TIME(PS) =    1967.000  TEMP(K) =   298.55  PRESS =    80.2
 Etot   =    -19208.0620  EKtot   =      4763.6826  EPtot      =    -23971.7446
 BOND   =       147.6954  ANGLE   =       422.9029  DIHED      =       671.4291
 1-4 NB =       171.1949  1-4 EEL =      2508.0926  VDWAALS    =      2921.6452
 EELEC  =    -30836.7855  EHBOND  =         0.0000  RESTRAINT  =        22.0808
 EAMBER (non-restraint)  =    -23993.8254
 EKCMT  =      2109.1196  VIRIAL  =      1974.5887  VOLUME     =     77660.0684
                                                    Density    =         1.0283
 ------------------------------------------------------------------------------

wrapping first mol.:       15.51785       21.94555       38.01081
wrapping first mol.:       15.51785       21.94555       38.01081

 NSTEP =    14000   TIME(PS) =    1968.000  TEMP(K) =   297.11  PRESS =   115.2
 Etot   =    -19346.1600  EKtot   =      4740.6543  EPtot      =    -24086.8143
 BOND   =       146.4184  ANGLE   =       390.7379  DIHED      =       679.8950
 1-4 NB =       173.3060  1-4 EEL =      2498.0851  VDWAALS    =      2983.8340
 EELEC  =    -30984.0335  EHBOND  =         0.0000  RESTRAINT  =        24.9427
 EAMBER (non-restraint)  =    -24111.7570
 EKCMT  =      2069.8275  VIRIAL  =      1876.6976  VOLUME     =     77666.1462
                                                    Density    =         1.0283
 ------------------------------------------------------------------------------

wrapping first mol.:       15.51967       21.94813       38.01527
wrapping first mol.:       15.51967       21.94813       38.01527

 NSTEP =    14500   TIME(PS) =    1969.000  TEMP(K) =   300.70  PRESS =   -79.0
 Etot   =    -19164.7946  EKtot   =      4798.0454  EPtot      =    -23962.8400
 BOND   =       140.7666  ANGLE   =       418.9690  DIHED      =       686.7893
 1-4 NB =       172.1748  1-4 EEL =      2500.5928  VDWAALS    =      2857.0033
 EELEC  =    -30762.0009  EHBOND  =         0.0000  RESTRAINT  =        22.8651
 EAMBER (non-restraint)  =    -23985.7051
 EKCMT  =      2099.1059  VIRIAL  =      2231.5764  VOLUME     =     77694.8311
                                                    Density    =         1.0279
 ------------------------------------------------------------------------------

wrapping first mol.:       15.52908       21.96144       38.03833
wrapping first mol.:       15.52908       21.96144       38.03833

 NSTEP =    15000   TIME(PS) =    1970.000  TEMP(K) =   298.85  PRESS =   193.1
 Etot   =    -19185.8917  EKtot   =      4768.4268  EPtot      =    -23954.3184
 BOND   =       169.7899  ANGLE   =       424.3423  DIHED      =       669.4905
 1-4 NB =       176.3190  1-4 EEL =      2497.8327  VDWAALS    =      2952.6203
 EELEC  =    -30863.2925  EHBOND  =         0.0000  RESTRAINT  =        18.5794
 EAMBER (non-restraint)  =    -23972.8978
 EKCMT  =      2081.1961  VIRIAL  =      1756.6736  VOLUME     =     77834.4290
                                                    Density    =         1.0260
 ------------------------------------------------------------------------------

wrapping first mol.:       15.54363       21.98201       38.07395
wrapping first mol.:       15.54363       21.98201       38.07395

 NSTEP =    15500   TIME(PS) =    1971.000  TEMP(K) =   295.61  PRESS =   118.4
 Etot   =    -19182.9309  EKtot   =      4716.8687  EPtot      =    -23899.7996
 BOND   =       168.5200  ANGLE   =       428.8195  DIHED      =       673.0637
 1-4 NB =       187.7335  1-4 EEL =      2506.5685  VDWAALS    =      2904.8106
 EELEC  =    -30789.0051  EHBOND  =         0.0000  RESTRAINT  =        19.6897
 EAMBER (non-restraint)  =    -23919.4893
 EKCMT  =      2092.4449  VIRIAL  =      1892.9826  VOLUME     =     78053.8320
                                                    Density    =         1.0232
 ------------------------------------------------------------------------------

wrapping first mol.:       15.55609       21.99963       38.10448
wrapping first mol.:       15.55609       21.99963       38.10448

 NSTEP =    16000   TIME(PS) =    1972.000  TEMP(K) =   295.72  PRESS =    43.7
 Etot   =    -19176.0473  EKtot   =      4718.6304  EPtot      =    -23894.6777
 BOND   =       155.3877  ANGLE   =       411.5522  DIHED      =       675.7304
 1-4 NB =       177.0348  1-4 EEL =      2476.9262  VDWAALS    =      2957.3390
 EELEC  =    -30770.1581  EHBOND  =         0.0000  RESTRAINT  =        21.5100
 EAMBER (non-restraint)  =    -23916.1877
 EKCMT  =      2052.9456  VIRIAL  =      1979.1556  VOLUME     =     78242.2613
                                                    Density    =         1.0207
 ------------------------------------------------------------------------------

wrapping first mol.:       15.54502       21.98398       38.07736
wrapping first mol.:       15.54502       21.98398       38.07736

 NSTEP =    16500   TIME(PS) =    1973.000  TEMP(K) =   302.40  PRESS =  -115.5
 Etot   =    -19029.1072  EKtot   =      4825.2085  EPtot      =    -23854.3157
 BOND   =       158.8919  ANGLE   =       407.3509  DIHED      =       676.1385
 1-4 NB =       179.5743  1-4 EEL =      2509.7496  VDWAALS    =      2863.0836
 EELEC  =    -30672.7419  EHBOND  =         0.0000  RESTRAINT  =        23.6373
 EAMBER (non-restraint)  =    -23877.9531
 EKCMT  =      2092.2291  VIRIAL  =      2287.0120  VOLUME     =     78076.4417
                                                    Density    =         1.0229
 ------------------------------------------------------------------------------

wrapping first mol.:       15.54207       21.97981       38.07014
wrapping first mol.:       15.54207       21.97981       38.07014

 NSTEP =    17000   TIME(PS) =    1974.000  TEMP(K) =   298.83  PRESS =   -25.7
 Etot   =    -19191.8945  EKtot   =      4768.1689  EPtot      =    -23960.0635
 BOND   =       144.1364  ANGLE   =       423.3693  DIHED      =       675.2701
 1-4 NB =       177.6126  1-4 EEL =      2494.0514  VDWAALS    =      2847.4067
 EELEC  =    -30743.5051  EHBOND  =         0.0000  RESTRAINT  =        21.5951
 EAMBER (non-restraint)  =    -23981.6586
 EKCMT  =      2103.0173  VIRIAL  =      2146.2691  VOLUME     =     78031.3867
                                                    Density    =         1.0234
 ------------------------------------------------------------------------------

wrapping first mol.:       15.53057       21.96354       38.04196
wrapping first mol.:       15.53057       21.96354       38.04196

 NSTEP =    17500   TIME(PS) =    1975.000  TEMP(K) =   301.42  PRESS =   336.2
 Etot   =    -19150.1140  EKtot   =      4809.5303  EPtot      =    -23959.6443
 BOND   =       154.9206  ANGLE   =       410.0821  DIHED      =       666.3727
 1-4 NB =       181.5766  1-4 EEL =      2498.9454  VDWAALS    =      2989.3949
 EELEC  =    -30879.2478  EHBOND  =         0.0000  RESTRAINT  =        18.3112
 EAMBER (non-restraint)  =    -23977.9555
 EKCMT  =      2124.6510  VIRIAL  =      1559.4348  VOLUME     =     77855.7519
                                                    Density    =         1.0258
 ------------------------------------------------------------------------------

wrapping first mol.:       15.53218       21.96582       38.04592
wrapping first mol.:       15.53218       21.96582       38.04592

 NSTEP =    18000   TIME(PS) =    1976.000  TEMP(K) =   301.04  PRESS =  -124.7
 Etot   =    -19107.5965  EKtot   =      4803.5171  EPtot      =    -23911.1136
 BOND   =       157.7934  ANGLE   =       410.4454  DIHED      =       659.0983
 1-4 NB =       167.9903  1-4 EEL =      2494.0167  VDWAALS    =      2880.6645
 EELEC  =    -30703.4824  EHBOND  =         0.0000  RESTRAINT  =        22.3601
 EAMBER (non-restraint)  =    -23933.4737
 EKCMT  =      2105.4083  VIRIAL  =      2315.0856  VOLUME     =     77883.2348
                                                    Density    =         1.0254
 ------------------------------------------------------------------------------

wrapping first mol.:       15.55501       21.99811       38.10184
wrapping first mol.:       15.55501       21.99811       38.10184

 NSTEP =    18500   TIME(PS) =    1977.000  TEMP(K) =   306.34  PRESS =    68.1
 Etot   =    -19018.2989  EKtot   =      4888.0830  EPtot      =    -23906.3819
 BOND   =       147.1488  ANGLE   =       408.3501  DIHED      =       664.7441
 1-4 NB =       170.5122  1-4 EEL =      2510.3498  VDWAALS    =      2902.9654
 EELEC  =    -30738.4103  EHBOND  =         0.0000  RESTRAINT  =        27.9581
 EAMBER (non-restraint)  =    -23934.3400
 EKCMT  =      2172.5835  VIRIAL  =      2057.5152  VOLUME     =     78225.8588
                                                    Density    =         1.0209
 ------------------------------------------------------------------------------

wrapping first mol.:       15.57094       22.02064       38.14086
wrapping first mol.:       15.57094       22.02064       38.14086

 NSTEP =    19000   TIME(PS) =    1978.000  TEMP(K) =   296.78  PRESS =   -27.2
 Etot   =    -19180.5176  EKtot   =      4735.4688  EPtot      =    -23915.9864
 BOND   =       153.4181  ANGLE   =       401.1660  DIHED      =       669.4646
 1-4 NB =       174.4805  1-4 EEL =      2501.3430  VDWAALS    =      2917.3198
 EELEC  =    -30755.3205  EHBOND  =         0.0000  RESTRAINT  =        22.1422
 EAMBER (non-restraint)  =    -23938.1285
 EKCMT  =      2072.7119  VIRIAL  =      2118.7209  VOLUME     =     78467.0656
                                                    Density    =         1.0178
 ------------------------------------------------------------------------------

wrapping first mol.:       15.57783       22.03038       38.15773
wrapping first mol.:       15.57783       22.03038       38.15773

 NSTEP =    19500   TIME(PS) =    1979.000  TEMP(K) =   303.03  PRESS =   -98.0
 Etot   =    -19158.4852  EKtot   =      4835.2671  EPtot      =    -23993.7523
 BOND   =       158.0840  ANGLE   =       412.2169  DIHED      =       658.4076
 1-4 NB =       169.1735  1-4 EEL =      2503.1580  VDWAALS    =      2931.7585
 EELEC  =    -30853.0161  EHBOND  =         0.0000  RESTRAINT  =        26.4654
 EAMBER (non-restraint)  =    -24020.2177
 EKCMT  =      2152.6071  VIRIAL  =      2318.8203  VOLUME     =     78571.7562
                                                    Density    =         1.0164
 ------------------------------------------------------------------------------

wrapping first mol.:       15.56086       22.00637       38.11615
wrapping first mol.:       15.56086       22.00637       38.11615

 NSTEP =    20000   TIME(PS) =    1980.000  TEMP(K) =   299.55  PRESS =  -407.3
 Etot   =    -19291.0715  EKtot   =      4779.7075  EPtot      =    -24070.7790
 BOND   =       150.0845  ANGLE   =       362.5080  DIHED      =       661.3173
 1-4 NB =       184.8070  1-4 EEL =      2520.5055  VDWAALS    =      2877.8531
 EELEC  =    -30850.5619  EHBOND  =         0.0000  RESTRAINT  =        22.7075
 EAMBER (non-restraint)  =    -24093.4865
 EKCMT  =      2078.5710  VIRIAL  =      2767.2682  VOLUME     =     78317.3328
                                                    Density    =         1.0197
 ------------------------------------------------------------------------------

wrapping first mol.:       15.54798       21.98817       38.08462
wrapping first mol.:       15.54798       21.98817       38.08462

 NSTEP =    20500   TIME(PS) =    1981.000  TEMP(K) =   299.35  PRESS =  -242.2
 Etot   =    -19219.7244  EKtot   =      4776.5386  EPtot      =    -23996.2630
 BOND   =       133.6569  ANGLE   =       394.3425  DIHED      =       662.3969
 1-4 NB =       179.1359  1-4 EEL =      2496.4699  VDWAALS    =      2830.9018
 EELEC  =    -30712.1122  EHBOND  =         0.0000  RESTRAINT  =        18.9451
 EAMBER (non-restraint)  =    -24015.2081
 EKCMT  =      2067.7978  VIRIAL  =      2476.3101  VOLUME     =     78121.9846
                                                    Density    =         1.0223
 ------------------------------------------------------------------------------

wrapping first mol.:       15.54522       21.98425       38.07784
wrapping first mol.:       15.54522       21.98425       38.07784

 NSTEP =    21000   TIME(PS) =    1982.000  TEMP(K) =   301.25  PRESS =  -322.8
 Etot   =    -19034.1628  EKtot   =      4806.7954  EPtot      =    -23840.9582
 BOND   =       166.1053  ANGLE   =       396.9125  DIHED      =       677.0795
 1-4 NB =       173.8808  1-4 EEL =      2484.0283  VDWAALS    =      2796.2664
 EELEC  =    -30561.5161  EHBOND  =         0.0000  RESTRAINT  =        26.2853
 EAMBER (non-restraint)  =    -23867.2435
 EKCMT  =      2122.8038  VIRIAL  =      2667.0547  VOLUME     =     78080.8402
                                                    Density    =         1.0228
 ------------------------------------------------------------------------------

wrapping first mol.:       15.54244       21.98033       38.07105
wrapping first mol.:       15.54244       21.98033       38.07105

 NSTEP =    21500   TIME(PS) =    1983.000  TEMP(K) =   295.80  PRESS =   133.2
 Etot   =    -19277.8881  EKtot   =      4719.7837  EPtot      =    -23997.6718
 BOND   =       143.9060  ANGLE   =       420.5431  DIHED      =       679.2711
 1-4 NB =       181.7448  1-4 EEL =      2518.3826  VDWAALS    =      2905.9640
 EELEC  =    -30864.4723  EHBOND  =         0.0000  RESTRAINT  =        16.9890
 EAMBER (non-restraint)  =    -24014.6608
 EKCMT  =      2094.9769  VIRIAL  =      1870.5695  VOLUME     =     78035.8637
                                                    Density    =         1.0234
 ------------------------------------------------------------------------------

wrapping first mol.:       15.53300       21.96698       38.04792
wrapping first mol.:       15.53300       21.96698       38.04792

 NSTEP =    22000   TIME(PS) =    1984.000  TEMP(K) =   298.19  PRESS =  -287.1
 Etot   =    -19310.7537  EKtot   =      4758.0439  EPtot      =    -24068.7977
 BOND   =       138.6878  ANGLE   =       377.8398  DIHED      =       677.6699
 1-4 NB =       174.7718  1-4 EEL =      2497.0271  VDWAALS    =      2927.5877
 EELEC  =    -30885.6982  EHBOND  =         0.0000  RESTRAINT  =        23.3164
 EAMBER (non-restraint)  =    -24092.1141
 EKCMT  =      2123.2145  VIRIAL  =      2606.0167  VOLUME     =     77896.6674
                                                    Density    =         1.0252
 ------------------------------------------------------------------------------

wrapping first mol.:       15.53973       21.97650       38.06441
wrapping first mol.:       15.53973       21.97650       38.06441

 NSTEP =    22500   TIME(PS) =    1985.000  TEMP(K) =   292.71  PRESS =  -191.4
 Etot   =    -19215.9134  EKtot   =      4670.5474  EPtot      =    -23886.4608
 BOND   =       161.1653  ANGLE   =       415.8470  DIHED      =       658.2108
 1-4 NB =       171.3175  1-4 EEL =      2484.2291  VDWAALS    =      2874.9745
 EELEC  =    -30672.6388  EHBOND  =         0.0000  RESTRAINT  =        20.4339
 EAMBER (non-restraint)  =    -23906.8946
 EKCMT  =      2042.3816  VIRIAL  =      2364.7427  VOLUME     =     77997.3221
                                                    Density    =         1.0239
 ------------------------------------------------------------------------------

wrapping first mol.:       15.54058       21.97769       38.06648
wrapping first mol.:       15.54058       21.97769       38.06648

 NSTEP =    23000   TIME(PS) =    1986.000  TEMP(K) =   303.48  PRESS =  -350.2
 Etot   =    -19080.9557  EKtot   =      4842.3516  EPtot      =    -23923.3073
 BOND   =       149.4311  ANGLE   =       421.4396  DIHED      =       664.9759
 1-4 NB =       173.5013  1-4 EEL =      2490.6172  VDWAALS    =      2770.8725
 EELEC  =    -30617.7241  EHBOND  =         0.0000  RESTRAINT  =        23.5791
 EAMBER (non-restraint)  =    -23946.8864
 EKCMT  =      2145.4964  VIRIAL  =      2735.3207  VOLUME     =     78011.1431
                                                    Density    =         1.0237
 ------------------------------------------------------------------------------

wrapping first mol.:       15.55376       21.99634       38.09878
wrapping first mol.:       15.55376       21.99634       38.09878

 NSTEP =    23500   TIME(PS) =    1987.000  TEMP(K) =   301.99  PRESS =   238.1
 Etot   =    -19107.9032  EKtot   =      4818.6162  EPtot      =    -23926.5194
 BOND   =       134.2326  ANGLE   =       416.2278  DIHED      =       675.3449
 1-4 NB =       177.1356  1-4 EEL =      2509.2003  VDWAALS    =      3028.7571
 EELEC  =    -30890.9513  EHBOND  =         0.0000  RESTRAINT  =        23.5335
 EAMBER (non-restraint)  =    -23950.0529
 EKCMT  =      2096.3315  VIRIAL  =      1694.3461  VOLUME     =     78205.8085
                                                    Density    =         1.0212
 ------------------------------------------------------------------------------

wrapping first mol.:       15.55785       22.00212       38.10879
wrapping first mol.:       15.55785       22.00212       38.10879

 NSTEP =    24000   TIME(PS) =    1988.000  TEMP(K) =   302.03  PRESS =   -93.0
 Etot   =    -19060.6481  EKtot   =      4819.2832  EPtot      =    -23879.9313
 BOND   =       147.0075  ANGLE   =       387.0457  DIHED      =       671.4586
 1-4 NB =       179.2716  1-4 EEL =      2482.5784  VDWAALS    =      2909.0474
 EELEC  =    -30679.0290  EHBOND  =         0.0000  RESTRAINT  =        22.6885
 EAMBER (non-restraint)  =    -23902.6198
 EKCMT  =      2124.4370  VIRIAL  =      2281.6259  VOLUME     =     78269.7738
                                                    Density    =         1.0203
 ------------------------------------------------------------------------------

wrapping first mol.:       15.56465       22.01174       38.12545
wrapping first mol.:       15.56465       22.01174       38.12545

 NSTEP =    24500   TIME(PS) =    1989.000  TEMP(K) =   297.30  PRESS =   191.2
 Etot   =    -19189.9056  EKtot   =      4743.8013  EPtot      =    -23933.7068
 BOND   =       159.1545  ANGLE   =       397.4793  DIHED      =       663.1197
 1-4 NB =       177.9877  1-4 EEL =      2503.1137  VDWAALS    =      2947.7679
 EELEC  =    -30803.2027  EHBOND  =         0.0000  RESTRAINT  =        20.8731
 EAMBER (non-restraint)  =    -23954.5799
 EKCMT  =      2051.2489  VIRIAL  =      1727.6852  VOLUME     =     78370.4597
                                                    Density    =         1.0190
 ------------------------------------------------------------------------------

wrapping first mol.:       15.55384       21.99645       38.09897
wrapping first mol.:       15.55384       21.99645       38.09897

 NSTEP =    25000   TIME(PS) =    1990.000  TEMP(K) =   294.90  PRESS =   -36.9
 Etot   =    -19184.5254  EKtot   =      4705.5298  EPtot      =    -23890.0552
 BOND   =       151.6887  ANGLE   =       420.1673  DIHED      =       667.8057
 1-4 NB =       183.1613  1-4 EEL =      2493.8383  VDWAALS    =      2954.4760
 EELEC  =    -30781.2650  EHBOND  =         0.0000  RESTRAINT  =        20.0725
 EAMBER (non-restraint)  =    -23910.1277
 EKCMT  =      2034.8800  VIRIAL  =      2097.1558  VOLUME     =     78208.9044
                                                    Density    =         1.0211
 ------------------------------------------------------------------------------

wrapping first mol.:       15.54071       21.97788       38.06680
wrapping first mol.:       15.54071       21.97788       38.06680

 NSTEP =    25500   TIME(PS) =    1991.000  TEMP(K) =   301.07  PRESS =  -507.8
 Etot   =    -19206.8729  EKtot   =      4803.9229  EPtot      =    -24010.7958
 BOND   =       158.9759  ANGLE   =       396.7091  DIHED      =       664.4074
 1-4 NB =       168.3916  1-4 EEL =      2473.5018  VDWAALS    =      2853.2540
 EELEC  =    -30747.4341  EHBOND  =         0.0000  RESTRAINT  =        21.3984
 EAMBER (non-restraint)  =    -24032.1942
 EKCMT  =      2111.5150  VIRIAL  =      2966.9178  VOLUME     =     78014.2467
                                                    Density    =         1.0237
 ------------------------------------------------------------------------------

wrapping first mol.:       15.52185       21.95121       38.02061
wrapping first mol.:       15.52185       21.95121       38.02061

 NSTEP =    26000   TIME(PS) =    1992.000  TEMP(K) =   299.13  PRESS =  -276.4
 Etot   =    -19203.9722  EKtot   =      4773.0132  EPtot      =    -23976.9854
 BOND   =       166.8427  ANGLE   =       395.4690  DIHED      =       666.9854
 1-4 NB =       166.3527  1-4 EEL =      2498.8146  VDWAALS    =      2856.0831
 EELEC  =    -30747.8624  EHBOND  =         0.0000  RESTRAINT  =        20.3296
 EAMBER (non-restraint)  =    -23997.3149
 EKCMT  =      2130.6444  VIRIAL  =      2594.4834  VOLUME     =     77728.9975
                                                    Density    =         1.0274
 ------------------------------------------------------------------------------

wrapping first mol.:       15.52712       21.95866       38.03351
wrapping first mol.:       15.52712       21.95866       38.03351

 NSTEP =    26500   TIME(PS) =    1993.000  TEMP(K) =   296.70  PRESS =  -465.7
 Etot   =    -19220.5158  EKtot   =      4734.2500  EPtot      =    -23954.7658
 BOND   =       139.0416  ANGLE   =       404.5793  DIHED      =       671.7327
 1-4 NB =       176.3377  1-4 EEL =      2517.8985  VDWAALS    =      2822.7875
 EELEC  =    -30708.4182  EHBOND  =         0.0000  RESTRAINT  =        21.2751
 EAMBER (non-restraint)  =    -23976.0409
 EKCMT  =      2152.7107  VIRIAL  =      2935.0739  VOLUME     =     77809.4274
                                                    Density    =         1.0264
 ------------------------------------------------------------------------------

wrapping first mol.:       15.53634       21.97170       38.05610
wrapping first mol.:       15.53634       21.97170       38.05610

 NSTEP =    27000   TIME(PS) =    1994.000  TEMP(K) =   305.14  PRESS =   516.5
 Etot   =    -19012.9473  EKtot   =      4868.8716  EPtot      =    -23881.8189
 BOND   =       163.3363  ANGLE   =       419.2546  DIHED      =       666.2250
 1-4 NB =       179.8101  1-4 EEL =      2519.7442  VDWAALS    =      2993.3156
 EELEC  =    -30846.3355  EHBOND  =         0.0000  RESTRAINT  =        22.8307
 EAMBER (non-restraint)  =    -23904.6497
 EKCMT  =      2180.0281  VIRIAL  =      1310.7777  VOLUME     =     77941.3359
                                                    Density    =         1.0246
 ------------------------------------------------------------------------------

wrapping first mol.:       15.55831       22.00278       38.10993
wrapping first mol.:       15.55831       22.00278       38.10993

 NSTEP =    27500   TIME(PS) =    1995.000  TEMP(K) =   297.10  PRESS =  -455.7
 Etot   =    -19243.6717  EKtot   =      4740.5640  EPtot      =    -23984.2357
 BOND   =       154.6937  ANGLE   =       383.2589  DIHED      =       666.4719
 1-4 NB =       171.9736  1-4 EEL =      2501.7099  VDWAALS    =      2824.5949
 EELEC  =    -30712.9779  EHBOND  =         0.0000  RESTRAINT  =        26.0393
 EAMBER (non-restraint)  =    -24010.2750
 EKCMT  =      2024.2541  VIRIAL  =      2794.4531  VOLUME     =     78279.3101
                                                    Density    =         1.0202
 ------------------------------------------------------------------------------

wrapping first mol.:       15.56261       22.00885       38.12045
wrapping first mol.:       15.56261       22.00885       38.12045

 NSTEP =    28000   TIME(PS) =    1996.000  TEMP(K) =   300.44  PRESS =    43.0
 Etot   =    -19015.7666  EKtot   =      4793.8979  EPtot      =    -23809.6646
 BOND   =       152.6090  ANGLE   =       426.1730  DIHED      =       685.6325
 1-4 NB =       170.7331  1-4 EEL =      2480.2713  VDWAALS    =      2898.0161
 EELEC  =    -30645.0263  EHBOND  =         0.0000  RESTRAINT  =        21.9267
 EAMBER (non-restraint)  =    -23831.5913
 EKCMT  =      2098.2028  VIRIAL  =      2025.5172  VOLUME     =     78340.6646
                                                    Density    =         1.0194
 ------------------------------------------------------------------------------

wrapping first mol.:       15.55416       21.99690       38.09974
wrapping first mol.:       15.55416       21.99690       38.09974

 NSTEP =    28500   TIME(PS) =    1997.000  TEMP(K) =   304.90  PRESS =   257.5
 Etot   =    -19015.6882  EKtot   =      4865.0420  EPtot      =    -23880.7302
 BOND   =       152.2561  ANGLE   =       419.3978  DIHED      =       656.1304
 1-4 NB =       184.0639  1-4 EEL =      2504.1340  VDWAALS    =      3028.8789
 EELEC  =    -30850.3137  EHBOND  =         0.0000  RESTRAINT  =        24.7224
 EAMBER (non-restraint)  =    -23905.4526
 EKCMT  =      2215.7183  VIRIAL  =      1780.9430  VOLUME     =     78211.6033
                                                    Density    =         1.0211
 ------------------------------------------------------------------------------

wrapping first mol.:       15.54102       21.97832       38.06757
wrapping first mol.:       15.54102       21.97832       38.06757

 NSTEP =    29000   TIME(PS) =    1998.000  TEMP(K) =   301.80  PRESS =   288.9
 Etot   =    -18990.7217  EKtot   =      4815.6138  EPtot      =    -23806.3355
 BOND   =       147.0836  ANGLE   =       423.7198  DIHED      =       675.6714
 1-4 NB =       179.4572  1-4 EEL =      2501.2955  VDWAALS    =      2930.4995
 EELEC  =    -30690.8418  EHBOND  =         0.0000  RESTRAINT  =        26.7792
 EAMBER (non-restraint)  =    -23833.1147
 EKCMT  =      2151.0278  VIRIAL  =      1664.4120  VOLUME     =     78013.4179
                                                    Density    =         1.0237
 ------------------------------------------------------------------------------

wrapping first mol.:       15.54434       21.98302       38.07570
wrapping first mol.:       15.54434       21.98302       38.07570

 NSTEP =    29500   TIME(PS) =    1999.000  TEMP(K) =   300.10  PRESS =    19.9
 Etot   =    -19205.3111  EKtot   =      4788.4014  EPtot      =    -23993.7125
 BOND   =       158.6179  ANGLE   =       422.0286  DIHED      =       649.7336
 1-4 NB =       165.2308  1-4 EEL =      2480.6537  VDWAALS    =      2927.3736
 EELEC  =    -30819.3648  EHBOND  =         0.0000  RESTRAINT  =        22.0141
 EAMBER (non-restraint)  =    -24015.7266
 EKCMT  =      2064.4010  VIRIAL  =      2030.9294  VOLUME     =     78065.2638
                                                    Density    =         1.0230
 ------------------------------------------------------------------------------

wrapping first mol.:       15.55705       22.00099       38.10683
wrapping first mol.:       15.55705       22.00099       38.10683

 NSTEP =    30000   TIME(PS) =    2000.000  TEMP(K) =   303.23  PRESS =   110.4
 Etot   =    -19232.0699  EKtot   =      4838.3438  EPtot      =    -24070.4136
 BOND   =       166.3880  ANGLE   =       411.2636  DIHED      =       654.9730
 1-4 NB =       172.6292  1-4 EEL =      2479.5341  VDWAALS    =      2925.5900
 EELEC  =    -30908.1245  EHBOND  =         0.0000  RESTRAINT  =        27.3330
 EAMBER (non-restraint)  =    -24097.7466
 EKCMT  =      2139.4317  VIRIAL  =      1952.8265  VOLUME     =     78256.2931
                                                    Density    =         1.0205
 ------------------------------------------------------------------------------

wrapping first mol.:       15.58238       22.03681       38.16888
wrapping first mol.:       15.58238       22.03681       38.16888

 NSTEP =    30500   TIME(PS) =    2001.000  TEMP(K) =   301.34  PRESS =   283.7
 Etot   =    -19194.5361  EKtot   =      4808.2349  EPtot      =    -24002.7710
 BOND   =       144.0923  ANGLE   =       400.2005  DIHED      =       664.0361
 1-4 NB =       170.9807  1-4 EEL =      2483.9326  VDWAALS    =      3006.5588
 EELEC  =    -30897.6653  EHBOND  =         0.0000  RESTRAINT  =        25.0932
 EAMBER (non-restraint)  =    -24027.8642
 EKCMT  =      2119.4804  VIRIAL  =      1637.7873  VOLUME     =     78637.9358
                                                    Density    =         1.0156
 ------------------------------------------------------------------------------

wrapping first mol.:       15.56376       22.01048       38.12327
wrapping first mol.:       15.56376       22.01048       38.12327

 NSTEP =    31000   TIME(PS) =    2002.000  TEMP(K) =   296.31  PRESS =  -122.7
 Etot   =    -19179.6955  EKtot   =      4728.0020  EPtot      =    -23907.6975
 BOND   =       169.1109  ANGLE   =       411.4963  DIHED      =       666.0185
 1-4 NB =       169.2108  1-4 EEL =      2480.3176  VDWAALS    =      2883.0377
 EELEC  =    -30716.9282  EHBOND  =         0.0000  RESTRAINT  =        30.0389
 EAMBER (non-restraint)  =    -23937.7364
 EKCMT  =      2061.3464  VIRIAL  =      2268.8771  VOLUME     =     78359.2344
                                                    Density    =         1.0192
 ------------------------------------------------------------------------------

wrapping first mol.:       15.55347       21.99593       38.09807
wrapping first mol.:       15.55347       21.99593       38.09807

 NSTEP =    31500   TIME(PS) =    2003.000  TEMP(K) =   297.43  PRESS =   139.1
 Etot   =    -19099.2491  EKtot   =      4745.8691  EPtot      =    -23845.1183
 BOND   =       156.3875  ANGLE   =       424.0758  DIHED      =       671.8204
 1-4 NB =       169.8412  1-4 EEL =      2483.8437  VDWAALS    =      2912.0102
 EELEC  =    -30695.9424  EHBOND  =         0.0000  RESTRAINT  =        32.8454
 EAMBER (non-restraint)  =    -23877.9636
 EKCMT  =      2076.8953  VIRIAL  =      1842.0295  VOLUME     =     78202.1326
                                                    Density    =         1.0212
 ------------------------------------------------------------------------------

wrapping first mol.:       15.56836       22.01698       38.13453
wrapping first mol.:       15.56836       22.01698       38.13453

 NSTEP =    32000   TIME(PS) =    2004.000  TEMP(K) =   304.39  PRESS =  -151.0
 Etot   =    -19048.2625  EKtot   =      4856.9370  EPtot      =    -23905.1995
 BOND   =       152.0622  ANGLE   =       403.2315  DIHED      =       663.0006
 1-4 NB =       183.3703  1-4 EEL =      2517.8427  VDWAALS    =      2865.2881
 EELEC  =    -30713.6625  EHBOND  =         0.0000  RESTRAINT  =        23.6676
 EAMBER (non-restraint)  =    -23928.8671
 EKCMT  =      2106.1109  VIRIAL  =      2361.7401  VOLUME     =     78428.9005
                                                    Density    =         1.0183
 ------------------------------------------------------------------------------

wrapping first mol.:       15.57313       22.02374       38.14623
wrapping first mol.:       15.57313       22.02374       38.14623

 NSTEP =    32500   TIME(PS) =    2005.000  TEMP(K) =   299.41  PRESS =  -572.3
 Etot   =    -19058.4513  EKtot   =      4777.5117  EPtot      =    -23835.9630
 BOND   =       157.4275  ANGLE   =       410.9658  DIHED      =       667.9073
 1-4 NB =       178.3232  1-4 EEL =      2490.6451  VDWAALS    =      2806.9994
 EELEC  =    -30574.0078  EHBOND  =         0.0000  RESTRAINT  =        25.7766
 EAMBER (non-restraint)  =    -23861.7396
 EKCMT  =      2140.9083  VIRIAL  =      3111.0102  VOLUME     =     78504.0291
                                                    Density    =         1.0173
 ------------------------------------------------------------------------------

wrapping first mol.:       15.55174       21.99348       38.09381
wrapping first mol.:       15.55174       21.99348       38.09381

 NSTEP =    33000   TIME(PS) =    2006.000  TEMP(K) =   297.54  PRESS =    23.5
 Etot   =    -19166.9075  EKtot   =      4747.6416  EPtot      =    -23914.5491
 BOND   =       162.5983  ANGLE   =       369.7796  DIHED      =       652.7587
 1-4 NB =       180.0638  1-4 EEL =      2512.4192  VDWAALS    =      2889.9482
 EELEC  =    -30711.0549  EHBOND  =         0.0000  RESTRAINT  =        28.9379
 EAMBER (non-restraint)  =    -23943.4870
 EKCMT  =      2055.1663  VIRIAL  =      2015.4535  VOLUME     =     78176.7168
                                                    Density    =         1.0215
 ------------------------------------------------------------------------------

wrapping first mol.:       15.53483       21.96957       38.05241
wrapping first mol.:       15.53483       21.96957       38.05241

 NSTEP =    33500   TIME(PS) =    2007.000  TEMP(K) =   298.59  PRESS =   316.2
 Etot   =    -19027.3006  EKtot   =      4764.3149  EPtot      =    -23791.6156
 BOND   =       150.5890  ANGLE   =       441.8609  DIHED      =       670.5892
 1-4 NB =       183.8100  1-4 EEL =      2489.9796  VDWAALS    =      2952.2595
 EELEC  =    -30705.5137  EHBOND  =         0.0000  RESTRAINT  =        24.8099
 EAMBER (non-restraint)  =    -23816.4255
 EKCMT  =      2124.9768  VIRIAL  =      1593.0693  VOLUME     =     77920.0287
                                                    Density    =         1.0249
 ------------------------------------------------------------------------------

wrapping first mol.:       15.53521       21.97010       38.05333
wrapping first mol.:       15.53521       21.97010       38.05333

 NSTEP =    34000   TIME(PS) =    2008.000  TEMP(K) =   297.02  PRESS =    20.5
 Etot   =    -19082.3784  EKtot   =      4739.3027  EPtot      =    -23821.6811
 BOND   =       154.2147  ANGLE   =       433.0183  DIHED      =       669.0698
 1-4 NB =       170.2236  1-4 EEL =      2491.2954  VDWAALS    =      2816.7336
 EELEC  =    -30589.7073  EHBOND  =         0.0000  RESTRAINT  =        33.4709
 EAMBER (non-restraint)  =    -23855.1520
 EKCMT  =      2078.9867  VIRIAL  =      2044.4900  VOLUME     =     77927.7472
                                                    Density    =         1.0248
 ------------------------------------------------------------------------------

wrapping first mol.:       15.52469       21.95523       38.02757
wrapping first mol.:       15.52469       21.95523       38.02757

 NSTEP =    34500   TIME(PS) =    2009.000  TEMP(K) =   306.68  PRESS =   -78.8
 Etot   =    -18992.3574  EKtot   =      4893.3979  EPtot      =    -23885.7553
 BOND   =       162.8447  ANGLE   =       413.3606  DIHED      =       671.9574
 1-4 NB =       176.7776  1-4 EEL =      2506.9121  VDWAALS    =      2854.8421
 EELEC  =    -30693.2240  EHBOND  =         0.0000  RESTRAINT  =        20.7741
 EAMBER (non-restraint)  =    -23906.5295
 EKCMT  =      2129.8903  VIRIAL  =      2262.1600  VOLUME     =     77770.3164
                                                    Density    =         1.0269
 ------------------------------------------------------------------------------

wrapping first mol.:       15.54073       21.97792       38.06687
wrapping first mol.:       15.54073       21.97792       38.06687

 NSTEP =    35000   TIME(PS) =    2010.000  TEMP(K) =   299.53  PRESS =    96.5
 Etot   =    -19113.0013  EKtot   =      4779.3867  EPtot      =    -23892.3881
 BOND   =       143.8058  ANGLE   =       433.7958  DIHED      =       659.9618
 1-4 NB =       174.7272  1-4 EEL =      2521.1025  VDWAALS    =      2897.5590
 EELEC  =    -30748.8967  EHBOND  =         0.0000  RESTRAINT  =        25.5564
 EAMBER (non-restraint)  =    -23917.9445
 EKCMT  =      2125.0576  VIRIAL  =      1962.5449  VOLUME     =     78010.4255
                                                    Density    =         1.0237
 ------------------------------------------------------------------------------

wrapping first mol.:       15.52102       21.95003       38.01857
wrapping first mol.:       15.52102       21.95003       38.01857

 NSTEP =    35500   TIME(PS) =    2011.000  TEMP(K) =   296.41  PRESS =  -251.7
 Etot   =    -19110.1012  EKtot   =      4729.5298  EPtot      =    -23839.6310
 BOND   =       169.1278  ANGLE   =       396.6838  DIHED      =       665.7806
 1-4 NB =       172.8257  1-4 EEL =      2488.6926  VDWAALS    =      2772.0799
 EELEC  =    -30525.6017  EHBOND  =         0.0000  RESTRAINT  =        20.7803
 EAMBER (non-restraint)  =    -23860.4113
 EKCMT  =      2079.7649  VIRIAL  =      2502.1898  VOLUME     =     77716.3069
                                                    Density    =         1.0276
 ------------------------------------------------------------------------------

wrapping first mol.:       15.54511       21.98411       38.07760
wrapping first mol.:       15.54511       21.98411       38.07760

 NSTEP =    36000   TIME(PS) =    2012.000  TEMP(K) =   296.83  PRESS =   141.6
 Etot   =    -19157.3679  EKtot   =      4736.2598  EPtot      =    -23893.6277
 BOND   =       161.3876  ANGLE   =       418.2580  DIHED      =       668.4006
 1-4 NB =       181.8738  1-4 EEL =      2463.2181  VDWAALS    =      2906.8647
 EELEC  =    -30716.3203  EHBOND  =         0.0000  RESTRAINT  =        22.6898
 EAMBER (non-restraint)  =    -23916.3174
 EKCMT  =      2076.3307  VIRIAL  =      1837.6317  VOLUME     =     78076.0878
                                                    Density    =         1.0229
 ------------------------------------------------------------------------------

wrapping first mol.:       15.54732       21.98723       38.08299
wrapping first mol.:       15.54732       21.98723       38.08299

 NSTEP =    36500   TIME(PS) =    2013.000  TEMP(K) =   298.02  PRESS =   240.2
 Etot   =    -19131.7040  EKtot   =      4755.3003  EPtot      =    -23887.0043
 BOND   =       165.2354  ANGLE   =       419.3275  DIHED      =       651.3829
 1-4 NB =       176.9664  1-4 EEL =      2496.6621  VDWAALS    =      2969.7819
 EELEC  =    -30787.2601  EHBOND  =         0.0000  RESTRAINT  =        20.8995
 EAMBER (non-restraint)  =    -23907.9038
 EKCMT  =      2053.6154  VIRIAL  =      1648.5864  VOLUME     =     78108.6079
                                                    Density    =         1.0224
 ------------------------------------------------------------------------------

wrapping first mol.:       15.54274       21.98076       38.07179
wrapping first mol.:       15.54274       21.98076       38.07179

 NSTEP =    37000   TIME(PS) =    2014.000  TEMP(K) =   299.42  PRESS =  -403.2
 Etot   =    -19253.2488  EKtot   =      4777.5747  EPtot      =    -24030.8235
 BOND   =       134.7789  ANGLE   =       422.8623  DIHED      =       668.5613
 1-4 NB =       188.1694  1-4 EEL =      2502.8228  VDWAALS    =      2917.5266
 EELEC  =    -30886.7262  EHBOND  =         0.0000  RESTRAINT  =        21.1814
 EAMBER (non-restraint)  =    -24052.0049
 EKCMT  =      2119.2140  VIRIAL  =      2798.7094  VOLUME     =     78044.1502
                                                    Density    =         1.0233
 ------------------------------------------------------------------------------

wrapping first mol.:       15.55402       21.99671       38.09941
wrapping first mol.:       15.55402       21.99671       38.09941

 NSTEP =    37500   TIME(PS) =    2015.000  TEMP(K) =   295.71  PRESS =    93.8
 Etot   =    -19211.6981  EKtot   =      4718.4150  EPtot      =    -23930.1132
 BOND   =       162.4456  ANGLE   =       414.2604  DIHED      =       654.9986
 1-4 NB =       166.3426  1-4 EEL =      2476.1311  VDWAALS    =      2960.3678
 EELEC  =    -30785.7027  EHBOND  =         0.0000  RESTRAINT  =        21.0435
 EAMBER (non-restraint)  =    -23951.1567
 EKCMT  =      2070.9505  VIRIAL  =      1912.5726  VOLUME     =     78210.6999
                                                    Density    =         1.0211
 ------------------------------------------------------------------------------

wrapping first mol.:       15.54394       21.98245       38.07472
wrapping first mol.:       15.54394       21.98245       38.07472

 NSTEP =    38000   TIME(PS) =    2016.000  TEMP(K) =   299.01  PRESS =   364.1
 Etot   =    -19187.7542  EKtot   =      4770.9951  EPtot      =    -23958.7493
 BOND   =       157.9051  ANGLE   =       425.4340  DIHED      =       670.3540
 1-4 NB =       163.9208  1-4 EEL =      2482.2968  VDWAALS    =      3007.8271
 EELEC  =    -30884.0035  EHBOND  =         0.0000  RESTRAINT  =        17.5164
 EAMBER (non-restraint)  =    -23976.2657
 EKCMT  =      2116.1506  VIRIAL  =      1502.5266  VOLUME     =     78056.8557
                                                    Density    =         1.0231
 ------------------------------------------------------------------------------

wrapping first mol.:       15.55118       21.99269       38.09246
wrapping first mol.:       15.55118       21.99269       38.09246

 NSTEP =    38500   TIME(PS) =    2017.000  TEMP(K) =   303.07  PRESS =   -85.7
 Etot   =    -19056.2811  EKtot   =      4835.8008  EPtot      =    -23892.0818
 BOND   =       163.4706  ANGLE   =       418.3383  DIHED      =       661.2847
 1-4 NB =       170.4150  1-4 EEL =      2487.7512  VDWAALS    =      2864.3933
 EELEC  =    -30677.5150  EHBOND  =         0.0000  RESTRAINT  =        19.7800
 EAMBER (non-restraint)  =    -23911.8618
 EKCMT  =      2128.9139  VIRIAL  =      2273.5225  VOLUME     =     78169.1270
                                                    Density    =         1.0216
 ------------------------------------------------------------------------------

wrapping first mol.:       15.55619       21.99978       38.10473
wrapping first mol.:       15.55619       21.99978       38.10473

 NSTEP =    39000   TIME(PS) =    2018.000  TEMP(K) =   299.07  PRESS =   191.8
 Etot   =    -19182.0045  EKtot   =      4771.9580  EPtot      =    -23953.9625
 BOND   =       148.5592  ANGLE   =       426.6147  DIHED      =       667.5607
 1-4 NB =       167.9032  1-4 EEL =      2495.6156  VDWAALS    =      3025.7315
 EELEC  =    -30910.0864  EHBOND  =         0.0000  RESTRAINT  =        24.1390
 EAMBER (non-restraint)  =    -23978.1015
 EKCMT  =      2110.3282  VIRIAL  =      1786.2337  VOLUME     =     78242.7927
                                                    Density    =         1.0207
 ------------------------------------------------------------------------------

wrapping first mol.:       15.56016       22.00539       38.11445
wrapping first mol.:       15.56016       22.00539       38.11445

 NSTEP =    39500   TIME(PS) =    2019.000  TEMP(K) =   299.05  PRESS =   264.0
 Etot   =    -19022.8983  EKtot   =      4771.6533  EPtot      =    -23794.5516
 BOND   =       150.9684  ANGLE   =       422.8979  DIHED      =       679.2484
 1-4 NB =       175.8941  1-4 EEL =      2518.8965  VDWAALS    =      3016.7696
 EELEC  =    -30782.9232  EHBOND  =         0.0000  RESTRAINT  =        23.6967
 EAMBER (non-restraint)  =    -23818.2483
 EKCMT  =      2088.0409  VIRIAL  =      1641.6481  VOLUME     =     78302.1293
                                                    Density    =         1.0199
 ------------------------------------------------------------------------------

wrapping first mol.:       15.56796       22.01642       38.13355
wrapping first mol.:       15.56796       22.01642       38.13355

 NSTEP =    40000   TIME(PS) =    2020.000  TEMP(K) =   299.83  PRESS =   -73.6
 Etot   =    -19150.6500  EKtot   =      4784.1021  EPtot      =    -23934.7520
 BOND   =       144.1201  ANGLE   =       437.5038  DIHED      =       670.8243
 1-4 NB =       173.2874  1-4 EEL =      2504.5269  VDWAALS    =      2885.9344
 EELEC  =    -30767.8447  EHBOND  =         0.0000  RESTRAINT  =        16.8958
 EAMBER (non-restraint)  =    -23951.6478
 EKCMT  =      2083.1731  VIRIAL  =      2207.7221  VOLUME     =     78422.2921
                                                    Density    =         1.0183
 ------------------------------------------------------------------------------

wrapping first mol.:       15.57124       22.02105       38.14158
wrapping first mol.:       15.57124       22.02105       38.14158

 NSTEP =    40500   TIME(PS) =    2021.000  TEMP(K) =   294.12  PRESS =  -517.3
 Etot   =    -19280.5293  EKtot   =      4693.0239  EPtot      =    -23973.5532
 BOND   =       136.5968  ANGLE   =       393.9996  DIHED      =       669.8246
 1-4 NB =       175.8588  1-4 EEL =      2487.6478  VDWAALS    =      2786.4435
 EELEC  =    -30646.6651  EHBOND  =         0.0000  RESTRAINT  =        22.7409
 EAMBER (non-restraint)  =    -23996.2941
 EKCMT  =      2038.5333  VIRIAL  =      2915.0690  VOLUME     =     78474.9377
                                                    Density    =         1.0177
 ------------------------------------------------------------------------------

wrapping first mol.:       15.54402       21.98257       38.07492
wrapping first mol.:       15.54402       21.98257       38.07492

 NSTEP =    41000   TIME(PS) =    2022.000  TEMP(K) =   305.72  PRESS =  -158.9
 Etot   =    -19150.3571  EKtot   =      4878.0542  EPtot      =    -24028.4113
 BOND   =       152.9924  ANGLE   =       417.6712  DIHED      =       658.5690
 1-4 NB =       170.0860  1-4 EEL =      2486.4548  VDWAALS    =      2783.6904
 EELEC  =    -30715.8444  EHBOND  =         0.0000  RESTRAINT  =        17.9695
 EAMBER (non-restraint)  =    -24046.3807
 EKCMT  =      2153.2409  VIRIAL  =      2420.9782  VOLUME     =     78061.7463
                                                    Density    =         1.0230
 ------------------------------------------------------------------------------

wrapping first mol.:       15.53226       21.96594       38.04612
wrapping first mol.:       15.53226       21.96594       38.04612

 NSTEP =    41500   TIME(PS) =    2023.000  TEMP(K) =   306.12  PRESS =  -153.6
 Etot   =    -19054.9689  EKtot   =      4884.5093  EPtot      =    -23939.4782
 BOND   =       158.5465  ANGLE   =       408.5675  DIHED      =       674.3976
 1-4 NB =       183.0085  1-4 EEL =      2506.5975  VDWAALS    =      2926.5453
 EELEC  =    -30819.7345  EHBOND  =         0.0000  RESTRAINT  =        22.5934
 EAMBER (non-restraint)  =    -23962.0716
 EKCMT  =      2111.4610  VIRIAL  =      2369.7309  VOLUME     =     77884.6726
                                                    Density    =         1.0254
 ------------------------------------------------------------------------------

wrapping first mol.:       15.53798       21.97403       38.06013
wrapping first mol.:       15.53798       21.97403       38.06013

 NSTEP =    42000   TIME(PS) =    2024.000  TEMP(K) =   297.86  PRESS =    -1.0
 Etot   =    -19199.5285  EKtot   =      4752.7012  EPtot      =    -23952.2297
 BOND   =       159.5073  ANGLE   =       423.2412  DIHED      =       653.2543
 1-4 NB =       177.6993  1-4 EEL =      2481.0927  VDWAALS    =      2892.2746
 EELEC  =    -30764.8437  EHBOND  =         0.0000  RESTRAINT  =        25.5447
 EAMBER (non-restraint)  =    -23977.7744
 EKCMT  =      2055.4589  VIRIAL  =      2057.0862  VOLUME     =     77969.6853
                                                    Density    =         1.0243
 ------------------------------------------------------------------------------

wrapping first mol.:       15.53509       21.96993       38.05303
wrapping first mol.:       15.53509       21.96993       38.05303

 NSTEP =    42500   TIME(PS) =    2025.000  TEMP(K) =   300.73  PRESS =  -101.4
 Etot   =    -19187.2279  EKtot   =      4798.5527  EPtot      =    -23985.7807
 BOND   =       142.8342  ANGLE   =       410.4938  DIHED      =       656.3641
 1-4 NB =       173.0222  1-4 EEL =      2494.8173  VDWAALS    =      2856.1710
 EELEC  =    -30737.8633  EHBOND  =         0.0000  RESTRAINT  =        18.3800
 EAMBER (non-restraint)  =    -24004.1607
 EKCMT  =      2151.2325  VIRIAL  =      2321.8728  VOLUME     =     77926.7722
                                                    Density    =         1.0248
 ------------------------------------------------------------------------------

wrapping first mol.:       15.53675       21.97228       38.05711
wrapping first mol.:       15.53675       21.97228       38.05711

 NSTEP =    43000   TIME(PS) =    2026.000  TEMP(K) =   299.14  PRESS =  -107.0
 Etot   =    -19179.8370  EKtot   =      4773.1606  EPtot      =    -23952.9976
 BOND   =       146.8280  ANGLE   =       391.5306  DIHED      =       663.0307
 1-4 NB =       176.0761  1-4 EEL =      2482.6119  VDWAALS    =      2844.6836
 EELEC  =    -30678.1080  EHBOND  =         0.0000  RESTRAINT  =        20.3495
 EAMBER (non-restraint)  =    -23973.3471
 EKCMT  =      2160.4400  VIRIAL  =      2340.4553  VOLUME     =     77951.8625
                                                    Density    =         1.0245
 ------------------------------------------------------------------------------

wrapping first mol.:       15.54237       21.98023       38.07087
wrapping first mol.:       15.54237       21.98023       38.07087

 NSTEP =    43500   TIME(PS) =    2027.000  TEMP(K) =   301.34  PRESS =  -419.0
 Etot   =    -19163.7624  EKtot   =      4808.2031  EPtot      =    -23971.9655
 BOND   =       144.7778  ANGLE   =       419.8395  DIHED      =       675.3726
 1-4 NB =       174.3795  1-4 EEL =      2482.2149  VDWAALS    =      2842.6469
 EELEC  =    -30731.8391  EHBOND  =         0.0000  RESTRAINT  =        20.6424
 EAMBER (non-restraint)  =    -23992.6080
 EKCMT  =      2143.0014  VIRIAL  =      2848.9971  VOLUME     =     78038.6117
                                                    Density    =         1.0233
 ------------------------------------------------------------------------------

wrapping first mol.:       15.55267       21.99480       38.09611
wrapping first mol.:       15.55267       21.99480       38.09611

 NSTEP =    44000   TIME(PS) =    2028.000  TEMP(K) =   304.44  PRESS =  -215.7
 Etot   =    -19023.8574  EKtot   =      4857.7007  EPtot      =    -23881.5580
 BOND   =       162.5365  ANGLE   =       400.8072  DIHED      =       677.9992
 1-4 NB =       179.7373  1-4 EEL =      2492.5933  VDWAALS    =      2915.4330
 EELEC  =    -30727.2966  EHBOND  =         0.0000  RESTRAINT  =        16.6321
 EAMBER (non-restraint)  =    -23898.1902
 EKCMT  =      2164.7484  VIRIAL  =      2528.9388  VOLUME     =     78192.5326
                                                    Density    =         1.0213
 ------------------------------------------------------------------------------

wrapping first mol.:       15.56390       22.01068       38.12362
wrapping first mol.:       15.56390       22.01068       38.12362

 NSTEP =    44500   TIME(PS) =    2029.000  TEMP(K) =   302.15  PRESS =   157.4
 Etot   =    -19133.5407  EKtot   =      4821.1372  EPtot      =    -23954.6779
 BOND   =       147.3961  ANGLE   =       420.8038  DIHED      =       660.8021
 1-4 NB =       166.3600  1-4 EEL =      2488.4568  VDWAALS    =      2981.9051
 EELEC  =    -30839.4761  EHBOND  =         0.0000  RESTRAINT  =        19.0743
 EAMBER (non-restraint)  =    -23973.7522
 EKCMT  =      2099.9754  VIRIAL  =      1833.7421  VOLUME     =     78359.4269
                                                    Density    =         1.0192
 ------------------------------------------------------------------------------

wrapping first mol.:       15.53978       21.97657       38.06453
wrapping first mol.:       15.53978       21.97657       38.06453

 NSTEP =    45000   TIME(PS) =    2030.000  TEMP(K) =   299.57  PRESS =   -79.6
 Etot   =    -19237.5882  EKtot   =      4779.9746  EPtot      =    -24017.5629
 BOND   =       152.9146  ANGLE   =       421.7248  DIHED      =       687.5933
 1-4 NB =       167.5192  1-4 EEL =      2483.9167  VDWAALS    =      2965.9627
 EELEC  =    -30920.7547  EHBOND  =         0.0000  RESTRAINT  =        23.5606
 EAMBER (non-restraint)  =    -24041.1234
 EKCMT  =      2112.4218  VIRIAL  =      2246.5388  VOLUME     =     77997.2794
                                                    Density    =         1.0239
 ------------------------------------------------------------------------------

wrapping first mol.:       15.55348       21.99595       38.09810
wrapping first mol.:       15.55348       21.99595       38.09810

 NSTEP =    45500   TIME(PS) =    2031.000  TEMP(K) =   296.86  PRESS =   -79.9
 Etot   =    -19242.2428  EKtot   =      4736.7900  EPtot      =    -23979.0328
 BOND   =       153.0208  ANGLE   =       416.8660  DIHED      =       653.9114
 1-4 NB =       173.7741  1-4 EEL =      2501.2358  VDWAALS    =      3036.8258
 EELEC  =    -30939.7822  EHBOND  =         0.0000  RESTRAINT  =        25.1155
 EAMBER (non-restraint)  =    -24004.1483
 EKCMT  =      2103.8992  VIRIAL  =      2238.7793  VOLUME     =     78203.8162
                                                    Density    =         1.0212
 ------------------------------------------------------------------------------

wrapping first mol.:       15.55476       21.99775       38.10122
wrapping first mol.:       15.55476       21.99775       38.10122

 NSTEP =    46000   TIME(PS) =    2032.000  TEMP(K) =   297.10  PRESS =  -104.8
 Etot   =    -19151.5408  EKtot   =      4740.5693  EPtot      =    -23892.1101
 BOND   =       148.7951  ANGLE   =       423.4236  DIHED      =       693.3112
 1-4 NB =       172.2430  1-4 EEL =      2500.3861  VDWAALS    =      2907.0842
 EELEC  =    -30760.0815  EHBOND  =         0.0000  RESTRAINT  =        22.7283
 EAMBER (non-restraint)  =    -23914.8384
 EKCMT  =      2124.8714  VIRIAL  =      2301.8250  VOLUME     =     78223.2219
                                                    Density    =         1.0209
 ------------------------------------------------------------------------------

wrapping first mol.:       15.54184       21.97948       38.06957
wrapping first mol.:       15.54184       21.97948       38.06957

 NSTEP =    46500   TIME(PS) =    2033.000  TEMP(K) =   300.80  PRESS =  -118.1
 Etot   =    -18950.1594  EKtot   =      4799.6387  EPtot      =    -23749.7981
 BOND   =       142.5558  ANGLE   =       423.2233  DIHED      =       688.1861
 1-4 NB =       180.6679  1-4 EEL =      2473.5564  VDWAALS    =      2826.9732
 EELEC  =    -30508.0374  EHBOND  =         0.0000  RESTRAINT  =        23.0767
 EAMBER (non-restraint)  =    -23772.8747
 EKCMT  =      2088.9298  VIRIAL  =      2287.9607  VOLUME     =     78028.5414
                                                    Density    =         1.0235
 ------------------------------------------------------------------------------

wrapping first mol.:       15.57643       22.02840       38.15431
wrapping first mol.:       15.57643       22.02840       38.15431

 NSTEP =    47000   TIME(PS) =    2034.000  TEMP(K) =   296.81  PRESS =    54.3
 Etot   =    -19075.4581  EKtot   =      4736.0107  EPtot      =    -23811.4688
 BOND   =       144.3970  ANGLE   =       413.2764  DIHED      =       684.6166
 1-4 NB =       178.4487  1-4 EEL =      2495.2380  VDWAALS    =      2971.7583
 EELEC  =    -30723.1723  EHBOND  =         0.0000  RESTRAINT  =        23.9685
 EAMBER (non-restraint)  =    -23835.4374
 EKCMT  =      2107.0192  VIRIAL  =      2014.9571  VOLUME     =     78549.5596
                                                    Density    =         1.0167
 ------------------------------------------------------------------------------

wrapping first mol.:       15.56243       22.00860       38.12002
wrapping first mol.:       15.56243       22.00860       38.12002

 NSTEP =    47500   TIME(PS) =    2035.000  TEMP(K) =   303.07  PRESS =    94.9
 Etot   =    -19107.0692  EKtot   =      4835.8008  EPtot      =    -23942.8700
 BOND   =       145.4119  ANGLE   =       407.2384  DIHED      =       661.8864
 1-4 NB =       186.0288  1-4 EEL =      2487.9073  VDWAALS    =      2963.5995
 EELEC  =    -30818.6107  EHBOND  =         0.0000  RESTRAINT  =        23.6684
 EAMBER (non-restraint)  =    -23966.5384
 EKCMT  =      2101.5801  VIRIAL  =      1941.1061  VOLUME     =     78337.6628
                                                    Density    =         1.0194
 ------------------------------------------------------------------------------

wrapping first mol.:       15.56849       22.01717       38.13486
wrapping first mol.:       15.56849       22.01717       38.13486

 NSTEP =    48000   TIME(PS) =    2036.000  TEMP(K) =   303.70  PRESS =   -62.2
 Etot   =    -19128.3466  EKtot   =      4845.9346  EPtot      =    -23974.2812
 BOND   =       158.7804  ANGLE   =       428.6356  DIHED      =       659.5637
 1-4 NB =       170.0125  1-4 EEL =      2507.4913  VDWAALS    =      2851.6132
 EELEC  =    -30770.4382  EHBOND  =         0.0000  RESTRAINT  =        20.0603
 EAMBER (non-restraint)  =    -23994.3415
 EKCMT  =      2162.8286  VIRIAL  =      2268.0762  VOLUME     =     78430.3142
                                                    Density    =         1.0182
 ------------------------------------------------------------------------------

wrapping first mol.:       15.56469       22.01180       38.12555
wrapping first mol.:       15.56469       22.01180       38.12555

 NSTEP =    48500   TIME(PS) =    2037.000  TEMP(K) =   299.43  PRESS =     3.5
 Etot   =    -19198.5075  EKtot   =      4777.7090  EPtot      =    -23976.2165
 BOND   =       166.8910  ANGLE   =       408.6608  DIHED      =       665.7866
 1-4 NB =       162.4085  1-4 EEL =      2500.9445  VDWAALS    =      2960.3648
 EELEC  =    -30865.1341  EHBOND  =         0.0000  RESTRAINT  =        23.8613
 EAMBER (non-restraint)  =    -24000.0778
 EKCMT  =      2096.6942  VIRIAL  =      2090.7495  VOLUME     =     78372.4272
                                                    Density    =         1.0190
 ------------------------------------------------------------------------------

wrapping first mol.:       15.55961       22.00462       38.11311
wrapping first mol.:       15.55961       22.00462       38.11311

 NSTEP =    49000   TIME(PS) =    2038.000  TEMP(K) =   301.86  PRESS =  -259.0
 Etot   =    -19159.6768  EKtot   =      4816.5264  EPtot      =    -23976.2031
 BOND   =       141.9315  ANGLE   =       402.2860  DIHED      =       669.3308
 1-4 NB =       177.2818  1-4 EEL =      2519.8380  VDWAALS    =      2934.7008
 EELEC  =    -30838.8005  EHBOND  =         0.0000  RESTRAINT  =        17.2286
 EAMBER (non-restraint)  =    -23993.4317
 EKCMT  =      2125.5365  VIRIAL  =      2563.3977  VOLUME     =     78297.5454
                                                    Density    =         1.0200
 ------------------------------------------------------------------------------

wrapping first mol.:       15.56646       22.01429       38.12987
wrapping first mol.:       15.56646       22.01429       38.12987

 NSTEP =    49500   TIME(PS) =    2039.000  TEMP(K) =   299.28  PRESS =  -224.0
 Etot   =    -19097.9868  EKtot   =      4775.3086  EPtot      =    -23873.2953
 BOND   =       179.6799  ANGLE   =       420.9337  DIHED      =       687.1023
 1-4 NB =       164.4813  1-4 EEL =      2477.8510  VDWAALS    =      2931.5649
 EELEC  =    -30758.3140  EHBOND  =         0.0000  RESTRAINT  =        23.4055
 EAMBER (non-restraint)  =    -23896.7009
 EKCMT  =      2105.8980  VIRIAL  =      2485.0900  VOLUME     =     78400.6515
                                                    Density    =         1.0186
 ------------------------------------------------------------------------------

wrapping first mol.:       15.53463       21.96929       38.05192
wrapping first mol.:       15.53463       21.96929       38.05192

 NSTEP =    50000   TIME(PS) =    2040.000  TEMP(K) =   299.48  PRESS =   -49.2
 Etot   =    -19061.5265  EKtot   =      4778.5532  EPtot      =    -23840.0798
 BOND   =       155.4046  ANGLE   =       408.4273  DIHED      =       673.5585
 1-4 NB =       169.0221  1-4 EEL =      2511.2128  VDWAALS    =      2848.6490
 EELEC  =    -30626.2378  EHBOND  =         0.0000  RESTRAINT  =        19.8837
 EAMBER (non-restraint)  =    -23859.9635
 EKCMT  =      2128.5018  VIRIAL  =      2211.2596  VOLUME     =     77919.5791
                                                    Density    =         1.0249
 ------------------------------------------------------------------------------


      A V E R A G E S   O V E R     100 S T E P S


 NSTEP =    50000   TIME(PS) =    2040.000  TEMP(K) =   299.74  PRESS =   -42.7
 Etot   =    -19148.0025  EKtot   =      4782.6376  EPtot      =    -23930.6401
 BOND   =       153.5093  ANGLE   =       411.1522  DIHED      =       668.5109
 1-4 NB =       174.7602  1-4 EEL =      2496.2934  VDWAALS    =      2905.7235
 EELEC  =    -30762.8152  EHBOND  =         0.0000  RESTRAINT  =        22.2257
 EAMBER (non-restraint)  =    -23952.8658
 EKCMT  =      2105.1417  VIRIAL  =      2177.1460  VOLUME     =     78114.1354
                                                    Density    =         1.0224
 ------------------------------------------------------------------------------


      R M S  F L U C T U A T I O N S


 NSTEP =    50000   TIME(PS) =    2040.000  TEMP(K) =     3.25  PRESS =   254.2
 Etot   =        91.6895  EKtot   =        51.7811  EPtot      =        75.5194
 BOND   =        11.6110  ANGLE   =        15.0623  DIHED      =         9.5641
 1-4 NB =         5.6760  1-4 EEL =        13.0659  VDWAALS    =        66.9457
 EELEC  =       101.8988  EHBOND  =         0.0000  RESTRAINT  =         3.4237
 EAMBER (non-restraint)  =        72.0957
 EKCMT  =        36.1605  VIRIAL  =       431.8757  VOLUME     =       219.9139
                                                    Density    =         0.0029
 ------------------------------------------------------------------------------

--------------------------------------------------------------------------------
   5.  TIMINGS
--------------------------------------------------------------------------------

|  NonSetup CPU Time in Major Routines:
|
|     Routine           Sec        %
|     ------------------------------
|     Nonbond          52.14   88.64
|     Bond              0.00    0.00
|     Angle             0.00    0.00
|     Dihedral          0.00    0.00
|     Shake             0.34    0.57
|     RunMD             6.32   10.75
|     Other             0.02    0.04
|     ------------------------------
|     Total            58.82

|  PME Nonbond Pairlist CPU Time:
|
|     Routine              Sec        %
|     ---------------------------------
|     Set Up Cit           0.00    0.00
|     Build List           0.00    0.00
|     ---------------------------------
|     Total                0.00    0.00

|  PME Direct Force CPU Time:
|
|     Routine              Sec        %
|     ---------------------------------
|     NonBonded Calc       0.00    0.00
|     Exclude Masked       0.00    0.00
|     Other                0.02    0.03
|     ---------------------------------
|     Total                0.02    0.03

|  PME Reciprocal Force CPU Time:
|
|     Routine              Sec        %
|     ---------------------------------
|     1D bspline           0.00    0.00
|     Grid Charges         0.00    0.00
|     Scalar Sum           0.00    0.00
|     Gradient Sum         0.00    0.00
|     FFT                  0.00    0.00
|     ---------------------------------
|     Total                0.00    0.00

|  Final Performance Info:
|     -----------------------------------------------------
|     Average timings for last   49500 steps:
|     Elapsed(s) =      58.23 Per Step(ms) =       1.18
|         ns/day =     146.88   seconds/ns =     588.22
|
|     Average timings for all steps:
|     Elapsed(s) =      58.83 Per Step(ms) =       1.18
|         ns/day =     146.87   seconds/ns =     588.26
|     -----------------------------------------------------

|  Setup CPU time:            0.37 seconds
|  NonSetup CPU time:        58.82 seconds
|  Total CPU time:           59.19 seconds     0.02 hours

|  Setup wall time:           0    seconds
|  NonSetup wall time:       59    seconds
|  Total wall time:          59    seconds     0.02 hours
