
          -------------------------------------------------------
          Amber 16 PMEMD                              2016
          -------------------------------------------------------

| PMEMD implementation of SANDER, Release 16

| Run on 06/17/2017 at 18:36:00

|   Executable path: pmemd.cuda
| Working directory: /home/german/alex/run/1im/mhe/e
|          Hostname: Unknown
  [-O]verwriting output

File Assignments:
|   MDIN: 24equ.in                                                              
|  MDOUT: 24equ.out                                                             
| INPCRD: 23e1im.rst7                                                           
|   PARM: /home/german/alex/top_files/1im.prmtop                                
| RESTRT: 24e1im.rst7                                                           
|   REFC: 23e1im.rst7                                                           
|  MDVEL: mdvel                                                                 
|   MDEN: mden                                                                  
|  MDCRD: 24e1im.nc                                                             
| MDINFO: mdinfo                                                                
|  MDFRC: mdfrc                                                                 


 Here is the input file:

Equilibration with solute restrictions                                         
&cntrl                                                                         
imin = 0,                           ! No Minimization                          
nmropt = 0,                         ! No NMR restraints read                   
                                                                               
! Nature and format of the input                                               
ntx = 5,                            ! Coordinates but no velocities will be rea
irest = 1,                          ! Do not run a new simulation              
                                                                               
! Nature and format of the output                                              
ntxo = 1,                           ! rstrt file in ASCII format               
ntpr = 500,                         ! inf in output every ntpr steps           
ntwr = 500,                         ! rstrt file every ntwr steps              
ntwx = 500,                         ! mdcrd file every ntwx steps              
ntwv = 0,                           ! mdvel without velocities                 
ntwe = 0,                           ! Energies and temperatures not written in 
idecomp = 0,                        ! No energy decomposition                  
iwrap = 1,                          ! Coordinates of the restart and mdcrd file
                                                                               
! Frozen or restrained atoms                                                   
ibelly = 0,                         ! No frozen atoms                          
ntr=1,                              ! Harmonic potential restraints            
restraint_wt = 0.3,                ! The weight for the positional restraints  
restraintmask = ':1-49@N,CA,C,O',  ! restrained residues                       
                                                                               
! Molecular dynamics                                                           
nstlim = 50000,                     ! Number of MD-steps                       
dt = 0.002,                         ! Time step                                
                                                                               
! Temperature regulation                                                       
ntt = 3,                            ! Langevin thermostat                      
gamma_ln = 5,                       ! Gamma constant for Langevin              
!temp0 = 300.0,                     ! Reference T at which the system is to be 
tempi = 300.0,                      ! Initial T                                
ig = -1,                            ! Seed for the RNG                         
                                                                               
! P and V regulation                                                           
ntp = 1,                            ! Constant P. Isotropic scaling            
barostat = 1,                       ! Berendsen barostat                       
taup = 1,                           ! Pressure relaxation time                 
nrespa = 1,                         ! Evaluate at each step                    
ntb = 2,                            ! Periodic box for constant P              
                                                                               
! SHAKE variables                                                              
ntc = 2,                            ! Bonds involving H are constrained        
ntf = 2,                            ! Bond interaction involving H are ommited.
                                                                               
cut = 10.0,                         ! Nonbonded cutoff                         
/                                                                              
&end                                                                           


Note: ig = -1. Setting random seed to   898006 based on wallclock time in 
      microseconds.
 
|--------------------- INFORMATION ----------------------
| GPU (CUDA) Version of PMEMD in use: NVIDIA GPU IN USE.
|                    Version 16.0.0
| 
|                      02/25/2016
| 
| Implementation by:
|                    Ross C. Walker     (SDSC)
|                    Scott Le Grand     (nVIDIA)
| 
| Precision model in use:
|      [SPFP] - Single Precision Forces, 64-bit Fixed Point
|               Accumulation. (Default)
| 
|--------------------------------------------------------
 
|----------------- CITATION INFORMATION -----------------
|
|    When publishing work that utilized the CUDA version
|    of AMBER, please cite the following in addition to
|    the regular AMBER citations:
|
|  - Romelia Salomon-Ferrer; Andreas W. Goetz; Duncan
|    Poole; Scott Le Grand; Ross C. Walker "Routine
|    microsecond molecular dynamics simulations with
|    AMBER - Part II: Particle Mesh Ewald", J. Chem.
|    Theory Comput., 2013, 9 (9), pp3878-3888,
|    DOI: 10.1021/ct400314y.
|
|  - Andreas W. Goetz; Mark J. Williamson; Dong Xu;
|    Duncan Poole; Scott Le Grand; Ross C. Walker
|    "Routine microsecond molecular dynamics simulations
|    with AMBER - Part I: Generalized Born", J. Chem.
|    Theory Comput., 2012, 8 (5), pp1542-1555.
|
|  - Scott Le Grand; Andreas W. Goetz; Ross C. Walker
|    "SPFP: Speed without compromise - a mixed precision
|    model for GPU accelerated molecular dynamics
|    simulations.", Comp. Phys. Comm., 2013, 184
|    pp374-380, DOI: 10.1016/j.cpc.2012.09.022
|
|--------------------------------------------------------
 
|------------------- GPU DEVICE INFO --------------------
|
|            CUDA_VISIBLE_DEVICES: 0
|   CUDA Capable Devices Detected:      1
|           CUDA Device ID in use:      0
|                CUDA Device Name: GeForce GTX 1060 6GB
|     CUDA Device Global Mem Size:   6072 MB
| CUDA Device Num Multiprocessors:     10
|           CUDA Device Core Freq:   1.76 GHz
|
|--------------------------------------------------------
 
 
| Conditional Compilation Defines Used:
| PUBFFT
| BINTRAJ
| CUDA
| EMIL

| Largest sphere to fit in unit cell has radius =    19.021

| New format PARM file being parsed.
| Version =    1.000 Date = 06/17/17 Time = 14:13:48

| Note: 1-4 EEL scale factors are being read from the topology file.

| Note: 1-4 VDW scale factors are being read from the topology file.
| Duplicated    0 dihedrals

| Duplicated    0 dihedrals

--------------------------------------------------------------------------------
   1.  RESOURCE   USE: 
--------------------------------------------------------------------------------

 getting new box info from bottom of inpcrd
 NATOM  =    7831 NTYPES =      17 NBONH =    7434 MBONA  =     402
 NTHETH =     874 MTHETA =     539 NPHIH =    1768 MPHIA  =    1685
 NHPARM =       0 NPARM  =       0 NNB   =   13683 NRES   =    2402
 NBONA  =     402 NTHETA =     539 NPHIA =    1685 NUMBND =      67
 NUMANG =     152 NPTRA  =     191 NATYP =      36 NPHB   =       1
 IFBOX  =       2 NMXRS  =      25 IFCAP =       0 NEXTRA =       0
 NCOPY  =       0

| Coordinate Index Table dimensions:     7    7    7
| Direct force subcell size =     6.6561    6.6561    6.6561

     BOX TYPE: TRUNCATED OCTAHEDRON

--------------------------------------------------------------------------------
   2.  CONTROL  DATA  FOR  THE  RUN
--------------------------------------------------------------------------------

default_name                                                                    

General flags:
     imin    =       0, nmropt  =       0

Nature and format of input:
     ntx     =       5, irest   =       1, ntrx    =       1

Nature and format of output:
     ntxo    =       1, ntpr    =     500, ntrx    =       1, ntwr    =     500
     iwrap   =       1, ntwx    =     500, ntwv    =       0, ntwe    =       0
     ioutfm  =       1, ntwprt  =       0, idecomp =       0, rbornstat=      0

Potential function:
     ntf     =       2, ntb     =       2, igb     =       0, nsnb    =      25
     ipol    =       0, gbsa    =       0, iesp    =       0
     dielc   =   1.00000, cut     =  10.00000, intdiel =   1.00000

Frozen or restrained atoms:
     ibelly  =       0, ntr     =       1
     restraint_wt =   0.30000

Molecular dynamics:
     nstlim  =     50000, nscm    =         0, nrespa  =         1
     t       =   0.00000, dt      =   0.00200, vlimit  =  -1.00000

Langevin dynamics temperature regulation:
     ig      =  898006
     temp0   = 300.00000, tempi   = 300.00000, gamma_ln=   5.00000

Pressure regulation:
     ntp     =       1
     pres0   =   1.00000, comp    =  44.60000, taup    =   1.00000

SHAKE:
     ntc     =       2, jfastw  =       0
     tol     =   0.00001

| Intermolecular bonds treatment:
|     no_intermolecular_bonds =       1

| Energy averages sample interval:
|     ene_avg_sampling =     500

Ewald parameters:
     verbose =       0, ew_type =       0, nbflag  =       1, use_pme =       1
     vdwmeth =       1, eedmeth =       1, netfrc  =       1
     Box X =   46.592   Box Y =   46.592   Box Z =   46.592
     Alpha =  109.471   Beta  =  109.471   Gamma =  109.471
     NFFT1 =   48       NFFT2 =   48       NFFT3 =   48
     Cutoff=   10.000   Tol   =0.100E-04
     Ewald Coefficient =  0.27511
     Interpolation order =    4

    LOADING THE CONSTRAINED ATOMS AS GROUPS


   5.  REFERENCE ATOM COORDINATES

  default_name                                                                    
     Mask :1-49@N,CA,C,O; matches   196 atoms

--------------------------------------------------------------------------------
   3.  ATOMIC COORDINATES AND VELOCITIES
--------------------------------------------------------------------------------

default_name                                                                    
 begin time read from input coords =  2440.000 ps

 
 Number of triangulated 3-point waters found:     2350

     Sum of charges from parm topology file =  -0.00000003
     Forcing neutrality...

| Dynamic Memory, Types Used:
| Reals              479019
| Integers           270038

| Nonbonded Pairs Initial Allocation:     2368681

| GPU memory information (estimate):
| KB of GPU memory in use:     72160
| KB of CPU memory in use:     14337

--------------------------------------------------------------------------------
   4.  RESULTS
--------------------------------------------------------------------------------

 ---------------------------------------------------
 APPROXIMATING switch and d/dx switch using CUBIC SPLINE INTERPOLATION
 using   5000.0 points per unit in tabled values
 TESTING RELATIVE ERROR over r ranging from 0.0 to cutoff
| CHECK switch(x): max rel err =   0.2738E-14   at   2.422500
| CHECK d/dx switch(x): max rel err =   0.8314E-11   at   2.736960
 ---------------------------------------------------
|---------------------------------------------------
| APPROXIMATING direct energy using CUBIC SPLINE INTERPOLATION
|  with   50.0 points per unit in tabled values
| Relative Error Limit not exceeded for r .gt.   2.33
| APPROXIMATING direct force using CUBIC SPLINE INTERPOLATION
|  with   50.0 points per unit in tabled values
| Relative Error Limit not exceeded for r .gt.   2.80
|---------------------------------------------------
wrapping first mol.:       15.54365       21.98205       38.07402
wrapping first mol.:       15.54365       21.98205       38.07402

 NSTEP =      500   TIME(PS) =    2441.000  TEMP(K) =   304.71  PRESS =   -21.7
 Etot   =    -19230.4984  EKtot   =      4862.0479  EPtot      =    -24092.5463
 BOND   =       166.8429  ANGLE   =       427.0562  DIHED      =       661.3209
 1-4 NB =       169.9512  1-4 EEL =      2503.7723  VDWAALS    =      2980.5265
 EELEC  =    -31011.2506  EHBOND  =         0.0000  RESTRAINT  =         9.2343
 EAMBER (non-restraint)  =    -24101.7806
 EKCMT  =      2127.2119  VIRIAL  =      2163.8371  VOLUME     =     78055.2259
                                                    Density    =         1.0231
 ------------------------------------------------------------------------------

wrapping first mol.:       15.55741       22.00150       38.10772
wrapping first mol.:       15.55741       22.00150       38.10772

 NSTEP =     1000   TIME(PS) =    2442.000  TEMP(K) =   298.48  PRESS =  -119.1
 Etot   =    -19237.7794  EKtot   =      4762.6294  EPtot      =    -24000.4088
 BOND   =       150.8111  ANGLE   =       419.6455  DIHED      =       651.5205
 1-4 NB =       180.4647  1-4 EEL =      2504.6647  VDWAALS    =      2880.5449
 EELEC  =    -30805.9117  EHBOND  =         0.0000  RESTRAINT  =        17.8517
 EAMBER (non-restraint)  =    -24018.2604
 EKCMT  =      2112.4788  VIRIAL  =      2313.7274  VOLUME     =     78263.3545
                                                    Density    =         1.0204
 ------------------------------------------------------------------------------

wrapping first mol.:       15.55424       21.99702       38.09995
wrapping first mol.:       15.55424       21.99702       38.09995

 NSTEP =     1500   TIME(PS) =    2443.000  TEMP(K) =   304.88  PRESS =    -7.9
 Etot   =    -19159.3913  EKtot   =      4864.7764  EPtot      =    -24024.1677
 BOND   =       143.5718  ANGLE   =       427.2918  DIHED      =       656.3334
 1-4 NB =       173.7106  1-4 EEL =      2496.0273  VDWAALS    =      2911.2336
 EELEC  =    -30844.2384  EHBOND  =         0.0000  RESTRAINT  =        11.9022
 EAMBER (non-restraint)  =    -24036.0699
 EKCMT  =      2135.7060  VIRIAL  =      2149.0159  VOLUME     =     78214.7058
                                                    Density    =         1.0210
 ------------------------------------------------------------------------------

wrapping first mol.:       15.54329       21.98154       38.07313
wrapping first mol.:       15.54329       21.98154       38.07313

 NSTEP =     2000   TIME(PS) =    2444.000  TEMP(K) =   294.43  PRESS =  -429.0
 Etot   =    -19169.1496  EKtot   =      4697.9077  EPtot      =    -23867.0573
 BOND   =       168.9295  ANGLE   =       424.8327  DIHED      =       658.3901
 1-4 NB =       174.3815  1-4 EEL =      2488.3426  VDWAALS    =      2822.4659
 EELEC  =    -30616.8229  EHBOND  =         0.0000  RESTRAINT  =        12.4233
 EAMBER (non-restraint)  =    -23879.4806
 EKCMT  =      2063.1761  VIRIAL  =      2786.1963  VOLUME     =     78052.6170
                                                    Density    =         1.0232
 ------------------------------------------------------------------------------

wrapping first mol.:       15.54574       21.98500       38.07914
wrapping first mol.:       15.54574       21.98500       38.07914

 NSTEP =     2500   TIME(PS) =    2445.000  TEMP(K) =   296.73  PRESS =    96.6
 Etot   =    -19189.7726  EKtot   =      4734.6895  EPtot      =    -23924.4621
 BOND   =       167.0309  ANGLE   =       390.8851  DIHED      =       651.0592
 1-4 NB =       169.3500  1-4 EEL =      2490.7899  VDWAALS    =      2887.6139
 EELEC  =    -30695.0812  EHBOND  =         0.0000  RESTRAINT  =        13.8901
 EAMBER (non-restraint)  =    -23938.3522
 EKCMT  =      2048.3815  VIRIAL  =      1885.4730  VOLUME     =     78085.8949
                                                    Density    =         1.0227
 ------------------------------------------------------------------------------

wrapping first mol.:       15.55723       22.00125       38.10727
wrapping first mol.:       15.55723       22.00125       38.10727

 NSTEP =     3000   TIME(PS) =    2446.000  TEMP(K) =   297.61  PRESS =   123.4
 Etot   =    -19166.0442  EKtot   =      4748.7007  EPtot      =    -23914.7449
 BOND   =       144.4256  ANGLE   =       428.9676  DIHED      =       651.4932
 1-4 NB =       182.2276  1-4 EEL =      2481.6590  VDWAALS    =      2953.4086
 EELEC  =    -30772.8366  EHBOND  =         0.0000  RESTRAINT  =        15.9102
 EAMBER (non-restraint)  =    -23930.6551
 EKCMT  =      2124.5596  VIRIAL  =      1916.0328  VOLUME     =     78258.9227
                                                    Density    =         1.0205
 ------------------------------------------------------------------------------

wrapping first mol.:       15.56320       22.00968       38.12189
wrapping first mol.:       15.56320       22.00968       38.12189

 NSTEP =     3500   TIME(PS) =    2447.000  TEMP(K) =   300.80  PRESS =   394.6
 Etot   =    -19159.9507  EKtot   =      4799.6304  EPtot      =    -23959.5811
 BOND   =       135.3876  ANGLE   =       400.5622  DIHED      =       640.1834
 1-4 NB =       182.2006  1-4 EEL =      2515.7862  VDWAALS    =      2992.5956
 EELEC  =    -30842.8150  EHBOND  =         0.0000  RESTRAINT  =        16.5183
 EAMBER (non-restraint)  =    -23976.0994
 EKCMT  =      2104.0120  VIRIAL  =      1436.5264  VOLUME     =     78347.0992
                                                    Density    =         1.0193
 ------------------------------------------------------------------------------

wrapping first mol.:       15.56386       22.01062       38.12350
wrapping first mol.:       15.56386       22.01062       38.12350

 NSTEP =     4000   TIME(PS) =    2448.000  TEMP(K) =   302.39  PRESS =  -127.0
 Etot   =    -19219.3313  EKtot   =      4825.0410  EPtot      =    -24044.3723
 BOND   =       149.4713  ANGLE   =       417.4090  DIHED      =       652.6568
 1-4 NB =       172.6524  1-4 EEL =      2474.6086  VDWAALS    =      2906.2870
 EELEC  =    -30830.5767  EHBOND  =         0.0000  RESTRAINT  =        13.1193
 EAMBER (non-restraint)  =    -24057.4916
 EKCMT  =      2076.8061  VIRIAL  =      2291.6503  VOLUME     =     78360.7021
                                                    Density    =         1.0191
 ------------------------------------------------------------------------------

wrapping first mol.:       15.55854       22.00310       38.11048
wrapping first mol.:       15.55854       22.00310       38.11048

 NSTEP =     4500   TIME(PS) =    2449.000  TEMP(K) =   292.37  PRESS =   179.4
 Etot   =    -19213.4379  EKtot   =      4665.0381  EPtot      =    -23878.4760
 BOND   =       169.5256  ANGLE   =       409.6742  DIHED      =       637.2045
 1-4 NB =       170.8158  1-4 EEL =      2482.4186  VDWAALS    =      2966.3144
 EELEC  =    -30727.4102  EHBOND  =         0.0000  RESTRAINT  =        12.9811
 EAMBER (non-restraint)  =    -23891.4571
 EKCMT  =      2060.8835  VIRIAL  =      1757.6506  VOLUME     =     78278.2698
                                                    Density    =         1.0202
 ------------------------------------------------------------------------------

wrapping first mol.:       15.55888       22.00357       38.11130
wrapping first mol.:       15.55888       22.00357       38.11130

 NSTEP =     5000   TIME(PS) =    2450.000  TEMP(K) =   296.56  PRESS =  -597.1
 Etot   =    -19156.7625  EKtot   =      4732.0156  EPtot      =    -23888.7782
 BOND   =       133.6906  ANGLE   =       414.2189  DIHED      =       657.1747
 1-4 NB =       181.4886  1-4 EEL =      2502.0457  VDWAALS    =      2735.6379
 EELEC  =    -30531.2053  EHBOND  =         0.0000  RESTRAINT  =        18.1707
 EAMBER (non-restraint)  =    -23906.9488
 EKCMT  =      2094.3415  VIRIAL  =      3103.6546  VOLUME     =     78288.7726
                                                    Density    =         1.0201
 ------------------------------------------------------------------------------

wrapping first mol.:       15.55545       21.99873       38.10292
wrapping first mol.:       15.55545       21.99873       38.10292

 NSTEP =     5500   TIME(PS) =    2451.000  TEMP(K) =   297.82  PRESS =  -283.7
 Etot   =    -19217.2112  EKtot   =      4752.1230  EPtot      =    -23969.3342
 BOND   =       165.7935  ANGLE   =       396.4630  DIHED      =       643.3143
 1-4 NB =       178.8525  1-4 EEL =      2501.3921  VDWAALS    =      2839.7957
 EELEC  =    -30713.9527  EHBOND  =         0.0000  RESTRAINT  =        19.0073
 EAMBER (non-restraint)  =    -23988.3416
 EKCMT  =      2099.9965  VIRIAL  =      2579.1505  VOLUME     =     78234.9410
                                                    Density    =         1.0208
 ------------------------------------------------------------------------------

wrapping first mol.:       15.56302       22.00943       38.12146
wrapping first mol.:       15.56302       22.00943       38.12146

 NSTEP =     6000   TIME(PS) =    2452.000  TEMP(K) =   294.30  PRESS =   158.3
 Etot   =    -19201.7954  EKtot   =      4695.9009  EPtot      =    -23897.6963
 BOND   =       151.5580  ANGLE   =       412.9829  DIHED      =       653.3902
 1-4 NB =       175.0345  1-4 EEL =      2487.1700  VDWAALS    =      2929.5006
 EELEC  =    -30725.1114  EHBOND  =         0.0000  RESTRAINT  =        17.7790
 EAMBER (non-restraint)  =    -23915.4753
 EKCMT  =      2092.3558  VIRIAL  =      1824.5013  VOLUME     =     78346.0804
                                                    Density    =         1.0193
 ------------------------------------------------------------------------------

wrapping first mol.:       15.53721       21.97293       38.05823
wrapping first mol.:       15.53721       21.97293       38.05823

 NSTEP =     6500   TIME(PS) =    2453.000  TEMP(K) =   304.86  PRESS =   -16.8
 Etot   =    -19180.4080  EKtot   =      4864.4233  EPtot      =    -24044.8313
 BOND   =       151.2301  ANGLE   =       407.4214  DIHED      =       658.0176
 1-4 NB =       183.7619  1-4 EEL =      2480.7273  VDWAALS    =      2902.5106
 EELEC  =    -30847.0128  EHBOND  =         0.0000  RESTRAINT  =        18.5125
 EAMBER (non-restraint)  =    -24063.3438
 EKCMT  =      2120.9423  VIRIAL  =      2149.2276  VOLUME     =     77958.1554
                                                    Density    =         1.0244
 ------------------------------------------------------------------------------

wrapping first mol.:       15.52511       21.95583       38.02860
wrapping first mol.:       15.52511       21.95583       38.02860

 NSTEP =     7000   TIME(PS) =    2454.000  TEMP(K) =   297.32  PRESS =  -178.6
 Etot   =    -19402.9858  EKtot   =      4744.0400  EPtot      =    -24147.0258
 BOND   =       133.3618  ANGLE   =       400.1931  DIHED      =       637.8311
 1-4 NB =       171.5166  1-4 EEL =      2492.0458  VDWAALS    =      2936.9945
 EELEC  =    -30936.6249  EHBOND  =         0.0000  RESTRAINT  =        17.6563
 EAMBER (non-restraint)  =    -24164.6821
 EKCMT  =      2060.1853  VIRIAL  =      2360.1705  VOLUME     =     77777.3367
                                                    Density    =         1.0268
 ------------------------------------------------------------------------------

wrapping first mol.:       15.52200       21.95143       38.02098
wrapping first mol.:       15.52200       21.95143       38.02098

 NSTEP =     7500   TIME(PS) =    2455.000  TEMP(K) =   298.84  PRESS =   -50.0
 Etot   =    -19277.1322  EKtot   =      4768.2612  EPtot      =    -24045.3935
 BOND   =       142.3884  ANGLE   =       402.3389  DIHED      =       652.9978
 1-4 NB =       183.5138  1-4 EEL =      2496.0866  VDWAALS    =      2888.7608
 EELEC  =    -30827.2438  EHBOND  =         0.0000  RESTRAINT  =        15.7641
 EAMBER (non-restraint)  =    -24061.1576
 EKCMT  =      2088.7603  VIRIAL  =      2172.7034  VOLUME     =     77729.6972
                                                    Density    =         1.0274
 ------------------------------------------------------------------------------

wrapping first mol.:       15.54736       21.98729       38.08309
wrapping first mol.:       15.54736       21.98729       38.08309

 NSTEP =     8000   TIME(PS) =    2456.000  TEMP(K) =   299.54  PRESS =   384.4
 Etot   =    -19224.1641  EKtot   =      4779.5371  EPtot      =    -24003.7012
 BOND   =       156.4133  ANGLE   =       402.2484  DIHED      =       662.2724
 1-4 NB =       174.3061  1-4 EEL =      2483.0542  VDWAALS    =      3101.8735
 EELEC  =    -31004.0279  EHBOND  =         0.0000  RESTRAINT  =        20.1589
 EAMBER (non-restraint)  =    -24023.8601
 EKCMT  =      2120.1198  VIRIAL  =      1471.9114  VOLUME     =     78108.2231
                                                    Density    =         1.0224
 ------------------------------------------------------------------------------

wrapping first mol.:       15.56435       22.01131       38.12471
wrapping first mol.:       15.56435       22.01131       38.12471

 NSTEP =     8500   TIME(PS) =    2457.000  TEMP(K) =   304.19  PRESS =  -153.2
 Etot   =    -19199.7495  EKtot   =      4853.7515  EPtot      =    -24053.5010
 BOND   =       151.8245  ANGLE   =       406.5360  DIHED      =       662.5737
 1-4 NB =       171.7137  1-4 EEL =      2503.5254  VDWAALS    =      2959.1136
 EELEC  =    -30925.7396  EHBOND  =         0.0000  RESTRAINT  =        16.9518
 EAMBER (non-restraint)  =    -24070.4528
 EKCMT  =      2118.2332  VIRIAL  =      2377.4299  VOLUME     =     78368.3165
                                                    Density    =         1.0190
 ------------------------------------------------------------------------------

wrapping first mol.:       15.54943       21.99022       38.08817
wrapping first mol.:       15.54943       21.99022       38.08817

 NSTEP =     9000   TIME(PS) =    2458.000  TEMP(K) =   301.49  PRESS =    59.9
 Etot   =    -19149.3179  EKtot   =      4810.5835  EPtot      =    -23959.9014
 BOND   =       166.6921  ANGLE   =       381.1411  DIHED      =       644.0007
 1-4 NB =       171.8480  1-4 EEL =      2486.8375  VDWAALS    =      2886.4014
 EELEC  =    -30715.1256  EHBOND  =         0.0000  RESTRAINT  =        18.3035
 EAMBER (non-restraint)  =    -23978.2049
 EKCMT  =      2149.8776  VIRIAL  =      2048.8107  VOLUME     =     78141.7422
                                                    Density    =         1.0220
 ------------------------------------------------------------------------------

wrapping first mol.:       15.57413       22.02515       38.14868
wrapping first mol.:       15.57413       22.02515       38.14868

 NSTEP =     9500   TIME(PS) =    2459.000  TEMP(K) =   296.28  PRESS =  -305.1
 Etot   =    -19313.7800  EKtot   =      4727.4258  EPtot      =    -24041.2058
 BOND   =       144.8034  ANGLE   =       385.1890  DIHED      =       652.0226
 1-4 NB =       170.8271  1-4 EEL =      2486.8857  VDWAALS    =      2897.9630
 EELEC  =    -30794.8326  EHBOND  =         0.0000  RESTRAINT  =        15.9360
 EAMBER (non-restraint)  =    -24057.1418
 EKCMT  =      2089.0159  VIRIAL  =      2606.2919  VOLUME     =     78517.2863
                                                    Density    =         1.0171
 ------------------------------------------------------------------------------

wrapping first mol.:       15.57200       22.02213       38.14345
wrapping first mol.:       15.57200       22.02213       38.14345

 NSTEP =    10000   TIME(PS) =    2460.000  TEMP(K) =   296.25  PRESS =   -60.4
 Etot   =    -19260.4474  EKtot   =      4726.9688  EPtot      =    -23987.4161
 BOND   =       150.4615  ANGLE   =       417.2701  DIHED      =       647.8313
 1-4 NB =       168.9519  1-4 EEL =      2457.0481  VDWAALS    =      3009.8533
 EELEC  =    -30856.8882  EHBOND  =         0.0000  RESTRAINT  =        18.0558
 EAMBER (non-restraint)  =    -24005.4719
 EKCMT  =      2115.3701  VIRIAL  =      2217.7533  VOLUME     =     78483.2713
                                                    Density    =         1.0176
 ------------------------------------------------------------------------------

wrapping first mol.:       15.55315       21.99547       38.09727
wrapping first mol.:       15.55315       21.99547       38.09727

 NSTEP =    10500   TIME(PS) =    2461.000  TEMP(K) =   298.56  PRESS =   243.5
 Etot   =    -19156.0026  EKtot   =      4763.8130  EPtot      =    -23919.8156
 BOND   =       167.6537  ANGLE   =       409.9573  DIHED      =       650.9218
 1-4 NB =       182.6150  1-4 EEL =      2484.0331  VDWAALS    =      3019.3423
 EELEC  =    -30852.2376  EHBOND  =         0.0000  RESTRAINT  =        17.8990
 EAMBER (non-restraint)  =    -23937.7145
 EKCMT  =      2108.7742  VIRIAL  =      1697.6371  VOLUME     =     78196.4612
                                                    Density    =         1.0213
 ------------------------------------------------------------------------------

wrapping first mol.:       15.55363       21.99616       38.09846
wrapping first mol.:       15.55363       21.99616       38.09846

 NSTEP =    11000   TIME(PS) =    2462.000  TEMP(K) =   300.08  PRESS =   231.9
 Etot   =    -19207.8767  EKtot   =      4788.1904  EPtot      =    -23996.0671
 BOND   =       150.6789  ANGLE   =       400.0271  DIHED      =       644.3297
 1-4 NB =       171.3352  1-4 EEL =      2490.9991  VDWAALS    =      2980.5373
 EELEC  =    -30851.5855  EHBOND  =         0.0000  RESTRAINT  =        17.6110
 EAMBER (non-restraint)  =    -24013.6781
 EKCMT  =      2151.7183  VIRIAL  =      1760.1396  VOLUME     =     78203.8487
                                                    Density    =         1.0212
 ------------------------------------------------------------------------------

wrapping first mol.:       15.54049       21.97757       38.06627
wrapping first mol.:       15.54049       21.97757       38.06627

 NSTEP =    11500   TIME(PS) =    2463.000  TEMP(K) =   302.59  PRESS =   159.8
 Etot   =    -19098.1317  EKtot   =      4828.0991  EPtot      =    -23926.2308
 BOND   =       158.0716  ANGLE   =       425.2749  DIHED      =       649.1787
 1-4 NB =       176.9792  1-4 EEL =      2470.5497  VDWAALS    =      2917.0160
 EELEC  =    -30739.7045  EHBOND  =         0.0000  RESTRAINT  =        16.4036
 EAMBER (non-restraint)  =    -23942.6344
 EKCMT  =      2117.4295  VIRIAL  =      1848.3012  VOLUME     =     78006.3014
                                                    Density    =         1.0238
 ------------------------------------------------------------------------------

wrapping first mol.:       15.55215       21.99406       38.09482
wrapping first mol.:       15.55215       21.99406       38.09482

 NSTEP =    12000   TIME(PS) =    2464.000  TEMP(K) =   303.78  PRESS =   337.0
 Etot   =    -18959.6601  EKtot   =      4847.1577  EPtot      =    -23806.8178
 BOND   =       159.2771  ANGLE   =       413.2157  DIHED      =       653.8929
 1-4 NB =       174.5949  1-4 EEL =      2486.7913  VDWAALS    =      3003.5312
 EELEC  =    -30713.7826  EHBOND  =         0.0000  RESTRAINT  =        15.6617
 EAMBER (non-restraint)  =    -23822.4795
 EKCMT  =      2167.4532  VIRIAL  =      1598.5399  VOLUME     =     78180.7211
                                                    Density    =         1.0215
 ------------------------------------------------------------------------------

wrapping first mol.:       15.55368       21.99622       38.09857
wrapping first mol.:       15.55368       21.99622       38.09857

 NSTEP =    12500   TIME(PS) =    2465.000  TEMP(K) =   299.08  PRESS =  -372.7
 Etot   =    -19117.4854  EKtot   =      4772.1982  EPtot      =    -23889.6837
 BOND   =       152.0386  ANGLE   =       436.8813  DIHED      =       660.4726
 1-4 NB =       178.6583  1-4 EEL =      2509.4980  VDWAALS    =      2807.7802
 EELEC  =    -30650.0690  EHBOND  =         0.0000  RESTRAINT  =        15.0564
 EAMBER (non-restraint)  =    -23904.7401
 EKCMT  =      2153.2694  VIRIAL  =      2782.6777  VOLUME     =     78208.7668
                                                    Density    =         1.0211
 ------------------------------------------------------------------------------

wrapping first mol.:       15.55217       21.99409       38.09488
wrapping first mol.:       15.55217       21.99409       38.09488

 NSTEP =    13000   TIME(PS) =    2466.000  TEMP(K) =   293.60  PRESS =   158.8
 Etot   =    -19332.1223  EKtot   =      4684.6670  EPtot      =    -24016.7893
 BOND   =       161.8158  ANGLE   =       392.4119  DIHED      =       663.2108
 1-4 NB =       182.9166  1-4 EEL =      2506.6944  VDWAALS    =      2959.6119
 EELEC  =    -30899.4162  EHBOND  =         0.0000  RESTRAINT  =        15.9656
 EAMBER (non-restraint)  =    -24032.7549
 EKCMT  =      2058.6336  VIRIAL  =      1790.5366  VOLUME     =     78182.3694
                                                    Density    =         1.0215
 ------------------------------------------------------------------------------

wrapping first mol.:       15.56260       22.00884       38.12043
wrapping first mol.:       15.56260       22.00884       38.12043

 NSTEP =    13500   TIME(PS) =    2467.000  TEMP(K) =   300.11  PRESS =  -159.7
 Etot   =    -19226.2944  EKtot   =      4788.6050  EPtot      =    -24014.8994
 BOND   =       150.2885  ANGLE   =       409.6026  DIHED      =       667.3361
 1-4 NB =       180.0464  1-4 EEL =      2497.9920  VDWAALS    =      2866.3001
 EELEC  =    -30800.2985  EHBOND  =         0.0000  RESTRAINT  =        13.8334
 EAMBER (non-restraint)  =    -24028.7328
 EKCMT  =      2129.5403  VIRIAL  =      2399.6111  VOLUME     =     78341.9850
                                                    Density    =         1.0194
 ------------------------------------------------------------------------------

wrapping first mol.:       15.57172       22.02174       38.14277
wrapping first mol.:       15.57172       22.02174       38.14277

 NSTEP =    14000   TIME(PS) =    2468.000  TEMP(K) =   299.69  PRESS =  -256.5
 Etot   =    -19187.9128  EKtot   =      4781.9048  EPtot      =    -23969.8176
 BOND   =       141.1456  ANGLE   =       384.9824  DIHED      =       657.7315
 1-4 NB =       178.2650  1-4 EEL =      2512.8077  VDWAALS    =      2911.0299
 EELEC  =    -30774.3861  EHBOND  =         0.0000  RESTRAINT  =        18.6064
 EAMBER (non-restraint)  =    -23988.4239
 EKCMT  =      2078.9080  VIRIAL  =      2513.4868  VOLUME     =     78480.4902
                                                    Density    =         1.0176
 ------------------------------------------------------------------------------

wrapping first mol.:       15.58130       22.03529       38.16624
wrapping first mol.:       15.58130       22.03529       38.16624

 NSTEP =    14500   TIME(PS) =    2469.000  TEMP(K) =   302.59  PRESS =   -60.6
 Etot   =    -19074.5948  EKtot   =      4828.1929  EPtot      =    -23902.7877
 BOND   =       138.0017  ANGLE   =       420.9769  DIHED      =       656.6358
 1-4 NB =       174.3300  1-4 EEL =      2500.8421  VDWAALS    =      2890.6218
 EELEC  =    -30698.4384  EHBOND  =         0.0000  RESTRAINT  =        14.2424
 EAMBER (non-restraint)  =    -23917.0301
 EKCMT  =      2132.1060  VIRIAL  =      2234.9120  VOLUME     =     78624.0604
                                                    Density    =         1.0157
 ------------------------------------------------------------------------------

wrapping first mol.:       15.57661       22.02866       38.15475
wrapping first mol.:       15.57661       22.02866       38.15475

 NSTEP =    15000   TIME(PS) =    2470.000  TEMP(K) =   305.41  PRESS =  -153.2
 Etot   =    -19078.8143  EKtot   =      4873.1631  EPtot      =    -23951.9774
 BOND   =       166.3427  ANGLE   =       398.2984  DIHED      =       653.3039
 1-4 NB =       168.4129  1-4 EEL =      2492.0423  VDWAALS    =      2903.0094
 EELEC  =    -30752.0806  EHBOND  =         0.0000  RESTRAINT  =        18.6936
 EAMBER (non-restraint)  =    -23970.6710
 EKCMT  =      2174.1039  VIRIAL  =      2433.9796  VOLUME     =     78553.7315
                                                    Density    =         1.0166
 ------------------------------------------------------------------------------

wrapping first mol.:       15.57624       22.02813       38.15384
wrapping first mol.:       15.57624       22.02813       38.15384

 NSTEP =    15500   TIME(PS) =    2471.000  TEMP(K) =   301.35  PRESS =   204.9
 Etot   =    -19221.3998  EKtot   =      4808.3560  EPtot      =    -24029.7557
 BOND   =       159.2038  ANGLE   =       399.1095  DIHED      =       665.9245
 1-4 NB =       167.4405  1-4 EEL =      2491.8949  VDWAALS    =      3026.3152
 EELEC  =    -30958.6633  EHBOND  =         0.0000  RESTRAINT  =        19.0193
 EAMBER (non-restraint)  =    -24048.7750
 EKCMT  =      2079.6529  VIRIAL  =      1732.1700  VOLUME     =     78545.5676
                                                    Density    =         1.0167
 ------------------------------------------------------------------------------

wrapping first mol.:       15.58137       22.03539       38.16641
wrapping first mol.:       15.58137       22.03539       38.16641

 NSTEP =    16000   TIME(PS) =    2472.000  TEMP(K) =   298.70  PRESS =  -124.8
 Etot   =    -19310.4679  EKtot   =      4766.1079  EPtot      =    -24076.5758
 BOND   =       153.8760  ANGLE   =       404.6412  DIHED      =       648.7738
 1-4 NB =       174.5440  1-4 EEL =      2504.8736  VDWAALS    =      3010.5436
 EELEC  =    -30990.8662  EHBOND  =         0.0000  RESTRAINT  =        17.0382
 EAMBER (non-restraint)  =    -24093.6140
 EKCMT  =      2118.8107  VIRIAL  =      2330.5962  VOLUME     =     78625.5669
                                                    Density    =         1.0157
 ------------------------------------------------------------------------------

wrapping first mol.:       15.57571       22.02738       38.15254
wrapping first mol.:       15.57571       22.02738       38.15254

 NSTEP =    16500   TIME(PS) =    2473.000  TEMP(K) =   300.08  PRESS =  -249.5
 Etot   =    -19191.4501  EKtot   =      4788.1284  EPtot      =    -23979.5785
 BOND   =       153.1710  ANGLE   =       416.1063  DIHED      =       666.4614
 1-4 NB =       177.8944  1-4 EEL =      2490.0876  VDWAALS    =      2909.6298
 EELEC  =    -30810.9859  EHBOND  =         0.0000  RESTRAINT  =        18.0568
 EAMBER (non-restraint)  =    -23997.6354
 EKCMT  =      2048.5051  VIRIAL  =      2471.6571  VOLUME     =     78540.7257
                                                    Density    =         1.0168
 ------------------------------------------------------------------------------

wrapping first mol.:       15.57711       22.02936       38.15596
wrapping first mol.:       15.57711       22.02936       38.15596

 NSTEP =    17000   TIME(PS) =    2474.000  TEMP(K) =   301.60  PRESS =    76.4
 Etot   =    -19158.0505  EKtot   =      4812.3926  EPtot      =    -23970.4431
 BOND   =       156.0280  ANGLE   =       422.9300  DIHED      =       662.7854
 1-4 NB =       175.0504  1-4 EEL =      2486.7480  VDWAALS    =      2942.9656
 EELEC  =    -30834.1271  EHBOND  =         0.0000  RESTRAINT  =        17.1766
 EAMBER (non-restraint)  =    -23987.6197
 EKCMT  =      2192.2224  VIRIAL  =      2062.5564  VOLUME     =     78559.6027
                                                    Density    =         1.0166
 ------------------------------------------------------------------------------

wrapping first mol.:       15.56054       22.00593       38.11539
wrapping first mol.:       15.56054       22.00593       38.11539

 NSTEP =    17500   TIME(PS) =    2475.000  TEMP(K) =   293.25  PRESS =  -177.8
 Etot   =    -19352.7575  EKtot   =      4679.1216  EPtot      =    -24031.8790
 BOND   =       153.4430  ANGLE   =       403.8545  DIHED      =       662.4793
 1-4 NB =       187.0386  1-4 EEL =      2495.2329  VDWAALS    =      2954.0736
 EELEC  =    -30905.8074  EHBOND  =         0.0000  RESTRAINT  =        17.8065
 EAMBER (non-restraint)  =    -24049.6855
 EKCMT  =      2046.1324  VIRIAL  =      2346.7627  VOLUME     =     78311.0269
                                                    Density    =         1.0198
 ------------------------------------------------------------------------------

wrapping first mol.:       15.55379       21.99639       38.09885
wrapping first mol.:       15.55379       21.99639       38.09885

 NSTEP =    18000   TIME(PS) =    2476.000  TEMP(K) =   303.94  PRESS =    76.0
 Etot   =    -19141.9782  EKtot   =      4849.6982  EPtot      =    -23991.6764
 BOND   =       144.9589  ANGLE   =       424.5130  DIHED      =       649.4716
 1-4 NB =       179.6524  1-4 EEL =      2500.4762  VDWAALS    =      2891.5440
 EELEC  =    -30795.9310  EHBOND  =         0.0000  RESTRAINT  =        13.6385
 EAMBER (non-restraint)  =    -24005.3149
 EKCMT  =      2188.6937  VIRIAL  =      2060.4172  VOLUME     =     78207.3957
                                                    Density    =         1.0211
 ------------------------------------------------------------------------------

wrapping first mol.:       15.53844       21.97467       38.06124
wrapping first mol.:       15.53844       21.97467       38.06124

 NSTEP =    18500   TIME(PS) =    2477.000  TEMP(K) =   302.01  PRESS =  -121.0
 Etot   =    -19234.2962  EKtot   =      4818.8838  EPtot      =    -24053.1800
 BOND   =       159.0685  ANGLE   =       398.9418  DIHED      =       660.9429
 1-4 NB =       179.9195  1-4 EEL =      2495.0058  VDWAALS    =      2844.9228
 EELEC  =    -30809.4448  EHBOND  =         0.0000  RESTRAINT  =        17.4636
 EAMBER (non-restraint)  =    -24070.6436
 EKCMT  =      2134.3755  VIRIAL  =      2338.0645  VOLUME     =     77977.3538
                                                    Density    =         1.0242
 ------------------------------------------------------------------------------

wrapping first mol.:       15.53614       21.97141       38.05560
wrapping first mol.:       15.53614       21.97141       38.05560

 NSTEP =    19000   TIME(PS) =    2478.000  TEMP(K) =   301.27  PRESS =   107.6
 Etot   =    -19127.7654  EKtot   =      4807.1216  EPtot      =    -23934.8869
 BOND   =       169.1032  ANGLE   =       421.3683  DIHED      =       668.5346
 1-4 NB =       173.0714  1-4 EEL =      2492.4255  VDWAALS    =      2911.7928
 EELEC  =    -30789.9494  EHBOND  =         0.0000  RESTRAINT  =        18.7666
 EAMBER (non-restraint)  =    -23953.6536
 EKCMT  =      2118.5323  VIRIAL  =      1937.4666  VOLUME     =     77941.1138
                                                    Density    =         1.0246
 ------------------------------------------------------------------------------

wrapping first mol.:       15.53511       21.96997       38.05309
wrapping first mol.:       15.53511       21.96997       38.05309

 NSTEP =    19500   TIME(PS) =    2479.000  TEMP(K) =   303.81  PRESS =  -135.5
 Etot   =    -19096.2761  EKtot   =      4847.6890  EPtot      =    -23943.9651
 BOND   =       150.8401  ANGLE   =       404.3292  DIHED      =       654.5265
 1-4 NB =       181.0855  1-4 EEL =      2521.7290  VDWAALS    =      2818.3783
 EELEC  =    -30689.4831  EHBOND  =         0.0000  RESTRAINT  =        14.6293
 EAMBER (non-restraint)  =    -23958.5945
 EKCMT  =      2169.4572  VIRIAL  =      2397.4881  VOLUME     =     77927.3979
                                                    Density    =         1.0248
 ------------------------------------------------------------------------------

wrapping first mol.:       15.54358       21.98194       38.07383
wrapping first mol.:       15.54358       21.98194       38.07383

 NSTEP =    20000   TIME(PS) =    2480.000  TEMP(K) =   303.98  PRESS =    53.3
 Etot   =    -19070.1898  EKtot   =      4850.3872  EPtot      =    -23920.5770
 BOND   =       148.7890  ANGLE   =       411.7933  DIHED      =       649.5708
 1-4 NB =       169.5910  1-4 EEL =      2483.5750  VDWAALS    =      2927.3718
 EELEC  =    -30727.1877  EHBOND  =         0.0000  RESTRAINT  =        15.9198
 EAMBER (non-restraint)  =    -23936.4969
 EKCMT  =      2128.1847  VIRIAL  =      2038.4128  VOLUME     =     78053.5435
                                                    Density    =         1.0232
 ------------------------------------------------------------------------------

wrapping first mol.:       15.53767       21.97358       38.05936
wrapping first mol.:       15.53767       21.97358       38.05936

 NSTEP =    20500   TIME(PS) =    2481.000  TEMP(K) =   298.28  PRESS =  -187.1
 Etot   =    -19196.1363  EKtot   =      4759.4385  EPtot      =    -23955.5748
 BOND   =       149.0734  ANGLE   =       422.4665  DIHED      =       668.5541
 1-4 NB =       181.7690  1-4 EEL =      2474.4406  VDWAALS    =      2810.3962
 EELEC  =    -30680.8927  EHBOND  =         0.0000  RESTRAINT  =        18.6181
 EAMBER (non-restraint)  =    -23974.1929
 EKCMT  =      2110.7421  VIRIAL  =      2425.6971  VOLUME     =     77966.2686
                                                    Density    =         1.0243
 ------------------------------------------------------------------------------

wrapping first mol.:       15.54359       21.98196       38.07387
wrapping first mol.:       15.54359       21.98196       38.07387

 NSTEP =    21000   TIME(PS) =    2482.000  TEMP(K) =   298.99  PRESS =    -0.6
 Etot   =    -19069.0130  EKtot   =      4770.6562  EPtot      =    -23839.6692
 BOND   =       152.0617  ANGLE   =       435.1235  DIHED      =       657.4080
 1-4 NB =       188.0331  1-4 EEL =      2490.9582  VDWAALS    =      2875.8068
 EELEC  =    -30652.3973  EHBOND  =         0.0000  RESTRAINT  =        13.3367
 EAMBER (non-restraint)  =    -23853.0059
 EKCMT  =      2119.5182  VIRIAL  =      2120.6042  VOLUME     =     78054.1629
                                                    Density    =         1.0231
 ------------------------------------------------------------------------------

wrapping first mol.:       15.54173       21.97932       38.06930
wrapping first mol.:       15.54173       21.97932       38.06930

 NSTEP =    21500   TIME(PS) =    2483.000  TEMP(K) =   301.34  PRESS =   103.8
 Etot   =    -19136.8006  EKtot   =      4808.2798  EPtot      =    -23945.0804
 BOND   =       166.6550  ANGLE   =       403.0122  DIHED      =       661.1135
 1-4 NB =       184.0654  1-4 EEL =      2514.7195  VDWAALS    =      2947.3975
 EELEC  =    -30833.9246  EHBOND  =         0.0000  RESTRAINT  =        11.8811
 EAMBER (non-restraint)  =    -23956.9615
 EKCMT  =      2121.4227  VIRIAL  =      1946.5433  VOLUME     =     78025.3268
                                                    Density    =         1.0235
 ------------------------------------------------------------------------------

wrapping first mol.:       15.55383       21.99644       38.09895
wrapping first mol.:       15.55383       21.99644       38.09895

 NSTEP =    22000   TIME(PS) =    2484.000  TEMP(K) =   303.85  PRESS =     7.6
 Etot   =    -19128.4585  EKtot   =      4848.3389  EPtot      =    -23976.7974
 BOND   =       138.6578  ANGLE   =       387.3018  DIHED      =       655.0652
 1-4 NB =       176.2831  1-4 EEL =      2489.4054  VDWAALS    =      2843.6085
 EELEC  =    -30681.9786  EHBOND  =         0.0000  RESTRAINT  =        14.8595
 EAMBER (non-restraint)  =    -23991.6569
 EKCMT  =      2135.0057  VIRIAL  =      2122.2116  VOLUME     =     78208.4383
                                                    Density    =         1.0211
 ------------------------------------------------------------------------------

wrapping first mol.:       15.54909       21.98973       38.08733
wrapping first mol.:       15.54909       21.98973       38.08733

 NSTEP =    22500   TIME(PS) =    2485.000  TEMP(K) =   298.71  PRESS =   245.9
 Etot   =    -19197.4340  EKtot   =      4766.2485  EPtot      =    -23963.6826
 BOND   =       143.9470  ANGLE   =       418.8291  DIHED      =       660.5669
 1-4 NB =       181.6330  1-4 EEL =      2477.8325  VDWAALS    =      3008.8368
 EELEC  =    -30871.3242  EHBOND  =         0.0000  RESTRAINT  =        15.9964
 EAMBER (non-restraint)  =    -23979.6790
 EKCMT  =      2108.8149  VIRIAL  =      1693.9455  VOLUME     =     78135.2692
                                                    Density    =         1.0221
 ------------------------------------------------------------------------------

wrapping first mol.:       15.54775       21.98784       38.08406
wrapping first mol.:       15.54775       21.98784       38.08406

 NSTEP =    23000   TIME(PS) =    2486.000  TEMP(K) =   299.11  PRESS =  -335.7
 Etot   =    -19066.6468  EKtot   =      4772.5986  EPtot      =    -23839.2454
 BOND   =       170.7610  ANGLE   =       418.1937  DIHED      =       645.0812
 1-4 NB =       171.9155  1-4 EEL =      2490.5531  VDWAALS    =      2809.2196
 EELEC  =    -30562.0002  EHBOND  =         0.0000  RESTRAINT  =        17.0307
 EAMBER (non-restraint)  =    -23856.2761
 EKCMT  =      2070.0927  VIRIAL  =      2636.2857  VOLUME     =     78119.1871
                                                    Density    =         1.0223
 ------------------------------------------------------------------------------

wrapping first mol.:       15.54340       21.98169       38.07340
wrapping first mol.:       15.54340       21.98169       38.07340

 NSTEP =    23500   TIME(PS) =    2487.000  TEMP(K) =   299.18  PRESS =     6.9
 Etot   =    -19203.4605  EKtot   =      4773.7124  EPtot      =    -23977.1729
 BOND   =       163.2195  ANGLE   =       410.8095  DIHED      =       662.8845
 1-4 NB =       181.8277  1-4 EEL =      2475.1639  VDWAALS    =      2981.5502
 EELEC  =    -30866.2154  EHBOND  =         0.0000  RESTRAINT  =        13.5873
 EAMBER (non-restraint)  =    -23990.7602
 EKCMT  =      2104.3540  VIRIAL  =      2092.7397  VOLUME     =     78051.1939
                                                    Density    =         1.0232
 ------------------------------------------------------------------------------

wrapping first mol.:       15.55696       22.00087       38.10662
wrapping first mol.:       15.55696       22.00087       38.10662

 NSTEP =    24000   TIME(PS) =    2488.000  TEMP(K) =   301.73  PRESS =  -116.4
 Etot   =    -19091.0851  EKtot   =      4814.3892  EPtot      =    -23905.4743
 BOND   =       162.4144  ANGLE   =       427.6109  DIHED      =       644.3321
 1-4 NB =       182.1317  1-4 EEL =      2507.9206  VDWAALS    =      2914.8182
 EELEC  =    -30760.0476  EHBOND  =         0.0000  RESTRAINT  =        15.3455
 EAMBER (non-restraint)  =    -23920.8197
 EKCMT  =      2111.8783  VIRIAL  =      2308.5523  VOLUME     =     78256.5575
                                                    Density    =         1.0205
 ------------------------------------------------------------------------------

wrapping first mol.:       15.56410       22.01096       38.12410
wrapping first mol.:       15.56410       22.01096       38.12410

 NSTEP =    24500   TIME(PS) =    2489.000  TEMP(K) =   294.80  PRESS =   -65.7
 Etot   =    -19217.9255  EKtot   =      4703.9082  EPtot      =    -23921.8337
 BOND   =       152.0573  ANGLE   =       415.9481  DIHED      =       658.9953
 1-4 NB =       174.0101  1-4 EEL =      2500.2023  VDWAALS    =      2858.8723
 EELEC  =    -30697.0578  EHBOND  =         0.0000  RESTRAINT  =        15.1386
 EAMBER (non-restraint)  =    -23936.9723
 EKCMT  =      2075.5653  VIRIAL  =      2186.6512  VOLUME     =     78363.9536
                                                    Density    =         1.0191
 ------------------------------------------------------------------------------

wrapping first mol.:       15.55885       22.00353       38.11124
wrapping first mol.:       15.55885       22.00353       38.11124

 NSTEP =    25000   TIME(PS) =    2490.000  TEMP(K) =   300.38  PRESS =  -365.6
 Etot   =    -19244.4229  EKtot   =      4792.8359  EPtot      =    -24037.2589
 BOND   =       144.9525  ANGLE   =       411.2478  DIHED      =       655.2855
 1-4 NB =       169.8502  1-4 EEL =      2484.8667  VDWAALS    =      2882.0974
 EELEC  =    -30799.3093  EHBOND  =         0.0000  RESTRAINT  =        13.7503
 EAMBER (non-restraint)  =    -24051.0092
 EKCMT  =      2048.8576  VIRIAL  =      2666.8672  VOLUME     =     78286.7506
                                                    Density    =         1.0201
 ------------------------------------------------------------------------------

wrapping first mol.:       15.55379       21.99638       38.09885
wrapping first mol.:       15.55379       21.99638       38.09885

 NSTEP =    25500   TIME(PS) =    2491.000  TEMP(K) =   298.43  PRESS =  -180.8
 Etot   =    -19201.8065  EKtot   =      4761.7363  EPtot      =    -23963.5428
 BOND   =       145.8351  ANGLE   =       411.0950  DIHED      =       662.5412
 1-4 NB =       173.6624  1-4 EEL =      2497.9822  VDWAALS    =      2922.9835
 EELEC  =    -30791.9200  EHBOND  =         0.0000  RESTRAINT  =        14.2778
 EAMBER (non-restraint)  =    -23977.8206
 EKCMT  =      2067.6371  VIRIAL  =      2372.8690  VOLUME     =     78209.1717
                                                    Density    =         1.0211
 ------------------------------------------------------------------------------

wrapping first mol.:       15.53002       21.96276       38.04061
wrapping first mol.:       15.53002       21.96276       38.04061

 NSTEP =    26000   TIME(PS) =    2492.000  TEMP(K) =   300.79  PRESS =  -284.9
 Etot   =    -19220.4966  EKtot   =      4799.5029  EPtot      =    -24019.9996
 BOND   =       148.0070  ANGLE   =       410.2481  DIHED      =       657.8258
 1-4 NB =       178.6772  1-4 EEL =      2506.8550  VDWAALS    =      2819.3977
 EELEC  =    -30755.8526  EHBOND  =         0.0000  RESTRAINT  =        14.8422
 EAMBER (non-restraint)  =    -24034.8418
 EKCMT  =      2104.9609  VIRIAL  =      2583.9282  VOLUME     =     77851.7852
                                                    Density    =         1.0258
 ------------------------------------------------------------------------------

wrapping first mol.:       15.53819       21.97432       38.06063
wrapping first mol.:       15.53819       21.97432       38.06063

 NSTEP =    26500   TIME(PS) =    2493.000  TEMP(K) =   299.80  PRESS =   109.9
 Etot   =    -19031.5408  EKtot   =      4783.7227  EPtot      =    -23815.2634
 BOND   =       157.8479  ANGLE   =       418.7797  DIHED      =       676.9753
 1-4 NB =       171.6516  1-4 EEL =      2499.9290  VDWAALS    =      2945.2371
 EELEC  =    -30705.4598  EHBOND  =         0.0000  RESTRAINT  =        19.7758
 EAMBER (non-restraint)  =    -23835.0392
 EKCMT  =      2121.0507  VIRIAL  =      1936.0725  VOLUME     =     77972.0268
                                                    Density    =         1.0242
 ------------------------------------------------------------------------------

wrapping first mol.:       15.54208       21.97982       38.07016
wrapping first mol.:       15.54208       21.97982       38.07016

 NSTEP =    27000   TIME(PS) =    2494.000  TEMP(K) =   302.70  PRESS =  -307.3
 Etot   =    -19153.8390  EKtot   =      4830.0063  EPtot      =    -23983.8453
 BOND   =       159.7094  ANGLE   =       398.1821  DIHED      =       662.7246
 1-4 NB =       170.2293  1-4 EEL =      2502.3006  VDWAALS    =      2820.3114
 EELEC  =    -30719.8377  EHBOND  =         0.0000  RESTRAINT  =        22.5349
 EAMBER (non-restraint)  =    -24006.3803
 EKCMT  =      2140.8143  VIRIAL  =      2658.6233  VOLUME     =     78033.4847
                                                    Density    =         1.0234
 ------------------------------------------------------------------------------

wrapping first mol.:       15.53370       21.96797       38.04963
wrapping first mol.:       15.53370       21.96797       38.04963

 NSTEP =    27500   TIME(PS) =    2495.000  TEMP(K) =   303.83  PRESS =  -188.7
 Etot   =    -19153.8032  EKtot   =      4847.8867  EPtot      =    -24001.6899
 BOND   =       147.8611  ANGLE   =       413.2296  DIHED      =       636.8402
 1-4 NB =       173.4518  1-4 EEL =      2487.3998  VDWAALS    =      2811.4915
 EELEC  =    -30691.2086  EHBOND  =         0.0000  RESTRAINT  =        19.2448
 EAMBER (non-restraint)  =    -24020.9347
 EKCMT  =      2117.8620  VIRIAL  =      2435.2552  VOLUME     =     77906.4791
                                                    Density    =         1.0251
 ------------------------------------------------------------------------------

wrapping first mol.:       15.53488       21.96964       38.05254
wrapping first mol.:       15.53488       21.96964       38.05254

 NSTEP =    28000   TIME(PS) =    2496.000  TEMP(K) =   298.92  PRESS =  -161.6
 Etot   =    -19228.8051  EKtot   =      4769.6694  EPtot      =    -23998.4745
 BOND   =       145.0346  ANGLE   =       403.4289  DIHED      =       657.2038
 1-4 NB =       179.0465  1-4 EEL =      2464.5084  VDWAALS    =      2776.3331
 EELEC  =    -30644.1062  EHBOND  =         0.0000  RESTRAINT  =        20.0763
 EAMBER (non-restraint)  =    -24018.5508
 EKCMT  =      2092.2471  VIRIAL  =      2364.1142  VOLUME     =     77924.1465
                                                    Density    =         1.0249
 ------------------------------------------------------------------------------

wrapping first mol.:       15.53872       21.97507       38.06194
wrapping first mol.:       15.53872       21.97507       38.06194

 NSTEP =    28500   TIME(PS) =    2497.000  TEMP(K) =   298.89  PRESS =   -19.1
 Etot   =    -19220.7136  EKtot   =      4769.0610  EPtot      =    -23989.7747
 BOND   =       146.5895  ANGLE   =       392.1951  DIHED      =       653.5605
 1-4 NB =       184.9640  1-4 EEL =      2490.5694  VDWAALS    =      2851.3867
 EELEC  =    -30724.1607  EHBOND  =         0.0000  RESTRAINT  =        15.1207
 EAMBER (non-restraint)  =    -24004.8954
 EKCMT  =      2116.8817  VIRIAL  =      2149.0167  VOLUME     =     77980.9158
                                                    Density    =         1.0241
 ------------------------------------------------------------------------------

wrapping first mol.:       15.54191       21.97958       38.06975
wrapping first mol.:       15.54191       21.97958       38.06975

 NSTEP =    29000   TIME(PS) =    2498.000  TEMP(K) =   297.39  PRESS =   -32.5
 Etot   =    -19307.8838  EKtot   =      4745.1392  EPtot      =    -24053.0229
 BOND   =       157.3102  ANGLE   =       407.1540  DIHED      =       668.8631
 1-4 NB =       176.3935  1-4 EEL =      2488.9901  VDWAALS    =      2955.6032
 EELEC  =    -30926.8880  EHBOND  =         0.0000  RESTRAINT  =        19.5509
 EAMBER (non-restraint)  =    -24072.5739
 EKCMT  =      2099.3429  VIRIAL  =      2154.1340  VOLUME     =     78029.0674
                                                    Density    =         1.0235
 ------------------------------------------------------------------------------

wrapping first mol.:       15.53486       21.96962       38.05249
wrapping first mol.:       15.53486       21.96962       38.05249

 NSTEP =    29500   TIME(PS) =    2499.000  TEMP(K) =   300.40  PRESS =  -126.7
 Etot   =    -19246.6304  EKtot   =      4793.1558  EPtot      =    -24039.7861
 BOND   =       178.4186  ANGLE   =       401.6069  DIHED      =       664.1331
 1-4 NB =       178.3142  1-4 EEL =      2509.9723  VDWAALS    =      2835.6925
 EELEC  =    -30822.1148  EHBOND  =         0.0000  RESTRAINT  =        14.1910
 EAMBER (non-restraint)  =    -24053.9771
 EKCMT  =      2083.2693  VIRIAL  =      2296.4308  VOLUME     =     77923.6080
                                                    Density    =         1.0249
 ------------------------------------------------------------------------------

wrapping first mol.:       15.52677       21.95816       38.03265
wrapping first mol.:       15.52677       21.95816       38.03265

 NSTEP =    30000   TIME(PS) =    2500.000  TEMP(K) =   302.81  PRESS =  -336.6
 Etot   =    -19134.6753  EKtot   =      4831.6885  EPtot      =    -23966.3637
 BOND   =       165.2365  ANGLE   =       393.9973  DIHED      =       670.6891
 1-4 NB =       171.5768  1-4 EEL =      2489.0221  VDWAALS    =      2865.3547
 EELEC  =    -30736.1823  EHBOND  =         0.0000  RESTRAINT  =        13.9421
 EAMBER (non-restraint)  =    -23980.3058
 EKCMT  =      2089.9707  VIRIAL  =      2655.4398  VOLUME     =     77803.2556
                                                    Density    =         1.0264
 ------------------------------------------------------------------------------

wrapping first mol.:       15.53756       21.97343       38.05909
wrapping first mol.:       15.53756       21.97343       38.05909

 NSTEP =    30500   TIME(PS) =    2501.000  TEMP(K) =   299.42  PRESS =  -145.0
 Etot   =    -19165.1298  EKtot   =      4777.5928  EPtot      =    -23942.7226
 BOND   =       149.8205  ANGLE   =       428.0749  DIHED      =       646.6345
 1-4 NB =       174.2352  1-4 EEL =      2471.7503  VDWAALS    =      2897.6558
 EELEC  =    -30728.5611  EHBOND  =         0.0000  RESTRAINT  =        17.6674
 EAMBER (non-restraint)  =    -23960.3899
 EKCMT  =      2080.6643  VIRIAL  =      2324.7102  VOLUME     =     77964.2859
                                                    Density    =         1.0243
 ------------------------------------------------------------------------------

wrapping first mol.:       15.53411       21.96854       38.05063
wrapping first mol.:       15.53411       21.96854       38.05063

 NSTEP =    31000   TIME(PS) =    2502.000  TEMP(K) =   300.29  PRESS =   128.8
 Etot   =    -19261.5091  EKtot   =      4791.4731  EPtot      =    -24052.9822
 BOND   =       151.8640  ANGLE   =       370.6777  DIHED      =       666.3839
 1-4 NB =       169.8403  1-4 EEL =      2522.7149  VDWAALS    =      2919.3279
 EELEC  =    -30867.0966  EHBOND  =         0.0000  RESTRAINT  =        13.3057
 EAMBER (non-restraint)  =    -24066.2879
 EKCMT  =      2081.0060  VIRIAL  =      1864.3911  VOLUME     =     77910.4068
                                                    Density    =         1.0250
 ------------------------------------------------------------------------------

wrapping first mol.:       15.53751       21.97336       38.05897
wrapping first mol.:       15.53751       21.97336       38.05897

 NSTEP =    31500   TIME(PS) =    2503.000  TEMP(K) =   302.09  PRESS =   -49.1
 Etot   =    -19436.0066  EKtot   =      4820.1748  EPtot      =    -24256.1814
 BOND   =       142.3879  ANGLE   =       382.8097  DIHED      =       645.3658
 1-4 NB =       181.7369  1-4 EEL =      2487.9253  VDWAALS    =      2969.1839
 EELEC  =    -31081.2719  EHBOND  =         0.0000  RESTRAINT  =        15.6809
 EAMBER (non-restraint)  =    -24271.8623
 EKCMT  =      2122.4012  VIRIAL  =      2205.0642  VOLUME     =     77962.8870
                                                    Density    =         1.0243
 ------------------------------------------------------------------------------

wrapping first mol.:       15.55267       21.99479       38.09609
wrapping first mol.:       15.55267       21.99479       38.09609

 NSTEP =    32000   TIME(PS) =    2504.000  TEMP(K) =   294.89  PRESS =   108.2
 Etot   =    -19191.1631  EKtot   =      4705.2803  EPtot      =    -23896.4434
 BOND   =       150.3311  ANGLE   =       419.0998  DIHED      =       656.8707
 1-4 NB =       166.9673  1-4 EEL =      2491.3705  VDWAALS    =      2945.9925
 EELEC  =    -30743.6463  EHBOND  =         0.0000  RESTRAINT  =        16.5711
 EAMBER (non-restraint)  =    -23913.0144
 EKCMT  =      2094.6437  VIRIAL  =      1912.0302  VOLUME     =     78190.1648
                                                    Density    =         1.0214
 ------------------------------------------------------------------------------

wrapping first mol.:       15.55646       22.00015       38.10538
wrapping first mol.:       15.55646       22.00015       38.10538

 NSTEP =    32500   TIME(PS) =    2505.000  TEMP(K) =   298.21  PRESS =   148.3
 Etot   =    -19250.3927  EKtot   =      4758.2646  EPtot      =    -24008.6574
 BOND   =       167.7976  ANGLE   =       421.5576  DIHED      =       645.3251
 1-4 NB =       178.5564  1-4 EEL =      2481.2194  VDWAALS    =      2935.1206
 EELEC  =    -30852.0825  EHBOND  =         0.0000  RESTRAINT  =        13.8485
 EAMBER (non-restraint)  =    -24022.5058
 EKCMT  =      2101.8532  VIRIAL  =      1851.2593  VOLUME     =     78247.0619
                                                    Density    =         1.0206
 ------------------------------------------------------------------------------

wrapping first mol.:       15.54763       21.98767       38.08375
wrapping first mol.:       15.54763       21.98767       38.08375

 NSTEP =    33000   TIME(PS) =    2506.000  TEMP(K) =   299.03  PRESS =   216.0
 Etot   =    -19249.0714  EKtot   =      4771.2988  EPtot      =    -24020.3702
 BOND   =       139.7168  ANGLE   =       424.3319  DIHED      =       653.1895
 1-4 NB =       174.3799  1-4 EEL =      2484.2153  VDWAALS    =      2984.3300
 EELEC  =    -30896.5091  EHBOND  =         0.0000  RESTRAINT  =        15.9754
 EAMBER (non-restraint)  =    -24036.3457
 EKCMT  =      2125.6701  VIRIAL  =      1761.3831  VOLUME     =     78113.4575
                                                    Density    =         1.0224
 ------------------------------------------------------------------------------

wrapping first mol.:       15.55105       21.99251       38.09214
wrapping first mol.:       15.55105       21.99251       38.09214

 NSTEP =    33500   TIME(PS) =    2507.000  TEMP(K) =   304.20  PRESS =   240.5
 Etot   =    -19120.7977  EKtot   =      4853.8066  EPtot      =    -23974.6043
 BOND   =       137.5410  ANGLE   =       406.0483  DIHED      =       660.1895
 1-4 NB =       183.1809  1-4 EEL =      2483.5071  VDWAALS    =      2891.9458
 EELEC  =    -30758.0650  EHBOND  =         0.0000  RESTRAINT  =        21.0481
 EAMBER (non-restraint)  =    -23995.6524
 EKCMT  =      2161.0570  VIRIAL  =      1755.2252  VOLUME     =     78164.9048
                                                    Density    =         1.0217
 ------------------------------------------------------------------------------

wrapping first mol.:       15.55149       21.99313       38.09321
wrapping first mol.:       15.55149       21.99313       38.09321

 NSTEP =    34000   TIME(PS) =    2508.000  TEMP(K) =   302.72  PRESS =  -543.4
 Etot   =    -19097.1895  EKtot   =      4830.1758  EPtot      =    -23927.3653
 BOND   =       141.3304  ANGLE   =       425.0308  DIHED      =       652.4786
 1-4 NB =       178.4512  1-4 EEL =      2490.3894  VDWAALS    =      2796.3654
 EELEC  =    -30631.2010  EHBOND  =         0.0000  RESTRAINT  =        19.7899
 EAMBER (non-restraint)  =    -23947.1553
 EKCMT  =      2192.7869  VIRIAL  =      3110.0498  VOLUME     =     78176.9580
                                                    Density    =         1.0215
 ------------------------------------------------------------------------------

wrapping first mol.:       15.54853       21.98894       38.08596
wrapping first mol.:       15.54853       21.98894       38.08596

 NSTEP =    34500   TIME(PS) =    2509.000  TEMP(K) =   303.52  PRESS =  -119.3
 Etot   =    -18965.1061  EKtot   =      4843.0610  EPtot      =    -23808.1672
 BOND   =       149.1548  ANGLE   =       411.7059  DIHED      =       650.5848
 1-4 NB =       176.5909  1-4 EEL =      2474.6117  VDWAALS    =      2887.1828
 EELEC  =    -30577.0524  EHBOND  =         0.0000  RESTRAINT  =        19.0543
 EAMBER (non-restraint)  =    -23827.2214
 EKCMT  =      2154.6522  VIRIAL  =      2355.9377  VOLUME     =     78129.3626
                                                    Density    =         1.0222
 ------------------------------------------------------------------------------

wrapping first mol.:       15.55161       21.99330       38.09351
wrapping first mol.:       15.55161       21.99330       38.09351

 NSTEP =    35000   TIME(PS) =    2510.000  TEMP(K) =   296.90  PRESS =   -32.6
 Etot   =    -19140.7831  EKtot   =      4737.4541  EPtot      =    -23878.2372
 BOND   =       139.7765  ANGLE   =       435.0209  DIHED      =       671.9144
 1-4 NB =       171.3173  1-4 EEL =      2500.5221  VDWAALS    =      2888.1170
 EELEC  =    -30708.9344  EHBOND  =         0.0000  RESTRAINT  =        24.0291
 EAMBER (non-restraint)  =    -23902.2662
 EKCMT  =      2099.8906  VIRIAL  =      2154.9306  VOLUME     =     78175.2244
                                                    Density    =         1.0216
 ------------------------------------------------------------------------------

wrapping first mol.:       15.56616       22.01388       38.12916
wrapping first mol.:       15.56616       22.01388       38.12916

 NSTEP =    35500   TIME(PS) =    2511.000  TEMP(K) =   293.61  PRESS =  -277.5
 Etot   =    -19293.7261  EKtot   =      4684.9565  EPtot      =    -23978.6826
 BOND   =       145.1138  ANGLE   =       383.6800  DIHED      =       656.6236
 1-4 NB =       178.1046  1-4 EEL =      2495.1430  VDWAALS    =      2829.7994
 EELEC  =    -30687.1996  EHBOND  =         0.0000  RESTRAINT  =        20.0526
 EAMBER (non-restraint)  =    -23998.7352
 EKCMT  =      2060.8178  VIRIAL  =      2530.4802  VOLUME     =     78396.6209
                                                    Density    =         1.0187
 ------------------------------------------------------------------------------

wrapping first mol.:       15.56522       22.01254       38.12684
wrapping first mol.:       15.56522       22.01254       38.12684

 NSTEP =    36000   TIME(PS) =    2512.000  TEMP(K) =   300.04  PRESS =   269.3
 Etot   =    -19110.2849  EKtot   =      4787.4331  EPtot      =    -23897.7181
 BOND   =       163.2083  ANGLE   =       411.7803  DIHED      =       654.7836
 1-4 NB =       172.2726  1-4 EEL =      2474.2760  VDWAALS    =      2971.7976
 EELEC  =    -30762.6891  EHBOND  =         0.0000  RESTRAINT  =        16.8528
 EAMBER (non-restraint)  =    -23914.5708
 EKCMT  =      2113.2959  VIRIAL  =      1657.5309  VOLUME     =     78378.4982
                                                    Density    =         1.0189
 ------------------------------------------------------------------------------

wrapping first mol.:       15.54176       21.97937       38.06938
wrapping first mol.:       15.54176       21.97937       38.06938

 NSTEP =    36500   TIME(PS) =    2513.000  TEMP(K) =   299.60  PRESS =   231.4
 Etot   =    -19207.9689  EKtot   =      4780.5288  EPtot      =    -23988.4977
 BOND   =       164.0482  ANGLE   =       432.6161  DIHED      =       665.0833
 1-4 NB =       172.5632  1-4 EEL =      2493.4028  VDWAALS    =      3000.5882
 EELEC  =    -30931.2691  EHBOND  =         0.0000  RESTRAINT  =        14.4696
 EAMBER (non-restraint)  =    -24002.9673
 EKCMT  =      2095.8940  VIRIAL  =      1706.0246  VOLUME     =     78024.9675
                                                    Density    =         1.0235
 ------------------------------------------------------------------------------

wrapping first mol.:       15.53375       21.96805       38.04977
wrapping first mol.:       15.53375       21.96805       38.04977

 NSTEP =    37000   TIME(PS) =    2514.000  TEMP(K) =   302.20  PRESS =    43.3
 Etot   =    -19258.8434  EKtot   =      4821.9648  EPtot      =    -24080.8083
 BOND   =       145.1771  ANGLE   =       397.0886  DIHED      =       648.9383
 1-4 NB =       176.0119  1-4 EEL =      2511.4321  VDWAALS    =      2941.9581
 EELEC  =    -30923.3038  EHBOND  =         0.0000  RESTRAINT  =        21.8895
 EAMBER (non-restraint)  =    -24102.6978
 EKCMT  =      2160.2092  VIRIAL  =      2087.3445  VOLUME     =     77905.7265
                                                    Density    =         1.0251
 ------------------------------------------------------------------------------

wrapping first mol.:       15.55219       21.99412       38.09493
wrapping first mol.:       15.55219       21.99412       38.09493

 NSTEP =    37500   TIME(PS) =    2515.000  TEMP(K) =   296.86  PRESS =  -128.4
 Etot   =    -19290.9469  EKtot   =      4736.7646  EPtot      =    -24027.7115
 BOND   =       148.3046  ANGLE   =       407.6207  DIHED      =       644.8910
 1-4 NB =       178.0723  1-4 EEL =      2484.8529  VDWAALS    =      2953.8408
 EELEC  =    -30864.2856  EHBOND  =         0.0000  RESTRAINT  =        18.9917
 EAMBER (non-restraint)  =    -24046.7032
 EKCMT  =      2083.5101  VIRIAL  =      2300.3368  VOLUME     =     78184.6326
                                                    Density    =         1.0214
 ------------------------------------------------------------------------------

wrapping first mol.:       15.56260       22.00884       38.12042
wrapping first mol.:       15.56260       22.00884       38.12042

 NSTEP =    38000   TIME(PS) =    2516.000  TEMP(K) =   295.96  PRESS =  -135.3
 Etot   =    -19301.1882  EKtot   =      4722.3770  EPtot      =    -24023.5652
 BOND   =       162.0910  ANGLE   =       418.8125  DIHED      =       642.3494
 1-4 NB =       178.0151  1-4 EEL =      2529.2457  VDWAALS    =      2928.8936
 EELEC  =    -30901.7790  EHBOND  =         0.0000  RESTRAINT  =        18.8066
 EAMBER (non-restraint)  =    -24042.3718
 EKCMT  =      2104.0508  VIRIAL  =      2332.9105  VOLUME     =     78341.7640
                                                    Density    =         1.0194
 ------------------------------------------------------------------------------

wrapping first mol.:       15.57972       22.03305       38.16236
wrapping first mol.:       15.57972       22.03305       38.16236

 NSTEP =    38500   TIME(PS) =    2517.000  TEMP(K) =   299.55  PRESS =  -155.6
 Etot   =    -19131.8931  EKtot   =      4779.6133  EPtot      =    -23911.5064
 BOND   =       147.3755  ANGLE   =       417.0275  DIHED      =       667.2326
 1-4 NB =       176.4888  1-4 EEL =      2510.0415  VDWAALS    =      2845.7597
 EELEC  =    -30693.2298  EHBOND  =         0.0000  RESTRAINT  =        17.7977
 EAMBER (non-restraint)  =    -23929.3042
 EKCMT  =      2090.9319  VIRIAL  =      2355.0289  VOLUME     =     78600.7333
                                                    Density    =         1.0160
 ------------------------------------------------------------------------------

wrapping first mol.:       15.57868       22.03159       38.15982
wrapping first mol.:       15.57868       22.03159       38.15982

 NSTEP =    39000   TIME(PS) =    2518.000  TEMP(K) =   302.84  PRESS =   329.1
 Etot   =    -18992.0589  EKtot   =      4832.2119  EPtot      =    -23824.2708
 BOND   =       156.5129  ANGLE   =       376.9079  DIHED      =       639.5509
 1-4 NB =       180.2403  1-4 EEL =      2516.5688  VDWAALS    =      2977.2738
 EELEC  =    -30689.8262  EHBOND  =         0.0000  RESTRAINT  =        18.5008
 EAMBER (non-restraint)  =    -23842.7715
 EKCMT  =      2140.9155  VIRIAL  =      1582.4759  VOLUME     =     78581.6865
                                                    Density    =         1.0163
 ------------------------------------------------------------------------------

wrapping first mol.:       15.56599       22.01363       38.12872
wrapping first mol.:       15.56599       22.01363       38.12872

 NSTEP =    39500   TIME(PS) =    2519.000  TEMP(K) =   301.33  PRESS =    28.0
 Etot   =    -19091.9483  EKtot   =      4808.0952  EPtot      =    -23900.0435
 BOND   =       155.4144  ANGLE   =       404.7877  DIHED      =       644.1275
 1-4 NB =       181.8906  1-4 EEL =      2508.9142  VDWAALS    =      2968.5937
 EELEC  =    -30780.4106  EHBOND  =         0.0000  RESTRAINT  =        16.6390
 EAMBER (non-restraint)  =    -23916.6825
 EKCMT  =      2116.7400  VIRIAL  =      2069.3594  VOLUME     =     78391.8057
                                                    Density    =         1.0187
 ------------------------------------------------------------------------------

wrapping first mol.:       15.56652       22.01438       38.13002
wrapping first mol.:       15.56652       22.01438       38.13002

 NSTEP =    40000   TIME(PS) =    2520.000  TEMP(K) =   297.70  PRESS =   260.8
 Etot   =    -19199.8489  EKtot   =      4750.0767  EPtot      =    -23949.9256
 BOND   =       142.3631  ANGLE   =       411.1255  DIHED      =       656.9866
 1-4 NB =       175.5209  1-4 EEL =      2503.6153  VDWAALS    =      3028.7987
 EELEC  =    -30883.1292  EHBOND  =         0.0000  RESTRAINT  =        14.7936
 EAMBER (non-restraint)  =    -23964.7192
 EKCMT  =      2096.0190  VIRIAL  =      1654.5926  VOLUME     =     78398.1581
                                                    Density    =         1.0187
 ------------------------------------------------------------------------------

wrapping first mol.:       15.55788       22.00216       38.10886
wrapping first mol.:       15.55788       22.00216       38.10886

 NSTEP =    40500   TIME(PS) =    2521.000  TEMP(K) =   298.08  PRESS =  -135.5
 Etot   =    -19155.9627  EKtot   =      4756.1929  EPtot      =    -23912.1556
 BOND   =       126.0363  ANGLE   =       412.3025  DIHED      =       646.5977
 1-4 NB =       172.7702  1-4 EEL =      2474.7519  VDWAALS    =      2873.0487
 EELEC  =    -30630.6117  EHBOND  =         0.0000  RESTRAINT  =        12.9489
 EAMBER (non-restraint)  =    -23925.1045
 EKCMT  =      2142.3515  VIRIAL  =      2371.2981  VOLUME     =     78270.5064
                                                    Density    =         1.0203
 ------------------------------------------------------------------------------

wrapping first mol.:       15.57047       22.01997       38.13970
wrapping first mol.:       15.57047       22.01997       38.13970

 NSTEP =    41000   TIME(PS) =    2522.000  TEMP(K) =   301.14  PRESS =     3.9
 Etot   =    -19112.8856  EKtot   =      4805.0967  EPtot      =    -23917.9823
 BOND   =       144.5116  ANGLE   =       387.3407  DIHED      =       632.6097
 1-4 NB =       177.9872  1-4 EEL =      2493.7951  VDWAALS    =      2930.0068
 EELEC  =    -30699.5953  EHBOND  =         0.0000  RESTRAINT  =        15.3619
 EAMBER (non-restraint)  =    -23933.3442
 EKCMT  =      2129.9971  VIRIAL  =      2123.3517  VOLUME     =     78459.6995
                                                    Density    =         1.0179
 ------------------------------------------------------------------------------

wrapping first mol.:       15.56986       22.01910       38.13820
wrapping first mol.:       15.56986       22.01910       38.13820

 NSTEP =    41500   TIME(PS) =    2523.000  TEMP(K) =   299.08  PRESS =  -231.1
 Etot   =    -19291.8049  EKtot   =      4772.1045  EPtot      =    -24063.9094
 BOND   =       143.7032  ANGLE   =       416.8445  DIHED      =       658.0915
 1-4 NB =       178.9771  1-4 EEL =      2503.4316  VDWAALS    =      2884.8963
 EELEC  =    -30863.7285  EHBOND  =         0.0000  RESTRAINT  =        13.8748
 EAMBER (non-restraint)  =    -24077.7842
 EKCMT  =      2103.9328  VIRIAL  =      2495.4321  VOLUME     =     78452.0680
                                                    Density    =         1.0180
 ------------------------------------------------------------------------------

wrapping first mol.:       15.56937       22.01841       38.13700
wrapping first mol.:       15.56937       22.01841       38.13700

 NSTEP =    42000   TIME(PS) =    2524.000  TEMP(K) =   303.78  PRESS =   -35.4
 Etot   =    -19199.4268  EKtot   =      4847.2212  EPtot      =    -24046.6480
 BOND   =       138.0273  ANGLE   =       388.7555  DIHED      =       648.1543
 1-4 NB =       178.1964  1-4 EEL =      2510.8447  VDWAALS    =      2923.0535
 EELEC  =    -30852.1201  EHBOND  =         0.0000  RESTRAINT  =        18.4404
 EAMBER (non-restraint)  =    -24065.0884
 EKCMT  =      2106.0421  VIRIAL  =      2166.0139  VOLUME     =     78443.2911
                                                    Density    =         1.0181
 ------------------------------------------------------------------------------

wrapping first mol.:       15.57400       22.02497       38.14836
wrapping first mol.:       15.57400       22.02497       38.14836

 NSTEP =    42500   TIME(PS) =    2525.000  TEMP(K) =   300.77  PRESS =  -184.1
 Etot   =    -19338.0573  EKtot   =      4799.1699  EPtot      =    -24137.2272
 BOND   =       122.9800  ANGLE   =       404.7313  DIHED      =       659.3400
 1-4 NB =       179.2280  1-4 EEL =      2521.6292  VDWAALS    =      2931.7815
 EELEC  =    -30973.8781  EHBOND  =         0.0000  RESTRAINT  =        16.9608
 EAMBER (non-restraint)  =    -24154.1880
 EKCMT  =      2116.6743  VIRIAL  =      2428.7818  VOLUME     =     78514.4601
                                                    Density    =         1.0171
 ------------------------------------------------------------------------------

wrapping first mol.:       15.55739       22.00148       38.10767
wrapping first mol.:       15.55739       22.00148       38.10767

 NSTEP =    43000   TIME(PS) =    2526.000  TEMP(K) =   298.81  PRESS =   157.8
 Etot   =    -19084.8531  EKtot   =      4767.8955  EPtot      =    -23852.7486
 BOND   =       147.6340  ANGLE   =       396.0428  DIHED      =       670.0197
 1-4 NB =       175.3103  1-4 EEL =      2485.3433  VDWAALS    =      2901.0979
 EELEC  =    -30645.0988  EHBOND  =         0.0000  RESTRAINT  =        16.9021
 EAMBER (non-restraint)  =    -23869.6508
 EKCMT  =      2120.4368  VIRIAL  =      1853.8319  VOLUME     =     78261.1410
                                                    Density    =         1.0204
 ------------------------------------------------------------------------------

wrapping first mol.:       15.56308       22.00952       38.12161
wrapping first mol.:       15.56308       22.00952       38.12161

 NSTEP =    43500   TIME(PS) =    2527.000  TEMP(K) =   300.51  PRESS =   373.5
 Etot   =    -19207.0674  EKtot   =      4794.9336  EPtot      =    -24002.0010
 BOND   =       158.4741  ANGLE   =       423.7396  DIHED      =       661.4892
 1-4 NB =       173.9710  1-4 EEL =      2505.3932  VDWAALS    =      3041.0756
 EELEC  =    -30988.1169  EHBOND  =         0.0000  RESTRAINT  =        21.9731
 EAMBER (non-restraint)  =    -24023.9741
 EKCMT  =      2098.8487  VIRIAL  =      1467.0011  VOLUME     =     78345.5282
                                                    Density    =         1.0193
 ------------------------------------------------------------------------------

wrapping first mol.:       15.57124       22.02106       38.14160
wrapping first mol.:       15.57124       22.02106       38.14160

 NSTEP =    44000   TIME(PS) =    2528.000  TEMP(K) =   295.08  PRESS =  -201.9
 Etot   =    -19267.5345  EKtot   =      4708.4116  EPtot      =    -23975.9461
 BOND   =       140.1659  ANGLE   =       399.8060  DIHED      =       639.7112
 1-4 NB =       177.2363  1-4 EEL =      2507.8916  VDWAALS    =      2893.9625
 EELEC  =    -30750.1164  EHBOND  =         0.0000  RESTRAINT  =        15.3968
 EAMBER (non-restraint)  =    -23991.3429
 EKCMT  =      2074.9966  VIRIAL  =      2417.1215  VOLUME     =     78472.8626
                                                    Density    =         1.0177
 ------------------------------------------------------------------------------

wrapping first mol.:       15.53962       21.97634       38.06413
wrapping first mol.:       15.53962       21.97634       38.06413

 NSTEP =    44500   TIME(PS) =    2529.000  TEMP(K) =   298.46  PRESS =   218.8
 Etot   =    -19177.3496  EKtot   =      4762.2676  EPtot      =    -23939.6172
 BOND   =       146.1005  ANGLE   =       396.4002  DIHED      =       653.2121
 1-4 NB =       174.5229  1-4 EEL =      2479.5704  VDWAALS    =      2874.4608
 EELEC  =    -30682.0103  EHBOND  =         0.0000  RESTRAINT  =        18.1262
 EAMBER (non-restraint)  =    -23957.7434
 EKCMT  =      2133.4050  VIRIAL  =      1764.8754  VOLUME     =     77992.7656
                                                    Density    =         1.0240
 ------------------------------------------------------------------------------

wrapping first mol.:       15.51798       21.94574       38.01114
wrapping first mol.:       15.51798       21.94574       38.01114

 NSTEP =    45000   TIME(PS) =    2530.000  TEMP(K) =   292.26  PRESS =   -48.5
 Etot   =    -19288.1018  EKtot   =      4663.3154  EPtot      =    -23951.4172
 BOND   =       148.1154  ANGLE   =       417.7884  DIHED      =       653.8107
 1-4 NB =       178.9228  1-4 EEL =      2508.6222  VDWAALS    =      2926.1001
 EELEC  =    -30804.9764  EHBOND  =         0.0000  RESTRAINT  =        20.1997
 EAMBER (non-restraint)  =    -23971.6169
 EKCMT  =      2043.8654  VIRIAL  =      2125.2369  VOLUME     =     77669.3276
                                                    Density    =         1.0282
 ------------------------------------------------------------------------------

wrapping first mol.:       15.52148       21.95069       38.01971
wrapping first mol.:       15.52148       21.95069       38.01971

 NSTEP =    45500   TIME(PS) =    2531.000  TEMP(K) =   300.03  PRESS =    41.7
 Etot   =    -19116.9605  EKtot   =      4787.2739  EPtot      =    -23904.2344
 BOND   =       139.4189  ANGLE   =       417.7448  DIHED      =       646.7986
 1-4 NB =       182.0739  1-4 EEL =      2503.2736  VDWAALS    =      2907.7852
 EELEC  =    -30726.4660  EHBOND  =         0.0000  RESTRAINT  =        25.1366
 EAMBER (non-restraint)  =    -23929.3710
 EKCMT  =      2145.5966  VIRIAL  =      2075.5849  VOLUME     =     77721.2352
                                                    Density    =         1.0275
 ------------------------------------------------------------------------------

wrapping first mol.:       15.53226       21.96593       38.04611
wrapping first mol.:       15.53226       21.96593       38.04611

 NSTEP =    46000   TIME(PS) =    2532.000  TEMP(K) =   304.81  PRESS =   379.5
 Etot   =    -19001.2086  EKtot   =      4863.5400  EPtot      =    -23864.7486
 BOND   =       158.1382  ANGLE   =       412.4669  DIHED      =       670.5872
 1-4 NB =       168.8674  1-4 EEL =      2488.4956  VDWAALS    =      2994.9254
 EELEC  =    -30779.1920  EHBOND  =         0.0000  RESTRAINT  =        20.9627
 EAMBER (non-restraint)  =    -23885.7114
 EKCMT  =      2128.7865  VIRIAL  =      1490.6791  VOLUME     =     77880.9333
                                                    Density    =         1.0254
 ------------------------------------------------------------------------------

wrapping first mol.:       15.53345       21.96761       38.04901
wrapping first mol.:       15.53345       21.96761       38.04901

 NSTEP =    46500   TIME(PS) =    2533.000  TEMP(K) =   300.54  PRESS =   377.9
 Etot   =    -19073.6441  EKtot   =      4795.5068  EPtot      =    -23869.1509
 BOND   =       148.9666  ANGLE   =       395.4384  DIHED      =       666.6073
 1-4 NB =       174.2337  1-4 EEL =      2489.2514  VDWAALS    =      2912.9232
 EELEC  =    -30672.5577  EHBOND  =         0.0000  RESTRAINT  =        15.9863
 EAMBER (non-restraint)  =    -23885.1372
 EKCMT  =      2085.6340  VIRIAL  =      1450.1096  VOLUME     =     77898.7683
                                                    Density    =         1.0252
 ------------------------------------------------------------------------------

wrapping first mol.:       15.52716       21.95872       38.03362
wrapping first mol.:       15.52716       21.95872       38.03362

 NSTEP =    47000   TIME(PS) =    2534.000  TEMP(K) =   302.39  PRESS =  -106.4
 Etot   =    -19106.7923  EKtot   =      4824.9966  EPtot      =    -23931.7889
 BOND   =       169.1682  ANGLE   =       440.5881  DIHED      =       645.5479
 1-4 NB =       178.0101  1-4 EEL =      2496.2782  VDWAALS    =      2938.3491
 EELEC  =    -30818.9824  EHBOND  =         0.0000  RESTRAINT  =        19.2520
 EAMBER (non-restraint)  =    -23951.0409
 EKCMT  =      2151.2734  VIRIAL  =      2330.0069  VOLUME     =     77807.5926
                                                    Density    =         1.0264
 ------------------------------------------------------------------------------

wrapping first mol.:       15.54237       21.98023       38.07087
wrapping first mol.:       15.54237       21.98023       38.07087

 NSTEP =    47500   TIME(PS) =    2535.000  TEMP(K) =   294.74  PRESS =    29.8
 Etot   =    -19248.6291  EKtot   =      4702.9360  EPtot      =    -23951.5652
 BOND   =       182.9690  ANGLE   =       381.8851  DIHED      =       659.5711
 1-4 NB =       175.1433  1-4 EEL =      2490.1978  VDWAALS    =      2921.6836
 EELEC  =    -30780.5404  EHBOND  =         0.0000  RESTRAINT  =        17.5252
 EAMBER (non-restraint)  =    -23969.0904
 EKCMT  =      2083.4158  VIRIAL  =      2033.2895  VOLUME     =     78035.5225
                                                    Density    =         1.0234
 ------------------------------------------------------------------------------

wrapping first mol.:       15.57357       22.02436       38.14730
wrapping first mol.:       15.57357       22.02436       38.14730

 NSTEP =    48000   TIME(PS) =    2536.000  TEMP(K) =   300.18  PRESS =   -88.9
 Etot   =    -19148.7545  EKtot   =      4789.6489  EPtot      =    -23938.4034
 BOND   =       127.4430  ANGLE   =       405.9413  DIHED      =       650.9943
 1-4 NB =       182.5752  1-4 EEL =      2495.7641  VDWAALS    =      2907.1075
 EELEC  =    -30727.4452  EHBOND  =         0.0000  RESTRAINT  =        19.2165
 EAMBER (non-restraint)  =    -23957.6199
 EKCMT  =      2138.5992  VIRIAL  =      2289.2595  VOLUME     =     78507.2607
                                                    Density    =         1.0172
 ------------------------------------------------------------------------------

wrapping first mol.:       15.56940       22.01846       38.13708
wrapping first mol.:       15.56940       22.01846       38.13708

 NSTEP =    48500   TIME(PS) =    2537.000  TEMP(K) =   298.87  PRESS =   164.2
 Etot   =    -19169.3102  EKtot   =      4768.7979  EPtot      =    -23938.1081
 BOND   =       146.7390  ANGLE   =       434.9014  DIHED      =       649.8986
 1-4 NB =       179.1683  1-4 EEL =      2471.6980  VDWAALS    =      2961.7851
 EELEC  =    -30809.3840  EHBOND  =         0.0000  RESTRAINT  =        27.0855
 EAMBER (non-restraint)  =    -23965.1936
 EKCMT  =      2052.2364  VIRIAL  =      1774.1725  VOLUME     =     78442.4228
                                                    Density    =         1.0181
 ------------------------------------------------------------------------------

wrapping first mol.:       15.57307       22.02364       38.14607
wrapping first mol.:       15.57307       22.02364       38.14607

 NSTEP =    49000   TIME(PS) =    2538.000  TEMP(K) =   303.23  PRESS =   114.4
 Etot   =    -19119.4044  EKtot   =      4838.3970  EPtot      =    -23957.8014
 BOND   =       166.2835  ANGLE   =       406.1219  DIHED      =       642.3814
 1-4 NB =       174.7362  1-4 EEL =      2514.4779  VDWAALS    =      3020.6814
 EELEC  =    -30904.5465  EHBOND  =         0.0000  RESTRAINT  =        22.0628
 EAMBER (non-restraint)  =    -23979.8642
 EKCMT  =      2102.4950  VIRIAL  =      1908.6493  VOLUME     =     78498.2404
                                                    Density    =         1.0174
 ------------------------------------------------------------------------------

wrapping first mol.:       15.55716       22.00114       38.10710
wrapping first mol.:       15.55716       22.00114       38.10710

 NSTEP =    49500   TIME(PS) =    2539.000  TEMP(K) =   303.77  PRESS =   -84.1
 Etot   =    -19141.0416  EKtot   =      4847.0552  EPtot      =    -23988.0968
 BOND   =       150.4970  ANGLE   =       422.8865  DIHED      =       649.5726
 1-4 NB =       173.8510  1-4 EEL =      2487.1947  VDWAALS    =      2884.4213
 EELEC  =    -30776.8718  EHBOND  =         0.0000  RESTRAINT  =        20.3518
 EAMBER (non-restraint)  =    -24008.4486
 EKCMT  =      2131.1378  VIRIAL  =      2273.2953  VOLUME     =     78259.2740
                                                    Density    =         1.0205
 ------------------------------------------------------------------------------

wrapping first mol.:       15.56076       22.00623       38.11591
wrapping first mol.:       15.56076       22.00623       38.11591

 NSTEP =    50000   TIME(PS) =    2540.000  TEMP(K) =   302.48  PRESS =  -360.1
 Etot   =    -19044.8683  EKtot   =      4826.3525  EPtot      =    -23871.2209
 BOND   =       159.8167  ANGLE   =       433.8977  DIHED      =       652.1176
 1-4 NB =       178.5253  1-4 EEL =      2507.1936  VDWAALS    =      2756.2531
 EELEC  =    -30581.8561  EHBOND  =         0.0000  RESTRAINT  =        22.8312
 EAMBER (non-restraint)  =    -23894.0521
 EKCMT  =      2150.5800  VIRIAL  =      2759.4440  VOLUME     =     78315.4905
                                                    Density    =         1.0197
 ------------------------------------------------------------------------------


      A V E R A G E S   O V E R     100 S T E P S


 NSTEP =    50000   TIME(PS) =    2540.000  TEMP(K) =   299.86  PRESS =   -25.5
 Etot   =    -19181.7373  EKtot   =      4784.5506  EPtot      =    -23966.2879
 BOND   =       151.9818  ANGLE   =       409.5343  DIHED      =       654.8533
 1-4 NB =       176.4924  1-4 EEL =      2494.2359  VDWAALS    =      2913.7003
 EELEC  =    -30784.2167  EHBOND  =         0.0000  RESTRAINT  =        17.1307
 EAMBER (non-restraint)  =    -23983.4186
 EKCMT  =      2110.5652  VIRIAL  =      2153.6161  VOLUME     =     78191.2739
                                                    Density    =         1.0214
 ------------------------------------------------------------------------------


      R M S  F L U C T U A T I O N S


 NSTEP =    50000   TIME(PS) =    2540.000  TEMP(K) =     3.09  PRESS =   210.6
 Etot   =        87.7412  EKtot   =        49.3167  EPtot      =        75.7446
 BOND   =        11.1533  ANGLE   =        14.5991  DIHED      =         8.9978
 1-4 NB =         4.6323  1-4 EEL =        13.5110  VDWAALS    =        66.2405
 EELEC  =       106.5783  EHBOND  =         0.0000  RESTRAINT  =         2.9914
 EAMBER (non-restraint)  =        72.7532
 EKCMT  =        33.2755  VIRIAL  =       353.5869  VOLUME     =       229.4815
                                                    Density    =         0.0030
 ------------------------------------------------------------------------------

--------------------------------------------------------------------------------
   5.  TIMINGS
--------------------------------------------------------------------------------

|  NonSetup CPU Time in Major Routines:
|
|     Routine           Sec        %
|     ------------------------------
|     Nonbond          52.26   88.93
|     Bond              0.00    0.00
|     Angle             0.00    0.00
|     Dihedral          0.00    0.00
|     Shake             0.32    0.54
|     RunMD             6.16   10.49
|     Other             0.02    0.04
|     ------------------------------
|     Total            58.76

|  PME Nonbond Pairlist CPU Time:
|
|     Routine              Sec        %
|     ---------------------------------
|     Set Up Cit           0.00    0.00
|     Build List           0.00    0.00
|     ---------------------------------
|     Total                0.00    0.00

|  PME Direct Force CPU Time:
|
|     Routine              Sec        %
|     ---------------------------------
|     NonBonded Calc       0.00    0.00
|     Exclude Masked       0.00    0.00
|     Other                0.02    0.03
|     ---------------------------------
|     Total                0.02    0.03

|  PME Reciprocal Force CPU Time:
|
|     Routine              Sec        %
|     ---------------------------------
|     1D bspline           0.00    0.00
|     Grid Charges         0.00    0.00
|     Scalar Sum           0.00    0.00
|     Gradient Sum         0.00    0.00
|     FFT                  0.00    0.00
|     ---------------------------------
|     Total                0.00    0.00

|  Final Performance Info:
|     -----------------------------------------------------
|     Average timings for last   49500 steps:
|     Elapsed(s) =      58.18 Per Step(ms) =       1.18
|         ns/day =     147.02   seconds/ns =     587.66
|
|     Average timings for all steps:
|     Elapsed(s) =      58.77 Per Step(ms) =       1.18
|         ns/day =     147.01   seconds/ns =     587.72
|     -----------------------------------------------------

|  Setup CPU time:            0.37 seconds
|  NonSetup CPU time:        58.76 seconds
|  Total CPU time:           59.13 seconds     0.02 hours

|  Setup wall time:           0    seconds
|  NonSetup wall time:       59    seconds
|  Total wall time:          59    seconds     0.02 hours
