
          -------------------------------------------------------
          Amber 16 PMEMD                              2016
          -------------------------------------------------------

| PMEMD implementation of SANDER, Release 16

| Run on 06/17/2017 at 19:02:06

|   Executable path: pmemd.cuda
| Working directory: /home/german/alex/run/1im/mhe/e
|          Hostname: Unknown
  [-O]verwriting output

File Assignments:
|   MDIN: 30equ.in                                                              
|  MDOUT: 30equ.out                                                             
| INPCRD: 29e1im.rst7                                                           
|   PARM: /home/german/alex/top_files/1im.prmtop                                
| RESTRT: 30e1im.rst7                                                           
|   REFC: refc                                                                  
|  MDVEL: mdvel                                                                 
|   MDEN: mden                                                                  
|  MDCRD: 30e1im.nc                                                             
| MDINFO: mdinfo                                                                
|  MDFRC: mdfrc                                                                 


 Here is the input file:

Equilibration without solute restrictions                                      
&cntrl                                                                         
imin = 0,                           ! No Minimization                          
nmropt = 0,                         ! No NMR restraints read                   
                                                                               
! Nature and format of the input                                               
ntx = 5,                            ! Coordinates and velocities will be read  
irest = 1,                          ! Do not run a new simulation              
                                                                               
! Nature and format of the output                                              
ntxo = 1,                           ! rstrt file in ASCII format               
ntpr = 500,                         ! inf in output every ntpr steps           
ntwr = 500,                         ! rstrt file every ntwr steps              
ntwx = 500,                         ! mdcrd file every ntwx steps              
ntwv = 0,                           ! mdvel without velocities                 
ntwe = 0,                           ! Energies and temperatures not written in 
idecomp = 0,                        ! No energy decomposition                  
iwrap = 1,                          ! Coordinates of the restart and mdcrd file
                                                                               
! Frozen or restrained atoms                                                   
ibelly = 0,                         ! No frozen atoms                          
ntr=0,                              ! Harmonic potential restraints            
                                                                               
! Molecular dynamics                                                           
nstlim = 50000,                     ! Number of MD-steps                       
dt = 0.002,                         ! Time step                                
                                                                               
! Temperature regulation                                                       
ntt = 3,                            ! Langevin thermostat                      
gamma_ln = 2,                       ! Gamma constant for Langevin              
!temp0 = 300.0,                     ! Reference T at which the system is to be 
tempi = 300.0,                      ! Initial T                                
ig = -1,                            ! Seed for the RNG                         
                                                                               
! P and V regulation                                                           
ntp = 0,                            ! No P control                             
ntb = 1,                            ! constant V                               
                                                                               
! SHAKE variables                                                              
ntc = 2,                            ! Bonds involving H are constrained        
ntf = 2,                            ! Bond interaction involving H are ommited.
                                                                               
cut = 9.0,                         ! Nonbonded cutoff                          
/                                                                              
&end                                                                           


Note: ig = -1. Setting random seed to   856290 based on wallclock time in 
      microseconds.
 
|--------------------- INFORMATION ----------------------
| GPU (CUDA) Version of PMEMD in use: NVIDIA GPU IN USE.
|                    Version 16.0.0
| 
|                      02/25/2016
| 
| Implementation by:
|                    Ross C. Walker     (SDSC)
|                    Scott Le Grand     (nVIDIA)
| 
| Precision model in use:
|      [SPFP] - Single Precision Forces, 64-bit Fixed Point
|               Accumulation. (Default)
| 
|--------------------------------------------------------
 
|----------------- CITATION INFORMATION -----------------
|
|    When publishing work that utilized the CUDA version
|    of AMBER, please cite the following in addition to
|    the regular AMBER citations:
|
|  - Romelia Salomon-Ferrer; Andreas W. Goetz; Duncan
|    Poole; Scott Le Grand; Ross C. Walker "Routine
|    microsecond molecular dynamics simulations with
|    AMBER - Part II: Particle Mesh Ewald", J. Chem.
|    Theory Comput., 2013, 9 (9), pp3878-3888,
|    DOI: 10.1021/ct400314y.
|
|  - Andreas W. Goetz; Mark J. Williamson; Dong Xu;
|    Duncan Poole; Scott Le Grand; Ross C. Walker
|    "Routine microsecond molecular dynamics simulations
|    with AMBER - Part I: Generalized Born", J. Chem.
|    Theory Comput., 2012, 8 (5), pp1542-1555.
|
|  - Scott Le Grand; Andreas W. Goetz; Ross C. Walker
|    "SPFP: Speed without compromise - a mixed precision
|    model for GPU accelerated molecular dynamics
|    simulations.", Comp. Phys. Comm., 2013, 184
|    pp374-380, DOI: 10.1016/j.cpc.2012.09.022
|
|--------------------------------------------------------
 
|------------------- GPU DEVICE INFO --------------------
|
|            CUDA_VISIBLE_DEVICES: 0
|   CUDA Capable Devices Detected:      1
|           CUDA Device ID in use:      0
|                CUDA Device Name: GeForce GTX 1060 6GB
|     CUDA Device Global Mem Size:   6072 MB
| CUDA Device Num Multiprocessors:     10
|           CUDA Device Core Freq:   1.76 GHz
|
|--------------------------------------------------------
 
 
| Conditional Compilation Defines Used:
| PUBFFT
| BINTRAJ
| CUDA
| EMIL

| Largest sphere to fit in unit cell has radius =    19.056

| New format PARM file being parsed.
| Version =    1.000 Date = 06/17/17 Time = 14:13:48

| Note: 1-4 EEL scale factors are being read from the topology file.

| Note: 1-4 VDW scale factors are being read from the topology file.
| Duplicated    0 dihedrals

| Duplicated    0 dihedrals

--------------------------------------------------------------------------------
   1.  RESOURCE   USE: 
--------------------------------------------------------------------------------

 getting new box info from bottom of inpcrd
 NATOM  =    7831 NTYPES =      17 NBONH =    7434 MBONA  =     402
 NTHETH =     874 MTHETA =     539 NPHIH =    1768 MPHIA  =    1685
 NHPARM =       0 NPARM  =       0 NNB   =   13683 NRES   =    2402
 NBONA  =     402 NTHETA =     539 NPHIA =    1685 NUMBND =      67
 NUMANG =     152 NPTRA  =     191 NATYP =      36 NPHB   =       1
 IFBOX  =       2 NMXRS  =      25 IFCAP =       0 NEXTRA =       0
 NCOPY  =       0

| Coordinate Index Table dimensions:     8    8    8
| Direct force subcell size =     5.8348    5.8348    5.8348

     BOX TYPE: TRUNCATED OCTAHEDRON

--------------------------------------------------------------------------------
   2.  CONTROL  DATA  FOR  THE  RUN
--------------------------------------------------------------------------------

default_name                                                                    

General flags:
     imin    =       0, nmropt  =       0

Nature and format of input:
     ntx     =       5, irest   =       1, ntrx    =       1

Nature and format of output:
     ntxo    =       1, ntpr    =     500, ntrx    =       1, ntwr    =     500
     iwrap   =       1, ntwx    =     500, ntwv    =       0, ntwe    =       0
     ioutfm  =       1, ntwprt  =       0, idecomp =       0, rbornstat=      0

Potential function:
     ntf     =       2, ntb     =       1, igb     =       0, nsnb    =      25
     ipol    =       0, gbsa    =       0, iesp    =       0
     dielc   =   1.00000, cut     =   9.00000, intdiel =   1.00000

Frozen or restrained atoms:
     ibelly  =       0, ntr     =       0

Molecular dynamics:
     nstlim  =     50000, nscm    =      1000, nrespa  =         1
     t       =   0.00000, dt      =   0.00200, vlimit  =  -1.00000

Langevin dynamics temperature regulation:
     ig      =  856290
     temp0   = 300.00000, tempi   = 300.00000, gamma_ln=   2.00000

SHAKE:
     ntc     =       2, jfastw  =       0
     tol     =   0.00001

| Intermolecular bonds treatment:
|     no_intermolecular_bonds =       1

| Energy averages sample interval:
|     ene_avg_sampling =     500

Ewald parameters:
     verbose =       0, ew_type =       0, nbflag  =       1, use_pme =       1
     vdwmeth =       1, eedmeth =       1, netfrc  =       1
     Box X =   46.678   Box Y =   46.678   Box Z =   46.678
     Alpha =  109.471   Beta  =  109.471   Gamma =  109.471
     NFFT1 =   48       NFFT2 =   48       NFFT3 =   48
     Cutoff=    9.000   Tol   =0.100E-04
     Ewald Coefficient =  0.30768
     Interpolation order =    4

--------------------------------------------------------------------------------
   3.  ATOMIC COORDINATES AND VELOCITIES
--------------------------------------------------------------------------------

default_name                                                                    
 begin time read from input coords =  3040.000 ps

 
 Number of triangulated 3-point waters found:     2350

     Sum of charges from parm topology file =  -0.00000003
     Forcing neutrality...

| Dynamic Memory, Types Used:
| Reals              331050
| Integers           262207

| Nonbonded Pairs Initial Allocation:     1785468

| GPU memory information (estimate):
| KB of GPU memory in use:     51277
| KB of CPU memory in use:     10957

--------------------------------------------------------------------------------
   4.  RESULTS
--------------------------------------------------------------------------------

 ---------------------------------------------------
 APPROXIMATING switch and d/dx switch using CUBIC SPLINE INTERPOLATION
 using   5000.0 points per unit in tabled values
 TESTING RELATIVE ERROR over r ranging from 0.0 to cutoff
| CHECK switch(x): max rel err =   0.2738E-14   at   2.422500
| CHECK d/dx switch(x): max rel err =   0.8314E-11   at   2.736960
 ---------------------------------------------------
|---------------------------------------------------
| APPROXIMATING direct energy using CUBIC SPLINE INTERPOLATION
|  with   50.0 points per unit in tabled values
| Relative Error Limit not exceeded for r .gt.   2.39
| APPROXIMATING direct force using CUBIC SPLINE INTERPOLATION
|  with   50.0 points per unit in tabled values
| Relative Error Limit not exceeded for r .gt.   2.84
|---------------------------------------------------
wrapping first mol.:       15.55935       22.00424       38.11246
wrapping first mol.:       15.55935       22.00424       38.11246

 NSTEP =      500   TIME(PS) =    3041.000  TEMP(K) =   298.58  PRESS =     0.0
 Etot   =    -19261.1016  EKtot   =      4764.1460  EPtot      =    -24025.2476
 BOND   =       153.9295  ANGLE   =       412.7016  DIHED      =       644.3879
 1-4 NB =       174.3892  1-4 EEL =      2509.7276  VDWAALS    =      2901.4517
 EELEC  =    -30821.8350  EHBOND  =         0.0000  RESTRAINT  =         0.0000
 ------------------------------------------------------------------------------

wrapping first mol.:       15.55935       22.00424       38.11246
wrapping first mol.:       15.55935       22.00424       38.11246

 NSTEP =     1000   TIME(PS) =    3042.000  TEMP(K) =   304.12  PRESS =     0.0
 Etot   =    -19157.6687  EKtot   =      4852.5840  EPtot      =    -24010.2527
 BOND   =       136.3141  ANGLE   =       402.2360  DIHED      =       637.6811
 1-4 NB =       175.3604  1-4 EEL =      2499.9689  VDWAALS    =      2927.2643
 EELEC  =    -30789.0775  EHBOND  =         0.0000  RESTRAINT  =         0.0000
 ------------------------------------------------------------------------------

wrapping first mol.:       15.55935       22.00424       38.11246
wrapping first mol.:       15.55935       22.00424       38.11246

 NSTEP =     1500   TIME(PS) =    3043.000  TEMP(K) =   292.89  PRESS =     0.0
 Etot   =    -19219.4804  EKtot   =      4673.3604  EPtot      =    -23892.8407
 BOND   =       145.3567  ANGLE   =       423.0469  DIHED      =       642.6330
 1-4 NB =       171.2227  1-4 EEL =      2512.2395  VDWAALS    =      2857.5235
 EELEC  =    -30644.8630  EHBOND  =         0.0000  RESTRAINT  =         0.0000
 ------------------------------------------------------------------------------

wrapping first mol.:       15.55935       22.00424       38.11246
wrapping first mol.:       15.55935       22.00424       38.11246

 NSTEP =     2000   TIME(PS) =    3044.000  TEMP(K) =   299.30  PRESS =     0.0
 Etot   =    -19241.9655  EKtot   =      4775.7295  EPtot      =    -24017.6950
 BOND   =       141.1840  ANGLE   =       424.4812  DIHED      =       646.2178
 1-4 NB =       175.2180  1-4 EEL =      2518.1385  VDWAALS    =      2834.8164
 EELEC  =    -30757.7509  EHBOND  =         0.0000  RESTRAINT  =         0.0000
 ------------------------------------------------------------------------------

wrapping first mol.:       15.55935       22.00424       38.11246
wrapping first mol.:       15.55935       22.00424       38.11246

 NSTEP =     2500   TIME(PS) =    3045.000  TEMP(K) =   301.57  PRESS =     0.0
 Etot   =    -19222.2784  EKtot   =      4811.9214  EPtot      =    -24034.1998
 BOND   =       156.7080  ANGLE   =       410.8616  DIHED      =       636.3103
 1-4 NB =       172.4757  1-4 EEL =      2501.8597  VDWAALS    =      2883.4989
 EELEC  =    -30795.9139  EHBOND  =         0.0000  RESTRAINT  =         0.0000
 ------------------------------------------------------------------------------

wrapping first mol.:       15.55935       22.00424       38.11246
wrapping first mol.:       15.55935       22.00424       38.11246

 NSTEP =     3000   TIME(PS) =    3046.000  TEMP(K) =   302.15  PRESS =     0.0
 Etot   =    -19293.9391  EKtot   =      4821.0898  EPtot      =    -24115.0289
 BOND   =       148.5298  ANGLE   =       386.2535  DIHED      =       639.0713
 1-4 NB =       180.0589  1-4 EEL =      2503.4738  VDWAALS    =      2728.6541
 EELEC  =    -30701.0703  EHBOND  =         0.0000  RESTRAINT  =         0.0000
 ------------------------------------------------------------------------------

wrapping first mol.:       15.55935       22.00424       38.11246
wrapping first mol.:       15.55935       22.00424       38.11246

 NSTEP =     3500   TIME(PS) =    3047.000  TEMP(K) =   297.54  PRESS =     0.0
 Etot   =    -19232.8408  EKtot   =      4747.5303  EPtot      =    -23980.3711
 BOND   =       151.0482  ANGLE   =       431.4133  DIHED      =       631.6633
 1-4 NB =       174.3281  1-4 EEL =      2508.1840  VDWAALS    =      2920.6530
 EELEC  =    -30797.6610  EHBOND  =         0.0000  RESTRAINT  =         0.0000
 ------------------------------------------------------------------------------

wrapping first mol.:       15.55935       22.00424       38.11246
wrapping first mol.:       15.55935       22.00424       38.11246

 NSTEP =     4000   TIME(PS) =    3048.000  TEMP(K) =   301.14  PRESS =     0.0
 Etot   =    -19278.1275  EKtot   =      4805.0186  EPtot      =    -24083.1460
 BOND   =       159.0361  ANGLE   =       412.2916  DIHED      =       629.3971
 1-4 NB =       185.4300  1-4 EEL =      2500.6267  VDWAALS    =      2930.5022
 EELEC  =    -30900.4298  EHBOND  =         0.0000  RESTRAINT  =         0.0000
 ------------------------------------------------------------------------------

wrapping first mol.:       15.55935       22.00424       38.11246
wrapping first mol.:       15.55935       22.00424       38.11246

 NSTEP =     4500   TIME(PS) =    3049.000  TEMP(K) =   296.76  PRESS =     0.0
 Etot   =    -19324.6363  EKtot   =      4735.1138  EPtot      =    -24059.7501
 BOND   =       151.2072  ANGLE   =       392.3423  DIHED      =       635.2595
 1-4 NB =       172.2959  1-4 EEL =      2505.0849  VDWAALS    =      2962.4925
 EELEC  =    -30878.4324  EHBOND  =         0.0000  RESTRAINT  =         0.0000
 ------------------------------------------------------------------------------

wrapping first mol.:       15.55935       22.00424       38.11246
wrapping first mol.:       15.55935       22.00424       38.11246

 NSTEP =     5000   TIME(PS) =    3050.000  TEMP(K) =   292.84  PRESS =     0.0
 Etot   =    -19482.2330  EKtot   =      4672.5493  EPtot      =    -24154.7823
 BOND   =       152.5872  ANGLE   =       398.4202  DIHED      =       644.0651
 1-4 NB =       161.9682  1-4 EEL =      2493.8839  VDWAALS    =      2909.8089
 EELEC  =    -30915.5157  EHBOND  =         0.0000  RESTRAINT  =         0.0000
 ------------------------------------------------------------------------------

wrapping first mol.:       15.55935       22.00424       38.11246
wrapping first mol.:       15.55935       22.00424       38.11246

 NSTEP =     5500   TIME(PS) =    3051.000  TEMP(K) =   298.21  PRESS =     0.0
 Etot   =    -19350.5632  EKtot   =      4758.2793  EPtot      =    -24108.8425
 BOND   =       157.6626  ANGLE   =       393.1780  DIHED      =       645.5897
 1-4 NB =       168.7114  1-4 EEL =      2518.4492  VDWAALS    =      2894.0409
 EELEC  =    -30886.4743  EHBOND  =         0.0000  RESTRAINT  =         0.0000
 ------------------------------------------------------------------------------

wrapping first mol.:       15.55935       22.00424       38.11246
wrapping first mol.:       15.55935       22.00424       38.11246

 NSTEP =     6000   TIME(PS) =    3052.000  TEMP(K) =   299.17  PRESS =     0.0
 Etot   =    -19372.1989  EKtot   =      4773.6475  EPtot      =    -24145.8463
 BOND   =       165.2202  ANGLE   =       390.2428  DIHED      =       632.7572
 1-4 NB =       169.2942  1-4 EEL =      2493.0955  VDWAALS    =      3026.3395
 EELEC  =    -31022.7956  EHBOND  =         0.0000  RESTRAINT  =         0.0000
 ------------------------------------------------------------------------------

wrapping first mol.:       15.55935       22.00424       38.11246
wrapping first mol.:       15.55935       22.00424       38.11246

 NSTEP =     6500   TIME(PS) =    3053.000  TEMP(K) =   303.52  PRESS =     0.0
 Etot   =    -19217.9372  EKtot   =      4842.9800  EPtot      =    -24060.9172
 BOND   =       153.6164  ANGLE   =       395.9232  DIHED      =       653.3159
 1-4 NB =       179.5297  1-4 EEL =      2493.7984  VDWAALS    =      3082.9334
 EELEC  =    -31020.0343  EHBOND  =         0.0000  RESTRAINT  =         0.0000
 ------------------------------------------------------------------------------

wrapping first mol.:       15.55935       22.00424       38.11246
wrapping first mol.:       15.55935       22.00424       38.11246

 NSTEP =     7000   TIME(PS) =    3054.000  TEMP(K) =   297.87  PRESS =     0.0
 Etot   =    -19329.4985  EKtot   =      4752.9062  EPtot      =    -24082.4047
 BOND   =       162.8703  ANGLE   =       395.9612  DIHED      =       647.6705
 1-4 NB =       170.9751  1-4 EEL =      2526.5841  VDWAALS    =      2871.1342
 EELEC  =    -30857.6001  EHBOND  =         0.0000  RESTRAINT  =         0.0000
 ------------------------------------------------------------------------------

wrapping first mol.:       15.55935       22.00424       38.11246
wrapping first mol.:       15.55935       22.00424       38.11246

 NSTEP =     7500   TIME(PS) =    3055.000  TEMP(K) =   305.41  PRESS =     0.0
 Etot   =    -19120.3170  EKtot   =      4873.2251  EPtot      =    -23993.5421
 BOND   =       158.6950  ANGLE   =       419.5369  DIHED      =       626.5773
 1-4 NB =       177.2890  1-4 EEL =      2508.0585  VDWAALS    =      3077.1661
 EELEC  =    -30960.8649  EHBOND  =         0.0000  RESTRAINT  =         0.0000
 ------------------------------------------------------------------------------

wrapping first mol.:       15.55935       22.00424       38.11246
wrapping first mol.:       15.55935       22.00424       38.11246

 NSTEP =     8000   TIME(PS) =    3056.000  TEMP(K) =   300.47  PRESS =     0.0
 Etot   =    -19113.9461  EKtot   =      4794.4229  EPtot      =    -23908.3690
 BOND   =       158.5791  ANGLE   =       420.6422  DIHED      =       644.7946
 1-4 NB =       169.0518  1-4 EEL =      2503.5061  VDWAALS    =      3026.2590
 EELEC  =    -30831.2018  EHBOND  =         0.0000  RESTRAINT  =         0.0000
 ------------------------------------------------------------------------------

wrapping first mol.:       15.55935       22.00424       38.11246
wrapping first mol.:       15.55935       22.00424       38.11246

 NSTEP =     8500   TIME(PS) =    3057.000  TEMP(K) =   301.87  PRESS =     0.0
 Etot   =    -19121.5067  EKtot   =      4816.6704  EPtot      =    -23938.1771
 BOND   =       134.2254  ANGLE   =       382.6272  DIHED      =       638.3252
 1-4 NB =       173.9547  1-4 EEL =      2520.2132  VDWAALS    =      2901.4999
 EELEC  =    -30689.0227  EHBOND  =         0.0000  RESTRAINT  =         0.0000
 ------------------------------------------------------------------------------

wrapping first mol.:       15.55935       22.00424       38.11246
wrapping first mol.:       15.55935       22.00424       38.11246

 NSTEP =     9000   TIME(PS) =    3058.000  TEMP(K) =   300.39  PRESS =     0.0
 Etot   =    -19151.7636  EKtot   =      4793.0000  EPtot      =    -23944.7636
 BOND   =       170.9167  ANGLE   =       425.7649  DIHED      =       637.7862
 1-4 NB =       170.1405  1-4 EEL =      2523.0117  VDWAALS    =      2911.8007
 EELEC  =    -30784.1842  EHBOND  =         0.0000  RESTRAINT  =         0.0000
 ------------------------------------------------------------------------------

wrapping first mol.:       15.55935       22.00424       38.11246
wrapping first mol.:       15.55935       22.00424       38.11246

 NSTEP =     9500   TIME(PS) =    3059.000  TEMP(K) =   302.45  PRESS =     0.0
 Etot   =    -19113.8543  EKtot   =      4825.9521  EPtot      =    -23939.8064
 BOND   =       152.6891  ANGLE   =       401.2126  DIHED      =       657.2491
 1-4 NB =       170.3954  1-4 EEL =      2496.3985  VDWAALS    =      2844.1354
 EELEC  =    -30661.8866  EHBOND  =         0.0000  RESTRAINT  =         0.0000
 ------------------------------------------------------------------------------

wrapping first mol.:       15.55935       22.00424       38.11246
wrapping first mol.:       15.55935       22.00424       38.11246

 NSTEP =    10000   TIME(PS) =    3060.000  TEMP(K) =   302.97  PRESS =     0.0
 Etot   =    -19252.7715  EKtot   =      4834.2290  EPtot      =    -24087.0005
 BOND   =       137.5062  ANGLE   =       388.2307  DIHED      =       647.6819
 1-4 NB =       180.8687  1-4 EEL =      2525.3850  VDWAALS    =      2953.2870
 EELEC  =    -30919.9601  EHBOND  =         0.0000  RESTRAINT  =         0.0000
 ------------------------------------------------------------------------------

wrapping first mol.:       15.55935       22.00424       38.11246
wrapping first mol.:       15.55935       22.00424       38.11246

 NSTEP =    10500   TIME(PS) =    3061.000  TEMP(K) =   301.05  PRESS =     0.0
 Etot   =    -19218.9578  EKtot   =      4803.5474  EPtot      =    -24022.5052
 BOND   =       174.1351  ANGLE   =       395.4486  DIHED      =       641.2400
 1-4 NB =       172.7359  1-4 EEL =      2513.4584  VDWAALS    =      2926.9489
 EELEC  =    -30846.4720  EHBOND  =         0.0000  RESTRAINT  =         0.0000
 ------------------------------------------------------------------------------

wrapping first mol.:       15.55935       22.00424       38.11246
wrapping first mol.:       15.55935       22.00424       38.11246

 NSTEP =    11000   TIME(PS) =    3062.000  TEMP(K) =   301.95  PRESS =     0.0
 Etot   =    -19236.1310  EKtot   =      4818.0264  EPtot      =    -24054.1573
 BOND   =       134.6283  ANGLE   =       406.1255  DIHED      =       636.0627
 1-4 NB =       173.6042  1-4 EEL =      2501.4901  VDWAALS    =      2810.4385
 EELEC  =    -30716.5067  EHBOND  =         0.0000  RESTRAINT  =         0.0000
 ------------------------------------------------------------------------------

wrapping first mol.:       15.55935       22.00424       38.11246
wrapping first mol.:       15.55935       22.00424       38.11246

 NSTEP =    11500   TIME(PS) =    3063.000  TEMP(K) =   295.56  PRESS =     0.0
 Etot   =    -19261.3208  EKtot   =      4715.9780  EPtot      =    -23977.2988
 BOND   =       145.8096  ANGLE   =       399.3655  DIHED      =       634.6739
 1-4 NB =       179.3664  1-4 EEL =      2526.1299  VDWAALS    =      2819.5112
 EELEC  =    -30682.1553  EHBOND  =         0.0000  RESTRAINT  =         0.0000
 ------------------------------------------------------------------------------

wrapping first mol.:       15.55935       22.00424       38.11246
wrapping first mol.:       15.55935       22.00424       38.11246

 NSTEP =    12000   TIME(PS) =    3064.000  TEMP(K) =   297.12  PRESS =     0.0
 Etot   =    -19437.2175  EKtot   =      4740.9580  EPtot      =    -24178.1755
 BOND   =       146.5143  ANGLE   =       376.4981  DIHED      =       644.9272
 1-4 NB =       169.4621  1-4 EEL =      2505.1670  VDWAALS    =      2974.6259
 EELEC  =    -30995.3703  EHBOND  =         0.0000  RESTRAINT  =         0.0000
 ------------------------------------------------------------------------------

wrapping first mol.:       15.55935       22.00424       38.11246
wrapping first mol.:       15.55935       22.00424       38.11246

 NSTEP =    12500   TIME(PS) =    3065.000  TEMP(K) =   298.35  PRESS =     0.0
 Etot   =    -19377.4659  EKtot   =      4760.5640  EPtot      =    -24138.0299
 BOND   =       151.9135  ANGLE   =       398.4255  DIHED      =       621.2082
 1-4 NB =       170.0876  1-4 EEL =      2505.6856  VDWAALS    =      2975.4518
 EELEC  =    -30960.8021  EHBOND  =         0.0000  RESTRAINT  =         0.0000
 ------------------------------------------------------------------------------

wrapping first mol.:       15.55935       22.00424       38.11246
wrapping first mol.:       15.55935       22.00424       38.11246

 NSTEP =    13000   TIME(PS) =    3066.000  TEMP(K) =   302.68  PRESS =     0.0
 Etot   =    -19250.0303  EKtot   =      4829.6182  EPtot      =    -24079.6484
 BOND   =       158.6426  ANGLE   =       401.0235  DIHED      =       635.3027
 1-4 NB =       176.0669  1-4 EEL =      2486.9228  VDWAALS    =      2995.7950
 EELEC  =    -30933.4020  EHBOND  =         0.0000  RESTRAINT  =         0.0000
 ------------------------------------------------------------------------------

wrapping first mol.:       15.55935       22.00424       38.11246
wrapping first mol.:       15.55935       22.00424       38.11246

 NSTEP =    13500   TIME(PS) =    3067.000  TEMP(K) =   297.35  PRESS =     0.0
 Etot   =    -19475.6343  EKtot   =      4744.4966  EPtot      =    -24220.1309
 BOND   =       141.7612  ANGLE   =       383.0462  DIHED      =       634.2622
 1-4 NB =       173.5389  1-4 EEL =      2491.2074  VDWAALS    =      3079.9462
 EELEC  =    -31123.8928  EHBOND  =         0.0000  RESTRAINT  =         0.0000
 ------------------------------------------------------------------------------

wrapping first mol.:       15.55935       22.00424       38.11246
wrapping first mol.:       15.55935       22.00424       38.11246

 NSTEP =    14000   TIME(PS) =    3068.000  TEMP(K) =   298.60  PRESS =     0.0
 Etot   =    -19251.5304  EKtot   =      4764.5654  EPtot      =    -24016.0958
 BOND   =       160.9313  ANGLE   =       414.3934  DIHED      =       633.1975
 1-4 NB =       171.2252  1-4 EEL =      2498.7649  VDWAALS    =      2838.3152
 EELEC  =    -30732.9234  EHBOND  =         0.0000  RESTRAINT  =         0.0000
 ------------------------------------------------------------------------------

wrapping first mol.:       15.55935       22.00424       38.11246
wrapping first mol.:       15.55935       22.00424       38.11246

 NSTEP =    14500   TIME(PS) =    3069.000  TEMP(K) =   302.53  PRESS =     0.0
 Etot   =    -19267.9220  EKtot   =      4827.2939  EPtot      =    -24095.2159
 BOND   =       147.6443  ANGLE   =       410.8619  DIHED      =       648.0728
 1-4 NB =       173.7758  1-4 EEL =      2491.5623  VDWAALS    =      3004.4293
 EELEC  =    -30971.5623  EHBOND  =         0.0000  RESTRAINT  =         0.0000
 ------------------------------------------------------------------------------

wrapping first mol.:       15.55935       22.00424       38.11246
wrapping first mol.:       15.55935       22.00424       38.11246

 NSTEP =    15000   TIME(PS) =    3070.000  TEMP(K) =   298.57  PRESS =     0.0
 Etot   =    -19227.7607  EKtot   =      4764.0542  EPtot      =    -23991.8149
 BOND   =       148.2854  ANGLE   =       416.5011  DIHED      =       645.1950
 1-4 NB =       170.4577  1-4 EEL =      2502.3211  VDWAALS    =      2843.0453
 EELEC  =    -30717.6204  EHBOND  =         0.0000  RESTRAINT  =         0.0000
 ------------------------------------------------------------------------------

wrapping first mol.:       15.55935       22.00424       38.11246
wrapping first mol.:       15.55935       22.00424       38.11246

 NSTEP =    15500   TIME(PS) =    3071.000  TEMP(K) =   303.88  PRESS =     0.0
 Etot   =    -19252.5727  EKtot   =      4848.7793  EPtot      =    -24101.3520
 BOND   =       153.0636  ANGLE   =       395.0521  DIHED      =       652.1074
 1-4 NB =       182.5418  1-4 EEL =      2522.8069  VDWAALS    =      3054.9233
 EELEC  =    -31061.8471  EHBOND  =         0.0000  RESTRAINT  =         0.0000
 ------------------------------------------------------------------------------

wrapping first mol.:       15.55935       22.00424       38.11246
wrapping first mol.:       15.55935       22.00424       38.11246

 NSTEP =    16000   TIME(PS) =    3072.000  TEMP(K) =   295.96  PRESS =     0.0
 Etot   =    -19205.6289  EKtot   =      4722.4536  EPtot      =    -23928.0825
 BOND   =       161.2390  ANGLE   =       439.9011  DIHED      =       638.1787
 1-4 NB =       172.1690  1-4 EEL =      2486.4792  VDWAALS    =      2922.3892
 EELEC  =    -30748.4387  EHBOND  =         0.0000  RESTRAINT  =         0.0000
 ------------------------------------------------------------------------------

wrapping first mol.:       15.55935       22.00424       38.11246
wrapping first mol.:       15.55935       22.00424       38.11246

 NSTEP =    16500   TIME(PS) =    3073.000  TEMP(K) =   301.19  PRESS =     0.0
 Etot   =    -19260.5730  EKtot   =      4805.8198  EPtot      =    -24066.3928
 BOND   =       154.6417  ANGLE   =       433.0428  DIHED      =       636.1009
 1-4 NB =       161.9722  1-4 EEL =      2497.9367  VDWAALS    =      2841.2069
 EELEC  =    -30791.2940  EHBOND  =         0.0000  RESTRAINT  =         0.0000
 ------------------------------------------------------------------------------

wrapping first mol.:       15.55935       22.00424       38.11246
wrapping first mol.:       15.55935       22.00424       38.11246

 NSTEP =    17000   TIME(PS) =    3074.000  TEMP(K) =   298.88  PRESS =     0.0
 Etot   =    -19235.5058  EKtot   =      4768.9517  EPtot      =    -24004.4574
 BOND   =       151.2287  ANGLE   =       411.4418  DIHED      =       634.2633
 1-4 NB =       171.9886  1-4 EEL =      2481.3124  VDWAALS    =      2997.1637
 EELEC  =    -30851.8558  EHBOND  =         0.0000  RESTRAINT  =         0.0000
 ------------------------------------------------------------------------------

wrapping first mol.:       15.55935       22.00424       38.11246
wrapping first mol.:       15.55935       22.00424       38.11246

 NSTEP =    17500   TIME(PS) =    3075.000  TEMP(K) =   307.57  PRESS =     0.0
 Etot   =    -19199.7675  EKtot   =      4907.6152  EPtot      =    -24107.3827
 BOND   =       154.5809  ANGLE   =       394.5335  DIHED      =       639.9771
 1-4 NB =       182.0895  1-4 EEL =      2517.4272  VDWAALS    =      2970.1374
 EELEC  =    -30966.1282  EHBOND  =         0.0000  RESTRAINT  =         0.0000
 ------------------------------------------------------------------------------

wrapping first mol.:       15.55935       22.00424       38.11246
wrapping first mol.:       15.55935       22.00424       38.11246

 NSTEP =    18000   TIME(PS) =    3076.000  TEMP(K) =   299.81  PRESS =     0.0
 Etot   =    -19141.8460  EKtot   =      4783.7593  EPtot      =    -23925.6053
 BOND   =       157.7393  ANGLE   =       425.6667  DIHED      =       630.4782
 1-4 NB =       181.0902  1-4 EEL =      2523.8349  VDWAALS    =      2898.7234
 EELEC  =    -30743.1380  EHBOND  =         0.0000  RESTRAINT  =         0.0000
 ------------------------------------------------------------------------------

wrapping first mol.:       15.55935       22.00424       38.11246
wrapping first mol.:       15.55935       22.00424       38.11246

 NSTEP =    18500   TIME(PS) =    3077.000  TEMP(K) =   293.47  PRESS =     0.0
 Etot   =    -19305.9084  EKtot   =      4682.6045  EPtot      =    -23988.5129
 BOND   =       159.7458  ANGLE   =       377.1355  DIHED      =       636.5140
 1-4 NB =       178.2767  1-4 EEL =      2485.9250  VDWAALS    =      2907.9068
 EELEC  =    -30734.0166  EHBOND  =         0.0000  RESTRAINT  =         0.0000
 ------------------------------------------------------------------------------

wrapping first mol.:       15.55935       22.00424       38.11246
wrapping first mol.:       15.55935       22.00424       38.11246

 NSTEP =    19000   TIME(PS) =    3078.000  TEMP(K) =   295.57  PRESS =     0.0
 Etot   =    -19314.5377  EKtot   =      4716.1753  EPtot      =    -24030.7130
 BOND   =       172.2415  ANGLE   =       384.6389  DIHED      =       637.7296
 1-4 NB =       171.1557  1-4 EEL =      2508.4912  VDWAALS    =      2791.2694
 EELEC  =    -30696.2393  EHBOND  =         0.0000  RESTRAINT  =         0.0000
 ------------------------------------------------------------------------------

wrapping first mol.:       15.55935       22.00424       38.11246
wrapping first mol.:       15.55935       22.00424       38.11246

 NSTEP =    19500   TIME(PS) =    3079.000  TEMP(K) =   304.67  PRESS =     0.0
 Etot   =    -19164.7906  EKtot   =      4861.4126  EPtot      =    -24026.2032
 BOND   =       143.6173  ANGLE   =       408.6206  DIHED      =       639.9766
 1-4 NB =       176.6387  1-4 EEL =      2502.5088  VDWAALS    =      2987.9742
 EELEC  =    -30885.5395  EHBOND  =         0.0000  RESTRAINT  =         0.0000
 ------------------------------------------------------------------------------

wrapping first mol.:       15.55935       22.00424       38.11246
wrapping first mol.:       15.55935       22.00424       38.11246

 NSTEP =    20000   TIME(PS) =    3080.000  TEMP(K) =   299.58  PRESS =     0.0
 Etot   =    -19139.4767  EKtot   =      4780.1753  EPtot      =    -23919.6520
 BOND   =       148.2869  ANGLE   =       406.6291  DIHED      =       655.7980
 1-4 NB =       170.3156  1-4 EEL =      2504.3069  VDWAALS    =      2891.5148
 EELEC  =    -30696.5033  EHBOND  =         0.0000  RESTRAINT  =         0.0000
 ------------------------------------------------------------------------------

wrapping first mol.:       15.55935       22.00424       38.11246
wrapping first mol.:       15.55935       22.00424       38.11246

 NSTEP =    20500   TIME(PS) =    3081.000  TEMP(K) =   299.94  PRESS =     0.0
 Etot   =    -19286.2492  EKtot   =      4785.8794  EPtot      =    -24072.1286
 BOND   =       146.7094  ANGLE   =       412.1975  DIHED      =       627.8972
 1-4 NB =       163.1659  1-4 EEL =      2489.9919  VDWAALS    =      2952.6715
 EELEC  =    -30864.7621  EHBOND  =         0.0000  RESTRAINT  =         0.0000
 ------------------------------------------------------------------------------

wrapping first mol.:       15.55935       22.00424       38.11246
wrapping first mol.:       15.55935       22.00424       38.11246

 NSTEP =    21000   TIME(PS) =    3082.000  TEMP(K) =   296.05  PRESS =     0.0
 Etot   =    -19274.7165  EKtot   =      4723.8857  EPtot      =    -23998.6022
 BOND   =       143.1857  ANGLE   =       396.3808  DIHED      =       636.2125
 1-4 NB =       176.0200  1-4 EEL =      2514.1414  VDWAALS    =      2951.2924
 EELEC  =    -30815.8352  EHBOND  =         0.0000  RESTRAINT  =         0.0000
 ------------------------------------------------------------------------------

wrapping first mol.:       15.55935       22.00424       38.11246
wrapping first mol.:       15.55935       22.00424       38.11246

 NSTEP =    21500   TIME(PS) =    3083.000  TEMP(K) =   295.85  PRESS =     0.0
 Etot   =    -19215.6893  EKtot   =      4720.6396  EPtot      =    -23936.3289
 BOND   =       165.7798  ANGLE   =       427.5932  DIHED      =       641.7749
 1-4 NB =       173.2038  1-4 EEL =      2494.6593  VDWAALS    =      2851.8129
 EELEC  =    -30691.1527  EHBOND  =         0.0000  RESTRAINT  =         0.0000
 ------------------------------------------------------------------------------

wrapping first mol.:       15.55935       22.00424       38.11246
wrapping first mol.:       15.55935       22.00424       38.11246

 NSTEP =    22000   TIME(PS) =    3084.000  TEMP(K) =   299.16  PRESS =     0.0
 Etot   =    -19125.5422  EKtot   =      4773.5000  EPtot      =    -23899.0422
 BOND   =       147.2133  ANGLE   =       400.9453  DIHED      =       638.5980
 1-4 NB =       182.2021  1-4 EEL =      2523.1117  VDWAALS    =      2909.1266
 EELEC  =    -30700.2392  EHBOND  =         0.0000  RESTRAINT  =         0.0000
 ------------------------------------------------------------------------------

wrapping first mol.:       15.55935       22.00424       38.11246
wrapping first mol.:       15.55935       22.00424       38.11246

 NSTEP =    22500   TIME(PS) =    3085.000  TEMP(K) =   293.35  PRESS =     0.0
 Etot   =    -19311.0307  EKtot   =      4680.7920  EPtot      =    -23991.8227
 BOND   =       158.8437  ANGLE   =       407.7712  DIHED      =       636.7064
 1-4 NB =       180.9859  1-4 EEL =      2493.9384  VDWAALS    =      2891.3761
 EELEC  =    -30761.4443  EHBOND  =         0.0000  RESTRAINT  =         0.0000
 ------------------------------------------------------------------------------

wrapping first mol.:       15.55935       22.00424       38.11246
wrapping first mol.:       15.55935       22.00424       38.11246

 NSTEP =    23000   TIME(PS) =    3086.000  TEMP(K) =   293.18  PRESS =     0.0
 Etot   =    -19300.7571  EKtot   =      4677.9492  EPtot      =    -23978.7063
 BOND   =       148.5427  ANGLE   =       405.3180  DIHED      =       633.8395
 1-4 NB =       188.9040  1-4 EEL =      2506.7477  VDWAALS    =      2916.2771
 EELEC  =    -30778.3353  EHBOND  =         0.0000  RESTRAINT  =         0.0000
 ------------------------------------------------------------------------------

wrapping first mol.:       15.55935       22.00424       38.11246
wrapping first mol.:       15.55935       22.00424       38.11246

 NSTEP =    23500   TIME(PS) =    3087.000  TEMP(K) =   301.03  PRESS =     0.0
 Etot   =    -19298.0554  EKtot   =      4803.3115  EPtot      =    -24101.3669
 BOND   =       155.9294  ANGLE   =       391.8760  DIHED      =       633.2673
 1-4 NB =       171.5569  1-4 EEL =      2520.6150  VDWAALS    =      2803.6576
 EELEC  =    -30778.2691  EHBOND  =         0.0000  RESTRAINT  =         0.0000
 ------------------------------------------------------------------------------

wrapping first mol.:       15.55935       22.00424       38.11246
wrapping first mol.:       15.55935       22.00424       38.11246

 NSTEP =    24000   TIME(PS) =    3088.000  TEMP(K) =   303.75  PRESS =     0.0
 Etot   =    -19221.4004  EKtot   =      4846.6665  EPtot      =    -24068.0669
 BOND   =       137.6368  ANGLE   =       428.0079  DIHED      =       638.2039
 1-4 NB =       173.5582  1-4 EEL =      2500.4872  VDWAALS    =      2922.3664
 EELEC  =    -30868.3274  EHBOND  =         0.0000  RESTRAINT  =         0.0000
 ------------------------------------------------------------------------------

wrapping first mol.:       15.55935       22.00424       38.11246
wrapping first mol.:       15.55935       22.00424       38.11246

 NSTEP =    24500   TIME(PS) =    3089.000  TEMP(K) =   295.47  PRESS =     0.0
 Etot   =    -19329.6776  EKtot   =      4714.5732  EPtot      =    -24044.2508
 BOND   =       138.2184  ANGLE   =       400.5249  DIHED      =       637.0510
 1-4 NB =       178.9954  1-4 EEL =      2509.6097  VDWAALS    =      2920.4028
 EELEC  =    -30829.0530  EHBOND  =         0.0000  RESTRAINT  =         0.0000
 ------------------------------------------------------------------------------

wrapping first mol.:       15.55935       22.00424       38.11246
wrapping first mol.:       15.55935       22.00424       38.11246

 NSTEP =    25000   TIME(PS) =    3090.000  TEMP(K) =   299.29  PRESS =     0.0
 Etot   =    -19235.7135  EKtot   =      4775.5366  EPtot      =    -24011.2501
 BOND   =       164.1746  ANGLE   =       401.8621  DIHED      =       645.6540
 1-4 NB =       164.3635  1-4 EEL =      2497.9896  VDWAALS    =      3015.9378
 EELEC  =    -30901.2318  EHBOND  =         0.0000  RESTRAINT  =         0.0000
 ------------------------------------------------------------------------------

wrapping first mol.:       15.55935       22.00424       38.11246
wrapping first mol.:       15.55935       22.00424       38.11246

 NSTEP =    25500   TIME(PS) =    3091.000  TEMP(K) =   297.72  PRESS =     0.0
 Etot   =    -19226.7658  EKtot   =      4750.4502  EPtot      =    -23977.2160
 BOND   =       151.5103  ANGLE   =       425.4256  DIHED      =       643.2129
 1-4 NB =       173.3012  1-4 EEL =      2506.2774  VDWAALS    =      2857.3361
 EELEC  =    -30734.2796  EHBOND  =         0.0000  RESTRAINT  =         0.0000
 ------------------------------------------------------------------------------

wrapping first mol.:       15.55935       22.00424       38.11246
wrapping first mol.:       15.55935       22.00424       38.11246

 NSTEP =    26000   TIME(PS) =    3092.000  TEMP(K) =   302.50  PRESS =     0.0
 Etot   =    -19196.9924  EKtot   =      4826.7983  EPtot      =    -24023.7908
 BOND   =       157.9314  ANGLE   =       410.6497  DIHED      =       652.9577
 1-4 NB =       170.3826  1-4 EEL =      2504.1206  VDWAALS    =      2875.0360
 EELEC  =    -30794.8687  EHBOND  =         0.0000  RESTRAINT  =         0.0000
 ------------------------------------------------------------------------------

wrapping first mol.:       15.55935       22.00424       38.11246
wrapping first mol.:       15.55935       22.00424       38.11246

 NSTEP =    26500   TIME(PS) =    3093.000  TEMP(K) =   300.58  PRESS =     0.0
 Etot   =    -19110.7121  EKtot   =      4796.0566  EPtot      =    -23906.7687
 BOND   =       140.9780  ANGLE   =       413.5538  DIHED      =       643.4123
 1-4 NB =       182.2183  1-4 EEL =      2517.4562  VDWAALS    =      2902.2814
 EELEC  =    -30706.6688  EHBOND  =         0.0000  RESTRAINT  =         0.0000
 ------------------------------------------------------------------------------

wrapping first mol.:       15.55935       22.00424       38.11246
wrapping first mol.:       15.55935       22.00424       38.11246

 NSTEP =    27000   TIME(PS) =    3094.000  TEMP(K) =   300.55  PRESS =     0.0
 Etot   =    -19208.5224  EKtot   =      4795.6553  EPtot      =    -24004.1777
 BOND   =       173.3449  ANGLE   =       407.5719  DIHED      =       635.8995
 1-4 NB =       179.2591  1-4 EEL =      2490.5114  VDWAALS    =      3023.1606
 EELEC  =    -30913.9250  EHBOND  =         0.0000  RESTRAINT  =         0.0000
 ------------------------------------------------------------------------------

wrapping first mol.:       15.55935       22.00424       38.11246
wrapping first mol.:       15.55935       22.00424       38.11246

 NSTEP =    27500   TIME(PS) =    3095.000  TEMP(K) =   296.93  PRESS =     0.0
 Etot   =    -19269.1118  EKtot   =      4737.7959  EPtot      =    -24006.9077
 BOND   =       153.0509  ANGLE   =       414.2205  DIHED      =       646.8334
 1-4 NB =       178.2533  1-4 EEL =      2478.1050  VDWAALS    =      2944.0184
 EELEC  =    -30821.3891  EHBOND  =         0.0000  RESTRAINT  =         0.0000
 ------------------------------------------------------------------------------

wrapping first mol.:       15.55935       22.00424       38.11246
wrapping first mol.:       15.55935       22.00424       38.11246

 NSTEP =    28000   TIME(PS) =    3096.000  TEMP(K) =   300.29  PRESS =     0.0
 Etot   =    -19242.2741  EKtot   =      4791.4790  EPtot      =    -24033.7531
 BOND   =       152.9164  ANGLE   =       420.8273  DIHED      =       627.6089
 1-4 NB =       178.1867  1-4 EEL =      2487.1297  VDWAALS    =      2936.1869
 EELEC  =    -30836.6089  EHBOND  =         0.0000  RESTRAINT  =         0.0000
 ------------------------------------------------------------------------------

wrapping first mol.:       15.55935       22.00424       38.11246
wrapping first mol.:       15.55935       22.00424       38.11246

 NSTEP =    28500   TIME(PS) =    3097.000  TEMP(K) =   304.74  PRESS =     0.0
 Etot   =    -18935.5764  EKtot   =      4862.5186  EPtot      =    -23798.0950
 BOND   =       153.0403  ANGLE   =       439.7197  DIHED      =       629.9848
 1-4 NB =       177.3978  1-4 EEL =      2499.0025  VDWAALS    =      2936.1319
 EELEC  =    -30633.3718  EHBOND  =         0.0000  RESTRAINT  =         0.0000
 ------------------------------------------------------------------------------

wrapping first mol.:       15.55935       22.00424       38.11246
wrapping first mol.:       15.55935       22.00424       38.11246

 NSTEP =    29000   TIME(PS) =    3098.000  TEMP(K) =   301.30  PRESS =     0.0
 Etot   =    -19154.7508  EKtot   =      4807.6250  EPtot      =    -23962.3758
 BOND   =       143.1615  ANGLE   =       411.5786  DIHED      =       646.6651
 1-4 NB =       187.2077  1-4 EEL =      2538.4952  VDWAALS    =      2840.2765
 EELEC  =    -30729.7604  EHBOND  =         0.0000  RESTRAINT  =         0.0000
 ------------------------------------------------------------------------------

wrapping first mol.:       15.55935       22.00424       38.11246
wrapping first mol.:       15.55935       22.00424       38.11246

 NSTEP =    29500   TIME(PS) =    3099.000  TEMP(K) =   301.87  PRESS =     0.0
 Etot   =    -19126.6440  EKtot   =      4816.7236  EPtot      =    -23943.3676
 BOND   =       152.9564  ANGLE   =       431.6649  DIHED      =       658.2594
 1-4 NB =       179.4573  1-4 EEL =      2500.0213  VDWAALS    =      2817.4198
 EELEC  =    -30683.1467  EHBOND  =         0.0000  RESTRAINT  =         0.0000
 ------------------------------------------------------------------------------

wrapping first mol.:       15.55935       22.00424       38.11246
wrapping first mol.:       15.55935       22.00424       38.11246

 NSTEP =    30000   TIME(PS) =    3100.000  TEMP(K) =   304.50  PRESS =     0.0
 Etot   =    -19097.3640  EKtot   =      4858.5942  EPtot      =    -23955.9583
 BOND   =       169.9018  ANGLE   =       432.7074  DIHED      =       647.7219
 1-4 NB =       176.4672  1-4 EEL =      2497.3851  VDWAALS    =      2917.0706
 EELEC  =    -30797.2122  EHBOND  =         0.0000  RESTRAINT  =         0.0000
 ------------------------------------------------------------------------------

wrapping first mol.:       15.55935       22.00424       38.11246
wrapping first mol.:       15.55935       22.00424       38.11246

 NSTEP =    30500   TIME(PS) =    3101.000  TEMP(K) =   298.11  PRESS =     0.0
 Etot   =    -19270.9176  EKtot   =      4756.6860  EPtot      =    -24027.6037
 BOND   =       166.8028  ANGLE   =       395.5049  DIHED      =       641.1727
 1-4 NB =       171.2168  1-4 EEL =      2483.1234  VDWAALS    =      2922.8742
 EELEC  =    -30808.2986  EHBOND  =         0.0000  RESTRAINT  =         0.0000
 ------------------------------------------------------------------------------

wrapping first mol.:       15.55935       22.00424       38.11246
wrapping first mol.:       15.55935       22.00424       38.11246

 NSTEP =    31000   TIME(PS) =    3102.000  TEMP(K) =   301.97  PRESS =     0.0
 Etot   =    -19278.9485  EKtot   =      4818.3037  EPtot      =    -24097.2522
 BOND   =       167.0570  ANGLE   =       393.9655  DIHED      =       650.0516
 1-4 NB =       176.4897  1-4 EEL =      2497.7044  VDWAALS    =      2810.5074
 EELEC  =    -30793.0278  EHBOND  =         0.0000  RESTRAINT  =         0.0000
 ------------------------------------------------------------------------------

wrapping first mol.:       15.55935       22.00424       38.11246
wrapping first mol.:       15.55935       22.00424       38.11246

 NSTEP =    31500   TIME(PS) =    3103.000  TEMP(K) =   298.13  PRESS =     0.0
 Etot   =    -19296.3875  EKtot   =      4756.9351  EPtot      =    -24053.3225
 BOND   =       134.9584  ANGLE   =       417.2201  DIHED      =       645.7781
 1-4 NB =       178.8972  1-4 EEL =      2495.7774  VDWAALS    =      2996.6559
 EELEC  =    -30922.6097  EHBOND  =         0.0000  RESTRAINT  =         0.0000
 ------------------------------------------------------------------------------

wrapping first mol.:       15.55935       22.00424       38.11246
wrapping first mol.:       15.55935       22.00424       38.11246

 NSTEP =    32000   TIME(PS) =    3104.000  TEMP(K) =   295.73  PRESS =     0.0
 Etot   =    -19291.0600  EKtot   =      4718.7021  EPtot      =    -24009.7622
 BOND   =       149.1574  ANGLE   =       382.0763  DIHED      =       641.7207
 1-4 NB =       180.5259  1-4 EEL =      2507.7116  VDWAALS    =      2842.7023
 EELEC  =    -30713.6564  EHBOND  =         0.0000  RESTRAINT  =         0.0000
 ------------------------------------------------------------------------------

wrapping first mol.:       15.55935       22.00424       38.11246
wrapping first mol.:       15.55935       22.00424       38.11246

 NSTEP =    32500   TIME(PS) =    3105.000  TEMP(K) =   300.67  PRESS =     0.0
 Etot   =    -19178.3939  EKtot   =      4797.6040  EPtot      =    -23975.9979
 BOND   =       146.3607  ANGLE   =       391.3554  DIHED      =       635.3441
 1-4 NB =       177.8041  1-4 EEL =      2520.5171  VDWAALS    =      2807.5010
 EELEC  =    -30654.8804  EHBOND  =         0.0000  RESTRAINT  =         0.0000
 ------------------------------------------------------------------------------

wrapping first mol.:       15.55935       22.00424       38.11246
wrapping first mol.:       15.55935       22.00424       38.11246

 NSTEP =    33000   TIME(PS) =    3106.000  TEMP(K) =   300.08  PRESS =     0.0
 Etot   =    -19243.3482  EKtot   =      4788.0435  EPtot      =    -24031.3917
 BOND   =       173.6860  ANGLE   =       402.1601  DIHED      =       642.8009
 1-4 NB =       174.3661  1-4 EEL =      2485.8934  VDWAALS    =      2938.9638
 EELEC  =    -30849.2620  EHBOND  =         0.0000  RESTRAINT  =         0.0000
 ------------------------------------------------------------------------------

wrapping first mol.:       15.55935       22.00424       38.11246
wrapping first mol.:       15.55935       22.00424       38.11246

 NSTEP =    33500   TIME(PS) =    3107.000  TEMP(K) =   300.93  PRESS =     0.0
 Etot   =    -19315.6422  EKtot   =      4801.6816  EPtot      =    -24117.3238
 BOND   =       155.6311  ANGLE   =       395.7682  DIHED      =       635.0380
 1-4 NB =       182.6824  1-4 EEL =      2518.3947  VDWAALS    =      2898.1440
 EELEC  =    -30902.9822  EHBOND  =         0.0000  RESTRAINT  =         0.0000
 ------------------------------------------------------------------------------

wrapping first mol.:       15.55935       22.00424       38.11246
wrapping first mol.:       15.55935       22.00424       38.11246

 NSTEP =    34000   TIME(PS) =    3108.000  TEMP(K) =   301.23  PRESS =     0.0
 Etot   =    -19326.1509  EKtot   =      4806.4014  EPtot      =    -24132.5523
 BOND   =       144.8310  ANGLE   =       393.6341  DIHED      =       634.2857
 1-4 NB =       173.6741  1-4 EEL =      2528.4149  VDWAALS    =      2831.1351
 EELEC  =    -30838.5272  EHBOND  =         0.0000  RESTRAINT  =         0.0000
 ------------------------------------------------------------------------------

wrapping first mol.:       15.55935       22.00424       38.11246
wrapping first mol.:       15.55935       22.00424       38.11246

 NSTEP =    34500   TIME(PS) =    3109.000  TEMP(K) =   296.67  PRESS =     0.0
 Etot   =    -19220.3894  EKtot   =      4733.7832  EPtot      =    -23954.1726
 BOND   =       167.7089  ANGLE   =       388.2382  DIHED      =       636.2787
 1-4 NB =       171.6738  1-4 EEL =      2479.4189  VDWAALS    =      2882.1722
 EELEC  =    -30679.6633  EHBOND  =         0.0000  RESTRAINT  =         0.0000
 ------------------------------------------------------------------------------

wrapping first mol.:       15.55935       22.00424       38.11246
wrapping first mol.:       15.55935       22.00424       38.11246

 NSTEP =    35000   TIME(PS) =    3110.000  TEMP(K) =   304.16  PRESS =     0.0
 Etot   =    -19177.1482  EKtot   =      4853.3037  EPtot      =    -24030.4519
 BOND   =       165.0043  ANGLE   =       398.4805  DIHED      =       655.8295
 1-4 NB =       181.8709  1-4 EEL =      2506.1674  VDWAALS    =      2957.9788
 EELEC  =    -30895.7832  EHBOND  =         0.0000  RESTRAINT  =         0.0000
 ------------------------------------------------------------------------------

wrapping first mol.:       15.55935       22.00424       38.11246
wrapping first mol.:       15.55935       22.00424       38.11246

 NSTEP =    35500   TIME(PS) =    3111.000  TEMP(K) =   303.17  PRESS =     0.0
 Etot   =    -19303.6103  EKtot   =      4837.3564  EPtot      =    -24140.9668
 BOND   =       155.1126  ANGLE   =       382.2916  DIHED      =       638.1351
 1-4 NB =       174.3152  1-4 EEL =      2500.1921  VDWAALS    =      2950.1400
 EELEC  =    -30941.1534  EHBOND  =         0.0000  RESTRAINT  =         0.0000
 ------------------------------------------------------------------------------

wrapping first mol.:       15.55935       22.00424       38.11246
wrapping first mol.:       15.55935       22.00424       38.11246

 NSTEP =    36000   TIME(PS) =    3112.000  TEMP(K) =   299.42  PRESS =     0.0
 Etot   =    -19364.4072  EKtot   =      4777.5864  EPtot      =    -24141.9936
 BOND   =       153.0739  ANGLE   =       404.6406  DIHED      =       628.5632
 1-4 NB =       177.3323  1-4 EEL =      2500.3471  VDWAALS    =      2937.1724
 EELEC  =    -30943.1231  EHBOND  =         0.0000  RESTRAINT  =         0.0000
 ------------------------------------------------------------------------------

wrapping first mol.:       15.55935       22.00424       38.11246
wrapping first mol.:       15.55935       22.00424       38.11246

 NSTEP =    36500   TIME(PS) =    3113.000  TEMP(K) =   301.78  PRESS =     0.0
 Etot   =    -19294.1697  EKtot   =      4815.2061  EPtot      =    -24109.3758
 BOND   =       170.3754  ANGLE   =       383.6305  DIHED      =       635.7739
 1-4 NB =       177.6090  1-4 EEL =      2510.6331  VDWAALS    =      2965.8692
 EELEC  =    -30953.2669  EHBOND  =         0.0000  RESTRAINT  =         0.0000
 ------------------------------------------------------------------------------

wrapping first mol.:       15.55935       22.00424       38.11246
wrapping first mol.:       15.55935       22.00424       38.11246

 NSTEP =    37000   TIME(PS) =    3114.000  TEMP(K) =   299.80  PRESS =     0.0
 Etot   =    -19224.6810  EKtot   =      4783.5879  EPtot      =    -24008.2689
 BOND   =       149.4394  ANGLE   =       420.8835  DIHED      =       641.1671
 1-4 NB =       175.4965  1-4 EEL =      2489.6639  VDWAALS    =      2846.2756
 EELEC  =    -30731.1949  EHBOND  =         0.0000  RESTRAINT  =         0.0000
 ------------------------------------------------------------------------------

wrapping first mol.:       15.55935       22.00424       38.11246
wrapping first mol.:       15.55935       22.00424       38.11246

 NSTEP =    37500   TIME(PS) =    3115.000  TEMP(K) =   304.35  PRESS =     0.0
 Etot   =    -19276.2279  EKtot   =      4856.3252  EPtot      =    -24132.5530
 BOND   =       164.6332  ANGLE   =       394.9800  DIHED      =       639.4371
 1-4 NB =       173.1629  1-4 EEL =      2503.0874  VDWAALS    =      2917.8420
 EELEC  =    -30925.6956  EHBOND  =         0.0000  RESTRAINT  =         0.0000
 ------------------------------------------------------------------------------

wrapping first mol.:       15.55935       22.00424       38.11246
wrapping first mol.:       15.55935       22.00424       38.11246

 NSTEP =    38000   TIME(PS) =    3116.000  TEMP(K) =   294.88  PRESS =     0.0
 Etot   =    -19298.9058  EKtot   =      4705.2002  EPtot      =    -24004.1060
 BOND   =       157.2868  ANGLE   =       397.7807  DIHED      =       641.8422
 1-4 NB =       171.6348  1-4 EEL =      2521.9597  VDWAALS    =      2889.6852
 EELEC  =    -30784.2954  EHBOND  =         0.0000  RESTRAINT  =         0.0000
 ------------------------------------------------------------------------------

wrapping first mol.:       15.55935       22.00424       38.11246
wrapping first mol.:       15.55935       22.00424       38.11246

 NSTEP =    38500   TIME(PS) =    3117.000  TEMP(K) =   299.07  PRESS =     0.0
 Etot   =    -19258.9129  EKtot   =      4772.0522  EPtot      =    -24030.9651
 BOND   =       154.6356  ANGLE   =       400.7020  DIHED      =       647.5954
 1-4 NB =       173.7932  1-4 EEL =      2509.6485  VDWAALS    =      2895.8678
 EELEC  =    -30813.2076  EHBOND  =         0.0000  RESTRAINT  =         0.0000
 ------------------------------------------------------------------------------

wrapping first mol.:       15.55935       22.00424       38.11246
wrapping first mol.:       15.55935       22.00424       38.11246

 NSTEP =    39000   TIME(PS) =    3118.000  TEMP(K) =   297.24  PRESS =     0.0
 Etot   =    -19324.6700  EKtot   =      4742.7744  EPtot      =    -24067.4444
 BOND   =       170.0365  ANGLE   =       410.2446  DIHED      =       645.1251
 1-4 NB =       180.1984  1-4 EEL =      2515.3815  VDWAALS    =      2974.5775
 EELEC  =    -30963.0079  EHBOND  =         0.0000  RESTRAINT  =         0.0000
 ------------------------------------------------------------------------------

wrapping first mol.:       15.55935       22.00424       38.11246
wrapping first mol.:       15.55935       22.00424       38.11246

 NSTEP =    39500   TIME(PS) =    3119.000  TEMP(K) =   297.96  PRESS =     0.0
 Etot   =    -19247.1510  EKtot   =      4754.2769  EPtot      =    -24001.4279
 BOND   =       138.9621  ANGLE   =       415.5149  DIHED      =       639.4815
 1-4 NB =       186.6908  1-4 EEL =      2523.1417  VDWAALS    =      2947.1755
 EELEC  =    -30852.3945  EHBOND  =         0.0000  RESTRAINT  =         0.0000
 ------------------------------------------------------------------------------

wrapping first mol.:       15.55935       22.00424       38.11246
wrapping first mol.:       15.55935       22.00424       38.11246

 NSTEP =    40000   TIME(PS) =    3120.000  TEMP(K) =   304.61  PRESS =     0.0
 Etot   =    -19147.6749  EKtot   =      4860.3467  EPtot      =    -24008.0215
 BOND   =       158.3408  ANGLE   =       415.2261  DIHED      =       657.8210
 1-4 NB =       176.3419  1-4 EEL =      2506.2447  VDWAALS    =      2980.8015
 EELEC  =    -30902.7976  EHBOND  =         0.0000  RESTRAINT  =         0.0000
 ------------------------------------------------------------------------------

wrapping first mol.:       15.55935       22.00424       38.11246
wrapping first mol.:       15.55935       22.00424       38.11246

 NSTEP =    40500   TIME(PS) =    3121.000  TEMP(K) =   295.52  PRESS =     0.0
 Etot   =    -19242.1386  EKtot   =      4715.4404  EPtot      =    -23957.5790
 BOND   =       163.6764  ANGLE   =       426.0472  DIHED      =       655.3824
 1-4 NB =       181.6569  1-4 EEL =      2490.3032  VDWAALS    =      3035.7899
 EELEC  =    -30910.4350  EHBOND  =         0.0000  RESTRAINT  =         0.0000
 ------------------------------------------------------------------------------

wrapping first mol.:       15.55935       22.00424       38.11246
wrapping first mol.:       15.55935       22.00424       38.11246

 NSTEP =    41000   TIME(PS) =    3122.000  TEMP(K) =   301.20  PRESS =     0.0
 Etot   =    -19226.9959  EKtot   =      4805.9614  EPtot      =    -24032.9573
 BOND   =       182.3224  ANGLE   =       373.9763  DIHED      =       645.2633
 1-4 NB =       167.8120  1-4 EEL =      2500.8743  VDWAALS    =      2786.2629
 EELEC  =    -30689.4685  EHBOND  =         0.0000  RESTRAINT  =         0.0000
 ------------------------------------------------------------------------------

wrapping first mol.:       15.55935       22.00424       38.11246
wrapping first mol.:       15.55935       22.00424       38.11246

 NSTEP =    41500   TIME(PS) =    3123.000  TEMP(K) =   300.68  PRESS =     0.0
 Etot   =    -19228.6593  EKtot   =      4797.6260  EPtot      =    -24026.2853
 BOND   =       151.3033  ANGLE   =       419.4181  DIHED      =       649.1895
 1-4 NB =       172.3819  1-4 EEL =      2519.5878  VDWAALS    =      2931.2498
 EELEC  =    -30869.4157  EHBOND  =         0.0000  RESTRAINT  =         0.0000
 ------------------------------------------------------------------------------

wrapping first mol.:       15.55935       22.00424       38.11246
wrapping first mol.:       15.55935       22.00424       38.11246

 NSTEP =    42000   TIME(PS) =    3124.000  TEMP(K) =   301.96  PRESS =     0.0
 Etot   =    -19163.0611  EKtot   =      4818.0674  EPtot      =    -23981.1284
 BOND   =       163.8240  ANGLE   =       403.8147  DIHED      =       655.5804
 1-4 NB =       174.3574  1-4 EEL =      2517.7355  VDWAALS    =      2835.8713
 EELEC  =    -30732.3116  EHBOND  =         0.0000  RESTRAINT  =         0.0000
 ------------------------------------------------------------------------------

wrapping first mol.:       15.55935       22.00424       38.11246
wrapping first mol.:       15.55935       22.00424       38.11246

 NSTEP =    42500   TIME(PS) =    3125.000  TEMP(K) =   299.33  PRESS =     0.0
 Etot   =    -19221.7213  EKtot   =      4776.1001  EPtot      =    -23997.8214
 BOND   =       148.3522  ANGLE   =       405.8189  DIHED      =       637.1126
 1-4 NB =       178.7535  1-4 EEL =      2528.2410  VDWAALS    =      2824.4076
 EELEC  =    -30720.5072  EHBOND  =         0.0000  RESTRAINT  =         0.0000
 ------------------------------------------------------------------------------

wrapping first mol.:       15.55935       22.00424       38.11246
wrapping first mol.:       15.55935       22.00424       38.11246

 NSTEP =    43000   TIME(PS) =    3126.000  TEMP(K) =   299.23  PRESS =     0.0
 Etot   =    -19327.8746  EKtot   =      4774.5244  EPtot      =    -24102.3990
 BOND   =       161.0191  ANGLE   =       370.6670  DIHED      =       641.3241
 1-4 NB =       171.3824  1-4 EEL =      2504.1658  VDWAALS    =      2900.1639
 EELEC  =    -30851.1214  EHBOND  =         0.0000  RESTRAINT  =         0.0000
 ------------------------------------------------------------------------------

wrapping first mol.:       15.55935       22.00424       38.11246
wrapping first mol.:       15.55935       22.00424       38.11246

 NSTEP =    43500   TIME(PS) =    3127.000  TEMP(K) =   298.38  PRESS =     0.0
 Etot   =    -19363.2538  EKtot   =      4760.9727  EPtot      =    -24124.2264
 BOND   =       139.2620  ANGLE   =       412.4136  DIHED      =       652.5567
 1-4 NB =       181.5693  1-4 EEL =      2518.1213  VDWAALS    =      2967.5869
 EELEC  =    -30995.7362  EHBOND  =         0.0000  RESTRAINT  =         0.0000
 ------------------------------------------------------------------------------

wrapping first mol.:       15.55935       22.00424       38.11246
wrapping first mol.:       15.55935       22.00424       38.11246

 NSTEP =    44000   TIME(PS) =    3128.000  TEMP(K) =   296.00  PRESS =     0.0
 Etot   =    -19403.6834  EKtot   =      4723.0508  EPtot      =    -24126.7342
 BOND   =       142.5629  ANGLE   =       409.0270  DIHED      =       646.0784
 1-4 NB =       178.5626  1-4 EEL =      2537.2114  VDWAALS    =      2949.2785
 EELEC  =    -30989.4551  EHBOND  =         0.0000  RESTRAINT  =         0.0000
 ------------------------------------------------------------------------------

wrapping first mol.:       15.55935       22.00424       38.11246
wrapping first mol.:       15.55935       22.00424       38.11246

 NSTEP =    44500   TIME(PS) =    3129.000  TEMP(K) =   298.51  PRESS =     0.0
 Etot   =    -19132.0164  EKtot   =      4762.9941  EPtot      =    -23895.0106
 BOND   =       149.4255  ANGLE   =       414.1033  DIHED      =       644.3860
 1-4 NB =       177.2603  1-4 EEL =      2529.4200  VDWAALS    =      2811.1405
 EELEC  =    -30620.7462  EHBOND  =         0.0000  RESTRAINT  =         0.0000
 ------------------------------------------------------------------------------

wrapping first mol.:       15.55935       22.00424       38.11246
wrapping first mol.:       15.55935       22.00424       38.11246

 NSTEP =    45000   TIME(PS) =    3130.000  TEMP(K) =   305.83  PRESS =     0.0
 Etot   =    -19046.3195  EKtot   =      4879.8291  EPtot      =    -23926.1486
 BOND   =       140.1421  ANGLE   =       400.0725  DIHED      =       643.6785
 1-4 NB =       179.7643  1-4 EEL =      2544.7810  VDWAALS    =      2811.3650
 EELEC  =    -30645.9520  EHBOND  =         0.0000  RESTRAINT  =         0.0000
 ------------------------------------------------------------------------------

wrapping first mol.:       15.55935       22.00424       38.11246
wrapping first mol.:       15.55935       22.00424       38.11246

 NSTEP =    45500   TIME(PS) =    3131.000  TEMP(K) =   299.75  PRESS =     0.0
 Etot   =    -19196.0398  EKtot   =      4782.8022  EPtot      =    -23978.8420
 BOND   =       150.2135  ANGLE   =       392.5480  DIHED      =       636.8267
 1-4 NB =       177.0353  1-4 EEL =      2523.7449  VDWAALS    =      2978.3046
 EELEC  =    -30837.5150  EHBOND  =         0.0000  RESTRAINT  =         0.0000
 ------------------------------------------------------------------------------

wrapping first mol.:       15.55935       22.00424       38.11246
wrapping first mol.:       15.55935       22.00424       38.11246

 NSTEP =    46000   TIME(PS) =    3132.000  TEMP(K) =   300.57  PRESS =     0.0
 Etot   =    -19215.6787  EKtot   =      4795.8662  EPtot      =    -24011.5449
 BOND   =       160.8968  ANGLE   =       406.8870  DIHED      =       638.2544
 1-4 NB =       165.0543  1-4 EEL =      2532.8478  VDWAALS    =      2783.6104
 EELEC  =    -30699.0957  EHBOND  =         0.0000  RESTRAINT  =         0.0000
 ------------------------------------------------------------------------------

wrapping first mol.:       15.55935       22.00424       38.11246
wrapping first mol.:       15.55935       22.00424       38.11246

 NSTEP =    46500   TIME(PS) =    3133.000  TEMP(K) =   299.43  PRESS =     0.0
 Etot   =    -19216.9354  EKtot   =      4777.7036  EPtot      =    -23994.6390
 BOND   =       147.2749  ANGLE   =       399.7112  DIHED      =       650.1216
 1-4 NB =       175.7056  1-4 EEL =      2526.4864  VDWAALS    =      2847.0959
 EELEC  =    -30741.0346  EHBOND  =         0.0000  RESTRAINT  =         0.0000
 ------------------------------------------------------------------------------

wrapping first mol.:       15.55935       22.00424       38.11246
wrapping first mol.:       15.55935       22.00424       38.11246

 NSTEP =    47000   TIME(PS) =    3134.000  TEMP(K) =   294.58  PRESS =     0.0
 Etot   =    -19279.3633  EKtot   =      4700.3188  EPtot      =    -23979.6821
 BOND   =       144.6370  ANGLE   =       399.6327  DIHED      =       645.5480
 1-4 NB =       181.3713  1-4 EEL =      2535.2246  VDWAALS    =      2810.0972
 EELEC  =    -30696.1930  EHBOND  =         0.0000  RESTRAINT  =         0.0000
 ------------------------------------------------------------------------------

wrapping first mol.:       15.55935       22.00424       38.11246
wrapping first mol.:       15.55935       22.00424       38.11246

 NSTEP =    47500   TIME(PS) =    3135.000  TEMP(K) =   301.99  PRESS =     0.0
 Etot   =    -19228.5049  EKtot   =      4818.6577  EPtot      =    -24047.1626
 BOND   =       159.9280  ANGLE   =       400.7653  DIHED      =       653.4472
 1-4 NB =       179.1172  1-4 EEL =      2507.6769  VDWAALS    =      2912.1289
 EELEC  =    -30860.2261  EHBOND  =         0.0000  RESTRAINT  =         0.0000
 ------------------------------------------------------------------------------

wrapping first mol.:       15.55935       22.00424       38.11246
wrapping first mol.:       15.55935       22.00424       38.11246

 NSTEP =    48000   TIME(PS) =    3136.000  TEMP(K) =   297.01  PRESS =     0.0
 Etot   =    -19287.8392  EKtot   =      4739.2075  EPtot      =    -24027.0467
 BOND   =       165.4823  ANGLE   =       375.8483  DIHED      =       639.9276
 1-4 NB =       174.4495  1-4 EEL =      2517.1335  VDWAALS    =      3016.9729
 EELEC  =    -30916.8608  EHBOND  =         0.0000  RESTRAINT  =         0.0000
 ------------------------------------------------------------------------------

wrapping first mol.:       15.55935       22.00424       38.11246
wrapping first mol.:       15.55935       22.00424       38.11246

 NSTEP =    48500   TIME(PS) =    3137.000  TEMP(K) =   304.92  PRESS =     0.0
 Etot   =    -19144.0099  EKtot   =      4865.2764  EPtot      =    -24009.2863
 BOND   =       137.4861  ANGLE   =       388.6386  DIHED      =       646.1068
 1-4 NB =       175.7013  1-4 EEL =      2514.3839  VDWAALS    =      2949.6677
 EELEC  =    -30821.2707  EHBOND  =         0.0000  RESTRAINT  =         0.0000
 ------------------------------------------------------------------------------

wrapping first mol.:       15.55935       22.00424       38.11246
wrapping first mol.:       15.55935       22.00424       38.11246

 NSTEP =    49000   TIME(PS) =    3138.000  TEMP(K) =   295.97  PRESS =     0.0
 Etot   =    -19254.3025  EKtot   =      4722.5723  EPtot      =    -23976.8748
 BOND   =       145.5231  ANGLE   =       410.0663  DIHED      =       643.0714
 1-4 NB =       174.1817  1-4 EEL =      2522.7795  VDWAALS    =      2883.6136
 EELEC  =    -30756.1103  EHBOND  =         0.0000  RESTRAINT  =         0.0000
 ------------------------------------------------------------------------------

wrapping first mol.:       15.55935       22.00424       38.11246
wrapping first mol.:       15.55935       22.00424       38.11246

 NSTEP =    49500   TIME(PS) =    3139.000  TEMP(K) =   301.55  PRESS =     0.0
 Etot   =    -19180.0608  EKtot   =      4811.6035  EPtot      =    -23991.6643
 BOND   =       153.1830  ANGLE   =       406.3648  DIHED      =       638.3042
 1-4 NB =       177.4006  1-4 EEL =      2508.4877  VDWAALS    =      2944.8067
 EELEC  =    -30820.2113  EHBOND  =         0.0000  RESTRAINT  =         0.0000
 ------------------------------------------------------------------------------

wrapping first mol.:       15.55935       22.00424       38.11246
wrapping first mol.:       15.55935       22.00424       38.11246

 NSTEP =    50000   TIME(PS) =    3140.000  TEMP(K) =   299.05  PRESS =     0.0
 Etot   =    -19227.1199  EKtot   =      4771.7349  EPtot      =    -23998.8548
 BOND   =       148.1771  ANGLE   =       407.2892  DIHED      =       653.4579
 1-4 NB =       173.6303  1-4 EEL =      2529.3566  VDWAALS    =      2954.4918
 EELEC  =    -30865.2577  EHBOND  =         0.0000  RESTRAINT  =         0.0000
 ------------------------------------------------------------------------------


      A V E R A G E S   O V E R     100 S T E P S


 NSTEP =    50000   TIME(PS) =    3140.000  TEMP(K) =   299.73  PRESS =     0.0
 Etot   =    -19241.7513  EKtot   =      4782.5410  EPtot      =    -24024.2923
 BOND   =       153.6734  ANGLE   =       404.7352  DIHED      =       641.4432
 1-4 NB =       175.3953  1-4 EEL =      2507.9721  VDWAALS    =      2912.8876
 EELEC  =    -30820.3991  EHBOND  =         0.0000  RESTRAINT  =         0.0000
 ------------------------------------------------------------------------------


      R M S  F L U C T U A T I O N S


 NSTEP =    50000   TIME(PS) =    3140.000  TEMP(K) =     3.15  PRESS =     0.0
 Etot   =        85.3428  EKtot   =        50.3324  EPtot      =        72.3621
 BOND   =        10.2231  ANGLE   =        15.0095  DIHED      =         7.6426
 1-4 NB =         5.1749  1-4 EEL =        14.3866  VDWAALS    =        72.3964
 EELEC  =       106.8916  EHBOND  =         0.0000  RESTRAINT  =         0.0000
 ------------------------------------------------------------------------------

--------------------------------------------------------------------------------
   5.  TIMINGS
--------------------------------------------------------------------------------

|  NonSetup CPU Time in Major Routines:
|
|     Routine           Sec        %
|     ------------------------------
|     Nonbond           3.45   10.93
|     Bond              0.00    0.00
|     Angle             0.00    0.00
|     Dihedral          0.00    0.00
|     Shake             0.23    0.74
|     RunMD            27.81   88.20
|     Other             0.04    0.13
|     ------------------------------
|     Total            31.53

|  PME Nonbond Pairlist CPU Time:
|
|     Routine              Sec        %
|     ---------------------------------
|     Set Up Cit           0.00    0.00
|     Build List           0.00    0.00
|     ---------------------------------
|     Total                0.00    0.00

|  PME Direct Force CPU Time:
|
|     Routine              Sec        %
|     ---------------------------------
|     NonBonded Calc       0.00    0.00
|     Exclude Masked       0.00    0.00
|     Other                0.02    0.08
|     ---------------------------------
|     Total                0.02    0.08

|  PME Reciprocal Force CPU Time:
|
|     Routine              Sec        %
|     ---------------------------------
|     1D bspline           0.00    0.00
|     Grid Charges         0.00    0.00
|     Scalar Sum           0.00    0.00
|     Gradient Sum         0.00    0.00
|     FFT                  0.00    0.00
|     ---------------------------------
|     Total                0.00    0.00

|  Final Performance Info:
|     -----------------------------------------------------
|     Average timings for last   49500 steps:
|     Elapsed(s) =      31.17 Per Step(ms) =       0.63
|         ns/day =     274.44   seconds/ns =     314.82
|
|     Average timings for all steps:
|     Elapsed(s) =      31.53 Per Step(ms) =       0.63
|         ns/day =     274.01   seconds/ns =     315.32
|     -----------------------------------------------------

|  Setup CPU time:            0.41 seconds
|  NonSetup CPU time:        31.53 seconds
|  Total CPU time:           31.94 seconds     0.01 hours

|  Setup wall time:           0    seconds
|  NonSetup wall time:       32    seconds
|  Total wall time:          32    seconds     0.01 hours
