
          -------------------------------------------------------
          Amber 16 PMEMD                              2016
          -------------------------------------------------------

| PMEMD implementation of SANDER, Release 16

| Run on 06/17/2017 at 18:16:16

|   Executable path: pmemd.cuda
| Working directory: /home/german/alex/run/1im/mhe/e
|          Hostname: Unknown
  [-O]verwriting output

File Assignments:
|   MDIN: 4equ.in                                                               
|  MDOUT: 4equ.out                                                              
| INPCRD: 3e1im.rst7                                                            
|   PARM: /home/german/alex/top_files/1im.prmtop                                
| RESTRT: 4e1im.rst7                                                            
|   REFC: 3e1im.rst7                                                            
|  MDVEL: mdvel                                                                 
|   MDEN: mden                                                                  
|  MDCRD: 4e1im.nc                                                              
| MDINFO: mdinfo                                                                
|  MDFRC: mdfrc                                                                 


 Here is the input file:

Equilibration with solute restrictions                                         
&cntrl                                                                         
imin = 0,                           ! No Minimization                          
nmropt = 0,                         ! No NMR restraints read                   
                                                                               
! Nature and format of the input                                               
ntx = 5,                            ! Coordinates but no velocities will be rea
irest = 1,                          ! Do not run a new simulation              
                                                                               
! Nature and format of the output                                              
ntxo = 1,                           ! rstrt file in ASCII format               
ntpr = 500,                         ! inf in output every ntpr steps           
ntwr = 500,                         ! rstrt file every ntwr steps              
ntwx = 500,                         ! mdcrd file every ntwx steps              
ntwv = 0,                           ! mdvel without velocities                 
ntwe = 0,                           ! Energies and temperatures not written in 
idecomp = 0,                        ! No energy decomposition                  
iwrap = 1,                          ! Coordinates of the restart and mdcrd file
                                                                               
! Frozen or restrained atoms                                                   
ibelly = 0,                         ! No frozen atoms                          
ntr=1,                              ! Harmonic potential restraints            
restraint_wt = 20.0,                ! The weight for the positional restraints 
restraintmask = ':1-49@N,CA,C,O',  ! restrained residues                       
                                                                               
! Molecular dynamics                                                           
nstlim = 50000,                     ! Number of MD-steps                       
dt = 0.002,                         ! Time step                                
                                                                               
! Temperature regulation                                                       
ntt = 3,                            ! Langevin thermostat                      
gamma_ln = 5,                       ! Gamma constant for Langevin              
!temp0 = 300.0,                     ! Reference T at which the system is to be 
tempi = 300.0,                      ! Initial T                                
ig = -1,                            ! Seed for the RNG                         
                                                                               
! P and V regulation                                                           
ntp = 1,                            ! Constant P. Isotropic scaling            
barostat = 1,                       ! Berendsen barostat                       
taup = 1,                           ! Pressure relaxation time                 
nrespa = 1,                         ! Evaluate at each step                    
ntb = 2,                            ! Periodic box for constant P              
                                                                               
! SHAKE variables                                                              
ntc = 2,                            ! Bonds involving H are constrained        
ntf = 2,                            ! Bond interaction involving H are ommited.
                                                                               
cut = 10.0,                         ! Nonbonded cutoff                         
/                                                                              
&end                                                                           


Note: ig = -1. Setting random seed to   254034 based on wallclock time in 
      microseconds.
 
|--------------------- INFORMATION ----------------------
| GPU (CUDA) Version of PMEMD in use: NVIDIA GPU IN USE.
|                    Version 16.0.0
| 
|                      02/25/2016
| 
| Implementation by:
|                    Ross C. Walker     (SDSC)
|                    Scott Le Grand     (nVIDIA)
| 
| Precision model in use:
|      [SPFP] - Single Precision Forces, 64-bit Fixed Point
|               Accumulation. (Default)
| 
|--------------------------------------------------------
 
|----------------- CITATION INFORMATION -----------------
|
|    When publishing work that utilized the CUDA version
|    of AMBER, please cite the following in addition to
|    the regular AMBER citations:
|
|  - Romelia Salomon-Ferrer; Andreas W. Goetz; Duncan
|    Poole; Scott Le Grand; Ross C. Walker "Routine
|    microsecond molecular dynamics simulations with
|    AMBER - Part II: Particle Mesh Ewald", J. Chem.
|    Theory Comput., 2013, 9 (9), pp3878-3888,
|    DOI: 10.1021/ct400314y.
|
|  - Andreas W. Goetz; Mark J. Williamson; Dong Xu;
|    Duncan Poole; Scott Le Grand; Ross C. Walker
|    "Routine microsecond molecular dynamics simulations
|    with AMBER - Part I: Generalized Born", J. Chem.
|    Theory Comput., 2012, 8 (5), pp1542-1555.
|
|  - Scott Le Grand; Andreas W. Goetz; Ross C. Walker
|    "SPFP: Speed without compromise - a mixed precision
|    model for GPU accelerated molecular dynamics
|    simulations.", Comp. Phys. Comm., 2013, 184
|    pp374-380, DOI: 10.1016/j.cpc.2012.09.022
|
|--------------------------------------------------------
 
|------------------- GPU DEVICE INFO --------------------
|
|            CUDA_VISIBLE_DEVICES: 0
|   CUDA Capable Devices Detected:      1
|           CUDA Device ID in use:      0
|                CUDA Device Name: GeForce GTX 1060 6GB
|     CUDA Device Global Mem Size:   6072 MB
| CUDA Device Num Multiprocessors:     10
|           CUDA Device Core Freq:   1.76 GHz
|
|--------------------------------------------------------
 
 
| Conditional Compilation Defines Used:
| PUBFFT
| BINTRAJ
| CUDA
| EMIL

| Largest sphere to fit in unit cell has radius =    19.037

| New format PARM file being parsed.
| Version =    1.000 Date = 06/17/17 Time = 14:13:48

| Note: 1-4 EEL scale factors are being read from the topology file.

| Note: 1-4 VDW scale factors are being read from the topology file.
| Duplicated    0 dihedrals

| Duplicated    0 dihedrals

--------------------------------------------------------------------------------
   1.  RESOURCE   USE: 
--------------------------------------------------------------------------------

 getting new box info from bottom of inpcrd
 NATOM  =    7831 NTYPES =      17 NBONH =    7434 MBONA  =     402
 NTHETH =     874 MTHETA =     539 NPHIH =    1768 MPHIA  =    1685
 NHPARM =       0 NPARM  =       0 NNB   =   13683 NRES   =    2402
 NBONA  =     402 NTHETA =     539 NPHIA =    1685 NUMBND =      67
 NUMANG =     152 NPTRA  =     191 NATYP =      36 NPHB   =       1
 IFBOX  =       2 NMXRS  =      25 IFCAP =       0 NEXTRA =       0
 NCOPY  =       0

| Coordinate Index Table dimensions:     7    7    7
| Direct force subcell size =     6.6617    6.6617    6.6617

     BOX TYPE: TRUNCATED OCTAHEDRON

--------------------------------------------------------------------------------
   2.  CONTROL  DATA  FOR  THE  RUN
--------------------------------------------------------------------------------

default_name                                                                    

General flags:
     imin    =       0, nmropt  =       0

Nature and format of input:
     ntx     =       5, irest   =       1, ntrx    =       1

Nature and format of output:
     ntxo    =       1, ntpr    =     500, ntrx    =       1, ntwr    =     500
     iwrap   =       1, ntwx    =     500, ntwv    =       0, ntwe    =       0
     ioutfm  =       1, ntwprt  =       0, idecomp =       0, rbornstat=      0

Potential function:
     ntf     =       2, ntb     =       2, igb     =       0, nsnb    =      25
     ipol    =       0, gbsa    =       0, iesp    =       0
     dielc   =   1.00000, cut     =  10.00000, intdiel =   1.00000

Frozen or restrained atoms:
     ibelly  =       0, ntr     =       1
     restraint_wt =  20.00000

Molecular dynamics:
     nstlim  =     50000, nscm    =         0, nrespa  =         1
     t       =   0.00000, dt      =   0.00200, vlimit  =  -1.00000

Langevin dynamics temperature regulation:
     ig      =  254034
     temp0   = 300.00000, tempi   = 300.00000, gamma_ln=   5.00000

Pressure regulation:
     ntp     =       1
     pres0   =   1.00000, comp    =  44.60000, taup    =   1.00000

SHAKE:
     ntc     =       2, jfastw  =       0
     tol     =   0.00001

| Intermolecular bonds treatment:
|     no_intermolecular_bonds =       1

| Energy averages sample interval:
|     ene_avg_sampling =     500

Ewald parameters:
     verbose =       0, ew_type =       0, nbflag  =       1, use_pme =       1
     vdwmeth =       1, eedmeth =       1, netfrc  =       1
     Box X =   46.632   Box Y =   46.632   Box Z =   46.632
     Alpha =  109.471   Beta  =  109.471   Gamma =  109.471
     NFFT1 =   48       NFFT2 =   48       NFFT3 =   48
     Cutoff=   10.000   Tol   =0.100E-04
     Ewald Coefficient =  0.27511
     Interpolation order =    4

    LOADING THE CONSTRAINED ATOMS AS GROUPS


   5.  REFERENCE ATOM COORDINATES

  default_name                                                                    
     Mask :1-49@N,CA,C,O; matches   196 atoms

--------------------------------------------------------------------------------
   3.  ATOMIC COORDINATES AND VELOCITIES
--------------------------------------------------------------------------------

default_name                                                                    
 begin time read from input coords =   440.000 ps

 
 Number of triangulated 3-point waters found:     2350

     Sum of charges from parm topology file =  -0.00000003
     Forcing neutrality...

| Dynamic Memory, Types Used:
| Reals              479019
| Integers           270038

| Nonbonded Pairs Initial Allocation:     2368681

| GPU memory information (estimate):
| KB of GPU memory in use:     72160
| KB of CPU memory in use:     14337

--------------------------------------------------------------------------------
   4.  RESULTS
--------------------------------------------------------------------------------

 ---------------------------------------------------
 APPROXIMATING switch and d/dx switch using CUBIC SPLINE INTERPOLATION
 using   5000.0 points per unit in tabled values
 TESTING RELATIVE ERROR over r ranging from 0.0 to cutoff
| CHECK switch(x): max rel err =   0.2738E-14   at   2.422500
| CHECK d/dx switch(x): max rel err =   0.8314E-11   at   2.736960
 ---------------------------------------------------
|---------------------------------------------------
| APPROXIMATING direct energy using CUBIC SPLINE INTERPOLATION
|  with   50.0 points per unit in tabled values
| Relative Error Limit not exceeded for r .gt.   2.33
| APPROXIMATING direct force using CUBIC SPLINE INTERPOLATION
|  with   50.0 points per unit in tabled values
| Relative Error Limit not exceeded for r .gt.   2.80
|---------------------------------------------------
wrapping first mol.:       15.54502       21.98398       38.07736
wrapping first mol.:       15.54502       21.98398       38.07736

 NSTEP =      500   TIME(PS) =     441.000  TEMP(K) =   301.60  PRESS =  -220.8
 Etot   =    -19018.3261  EKtot   =      4812.3726  EPtot      =    -23830.6987
 BOND   =       143.9733  ANGLE   =       435.7187  DIHED      =       687.0440
 1-4 NB =       178.2983  1-4 EEL =      2507.2422  VDWAALS    =      2892.6983
 EELEC  =    -30739.5189  EHBOND  =         0.0000  RESTRAINT  =        63.8454
 EAMBER (non-restraint)  =    -23894.5441
 EKCMT  =      2158.5194  VIRIAL  =      2530.7931  VOLUME     =     78077.1709
                                                    Density    =         1.0228
 ------------------------------------------------------------------------------

wrapping first mol.:       15.53216       21.96579       38.04586
wrapping first mol.:       15.53216       21.96579       38.04586

 NSTEP =     1000   TIME(PS) =     442.000  TEMP(K) =   296.19  PRESS =  -371.2
 Etot   =    -19166.1211  EKtot   =      4726.0161  EPtot      =    -23892.1372
 BOND   =       154.8344  ANGLE   =       392.6803  DIHED      =       690.9603
 1-4 NB =       173.2316  1-4 EEL =      2523.8728  VDWAALS    =      2853.4060
 EELEC  =    -30739.0837  EHBOND  =         0.0000  RESTRAINT  =        57.9611
 EAMBER (non-restraint)  =    -23950.0984
 EKCMT  =      2101.6744  VIRIAL  =      2725.8634  VOLUME     =     77884.5853
                                                    Density    =         1.0254
 ------------------------------------------------------------------------------

wrapping first mol.:       15.53126       21.96452       38.04367
wrapping first mol.:       15.53126       21.96452       38.04367

 NSTEP =     1500   TIME(PS) =     443.000  TEMP(K) =   294.96  PRESS =  -158.3
 Etot   =    -19046.4777  EKtot   =      4706.5005  EPtot      =    -23752.9782
 BOND   =       168.6288  ANGLE   =       433.2339  DIHED      =       691.4710
 1-4 NB =       163.2326  1-4 EEL =      2499.6686  VDWAALS    =      2909.5454
 EELEC  =    -30676.6001  EHBOND  =         0.0000  RESTRAINT  =        57.8416
 EAMBER (non-restraint)  =    -23810.8198
 EKCMT  =      2071.0521  VIRIAL  =      2337.1276  VOLUME     =     77869.6528
                                                    Density    =         1.0256
 ------------------------------------------------------------------------------

wrapping first mol.:       15.53941       21.97605       38.06363
wrapping first mol.:       15.53941       21.97605       38.06363

 NSTEP =     2000   TIME(PS) =     444.000  TEMP(K) =   297.71  PRESS =  -294.0
 Etot   =    -19180.9100  EKtot   =      4750.3359  EPtot      =    -23931.2459
 BOND   =       129.1305  ANGLE   =       405.7802  DIHED      =       688.2784
 1-4 NB =       176.2729  1-4 EEL =      2503.5418  VDWAALS    =      2816.7773
 EELEC  =    -30715.7925  EHBOND  =         0.0000  RESTRAINT  =        64.7654
 EAMBER (non-restraint)  =    -23996.0113
 EKCMT  =      2088.6029  VIRIAL  =      2583.6728  VOLUME     =     77993.2245
                                                    Density    =         1.0239
 ------------------------------------------------------------------------------

wrapping first mol.:       15.55761       22.00178       38.10820
wrapping first mol.:       15.55761       22.00178       38.10820

 NSTEP =     2500   TIME(PS) =     445.000  TEMP(K) =   296.47  PRESS =  -311.6
 Etot   =    -19107.8528  EKtot   =      4730.5649  EPtot      =    -23838.4177
 BOND   =       142.8136  ANGLE   =       442.7808  DIHED      =       695.1132
 1-4 NB =       175.0633  1-4 EEL =      2512.6935  VDWAALS    =      2826.2240
 EELEC  =    -30689.5737  EHBOND  =         0.0000  RESTRAINT  =        56.4676
 EAMBER (non-restraint)  =    -23894.8853
 EKCMT  =      2098.9367  VIRIAL  =      2625.5849  VOLUME     =     78267.6902
                                                    Density    =         1.0204
 ------------------------------------------------------------------------------

wrapping first mol.:       15.56749       22.01576       38.13241
wrapping first mol.:       15.56749       22.01576       38.13241

 NSTEP =     3000   TIME(PS) =     446.000  TEMP(K) =   305.59  PRESS =  -157.8
 Etot   =    -18885.7092  EKtot   =      4876.0151  EPtot      =    -23761.7244
 BOND   =       151.7516  ANGLE   =       400.3614  DIHED      =       696.7390
 1-4 NB =       167.2514  1-4 EEL =      2503.9966  VDWAALS    =      2907.7027
 EELEC  =    -30653.8309  EHBOND  =         0.0000  RESTRAINT  =        64.3038
 EAMBER (non-restraint)  =    -23826.0282
 EKCMT  =      2173.4056  VIRIAL  =      2440.5081  VOLUME     =     78415.8528
                                                    Density    =         1.0184
 ------------------------------------------------------------------------------

wrapping first mol.:       15.55953       22.00449       38.11290
wrapping first mol.:       15.55953       22.00449       38.11290

 NSTEP =     3500   TIME(PS) =     447.000  TEMP(K) =   303.81  PRESS =   216.3
 Etot   =    -19062.4110  EKtot   =      4847.6279  EPtot      =    -23910.0390
 BOND   =       157.1374  ANGLE   =       426.4072  DIHED      =       687.0414
 1-4 NB =       181.3744  1-4 EEL =      2488.6851  VDWAALS    =      2991.0568
 EELEC  =    -30903.2428  EHBOND  =         0.0000  RESTRAINT  =        61.5017
 EAMBER (non-restraint)  =    -23971.5406
 EKCMT  =      2183.3036  VIRIAL  =      1817.7403  VOLUME     =     78292.9181
                                                    Density    =         1.0200
 ------------------------------------------------------------------------------

wrapping first mol.:       15.55129       21.99285       38.09273
wrapping first mol.:       15.55129       21.99285       38.09273

 NSTEP =     4000   TIME(PS) =     448.000  TEMP(K) =   298.88  PRESS =   145.0
 Etot   =    -19029.0116  EKtot   =      4769.0063  EPtot      =    -23798.0180
 BOND   =       149.6089  ANGLE   =       403.0881  DIHED      =       708.0154
 1-4 NB =       172.6427  1-4 EEL =      2495.9238  VDWAALS    =      2861.7302
 EELEC  =    -30646.8939  EHBOND  =         0.0000  RESTRAINT  =        57.8666
 EAMBER (non-restraint)  =    -23855.8846
 EKCMT  =      2116.4856  VIRIAL  =      1871.7756  VOLUME     =     78169.2127
                                                    Density    =         1.0216
 ------------------------------------------------------------------------------

wrapping first mol.:       15.55268       21.99481       38.09612
wrapping first mol.:       15.55268       21.99481       38.09612

 NSTEP =     4500   TIME(PS) =     449.000  TEMP(K) =   304.10  PRESS =   107.0
 Etot   =    -19003.4187  EKtot   =      4852.2471  EPtot      =    -23855.6658
 BOND   =       142.6986  ANGLE   =       452.9271  DIHED      =       696.2586
 1-4 NB =       177.0125  1-4 EEL =      2492.7193  VDWAALS    =      2877.6163
 EELEC  =    -30748.5604  EHBOND  =         0.0000  RESTRAINT  =        53.6622
 EAMBER (non-restraint)  =    -23909.3280
 EKCMT  =      2133.4413  VIRIAL  =      1952.7972  VOLUME     =     78190.3462
                                                    Density    =         1.0214
 ------------------------------------------------------------------------------

wrapping first mol.:       15.54827       21.98857       38.08532
wrapping first mol.:       15.54827       21.98857       38.08532

 NSTEP =     5000   TIME(PS) =     450.000  TEMP(K) =   303.39  PRESS =  -449.2
 Etot   =    -19062.4326  EKtot   =      4840.9053  EPtot      =    -23903.3379
 BOND   =       162.6575  ANGLE   =       428.8628  DIHED      =       683.9527
 1-4 NB =       177.1377  1-4 EEL =      2494.8325  VDWAALS    =      2879.6742
 EELEC  =    -30793.0773  EHBOND  =         0.0000  RESTRAINT  =        62.6220
 EAMBER (non-restraint)  =    -23965.9599
 EKCMT  =      2133.5848  VIRIAL  =      2891.3834  VOLUME     =     78127.7458
                                                    Density    =         1.0222
 ------------------------------------------------------------------------------

wrapping first mol.:       15.56389       22.01067       38.12359
wrapping first mol.:       15.56389       22.01067       38.12359

 NSTEP =     5500   TIME(PS) =     451.000  TEMP(K) =   301.55  PRESS =  -224.7
 Etot   =    -19075.6248  EKtot   =      4811.5483  EPtot      =    -23887.1731
 BOND   =       149.4351  ANGLE   =       395.1202  DIHED      =       704.8100
 1-4 NB =       186.0248  1-4 EEL =      2513.2050  VDWAALS    =      2826.5201
 EELEC  =    -30730.2775  EHBOND  =         0.0000  RESTRAINT  =        67.9893
 EAMBER (non-restraint)  =    -23955.1624
 EKCMT  =      2139.2801  VIRIAL  =      2519.3781  VOLUME     =     78361.9129
                                                    Density    =         1.0191
 ------------------------------------------------------------------------------

wrapping first mol.:       15.56693       22.01496       38.13103
wrapping first mol.:       15.56693       22.01496       38.13103

 NSTEP =     6000   TIME(PS) =     452.000  TEMP(K) =   297.43  PRESS =   -68.3
 Etot   =    -19088.1704  EKtot   =      4745.9097  EPtot      =    -23834.0800
 BOND   =       135.6429  ANGLE   =       395.4215  DIHED      =       686.9793
 1-4 NB =       178.7357  1-4 EEL =      2497.8780  VDWAALS    =      2832.0581
 EELEC  =    -30616.5703  EHBOND  =         0.0000  RESTRAINT  =        55.7747
 EAMBER (non-restraint)  =    -23889.8547
 EKCMT  =      2097.3006  VIRIAL  =      2212.9015  VOLUME     =     78406.6970
                                                    Density    =         1.0185
 ------------------------------------------------------------------------------

wrapping first mol.:       15.54449       21.98323       38.07607
wrapping first mol.:       15.54449       21.98323       38.07607

 NSTEP =     6500   TIME(PS) =     453.000  TEMP(K) =   295.43  PRESS =   243.3
 Etot   =    -19082.2473  EKtot   =      4713.9072  EPtot      =    -23796.1546
 BOND   =       150.7249  ANGLE   =       426.5096  DIHED      =       678.1458
 1-4 NB =       181.9415  1-4 EEL =      2508.0440  VDWAALS    =      2937.8837
 EELEC  =    -30746.1917  EHBOND  =         0.0000  RESTRAINT  =        66.7876
 EAMBER (non-restraint)  =    -23862.9422
 EKCMT  =      2039.2787  VIRIAL  =      1629.1664  VOLUME     =     78065.9685
                                                    Density    =         1.0230
 ------------------------------------------------------------------------------

wrapping first mol.:       15.56502       22.01226       38.12634
wrapping first mol.:       15.56502       22.01226       38.12634

 NSTEP =     7000   TIME(PS) =     454.000  TEMP(K) =   296.04  PRESS =   -99.2
 Etot   =    -19077.6126  EKtot   =      4723.6450  EPtot      =    -23801.2577
 BOND   =       147.9918  ANGLE   =       422.5968  DIHED      =       701.0860
 1-4 NB =       171.0428  1-4 EEL =      2488.4486  VDWAALS    =      2924.0774
 EELEC  =    -30717.5418  EHBOND  =         0.0000  RESTRAINT  =        61.0407
 EAMBER (non-restraint)  =    -23862.2983
 EKCMT  =      2071.0168  VIRIAL  =      2238.8884  VOLUME     =     78378.0134
                                                    Density    =         1.0189
 ------------------------------------------------------------------------------

wrapping first mol.:       15.54841       21.98877       38.08566
wrapping first mol.:       15.54841       21.98877       38.08566

 NSTEP =     7500   TIME(PS) =     455.000  TEMP(K) =   296.89  PRESS =   112.8
 Etot   =    -19115.3818  EKtot   =      4737.2925  EPtot      =    -23852.6743
 BOND   =       137.9880  ANGLE   =       423.5248  DIHED      =       691.9617
 1-4 NB =       176.1761  1-4 EEL =      2508.3391  VDWAALS    =      2998.3710
 EELEC  =    -30852.0205  EHBOND  =         0.0000  RESTRAINT  =        62.9856
 EAMBER (non-restraint)  =    -23915.6599
 EKCMT  =      2078.4053  VIRIAL  =      1888.1186  VOLUME     =     78125.8959
                                                    Density    =         1.0222
 ------------------------------------------------------------------------------

wrapping first mol.:       15.55334       21.99574       38.09774
wrapping first mol.:       15.55334       21.99574       38.09774

 NSTEP =     8000   TIME(PS) =     456.000  TEMP(K) =   298.25  PRESS =  -324.9
 Etot   =    -19044.7356  EKtot   =      4758.8521  EPtot      =    -23803.5877
 BOND   =       149.4466  ANGLE   =       449.2950  DIHED      =       686.3382
 1-4 NB =       174.5247  1-4 EEL =      2490.5940  VDWAALS    =      2776.7129
 EELEC  =    -30588.5340  EHBOND  =         0.0000  RESTRAINT  =        58.0349
 EAMBER (non-restraint)  =    -23861.6226
 EKCMT  =      2123.7497  VIRIAL  =      2672.3341  VOLUME     =     78203.3061
                                                    Density    =         1.0212
 ------------------------------------------------------------------------------

wrapping first mol.:       15.58138       22.03540       38.16643
wrapping first mol.:       15.58138       22.03540       38.16643

 NSTEP =     8500   TIME(PS) =     457.000  TEMP(K) =   297.30  PRESS =   309.8
 Etot   =    -19019.8955  EKtot   =      4743.6997  EPtot      =    -23763.5952
 BOND   =       157.5036  ANGLE   =       436.6175  DIHED      =       698.5611
 1-4 NB =       172.2544  1-4 EEL =      2485.6115  VDWAALS    =      2992.0628
 EELEC  =    -30771.4303  EHBOND  =         0.0000  RESTRAINT  =        65.2242
 EAMBER (non-restraint)  =    -23828.8194
 EKCMT  =      2077.7266  VIRIAL  =      1551.8902  VOLUME     =     78622.6646
                                                    Density    =         1.0157
 ------------------------------------------------------------------------------

wrapping first mol.:       15.55751       22.00164       38.10796
wrapping first mol.:       15.55751       22.00164       38.10796

 NSTEP =     9000   TIME(PS) =     458.000  TEMP(K) =   295.09  PRESS =   289.6
 Etot   =    -19105.8016  EKtot   =      4708.5537  EPtot      =    -23814.3553
 BOND   =       164.2193  ANGLE   =       394.8517  DIHED      =       691.2005
 1-4 NB =       172.5066  1-4 EEL =      2488.6544  VDWAALS    =      2970.1748
 EELEC  =    -30766.1800  EHBOND  =         0.0000  RESTRAINT  =        70.2174
 EAMBER (non-restraint)  =    -23884.5727
 EKCMT  =      2094.9308  VIRIAL  =      1605.5374  VOLUME     =     78261.9752
                                                    Density    =         1.0204
 ------------------------------------------------------------------------------

wrapping first mol.:       15.56012       22.00534       38.11436
wrapping first mol.:       15.56012       22.00534       38.11436

 NSTEP =     9500   TIME(PS) =     459.000  TEMP(K) =   303.81  PRESS =   -49.6
 Etot   =    -18997.0402  EKtot   =      4847.6953  EPtot      =    -23844.7355
 BOND   =       139.3490  ANGLE   =       436.0011  DIHED      =       681.1632
 1-4 NB =       173.8924  1-4 EEL =      2508.6295  VDWAALS    =      2886.0697
 EELEC  =    -30735.3212  EHBOND  =         0.0000  RESTRAINT  =        65.4808
 EAMBER (non-restraint)  =    -23910.2163
 EKCMT  =      2168.1164  VIRIAL  =      2251.9450  VOLUME     =     78303.7970
                                                    Density    =         1.0199
 ------------------------------------------------------------------------------

wrapping first mol.:       15.54440       21.98311       38.07585
wrapping first mol.:       15.54440       21.98311       38.07585

 NSTEP =    10000   TIME(PS) =     460.000  TEMP(K) =   303.13  PRESS =   228.7
 Etot   =    -19037.5684  EKtot   =      4836.8364  EPtot      =    -23874.4048
 BOND   =       145.9106  ANGLE   =       444.4195  DIHED      =       688.9818
 1-4 NB =       186.2957  1-4 EEL =      2516.8211  VDWAALS    =      3038.8515
 EELEC  =    -30960.2750  EHBOND  =         0.0000  RESTRAINT  =        64.5901
 EAMBER (non-restraint)  =    -23938.9949
 EKCMT  =      2136.8292  VIRIAL  =      1751.3230  VOLUME     =     78064.7611
                                                    Density    =         1.0230
 ------------------------------------------------------------------------------

wrapping first mol.:       15.55451       21.99740       38.10061
wrapping first mol.:       15.55451       21.99740       38.10061

 NSTEP =    10500   TIME(PS) =     461.000  TEMP(K) =   300.13  PRESS =  -181.4
 Etot   =    -19008.5689  EKtot   =      4788.8555  EPtot      =    -23797.4243
 BOND   =       138.6629  ANGLE   =       409.4894  DIHED      =       698.7237
 1-4 NB =       183.2971  1-4 EEL =      2488.1671  VDWAALS    =      2850.7240
 EELEC  =    -30625.4656  EHBOND  =         0.0000  RESTRAINT  =        58.9770
 EAMBER (non-restraint)  =    -23856.4014
 EKCMT  =      2095.1162  VIRIAL  =      2401.4482  VOLUME     =     78219.9927
                                                    Density    =         1.0210
 ------------------------------------------------------------------------------

wrapping first mol.:       15.56952       22.01862       38.13737
wrapping first mol.:       15.56952       22.01862       38.13737

 NSTEP =    11000   TIME(PS) =     462.000  TEMP(K) =   304.15  PRESS =   181.4
 Etot   =    -18881.1575  EKtot   =      4853.0039  EPtot      =    -23734.1614
 BOND   =       156.8164  ANGLE   =       434.3242  DIHED      =       686.7923
 1-4 NB =       180.7402  1-4 EEL =      2499.6642  VDWAALS    =      2946.3000
 EELEC  =    -30707.7909  EHBOND  =         0.0000  RESTRAINT  =        68.9923
 EAMBER (non-restraint)  =    -23803.1536
 EKCMT  =      2164.5035  VIRIAL  =      1857.2902  VOLUME     =     78444.0958
                                                    Density    =         1.0181
 ------------------------------------------------------------------------------

wrapping first mol.:       15.57088       22.02055       38.14071
wrapping first mol.:       15.57088       22.02055       38.14071

 NSTEP =    11500   TIME(PS) =     463.000  TEMP(K) =   296.40  PRESS =    71.9
 Etot   =    -19060.7620  EKtot   =      4729.4268  EPtot      =    -23790.1888
 BOND   =       157.2997  ANGLE   =       433.1149  DIHED      =       696.6825
 1-4 NB =       174.4524  1-4 EEL =      2507.2083  VDWAALS    =      2986.1131
 EELEC  =    -30806.9760  EHBOND  =         0.0000  RESTRAINT  =        61.9161
 EAMBER (non-restraint)  =    -23852.1049
 EKCMT  =      2069.0354  VIRIAL  =      1947.1421  VOLUME     =     78465.4897
                                                    Density    =         1.0178
 ------------------------------------------------------------------------------

wrapping first mol.:       15.55584       21.99928       38.10387
wrapping first mol.:       15.55584       21.99928       38.10387

 NSTEP =    12000   TIME(PS) =     464.000  TEMP(K) =   304.19  PRESS =   -57.6
 Etot   =    -18920.9519  EKtot   =      4853.7612  EPtot      =    -23774.7132
 BOND   =       157.3260  ANGLE   =       431.8637  DIHED      =       697.7789
 1-4 NB =       171.1735  1-4 EEL =      2487.5608  VDWAALS    =      2873.1035
 EELEC  =    -30653.8435  EHBOND  =         0.0000  RESTRAINT  =        60.3239
 EAMBER (non-restraint)  =    -23835.0371
 EKCMT  =      2135.8784  VIRIAL  =      2233.2493  VOLUME     =     78239.2308
                                                    Density    =         1.0207
 ------------------------------------------------------------------------------

wrapping first mol.:       15.57137       22.02124       38.14191
wrapping first mol.:       15.57137       22.02124       38.14191

 NSTEP =    12500   TIME(PS) =     465.000  TEMP(K) =   299.79  PRESS =  -123.4
 Etot   =    -19075.4586  EKtot   =      4783.4512  EPtot      =    -23858.9097
 BOND   =       141.9411  ANGLE   =       387.4806  DIHED      =       690.7375
 1-4 NB =       179.1916  1-4 EEL =      2522.8309  VDWAALS    =      2939.9822
 EELEC  =    -30782.3109  EHBOND  =         0.0000  RESTRAINT  =        61.2372
 EAMBER (non-restraint)  =    -23920.1470
 EKCMT  =      2103.2634  VIRIAL  =      2312.2845  VOLUME     =     78474.2368
                                                    Density    =         1.0177
 ------------------------------------------------------------------------------

wrapping first mol.:       15.56089       22.00643       38.11625
wrapping first mol.:       15.56089       22.00643       38.11625

 NSTEP =    13000   TIME(PS) =     466.000  TEMP(K) =   301.27  PRESS =    82.7
 Etot   =    -19104.6205  EKtot   =      4807.0762  EPtot      =    -23911.6967
 BOND   =       154.0470  ANGLE   =       430.7697  DIHED      =       697.9838
 1-4 NB =       169.9210  1-4 EEL =      2479.9022  VDWAALS    =      2939.0508
 EELEC  =    -30834.9563  EHBOND  =         0.0000  RESTRAINT  =        51.5850
 EAMBER (non-restraint)  =    -23963.2817
 EKCMT  =      2078.4530  VIRIAL  =      1938.5433  VOLUME     =     78314.4927
                                                    Density    =         1.0197
 ------------------------------------------------------------------------------

wrapping first mol.:       15.57594       22.02771       38.15311
wrapping first mol.:       15.57594       22.02771       38.15311

 NSTEP =    13500   TIME(PS) =     467.000  TEMP(K) =   299.89  PRESS =    26.2
 Etot   =    -18980.2859  EKtot   =      4785.0723  EPtot      =    -23765.3582
 BOND   =       154.3865  ANGLE   =       439.6173  DIHED      =       680.7081
 1-4 NB =       171.6166  1-4 EEL =      2483.3580  VDWAALS    =      2961.1740
 EELEC  =    -30723.8910  EHBOND  =         0.0000  RESTRAINT  =        67.6725
 EAMBER (non-restraint)  =    -23833.0306
 EKCMT  =      2101.0296  VIRIAL  =      2056.5602  VOLUME     =     78542.3276
                                                    Density    =         1.0168
 ------------------------------------------------------------------------------

wrapping first mol.:       15.57166       22.02166       38.14263
wrapping first mol.:       15.57166       22.02166       38.14263

 NSTEP =    14000   TIME(PS) =     468.000  TEMP(K) =   302.35  PRESS =    -2.4
 Etot   =    -18916.2075  EKtot   =      4824.3916  EPtot      =    -23740.5991
 BOND   =       154.9399  ANGLE   =       418.7723  DIHED      =       691.2805
 1-4 NB =       173.4680  1-4 EEL =      2485.9489  VDWAALS    =      2857.0619
 EELEC  =    -30570.2765  EHBOND  =         0.0000  RESTRAINT  =        48.2057
 EAMBER (non-restraint)  =    -23788.8048
 EKCMT  =      2094.2481  VIRIAL  =      2098.2372  VOLUME     =     78477.8249
                                                    Density    =         1.0176
 ------------------------------------------------------------------------------

wrapping first mol.:       15.55572       21.99911       38.10358
wrapping first mol.:       15.55572       21.99911       38.10358

 NSTEP =    14500   TIME(PS) =     469.000  TEMP(K) =   298.38  PRESS =   295.7
 Etot   =    -18810.8555  EKtot   =      4760.9795  EPtot      =    -23571.8350
 BOND   =       176.2997  ANGLE   =       394.3222  DIHED      =       674.2676
 1-4 NB =       175.3163  1-4 EEL =      2505.3283  VDWAALS    =      2959.3074
 EELEC  =    -30515.7924  EHBOND  =         0.0000  RESTRAINT  =        59.1158
 EAMBER (non-restraint)  =    -23630.9508
 EKCMT  =      2058.2473  VIRIAL  =      1558.7266  VOLUME     =     78234.9672
                                                    Density    =         1.0208
 ------------------------------------------------------------------------------

wrapping first mol.:       15.54645       21.98600       38.08086
wrapping first mol.:       15.54645       21.98600       38.08086

 NSTEP =    15000   TIME(PS) =     470.000  TEMP(K) =   299.93  PRESS =    21.0
 Etot   =    -19054.8810  EKtot   =      4785.8018  EPtot      =    -23840.6827
 BOND   =       159.9491  ANGLE   =       408.3855  DIHED      =       715.6434
 1-4 NB =       173.2077  1-4 EEL =      2476.3796  VDWAALS    =      2890.4040
 EELEC  =    -30721.5421  EHBOND  =         0.0000  RESTRAINT  =        56.8900
 EAMBER (non-restraint)  =    -23897.5727
 EKCMT  =      2116.9650  VIRIAL  =      2081.4978  VOLUME     =     78097.0262
                                                    Density    =         1.0226
 ------------------------------------------------------------------------------

wrapping first mol.:       15.55162       21.99330       38.09352
wrapping first mol.:       15.55162       21.99330       38.09352

 NSTEP =    15500   TIME(PS) =     471.000  TEMP(K) =   307.08  PRESS =   237.1
 Etot   =    -18913.3769  EKtot   =      4899.8574  EPtot      =    -23813.2343
 BOND   =       150.4022  ANGLE   =       458.3656  DIHED      =       684.6052
 1-4 NB =       173.4303  1-4 EEL =      2465.4230  VDWAALS    =      2914.4917
 EELEC  =    -30717.8267  EHBOND  =         0.0000  RESTRAINT  =        57.8744
 EAMBER (non-restraint)  =    -23871.1087
 EKCMT  =      2143.5309  VIRIAL  =      1743.4207  VOLUME     =     78173.4135
                                                    Density    =         1.0216
 ------------------------------------------------------------------------------

wrapping first mol.:       15.55097       21.99239       38.09193
wrapping first mol.:       15.55097       21.99239       38.09193

 NSTEP =    16000   TIME(PS) =     472.000  TEMP(K) =   293.06  PRESS =  -647.6
 Etot   =    -19169.1225  EKtot   =      4676.1646  EPtot      =    -23845.2871
 BOND   =       165.0021  ANGLE   =       427.9389  DIHED      =       685.6087
 1-4 NB =       170.2509  1-4 EEL =      2484.6057  VDWAALS    =      2821.2453
 EELEC  =    -30660.1274  EHBOND  =         0.0000  RESTRAINT  =        60.1887
 EAMBER (non-restraint)  =    -23905.4758
 EKCMT  =      2040.6524  VIRIAL  =      3133.6351  VOLUME     =     78169.7958
                                                    Density    =         1.0216
 ------------------------------------------------------------------------------

wrapping first mol.:       15.55338       21.99581       38.09785
wrapping first mol.:       15.55338       21.99581       38.09785

 NSTEP =    16500   TIME(PS) =     473.000  TEMP(K) =   297.43  PRESS =    -8.4
 Etot   =    -19210.7561  EKtot   =      4745.8618  EPtot      =    -23956.6179
 BOND   =       149.9795  ANGLE   =       436.6806  DIHED      =       683.6134
 1-4 NB =       180.7190  1-4 EEL =      2485.7951  VDWAALS    =      2972.6456
 EELEC  =    -30930.8987  EHBOND  =         0.0000  RESTRAINT  =        64.8475
 EAMBER (non-restraint)  =    -24021.4654
 EKCMT  =      2062.4303  VIRIAL  =      2076.5373  VOLUME     =     78201.7921
                                                    Density    =         1.0212
 ------------------------------------------------------------------------------

wrapping first mol.:       15.58275       22.03734       38.16979
wrapping first mol.:       15.58275       22.03734       38.16979

 NSTEP =    17000   TIME(PS) =     474.000  TEMP(K) =   301.19  PRESS =   508.4
 Etot   =    -18952.8893  EKtot   =      4805.8306  EPtot      =    -23758.7199
 BOND   =       141.5041  ANGLE   =       423.8882  DIHED      =       688.9962
 1-4 NB =       174.9364  1-4 EEL =      2487.2203  VDWAALS    =      2997.6061
 EELEC  =    -30737.6535  EHBOND  =         0.0000  RESTRAINT  =        64.7823
 EAMBER (non-restraint)  =    -23823.5021
 EKCMT  =      2133.0453  VIRIAL  =      1269.8287  VOLUME     =     78642.0357
                                                    Density    =         1.0155
 ------------------------------------------------------------------------------

wrapping first mol.:       15.57636       22.02830       38.15414
wrapping first mol.:       15.57636       22.02830       38.15414

 NSTEP =    17500   TIME(PS) =     475.000  TEMP(K) =   305.58  PRESS =  -300.3
 Etot   =    -18914.1395  EKtot   =      4875.8608  EPtot      =    -23790.0004
 BOND   =       159.0328  ANGLE   =       424.5356  DIHED      =       679.3802
 1-4 NB =       169.5619  1-4 EEL =      2495.6745  VDWAALS    =      2867.8868
 EELEC  =    -30644.8493  EHBOND  =         0.0000  RESTRAINT  =        58.7771
 EAMBER (non-restraint)  =    -23848.7774
 EKCMT  =      2150.8302  VIRIAL  =      2660.1410  VOLUME     =     78550.9582
                                                    Density    =         1.0167
 ------------------------------------------------------------------------------

wrapping first mol.:       15.57257       22.02295       38.14486
wrapping first mol.:       15.57257       22.02295       38.14486

 NSTEP =    18000   TIME(PS) =     476.000  TEMP(K) =   305.72  PRESS =    61.9
 Etot   =    -18790.1779  EKtot   =      4878.0732  EPtot      =    -23668.2512
 BOND   =       147.5063  ANGLE   =       407.0536  DIHED      =       693.2662
 1-4 NB =       182.0802  1-4 EEL =      2503.5029  VDWAALS    =      2873.7895
 EELEC  =    -30534.1062  EHBOND  =         0.0000  RESTRAINT  =        58.6563
 EAMBER (non-restraint)  =    -23726.9075
 EKCMT  =      2145.3502  VIRIAL  =      2040.3798  VOLUME     =     78491.1269
                                                    Density    =         1.0174
 ------------------------------------------------------------------------------

wrapping first mol.:       15.56230       22.00842       38.11970
wrapping first mol.:       15.56230       22.00842       38.11970

 NSTEP =    18500   TIME(PS) =     477.000  TEMP(K) =   303.09  PRESS =  -105.3
 Etot   =    -18929.5640  EKtot   =      4836.0747  EPtot      =    -23765.6387
 BOND   =       147.6951  ANGLE   =       423.9464  DIHED      =       695.5297
 1-4 NB =       181.5687  1-4 EEL =      2504.6483  VDWAALS    =      2943.7420
 EELEC  =    -30723.7587  EHBOND  =         0.0000  RESTRAINT  =        60.9898
 EAMBER (non-restraint)  =    -23826.6286
 EKCMT  =      2086.6062  VIRIAL  =      2264.6270  VOLUME     =     78337.1130
                                                    Density    =         1.0195
 ------------------------------------------------------------------------------

wrapping first mol.:       15.57411       22.02512       38.14863
wrapping first mol.:       15.57411       22.02512       38.14863

 NSTEP =    19000   TIME(PS) =     478.000  TEMP(K) =   305.14  PRESS =   750.9
 Etot   =    -18829.2846  EKtot   =      4868.8750  EPtot      =    -23698.1596
 BOND   =       169.7680  ANGLE   =       400.3288  DIHED      =       697.3904
 1-4 NB =       183.0591  1-4 EEL =      2501.0981  VDWAALS    =      3046.8539
 EELEC  =    -30759.6413  EHBOND  =         0.0000  RESTRAINT  =        62.9833
 EAMBER (non-restraint)  =    -23761.1428
 EKCMT  =      2184.5461  VIRIAL  =       911.6201  VOLUME     =     78509.5949
                                                    Density    =         1.0172
 ------------------------------------------------------------------------------

wrapping first mol.:       15.56354       22.01017       38.12272
wrapping first mol.:       15.56354       22.01017       38.12272

 NSTEP =    19500   TIME(PS) =     479.000  TEMP(K) =   301.95  PRESS =    76.1
 Etot   =    -18882.9581  EKtot   =      4817.9580  EPtot      =    -23700.9162
 BOND   =       154.9262  ANGLE   =       417.1860  DIHED      =       698.3370
 1-4 NB =       181.1435  1-4 EEL =      2495.7606  VDWAALS    =      2872.1563
 EELEC  =    -30593.9593  EHBOND  =         0.0000  RESTRAINT  =        73.5337
 EAMBER (non-restraint)  =    -23774.4498
 EKCMT  =      2120.5517  VIRIAL  =      1991.7659  VOLUME     =     78354.4784
                                                    Density    =         1.0192
 ------------------------------------------------------------------------------

wrapping first mol.:       15.55862       22.00321       38.11068
wrapping first mol.:       15.55862       22.00321       38.11068

 NSTEP =    20000   TIME(PS) =     480.000  TEMP(K) =   297.13  PRESS =  -112.1
 Etot   =    -19101.7069  EKtot   =      4741.0688  EPtot      =    -23842.7757
 BOND   =       128.4544  ANGLE   =       446.8421  DIHED      =       686.8861
 1-4 NB =       176.8250  1-4 EEL =      2500.7310  VDWAALS    =      2919.1303
 EELEC  =    -30772.7627  EHBOND  =         0.0000  RESTRAINT  =        71.1181
 EAMBER (non-restraint)  =    -23913.8938
 EKCMT  =      2092.9578  VIRIAL  =      2282.4317  VOLUME     =     78281.5697
                                                    Density    =         1.0202
 ------------------------------------------------------------------------------

wrapping first mol.:       15.56939       22.01844       38.13705
wrapping first mol.:       15.56939       22.01844       38.13705

 NSTEP =    20500   TIME(PS) =     481.000  TEMP(K) =   305.59  PRESS =  -102.5
 Etot   =    -18885.3459  EKtot   =      4876.0371  EPtot      =    -23761.3830
 BOND   =       134.5939  ANGLE   =       444.2109  DIHED      =       687.7855
 1-4 NB =       179.0714  1-4 EEL =      2484.7468  VDWAALS    =      2904.9659
 EELEC  =    -30653.7508  EHBOND  =         0.0000  RESTRAINT  =        56.9934
 EAMBER (non-restraint)  =    -23818.3764
 EKCMT  =      2142.6932  VIRIAL  =      2316.2902  VOLUME     =     78444.0860
                                                    Density    =         1.0181
 ------------------------------------------------------------------------------

wrapping first mol.:       15.57571       22.02738       38.15253
wrapping first mol.:       15.57571       22.02738       38.15253

 NSTEP =    21000   TIME(PS) =     482.000  TEMP(K) =   301.86  PRESS =    65.2
 Etot   =    -18932.3294  EKtot   =      4816.5542  EPtot      =    -23748.8836
 BOND   =       160.7790  ANGLE   =       422.9429  DIHED      =       686.8528
 1-4 NB =       177.9975  1-4 EEL =      2471.6639  VDWAALS    =      2907.4572
 EELEC  =    -30633.8007  EHBOND  =         0.0000  RESTRAINT  =        57.2238
 EAMBER (non-restraint)  =    -23806.1074
 EKCMT  =      2166.9903  VIRIAL  =      2056.3441  VOLUME     =     78538.4945
                                                    Density    =         1.0168
 ------------------------------------------------------------------------------

wrapping first mol.:       15.55842       22.00293       38.11019
wrapping first mol.:       15.55842       22.00293       38.11019

 NSTEP =    21500   TIME(PS) =     483.000  TEMP(K) =   299.70  PRESS =    37.5
 Etot   =    -19080.0175  EKtot   =      4782.0337  EPtot      =    -23862.0512
 BOND   =       166.6418  ANGLE   =       402.5096  DIHED      =       684.9137
 1-4 NB =       172.1208  1-4 EEL =      2489.9313  VDWAALS    =      2964.9769
 EELEC  =    -30807.7095  EHBOND  =         0.0000  RESTRAINT  =        64.5642
 EAMBER (non-restraint)  =    -23926.6154
 EKCMT  =      2183.3557  VIRIAL  =      2120.0104  VOLUME     =     78277.4689
                                                    Density    =         1.0202
 ------------------------------------------------------------------------------

wrapping first mol.:       15.54546       21.98460       38.07844
wrapping first mol.:       15.54546       21.98460       38.07844

 NSTEP =    22000   TIME(PS) =     484.000  TEMP(K) =   303.37  PRESS =   360.6
 Etot   =    -19044.1930  EKtot   =      4840.5757  EPtot      =    -23884.7687
 BOND   =       143.5855  ANGLE   =       416.9560  DIHED      =       686.5634
 1-4 NB =       174.4802  1-4 EEL =      2483.9722  VDWAALS    =      3010.0729
 EELEC  =    -30865.0797  EHBOND  =         0.0000  RESTRAINT  =        64.6808
 EAMBER (non-restraint)  =    -23949.4495
 EKCMT  =      2112.1037  VIRIAL  =      1504.2576  VOLUME     =     78079.7757
                                                    Density    =         1.0228
 ------------------------------------------------------------------------------

wrapping first mol.:       15.54719       21.98704       38.08267
wrapping first mol.:       15.54719       21.98704       38.08267

 NSTEP =    22500   TIME(PS) =     485.000  TEMP(K) =   302.27  PRESS =  -165.6
 Etot   =    -18900.4282  EKtot   =      4823.1069  EPtot      =    -23723.5352
 BOND   =       138.2371  ANGLE   =       414.9918  DIHED      =       697.2782
 1-4 NB =       180.6114  1-4 EEL =      2480.5419  VDWAALS    =      2836.7241
 EELEC  =    -30532.7163  EHBOND  =         0.0000  RESTRAINT  =        60.7967
 EAMBER (non-restraint)  =    -23784.3318
 EKCMT  =      2110.6705  VIRIAL  =      2389.9172  VOLUME     =     78109.4778
                                                    Density    =         1.0224
 ------------------------------------------------------------------------------

wrapping first mol.:       15.54222       21.98002       38.07051
wrapping first mol.:       15.54222       21.98002       38.07051

 NSTEP =    23000   TIME(PS) =     486.000  TEMP(K) =   296.66  PRESS =  -195.3
 Etot   =    -19104.1875  EKtot   =      4733.6104  EPtot      =    -23837.7978
 BOND   =       162.5598  ANGLE   =       424.1837  DIHED      =       690.9109
 1-4 NB =       174.2299  1-4 EEL =      2483.1771  VDWAALS    =      2935.9177
 EELEC  =    -30771.6923  EHBOND  =         0.0000  RESTRAINT  =        62.9155
 EAMBER (non-restraint)  =    -23900.7133
 EKCMT  =      2094.5788  VIRIAL  =      2423.6536  VOLUME     =     78034.8589
                                                    Density    =         1.0234
 ------------------------------------------------------------------------------

wrapping first mol.:       15.53698       21.97260       38.05766
wrapping first mol.:       15.53698       21.97260       38.05766

 NSTEP =    23500   TIME(PS) =     487.000  TEMP(K) =   303.52  PRESS =   -50.5
 Etot   =    -19031.7561  EKtot   =      4843.0459  EPtot      =    -23874.8020
 BOND   =       145.2764  ANGLE   =       435.8046  DIHED      =       709.8527
 1-4 NB =       187.3103  1-4 EEL =      2497.9837  VDWAALS    =      2915.5481
 EELEC  =    -30820.7986  EHBOND  =         0.0000  RESTRAINT  =        54.2209
 EAMBER (non-restraint)  =    -23929.0229
 EKCMT  =      2144.0972  VIRIAL  =      2229.0388  VOLUME     =     77954.8401
                                                    Density    =         1.0244
 ------------------------------------------------------------------------------

wrapping first mol.:       15.55859       22.00318       38.11061
wrapping first mol.:       15.55859       22.00318       38.11061

 NSTEP =    24000   TIME(PS) =     488.000  TEMP(K) =   301.08  PRESS =  -167.7
 Etot   =    -19127.8251  EKtot   =      4804.0703  EPtot      =    -23931.8955
 BOND   =       148.1552  ANGLE   =       432.5441  DIHED      =       687.5392
 1-4 NB =       175.3821  1-4 EEL =      2480.8156  VDWAALS    =      2921.2478
 EELEC  =    -30834.8810  EHBOND  =         0.0000  RESTRAINT  =        57.3015
 EAMBER (non-restraint)  =    -23989.1970
 EKCMT  =      2127.7409  VIRIAL  =      2411.1497  VOLUME     =     78281.5381
                                                    Density    =         1.0202
 ------------------------------------------------------------------------------

wrapping first mol.:       15.53827       21.97443       38.06083
wrapping first mol.:       15.53827       21.97443       38.06083

 NSTEP =    24500   TIME(PS) =     489.000  TEMP(K) =   300.16  PRESS =   164.7
 Etot   =    -19067.3098  EKtot   =      4789.3975  EPtot      =    -23856.7072
 BOND   =       153.5527  ANGLE   =       421.9131  DIHED      =       691.5275
 1-4 NB =       181.8822  1-4 EEL =      2504.4520  VDWAALS    =      2959.8779
 EELEC  =    -30843.1532  EHBOND  =         0.0000  RESTRAINT  =        73.2406
 EAMBER (non-restraint)  =    -23929.9478
 EKCMT  =      2107.3709  VIRIAL  =      1830.1412  VOLUME     =     77972.8160
                                                    Density    =         1.0242
 ------------------------------------------------------------------------------

wrapping first mol.:       15.55743       22.00153       38.10776
wrapping first mol.:       15.55743       22.00153       38.10776

 NSTEP =    25000   TIME(PS) =     490.000  TEMP(K) =   305.53  PRESS =    87.6
 Etot   =    -18926.7367  EKtot   =      4875.0107  EPtot      =    -23801.7474
 BOND   =       163.7334  ANGLE   =       444.4672  DIHED      =       693.9207
 1-4 NB =       175.6861  1-4 EEL =      2503.6240  VDWAALS    =      2968.0405
 EELEC  =    -30811.8943  EHBOND  =         0.0000  RESTRAINT  =        60.6751
 EAMBER (non-restraint)  =    -23862.4225
 EKCMT  =      2159.6460  VIRIAL  =      2011.6359  VOLUME     =     78262.1714
                                                    Density    =         1.0204
 ------------------------------------------------------------------------------

wrapping first mol.:       15.56674       22.01469       38.13056
wrapping first mol.:       15.56674       22.01469       38.13056

 NSTEP =    25500   TIME(PS) =     491.000  TEMP(K) =   294.10  PRESS =  -296.3
 Etot   =    -19047.2047  EKtot   =      4692.6348  EPtot      =    -23739.8395
 BOND   =       158.7279  ANGLE   =       431.7587  DIHED      =       689.4453
 1-4 NB =       179.6598  1-4 EEL =      2499.4941  VDWAALS    =      2841.4266
 EELEC  =    -30607.8410  EHBOND  =         0.0000  RESTRAINT  =        67.4890
 EAMBER (non-restraint)  =    -23807.3285
 EKCMT  =      2096.8182  VIRIAL  =      2598.3967  VOLUME     =     78405.3909
                                                    Density    =         1.0186
 ------------------------------------------------------------------------------

wrapping first mol.:       15.57746       22.02986       38.15683
wrapping first mol.:       15.57746       22.02986       38.15683

 NSTEP =    26000   TIME(PS) =     492.000  TEMP(K) =   296.07  PRESS =    43.7
 Etot   =    -19145.6886  EKtot   =      4724.1855  EPtot      =    -23869.8742
 BOND   =       150.5064  ANGLE   =       398.4774  DIHED      =       684.9291
 1-4 NB =       180.6507  1-4 EEL =      2513.3343  VDWAALS    =      3029.8693
 EELEC  =    -30884.1799  EHBOND  =         0.0000  RESTRAINT  =        56.5385
 EAMBER (non-restraint)  =    -23926.4126
 EKCMT  =      2117.9503  VIRIAL  =      2043.8102  VOLUME     =     78565.2147
                                                    Density    =         1.0165
 ------------------------------------------------------------------------------

wrapping first mol.:       15.56276       22.00906       38.12081
wrapping first mol.:       15.56276       22.00906       38.12081

 NSTEP =    26500   TIME(PS) =     493.000  TEMP(K) =   298.83  PRESS =    16.3
 Etot   =    -19024.8890  EKtot   =      4768.1870  EPtot      =    -23793.0760
 BOND   =       156.7584  ANGLE   =       421.2211  DIHED      =       696.8534
 1-4 NB =       181.0681  1-4 EEL =      2484.9750  VDWAALS    =      2971.6676
 EELEC  =    -30759.5187  EHBOND  =         0.0000  RESTRAINT  =        53.8991
 EAMBER (non-restraint)  =    -23846.9751
 EKCMT  =      2072.2449  VIRIAL  =      2044.7322  VOLUME     =     78343.0939
                                                    Density    =         1.0194
 ------------------------------------------------------------------------------

wrapping first mol.:       15.57365       22.02446       38.14748
wrapping first mol.:       15.57365       22.02446       38.14748

 NSTEP =    27000   TIME(PS) =     494.000  TEMP(K) =   300.32  PRESS =  -101.5
 Etot   =    -19087.1347  EKtot   =      4791.9678  EPtot      =    -23879.1025
 BOND   =       161.2943  ANGLE   =       416.4650  DIHED      =       685.4717
 1-4 NB =       181.6047  1-4 EEL =      2477.7242  VDWAALS    =      2815.0931
 EELEC  =    -30669.4591  EHBOND  =         0.0000  RESTRAINT  =        52.7036
 EAMBER (non-restraint)  =    -23931.8061
 EKCMT  =      2128.6277  VIRIAL  =      2300.6554  VOLUME     =     78508.4828
                                                    Density    =         1.0172
 ------------------------------------------------------------------------------

wrapping first mol.:       15.56451       22.01154       38.12511
wrapping first mol.:       15.56451       22.01154       38.12511

 NSTEP =    27500   TIME(PS) =     495.000  TEMP(K) =   301.20  PRESS =    54.8
 Etot   =    -18982.8072  EKtot   =      4806.0386  EPtot      =    -23788.8458
 BOND   =       153.1495  ANGLE   =       419.7524  DIHED      =       683.7019
 1-4 NB =       174.0392  1-4 EEL =      2511.3960  VDWAALS    =      2915.4884
 EELEC  =    -30702.3527  EHBOND  =         0.0000  RESTRAINT  =        55.9795
 EAMBER (non-restraint)  =    -23844.8253
 EKCMT  =      2142.9083  VIRIAL  =      2050.2391  VOLUME     =     78369.3337
                                                    Density    =         1.0190
 ------------------------------------------------------------------------------

wrapping first mol.:       15.57596       22.02773       38.15315
wrapping first mol.:       15.57596       22.02773       38.15315

 NSTEP =    28000   TIME(PS) =     496.000  TEMP(K) =   304.52  PRESS =    58.8
 Etot   =    -18925.1100  EKtot   =      4858.9150  EPtot      =    -23784.0250
 BOND   =       153.6440  ANGLE   =       434.3565  DIHED      =       689.0918
 1-4 NB =       182.1904  1-4 EEL =      2488.7080  VDWAALS    =      2900.9161
 EELEC  =    -30690.3214  EHBOND  =         0.0000  RESTRAINT  =        57.3896
 EAMBER (non-restraint)  =    -23841.4147
 EKCMT  =      2168.3677  VIRIAL  =      2068.6290  VOLUME     =     78542.3362
                                                    Density    =         1.0168
 ------------------------------------------------------------------------------

wrapping first mol.:       15.56830       22.01691       38.13440
wrapping first mol.:       15.56830       22.01691       38.13440

 NSTEP =    28500   TIME(PS) =     497.000  TEMP(K) =   308.72  PRESS =  -507.1
 Etot   =    -18825.7424  EKtot   =      4926.0376  EPtot      =    -23751.7800
 BOND   =       157.0073  ANGLE   =       407.4739  DIHED      =       687.5831
 1-4 NB =       168.1880  1-4 EEL =      2487.9411  VDWAALS    =      2834.3511
 EELEC  =    -30558.0881  EHBOND  =         0.0000  RESTRAINT  =        63.7635
 EAMBER (non-restraint)  =    -23815.5435
 EKCMT  =      2157.3803  VIRIAL  =      3016.0776  VOLUME     =     78430.5475
                                                    Density    =         1.0182
 ------------------------------------------------------------------------------

wrapping first mol.:       15.54899       21.98959       38.08708
wrapping first mol.:       15.54899       21.98959       38.08708

 NSTEP =    29000   TIME(PS) =     498.000  TEMP(K) =   306.86  PRESS =  -110.9
 Etot   =    -19021.0162  EKtot   =      4896.3638  EPtot      =    -23917.3799
 BOND   =       159.3169  ANGLE   =       419.6565  DIHED      =       695.4703
 1-4 NB =       177.5605  1-4 EEL =      2491.3184  VDWAALS    =      2973.6541
 EELEC  =    -30893.3323  EHBOND  =         0.0000  RESTRAINT  =        58.9757
 EAMBER (non-restraint)  =    -23976.3556
 EKCMT  =      2168.2497  VIRIAL  =      2355.2826  VOLUME     =     78136.2340
                                                    Density    =         1.0221
 ------------------------------------------------------------------------------

wrapping first mol.:       15.56126       22.00694       38.11714
wrapping first mol.:       15.56126       22.00694       38.11714

 NSTEP =    29500   TIME(PS) =     499.000  TEMP(K) =   302.62  PRESS =    92.8
 Etot   =    -18944.2367  EKtot   =      4828.7217  EPtot      =    -23772.9584
 BOND   =       150.2023  ANGLE   =       418.1767  DIHED      =       686.0911
 1-4 NB =       175.5063  1-4 EEL =      2488.3526  VDWAALS    =      3011.1697
 EELEC  =    -30762.6461  EHBOND  =         0.0000  RESTRAINT  =        60.1890
 EAMBER (non-restraint)  =    -23833.1474
 EKCMT  =      2184.7391  VIRIAL  =      2027.7547  VOLUME     =     78319.9239
                                                    Density    =         1.0197
 ------------------------------------------------------------------------------

wrapping first mol.:       15.57337       22.02407       38.14681
wrapping first mol.:       15.57337       22.02407       38.14681

 NSTEP =    30000   TIME(PS) =     500.000  TEMP(K) =   299.85  PRESS =  -104.5
 Etot   =    -18913.7347  EKtot   =      4784.5029  EPtot      =    -23698.2377
 BOND   =       147.0119  ANGLE   =       419.4116  DIHED      =       697.6490
 1-4 NB =       175.9260  1-4 EEL =      2500.5100  VDWAALS    =      2909.6775
 EELEC  =    -30617.3695  EHBOND  =         0.0000  RESTRAINT  =        68.9458
 EAMBER (non-restraint)  =    -23767.1835
 EKCMT  =      2109.1079  VIRIAL  =      2286.3127  VOLUME     =     78504.3280
                                                    Density    =         1.0173
 ------------------------------------------------------------------------------

wrapping first mol.:       15.55826       22.00271       38.10981
wrapping first mol.:       15.55826       22.00271       38.10981

 NSTEP =    30500   TIME(PS) =     501.000  TEMP(K) =   302.98  PRESS =  -357.1
 Etot   =    -18953.6096  EKtot   =      4834.3164  EPtot      =    -23787.9260
 BOND   =       165.4670  ANGLE   =       429.3178  DIHED      =       699.3075
 1-4 NB =       169.3887  1-4 EEL =      2484.9929  VDWAALS    =      2836.7465
 EELEC  =    -30642.7093  EHBOND  =         0.0000  RESTRAINT  =        69.5629
 EAMBER (non-restraint)  =    -23857.4890
 EKCMT  =      2116.2990  VIRIAL  =      2719.8414  VOLUME     =     78277.8784
                                                    Density    =         1.0202
 ------------------------------------------------------------------------------

wrapping first mol.:       15.55552       21.99882       38.10307
wrapping first mol.:       15.55552       21.99882       38.10307

 NSTEP =    31000   TIME(PS) =     502.000  TEMP(K) =   298.70  PRESS =  -145.2
 Etot   =    -19205.7488  EKtot   =      4766.0635  EPtot      =    -23971.8123
 BOND   =       140.0776  ANGLE   =       393.7245  DIHED      =       686.5942
 1-4 NB =       178.5135  1-4 EEL =      2498.7183  VDWAALS    =      2935.7931
 EELEC  =    -30860.3679  EHBOND  =         0.0000  RESTRAINT  =        55.1345
 EAMBER (non-restraint)  =    -24026.9468
 EKCMT  =      2075.8285  VIRIAL  =      2321.0698  VOLUME     =     78234.9152
                                                    Density    =         1.0208
 ------------------------------------------------------------------------------

wrapping first mol.:       15.56395       22.01075       38.12374
wrapping first mol.:       15.56395       22.01075       38.12374

 NSTEP =    31500   TIME(PS) =     503.000  TEMP(K) =   300.61  PRESS =  -109.0
 Etot   =    -19017.5606  EKtot   =      4796.6533  EPtot      =    -23814.2139
 BOND   =       151.4577  ANGLE   =       429.2469  DIHED      =       701.2699
 1-4 NB =       183.6361  1-4 EEL =      2500.8661  VDWAALS    =      2894.0499
 EELEC  =    -30732.0986  EHBOND  =         0.0000  RESTRAINT  =        57.3581
 EAMBER (non-restraint)  =    -23871.5720
 EKCMT  =      2086.5915  VIRIAL  =      2270.9655  VOLUME     =     78362.0303
                                                    Density    =         1.0191
 ------------------------------------------------------------------------------

wrapping first mol.:       15.55061       21.99189       38.09106
wrapping first mol.:       15.55061       21.99189       38.09106

 NSTEP =    32000   TIME(PS) =     504.000  TEMP(K) =   301.87  PRESS =  -100.5
 Etot   =    -19044.9847  EKtot   =      4816.6992  EPtot      =    -23861.6839
 BOND   =       160.5487  ANGLE   =       413.1836  DIHED      =       683.1575
 1-4 NB =       178.8202  1-4 EEL =      2481.0652  VDWAALS    =      2906.2487
 EELEC  =    -30744.4582  EHBOND  =         0.0000  RESTRAINT  =        59.7503
 EAMBER (non-restraint)  =    -23921.4342
 EKCMT  =      2152.0703  VIRIAL  =      2321.6965  VOLUME     =     78160.6474
                                                    Density    =         1.0218
 ------------------------------------------------------------------------------

wrapping first mol.:       15.56143       22.00719       38.11756
wrapping first mol.:       15.56143       22.00719       38.11756

 NSTEP =    32500   TIME(PS) =     505.000  TEMP(K) =   302.49  PRESS =   101.7
 Etot   =    -18881.5663  EKtot   =      4826.5493  EPtot      =    -23708.1156
 BOND   =       157.8884  ANGLE   =       427.2682  DIHED      =       715.6108
 1-4 NB =       183.0948  1-4 EEL =      2493.2394  VDWAALS    =      2947.2772
 EELEC  =    -30689.7145  EHBOND  =         0.0000  RESTRAINT  =        57.2200
 EAMBER (non-restraint)  =    -23765.3355
 EKCMT  =      2122.2370  VIRIAL  =      1950.2243  VOLUME     =     78322.4638
                                                    Density    =         1.0196
 ------------------------------------------------------------------------------

wrapping first mol.:       15.56578       22.01334       38.12822
wrapping first mol.:       15.56578       22.01334       38.12822

 NSTEP =    33000   TIME(PS) =     506.000  TEMP(K) =   299.95  PRESS =   110.1
 Etot   =    -19084.6574  EKtot   =      4786.0244  EPtot      =    -23870.6818
 BOND   =       142.8608  ANGLE   =       417.9388  DIHED      =       690.1689
 1-4 NB =       181.1948  1-4 EEL =      2501.9271  VDWAALS    =      2925.9325
 EELEC  =    -30785.8072  EHBOND  =         0.0000  RESTRAINT  =        55.1026
 EAMBER (non-restraint)  =    -23925.7844
 EKCMT  =      2102.9333  VIRIAL  =      1916.5929  VOLUME     =     78388.1401
                                                    Density    =         1.0188
 ------------------------------------------------------------------------------

wrapping first mol.:       15.56138       22.00711       38.11743
wrapping first mol.:       15.56138       22.00711       38.11743

 NSTEP =    33500   TIME(PS) =     507.000  TEMP(K) =   305.17  PRESS =   131.0
 Etot   =    -18833.4650  EKtot   =      4869.3174  EPtot      =    -23702.7824
 BOND   =       154.5085  ANGLE   =       433.3306  DIHED      =       684.4890
 1-4 NB =       170.0831  1-4 EEL =      2488.3572  VDWAALS    =      2950.2329
 EELEC  =    -30639.2952  EHBOND  =         0.0000  RESTRAINT  =        55.5115
 EAMBER (non-restraint)  =    -23758.2938
 EKCMT  =      2134.1149  VIRIAL  =      1912.5479  VOLUME     =     78321.4293
                                                    Density    =         1.0197
 ------------------------------------------------------------------------------

wrapping first mol.:       15.55721       22.00122       38.10722
wrapping first mol.:       15.55721       22.00122       38.10722

 NSTEP =    34000   TIME(PS) =     508.000  TEMP(K) =   297.62  PRESS =  -128.7
 Etot   =    -19109.0009  EKtot   =      4748.8667  EPtot      =    -23857.8676
 BOND   =       150.2949  ANGLE   =       403.6071  DIHED      =       691.4426
 1-4 NB =       178.5121  1-4 EEL =      2503.0536  VDWAALS    =      2926.4205
 EELEC  =    -30772.0578  EHBOND  =         0.0000  RESTRAINT  =        60.8594
 EAMBER (non-restraint)  =    -23918.7270
 EKCMT  =      2062.6409  VIRIAL  =      2280.1345  VOLUME     =     78260.3622
                                                    Density    =         1.0204
 ------------------------------------------------------------------------------

wrapping first mol.:       15.55882       22.00349       38.11116
wrapping first mol.:       15.55882       22.00349       38.11116

 NSTEP =    34500   TIME(PS) =     509.000  TEMP(K) =   299.56  PRESS =   -34.2
 Etot   =    -19071.6073  EKtot   =      4779.8457  EPtot      =    -23851.4531
 BOND   =       153.5096  ANGLE   =       430.9118  DIHED      =       687.6945
 1-4 NB =       179.8525  1-4 EEL =      2493.8880  VDWAALS    =      2918.0421
 EELEC  =    -30772.4133  EHBOND  =         0.0000  RESTRAINT  =        57.0617
 EAMBER (non-restraint)  =    -23908.5148
 EKCMT  =      2088.4887  VIRIAL  =      2146.2976  VOLUME     =     78283.9466
                                                    Density    =         1.0201
 ------------------------------------------------------------------------------

wrapping first mol.:       15.56615       22.01387       38.12913
wrapping first mol.:       15.56615       22.01387       38.12913

 NSTEP =    35000   TIME(PS) =     510.000  TEMP(K) =   302.35  PRESS =  -378.0
 Etot   =    -19042.9155  EKtot   =      4824.3569  EPtot      =    -23867.2724
 BOND   =       156.1082  ANGLE   =       410.9753  DIHED      =       698.6849
 1-4 NB =       171.6809  1-4 EEL =      2480.5058  VDWAALS    =      2856.3648
 EELEC  =    -30706.6406  EHBOND  =         0.0000  RESTRAINT  =        65.0482
 EAMBER (non-restraint)  =    -23932.3206
 EKCMT  =      2178.3816  VIRIAL  =      2818.2850  VOLUME     =     78397.1729
                                                    Density    =         1.0187
 ------------------------------------------------------------------------------

wrapping first mol.:       15.56885       22.01767       38.13572
wrapping first mol.:       15.56885       22.01767       38.13572

 NSTEP =    35500   TIME(PS) =     511.000  TEMP(K) =   297.49  PRESS =   -35.5
 Etot   =    -19083.9362  EKtot   =      4746.8735  EPtot      =    -23830.8098
 BOND   =       151.1902  ANGLE   =       432.2122  DIHED      =       697.6669
 1-4 NB =       177.5577  1-4 EEL =      2487.4387  VDWAALS    =      2894.7595
 EELEC  =    -30729.6382  EHBOND  =         0.0000  RESTRAINT  =        58.0032
 EAMBER (non-restraint)  =    -23888.8130
 EKCMT  =      2110.8125  VIRIAL  =      2170.9624  VOLUME     =     78435.4449
                                                    Density    =         1.0182
 ------------------------------------------------------------------------------

wrapping first mol.:       15.57741       22.02978       38.15670
wrapping first mol.:       15.57741       22.02978       38.15670

 NSTEP =    36000   TIME(PS) =     512.000  TEMP(K) =   292.38  PRESS =    24.6
 Etot   =    -19033.2663  EKtot   =      4665.2197  EPtot      =    -23698.4860
 BOND   =       139.4374  ANGLE   =       436.6715  DIHED      =       699.4551
 1-4 NB =       178.9331  1-4 EEL =      2480.3427  VDWAALS    =      2886.8530
 EELEC  =    -30582.8182  EHBOND  =         0.0000  RESTRAINT  =        62.6394
 EAMBER (non-restraint)  =    -23761.1254
 EKCMT  =      2027.7088  VIRIAL  =      1985.9061  VOLUME     =     78564.4912
                                                    Density    =         1.0165
 ------------------------------------------------------------------------------

wrapping first mol.:       15.58617       22.04217       38.17815
wrapping first mol.:       15.58617       22.04217       38.17815

 NSTEP =    36500   TIME(PS) =     513.000  TEMP(K) =   300.05  PRESS =    25.0
 Etot   =    -19122.8489  EKtot   =      4787.5835  EPtot      =    -23910.4324
 BOND   =       156.8366  ANGLE   =       429.7073  DIHED      =       702.6790
 1-4 NB =       170.0379  1-4 EEL =      2490.8853  VDWAALS    =      2929.0241
 EELEC  =    -30853.4023  EHBOND  =         0.0000  RESTRAINT  =        63.7997
 EAMBER (non-restraint)  =    -23974.2321
 EKCMT  =      2116.6767  VIRIAL  =      2074.1966  VOLUME     =     78697.0768
                                                    Density    =         1.0148
 ------------------------------------------------------------------------------

wrapping first mol.:       15.56859       22.01731       38.13509
wrapping first mol.:       15.56859       22.01731       38.13509

 NSTEP =    37000   TIME(PS) =     514.000  TEMP(K) =   304.55  PRESS =  -125.3
 Etot   =    -19078.6451  EKtot   =      4859.4873  EPtot      =    -23938.1324
 BOND   =       159.9025  ANGLE   =       419.2073  DIHED      =       690.4022
 1-4 NB =       180.7277  1-4 EEL =      2492.2439  VDWAALS    =      2966.0769
 EELEC  =    -30904.5090  EHBOND  =         0.0000  RESTRAINT  =        57.8161
 EAMBER (non-restraint)  =    -23995.9486
 EKCMT  =      2167.5219  VIRIAL  =      2379.6869  VOLUME     =     78432.1549
                                                    Density    =         1.0182
 ------------------------------------------------------------------------------

wrapping first mol.:       15.57431       22.02540       38.14912
wrapping first mol.:       15.57431       22.02540       38.14912

 NSTEP =    37500   TIME(PS) =     515.000  TEMP(K) =   300.95  PRESS =  -436.3
 Etot   =    -19006.7657  EKtot   =      4801.9658  EPtot      =    -23808.7315
 BOND   =       148.2962  ANGLE   =       415.3355  DIHED      =       698.5036
 1-4 NB =       176.6936  1-4 EEL =      2503.4359  VDWAALS    =      2772.9952
 EELEC  =    -30586.3840  EHBOND  =         0.0000  RESTRAINT  =        62.3927
 EAMBER (non-restraint)  =    -23871.1242
 EKCMT  =      2110.7100  VIRIAL  =      2850.4452  VOLUME     =     78520.9159
                                                    Density    =         1.0171
 ------------------------------------------------------------------------------

wrapping first mol.:       15.58051       22.03416       38.16428
wrapping first mol.:       15.58051       22.03416       38.16428

 NSTEP =    38000   TIME(PS) =     516.000  TEMP(K) =   302.42  PRESS =  -505.7
 Etot   =    -19131.2262  EKtot   =      4825.4453  EPtot      =    -23956.6716
 BOND   =       133.5385  ANGLE   =       422.7598  DIHED      =       688.5594
 1-4 NB =       184.3242  1-4 EEL =      2515.3200  VDWAALS    =      2849.0464
 EELEC  =    -30816.5942  EHBOND  =         0.0000  RESTRAINT  =        66.3745
 EAMBER (non-restraint)  =    -24023.0460
 EKCMT  =      2143.0517  VIRIAL  =      3001.4224  VOLUME     =     78615.0895
                                                    Density    =         1.0158
 ------------------------------------------------------------------------------

wrapping first mol.:       15.56862       22.01735       38.13517
wrapping first mol.:       15.56862       22.01735       38.13517

 NSTEP =    38500   TIME(PS) =     517.000  TEMP(K) =   302.13  PRESS =  -157.3
 Etot   =    -18974.9207  EKtot   =      4820.7881  EPtot      =    -23795.7088
 BOND   =       142.2446  ANGLE   =       447.3368  DIHED      =       694.0571
 1-4 NB =       171.5114  1-4 EEL =      2478.6892  VDWAALS    =      2897.2404
 EELEC  =    -30691.5944  EHBOND  =         0.0000  RESTRAINT  =        64.8062
 EAMBER (non-restraint)  =    -23860.5150
 EKCMT  =      2142.9837  VIRIAL  =      2409.3735  VOLUME     =     78432.8581
                                                    Density    =         1.0182
 ------------------------------------------------------------------------------

wrapping first mol.:       15.58079       22.03456       38.16498
wrapping first mol.:       15.58079       22.03456       38.16498

 NSTEP =    39000   TIME(PS) =     518.000  TEMP(K) =   295.77  PRESS =  -107.0
 Etot   =    -19170.9051  EKtot   =      4719.4067  EPtot      =    -23890.3119
 BOND   =       146.0705  ANGLE   =       414.5605  DIHED      =       694.5917
 1-4 NB =       177.5769  1-4 EEL =      2497.8065  VDWAALS    =      2998.4629
 EELEC  =    -30890.3586  EHBOND  =         0.0000  RESTRAINT  =        70.9777
 EAMBER (non-restraint)  =    -23961.2895
 EKCMT  =      2105.5838  VIRIAL  =      2287.2685  VOLUME     =     78616.5830
                                                    Density    =         1.0158
 ------------------------------------------------------------------------------

wrapping first mol.:       15.57060       22.02015       38.14002
wrapping first mol.:       15.57060       22.02015       38.14002

 NSTEP =    39500   TIME(PS) =     519.000  TEMP(K) =   301.55  PRESS =   139.1
 Etot   =    -18976.2014  EKtot   =      4811.5659  EPtot      =    -23787.7673
 BOND   =       148.7333  ANGLE   =       424.4230  DIHED      =       699.7001
 1-4 NB =       172.5345  1-4 EEL =      2490.3693  VDWAALS    =      2960.1042
 EELEC  =    -30746.3349  EHBOND  =         0.0000  RESTRAINT  =        62.7033
 EAMBER (non-restraint)  =    -23850.4705
 EKCMT  =      2109.9966  VIRIAL  =      1874.3154  VOLUME     =     78460.7439
                                                    Density    =         1.0178
 ------------------------------------------------------------------------------

wrapping first mol.:       15.54446       21.98319       38.07600
wrapping first mol.:       15.54446       21.98319       38.07600

 NSTEP =    40000   TIME(PS) =     520.000  TEMP(K) =   298.47  PRESS =  -128.4
 Etot   =    -19038.2939  EKtot   =      4762.4741  EPtot      =    -23800.7680
 BOND   =       174.8491  ANGLE   =       445.5259  DIHED      =       703.6508
 1-4 NB =       177.4544  1-4 EEL =      2484.1115  VDWAALS    =      2901.6980
 EELEC  =    -30748.8156  EHBOND  =         0.0000  RESTRAINT  =        60.7578
 EAMBER (non-restraint)  =    -23861.5258
 EKCMT  =      2129.1433  VIRIAL  =      2345.6496  VOLUME     =     78068.1406
                                                    Density    =         1.0230
 ------------------------------------------------------------------------------

wrapping first mol.:       15.54929       21.99002       38.08783
wrapping first mol.:       15.54929       21.99002       38.08783

 NSTEP =    40500   TIME(PS) =     521.000  TEMP(K) =   297.31  PRESS =   125.8
 Etot   =    -19063.3909  EKtot   =      4743.8618  EPtot      =    -23807.2527
 BOND   =       157.5541  ANGLE   =       414.1263  DIHED      =       699.6290
 1-4 NB =       170.6346  1-4 EEL =      2466.1348  VDWAALS    =      2955.9999
 EELEC  =    -30733.8703  EHBOND  =         0.0000  RESTRAINT  =        62.5390
 EAMBER (non-restraint)  =    -23869.7916
 EKCMT  =      2059.7734  VIRIAL  =      1847.5508  VOLUME     =     78139.1523
                                                    Density    =         1.0220
 ------------------------------------------------------------------------------

wrapping first mol.:       15.55573       21.99913       38.10360
wrapping first mol.:       15.55573       21.99913       38.10360

 NSTEP =    41000   TIME(PS) =     522.000  TEMP(K) =   301.14  PRESS =    20.9
 Etot   =    -18910.0544  EKtot   =      4804.9902  EPtot      =    -23715.0446
 BOND   =       149.5932  ANGLE   =       419.6696  DIHED      =       691.6209
 1-4 NB =       178.6204  1-4 EEL =      2482.9066  VDWAALS    =      2854.1719
 EELEC  =    -30556.3595  EHBOND  =         0.0000  RESTRAINT  =        64.7322
 EAMBER (non-restraint)  =    -23779.7769
 EKCMT  =      2097.2280  VIRIAL  =      2061.9281  VOLUME     =     78237.0228
                                                    Density    =         1.0208
 ------------------------------------------------------------------------------

wrapping first mol.:       15.55360       21.99611       38.09837
wrapping first mol.:       15.55360       21.99611       38.09837

 NSTEP =    41500   TIME(PS) =     523.000  TEMP(K) =   295.67  PRESS =  -396.4
 Etot   =    -18965.9438  EKtot   =      4717.6890  EPtot      =    -23683.6327
 BOND   =       152.2971  ANGLE   =       444.1985  DIHED      =       688.6094
 1-4 NB =       176.7280  1-4 EEL =      2504.9400  VDWAALS    =      2771.2951
 EELEC  =    -30490.1543  EHBOND  =         0.0000  RESTRAINT  =        68.4534
 EAMBER (non-restraint)  =    -23752.0862
 EKCMT  =      2088.3555  VIRIAL  =      2757.7617  VOLUME     =     78207.7080
                                                    Density    =         1.0211
 ------------------------------------------------------------------------------

wrapping first mol.:       15.52974       21.96237       38.03993
wrapping first mol.:       15.52974       21.96237       38.03993

 NSTEP =    42000   TIME(PS) =     524.000  TEMP(K) =   301.70  PRESS =    36.5
 Etot   =    -19035.9297  EKtot   =      4813.9692  EPtot      =    -23849.8989
 BOND   =       156.8815  ANGLE   =       434.7605  DIHED      =       684.7450
 1-4 NB =       182.5306  1-4 EEL =      2478.6282  VDWAALS    =      2879.6755
 EELEC  =    -30735.6834  EHBOND  =         0.0000  RESTRAINT  =        68.5633
 EAMBER (non-restraint)  =    -23918.4622
 EKCMT  =      2110.0100  VIRIAL  =      2048.6869  VOLUME     =     77845.3746
                                                    Density    =         1.0259
 ------------------------------------------------------------------------------

wrapping first mol.:       15.53920       21.97574       38.06310
wrapping first mol.:       15.53920       21.97574       38.06310

 NSTEP =    42500   TIME(PS) =     525.000  TEMP(K) =   295.52  PRESS =   121.6
 Etot   =    -19121.1218  EKtot   =      4715.3687  EPtot      =    -23836.4905
 BOND   =       131.4984  ANGLE   =       427.3911  DIHED      =       690.6525
 1-4 NB =       177.6513  1-4 EEL =      2506.7388  VDWAALS    =      2918.5879
 EELEC  =    -30755.1096  EHBOND  =         0.0000  RESTRAINT  =        66.0993
 EAMBER (non-restraint)  =    -23902.5897
 EKCMT  =      2083.5077  VIRIAL  =      1878.7992  VOLUME     =     77987.0796
                                                    Density    =         1.0240
 ------------------------------------------------------------------------------

wrapping first mol.:       15.55396       21.99663       38.09927
wrapping first mol.:       15.55396       21.99663       38.09927

 NSTEP =    43000   TIME(PS) =     526.000  TEMP(K) =   297.85  PRESS =   110.0
 Etot   =    -19112.2153  EKtot   =      4752.5815  EPtot      =    -23864.7968
 BOND   =       148.3376  ANGLE   =       411.5939  DIHED      =       694.4183
 1-4 NB =       182.7919  1-4 EEL =      2494.5256  VDWAALS    =      2950.5038
 EELEC  =    -30813.5298  EHBOND  =         0.0000  RESTRAINT  =        66.5620
 EAMBER (non-restraint)  =    -23931.3588
 EKCMT  =      2081.6937  VIRIAL  =      1895.9634  VOLUME     =     78209.7139
                                                    Density    =         1.0211
 ------------------------------------------------------------------------------

wrapping first mol.:       15.55583       21.99926       38.10383
wrapping first mol.:       15.55583       21.99926       38.10383

 NSTEP =    43500   TIME(PS) =     527.000  TEMP(K) =   303.25  PRESS =  -194.8
 Etot   =    -19042.1741  EKtot   =      4838.7339  EPtot      =    -23880.9080
 BOND   =       155.9507  ANGLE   =       415.7930  DIHED      =       690.7086
 1-4 NB =       179.1272  1-4 EEL =      2498.1581  VDWAALS    =      2784.5930
 EELEC  =    -30662.4267  EHBOND  =         0.0000  RESTRAINT  =        57.1882
 EAMBER (non-restraint)  =    -23938.0962
 EKCMT  =      2183.1212  VIRIAL  =      2512.2356  VOLUME     =     78239.9479
                                                    Density    =         1.0207
 ------------------------------------------------------------------------------

wrapping first mol.:       15.54792       21.98808       38.08446
wrapping first mol.:       15.54792       21.98808       38.08446

 NSTEP =    44000   TIME(PS) =     528.000  TEMP(K) =   298.97  PRESS =  -221.8
 Etot   =    -19096.7694  EKtot   =      4770.4888  EPtot      =    -23867.2582
 BOND   =       164.4032  ANGLE   =       408.4808  DIHED      =       693.5016
 1-4 NB =       171.8069  1-4 EEL =      2487.8193  VDWAALS    =      2889.2034
 EELEC  =    -30745.3050  EHBOND  =         0.0000  RESTRAINT  =        62.8317
 EAMBER (non-restraint)  =    -23930.0899
 EKCMT  =      2131.2544  VIRIAL  =      2505.4156  VOLUME     =     78120.8766
                                                    Density    =         1.0223
 ------------------------------------------------------------------------------

wrapping first mol.:       15.56136       22.00708       38.11738
wrapping first mol.:       15.56136       22.00708       38.11738

 NSTEP =    44500   TIME(PS) =     529.000  TEMP(K) =   297.90  PRESS =   184.7
 Etot   =    -19039.3921  EKtot   =      4753.3066  EPtot      =    -23792.6987
 BOND   =       139.1794  ANGLE   =       441.3119  DIHED      =       692.7747
 1-4 NB =       173.3747  1-4 EEL =      2484.4305  VDWAALS    =      2906.1903
 EELEC  =    -30690.1385  EHBOND  =         0.0000  RESTRAINT  =        60.1783
 EAMBER (non-restraint)  =    -23852.8770
 EKCMT  =      2120.0090  VIRIAL  =      1807.6748  VOLUME     =     78320.7883
                                                    Density    =         1.0197
 ------------------------------------------------------------------------------

wrapping first mol.:       15.56409       22.01095       38.12408
wrapping first mol.:       15.56409       22.01095       38.12408

 NSTEP =    45000   TIME(PS) =     530.000  TEMP(K) =   306.98  PRESS =    23.9
 Etot   =    -18978.9043  EKtot   =      4898.1494  EPtot      =    -23877.0537
 BOND   =       153.7175  ANGLE   =       428.5607  DIHED      =       690.1286
 1-4 NB =       174.1889  1-4 EEL =      2492.4402  VDWAALS    =      2884.8119
 EELEC  =    -30769.4715  EHBOND  =         0.0000  RESTRAINT  =        68.5700
 EAMBER (non-restraint)  =    -23945.6236
 EKCMT  =      2184.7889  VIRIAL  =      2144.2862  VOLUME     =     78363.1736
                                                    Density    =         1.0191
 ------------------------------------------------------------------------------

wrapping first mol.:       15.56212       22.00816       38.11924
wrapping first mol.:       15.56212       22.00816       38.11924

 NSTEP =    45500   TIME(PS) =     531.000  TEMP(K) =   301.98  PRESS =  -180.4
 Etot   =    -18903.4767  EKtot   =      4818.3901  EPtot      =    -23721.8669
 BOND   =       150.4189  ANGLE   =       411.0187  DIHED      =       692.5274
 1-4 NB =       178.8842  1-4 EEL =      2494.2056  VDWAALS    =      2816.4956
 EELEC  =    -30531.6084  EHBOND  =         0.0000  RESTRAINT  =        66.1911
 EAMBER (non-restraint)  =    -23788.0580
 EKCMT  =      2107.3279  VIRIAL  =      2412.4706  VOLUME     =     78334.7947
                                                    Density    =         1.0195
 ------------------------------------------------------------------------------

wrapping first mol.:       15.56600       22.01364       38.12875
wrapping first mol.:       15.56600       22.01364       38.12875

 NSTEP =    46000   TIME(PS) =     532.000  TEMP(K) =   300.51  PRESS =    14.7
 Etot   =    -19120.0995  EKtot   =      4795.0332  EPtot      =    -23915.1327
 BOND   =       166.0873  ANGLE   =       413.7770  DIHED      =       679.9021
 1-4 NB =       173.8787  1-4 EEL =      2501.3440  VDWAALS    =      2934.7936
 EELEC  =    -30849.7856  EHBOND  =         0.0000  RESTRAINT  =        64.8701
 EAMBER (non-restraint)  =    -23980.0029
 EKCMT  =      2107.9725  VIRIAL  =      2083.0753  VOLUME     =     78392.0466
                                                    Density    =         1.0187
 ------------------------------------------------------------------------------

wrapping first mol.:       15.56151       22.00730       38.11776
wrapping first mol.:       15.56151       22.00730       38.11776

 NSTEP =    46500   TIME(PS) =     533.000  TEMP(K) =   298.91  PRESS =   393.4
 Etot   =    -19021.8066  EKtot   =      4769.5205  EPtot      =    -23791.3271
 BOND   =       150.3670  ANGLE   =       438.8727  DIHED      =       690.4276
 1-4 NB =       180.0035  1-4 EEL =      2504.8989  VDWAALS    =      3012.6679
 EELEC  =    -30833.0682  EHBOND  =         0.0000  RESTRAINT  =        64.5035
 EAMBER (non-restraint)  =    -23855.8306
 EKCMT  =      2111.2440  VIRIAL  =      1446.0199  VOLUME     =     78321.6344
                                                    Density    =         1.0197
 ------------------------------------------------------------------------------

wrapping first mol.:       15.56449       22.01151       38.12506
wrapping first mol.:       15.56449       22.01151       38.12506

 NSTEP =    47000   TIME(PS) =     534.000  TEMP(K) =   298.62  PRESS =  -395.1
 Etot   =    -19058.5020  EKtot   =      4764.8359  EPtot      =    -23823.3380
 BOND   =       147.9766  ANGLE   =       411.3300  DIHED      =       687.6844
 1-4 NB =       179.3111  1-4 EEL =      2518.4795  VDWAALS    =      2811.3340
 EELEC  =    -30642.6717  EHBOND  =         0.0000  RESTRAINT  =        63.2181
 EAMBER (non-restraint)  =    -23886.5561
 EKCMT  =      2112.6686  VIRIAL  =      2781.2577  VOLUME     =     78372.1641
                                                    Density    =         1.0190
 ------------------------------------------------------------------------------

wrapping first mol.:       15.56913       22.01807       38.13642
wrapping first mol.:       15.56913       22.01807       38.13642

 NSTEP =    47500   TIME(PS) =     535.000  TEMP(K) =   301.12  PRESS =   -91.3
 Etot   =    -19027.6092  EKtot   =      4804.7935  EPtot      =    -23832.4026
 BOND   =       156.5415  ANGLE   =       460.1484  DIHED      =       685.4417
 1-4 NB =       170.5138  1-4 EEL =      2494.4897  VDWAALS    =      2898.4594
 EELEC  =    -30757.0211  EHBOND  =         0.0000  RESTRAINT  =        59.0240
 EAMBER (non-restraint)  =    -23891.4266
 EKCMT  =      2116.2173  VIRIAL  =      2270.9037  VOLUME     =     78440.1356
                                                    Density    =         1.0181
 ------------------------------------------------------------------------------

wrapping first mol.:       15.56221       22.00829       38.11947
wrapping first mol.:       15.56221       22.00829       38.11947

 NSTEP =    48000   TIME(PS) =     536.000  TEMP(K) =   295.47  PRESS =  -458.1
 Etot   =    -19093.4087  EKtot   =      4714.5752  EPtot      =    -23807.9839
 BOND   =       162.9946  ANGLE   =       421.0959  DIHED      =       707.4206
 1-4 NB =       174.7578  1-4 EEL =      2511.3875  VDWAALS    =      2788.4445
 EELEC  =    -30638.3205  EHBOND  =         0.0000  RESTRAINT  =        64.2358
 EAMBER (non-restraint)  =    -23872.2196
 EKCMT  =      2083.6341  VIRIAL  =      2858.4565  VOLUME     =     78338.1202
                                                    Density    =         1.0194
 ------------------------------------------------------------------------------

wrapping first mol.:       15.56277       22.00908       38.12084
wrapping first mol.:       15.56277       22.00908       38.12084

 NSTEP =    48500   TIME(PS) =     537.000  TEMP(K) =   299.34  PRESS =    32.4
 Etot   =    -19004.5595  EKtot   =      4776.2715  EPtot      =    -23780.8310
 BOND   =       149.7530  ANGLE   =       417.0861  DIHED      =       696.8607
 1-4 NB =       169.8050  1-4 EEL =      2498.6091  VDWAALS    =      2895.3693
 EELEC  =    -30671.8477  EHBOND  =         0.0000  RESTRAINT  =        63.5336
 EAMBER (non-restraint)  =    -23844.3645
 EKCMT  =      2055.7417  VIRIAL  =      2000.9790  VOLUME     =     78343.1944
                                                    Density    =         1.0194
 ------------------------------------------------------------------------------

wrapping first mol.:       15.56132       22.00703       38.11729
wrapping first mol.:       15.56132       22.00703       38.11729

 NSTEP =    49000   TIME(PS) =     538.000  TEMP(K) =   299.35  PRESS =   273.4
 Etot   =    -19101.6385  EKtot   =      4776.4355  EPtot      =    -23878.0741
 BOND   =       152.9606  ANGLE   =       408.0697  DIHED      =       679.9075
 1-4 NB =       178.6953  1-4 EEL =      2514.1451  VDWAALS    =      3027.4147
 EELEC  =    -30900.1049  EHBOND  =         0.0000  RESTRAINT  =        60.8380
 EAMBER (non-restraint)  =    -23938.9121
 EKCMT  =      2091.2181  VIRIAL  =      1628.8841  VOLUME     =     78319.6125
                                                    Density    =         1.0197
 ------------------------------------------------------------------------------

wrapping first mol.:       15.57868       22.03158       38.15981
wrapping first mol.:       15.57868       22.03158       38.15981

 NSTEP =    49500   TIME(PS) =     539.000  TEMP(K) =   293.99  PRESS =    19.1
 Etot   =    -19189.0917  EKtot   =      4690.9707  EPtot      =    -23880.0624
 BOND   =       156.1823  ANGLE   =       404.8534  DIHED      =       686.8744
 1-4 NB =       164.6618  1-4 EEL =      2500.1175  VDWAALS    =      2964.4731
 EELEC  =    -30819.3639  EHBOND  =         0.0000  RESTRAINT  =        62.1390
 EAMBER (non-restraint)  =    -23942.2014
 EKCMT  =      2083.3468  VIRIAL  =      2050.9462  VOLUME     =     78583.7464
                                                    Density    =         1.0163
 ------------------------------------------------------------------------------

wrapping first mol.:       15.58514       22.04072       38.17564
wrapping first mol.:       15.58514       22.04072       38.17564

 NSTEP =    50000   TIME(PS) =     540.000  TEMP(K) =   297.43  PRESS =   181.6
 Etot   =    -18981.4152  EKtot   =      4745.7778  EPtot      =    -23727.1930
 BOND   =       149.0633  ANGLE   =       438.8052  DIHED      =       688.8344
 1-4 NB =       176.5522  1-4 EEL =      2493.6617  VDWAALS    =      2953.5879
 EELEC  =    -30696.2993  EHBOND  =         0.0000  RESTRAINT  =        68.6015
 EAMBER (non-restraint)  =    -23795.7945
 EKCMT  =      2081.4790  VIRIAL  =      1772.9489  VOLUME     =     78680.4774
                                                    Density    =         1.0150
 ------------------------------------------------------------------------------


      A V E R A G E S   O V E R     100 S T E P S


 NSTEP =    50000   TIME(PS) =     540.000  TEMP(K) =   300.34  PRESS =   -37.4
 Etot   =    -19024.6180  EKtot   =      4792.3322  EPtot      =    -23816.9502
 BOND   =       151.9770  ANGLE   =       422.9657  DIHED      =       691.9210
 1-4 NB =       176.5268  1-4 EEL =      2494.9019  VDWAALS    =      2910.1157
 EELEC  =    -30727.1768  EHBOND  =         0.0000  RESTRAINT  =        61.8187
 EAMBER (non-restraint)  =    -23878.7688
 EKCMT  =      2115.3289  VIRIAL  =      2178.4555  VOLUME     =     78310.3462
                                                    Density    =         1.0198
 ------------------------------------------------------------------------------


      R M S  F L U C T U A T I O N S


 NSTEP =    50000   TIME(PS) =     540.000  TEMP(K) =     3.45  PRESS =   228.5
 Etot   =        92.4203  EKtot   =        55.1234  EPtot      =        71.8963
 BOND   =         9.3845  ANGLE   =        15.4969  DIHED      =         7.5434
 1-4 NB =         4.7729  1-4 EEL =        11.8443  VDWAALS    =        63.0628
 EELEC  =       100.0710  EHBOND  =         0.0000  RESTRAINT  =         4.9066
 EAMBER (non-restraint)  =        66.9897
 EKCMT  =        36.3070  VIRIAL  =       387.3649  VOLUME     =       185.0085
                                                    Density    =         0.0024
 ------------------------------------------------------------------------------

--------------------------------------------------------------------------------
   5.  TIMINGS
--------------------------------------------------------------------------------

|  NonSetup CPU Time in Major Routines:
|
|     Routine           Sec        %
|     ------------------------------
|     Nonbond          51.96   88.74
|     Bond              0.00    0.00
|     Angle             0.00    0.00
|     Dihedral          0.00    0.00
|     Shake             0.30    0.51
|     RunMD             6.27   10.71
|     Other             0.02    0.04
|     ------------------------------
|     Total            58.55

|  PME Nonbond Pairlist CPU Time:
|
|     Routine              Sec        %
|     ---------------------------------
|     Set Up Cit           0.00    0.00
|     Build List           0.00    0.00
|     ---------------------------------
|     Total                0.00    0.00

|  PME Direct Force CPU Time:
|
|     Routine              Sec        %
|     ---------------------------------
|     NonBonded Calc       0.00    0.00
|     Exclude Masked       0.00    0.00
|     Other                0.01    0.01
|     ---------------------------------
|     Total                0.01    0.01

|  PME Reciprocal Force CPU Time:
|
|     Routine              Sec        %
|     ---------------------------------
|     1D bspline           0.00    0.00
|     Grid Charges         0.00    0.00
|     Scalar Sum           0.00    0.00
|     Gradient Sum         0.00    0.00
|     FFT                  0.00    0.00
|     ---------------------------------
|     Total                0.00    0.00

|  Final Performance Info:
|     -----------------------------------------------------
|     Average timings for last   49500 steps:
|     Elapsed(s) =      57.96 Per Step(ms) =       1.17
|         ns/day =     147.57   seconds/ns =     585.47
|
|     Average timings for all steps:
|     Elapsed(s) =      58.55 Per Step(ms) =       1.17
|         ns/day =     147.57   seconds/ns =     585.49
|     -----------------------------------------------------

|  Setup CPU time:            0.37 seconds
|  NonSetup CPU time:        58.55 seconds
|  Total CPU time:           58.92 seconds     0.02 hours

|  Setup wall time:           1    seconds
|  NonSetup wall time:       58    seconds
|  Total wall time:          59    seconds     0.02 hours
