
          -------------------------------------------------------
          Amber 16 PMEMD                              2016
          -------------------------------------------------------

| PMEMD implementation of SANDER, Release 16

| Run on 10/26/2017 at 17:34:14

|   Executable path: pmemd
| Working directory: /home/german/alex/run/1r/mhe/m
|          Hostname: Unknown
  [-O]verwriting output

File Assignments:
|   MDIN: min.in                                                                
|  MDOUT: min.out                                                               
| INPCRD: 1r.rst7                                                               
|   PARM: /home/german/alex/top_files/1r.prmtop                                 
| RESTRT: m1r.rst7                                                              
|   REFC: 1r.rst7                                                               
|  MDVEL: mdvel                                                                 
|   MDEN: mden                                                                  
|  MDCRD: m1r.crd                                                               
| MDINFO: mdinfo                                                                
|  MDFRC: mdfrc                                                                 


 Here is the input file:

Minimization with Cartesian restraints                                         
&cntrl                                                                         
imin=1,                                                                        
ntmin=1,                                ! Steepest Descent, then Conjugate Grad
ncyc=100,                               ! 100 steps of Steepest Descent        
maxcyc=500,                             ! 400 steps of Conjugate Gradient      
ntpr=5,                                                                        
ntr=1,                                  ! Use restraints                       
restraint_wt=100.0,                     ! 100 Kcal/mol                         
restraintmask=':1-57',                  ! Apply restraints on whole molecule. M
&end                                                                           


Note: ig = -1. Setting random seed to    56269 based on wallclock time in 
      microseconds.
 
 
| Conditional Compilation Defines Used:
| PUBFFT
| BINTRAJ
| EMIL

| Largest sphere to fit in unit cell has radius =    24.199

| New format PARM file being parsed.
| Version =    1.000 Date = 10/26/17 Time = 14:22:23

| Note: 1-4 EEL scale factors are being read from the topology file.

| Note: 1-4 VDW scale factors are being read from the topology file.
| Duplicated    0 dihedrals

| Duplicated    0 dihedrals

--------------------------------------------------------------------------------
   1.  RESOURCE   USE: 
--------------------------------------------------------------------------------

 getting new box info from bottom of inpcrd
 NATOM  =   13656 NTYPES =      17 NBONH =   13195 MBONA  =     468
 NTHETH =    1031 MTHETA =     630 NPHIH =    2066 MPHIA  =    1981
 NHPARM =       0 NPARM  =       0 NNB   =   22021 NRES   =    4309
 NBONA  =     468 NTHETA =     630 NPHIA =    1981 NUMBND =      67
 NUMANG =     152 NPTRA  =     191 NATYP =      36 NPHB   =       1
 IFBOX  =       2 NMXRS  =      25 IFCAP =       0 NEXTRA =       0
 NCOPY  =       0

| Coordinate Index Table dimensions:    11   11   11
| Direct force subcell size =     5.3887    5.3887    5.3887

     BOX TYPE: TRUNCATED OCTAHEDRON

--------------------------------------------------------------------------------
   2.  CONTROL  DATA  FOR  THE  RUN
--------------------------------------------------------------------------------

default_name                                                                    

General flags:
     imin    =       1, nmropt  =       0

Nature and format of input:
     ntx     =       1, irest   =       0, ntrx    =       1

Nature and format of output:
     ntxo    =       2, ntpr    =       5, ntrx    =       1, ntwr    =       1
     iwrap   =       0, ntwx    =       0, ntwv    =       0, ntwe    =       0
     ioutfm  =       1, ntwprt  =       0, idecomp =       0, rbornstat=      0

Potential function:
     ntf     =       1, ntb     =       1, igb     =       0, nsnb    =      25
     ipol    =       0, gbsa    =       0, iesp    =       0
     dielc   =   1.00000, cut     =   8.00000, intdiel =   1.00000

Frozen or restrained atoms:
     ibelly  =       0, ntr     =       1
     restraint_wt = 100.00000

Energy minimization:
     maxcyc  =     500, ncyc    =     100, ntmin   =       1
     dx0     =   0.01000, drms    =   0.00010

| Intermolecular bonds treatment:
|     no_intermolecular_bonds =       1

| Energy averages sample interval:
|     ene_avg_sampling =       1

Ewald parameters:
     verbose =       0, ew_type =       0, nbflag  =       1, use_pme =       1
     vdwmeth =       1, eedmeth =       1, netfrc  =       0
     Box X =   59.276   Box Y =   59.276   Box Z =   59.276
     Alpha =  109.471   Beta  =  109.471   Gamma =  109.471
     NFFT1 =   60       NFFT2 =   60       NFFT3 =   60
     Cutoff=    8.000   Tol   =0.100E-04
     Ewald Coefficient =  0.34864
     Interpolation order =    4

    LOADING THE CONSTRAINED ATOMS AS GROUPS


   5.  REFERENCE ATOM COORDINATES

  default_name                                                                    
     Mask :1-57; matches   908 atoms

--------------------------------------------------------------------------------
   3.  ATOMIC COORDINATES AND VELOCITIES
--------------------------------------------------------------------------------

default_name                                                                    
 begin time read from input coords =     0.000 ps

 
 Number of triangulated 3-point waters found:     4248

     Sum of charges from parm topology file =  -0.00000003
     Forcing neutrality...

| Dynamic Memory, Types Used:
| Reals              480395
| Integers           392693

| Nonbonded Pairs Initial Allocation:     2280893

--------------------------------------------------------------------------------
   4.  RESULTS
--------------------------------------------------------------------------------

 ---------------------------------------------------
 APPROXIMATING switch and d/dx switch using CUBIC SPLINE INTERPOLATION
 using   5000.0 points per unit in tabled values
 TESTING RELATIVE ERROR over r ranging from 0.0 to cutoff
| CHECK switch(x): max rel err =   0.2738E-14   at   2.422500
| CHECK d/dx switch(x): max rel err =   0.8332E-11   at   2.782960
 ---------------------------------------------------
|---------------------------------------------------
| APPROXIMATING direct energy using CUBIC SPLINE INTERPOLATION
|  with   50.0 points per unit in tabled values
| Relative Error Limit not exceeded for r .gt.   2.47
| APPROXIMATING direct force using CUBIC SPLINE INTERPOLATION
|  with   50.0 points per unit in tabled values
| Relative Error Limit not exceeded for r .gt.   2.89
|---------------------------------------------------


   NSTEP       ENERGY          RMS            GMAX         NAME    NUMBER
      1      -3.5453E+04     3.1884E+01     2.6768E+03     O        1297

 BOND    =       61.7736  ANGLE   =      140.2599  DIHED      =      641.9824
 VDWAALS =     5129.7121  EEL     =   -44713.8774  HBOND      =        0.0000
 1-4 VDW =      280.5520  1-4 EEL =     3006.5778  RESTRAINT  =        0.0000


   NSTEP       ENERGY          RMS            GMAX         NAME    NUMBER
      5      -3.5807E+04     2.3224E+01     1.7606E+03     O        1297

 BOND    =       62.5867  ANGLE   =      139.7450  DIHED      =      641.9276
 VDWAALS =     4837.1935  EEL     =   -44774.8680  HBOND      =        0.0000
 1-4 VDW =      280.1757  1-4 EEL =     3006.4393  RESTRAINT  =        0.0040
 EAMBER  =   -35806.8002


   NSTEP       ENERGY          RMS            GMAX         NAME    NUMBER
     10      -3.6461E+04     1.3950E+01     6.9742E+02     O       13225

 BOND    =       89.6454  ANGLE   =      137.6529  DIHED      =      641.6976
 VDWAALS =     4420.9151  EEL     =   -45035.5132  HBOND      =        0.0000
 1-4 VDW =      278.5905  1-4 EEL =     3005.8384  RESTRAINT  =        0.1108
 EAMBER  =   -36461.1733


   NSTEP       ENERGY          RMS            GMAX         NAME    NUMBER
     15      -3.7476E+04     8.8931E+00     2.2448E+02     O       13225

 BOND    =      303.7435  ANGLE   =      131.7521  DIHED      =      640.9856
 VDWAALS =     4077.1806  EEL     =   -45907.9931  HBOND      =        0.0000
 1-4 VDW =      273.5401  1-4 EEL =     3003.7111  RESTRAINT  =        1.4884
 EAMBER  =   -37477.0803


   NSTEP       ENERGY          RMS            GMAX         NAME    NUMBER
     20      -3.8970E+04     4.6982E+00     8.9084E+01     O       13225

 BOND    =     1161.1051  ANGLE   =      121.6772  DIHED      =      639.9068
 VDWAALS =     3783.9992  EEL     =   -47947.6288  HBOND      =        0.0000
 1-4 VDW =      262.8169  1-4 EEL =     2997.7434  RESTRAINT  =       10.6019
 EAMBER  =   -38980.3803


   NSTEP       ENERGY          RMS            GMAX         NAME    NUMBER
     25      -4.0841E+04     2.6278E+00     2.0942E+01     H2       2157

 BOND    =     2121.9352  ANGLE   =      113.5784  DIHED      =      640.3081
 VDWAALS =     3607.2515  EEL     =   -50598.9176  HBOND      =        0.0000
 1-4 VDW =      249.3776  1-4 EEL =     2987.0907  RESTRAINT  =       38.8017
 EAMBER  =   -40879.3760


   NSTEP       ENERGY          RMS            GMAX         NAME    NUMBER
     30      -4.2375E+04     6.2377E+00     1.5397E+02     H2      13227

 BOND    =     3051.1929  ANGLE   =      116.2841  DIHED      =      640.2595
 VDWAALS =     3648.1639  EEL     =   -53110.9028  HBOND      =        0.0000
 1-4 VDW =      246.4008  1-4 EEL =     2984.6128  RESTRAINT  =       48.7939
 EAMBER  =   -42423.9890


   NSTEP       ENERGY          RMS            GMAX         NAME    NUMBER
     35      -4.3024E+04     1.8095E+00     1.7732E+01     Cl-       910

 BOND    =     2252.9044  ANGLE   =      111.7450  DIHED      =      640.2073
 VDWAALS =     3685.7956  EEL     =   -52993.1077  HBOND      =        0.0000
 1-4 VDW =      246.3491  1-4 EEL =     2984.6637  RESTRAINT  =       47.8520
 EAMBER  =   -43071.4424


   NSTEP       ENERGY          RMS            GMAX         NAME    NUMBER
     40      -4.3439E+04     1.6477E+00     1.7875E+01     Cl-       910

 BOND    =     2296.2830  ANGLE   =      111.7806  DIHED      =      640.1645
 VDWAALS =     3720.9353  EEL     =   -53486.9793  HBOND      =        0.0000
 1-4 VDW =      246.3348  1-4 EEL =     2984.6640  RESTRAINT  =       47.8858
 EAMBER  =   -43486.8171


   NSTEP       ENERGY          RMS            GMAX         NAME    NUMBER
     45      -4.3796E+04     3.2599E+00     6.3875E+01     H2      13227

 BOND    =     2154.0321  ANGLE   =      110.7499  DIHED      =      640.1182
 VDWAALS =     3766.6996  EEL     =   -53746.7672  HBOND      =        0.0000
 1-4 VDW =      246.5791  1-4 EEL =     2984.6382  RESTRAINT  =       47.5876
 EAMBER  =   -43843.9502


   NSTEP       ENERGY          RMS            GMAX         NAME    NUMBER
     50      -4.4123E+04     2.0249E+00     3.1044E+01     H2      13227

 BOND    =     2278.8055  ANGLE   =      111.3534  DIHED      =      640.0897
 VDWAALS =     3802.5074  EEL     =   -54234.5885  HBOND      =        0.0000
 1-4 VDW =      246.4289  1-4 EEL =     2984.6628  RESTRAINT  =       47.7165
 EAMBER  =   -44170.7408


   NSTEP       ENERGY          RMS            GMAX         NAME    NUMBER
     55      -4.4342E+04     3.5627E+00     6.9311E+01     H2      13227

 BOND    =     2176.2172  ANGLE   =      111.0049  DIHED      =      640.0606
 VDWAALS =     3844.6688  EEL     =   -54392.7046  HBOND      =        0.0000
 1-4 VDW =      246.6035  1-4 EEL =     2984.6746  RESTRAINT  =       47.5845
 EAMBER  =   -44389.4751


   NSTEP       ENERGY          RMS            GMAX         NAME    NUMBER
     60      -4.4573E+04     3.9816E+00     7.3887E+01     H2      13227

 BOND    =     2172.7207  ANGLE   =      110.9292  DIHED      =      640.0356
 VDWAALS =     3888.3500  EEL     =   -54664.3467  HBOND      =        0.0000
 1-4 VDW =      246.7103  1-4 EEL =     2984.6845  RESTRAINT  =       47.5526
 EAMBER  =   -44620.9165


   NSTEP       ENERGY          RMS            GMAX         NAME    NUMBER
     65      -4.4774E+04     3.8390E+00     7.1494E+01     H2      13227

 BOND    =     2196.2050  ANGLE   =      111.1687  DIHED      =      640.0153
 VDWAALS =     3926.0515  EEL     =   -54926.2789  HBOND      =        0.0000
 1-4 VDW =      246.6158  1-4 EEL =     2984.7007  RESTRAINT  =       47.6026
 EAMBER  =   -44821.5219


   NSTEP       ENERGY          RMS            GMAX         NAME    NUMBER
     70      -4.5044E+04     1.1599E+00     1.8157E+01     Cl-       910

 BOND    =     2554.4538  ANGLE   =      112.6219  DIHED      =      639.9942
 VDWAALS =     3964.5298  EEL     =   -55593.9750  HBOND      =        0.0000
 1-4 VDW =      246.1230  1-4 EEL =     2984.6803  RESTRAINT  =       48.0695
 EAMBER  =   -45091.5720


   NSTEP       ENERGY          RMS            GMAX         NAME    NUMBER
     75      -4.5126E+04     4.1857E+00     7.3973E+01     H2      13227

 BOND    =     2209.4155  ANGLE   =      111.3708  DIHED      =      639.9761
 VDWAALS =     4010.1456  EEL     =   -55375.9794  HBOND      =        0.0000
 1-4 VDW =      246.6482  1-4 EEL =     2984.7347  RESTRAINT  =       47.6253
 EAMBER  =   -45173.6884


   NSTEP       ENERGY          RMS            GMAX         NAME    NUMBER
     80      -4.5285E+04     4.4057E+00     7.4012E+01     H2      13227

 BOND    =     2214.1005  ANGLE   =      111.4178  DIHED      =      639.9603
 VDWAALS =     4054.7238  EEL     =   -55584.0931  HBOND      =        0.0000
 1-4 VDW =      246.7120  1-4 EEL =     2984.7579  RESTRAINT  =       47.6257
 EAMBER  =   -45332.4209


   NSTEP       ENERGY          RMS            GMAX         NAME    NUMBER
     85      -4.5542E+04     1.4805E+00     1.7419E+01     H2      13227

 BOND    =     2691.2276  ANGLE   =      113.1894  DIHED      =      639.9373
 VDWAALS =     4095.7035  EEL     =   -56361.3713  HBOND      =        0.0000
 1-4 VDW =      245.9901  1-4 EEL =     2984.6723  RESTRAINT  =       48.1991
 EAMBER  =   -45590.6512


   NSTEP       ENERGY          RMS            GMAX         NAME    NUMBER
     90      -4.5667E+04     9.7207E-01     1.3624E+01     Cl-       912

 BOND    =     2610.2372  ANGLE   =      112.4580  DIHED      =      639.9236
 VDWAALS =     4131.2702  EEL     =   -56439.4116  HBOND      =        0.0000
 1-4 VDW =      246.1435  1-4 EEL =     2984.6859  RESTRAINT  =       47.9326
 EAMBER  =   -45714.6930


   NSTEP       ENERGY          RMS            GMAX         NAME    NUMBER
     95      -4.5810E+04     9.7612E-01     1.3177E+01     Cl-       912

 BOND    =     2638.0312  ANGLE   =      112.5607  DIHED      =      639.9086
 VDWAALS =     4177.6984  EEL     =   -56656.7229  HBOND      =        0.0000
 1-4 VDW =      246.1194  1-4 EEL =     2984.6909  RESTRAINT  =       47.9242
 EAMBER  =   -45857.7138


   NSTEP       ENERGY          RMS            GMAX         NAME    NUMBER
    100      -4.5931E+04     2.0702E+00     2.6137E+01     H2      13227

 BOND    =     2833.7436  ANGLE   =      113.7715  DIHED      =      639.8951
 VDWAALS =     4226.7609  EEL     =   -57024.0139  HBOND      =        0.0000
 1-4 VDW =      245.8682  1-4 EEL =     2984.6564  RESTRAINT  =       48.2776
 EAMBER  =   -45979.3182


   NSTEP       ENERGY          RMS            GMAX         NAME    NUMBER
    105      -4.5997E+04     9.1534E-01     1.2158E+01     Cl-       912

 BOND    =     2654.8899  ANGLE   =      112.4850  DIHED      =      639.8895
 VDWAALS =     4242.8760  EEL     =   -56925.5921  HBOND      =        0.0000
 1-4 VDW =      246.1475  1-4 EEL =     2984.7069  RESTRAINT  =       47.8332
 EAMBER  =   -46044.5973


   NSTEP       ENERGY          RMS            GMAX         NAME    NUMBER
    110      -4.7334E+04     1.9894E+00     8.0213E+01     Cl-       912

 BOND    =     2900.3229  ANGLE   =      117.3986  DIHED      =      639.9214
 VDWAALS =     5204.4811  EEL     =   -59481.8283  HBOND      =        0.0000
 1-4 VDW =      246.8273  1-4 EEL =     2985.2242  RESTRAINT  =       53.1780
 EAMBER  =   -47387.6528


   NSTEP       ENERGY          RMS            GMAX         NAME    NUMBER
    115      -4.7453E+04     1.3853E+00     5.0385E+01     O       10183

 BOND    =     2870.0716  ANGLE   =      115.7774  DIHED      =      639.9210
 VDWAALS =     5177.5605  EEL     =   -59543.0139  HBOND      =        0.0000
 1-4 VDW =      246.5675  1-4 EEL =     2985.0041  RESTRAINT  =       55.2188
 EAMBER  =   -47508.1118


   NSTEP       ENERGY          RMS            GMAX         NAME    NUMBER
    120      -4.7767E+04     1.6672E+00     8.6755E+01     HZ1       869

 BOND    =     2992.3368  ANGLE   =      127.7992  DIHED      =      640.1018
 VDWAALS =     5229.0376  EEL     =   -60050.2000  HBOND      =        0.0000
 1-4 VDW =      245.5734  1-4 EEL =     2984.0916  RESTRAINT  =       63.9404
 EAMBER  =   -47831.2597


   NSTEP       ENERGY          RMS            GMAX         NAME    NUMBER
    125      -4.8034E+04     2.3622E+00     1.1421E+02     C         906

 BOND    =     3149.4798  ANGLE   =      128.0911  DIHED      =      640.0547
 VDWAALS =     5500.0695  EEL     =   -60778.5315  HBOND      =        0.0000
 1-4 VDW =      246.3425  1-4 EEL =     2984.9097  RESTRAINT  =       95.3113
 EAMBER  =   -48129.5842


   NSTEP       ENERGY          RMS            GMAX         NAME    NUMBER
    130      -4.8038E+04     2.3043E+00     1.0763E+02     C         906

 BOND    =     3143.0283  ANGLE   =      127.7911  DIHED      =      640.0522
 VDWAALS =     5499.9398  EEL     =   -60774.6450  HBOND      =        0.0000
 1-4 VDW =      246.3345  1-4 EEL =     2984.9186  RESTRAINT  =       94.8651
 EAMBER  =   -48132.5807


   NSTEP       ENERGY          RMS            GMAX         NAME    NUMBER
    135      -4.8216E+04     1.7551E+00     1.0621E+02     C         906

 BOND    =     3011.4319  ANGLE   =      113.6531  DIHED      =      639.9524
 VDWAALS =     5511.7519  EEL     =   -60777.0744  HBOND      =        0.0000
 1-4 VDW =      246.2238  1-4 EEL =     2984.5605  RESTRAINT  =       53.5171
 EAMBER  =   -48269.5009


   NSTEP       ENERGY          RMS            GMAX         NAME    NUMBER
    140      -4.8344E+04     1.1867E+00     4.4405E+01     HZ1       869

 BOND    =     3089.1317  ANGLE   =      118.5769  DIHED      =      640.0905
 VDWAALS =     5596.9115  EEL     =   -61082.3649  HBOND      =        0.0000
 1-4 VDW =      245.9070  1-4 EEL =     2985.2512  RESTRAINT  =       62.5090
 EAMBER  =   -48406.4961


   NSTEP       ENERGY          RMS            GMAX         NAME    NUMBER
    145      -4.8507E+04     1.4202E+00     7.6014E+01     CE        865

 BOND    =     3075.6010  ANGLE   =      127.3783  DIHED      =      640.1032
 VDWAALS =     5773.6556  EEL     =   -61419.1914  HBOND      =        0.0000
 1-4 VDW =      246.7860  1-4 EEL =     2984.8721  RESTRAINT  =       63.6699
 EAMBER  =   -48570.7952


   NSTEP       ENERGY          RMS            GMAX         NAME    NUMBER
    150      -4.8644E+04     2.1990E+00     8.9987E+01     CE        865

 BOND    =     3208.7637  ANGLE   =      130.6032  DIHED      =      640.1763
 VDWAALS =     5963.5222  EEL     =   -61908.3548  HBOND      =        0.0000
 1-4 VDW =      245.4569  1-4 EEL =     2984.1251  RESTRAINT  =       91.4788
 EAMBER  =   -48735.7076


   NSTEP       ENERGY          RMS            GMAX         NAME    NUMBER
    155      -4.8649E+04     2.1032E+00     8.5758E+01     CE        865

 BOND    =     3201.9582  ANGLE   =      129.9862  DIHED      =      640.1613
 VDWAALS =     5963.4268  EEL     =   -61904.4900  HBOND      =        0.0000
 1-4 VDW =      245.4781  1-4 EEL =     2984.1176  RESTRAINT  =       90.7543
 EAMBER  =   -48739.3618


   NSTEP       ENERGY          RMS            GMAX         NAME    NUMBER
    160      -4.8765E+04     1.3152E+00     5.7601E+01     NZ        868

 BOND    =     3067.3353  ANGLE   =      116.8352  DIHED      =      639.8839
 VDWAALS =     5958.0809  EEL     =   -61830.4420  HBOND      =        0.0000
 1-4 VDW =      246.4318  1-4 EEL =     2984.9500  RESTRAINT  =       51.6707
 EAMBER  =   -48816.9250


   NSTEP       ENERGY          RMS            GMAX         NAME    NUMBER
    165      -4.8825E+04     1.0842E+00     4.0609E+01     NZ        868

 BOND    =     3145.0658  ANGLE   =      117.0995  DIHED      =      640.0708
 VDWAALS =     5971.4240  EEL     =   -61986.3232  HBOND      =        0.0000
 1-4 VDW =      246.1029  1-4 EEL =     2985.0180  RESTRAINT  =       56.2340
 EAMBER  =   -48881.5422


   NSTEP       ENERGY          RMS            GMAX         NAME    NUMBER
    170      -4.8987E+04     3.3444E+00     2.0616E+02     CD        796

 BOND    =     3270.2176  ANGLE   =      135.4537  DIHED      =      640.6533
 VDWAALS =     6187.0915  EEL     =   -62549.3024  HBOND      =        0.0000
 1-4 VDW =      245.3893  1-4 EEL =     2984.7963  RESTRAINT  =       98.7320
 EAMBER  =   -49085.7006


   NSTEP       ENERGY          RMS            GMAX         NAME    NUMBER
    175      -4.9167E+04     2.1784E+00     9.6703E+01     HZ2       870

 BOND    =     3213.1076  ANGLE   =      129.6584  DIHED      =      640.7172
 VDWAALS =     6329.6735  EEL     =   -62786.3451  HBOND      =        0.0000
 1-4 VDW =      247.3920  1-4 EEL =     2984.1723  RESTRAINT  =       74.7461
 EAMBER  =   -49241.6242


   NSTEP       ENERGY          RMS            GMAX         NAME    NUMBER
    180      -4.9170E+04     2.1125E+00     9.5266E+01     HZ2       870

 BOND    =     3210.0065  ANGLE   =      129.2470  DIHED      =      640.6879
 VDWAALS =     6329.4661  EEL     =   -62785.6957  HBOND      =        0.0000
 1-4 VDW =      247.3530  1-4 EEL =     2984.1613  RESTRAINT  =       74.3051
 EAMBER  =   -49244.7739


   NSTEP       ENERGY          RMS            GMAX         NAME    NUMBER
    185      -4.9306E+04     1.2597E+00     5.4353E+01     CG        599

 BOND    =     3193.1058  ANGLE   =      114.3183  DIHED      =      640.1076
 VDWAALS =     6336.7853  EEL     =   -62871.3688  HBOND      =        0.0000
 1-4 VDW =      246.0572  1-4 EEL =     2984.7111  RESTRAINT  =       50.7282
 EAMBER  =   -49356.2834


   NSTEP       ENERGY          RMS            GMAX         NAME    NUMBER
    190      -4.9374E+04     1.1415E+00     4.3062E+01     HZ1       869

 BOND    =     3217.3493  ANGLE   =      119.5342  DIHED      =      639.9875
 VDWAALS =     6385.3652  EEL     =   -63025.0596  HBOND      =        0.0000
 1-4 VDW =      246.2447  1-4 EEL =     2985.0847  RESTRAINT  =       57.7692
 EAMBER  =   -49431.4940


   NSTEP       ENERGY          RMS            GMAX         NAME    NUMBER
    195      -4.9484E+04     1.2747E+00     5.7331E+01     CE        865

 BOND    =     3240.2421  ANGLE   =      117.4449  DIHED      =      640.0615
 VDWAALS =     6553.1636  EEL     =   -63323.8232  HBOND      =        0.0000
 1-4 VDW =      246.6047  1-4 EEL =     2984.5289  RESTRAINT  =       57.8043
 EAMBER  =   -49541.7776


   NSTEP       ENERGY          RMS            GMAX         NAME    NUMBER
    200      -4.9552E+04     1.4255E+00     6.1482E+01     HZ1       869

 BOND    =     3253.7815  ANGLE   =      125.5322  DIHED      =      640.1039
 VDWAALS =     6633.4183  EEL     =   -63499.9292  HBOND      =        0.0000
 1-4 VDW =      246.0095  1-4 EEL =     2983.8172  RESTRAINT  =       65.5508
 EAMBER  =   -49617.2667


   NSTEP       ENERGY          RMS            GMAX         NAME    NUMBER
    205      -4.9555E+04     1.3581E+00     6.0574E+01     HZ1       869

 BOND    =     3251.8382  ANGLE   =      124.9456  DIHED      =      640.0873
 VDWAALS =     6633.3204  EEL     =   -63499.5857  HBOND      =        0.0000
 1-4 VDW =      246.0192  1-4 EEL =     2983.8204  RESTRAINT  =       64.9771
 EAMBER  =   -49619.5546


   NSTEP       ENERGY          RMS            GMAX         NAME    NUMBER
    210      -4.9626E+04     8.1661E-01     2.8731E+01     C         906

 BOND    =     3251.1399  ANGLE   =      115.2998  DIHED      =      639.8631
 VDWAALS =     6629.2150  EEL     =   -63541.6990  HBOND      =        0.0000
 1-4 VDW =      245.9314  1-4 EEL =     2984.9984  RESTRAINT  =       49.0169
 EAMBER  =   -49675.2516


   NSTEP       ENERGY          RMS            GMAX         NAME    NUMBER
    215      -4.9669E+04     1.1019E+00     4.0465E+01     NZ        868

 BOND    =     3262.9018  ANGLE   =      117.2283  DIHED      =      640.0078
 VDWAALS =     6637.6816  EEL     =   -63613.2082  HBOND      =        0.0000
 1-4 VDW =      246.4868  1-4 EEL =     2985.2904  RESTRAINT  =       55.0006
 EAMBER  =   -49723.6113


   NSTEP       ENERGY          RMS            GMAX         NAME    NUMBER
    220      -4.9802E+04     1.7484E+00     7.0401E+01     CE2       896

 BOND    =     3317.9911  ANGLE   =      118.8248  DIHED      =      639.8423
 VDWAALS =     6771.5808  EEL     =   -63935.3635  HBOND      =        0.0000
 1-4 VDW =      245.3394  1-4 EEL =     2984.5876  RESTRAINT  =       54.7685
 EAMBER  =   -49857.1976


   NSTEP       ENERGY          RMS            GMAX         NAME    NUMBER
    225      -4.9884E+04     1.6479E+00     4.9477E+01     CD        796

 BOND    =     3309.8036  ANGLE   =      121.3880  DIHED      =      640.1443
 VDWAALS =     6872.7785  EEL     =   -64119.4192  HBOND      =        0.0000
 1-4 VDW =      247.1460  1-4 EEL =     2984.5109  RESTRAINT  =       59.9121
 EAMBER  =   -49943.6480


   NSTEP       ENERGY          RMS            GMAX         NAME    NUMBER
    230      -4.9887E+04     1.5539E+00     4.5911E+01     NZ        868

 BOND    =     3307.3686  ANGLE   =      121.0622  DIHED      =      640.1299
 VDWAALS =     6872.7331  EEL     =   -64119.6569  HBOND      =        0.0000
 1-4 VDW =      247.0798  1-4 EEL =     2984.4924  RESTRAINT  =       59.5541
 EAMBER  =   -49946.7908


   NSTEP       ENERGY          RMS            GMAX         NAME    NUMBER
    235      -4.9983E+04     1.5237E+00     8.8517E+01     CD        796

 BOND    =     3335.5453  ANGLE   =      116.2728  DIHED      =      639.8635
 VDWAALS =     6890.2371  EEL     =   -64246.5879  HBOND      =        0.0000
 1-4 VDW =      246.1698  1-4 EEL =     2984.5836  RESTRAINT  =       51.3352
 EAMBER  =   -50033.9158


   NSTEP       ENERGY          RMS            GMAX         NAME    NUMBER
    240      -5.0041E+04     1.0491E+00     3.8186E+01     HZ1       869

 BOND    =     3339.7698  ANGLE   =      118.5275  DIHED      =      639.9837
 VDWAALS =     6932.6789  EEL     =   -64359.6354  HBOND      =        0.0000
 1-4 VDW =      246.2988  1-4 EEL =     2985.3819  RESTRAINT  =       56.0385
 EAMBER  =   -50096.9949


   NSTEP       ENERGY          RMS            GMAX         NAME    NUMBER
    245      -5.0114E+04     7.5574E-01     3.6732E+01     CD        862

 BOND    =     3338.0846  ANGLE   =      114.2534  DIHED      =      639.9013
 VDWAALS =     7038.6055  EEL     =   -64525.6444  HBOND      =        0.0000
 1-4 VDW =      246.4296  1-4 EEL =     2984.6426  RESTRAINT  =       49.4889
 EAMBER  =   -50163.7275


   NSTEP       ENERGY          RMS            GMAX         NAME    NUMBER
    250      -5.0161E+04     1.3232E+00     5.6971E+01     CD        796

 BOND    =     3377.8891  ANGLE   =      123.4900  DIHED      =      640.3862
 VDWAALS =     7112.0232  EEL     =   -64705.8049  HBOND      =        0.0000
 1-4 VDW =      245.3190  1-4 EEL =     2984.2315  RESTRAINT  =       61.3853
 EAMBER  =   -50222.4659


   NSTEP       ENERGY          RMS            GMAX         NAME    NUMBER
    255      -5.0164E+04     1.2469E+00     5.2844E+01     HZ2       870

 BOND    =     3375.9852  ANGLE   =      122.9446  DIHED      =      640.3534
 VDWAALS =     7111.9117  EEL     =   -64705.2807  HBOND      =        0.0000
 1-4 VDW =      245.3486  1-4 EEL =     2984.2073  RESTRAINT  =       60.8820
 EAMBER  =   -50224.5299


   NSTEP       ENERGY          RMS            GMAX         NAME    NUMBER
    260      -5.0219E+04     7.2292E-01     2.8679E+01     HZ1       869

 BOND    =     3356.8621  ANGLE   =      115.0677  DIHED      =      639.8299
 VDWAALS =     7107.9249  EEL     =   -64718.1351  HBOND      =        0.0000
 1-4 VDW =      246.3336  1-4 EEL =     2984.7288  RESTRAINT  =       48.8042
 EAMBER  =   -50267.3882


   NSTEP       ENERGY          RMS            GMAX         NAME    NUMBER
    265      -5.0255E+04     9.7295E-01     3.7313E+01     NZ        868

 BOND    =     3383.8168  ANGLE   =      116.7274  DIHED      =      640.1381
 VDWAALS =     7116.0041  EEL     =   -64796.7829  HBOND      =        0.0000
 1-4 VDW =      245.9218  1-4 EEL =     2985.3958  RESTRAINT  =       53.5411
 EAMBER  =   -50308.7788


   NSTEP       ENERGY          RMS            GMAX         NAME    NUMBER
    270      -5.0355E+04     1.5498E+00     1.0576E+02     CD        796

 BOND    =     3405.0749  ANGLE   =      117.8901  DIHED      =      639.6095
 VDWAALS =     7218.8737  EEL     =   -65017.3819  HBOND      =        0.0000
 1-4 VDW =      245.8692  1-4 EEL =     2984.3814  RESTRAINT  =       50.7002
 EAMBER  =   -50405.6832


   NSTEP       ENERGY          RMS            GMAX         NAME    NUMBER
    275      -5.0412E+04     1.3939E+00     4.7845E+01     CG        599

 BOND    =     3407.7343  ANGLE   =      119.3267  DIHED      =      640.1572
 VDWAALS =     7295.9603  EEL     =   -65163.1472  HBOND      =        0.0000
 1-4 VDW =      246.7924  1-4 EEL =     2984.9044  RESTRAINT  =       56.5646
 EAMBER  =   -50468.2719


   NSTEP       ENERGY          RMS            GMAX         NAME    NUMBER
    280      -5.0414E+04     1.3046E+00     4.1444E+01     CG        599

 BOND    =     3406.2322  ANGLE   =      119.0396  DIHED      =      640.1372
 VDWAALS =     7295.9649  EEL     =   -65163.7183  HBOND      =        0.0000
 1-4 VDW =      246.7323  1-4 EEL =     2984.8555  RESTRAINT  =       56.2636
 EAMBER  =   -50470.7566


   NSTEP       ENERGY          RMS            GMAX         NAME    NUMBER
    285      -5.0492E+04     1.2872E+00     7.7957E+01     CG        599

 BOND    =     3424.5064  ANGLE   =      116.5672  DIHED      =      639.6765
 VDWAALS =     7314.0233  EEL     =   -65268.8036  HBOND      =        0.0000
 1-4 VDW =      246.5418  1-4 EEL =     2984.3865  RESTRAINT  =       50.9467
 EAMBER  =   -50543.1020


   NSTEP       ENERGY          RMS            GMAX         NAME    NUMBER
    290      -5.0536E+04     9.3501E-01     3.6527E+01     NZ        868

 BOND    =     3432.5544  ANGLE   =      117.3407  DIHED      =      640.0208
 VDWAALS =     7348.4089  EEL     =   -65359.6327  HBOND      =        0.0000
 1-4 VDW =      245.9931  1-4 EEL =     2985.5120  RESTRAINT  =       53.7230
 EAMBER  =   -50589.8028


   NSTEP       ENERGY          RMS            GMAX         NAME    NUMBER
    295      -5.0590E+04     5.3439E-01     2.2252E+01     CE        865

 BOND    =     3431.5050  ANGLE   =      113.9481  DIHED      =      639.8300
 VDWAALS =     7426.3067  EEL     =   -65481.8433  HBOND      =        0.0000
 1-4 VDW =      246.2684  1-4 EEL =     2984.5010  RESTRAINT  =       49.1709
 EAMBER  =   -50639.4840


   NSTEP       ENERGY          RMS            GMAX         NAME    NUMBER
    300      -5.0650E+04     1.5592E+00     8.8271E+01     CD        796

 BOND    =     3483.4487  ANGLE   =      126.2023  DIHED      =      641.4382
 VDWAALS =     7523.6661  EEL     =   -65715.9328  HBOND      =        0.0000
 1-4 VDW =      245.1384  1-4 EEL =     2983.9906  RESTRAINT  =       62.0003
 EAMBER  =   -50712.0485


   NSTEP       ENERGY          RMS            GMAX         NAME    NUMBER
    305      -5.0653E+04     1.4783E+00     7.7854E+01     CD        796

 BOND    =     3481.3636  ANGLE   =      125.5471  DIHED      =      641.3582
 VDWAALS =     7523.5469  EEL     =   -65715.5268  HBOND      =        0.0000
 1-4 VDW =      245.1684  1-4 EEL =     2983.9847  RESTRAINT  =       61.4339
 EAMBER  =   -50714.5578


   NSTEP       ENERGY          RMS            GMAX         NAME    NUMBER
    310      -5.0710E+04     5.3542E-01     2.1314E+01     HZ1       869

 BOND    =     3455.4592  ANGLE   =      114.4868  DIHED      =      639.7948
 VDWAALS =     7519.3400  EEL     =   -65718.3311  HBOND      =        0.0000
 1-4 VDW =      246.2502  1-4 EEL =     2984.6317  RESTRAINT  =       48.6087
 EAMBER  =   -50758.3684


   NSTEP       ENERGY          RMS            GMAX         NAME    NUMBER
    315      -5.0739E+04     8.7891E-01     3.4578E+01     NZ        868

 BOND    =     3475.0157  ANGLE   =      115.4744  DIHED      =      639.9493
 VDWAALS =     7527.6140  EEL     =   -65780.5440  HBOND      =        0.0000
 1-4 VDW =      246.0057  1-4 EEL =     2985.1524  RESTRAINT  =       51.8928
 EAMBER  =   -50791.3326


   NSTEP       ENERGY          RMS            GMAX         NAME    NUMBER
    320      -5.0817E+04     1.1546E+00     5.0690E+01     CE        865

 BOND    =     3489.1667  ANGLE   =      116.7472  DIHED      =      639.7537
 VDWAALS =     7592.5299  EEL     =   -65936.2177  HBOND      =        0.0000
 1-4 VDW =      245.9124  1-4 EEL =     2984.7949  RESTRAINT  =       50.2826
 EAMBER  =   -50867.3129


   NSTEP       ENERGY          RMS            GMAX         NAME    NUMBER
    325      -5.0872E+04     1.1287E+00     4.7176E+01     CG        599

 BOND    =     3491.4559  ANGLE   =      116.8604  DIHED      =      639.8475
 VDWAALS =     7676.0702  EEL     =   -66080.1372  HBOND      =        0.0000
 1-4 VDW =      246.5025  1-4 EEL =     2984.7056  RESTRAINT  =       52.7090
 EAMBER  =   -50924.6951


   NSTEP       ENERGY          RMS            GMAX         NAME    NUMBER
    330      -5.0874E+04     1.0435E+00     3.9442E+01     CG        599

 BOND    =     3490.9907  ANGLE   =      116.6691  DIHED      =      639.8388
 VDWAALS =     7676.0394  EEL     =   -66081.3356  HBOND      =        0.0000
 1-4 VDW =      246.4538  1-4 EEL =     2984.6576  RESTRAINT  =       52.5001
 EAMBER  =   -50926.6862


   NSTEP       ENERGY          RMS            GMAX         NAME    NUMBER
    335      -5.0945E+04     1.1215E+00     5.7400E+01     CG        599

 BOND    =     3509.2852  ANGLE   =      116.9493  DIHED      =      639.8919
 VDWAALS =     7690.3852  EEL     =   -66184.8323  HBOND      =        0.0000
 1-4 VDW =      246.5102  1-4 EEL =     2984.8330  RESTRAINT  =       51.8309
 EAMBER  =   -50996.9775


   NSTEP       ENERGY          RMS            GMAX         NAME    NUMBER
    340      -5.0984E+04     8.9652E-01     3.8149E+01     NZ        868

 BOND    =     3515.8643  ANGLE   =      116.3676  DIHED      =      639.8682
 VDWAALS =     7721.6864  EEL     =   -66260.9932  HBOND      =        0.0000
 1-4 VDW =      245.9525  1-4 EEL =     2985.3528  RESTRAINT  =       52.2445
 EAMBER  =   -51035.9014


   NSTEP       ENERGY          RMS            GMAX         NAME    NUMBER
    345      -5.1023E+04     4.2912E-01     1.1252E+01     HZ1       869

 BOND    =     3516.3870  ANGLE   =      113.9006  DIHED      =      639.7106
 VDWAALS =     7775.2635  EEL     =   -66347.2440  HBOND      =        0.0000
 1-4 VDW =      246.1537  1-4 EEL =     2984.4657  RESTRAINT  =       48.4587
 EAMBER  =   -51071.3628


   NSTEP       ENERGY          RMS            GMAX         NAME    NUMBER
    350      -5.1128E+04     1.9619E+00     7.5657E+01     CD        796

 BOND    =     3609.9467  ANGLE   =      130.9068  DIHED      =      644.6741
 VDWAALS =     7963.9773  EEL     =   -66777.3631  HBOND      =        0.0000
 1-4 VDW =      245.1730  1-4 EEL =     2984.3154  RESTRAINT  =       70.6867
 EAMBER  =   -51198.3699


   NSTEP       ENERGY          RMS            GMAX         NAME    NUMBER
    355      -5.1132E+04     1.8735E+00     6.8178E+01     CD        796

 BOND    =     3606.0212  ANGLE   =      130.1121  DIHED      =      644.5090
 VDWAALS =     7963.8718  EEL     =   -66775.8135  HBOND      =        0.0000
 1-4 VDW =      245.1633  1-4 EEL =     2984.2969  RESTRAINT  =       69.9937
 EAMBER  =   -51201.8393


   NSTEP       ENERGY          RMS            GMAX         NAME    NUMBER
    360      -5.1214E+04     6.5130E-01     3.9039E+01     CD        796

 BOND    =     3560.1150  ANGLE   =      114.5650  DIHED      =      639.6905
 VDWAALS =     7957.8887  EEL     =   -66765.5227  HBOND      =        0.0000
 1-4 VDW =      246.4258  1-4 EEL =     2984.6289  RESTRAINT  =       48.5793
 EAMBER  =   -51262.2087


   NSTEP       ENERGY          RMS            GMAX         NAME    NUMBER
    365      -5.1239E+04     7.5562E-01     2.8124E+01     CD        796

 BOND    =     3574.5433  ANGLE   =      115.3869  DIHED      =      639.5749
 VDWAALS =     7949.3259  EEL     =   -66798.3398  HBOND      =        0.0000
 1-4 VDW =      246.3084  1-4 EEL =     2984.7831  RESTRAINT  =       49.8347
 EAMBER  =   -51288.4174


   NSTEP       ENERGY          RMS            GMAX         NAME    NUMBER
    370      -5.1286E+04     7.9895E-01     3.0650E+01     CD        862

 BOND    =     3576.8098  ANGLE   =      114.3650  DIHED      =      640.6638
 VDWAALS =     7962.8629  EEL     =   -66861.8138  HBOND      =        0.0000
 1-4 VDW =      245.6355  1-4 EEL =     2984.7198  RESTRAINT  =       50.7850
 EAMBER  =   -51336.7568


   NSTEP       ENERGY          RMS            GMAX         NAME    NUMBER
    375      -5.1314E+04     8.3514E-01     3.2689E+01     CG        599

 BOND    =     3576.7573  ANGLE   =      114.7283  DIHED      =      639.7071
 VDWAALS =     7995.3032  EEL     =   -66922.2511  HBOND      =        0.0000
 1-4 VDW =      246.3218  1-4 EEL =     2984.9039  RESTRAINT  =       50.1067
 EAMBER  =   -51364.5296


   NSTEP       ENERGY          RMS            GMAX         NAME    NUMBER
    380      -5.1316E+04     7.2759E-01     2.3963E+01     CG        599

 BOND    =     3575.8589  ANGLE   =      114.6038  DIHED      =      639.7002
 VDWAALS =     7995.3823  EEL     =   -66922.9450  HBOND      =        0.0000
 1-4 VDW =      246.2720  1-4 EEL =     2984.8416  RESTRAINT  =       49.9069
 EAMBER  =   -51366.2862


   NSTEP       ENERGY          RMS            GMAX         NAME    NUMBER
    385      -5.1347E+04     8.0173E-01     3.6010E+01     CG        599

 BOND    =     3579.1417  ANGLE   =      114.0986  DIHED      =      640.0529
 VDWAALS =     8011.9519  EEL     =   -66972.4613  HBOND      =        0.0000
 1-4 VDW =      246.3619  1-4 EEL =     2984.6442  RESTRAINT  =       49.5312
 EAMBER  =   -51396.2101


   NSTEP       ENERGY          RMS            GMAX         NAME    NUMBER
    390      -5.1390E+04     7.3557E-01     2.4879E+01     CE        865

 BOND    =     3597.2831  ANGLE   =      114.7040  DIHED      =      639.7110
 VDWAALS =     8061.4108  EEL     =   -67082.8406  HBOND      =        0.0000
 1-4 VDW =      246.1628  1-4 EEL =     2984.8961  RESTRAINT  =       48.7847
 EAMBER  =   -51438.6729


   NSTEP       ENERGY          RMS            GMAX         NAME    NUMBER
    395      -5.1414E+04     7.3795E-01     2.8077E+01     CD        862

 BOND    =     3595.3039  ANGLE   =      114.4266  DIHED      =      639.8304
 VDWAALS =     8107.5607  EEL     =   -67151.4895  HBOND      =        0.0000
 1-4 VDW =      246.0765  1-4 EEL =     2984.6451  RESTRAINT  =       49.3224
 EAMBER  =   -51463.6463


   NSTEP       ENERGY          RMS            GMAX         NAME    NUMBER
    400      -5.1507E+04     1.0803E+00     5.1902E+01     CD        862

 BOND    =     3625.3083  ANGLE   =      122.0660  DIHED      =      639.9190
 VDWAALS =     8206.9604  EEL     =   -67393.7683  HBOND      =        0.0000
 1-4 VDW =      246.3655  1-4 EEL =     2984.3389  RESTRAINT  =       61.9057
 EAMBER  =   -51568.8102


   NSTEP       ENERGY          RMS            GMAX         NAME    NUMBER
    405      -5.1509E+04     1.0160E+00     4.6877E+01     CD        862

 BOND    =     3624.6723  ANGLE   =      121.6054  DIHED      =      639.9074
 VDWAALS =     8206.8955  EEL     =   -67394.2612  HBOND      =        0.0000
 1-4 VDW =      246.3610  1-4 EEL =     2984.3307  RESTRAINT  =       61.3308
 EAMBER  =   -51570.4889


   NSTEP       ENERGY          RMS            GMAX         NAME    NUMBER
    410      -5.1551E+04     6.5813E-01     4.1555E+01     CG        599

 BOND    =     3622.4063  ANGLE   =      114.2194  DIHED      =      639.8173
 VDWAALS =     8206.5791  EEL     =   -67412.8517  HBOND      =        0.0000
 1-4 VDW =      246.0950  1-4 EEL =     2984.8244  RESTRAINT  =       48.1127
 EAMBER  =   -51598.9103


   NSTEP       ENERGY          RMS            GMAX         NAME    NUMBER
    415      -5.1566E+04     6.3955E-01     2.3912E+01     CG        599

 BOND    =     3628.8546  ANGLE   =      114.1203  DIHED      =      639.6294
 VDWAALS =     8208.7848  EEL     =   -67437.4409  HBOND      =        0.0000
 1-4 VDW =      245.7648  1-4 EEL =     2984.4339  RESTRAINT  =       49.5297
 EAMBER  =   -51615.8531


   NSTEP       ENERGY          RMS            GMAX         NAME    NUMBER
    420      -5.1613E+04     8.2165E-01     3.0847E+01     CE2       896

 BOND    =     3637.2189  ANGLE   =      115.1313  DIHED      =      639.8446
 VDWAALS =     8243.5731  EEL     =   -67530.8074  HBOND      =        0.0000
 1-4 VDW =      246.1962  1-4 EEL =     2984.5962  RESTRAINT  =       51.1377
 EAMBER  =   -51664.2470


   NSTEP       ENERGY          RMS            GMAX         NAME    NUMBER
    425      -5.1647E+04     9.8046E-01     3.0378E+01     CD        796

 BOND    =     3648.0485  ANGLE   =      115.4850  DIHED      =      639.9064
 VDWAALS =     8288.5257  EEL     =   -67620.7687  HBOND      =        0.0000
 1-4 VDW =      246.5655  1-4 EEL =     2984.8695  RESTRAINT  =       50.6600
 EAMBER  =   -51697.3681


   NSTEP       ENERGY          RMS            GMAX         NAME    NUMBER
    430      -5.1649E+04     8.6874E-01     2.6808E+01     CE        865

 BOND    =     3646.5299  ANGLE   =      115.3392  DIHED      =      639.8855
 VDWAALS =     8288.5535  EEL     =   -67621.0633  HBOND      =        0.0000
 1-4 VDW =      246.4891  1-4 EEL =     2984.8648  RESTRAINT  =       50.4225
 EAMBER  =   -51699.4012


   NSTEP       ENERGY          RMS            GMAX         NAME    NUMBER
    435      -5.1684E+04     7.3382E-01     3.2095E+01     CD        796

 BOND    =     3647.2102  ANGLE   =      113.0196  DIHED      =      639.9546
 VDWAALS =     8296.5860  EEL     =   -67660.4247  HBOND      =        0.0000
 1-4 VDW =      246.1920  1-4 EEL =     2984.2754  RESTRAINT  =       49.1493
 EAMBER  =   -51733.1869


   NSTEP       ENERGY          RMS            GMAX         NAME    NUMBER
    440      -5.1716E+04     7.3249E-01     4.1574E+01     CD        796

 BOND    =     3666.3489  ANGLE   =      114.9958  DIHED      =      639.6892
 VDWAALS =     8319.8382  EEL     =   -67737.6580  HBOND      =        0.0000
 1-4 VDW =      246.1051  1-4 EEL =     2984.7213  RESTRAINT  =       50.3840
 EAMBER  =   -51765.9596


   NSTEP       ENERGY          RMS            GMAX         NAME    NUMBER
    445      -5.1741E+04     5.7896E-01     1.8004E+01     CD        862

 BOND    =     3656.7997  ANGLE   =      114.1253  DIHED      =      639.8995
 VDWAALS =     8359.9103  EEL     =   -67790.8882  HBOND      =        0.0000
 1-4 VDW =      245.8894  1-4 EEL =     2984.7945  RESTRAINT  =       48.2607
 EAMBER  =   -51789.4695


   NSTEP       ENERGY          RMS            GMAX         NAME    NUMBER
    450      -5.1766E+04     8.0283E-01     3.4391E+01     CD        862

 BOND    =     3677.9996  ANGLE   =      116.2903  DIHED      =      639.6316
 VDWAALS =     8413.1157  EEL     =   -67896.3175  HBOND      =        0.0000
 1-4 VDW =      245.7528  1-4 EEL =     2984.0030  RESTRAINT  =       53.5297
 EAMBER  =   -51819.5244


   NSTEP       ENERGY          RMS            GMAX         NAME    NUMBER
    455      -5.1768E+04     7.1931E-01     2.9327E+01     CD        862

 BOND    =     3676.3912  ANGLE   =      115.9939  DIHED      =      639.6311
 VDWAALS =     8412.9573  EEL     =   -67895.8678  HBOND      =        0.0000
 1-4 VDW =      245.7796  1-4 EEL =     2984.0394  RESTRAINT  =       53.1567
 EAMBER  =   -51821.0753


   NSTEP       ENERGY          RMS            GMAX         NAME    NUMBER
    460      -5.1795E+04     6.4673E-01     2.6007E+01     CG        491

 BOND    =     3669.3456  ANGLE   =      114.7428  DIHED      =      639.9907
 VDWAALS =     8407.4702  EEL     =   -67906.2645  HBOND      =        0.0000
 1-4 VDW =      246.3392  1-4 EEL =     2985.2442  RESTRAINT  =       48.3012
 EAMBER  =   -51843.1318


   NSTEP       ENERGY          RMS            GMAX         NAME    NUMBER
    465      -5.1812E+04     6.4089E-01     2.2610E+01     HZ1       869

 BOND    =     3682.6640  ANGLE   =      114.8402  DIHED      =      639.6744
 VDWAALS =     8406.1202  EEL     =   -67936.1030  HBOND      =        0.0000
 1-4 VDW =      245.8982  1-4 EEL =     2984.6630  RESTRAINT  =       50.4982
 EAMBER  =   -51862.2430


   NSTEP       ENERGY          RMS            GMAX         NAME    NUMBER
    470      -5.1849E+04     7.8399E-01     3.5678E+01     CE2       896

 BOND    =     3683.2697  ANGLE   =      114.6018  DIHED      =      639.6554
 VDWAALS =     8434.5191  EEL     =   -68001.2809  HBOND      =        0.0000
 1-4 VDW =      246.0056  1-4 EEL =     2984.4108  RESTRAINT  =       49.4793
 EAMBER  =   -51898.8184


   NSTEP       ENERGY          RMS            GMAX         NAME    NUMBER
    475      -5.1869E+04     8.7841E-01     3.0394E+01     CE        865

 BOND    =     3687.2599  ANGLE   =      116.1026  DIHED      =      639.7885
 VDWAALS =     8460.5923  EEL     =   -68054.7056  HBOND      =        0.0000
 1-4 VDW =      246.6036  1-4 EEL =     2984.8001  RESTRAINT  =       50.9314
 EAMBER  =   -51919.5584


   NSTEP       ENERGY          RMS            GMAX         NAME    NUMBER
    480      -5.1871E+04     7.6012E-01     2.6260E+01     CE        865

 BOND    =     3686.1507  ANGLE   =      115.8964  DIHED      =      639.7761
 VDWAALS =     8460.7504  EEL     =   -68055.4503  HBOND      =        0.0000
 1-4 VDW =      246.5243  1-4 EEL =     2984.8127  RESTRAINT  =       50.6512
 EAMBER  =   -51921.5397


   NSTEP       ENERGY          RMS            GMAX         NAME    NUMBER
    485      -5.1896E+04     6.3077E-01     2.5441E+01     CG        599

 BOND    =     3688.5375  ANGLE   =      112.7530  DIHED      =      639.8995
 VDWAALS =     8472.1433  EEL     =   -68087.7903  HBOND      =        0.0000
 1-4 VDW =      246.0369  1-4 EEL =     2984.6044  RESTRAINT  =       48.2455
 EAMBER  =   -51943.8158


   NSTEP       ENERGY          RMS            GMAX         NAME    NUMBER
    490      -5.1916E+04     6.5785E-01     2.4554E+01     CG        599

 BOND    =     3700.3515  ANGLE   =      115.2993  DIHED      =      639.6317
 VDWAALS =     8492.5943  EEL     =   -68145.4180  HBOND      =        0.0000
 1-4 VDW =      246.0184  1-4 EEL =     2984.6559  RESTRAINT  =       50.9491
 EAMBER  =   -51966.8668


   NSTEP       ENERGY          RMS            GMAX         NAME    NUMBER
    495      -5.1945E+04     5.8743E-01     1.8792E+01     CD        862

 BOND    =     3702.1606  ANGLE   =      113.9405  DIHED      =      640.0136
 VDWAALS =     8544.8117  EEL     =   -68225.0344  HBOND      =        0.0000
 1-4 VDW =      246.1510  1-4 EEL =     2984.8920  RESTRAINT  =       48.0197
 EAMBER  =   -51993.0649


   NSTEP       ENERGY          RMS            GMAX         NAME    NUMBER
    500      -5.1961E+04     7.0883E-01     2.3010E+01     CD        862

 BOND    =     3711.6049  ANGLE   =      115.0424  DIHED      =      639.6746
 VDWAALS =     8577.2180  EEL     =   -68285.3359  HBOND      =        0.0000
 1-4 VDW =      245.6280  1-4 EEL =     2983.9049  RESTRAINT  =       50.7981
 EAMBER  =   -52012.2631


  Maximum number of minimization cycles reached.


                    FINAL RESULTS



   NSTEP       ENERGY          RMS            GMAX         NAME    NUMBER
    500      -5.1961E+04     7.0883E-01     2.3010E+01     CD        862

 BOND    =     3711.6049  ANGLE   =      115.0424  DIHED      =      639.6746
 VDWAALS =     8577.2180  EEL     =   -68285.3359  HBOND      =        0.0000
 1-4 VDW =      245.6280  1-4 EEL =     2983.9049  RESTRAINT  =       50.7981
 EAMBER  =   -52012.2631
--------------------------------------------------------------------------------
   5.  TIMINGS
--------------------------------------------------------------------------------

|  NonSetup CPU Time in Major Routines:
|
|     Routine           Sec        %
|     ------------------------------
|     Nonbond          22.89   97.53
|     Bond              0.08    0.34
|     Angle             0.06    0.24
|     Dihedral          0.32    1.38
|     Shake             0.00    0.00
|     Other             0.12    0.51
|     ------------------------------
|     Total            23.47

|  PME Nonbond Pairlist CPU Time:
|
|     Routine              Sec        %
|     ---------------------------------
|     Set Up Cit           0.00    0.00
|     Build List           0.61    2.61
|     ---------------------------------
|     Total                0.61    2.61

|  PME Direct Force CPU Time:
|
|     Routine              Sec        %
|     ---------------------------------
|     NonBonded Calc      15.26   65.02
|     Exclude Masked       0.30    1.28
|     Other                0.06    0.24
|     ---------------------------------
|     Total               15.62   66.54

|  PME Reciprocal Force CPU Time:
|
|     Routine              Sec        %
|     ---------------------------------
|     1D bspline           0.24    1.04
|     Grid Charges         0.39    1.65
|     Scalar Sum           2.45   10.43
|     Gradient Sum         0.77    3.29
|     FFT                  2.78   11.85
|     ---------------------------------
|     Total                6.63   28.26

|  Setup CPU time:            0.15 seconds
|  NonSetup CPU time:        23.47 seconds
|  Total CPU time:           23.62 seconds     0.01 hours

|  Setup wall time:           0    seconds
|  NonSetup wall time:       24    seconds
|  Total wall time:          24    seconds     0.01 hours
