
          -------------------------------------------------------
          Amber 16 PMEMD                              2016
          -------------------------------------------------------

| PMEMD implementation of SANDER, Release 16

| Run on 10/26/2017 at 17:36:11

|   Executable path: pmemd
| Working directory: /home/german/alex/run/1r/mhe/m
|          Hostname: Unknown
  [-O]verwriting output

File Assignments:
|   MDIN: mmin.in                                                               
|  MDOUT: mmin.out                                                              
| INPCRD: m1r.rst7                                                              
|   PARM: /home/german/alex/top_files/1r.prmtop                                 
| RESTRT: mm1r.rst7                                                             
|   REFC: 1r.rst7                                                               
|  MDVEL: mdvel                                                                 
|   MDEN: mden                                                                  
|  MDCRD: mm1r.crd                                                              
| MDINFO: mdinfo                                                                
|  MDFRC: mdfrc                                                                 


 Here is the input file:

Minimization with Cartesian restraints                                         
&cntrl                                                                         
imin=1,                                                                        
ntmin=1,                                ! Steepest Descent, then Conjugate Grad
ncyc=100,                               ! 100 steps of Steepest Descent        
maxcyc=500,                             ! 400 steps of Conjugate Gradient      
ntpr=5,                                                                        
&end                                                                           


Note: ig = -1. Setting random seed to   805115 based on wallclock time in 
      microseconds.
 
 
| Conditional Compilation Defines Used:
| PUBFFT
| BINTRAJ
| EMIL

| Largest sphere to fit in unit cell has radius =    24.199

| New format PARM file being parsed.
| Version =    1.000 Date = 10/26/17 Time = 14:22:23

| Note: 1-4 EEL scale factors are being read from the topology file.

| Note: 1-4 VDW scale factors are being read from the topology file.
| Duplicated    0 dihedrals

| Duplicated    0 dihedrals

--------------------------------------------------------------------------------
   1.  RESOURCE   USE: 
--------------------------------------------------------------------------------

 getting box info from netcdf restart file
 NATOM  =   13656 NTYPES =      17 NBONH =   13195 MBONA  =     468
 NTHETH =    1031 MTHETA =     630 NPHIH =    2066 MPHIA  =    1981
 NHPARM =       0 NPARM  =       0 NNB   =   22021 NRES   =    4309
 NBONA  =     468 NTHETA =     630 NPHIA =    1981 NUMBND =      67
 NUMANG =     152 NPTRA  =     191 NATYP =      36 NPHB   =       1
 IFBOX  =       2 NMXRS  =      25 IFCAP =       0 NEXTRA =       0
 NCOPY  =       0

| Coordinate Index Table dimensions:    11   11   11
| Direct force subcell size =     5.3887    5.3887    5.3887

     BOX TYPE: TRUNCATED OCTAHEDRON

--------------------------------------------------------------------------------
   2.  CONTROL  DATA  FOR  THE  RUN
--------------------------------------------------------------------------------

default_name                                                                    

General flags:
     imin    =       1, nmropt  =       0

Nature and format of input:
     ntx     =       1, irest   =       0, ntrx    =       1

Nature and format of output:
     ntxo    =       2, ntpr    =       5, ntrx    =       1, ntwr    =       1
     iwrap   =       0, ntwx    =       0, ntwv    =       0, ntwe    =       0
     ioutfm  =       1, ntwprt  =       0, idecomp =       0, rbornstat=      0

Potential function:
     ntf     =       1, ntb     =       1, igb     =       0, nsnb    =      25
     ipol    =       0, gbsa    =       0, iesp    =       0
     dielc   =   1.00000, cut     =   8.00000, intdiel =   1.00000

Frozen or restrained atoms:
     ibelly  =       0, ntr     =       0

Energy minimization:
     maxcyc  =     500, ncyc    =     100, ntmin   =       1
     dx0     =   0.01000, drms    =   0.00010

| Intermolecular bonds treatment:
|     no_intermolecular_bonds =       1

| Energy averages sample interval:
|     ene_avg_sampling =       1

Ewald parameters:
     verbose =       0, ew_type =       0, nbflag  =       1, use_pme =       1
     vdwmeth =       1, eedmeth =       1, netfrc  =       0
     Box X =   59.276   Box Y =   59.276   Box Z =   59.276
     Alpha =  109.471   Beta  =  109.471   Gamma =  109.471
     NFFT1 =   60       NFFT2 =   60       NFFT3 =   60
     Cutoff=    8.000   Tol   =0.100E-04
     Ewald Coefficient =  0.34864
     Interpolation order =    4

--------------------------------------------------------------------------------
   3.  ATOMIC COORDINATES AND VELOCITIES
--------------------------------------------------------------------------------

default_name                                                                    
 begin time read from input coords =     0.000 ps

 
 Number of triangulated 3-point waters found:     4248

     Sum of charges from parm topology file =  -0.00000003
     Forcing neutrality...

| Dynamic Memory, Types Used:
| Reals              425771
| Integers           379037

| Nonbonded Pairs Initial Allocation:     2280893

--------------------------------------------------------------------------------
   4.  RESULTS
--------------------------------------------------------------------------------

 ---------------------------------------------------
 APPROXIMATING switch and d/dx switch using CUBIC SPLINE INTERPOLATION
 using   5000.0 points per unit in tabled values
 TESTING RELATIVE ERROR over r ranging from 0.0 to cutoff
| CHECK switch(x): max rel err =   0.2738E-14   at   2.422500
| CHECK d/dx switch(x): max rel err =   0.8332E-11   at   2.782960
 ---------------------------------------------------
|---------------------------------------------------
| APPROXIMATING direct energy using CUBIC SPLINE INTERPOLATION
|  with   50.0 points per unit in tabled values
| Relative Error Limit not exceeded for r .gt.   2.47
| APPROXIMATING direct force using CUBIC SPLINE INTERPOLATION
|  with   50.0 points per unit in tabled values
| Relative Error Limit not exceeded for r .gt.   2.89
|---------------------------------------------------


   NSTEP       ENERGY          RMS            GMAX         NAME    NUMBER
      1      -5.2012E+04     9.1653E-01     2.7088E+01     OXT       908

 BOND    =     3711.6049  ANGLE   =      115.0424  DIHED      =      639.6746
 VDWAALS =     8577.2180  EEL     =   -68285.3359  HBOND      =        0.0000
 1-4 VDW =      245.6280  1-4 EEL =     2983.9049  RESTRAINT  =        0.0000


   NSTEP       ENERGY          RMS            GMAX         NAME    NUMBER
      5      -5.2023E+04     7.3876E-01     2.3812E+01     OXT       908

 BOND    =     3709.8357  ANGLE   =      114.3351  DIHED      =      639.8883
 VDWAALS =     8574.1092  EEL     =   -68287.1769  HBOND      =        0.0000
 1-4 VDW =      243.7151  1-4 EEL =     2982.4517  RESTRAINT  =        0.0000


   NSTEP       ENERGY          RMS            GMAX         NAME    NUMBER
     10      -5.2047E+04     5.8362E-01     1.6329E+01     OXT       908

 BOND    =     3708.0566  ANGLE   =      113.9082  DIHED      =      640.7264
 VDWAALS =     8565.7672  EEL     =   -68291.8620  HBOND      =        0.0000
 1-4 VDW =      238.2995  1-4 EEL =     2977.9575  RESTRAINT  =        0.0000


   NSTEP       ENERGY          RMS            GMAX         NAME    NUMBER
     15      -5.2093E+04     4.1851E-01     8.5019E+00     OXT       908

 BOND    =     3708.6797  ANGLE   =      115.7462  DIHED      =      642.8424
 VDWAALS =     8552.2712  EEL     =   -68306.4011  HBOND      =        0.0000
 1-4 VDW =      226.7219  1-4 EEL =     2967.3095  RESTRAINT  =        0.0000


   NSTEP       ENERGY          RMS            GMAX         NAME    NUMBER
     20      -5.2137E+04     1.0870E+00     3.2072E+01     CG        491

 BOND    =     3717.0633  ANGLE   =      119.5573  DIHED      =      645.4433
 VDWAALS =     8547.1822  EEL     =   -68334.4247  HBOND      =        0.0000
 1-4 VDW =      213.3078  1-4 EEL =     2955.0737  RESTRAINT  =        0.0000


   NSTEP       ENERGY          RMS            GMAX         NAME    NUMBER
     25      -5.2155E+04     3.2193E-01     3.8205E+00     HG        707

 BOND    =     3714.6170  ANGLE   =      120.0811  DIHED      =      646.0045
 VDWAALS =     8548.3187  EEL     =   -68347.2202  HBOND      =        0.0000
 1-4 VDW =      210.3662  1-4 EEL =     2952.5675  RESTRAINT  =        0.0000


   NSTEP       ENERGY          RMS            GMAX         NAME    NUMBER
     30      -5.2167E+04     2.9018E-01     3.6490E+00     HG        707

 BOND    =     3715.9830  ANGLE   =      120.9218  DIHED      =      646.5083
 VDWAALS =     8550.3915  EEL     =   -68358.4729  HBOND      =        0.0000
 1-4 VDW =      207.6859  1-4 EEL =     2950.2172  RESTRAINT  =        0.0000


   NSTEP       ENERGY          RMS            GMAX         NAME    NUMBER
     35      -5.2178E+04     2.8209E-01     3.4898E+00     HG        707

 BOND    =     3717.7128  ANGLE   =      121.7634  DIHED      =      646.9829
 VDWAALS =     8553.2567  EEL     =   -68371.0326  HBOND      =        0.0000
 1-4 VDW =      205.1695  1-4 EEL =     2947.9912  RESTRAINT  =        0.0000


   NSTEP       ENERGY          RMS            GMAX         NAME    NUMBER
     40      -5.2189E+04     5.5027E-01     1.0397E+01     H1       8927

 BOND    =     3722.1194  ANGLE   =      122.6103  DIHED      =      647.4385
 VDWAALS =     8556.9385  EEL     =   -68386.2996  HBOND      =        0.0000
 1-4 VDW =      202.7358  1-4 EEL =     2945.8381  RESTRAINT  =        0.0000


   NSTEP       ENERGY          RMS            GMAX         NAME    NUMBER
     45      -5.2199E+04     3.4308E-01     5.4064E+00     H1       8927

 BOND    =     3721.8589  ANGLE   =      123.2514  DIHED      =      647.7558
 VDWAALS =     8560.2894  EEL     =   -68397.3083  HBOND      =        0.0000
 1-4 VDW =      201.0199  1-4 EEL =     2944.2547  RESTRAINT  =        0.0000


   NSTEP       ENERGY          RMS            GMAX         NAME    NUMBER
     50      -5.2209E+04     3.7204E-01     6.3443E+00     H1       8927

 BOND    =     3723.9292  ANGLE   =      123.9103  DIHED      =      648.0737
 VDWAALS =     8564.3745  EEL     =   -68410.9115  HBOND      =        0.0000
 1-4 VDW =      199.2810  1-4 EEL =     2942.6496  RESTRAINT  =        0.0000


   NSTEP       ENERGY          RMS            GMAX         NAME    NUMBER
     55      -5.2216E+04     6.3355E-01     1.2568E+01     H1       8927

 BOND    =     3728.2028  ANGLE   =      124.4846  DIHED      =      648.3388
 VDWAALS =     8568.3868  EEL     =   -68424.6856  HBOND      =        0.0000
 1-4 VDW =      197.8025  1-4 EEL =     2941.2860  RESTRAINT  =        0.0000


   NSTEP       ENERGY          RMS            GMAX         NAME    NUMBER
     60      -5.2225E+04     6.5457E-01     1.3076E+01     H1       8927

 BOND    =     3730.2238  ANGLE   =      125.0181  DIHED      =      648.5758
 VDWAALS =     8572.6550  EEL     =   -68437.9240  HBOND      =        0.0000
 1-4 VDW =      196.4670  1-4 EEL =     2940.0137  RESTRAINT  =        0.0000


   NSTEP       ENERGY          RMS            GMAX         NAME    NUMBER
     65      -5.2233E+04     7.0490E-01     1.4488E+01     CD        394

 BOND    =     3732.6197  ANGLE   =      125.5150  DIHED      =      648.7881
 VDWAALS =     8577.0566  EEL     =   -68451.4602  HBOND      =        0.0000
 1-4 VDW =      195.2525  1-4 EEL =     2938.8421  RESTRAINT  =        0.0000


   NSTEP       ENERGY          RMS            GMAX         NAME    NUMBER
     70      -5.2241E+04     7.7028E-01     1.6835E+01     CD        394

 BOND    =     3735.1302  ANGLE   =      125.9603  DIHED      =      648.9715
 VDWAALS =     8581.3890  EEL     =   -68464.6034  HBOND      =        0.0000
 1-4 VDW =      194.1869  1-4 EEL =     2937.7980  RESTRAINT  =        0.0000


   NSTEP       ENERGY          RMS            GMAX         NAME    NUMBER
     75      -5.2249E+04     7.2489E-01     1.5070E+01     CD        394

 BOND    =     3735.8311  ANGLE   =      126.2927  DIHED      =      649.1140
 VDWAALS =     8585.2048  EEL     =   -68475.3994  HBOND      =        0.0000
 1-4 VDW =      193.3545  1-4 EEL =     2936.9472  RESTRAINT  =        0.0000


   NSTEP       ENERGY          RMS            GMAX         NAME    NUMBER
     80      -5.2257E+04     7.5300E-01     1.7655E+01     CD        394

 BOND    =     3737.9451  ANGLE   =      126.6788  DIHED      =      649.2678
 VDWAALS =     8589.8119  EEL     =   -68488.8642  HBOND      =        0.0000
 1-4 VDW =      192.4400  1-4 EEL =     2936.0248  RESTRAINT  =        0.0000


   NSTEP       ENERGY          RMS            GMAX         NAME    NUMBER
     85      -5.2265E+04     7.6274E-01     2.0051E+01     CD        394

 BOND    =     3739.8107  ANGLE   =      127.0377  DIHED      =      649.4072
 VDWAALS =     8594.4651  EEL     =   -68502.3091  HBOND      =        0.0000
 1-4 VDW =      191.5992  1-4 EEL =     2935.1638  RESTRAINT  =        0.0000


   NSTEP       ENERGY          RMS            GMAX         NAME    NUMBER
     90      -5.2275E+04     2.4371E-01     4.0288E+00     CD        394

 BOND    =     3734.2994  ANGLE   =      127.2730  DIHED      =      649.5207
 VDWAALS =     8598.8293  EEL     =   -68510.4304  HBOND      =        0.0000
 1-4 VDW =      190.9656  1-4 EEL =     2934.3491  RESTRAINT  =        0.0000


   NSTEP       ENERGY          RMS            GMAX         NAME    NUMBER
     95      -5.2279E+04     8.3965E-01     2.3120E+01     CD        394

 BOND    =     3743.7986  ANGLE   =      127.6252  DIHED      =      649.6289
 VDWAALS =     8603.1274  EEL     =   -68526.8470  HBOND      =        0.0000
 1-4 VDW =      190.2388  1-4 EEL =     2933.7376  RESTRAINT  =        0.0000


   NSTEP       ENERGY          RMS            GMAX         NAME    NUMBER
    100      -5.2286E+04     8.6611E-01     2.6353E+01     CD        394

 BOND    =     3745.8381  ANGLE   =      127.9313  DIHED      =      649.7336
 VDWAALS =     8607.8178  EEL     =   -68540.1361  HBOND      =        0.0000
 1-4 VDW =      189.5789  1-4 EEL =     2933.0465  RESTRAINT  =        0.0000


   NSTEP       ENERGY          RMS            GMAX         NAME    NUMBER
    105      -5.2368E+04     6.9820E-01     3.0098E+01     CD        394

 BOND    =     3757.5831  ANGLE   =      131.2379  DIHED      =      651.1791
 VDWAALS =     8661.3301  EEL     =   -68678.2265  HBOND      =        0.0000
 1-4 VDW =      183.0436  1-4 EEL =     2925.6857  RESTRAINT  =        0.0000


   NSTEP       ENERGY          RMS            GMAX         NAME    NUMBER
    110      -5.2546E+04     1.5419E+00     9.4770E+01     OG        706

 BOND    =     3874.2044  ANGLE   =      155.1865  DIHED      =      662.8156
 VDWAALS =     8941.0583  EEL     =   -69239.0951  HBOND      =        0.0000
 1-4 VDW =      158.4953  1-4 EEL =     2901.6128  RESTRAINT  =        0.0000


   NSTEP       ENERGY          RMS            GMAX         NAME    NUMBER
    115      -5.2604E+04     1.0038E+00     4.0122E+01     SG        427

 BOND    =     3847.8857  ANGLE   =      171.8412  DIHED      =      664.2369
 VDWAALS =     8988.3870  EEL     =   -69328.5993  HBOND      =        0.0000
 1-4 VDW =      158.3923  1-4 EEL =     2893.5818  RESTRAINT  =        0.0000


   NSTEP       ENERGY          RMS            GMAX         NAME    NUMBER
    120      -5.2639E+04     8.4952E-01     3.1561E+01     H1      11639

 BOND    =     3860.9728  ANGLE   =      175.0032  DIHED      =      663.2925
 VDWAALS =     8990.1859  EEL     =   -69383.4827  HBOND      =        0.0000
 1-4 VDW =      162.4053  1-4 EEL =     2892.8589  RESTRAINT  =        0.0000


   NSTEP       ENERGY          RMS            GMAX         NAME    NUMBER
    125      -5.2690E+04     8.6938E-01     4.0424E+01     CB        703

 BOND    =     3864.1025  ANGLE   =      150.5251  DIHED      =      659.9942
 VDWAALS =     9025.7624  EEL     =   -69455.9608  HBOND      =        0.0000
 1-4 VDW =      165.7377  1-4 EEL =     2900.1382  RESTRAINT  =        0.0000


   NSTEP       ENERGY          RMS            GMAX         NAME    NUMBER
    130      -5.2692E+04     7.3648E-01     3.4753E+01     CB        703

 BOND    =     3859.8710  ANGLE   =      150.3101  DIHED      =      659.9337
 VDWAALS =     9025.6597  EEL     =   -69453.6477  HBOND      =        0.0000
 1-4 VDW =      165.7921  1-4 EEL =     2900.1512  RESTRAINT  =        0.0000


   NSTEP       ENERGY          RMS            GMAX         NAME    NUMBER
    135      -5.2712E+04     5.2668E-01     2.7983E+01     CG        184

 BOND    =     3848.4216  ANGLE   =      155.6660  DIHED      =      657.9891
 VDWAALS =     9023.7590  EEL     =   -69466.9350  HBOND      =        0.0000
 1-4 VDW =      167.4203  1-4 EEL =     2901.8266  RESTRAINT  =        0.0000


   NSTEP       ENERGY          RMS            GMAX         NAME    NUMBER
    140      -5.2733E+04     5.6545E-01     2.2998E+01     OG        706

 BOND    =     3853.0453  ANGLE   =      146.6570  DIHED      =      655.6025
 VDWAALS =     9039.4526  EEL     =   -69504.9333  HBOND      =        0.0000
 1-4 VDW =      167.2122  1-4 EEL =     2909.9122  RESTRAINT  =        0.0000


   NSTEP       ENERGY          RMS            GMAX         NAME    NUMBER
    145      -5.2749E+04     7.9172E-01     3.2188E+01     OG        706

 BOND    =     3863.0021  ANGLE   =      140.1453  DIHED      =      653.9049
 VDWAALS =     9050.8577  EEL     =   -69537.7202  HBOND      =        0.0000
 1-4 VDW =      168.3167  1-4 EEL =     2912.0192  RESTRAINT  =        0.0000


   NSTEP       ENERGY          RMS            GMAX         NAME    NUMBER
    150      -5.2810E+04     7.6523E-01     3.9322E+01     CG        184

 BOND    =     3860.5546  ANGLE   =      145.6712  DIHED      =      648.5219
 VDWAALS =     9099.7732  EEL     =   -69656.9127  HBOND      =        0.0000
 1-4 VDW =      176.7360  1-4 EEL =     2915.8968  RESTRAINT  =        0.0000


   NSTEP       ENERGY          RMS            GMAX         NAME    NUMBER
    155      -5.2812E+04     6.8400E-01     3.1082E+01     CG        184

 BOND    =     3859.6280  ANGLE   =      145.1234  DIHED      =      648.4775
 VDWAALS =     9099.7150  EEL     =   -69657.2279  HBOND      =        0.0000
 1-4 VDW =      176.7492  1-4 EEL =     2915.9716  RESTRAINT  =        0.0000


   NSTEP       ENERGY          RMS            GMAX         NAME    NUMBER
    160      -5.2837E+04     4.9472E-01     1.8810E+01     CG        184

 BOND    =     3855.1196  ANGLE   =      137.0210  DIHED      =      647.9761
 VDWAALS =     9101.0600  EEL     =   -69673.2117  HBOND      =        0.0000
 1-4 VDW =      176.6366  1-4 EEL =     2918.2577  RESTRAINT  =        0.0000


   NSTEP       ENERGY          RMS            GMAX         NAME    NUMBER
    165      -5.2846E+04     3.8293E-01     1.2904E+01     SG        427

 BOND    =     3857.8919  ANGLE   =      137.7211  DIHED      =      647.9075
 VDWAALS =     9105.4647  EEL     =   -69689.4890  HBOND      =        0.0000
 1-4 VDW =      176.0650  1-4 EEL =     2918.6133  RESTRAINT  =        0.0000


   NSTEP       ENERGY          RMS            GMAX         NAME    NUMBER
    170      -5.2863E+04     4.9563E-01     2.0222E+01     CG        491

 BOND    =     3866.0806  ANGLE   =      138.0647  DIHED      =      648.3873
 VDWAALS =     9121.3968  EEL     =   -69728.3145  HBOND      =        0.0000
 1-4 VDW =      174.5084  1-4 EEL =     2916.4880  RESTRAINT  =        0.0000


   NSTEP       ENERGY          RMS            GMAX         NAME    NUMBER
    175      -5.2891E+04     6.4489E-01     2.0393E+01     CG        491

 BOND    =     3873.1640  ANGLE   =      142.5481  DIHED      =      650.4922
 VDWAALS =     9159.7740  EEL     =   -69803.0298  HBOND      =        0.0000
 1-4 VDW =      173.6753  1-4 EEL =     2912.6088  RESTRAINT  =        0.0000


   NSTEP       ENERGY          RMS            GMAX         NAME    NUMBER
    180      -5.2892E+04     5.4882E-01     1.3946E+01     HE22       97

 BOND    =     3872.4203  ANGLE   =      142.2990  DIHED      =      650.4049
 VDWAALS =     9159.6812  EEL     =   -69803.5628  HBOND      =        0.0000
 1-4 VDW =      173.6626  1-4 EEL =     2912.6229  RESTRAINT  =        0.0000


   NSTEP       ENERGY          RMS            GMAX         NAME    NUMBER
    185      -5.2912E+04     5.5960E-01     2.3953E+01     CG        491

 BOND    =     3872.6419  ANGLE   =      143.0471  DIHED      =      649.1450
 VDWAALS =     9159.1043  EEL     =   -69820.5980  HBOND      =        0.0000
 1-4 VDW =      173.1469  1-4 EEL =     2911.7198  RESTRAINT  =        0.0000


   NSTEP       ENERGY          RMS            GMAX         NAME    NUMBER
    190      -5.2930E+04     3.6329E-01     1.0759E+01     CA        701

 BOND    =     3875.6005  ANGLE   =      139.8444  DIHED      =      648.0337
 VDWAALS =     9166.0175  EEL     =   -69845.7568  HBOND      =        0.0000
 1-4 VDW =      172.4961  1-4 EEL =     2913.3763  RESTRAINT  =        0.0000


   NSTEP       ENERGY          RMS            GMAX         NAME    NUMBER
    195      -5.2940E+04     5.5766E-01     2.0591E+01     CG        491

 BOND    =     3875.6780  ANGLE   =      139.3946  DIHED      =      648.2025
 VDWAALS =     9176.1360  EEL     =   -69866.5083  HBOND      =        0.0000
 1-4 VDW =      172.9827  1-4 EEL =     2913.7782  RESTRAINT  =        0.0000


   NSTEP       ENERGY          RMS            GMAX         NAME    NUMBER
    200      -5.2962E+04     5.1493E-01     1.6977E+01     CA        701

 BOND    =     3885.4023  ANGLE   =      142.7612  DIHED      =      648.1592
 VDWAALS =     9202.7214  EEL     =   -69927.2384  HBOND      =        0.0000
 1-4 VDW =      173.5015  1-4 EEL =     2912.4700  RESTRAINT  =        0.0000


   NSTEP       ENERGY          RMS            GMAX         NAME    NUMBER
    205      -5.2964E+04     4.3534E-01     1.3382E+01     CA        701

 BOND    =     3884.1917  ANGLE   =      142.6296  DIHED      =      648.0999
 VDWAALS =     9202.8664  EEL     =   -69927.5248  HBOND      =        0.0000
 1-4 VDW =      173.4671  1-4 EEL =     2912.6162  RESTRAINT  =        0.0000


   NSTEP       ENERGY          RMS            GMAX         NAME    NUMBER
    210      -5.2977E+04     4.7081E-01     2.3375E+01     CG        491

 BOND    =     3882.6274  ANGLE   =      137.3293  DIHED      =      647.5430
 VDWAALS =     9206.9033  EEL     =   -69938.6937  HBOND      =        0.0000
 1-4 VDW =      172.8519  1-4 EEL =     2913.9968  RESTRAINT  =        0.0000


   NSTEP       ENERGY          RMS            GMAX         NAME    NUMBER
    215      -5.2987E+04     4.4618E-01     1.0611E+01     O        8602

 BOND    =     3888.4989  ANGLE   =      140.0511  DIHED      =      647.2682
 VDWAALS =     9212.2739  EEL     =   -69961.3381  HBOND      =        0.0000
 1-4 VDW =      173.0521  1-4 EEL =     2913.6405  RESTRAINT  =        0.0000


   NSTEP       ENERGY          RMS            GMAX         NAME    NUMBER
    220      -5.3005E+04     5.3853E-01     1.6932E+01     CA        701

 BOND    =     3887.4595  ANGLE   =      140.9652  DIHED      =      647.2890
 VDWAALS =     9235.0498  EEL     =   -70002.3407  HBOND      =        0.0000
 1-4 VDW =      174.1500  1-4 EEL =     2912.2610  RESTRAINT  =        0.0000


   NSTEP       ENERGY          RMS            GMAX         NAME    NUMBER
    225      -5.3021E+04     6.1863E-01     2.4050E+01     CG        491

 BOND    =     3897.7704  ANGLE   =      141.3929  DIHED      =      647.8073
 VDWAALS =     9259.8454  EEL     =   -70055.2192  HBOND      =        0.0000
 1-4 VDW =      174.6570  1-4 EEL =     2912.3985  RESTRAINT  =        0.0000


   NSTEP       ENERGY          RMS            GMAX         NAME    NUMBER
    230      -5.3023E+04     5.2661E-01     1.5572E+01     CG        491

 BOND    =     3896.8080  ANGLE   =      141.1397  DIHED      =      647.7452
 VDWAALS =     9259.8194  EEL     =   -70055.5425  HBOND      =        0.0000
 1-4 VDW =      174.6387  1-4 EEL =     2912.4242  RESTRAINT  =        0.0000


   NSTEP       ENERGY          RMS            GMAX         NAME    NUMBER
    235      -5.3041E+04     4.9676E-01     1.9910E+01     NE2        95

 BOND    =     3896.0489  ANGLE   =      141.9862  DIHED      =      646.7822
 VDWAALS =     9259.7883  EEL     =   -70071.4858  HBOND      =        0.0000
 1-4 VDW =      173.7943  1-4 EEL =     2912.1700  RESTRAINT  =        0.0000


   NSTEP       ENERGY          RMS            GMAX         NAME    NUMBER
    240      -5.3057E+04     3.5775E-01     1.3137E+01     CA        701

 BOND    =     3899.3220  ANGLE   =      139.3166  DIHED      =      646.0925
 VDWAALS =     9267.3363  EEL     =   -70094.8006  HBOND      =        0.0000
 1-4 VDW =      172.6883  1-4 EEL =     2913.4017  RESTRAINT  =        0.0000


   NSTEP       ENERGY          RMS            GMAX         NAME    NUMBER
    245      -5.3067E+04     4.9299E-01     2.7103E+01     CG        491

 BOND    =     3901.0596  ANGLE   =      138.4789  DIHED      =      646.0991
 VDWAALS =     9279.3190  EEL     =   -70117.5763  HBOND      =        0.0000
 1-4 VDW =      172.6707  1-4 EEL =     2912.9186  RESTRAINT  =        0.0000


   NSTEP       ENERGY          RMS            GMAX         NAME    NUMBER
    250      -5.3083E+04     4.5966E-01     1.2338E+01     CA        701

 BOND    =     3904.5521  ANGLE   =      142.6222  DIHED      =      646.0683
 VDWAALS =     9296.3081  EEL     =   -70157.1962  HBOND      =        0.0000
 1-4 VDW =      173.3019  1-4 EEL =     2910.9362  RESTRAINT  =        0.0000


   NSTEP       ENERGY          RMS            GMAX         NAME    NUMBER
    255      -5.3085E+04     3.7752E-01     9.2246E+00     CA        701

 BOND    =     3903.8120  ANGLE   =      142.4158  DIHED      =      645.9900
 VDWAALS =     9296.4833  EEL     =   -70157.8976  HBOND      =        0.0000
 1-4 VDW =      173.2479  1-4 EEL =     2911.0961  RESTRAINT  =        0.0000


   NSTEP       ENERGY          RMS            GMAX         NAME    NUMBER
    260      -5.3096E+04     4.3719E-01     1.5253E+01     CG        184

 BOND    =     3906.9260  ANGLE   =      137.5625  DIHED      =      645.3938
 VDWAALS =     9301.6150  EEL     =   -70172.3211  HBOND      =        0.0000
 1-4 VDW =      172.4351  1-4 EEL =     2912.5733  RESTRAINT  =        0.0000


   NSTEP       ENERGY          RMS            GMAX         NAME    NUMBER
    265      -5.3109E+04     4.2138E-01     1.5925E+01     CA        701

 BOND    =     3909.5405  ANGLE   =      140.6355  DIHED      =      645.1178
 VDWAALS =     9311.7707  EEL     =   -70200.8899  HBOND      =        0.0000
 1-4 VDW =      173.0583  1-4 EEL =     2912.0553  RESTRAINT  =        0.0000


   NSTEP       ENERGY          RMS            GMAX         NAME    NUMBER
    270      -5.3124E+04     5.7829E-01     2.0665E+01     CA        701

 BOND    =     3914.2808  ANGLE   =      141.6088  DIHED      =      645.1154
 VDWAALS =     9333.9056  EEL     =   -70243.2780  HBOND      =        0.0000
 1-4 VDW =      174.3221  1-4 EEL =     2910.5270  RESTRAINT  =        0.0000


   NSTEP       ENERGY          RMS            GMAX         NAME    NUMBER
    275      -5.3150E+04     5.5910E-01     1.3349E+01     CA        243

 BOND    =     3922.0613  ANGLE   =      141.5916  DIHED      =      645.3890
 VDWAALS =     9368.8104  EEL     =   -70313.1063  HBOND      =        0.0000
 1-4 VDW =      174.9246  1-4 EEL =     2910.5178  RESTRAINT  =        0.0000


   NSTEP       ENERGY          RMS            GMAX         NAME    NUMBER
    280      -5.3151E+04     4.9686E-01     1.0437E+01     CA        243

 BOND    =     3921.2900  ANGLE   =      141.2410  DIHED      =      645.2962
 VDWAALS =     9368.7748  EEL     =   -70313.4297  HBOND      =        0.0000
 1-4 VDW =      174.8949  1-4 EEL =     2910.5455  RESTRAINT  =        0.0000


   NSTEP       ENERGY          RMS            GMAX         NAME    NUMBER
    285      -5.3170E+04     5.2973E-01     2.3183E+01     CB        245

 BOND    =     3922.3797  ANGLE   =      142.7694  DIHED      =      644.2645
 VDWAALS =     9368.2532  EEL     =   -70332.6703  HBOND      =        0.0000
 1-4 VDW =      173.9683  1-4 EEL =     2910.8589  RESTRAINT  =        0.0000


   NSTEP       ENERGY          RMS            GMAX         NAME    NUMBER
    290      -5.3184E+04     4.0844E-01     1.2070E+01     CG        793

 BOND    =     3922.9141  ANGLE   =      138.5357  DIHED      =      644.0618
 VDWAALS =     9374.3086  EEL     =   -70348.6985  HBOND      =        0.0000
 1-4 VDW =      172.9570  1-4 EEL =     2911.8898  RESTRAINT  =        0.0000


   NSTEP       ENERGY          RMS            GMAX         NAME    NUMBER
    295      -5.3191E+04     4.1772E-01     1.7345E+01     CB        703

 BOND    =     3924.7174  ANGLE   =      138.6589  DIHED      =      644.2199
 VDWAALS =     9381.0561  EEL     =   -70364.0918  HBOND      =        0.0000
 1-4 VDW =      173.3036  1-4 EEL =     2910.6942  RESTRAINT  =        0.0000


   NSTEP       ENERGY          RMS            GMAX         NAME    NUMBER
    300      -5.3204E+04     4.2587E-01     1.2752E+01     CA        243

 BOND    =     3926.0775  ANGLE   =      141.6993  DIHED      =      644.2173
 VDWAALS =     9392.9560  EEL     =   -70391.8693  HBOND      =        0.0000
 1-4 VDW =      173.6368  1-4 EEL =     2909.5050  RESTRAINT  =        0.0000


   NSTEP       ENERGY          RMS            GMAX         NAME    NUMBER
    305      -5.3205E+04     3.2103E-01     7.9101E+00     CA        243

 BOND    =     3925.6496  ANGLE   =      141.4737  DIHED      =      644.1559
 VDWAALS =     9393.1350  EEL     =   -70392.8715  HBOND      =        0.0000
 1-4 VDW =      173.5814  1-4 EEL =     2909.6610  RESTRAINT  =        0.0000


   NSTEP       ENERGY          RMS            GMAX         NAME    NUMBER
    310      -5.3212E+04     3.5771E-01     1.9393E+01     CG        491

 BOND    =     3928.2817  ANGLE   =      138.3716  DIHED      =      643.7600
 VDWAALS =     9398.5783  EEL     =   -70404.9855  HBOND      =        0.0000
 1-4 VDW =      172.8002  1-4 EEL =     2911.3079  RESTRAINT  =        0.0000


   NSTEP       ENERGY          RMS            GMAX         NAME    NUMBER
    315      -5.3222E+04     3.7819E-01     1.0387E+01     CA        701

 BOND    =     3930.7690  ANGLE   =      141.3375  DIHED      =      643.5386
 VDWAALS =     9408.9628  EEL     =   -70430.4138  HBOND      =        0.0000
 1-4 VDW =      172.8621  1-4 EEL =     2911.4324  RESTRAINT  =        0.0000


   NSTEP       ENERGY          RMS            GMAX         NAME    NUMBER
    320      -5.3265E+04     9.6156E-01     2.8657E+01     H2       4233

 BOND    =     3965.6580  ANGLE   =      154.0419  DIHED      =      644.6832
 VDWAALS =     9494.2028  EEL     =   -70606.7799  HBOND      =        0.0000
 1-4 VDW =      174.8492  1-4 EEL =     2908.3838  RESTRAINT  =        0.0000


   NSTEP       ENERGY          RMS            GMAX         NAME    NUMBER
    325      -5.3313E+04     6.9976E-01     2.7965E+01     CG        184

 BOND    =     3958.9557  ANGLE   =      141.4233  DIHED      =      643.6639
 VDWAALS =     9570.4429  EEL     =   -70711.5719  HBOND      =        0.0000
 1-4 VDW =      174.9326  1-4 EEL =     2909.3988  RESTRAINT  =        0.0000


   NSTEP       ENERGY          RMS            GMAX         NAME    NUMBER
    330      -5.3314E+04     6.1130E-01     1.9670E+01     CG        184

 BOND    =     3958.8236  ANGLE   =      141.4138  DIHED      =      643.5970
 VDWAALS =     9570.2621  EEL     =   -70712.8933  HBOND      =        0.0000
 1-4 VDW =      174.9250  1-4 EEL =     2909.3980  RESTRAINT  =        0.0000


   NSTEP       ENERGY          RMS            GMAX         NAME    NUMBER
    335      -5.3348E+04     7.4369E-01     2.3506E+01     CG        184

 BOND    =     3971.8984  ANGLE   =      146.3196  DIHED      =      643.2061
 VDWAALS =     9559.0878  EEL     =   -70752.0742  HBOND      =        0.0000
 1-4 VDW =      174.7258  1-4 EEL =     2908.7309  RESTRAINT  =        0.0000


   NSTEP       ENERGY          RMS            GMAX         NAME    NUMBER
    340      -5.3372E+04     2.5963E-01     7.6002E+00     CA        243

 BOND    =     3961.9078  ANGLE   =      139.7447  DIHED      =      642.1121
 VDWAALS =     9563.3960  EEL     =   -70762.8947  HBOND      =        0.0000
 1-4 VDW =      173.2726  1-4 EEL =     2910.2465  RESTRAINT  =        0.0000


   NSTEP       ENERGY          RMS            GMAX         NAME    NUMBER
    345      -5.3377E+04     3.9445E-01     2.0320E+01     CG        491

 BOND    =     3964.3553  ANGLE   =      140.1515  DIHED      =      642.3132
 VDWAALS =     9567.4052  EEL     =   -70773.4230  HBOND      =        0.0000
 1-4 VDW =      172.9700  1-4 EEL =     2909.5854  RESTRAINT  =        0.0000


   NSTEP       ENERGY          RMS            GMAX         NAME    NUMBER
    350      -5.3387E+04     4.6097E-01     1.4292E+01     CG        491

 BOND    =     3966.4430  ANGLE   =      143.7547  DIHED      =      642.4313
 VDWAALS =     9579.6006  EEL     =   -70799.9229  HBOND      =        0.0000
 1-4 VDW =      172.8562  1-4 EEL =     2907.5261  RESTRAINT  =        0.0000


   NSTEP       ENERGY          RMS            GMAX         NAME    NUMBER
    355      -5.3389E+04     3.4043E-01     6.7954E+00     CA        243

 BOND    =     3965.7351  ANGLE   =      143.0488  DIHED      =      642.3773
 VDWAALS =     9579.5405  EEL     =   -70799.9870  HBOND      =        0.0000
 1-4 VDW =      172.8529  1-4 EEL =     2907.6207  RESTRAINT  =        0.0000


   NSTEP       ENERGY          RMS            GMAX         NAME    NUMBER
    360      -5.3396E+04     3.5403E-01     1.5297E+01     CG        491

 BOND    =     3967.2074  ANGLE   =      140.0725  DIHED      =      641.9819
 VDWAALS =     9581.3276  EEL     =   -70808.9410  HBOND      =        0.0000
 1-4 VDW =      172.7901  1-4 EEL =     2909.7188  RESTRAINT  =        0.0000


   NSTEP       ENERGY          RMS            GMAX         NAME    NUMBER
    365      -5.3403E+04     2.7950E-01     6.9447E+00     CA        179

 BOND    =     3967.0044  ANGLE   =      141.6577  DIHED      =      641.7275
 VDWAALS =     9585.1795  EEL     =   -70822.1394  HBOND      =        0.0000
 1-4 VDW =      173.3628  1-4 EEL =     2910.2867  RESTRAINT  =        0.0000


   NSTEP       ENERGY          RMS            GMAX         NAME    NUMBER
    370      -5.3413E+04     4.6605E-01     1.7440E+01     CG        184

 BOND    =     3973.5268  ANGLE   =      142.9033  DIHED      =      641.9955
 VDWAALS =     9599.4853  EEL     =   -70854.7642  HBOND      =        0.0000
 1-4 VDW =      174.0704  1-4 EEL =     2909.3394  RESTRAINT  =        0.0000


   NSTEP       ENERGY          RMS            GMAX         NAME    NUMBER
    375      -5.3433E+04     7.4161E-01     2.9312E+01     CG        491

 BOND    =     3981.7282  ANGLE   =      140.6566  DIHED      =      642.5969
 VDWAALS =     9631.9874  EEL     =   -70912.9178  HBOND      =        0.0000
 1-4 VDW =      173.8202  1-4 EEL =     2909.6266  RESTRAINT  =        0.0000


   NSTEP       ENERGY          RMS            GMAX         NAME    NUMBER
    380      -5.3434E+04     6.1419E-01     1.9807E+01     CG        491

 BOND    =     3980.3946  ANGLE   =      140.5212  DIHED      =      642.5052
 VDWAALS =     9631.9318  EEL     =   -70913.3407  HBOND      =        0.0000
 1-4 VDW =      173.8228  1-4 EEL =     2909.6667  RESTRAINT  =        0.0000


   NSTEP       ENERGY          RMS            GMAX         NAME    NUMBER
    385      -5.3450E+04     4.5960E-01     1.8102E+01     CG        184

 BOND    =     3978.9020  ANGLE   =      143.1395  DIHED      =      641.5597
 VDWAALS =     9628.9363  EEL     =   -70925.9490  HBOND      =        0.0000
 1-4 VDW =      174.0475  1-4 EEL =     2909.4003  RESTRAINT  =        0.0000


   NSTEP       ENERGY          RMS            GMAX         NAME    NUMBER
    390      -5.3465E+04     3.6213E-01     1.7357E+01     CG        184

 BOND    =     3980.2926  ANGLE   =      140.7502  DIHED      =      641.0695
 VDWAALS =     9633.7592  EEL     =   -70944.3573  HBOND      =        0.0000
 1-4 VDW =      173.1785  1-4 EEL =     2910.5641  RESTRAINT  =        0.0000


   NSTEP       ENERGY          RMS            GMAX         NAME    NUMBER
    395      -5.3469E+04     3.4851E-01     1.4056E+01     CG        491

 BOND    =     3978.8170  ANGLE   =      140.2676  DIHED      =      641.2653
 VDWAALS =     9639.2211  EEL     =   -70951.5741  HBOND      =        0.0000
 1-4 VDW =      172.8225  1-4 EEL =     2909.8526  RESTRAINT  =        0.0000


   NSTEP       ENERGY          RMS            GMAX         NAME    NUMBER
    400      -5.3476E+04     3.3239E-01     7.6001E+00     CA        243

 BOND    =     3981.8609  ANGLE   =      143.0725  DIHED      =      641.4715
 VDWAALS =     9648.2142  EEL     =   -70971.4680  HBOND      =        0.0000
 1-4 VDW =      172.7345  1-4 EEL =     2907.9137  RESTRAINT  =        0.0000


   NSTEP       ENERGY          RMS            GMAX         NAME    NUMBER
    405      -5.3477E+04     2.3821E-01     4.4403E+00     CA        243

 BOND    =     3981.6029  ANGLE   =      142.4028  DIHED      =      641.4026
 VDWAALS =     9648.2359  EEL     =   -70971.8981  HBOND      =        0.0000
 1-4 VDW =      172.7303  1-4 EEL =     2908.0610  RESTRAINT  =        0.0000


   NSTEP       ENERGY          RMS            GMAX         NAME    NUMBER
    410      -5.3483E+04     3.1896E-01     1.2638E+01     CG        491

 BOND    =     3981.6504  ANGLE   =      140.3421  DIHED      =      641.0990
 VDWAALS =     9650.0628  EEL     =   -70978.6347  HBOND      =        0.0000
 1-4 VDW =      172.6919  1-4 EEL =     2910.0058  RESTRAINT  =        0.0000


   NSTEP       ENERGY          RMS            GMAX         NAME    NUMBER
    415      -5.3491E+04     3.1868E-01     8.0485E+00     CA        701

 BOND    =     3984.3733  ANGLE   =      142.4429  DIHED      =      640.8934
 VDWAALS =     9654.9076  EEL     =   -70997.2983  HBOND      =        0.0000
 1-4 VDW =      173.4143  1-4 EEL =     2910.4509  RESTRAINT  =        0.0000


   NSTEP       ENERGY          RMS            GMAX         NAME    NUMBER
    420      -5.3502E+04     4.5863E-01     1.7481E+01     CG        184

 BOND    =     3988.6032  ANGLE   =      143.1812  DIHED      =      641.4050
 VDWAALS =     9671.5354  EEL     =   -71030.9067  HBOND      =        0.0000
 1-4 VDW =      174.1714  1-4 EEL =     2909.5580  RESTRAINT  =        0.0000


   NSTEP       ENERGY          RMS            GMAX         NAME    NUMBER
    425      -5.3523E+04     6.8721E-01     2.5389E+01     CG        491

 BOND    =     3997.7855  ANGLE   =      140.8961  DIHED      =      642.3286
 VDWAALS =     9702.9285  EEL     =   -71090.4670  HBOND      =        0.0000
 1-4 VDW =      173.7908  1-4 EEL =     2909.7654  RESTRAINT  =        0.0000


   NSTEP       ENERGY          RMS            GMAX         NAME    NUMBER
    430      -5.3525E+04     5.7081E-01     1.6407E+01     CG        491

 BOND    =     3996.5086  ANGLE   =      140.7467  DIHED      =      642.2172
 VDWAALS =     9702.8577  EEL     =   -71090.7924  HBOND      =        0.0000
 1-4 VDW =      173.7999  1-4 EEL =     2909.8067  RESTRAINT  =        0.0000


   NSTEP       ENERGY          RMS            GMAX         NAME    NUMBER
    435      -5.3539E+04     4.5832E-01     1.6433E+01     CG        184

 BOND    =     3995.9058  ANGLE   =      143.2448  DIHED      =      641.1511
 VDWAALS =     9700.4792  EEL     =   -71103.5673  HBOND      =        0.0000
 1-4 VDW =      173.9878  1-4 EEL =     2909.4993  RESTRAINT  =        0.0000


   NSTEP       ENERGY          RMS            GMAX         NAME    NUMBER
    440      -5.3554E+04     3.6908E-01     1.5868E+01     CG        184

 BOND    =     3996.4445  ANGLE   =      140.1337  DIHED      =      640.6377
 VDWAALS =     9705.7860  EEL     =   -71120.1000  HBOND      =        0.0000
 1-4 VDW =      173.0720  1-4 EEL =     2910.5169  RESTRAINT  =        0.0000


   NSTEP       ENERGY          RMS            GMAX         NAME    NUMBER
    445      -5.3558E+04     3.2199E-01     1.1181E+01     CG        184

 BOND    =     3995.9786  ANGLE   =      139.9544  DIHED      =      640.8825
 VDWAALS =     9709.7346  EEL     =   -71126.6236  HBOND      =        0.0000
 1-4 VDW =      172.8239  1-4 EEL =     2909.6102  RESTRAINT  =        0.0000


   NSTEP       ENERGY          RMS            GMAX         NAME    NUMBER
    450      -5.3564E+04     3.1833E-01     1.0013E+01     CA        243

 BOND    =     3997.3119  ANGLE   =      142.4967  DIHED      =      641.0395
 VDWAALS =     9716.1338  EEL     =   -71141.2470  HBOND      =        0.0000
 1-4 VDW =      172.8381  1-4 EEL =     2907.8052  RESTRAINT  =        0.0000


   NSTEP       ENERGY          RMS            GMAX         NAME    NUMBER
    455      -5.3565E+04     2.1210E-01     4.1286E+00     CA        243

 BOND    =     3997.2788  ANGLE   =      141.9274  DIHED      =      640.9789
 VDWAALS =     9716.2021  EEL     =   -71141.9998  HBOND      =        0.0000
 1-4 VDW =      172.8331  1-4 EEL =     2907.9456  RESTRAINT  =        0.0000


   NSTEP       ENERGY          RMS            GMAX         NAME    NUMBER
    460      -5.3569E+04     2.7889E-01     1.3264E+01     CG        491

 BOND    =     3998.3464  ANGLE   =      140.4111  DIHED      =      640.6320
 VDWAALS =     9718.0025  EEL     =   -71148.6737  HBOND      =        0.0000
 1-4 VDW =      172.8359  1-4 EEL =     2909.5589  RESTRAINT  =        0.0000


   NSTEP       ENERGY          RMS            GMAX         NAME    NUMBER
    465      -5.3575E+04     3.0501E-01     7.6195E+00     CG        686

 BOND    =     3999.3647  ANGLE   =      141.8094  DIHED      =      640.4556
 VDWAALS =     9722.3264  EEL     =   -71162.7568  HBOND      =        0.0000
 1-4 VDW =      173.2899  1-4 EEL =     2910.1682  RESTRAINT  =        0.0000


   NSTEP       ENERGY          RMS            GMAX         NAME    NUMBER
    470      -5.3598E+04     5.3855E-01     1.8065E+01     CG        184

 BOND    =     4012.5545  ANGLE   =      144.7877  DIHED      =      641.3484
 VDWAALS =     9754.6365  EEL     =   -71235.5905  HBOND      =        0.0000
 1-4 VDW =      174.7350  1-4 EEL =     2909.3158  RESTRAINT  =        0.0000


   NSTEP       ENERGY          RMS            GMAX         NAME    NUMBER
    475      -5.3626E+04     1.0152E+00     5.0643E+01     CG        184

 BOND    =     4018.0945  ANGLE   =      140.9037  DIHED      =      642.5879
 VDWAALS =     9803.9743  EEL     =   -71315.8219  HBOND      =        0.0000
 1-4 VDW =      174.0983  1-4 EEL =     2909.6639  RESTRAINT  =        0.0000


   NSTEP       ENERGY          RMS            GMAX         NAME    NUMBER
    480      -5.3629E+04     8.7617E-01     3.9733E+01     CG        184

 BOND    =     4016.9415  ANGLE   =      140.7419  DIHED      =      642.4777
 VDWAALS =     9803.8510  EEL     =   -71316.8162  HBOND      =        0.0000
 1-4 VDW =      174.0996  1-4 EEL =     2909.6878  RESTRAINT  =        0.0000


   NSTEP       ENERGY          RMS            GMAX         NAME    NUMBER
    485      -5.3651E+04     7.3998E-01     3.9106E+01     CG        184

 BOND    =     4024.2081  ANGLE   =      145.6423  DIHED      =      641.1620
 VDWAALS =     9798.4464  EEL     =   -71343.8484  HBOND      =        0.0000
 1-4 VDW =      174.4687  1-4 EEL =     2908.5319  RESTRAINT  =        0.0000


   NSTEP       ENERGY          RMS            GMAX         NAME    NUMBER
    490      -5.3670E+04     5.5167E-01     2.0997E+01     CG        184

 BOND    =     4018.6313  ANGLE   =      143.5599  DIHED      =      640.1667
 VDWAALS =     9801.4377  EEL     =   -71356.5067  HBOND      =        0.0000
 1-4 VDW =      173.7395  1-4 EEL =     2908.9749  RESTRAINT  =        0.0000


   NSTEP       ENERGY          RMS            GMAX         NAME    NUMBER
    495      -5.3678E+04     2.0023E-01     5.7536E+00     CG        491

 BOND    =     4018.9578  ANGLE   =      140.4391  DIHED      =      640.0770
 VDWAALS =     9806.0981  EEL     =   -71365.3003  HBOND      =        0.0000
 1-4 VDW =      173.0721  1-4 EEL =     2909.0257  RESTRAINT  =        0.0000


   NSTEP       ENERGY          RMS            GMAX         NAME    NUMBER
    500      -5.3682E+04     2.9766E-01     1.2037E+01     CG        491

 BOND    =     4021.1988  ANGLE   =      141.6207  DIHED      =      640.4333
 VDWAALS =     9810.8533  EEL     =   -71375.8455  HBOND      =        0.0000
 1-4 VDW =      172.8700  1-4 EEL =     2907.3249  RESTRAINT  =        0.0000


  Maximum number of minimization cycles reached.


                    FINAL RESULTS



   NSTEP       ENERGY          RMS            GMAX         NAME    NUMBER
    500      -5.3682E+04     2.9766E-01     1.2037E+01     CG        491

 BOND    =     4021.1988  ANGLE   =      141.6207  DIHED      =      640.4333
 VDWAALS =     9810.8533  EEL     =   -71375.8455  HBOND      =        0.0000
 1-4 VDW =      172.8700  1-4 EEL =     2907.3249  RESTRAINT  =        0.0000
--------------------------------------------------------------------------------
   5.  TIMINGS
--------------------------------------------------------------------------------

|  NonSetup CPU Time in Major Routines:
|
|     Routine           Sec        %
|     ------------------------------
|     Nonbond          22.87   97.43
|     Bond              0.10    0.44
|     Angle             0.06    0.24
|     Dihedral          0.36    1.53
|     Shake             0.00    0.00
|     Other             0.08    0.36
|     ------------------------------
|     Total            23.47

|  PME Nonbond Pairlist CPU Time:
|
|     Routine              Sec        %
|     ---------------------------------
|     Set Up Cit           0.00    0.00
|     Build List           0.33    1.40
|     ---------------------------------
|     Total                0.33    1.40

|  PME Direct Force CPU Time:
|
|     Routine              Sec        %
|     ---------------------------------
|     NonBonded Calc      15.23   64.89
|     Exclude Masked       0.28    1.18
|     Other                0.10    0.44
|     ---------------------------------
|     Total               15.61   66.51

|  PME Reciprocal Force CPU Time:
|
|     Routine              Sec        %
|     ---------------------------------
|     1D bspline           0.25    1.06
|     Grid Charges         0.55    2.33
|     Scalar Sum           2.46   10.48
|     Gradient Sum         0.83    3.53
|     FFT                  2.82   12.01
|     ---------------------------------
|     Total                6.90   29.41

|  Setup CPU time:            0.10 seconds
|  NonSetup CPU time:        23.47 seconds
|  Total CPU time:           23.57 seconds     0.01 hours

|  Setup wall time:           0    seconds
|  NonSetup wall time:       23    seconds
|  Total wall time:          23    seconds     0.01 hours
