
          -------------------------------------------------------
          Amber 16 PMEMD                              2016
          -------------------------------------------------------

| PMEMD implementation of SANDER, Release 16

| Run on 06/19/2017 at 23:46:28

|   Executable path: pmemd
| Working directory: /home/german/alex/run/5rm/mhe/m
|          Hostname: Unknown
  [-O]verwriting output

File Assignments:
|   MDIN: min.in                                                                
|  MDOUT: min.out                                                               
| INPCRD: 5rm.rst7                                                              
|   PARM: /home/german/alex/top_files/5rm.prmtop                                
| RESTRT: m5rm.rst7                                                             
|   REFC: 5rm.rst7                                                              
|  MDVEL: mdvel                                                                 
|   MDEN: mden                                                                  
|  MDCRD: m5rm.crd                                                              
| MDINFO: mdinfo                                                                
|  MDFRC: mdfrc                                                                 


 Here is the input file:

Minimization with Cartesian restraints                                         
&cntrl                                                                         
imin=1,                                                                        
ntmin=1,                                ! Steepest Descent, then Conjugate Grad
ncyc=100,                               ! 100 steps of Steepest Descent        
maxcyc=500,                             ! 400 steps of Conjugate Gradient      
ntpr=5,                                                                        
ntr=1,                                  ! Use restraints                       
restraint_wt=100.0,                     ! 100 Kcal/mol                         
restraintmask=':1-49',                 ! Apply restraints on whole molecule. Mi
&end                                                                           


Note: ig = -1. Setting random seed to   297091 based on wallclock time in 
      microseconds.
 
 
| Conditional Compilation Defines Used:
| PUBFFT
| BINTRAJ
| EMIL

| Largest sphere to fit in unit cell has radius =    22.859

| New format PARM file being parsed.
| Version =    1.000 Date = 06/17/17 Time = 14:34:14

| Note: 1-4 EEL scale factors are being read from the topology file.

| Note: 1-4 VDW scale factors are being read from the topology file.
| Duplicated    0 dihedrals

| Duplicated    0 dihedrals

--------------------------------------------------------------------------------
   1.  RESOURCE   USE: 
--------------------------------------------------------------------------------

 getting new box info from bottom of inpcrd
 NATOM  =   11377 NTYPES =      17 NBONH =   10980 MBONA  =     402
 NTHETH =     874 MTHETA =     539 NPHIH =    1768 MPHIA  =    1685
 NHPARM =       0 NPARM  =       0 NNB   =   18411 NRES   =    3584
 NBONA  =     402 NTHETA =     539 NPHIA =    1685 NUMBND =      67
 NUMANG =     152 NPTRA  =     191 NATYP =      36 NPHB   =       1
 IFBOX  =       2 NMXRS  =      25 IFCAP =       0 NEXTRA =       0
 NCOPY  =       0

| Coordinate Index Table dimensions:    11   11   11
| Direct force subcell size =     5.0903    5.0903    5.0903

     BOX TYPE: TRUNCATED OCTAHEDRON

--------------------------------------------------------------------------------
   2.  CONTROL  DATA  FOR  THE  RUN
--------------------------------------------------------------------------------

default_name                                                                    

General flags:
     imin    =       1, nmropt  =       0

Nature and format of input:
     ntx     =       1, irest   =       0, ntrx    =       1

Nature and format of output:
     ntxo    =       2, ntpr    =       5, ntrx    =       1, ntwr    =       1
     iwrap   =       0, ntwx    =       0, ntwv    =       0, ntwe    =       0
     ioutfm  =       1, ntwprt  =       0, idecomp =       0, rbornstat=      0

Potential function:
     ntf     =       1, ntb     =       1, igb     =       0, nsnb    =      25
     ipol    =       0, gbsa    =       0, iesp    =       0
     dielc   =   1.00000, cut     =   8.00000, intdiel =   1.00000

Frozen or restrained atoms:
     ibelly  =       0, ntr     =       1
     restraint_wt = 100.00000

Energy minimization:
     maxcyc  =     500, ncyc    =     100, ntmin   =       1
     dx0     =   0.01000, drms    =   0.00010

| Intermolecular bonds treatment:
|     no_intermolecular_bonds =       1

| Energy averages sample interval:
|     ene_avg_sampling =       1

Ewald parameters:
     verbose =       0, ew_type =       0, nbflag  =       1, use_pme =       1
     vdwmeth =       1, eedmeth =       1, netfrc  =       0
     Box X =   55.993   Box Y =   55.993   Box Z =   55.993
     Alpha =  109.471   Beta  =  109.471   Gamma =  109.471
     NFFT1 =   60       NFFT2 =   60       NFFT3 =   60
     Cutoff=    8.000   Tol   =0.100E-04
     Ewald Coefficient =  0.34864
     Interpolation order =    4

    LOADING THE CONSTRAINED ATOMS AS GROUPS


   5.  REFERENCE ATOM COORDINATES

  default_name                                                                    
     Mask :1-49; matches   778 atoms

--------------------------------------------------------------------------------
   3.  ATOMIC COORDINATES AND VELOCITIES
--------------------------------------------------------------------------------

default_name                                                                    
 begin time read from input coords =     0.000 ps

 
 Number of triangulated 3-point waters found:     3532

     Sum of charges from parm topology file =  -0.00000003
     Forcing neutrality...

| Dynamic Memory, Types Used:
| Reals              421141
| Integers           328863

| Nonbonded Pairs Initial Allocation:     1900243

--------------------------------------------------------------------------------
   4.  RESULTS
--------------------------------------------------------------------------------

 ---------------------------------------------------
 APPROXIMATING switch and d/dx switch using CUBIC SPLINE INTERPOLATION
 using   5000.0 points per unit in tabled values
 TESTING RELATIVE ERROR over r ranging from 0.0 to cutoff
| CHECK switch(x): max rel err =   0.2738E-14   at   2.422500
| CHECK d/dx switch(x): max rel err =   0.8332E-11   at   2.782960
 ---------------------------------------------------
|---------------------------------------------------
| APPROXIMATING direct energy using CUBIC SPLINE INTERPOLATION
|  with   50.0 points per unit in tabled values
| Relative Error Limit not exceeded for r .gt.   2.47
| APPROXIMATING direct force using CUBIC SPLINE INTERPOLATION
|  with   50.0 points per unit in tabled values
| Relative Error Limit not exceeded for r .gt.   2.89
|---------------------------------------------------


   NSTEP       ENERGY          RMS            GMAX         NAME    NUMBER
      1      -2.6538E+04     8.8064E+01     4.9949E+03     O       10952

 BOND    =      105.7377  ANGLE   =      152.3908  DIHED      =      562.9482
 VDWAALS =     6897.6824  EEL     =   -37076.4350  HBOND      =        0.0000
 1-4 VDW =      244.4587  1-4 EEL =     2574.7319  RESTRAINT  =        0.0000


   NSTEP       ENERGY          RMS            GMAX         NAME    NUMBER
      5      -2.7425E+04     6.2884E+01     3.3156E+03     O       10952

 BOND    =      106.4017  ANGLE   =      152.0721  DIHED      =      562.9067
 VDWAALS =     6036.4574  EEL     =   -37101.5961  HBOND      =        0.0000
 1-4 VDW =      244.3542  1-4 EEL =     2574.6902  RESTRAINT  =        0.0008
 EAMBER  =   -27424.7138


   NSTEP       ENERGY          RMS            GMAX         NAME    NUMBER
     10      -2.8896E+04     2.9235E+01     1.2645E+03     O        7982

 BOND    =      124.9766  ANGLE   =      150.5435  DIHED      =      562.7051
 VDWAALS =     4658.4420  EEL     =   -37211.2177  HBOND      =        0.0000
 1-4 VDW =      243.8458  1-4 EEL =     2574.4839  RESTRAINT  =        0.0261
 EAMBER  =   -28896.2209


   NSTEP       ENERGY          RMS            GMAX         NAME    NUMBER
     15      -3.0342E+04     1.1100E+01     3.0286E+02     O        7982

 BOND    =      267.5001  ANGLE   =      142.5505  DIHED      =      561.5766
 VDWAALS =     3659.0308  EEL     =   -37787.2962  HBOND      =        0.0000
 1-4 VDW =      240.9738  1-4 EEL =     2573.1999  RESTRAINT  =        0.8509
 EAMBER  =   -30342.4645


   NSTEP       ENERGY          RMS            GMAX         NAME    NUMBER
     20      -3.1922E+04     5.2035E+00     8.5242E+01     O       10952

 BOND    =      926.3394  ANGLE   =      121.4919  DIHED      =      558.5225
 VDWAALS =     3273.2461  EEL     =   -39611.9502  HBOND      =        0.0000
 1-4 VDW =      231.5253  1-4 EEL =     2566.8540  RESTRAINT  =       11.5179
 EAMBER  =   -31933.9710


   NSTEP       ENERGY          RMS            GMAX         NAME    NUMBER
     25      -3.3693E+04     2.6271E+00     2.0781E+01     H1       9303

 BOND    =     1778.3756  ANGLE   =      101.4885  DIHED      =      557.6343
 VDWAALS =     3079.4003  EEL     =   -42028.4893  HBOND      =        0.0000
 1-4 VDW =      218.2499  1-4 EEL =     2550.5414  RESTRAINT  =       49.7877
 EAMBER  =   -33742.7993


   NSTEP       ENERGY          RMS            GMAX         NAME    NUMBER
     30      -3.4475E+04     9.1471E+00     2.8685E+02     H2       2479

 BOND    =     2933.2527  ANGLE   =      103.1208  DIHED      =      557.3260
 VDWAALS =     3080.6853  EEL     =   -43973.2752  HBOND      =        0.0000
 1-4 VDW =      216.1461  1-4 EEL =     2548.0245  RESTRAINT  =       59.9252
 EAMBER  =   -34534.7198


   NSTEP       ENERGY          RMS            GMAX         NAME    NUMBER
     35      -3.4953E+04     8.3083E+00     2.5567E+02     H2       2479

 BOND    =     2840.5037  ANGLE   =      101.6359  DIHED      =      557.3086
 VDWAALS =     3099.4656  EEL     =   -44375.9147  HBOND      =        0.0000
 1-4 VDW =      215.9704  1-4 EEL =     2547.6532  RESTRAINT  =       60.0275
 EAMBER  =   -35013.3772


   NSTEP       ENERGY          RMS            GMAX         NAME    NUMBER
     40      -3.5661E+04     3.1251E+00     8.1622E+01     H2       2479

 BOND    =     1775.9624  ANGLE   =       98.5502  DIHED      =      557.4029
 VDWAALS =     3134.4387  EEL     =   -44049.6791  HBOND      =        0.0000
 1-4 VDW =      215.5918  1-4 EEL =     2547.6604  RESTRAINT  =       58.8627
 EAMBER  =   -35720.0726


   NSTEP       ENERGY          RMS            GMAX         NAME    NUMBER
     45      -3.5991E+04     2.2611E+00     5.0206E+01     H2       2479

 BOND    =     1855.2010  ANGLE   =       98.8001  DIHED      =      557.3553
 VDWAALS =     3158.9985  EEL     =   -44483.1218  HBOND      =        0.0000
 1-4 VDW =      215.5555  1-4 EEL =     2547.6224  RESTRAINT  =       58.9862
 EAMBER  =   -36049.5890


   NSTEP       ENERGY          RMS            GMAX         NAME    NUMBER
     50      -3.6227E+04     3.8779E+00     1.0703E+02     H2       2479

 BOND    =     1784.6231  ANGLE   =       98.3862  DIHED      =      557.3712
 VDWAALS =     3190.1989  EEL     =   -44679.5357  HBOND      =        0.0000
 1-4 VDW =      215.5564  1-4 EEL =     2547.6086  RESTRAINT  =       58.7871
 EAMBER  =   -36285.7913


   NSTEP       ENERGY          RMS            GMAX         NAME    NUMBER
     55      -3.6464E+04     4.1901E+00     1.1420E+02     H2       2479

 BOND    =     1791.0065  ANGLE   =       98.3772  DIHED      =      557.3548
 VDWAALS =     3221.0585  EEL     =   -44953.4774  HBOND      =        0.0000
 1-4 VDW =      215.5546  1-4 EEL =     2547.4495  RESTRAINT  =       58.7657
 EAMBER  =   -36522.6765


   NSTEP       ENERGY          RMS            GMAX         NAME    NUMBER
     60      -3.6667E+04     4.0302E+00     1.0951E+02     H2       2479

 BOND    =     1814.1131  ANGLE   =       98.4205  DIHED      =      557.3351
 VDWAALS =     3249.4206  EEL     =   -45208.5622  HBOND      =        0.0000
 1-4 VDW =      215.5339  1-4 EEL =     2547.6093  RESTRAINT  =       58.7359
 EAMBER  =   -36726.1296


   NSTEP       ENERGY          RMS            GMAX         NAME    NUMBER
     65      -3.6926E+04     1.2506E+00     1.2074E+01     H2       2479

 BOND    =     2097.9242  ANGLE   =       99.3799  DIHED      =      557.2490
 VDWAALS =     3276.3267  EEL     =   -45778.6865  HBOND      =        0.0000
 1-4 VDW =      215.4595  1-4 EEL =     2547.7001  RESTRAINT  =       59.0542
 EAMBER  =   -36984.6470


   NSTEP       ENERGY          RMS            GMAX         NAME    NUMBER
     70      -3.7013E+04     4.4592E+00     1.2003E+02     H2       2479

 BOND    =     1828.7549  ANGLE   =       98.3793  DIHED      =      557.3145
 VDWAALS =     3312.9224  EEL     =   -45632.4297  HBOND      =        0.0000
 1-4 VDW =      215.5272  1-4 EEL =     2547.6527  RESTRAINT  =       58.6719
 EAMBER  =   -37071.8785


   NSTEP       ENERGY          RMS            GMAX         NAME    NUMBER
     75      -3.7167E+04     4.6793E+00     1.2175E+02     H2       2479

 BOND    =     1837.8946  ANGLE   =       98.8025  DIHED      =      557.2922
 VDWAALS =     3345.8557  EEL     =   -45828.6222  HBOND      =        0.0000
 1-4 VDW =      215.5087  1-4 EEL =     2547.2421  RESTRAINT  =       58.8618
 EAMBER  =   -37226.0264


   NSTEP       ENERGY          RMS            GMAX         NAME    NUMBER
     80      -3.7412E+04     1.5582E+00     3.0941E+01     H2       2479

 BOND    =     2220.6813  ANGLE   =       99.6052  DIHED      =      557.1985
 VDWAALS =     3375.9800  EEL     =   -46487.8995  HBOND      =        0.0000
 1-4 VDW =      215.4169  1-4 EEL =     2547.7105  RESTRAINT  =       59.0442
 EAMBER  =   -37471.3070


   NSTEP       ENERGY          RMS            GMAX         NAME    NUMBER
     85      -3.7532E+04     1.0461E+00     1.1819E+01     Cl-       780

 BOND    =     2154.8511  ANGLE   =       99.2465  DIHED      =      557.2105
 VDWAALS =     3403.7949  EEL     =   -46568.8671  HBOND      =        0.0000
 1-4 VDW =      215.4329  1-4 EEL =     2547.6667  RESTRAINT  =       58.9056
 EAMBER  =   -37590.6645


   NSTEP       ENERGY          RMS            GMAX         NAME    NUMBER
     90      -3.7668E+04     1.0456E+00     1.1997E+01     Cl-       780

 BOND    =     2179.3690  ANGLE   =       99.3003  DIHED      =      557.1960
 VDWAALS =     3439.4525  EEL     =   -46765.5126  HBOND      =        0.0000
 1-4 VDW =      215.4204  1-4 EEL =     2547.6436  RESTRAINT  =       58.9040
 EAMBER  =   -37727.1309


   NSTEP       ENERGY          RMS            GMAX         NAME    NUMBER
     95      -3.7784E+04     2.1970E+00     5.0112E+01     H2       2479

 BOND    =     2350.3733  ANGLE   =       99.8682  DIHED      =      557.1536
 VDWAALS =     3477.2389  EEL     =   -47091.0141  HBOND      =        0.0000
 1-4 VDW =      215.3791  1-4 EEL =     2547.6962  RESTRAINT  =       59.0807
 EAMBER  =   -37843.3049


   NSTEP       ENERGY          RMS            GMAX         NAME    NUMBER
    100      -3.7906E+04     1.3050E+00     2.3092E+01     H2       2479

 BOND    =     2257.6531  ANGLE   =       99.4399  DIHED      =      557.1666
 VDWAALS =     3509.7161  EEL     =   -47152.1057  HBOND      =        0.0000
 1-4 VDW =      215.3970  1-4 EEL =     2547.7190  RESTRAINT  =       58.9201
 EAMBER  =   -37965.0141


   NSTEP       ENERGY          RMS            GMAX         NAME    NUMBER
    105      -3.7963E+04     9.3417E-01     1.2267E+01     Cl-       780

 BOND    =     2204.1598  ANGLE   =       99.1995  DIHED      =      557.1749
 VDWAALS =     3526.3494  EEL     =   -47171.5007  HBOND      =        0.0000
 1-4 VDW =      215.4081  1-4 EEL =     2547.6396  RESTRAINT  =       58.8362
 EAMBER  =   -38021.5693


   NSTEP       ENERGY          RMS            GMAX         NAME    NUMBER
    110      -3.9087E+04     3.4102E+00     3.2048E+02     CG        132

 BOND    =     2487.9082  ANGLE   =      102.0157  DIHED      =      557.1414
 VDWAALS =     4263.7404  EEL     =   -49322.2674  HBOND      =        0.0000
 1-4 VDW =      215.4407  1-4 EEL =     2548.4556  RESTRAINT  =       60.1822
 EAMBER  =   -39147.5655


   NSTEP       ENERGY          RMS            GMAX         NAME    NUMBER
    115      -3.9317E+04     1.6489E+00     9.2747E+01     CG        132

 BOND    =     2533.6703  ANGLE   =      101.5751  DIHED      =      556.9488
 VDWAALS =     4743.4669  EEL     =   -50077.6980  HBOND      =        0.0000
 1-4 VDW =      215.2268  1-4 EEL =     2547.5072  RESTRAINT  =       62.2006
 EAMBER  =   -39379.3029


   NSTEP       ENERGY          RMS            GMAX         NAME    NUMBER
    120      -3.9494E+04     1.8032E+00     1.0166E+02     CG        132

 BOND    =     2535.8636  ANGLE   =      101.8695  DIHED      =      557.0441
 VDWAALS =     5029.2765  EEL     =   -50547.2128  HBOND      =        0.0000
 1-4 VDW =      215.1362  1-4 EEL =     2547.6308  RESTRAINT  =       66.1190
 EAMBER  =   -39560.3919


   NSTEP       ENERGY          RMS            GMAX         NAME    NUMBER
    125      -3.9825E+04     1.9411E+00     7.4505E+01     HB          8

 BOND    =     2662.3378  ANGLE   =      106.2987  DIHED      =      557.1526
 VDWAALS =     5256.3819  EEL     =   -51241.5179  HBOND      =        0.0000
 1-4 VDW =      215.5905  1-4 EEL =     2548.5240  RESTRAINT  =       70.5837
 EAMBER  =   -39895.2324


   NSTEP       ENERGY          RMS            GMAX         NAME    NUMBER
    130      -3.9827E+04     1.8923E+00     7.3542E+01     HB          8

 BOND    =     2660.9605  ANGLE   =      106.1765  DIHED      =      557.1414
 VDWAALS =     5256.0376  EEL     =   -51241.6976  HBOND      =        0.0000
 1-4 VDW =      215.5803  1-4 EEL =     2548.5187  RESTRAINT  =       70.4001
 EAMBER  =   -39897.2826


   NSTEP       ENERGY          RMS            GMAX         NAME    NUMBER
    135      -3.9983E+04     2.8384E+00     2.3122E+02     CG        132

 BOND    =     2592.6388  ANGLE   =      107.1114  DIHED      =      557.4012
 VDWAALS =     5209.5772  EEL     =   -51278.9631  HBOND      =        0.0000
 1-4 VDW =      215.9413  1-4 EEL =     2545.2149  RESTRAINT  =       68.1051
 EAMBER  =   -40051.0784


   NSTEP       ENERGY          RMS            GMAX         NAME    NUMBER
    140      -4.0188E+04     2.0917E+00     9.2174E+01     HA          6

 BOND    =     2726.5506  ANGLE   =      109.7501  DIHED      =      558.0979
 VDWAALS =     5159.8681  EEL     =   -51584.2096  HBOND      =        0.0000
 1-4 VDW =      214.6816  1-4 EEL =     2546.9224  RESTRAINT  =       80.4640
 EAMBER  =   -40268.3390


   NSTEP       ENERGY          RMS            GMAX         NAME    NUMBER
    145      -4.0387E+04     1.3713E+00     7.8110E+01     CA          5

 BOND    =     2589.0144  ANGLE   =      107.1795  DIHED      =      557.1262
 VDWAALS =     5123.9248  EEL     =   -51596.1031  HBOND      =        0.0000
 1-4 VDW =      215.4335  1-4 EEL =     2547.9600  RESTRAINT  =       68.8557
 EAMBER  =   -40455.4647


   NSTEP       ENERGY          RMS            GMAX         NAME    NUMBER
    150      -4.0512E+04     1.5425E+00     5.2149E+01     HA          6

 BOND    =     2635.1966  ANGLE   =      106.9171  DIHED      =      556.8454
 VDWAALS =     5095.1630  EEL     =   -51743.2291  HBOND      =        0.0000
 1-4 VDW =      216.2450  1-4 EEL =     2547.5151  RESTRAINT  =       73.1080
 EAMBER  =   -40585.3470


   NSTEP       ENERGY          RMS            GMAX         NAME    NUMBER
    155      -4.0514E+04     1.4848E+00     5.0847E+01     HA          6

 BOND    =     2633.6838  ANGLE   =      106.7613  DIHED      =      556.8369
 VDWAALS =     5095.0873  EEL     =   -51743.2930  HBOND      =        0.0000
 1-4 VDW =      216.2247  1-4 EEL =     2547.5425  RESTRAINT  =       72.8058
 EAMBER  =   -40587.1565


   NSTEP       ENERGY          RMS            GMAX         NAME    NUMBER
    160      -4.0580E+04     8.8776E-01     4.4400E+01     CG        132

 BOND    =     2611.6260  ANGLE   =       98.9319  DIHED      =      557.1271
 VDWAALS =     5106.8726  EEL     =   -51775.8555  HBOND      =        0.0000
 1-4 VDW =      215.0632  1-4 EEL =     2547.8025  RESTRAINT  =       58.8969
 EAMBER  =   -40638.4323


   NSTEP       ENERGY          RMS            GMAX         NAME    NUMBER
    165      -4.0621E+04     1.1374E+00     3.7448E+01     HA          6

 BOND    =     2643.6257  ANGLE   =      103.7891  DIHED      =      557.3571
 VDWAALS =     5133.8949  EEL     =   -51891.4439  HBOND      =        0.0000
 1-4 VDW =      214.9402  1-4 EEL =     2547.1173  RESTRAINT  =       69.5422
 EAMBER  =   -40690.7197


   NSTEP       ENERGY          RMS            GMAX         NAME    NUMBER
    170      -4.0802E+04     2.2419E+00     1.3552E+02     HA          6

 BOND    =     2697.0501  ANGLE   =      106.7076  DIHED      =      557.5225
 VDWAALS =     5386.4755  EEL     =   -52397.5617  HBOND      =        0.0000
 1-4 VDW =      216.7648  1-4 EEL =     2545.4848  RESTRAINT  =       85.1850
 EAMBER  =   -40887.5565


   NSTEP       ENERGY          RMS            GMAX         NAME    NUMBER
    175      -4.0961E+04     2.0172E+00     7.4052E+01     CG        469

 BOND    =     2701.5269  ANGLE   =      112.5788  DIHED      =      557.8354
 VDWAALS =     5603.5276  EEL     =   -52775.9004  HBOND      =        0.0000
 1-4 VDW =      215.0885  1-4 EEL =     2549.8411  RESTRAINT  =       74.5542
 EAMBER  =   -41035.5022


   NSTEP       ENERGY          RMS            GMAX         NAME    NUMBER
    180      -4.0964E+04     1.9268E+00     6.8431E+01     CG        469

 BOND    =     2701.2413  ANGLE   =      112.1105  DIHED      =      557.8236
 VDWAALS =     5603.2510  EEL     =   -52777.2962  HBOND      =        0.0000
 1-4 VDW =      215.0923  1-4 EEL =     2549.7935  RESTRAINT  =       74.1962
 EAMBER  =   -41037.9840


   NSTEP       ENERGY          RMS            GMAX         NAME    NUMBER
    185      -4.1060E+04     1.8308E+00     5.5133E+01     CG        361

 BOND    =     2724.5901  ANGLE   =      106.6817  DIHED      =      556.8645
 VDWAALS =     5577.8901  EEL     =   -52854.1684  HBOND      =        0.0000
 1-4 VDW =      215.5024  1-4 EEL =     2547.6701  RESTRAINT  =       65.0033
 EAMBER  =   -41124.9695


   NSTEP       ENERGY          RMS            GMAX         NAME    NUMBER
    190      -4.1125E+04     1.2185E+00     3.8157E+01     HZ1       739

 BOND    =     2716.1537  ANGLE   =      102.9827  DIHED      =      557.3270
 VDWAALS =     5570.5197  EEL     =   -52901.3485  HBOND      =        0.0000
 1-4 VDW =      215.2240  1-4 EEL =     2546.9529  RESTRAINT  =       67.2948
 EAMBER  =   -41192.1886


   NSTEP       ENERGY          RMS            GMAX         NAME    NUMBER
    195      -4.1200E+04     1.2877E+00     5.3431E+01     CD        666

 BOND    =     2734.8530  ANGLE   =      100.4178  DIHED      =      557.4312
 VDWAALS =     5599.5719  EEL     =   -53015.4329  HBOND      =        0.0000
 1-4 VDW =      215.1736  1-4 EEL =     2547.6052  RESTRAINT  =       59.9323
 EAMBER  =   -41260.3801


   NSTEP       ENERGY          RMS            GMAX         NAME    NUMBER
    200      -4.1240E+04     1.0991E+00     4.1551E+01     O          18

 BOND    =     2740.7667  ANGLE   =      103.2894  DIHED      =      557.0193
 VDWAALS =     5628.1600  EEL     =   -53095.2568  HBOND      =        0.0000
 1-4 VDW =      216.0103  1-4 EEL =     2547.0036  RESTRAINT  =       62.6552
 EAMBER  =   -41303.0075


   NSTEP       ENERGY          RMS            GMAX         NAME    NUMBER
    205      -4.1242E+04     1.0211E+00     3.9570E+01     O          18

 BOND    =     2739.4977  ANGLE   =      103.0420  DIHED      =      557.0009
 VDWAALS =     5627.9919  EEL     =   -53095.4329  HBOND      =        0.0000
 1-4 VDW =      215.9650  1-4 EEL =     2547.0539  RESTRAINT  =       62.4012
 EAMBER  =   -41304.8816


   NSTEP       ENERGY          RMS            GMAX         NAME    NUMBER
    210      -4.1283E+04     9.3284E-01     3.4236E+01     H          20

 BOND    =     2745.4843  ANGLE   =       99.5950  DIHED      =      557.4119
 VDWAALS =     5631.2865  EEL     =   -53138.8195  HBOND      =        0.0000
 1-4 VDW =      214.7192  1-4 EEL =     2547.9761  RESTRAINT  =       59.6154
 EAMBER  =   -41342.3465


   NSTEP       ENERGY          RMS            GMAX         NAME    NUMBER
    215      -4.1336E+04     1.1048E+00     3.3152E+01     HZ1       739

 BOND    =     2781.7748  ANGLE   =      101.7943  DIHED      =      557.8050
 VDWAALS =     5654.2391  EEL     =   -53259.8018  HBOND      =        0.0000
 1-4 VDW =      215.1047  1-4 EEL =     2547.1751  RESTRAINT  =       65.5522
 EAMBER  =   -41401.9086


   NSTEP       ENERGY          RMS            GMAX         NAME    NUMBER
    220      -4.1405E+04     1.1440E+00     5.1862E+01     CA          5

 BOND    =     2768.7666  ANGLE   =       99.8136  DIHED      =      556.9605
 VDWAALS =     5738.5747  EEL     =   -53391.8907  HBOND      =        0.0000
 1-4 VDW =      215.5167  1-4 EEL =     2547.4157  RESTRAINT  =       60.3379
 EAMBER  =   -41464.8428


   NSTEP       ENERGY          RMS            GMAX         NAME    NUMBER
    225      -4.1467E+04     1.5844E+00     9.2329E+01     CG        132

 BOND    =     2797.7690  ANGLE   =      110.4080  DIHED      =      557.3941
 VDWAALS =     5850.7099  EEL     =   -53620.6929  HBOND      =        0.0000
 1-4 VDW =      214.9915  1-4 EEL =     2549.9025  RESTRAINT  =       72.3792
 EAMBER  =   -41539.5179


   NSTEP       ENERGY          RMS            GMAX         NAME    NUMBER
    230      -4.1470E+04     1.4932E+00     8.2449E+01     CG        132

 BOND    =     2795.8109  ANGLE   =      109.9330  DIHED      =      557.3852
 VDWAALS =     5850.4890  EEL     =   -53620.0897  HBOND      =        0.0000
 1-4 VDW =      214.9890  1-4 EEL =     2549.8468  RESTRAINT  =       71.9971
 EAMBER  =   -41541.6358


   NSTEP       ENERGY          RMS            GMAX         NAME    NUMBER
    235      -4.1541E+04     1.3915E+00     6.3044E+01     CG        132

 BOND    =     2817.2496  ANGLE   =      103.2042  DIHED      =      557.1955
 VDWAALS =     5848.7633  EEL     =   -53692.9555  HBOND      =        0.0000
 1-4 VDW =      215.5239  1-4 EEL =     2546.9111  RESTRAINT  =       63.1110
 EAMBER  =   -41604.1079


   NSTEP       ENERGY          RMS            GMAX         NAME    NUMBER
    240      -4.1579E+04     1.0367E+00     3.0853E+01     HZ1       739

 BOND    =     2815.5049  ANGLE   =      102.0950  DIHED      =      557.5525
 VDWAALS =     5856.0193  EEL     =   -53737.6144  HBOND      =        0.0000
 1-4 VDW =      215.1395  1-4 EEL =     2547.0689  RESTRAINT  =       65.0254
 EAMBER  =   -41644.2343


   NSTEP       ENERGY          RMS            GMAX         NAME    NUMBER
    245      -4.1638E+04     9.9836E-01     4.0716E+01     CG        132

 BOND    =     2825.4334  ANGLE   =      100.2929  DIHED      =      557.2466
 VDWAALS =     5911.1159  EEL     =   -53854.1972  HBOND      =        0.0000
 1-4 VDW =      214.8377  1-4 EEL =     2547.7713  RESTRAINT  =       59.7450
 EAMBER  =   -41697.4994


   NSTEP       ENERGY          RMS            GMAX         NAME    NUMBER
    250      -4.1667E+04     1.0504E+00     4.0865E+01     O          18

 BOND    =     2806.0126  ANGLE   =      103.6465  DIHED      =      557.2339
 VDWAALS =     5942.0599  EEL     =   -53902.8226  HBOND      =        0.0000
 1-4 VDW =      215.9027  1-4 EEL =     2547.3676  RESTRAINT  =       63.7764
 EAMBER  =   -41730.5995


   NSTEP       ENERGY          RMS            GMAX         NAME    NUMBER
    255      -4.1669E+04     9.6640E-01     3.8696E+01     O          18

 BOND    =     2806.0883  ANGLE   =      103.3684  DIHED      =      557.2068
 VDWAALS =     5941.8443  EEL     =   -53904.2278  HBOND      =        0.0000
 1-4 VDW =      215.8577  1-4 EEL =     2547.3875  RESTRAINT  =       63.4529
 EAMBER  =   -41732.4748


   NSTEP       ENERGY          RMS            GMAX         NAME    NUMBER
    260      -4.1704E+04     8.5508E-01     3.7858E+01     CG        132

 BOND    =     2822.6272  ANGLE   =       99.3168  DIHED      =      557.3197
 VDWAALS =     5942.5862  EEL     =   -53948.0445  HBOND      =        0.0000
 1-4 VDW =      214.7455  1-4 EEL =     2547.8025  RESTRAINT  =       59.3025
 EAMBER  =   -41763.6466


   NSTEP       ENERGY          RMS            GMAX         NAME    NUMBER
    265      -4.1741E+04     1.0044E+00     3.1759E+01     HZ1       739

 BOND    =     2828.4777  ANGLE   =      102.1411  DIHED      =      557.7673
 VDWAALS =     5950.1744  EEL     =   -54007.2596  HBOND      =        0.0000
 1-4 VDW =      215.0552  1-4 EEL =     2547.0017  RESTRAINT  =       65.1862
 EAMBER  =   -41806.6421


   NSTEP       ENERGY          RMS            GMAX         NAME    NUMBER
    270      -4.1803E+04     1.0160E+00     4.7939E+01     CA          5

 BOND    =     2845.9955  ANGLE   =       99.4569  DIHED      =      557.0663
 VDWAALS =     6015.5607  EEL     =   -54143.8523  HBOND      =        0.0000
 1-4 VDW =      215.4961  1-4 EEL =     2547.0487  RESTRAINT  =       60.3124
 EAMBER  =   -41863.2282


   NSTEP       ENERGY          RMS            GMAX         NAME    NUMBER
    275      -4.1848E+04     1.3570E+00     5.4424E+01     CA          5

 BOND    =     2848.7292  ANGLE   =      106.5859  DIHED      =      557.4970
 VDWAALS =     6092.5856  EEL     =   -54284.5943  HBOND      =        0.0000
 1-4 VDW =      214.7974  1-4 EEL =     2549.5369  RESTRAINT  =       66.8769
 EAMBER  =   -41914.8623


   NSTEP       ENERGY          RMS            GMAX         NAME    NUMBER
    280      -4.1850E+04     1.2634E+00     5.1490E+01     CA          5

 BOND    =     2847.9239  ANGLE   =      106.1510  DIHED      =      557.4848
 VDWAALS =     6092.4271  EEL     =   -54285.1504  HBOND      =        0.0000
 1-4 VDW =      214.7941  1-4 EEL =     2549.4877  RESTRAINT  =       66.5531
 EAMBER  =   -41916.8817


   NSTEP       ENERGY          RMS            GMAX         NAME    NUMBER
    285      -4.1910E+04     1.2056E+00     4.9398E+01     CG        132

 BOND    =     2859.4815  ANGLE   =      102.8034  DIHED      =      557.2274
 VDWAALS =     6096.3837  EEL     =   -54351.4506  HBOND      =        0.0000
 1-4 VDW =      215.5573  1-4 EEL =     2546.7478  RESTRAINT  =       62.7527
 EAMBER  =   -41973.2495


   NSTEP       ENERGY          RMS            GMAX         NAME    NUMBER
    290      -4.1946E+04     9.4411E-01     2.9352E+01     CA        127

 BOND    =     2870.2644  ANGLE   =      101.7145  DIHED      =      557.5358
 VDWAALS =     6110.0496  EEL     =   -54411.9966  HBOND      =        0.0000
 1-4 VDW =      215.1205  1-4 EEL =     2546.9028  RESTRAINT  =       64.4182
 EAMBER  =   -42010.4089


   NSTEP       ENERGY          RMS            GMAX         NAME    NUMBER
    295      -4.1988E+04     9.4337E-01     4.3869E+01     CG        132

 BOND    =     2874.8246  ANGLE   =      100.0522  DIHED      =      557.2556
 VDWAALS =     6159.1132  EEL     =   -54501.3888  HBOND      =        0.0000
 1-4 VDW =      214.8341  1-4 EEL =     2547.7864  RESTRAINT  =       59.5061
 EAMBER  =   -42047.5227


   NSTEP       ENERGY          RMS            GMAX         NAME    NUMBER
    300      -4.2014E+04     1.0098E+00     3.4504E+01     O          18

 BOND    =     2873.1990  ANGLE   =      103.6140  DIHED      =      557.3207
 VDWAALS =     6189.2623  EEL     =   -54564.4292  HBOND      =        0.0000
 1-4 VDW =      215.7687  1-4 EEL =     2547.7244  RESTRAINT  =       63.9210
 EAMBER  =   -42077.5401


   NSTEP       ENERGY          RMS            GMAX         NAME    NUMBER
    305      -4.2016E+04     9.2005E-01     3.2356E+01     O          18

 BOND    =     2872.7193  ANGLE   =      103.3442  DIHED      =      557.2866
 VDWAALS =     6189.0230  EEL     =   -54565.1946  HBOND      =        0.0000
 1-4 VDW =      215.7263  1-4 EEL =     2547.7275  RESTRAINT  =       63.5671
 EAMBER  =   -42079.3677


   NSTEP       ENERGY          RMS            GMAX         NAME    NUMBER
    310      -4.2047E+04     7.5069E-01     3.0950E+01     CG        132

 BOND    =     2880.1311  ANGLE   =       99.1569  DIHED      =      557.3304
 VDWAALS =     6189.0643  EEL     =   -54594.4463  HBOND      =        0.0000
 1-4 VDW =      214.8151  1-4 EEL =     2547.7092  RESTRAINT  =       59.0685
 EAMBER  =   -42106.2393


   NSTEP       ENERGY          RMS            GMAX         NAME    NUMBER
    315      -4.2075E+04     9.2419E-01     2.9678E+01     CG        132

 BOND    =     2890.5189  ANGLE   =      101.3622  DIHED      =      557.7065
 VDWAALS =     6192.3274  EEL     =   -54643.4935  HBOND      =        0.0000
 1-4 VDW =      215.0551  1-4 EEL =     2546.9341  RESTRAINT  =       64.1136
 EAMBER  =   -42139.5893


   NSTEP       ENERGY          RMS            GMAX         NAME    NUMBER
    320      -4.2129E+04     9.0256E-01     4.8858E+01     CA          5

 BOND    =     2900.2417  ANGLE   =       99.6873  DIHED      =      557.0654
 VDWAALS =     6244.4542  EEL     =   -54752.9002  HBOND      =        0.0000
 1-4 VDW =      215.5482  1-4 EEL =     2547.1169  RESTRAINT  =       60.1822
 EAMBER  =   -42188.7865


   NSTEP       ENERGY          RMS            GMAX         NAME    NUMBER
    325      -4.2166E+04     1.2133E+00     5.3869E+01     CG        361

 BOND    =     2902.4516  ANGLE   =      105.0895  DIHED      =      557.4150
 VDWAALS =     6307.2508  EEL     =   -54867.1137  HBOND      =        0.0000
 1-4 VDW =      214.8280  1-4 EEL =     2549.4329  RESTRAINT  =       64.7589
 EAMBER  =   -42230.6459


   NSTEP       ENERGY          RMS            GMAX         NAME    NUMBER
    330      -4.2168E+04     1.1158E+00     5.0056E+01     CA          5

 BOND    =     2901.6719  ANGLE   =      104.6503  DIHED      =      557.4066
 VDWAALS =     6307.1293  EEL     =   -54867.6445  HBOND      =        0.0000
 1-4 VDW =      214.8197  1-4 EEL =     2549.3920  RESTRAINT  =       64.4574
 EAMBER  =   -42232.5747


   NSTEP       ENERGY          RMS            GMAX         NAME    NUMBER
    335      -4.2218E+04     1.0442E+00     4.2560E+01     CG        361

 BOND    =     2913.4994  ANGLE   =      101.9775  DIHED      =      557.2930
 VDWAALS =     6313.7653  EEL     =   -54929.3742  HBOND      =        0.0000
 1-4 VDW =      215.5196  1-4 EEL =     2546.9252  RESTRAINT  =       62.0448
 EAMBER  =   -42280.3943


   NSTEP       ENERGY          RMS            GMAX         NAME    NUMBER
    340      -4.2248E+04     8.5157E-01     2.7618E+01     CA        127

 BOND    =     2922.5528  ANGLE   =      101.2770  DIHED      =      557.4744
 VDWAALS =     6328.9521  EEL     =   -54983.7521  HBOND      =        0.0000
 1-4 VDW =      215.1229  1-4 EEL =     2547.0795  RESTRAINT  =       63.3856
 EAMBER  =   -42311.2934


   NSTEP       ENERGY          RMS            GMAX         NAME    NUMBER
    345      -4.2281E+04     8.5532E-01     4.6962E+01     CG        132

 BOND    =     2926.9045  ANGLE   =       99.9214  DIHED      =      557.2113
 VDWAALS =     6373.7619  EEL     =   -55061.3815  HBOND      =        0.0000
 1-4 VDW =      214.8828  1-4 EEL =     2547.9775  RESTRAINT  =       59.4812
 EAMBER  =   -42340.7222


   NSTEP       ENERGY          RMS            GMAX         NAME    NUMBER
    350      -4.2303E+04     9.4971E-01     3.2009E+01     O          18

 BOND    =     2927.1316  ANGLE   =      103.3080  DIHED      =      557.3818
 VDWAALS =     6403.1793  EEL     =   -55121.4471  HBOND      =        0.0000
 1-4 VDW =      215.7043  1-4 EEL =     2547.9508  RESTRAINT  =       63.6880
 EAMBER  =   -42366.7913


   NSTEP       ENERGY          RMS            GMAX         NAME    NUMBER
    355      -4.2305E+04     8.5871E-01     2.9668E+01     O          18

 BOND    =     2926.7411  ANGLE   =      103.0358  DIHED      =      557.3433
 VDWAALS =     6402.9271  EEL     =   -55122.1771  HBOND      =        0.0000
 1-4 VDW =      215.6577  1-4 EEL =     2547.9503  RESTRAINT  =       63.3264
 EAMBER  =   -42368.5218


   NSTEP       ENERGY          RMS            GMAX         NAME    NUMBER
    360      -4.2332E+04     6.7400E-01     2.9962E+01     CG        132

 BOND    =     2929.2973  ANGLE   =       99.0997  DIHED      =      557.2861
 VDWAALS =     6403.1497  EEL     =   -55142.4370  HBOND      =        0.0000
 1-4 VDW =      214.8814  1-4 EEL =     2547.7813  RESTRAINT  =       58.9435
 EAMBER  =   -42390.9414


   NSTEP       ENERGY          RMS            GMAX         NAME    NUMBER
    365      -4.2354E+04     8.2966E-01     2.7056E+01     C         123

 BOND    =     2939.1930  ANGLE   =      100.9496  DIHED      =      557.6108
 VDWAALS =     6405.6824  EEL     =   -55182.6840  HBOND      =        0.0000
 1-4 VDW =      215.0672  1-4 EEL =     2547.1264  RESTRAINT  =       63.1292
 EAMBER  =   -42417.0545


   NSTEP       ENERGY          RMS            GMAX         NAME    NUMBER
    370      -4.2399E+04     8.1991E-01     4.5981E+01     CA          5

 BOND    =     2946.4209  ANGLE   =       99.3627  DIHED      =      557.1168
 VDWAALS =     6451.6334  EEL     =   -55276.0955  HBOND      =        0.0000
 1-4 VDW =      215.5204  1-4 EEL =     2547.2256  RESTRAINT  =       59.9421
 EAMBER  =   -42458.8158


   NSTEP       ENERGY          RMS            GMAX         NAME    NUMBER
    375      -4.2428E+04     1.1097E+00     5.5903E+01     CG        361

 BOND    =     2948.1615  ANGLE   =      103.8839  DIHED      =      557.3769
 VDWAALS =     6503.5413  EEL     =   -55368.3364  HBOND      =        0.0000
 1-4 VDW =      214.8368  1-4 EEL =     2549.1829  RESTRAINT  =       63.3161
 EAMBER  =   -42491.3530


   NSTEP       ENERGY          RMS            GMAX         NAME    NUMBER
    380      -4.2430E+04     1.0040E+00     4.7130E+01     CA          5

 BOND    =     2947.5939  ANGLE   =      103.4661  DIHED      =      557.3710
 VDWAALS =     6503.4424  EEL     =   -55369.0271  HBOND      =        0.0000
 1-4 VDW =      214.8269  1-4 EEL =     2549.1475  RESTRAINT  =       63.0425
 EAMBER  =   -42493.1793


   NSTEP       ENERGY          RMS            GMAX         NAME    NUMBER
    385      -4.2471E+04     8.8764E-01     2.9983E+01     CG        361

 BOND    =     2958.3033  ANGLE   =      101.3614  DIHED      =      557.3603
 VDWAALS =     6510.9815  EEL     =   -55423.4058  HBOND      =        0.0000
 1-4 VDW =      215.4774  1-4 EEL =     2547.0537  RESTRAINT  =       61.4208
 EAMBER  =   -42532.8682


   NSTEP       ENERGY          RMS            GMAX         NAME    NUMBER
    390      -4.2496E+04     7.6512E-01     2.5460E+01     C         123

 BOND    =     2966.5252  ANGLE   =      100.8782  DIHED      =      557.4169
 VDWAALS =     6526.7050  EEL     =   -55472.3795  HBOND      =        0.0000
 1-4 VDW =      215.1072  1-4 EEL =     2547.1677  RESTRAINT  =       62.4609
 EAMBER  =   -42558.5792


   NSTEP       ENERGY          RMS            GMAX         NAME    NUMBER
    395      -4.2522E+04     7.5544E-01     4.3754E+01     CG        132

 BOND    =     2969.7256  ANGLE   =       99.7513  DIHED      =      557.2290
 VDWAALS =     6565.2874  EEL     =   -55536.6026  HBOND      =        0.0000
 1-4 VDW =      214.9344  1-4 EEL =     2547.9244  RESTRAINT  =       59.4184
 EAMBER  =   -42581.7504


   NSTEP       ENERGY          RMS            GMAX         NAME    NUMBER
    400      -4.2541E+04     8.9905E-01     2.8102E+01     O          18

 BOND    =     2973.2022  ANGLE   =      102.9326  DIHED      =      557.4496
 VDWAALS =     6593.2234  EEL     =   -55594.7112  HBOND      =        0.0000
 1-4 VDW =      215.6151  1-4 EEL =     2548.0292  RESTRAINT  =       63.3560
 EAMBER  =   -42604.2590


   NSTEP       ENERGY          RMS            GMAX         NAME    NUMBER
    405      -4.2543E+04     8.0355E-01     2.5874E+01     O          18

 BOND    =     2972.6992  ANGLE   =      102.6645  DIHED      =      557.4059
 VDWAALS =     6592.9556  EEL     =   -55595.2431  HBOND      =        0.0000
 1-4 VDW =      215.5678  1-4 EEL =     2548.0236  RESTRAINT  =       62.9951
 EAMBER  =   -42605.9264


   NSTEP       ENERGY          RMS            GMAX         NAME    NUMBER
    410      -4.2566E+04     6.1474E-01     2.8425E+01     CG        132

 BOND    =     2972.4968  ANGLE   =       99.1188  DIHED      =      557.2745
 VDWAALS =     6593.1492  EEL     =   -55609.2815  HBOND      =        0.0000
 1-4 VDW =      214.9157  1-4 EEL =     2547.7286  RESTRAINT  =       58.8889
 EAMBER  =   -42624.5979


   NSTEP       ENERGY          RMS            GMAX         NAME    NUMBER
    415      -4.2583E+04     7.5136E-01     2.5530E+01     C         135

 BOND    =     2982.3029  ANGLE   =      100.5418  DIHED      =      557.5613
 VDWAALS =     6594.7729  EEL     =   -55642.8882  HBOND      =        0.0000
 1-4 VDW =      215.0421  1-4 EEL =     2547.1875  RESTRAINT  =       62.3278
 EAMBER  =   -42645.4798


   NSTEP       ENERGY          RMS            GMAX         NAME    NUMBER
    420      -4.2621E+04     7.3966E-01     4.4033E+01     CA          5

 BOND    =     2987.4856  ANGLE   =       99.2949  DIHED      =      557.1743
 VDWAALS =     6633.3501  EEL     =   -55720.9086  HBOND      =        0.0000
 1-4 VDW =      215.4803  1-4 EEL =     2547.2067  RESTRAINT  =       59.7957
 EAMBER  =   -42680.9166


   NSTEP       ENERGY          RMS            GMAX         NAME    NUMBER
    425      -4.2645E+04     1.0449E+00     5.7207E+01     CG        361

 BOND    =     2988.8215  ANGLE   =      103.0661  DIHED      =      557.3577
 VDWAALS =     6677.3371  EEL     =   -55798.0761  HBOND      =        0.0000
 1-4 VDW =      214.8452  1-4 EEL =     2548.9067  RESTRAINT  =       62.3861
 EAMBER  =   -42707.7418


   NSTEP       ENERGY          RMS            GMAX         NAME    NUMBER
    430      -4.2647E+04     9.2750E-01     4.5177E+01     CG        361

 BOND    =     2988.2245  ANGLE   =      102.6746  DIHED      =      557.3535
 VDWAALS =     6677.2513  EEL     =   -55798.7611  HBOND      =        0.0000
 1-4 VDW =      214.8343  1-4 EEL =     2548.8779  RESTRAINT  =       62.1313
 EAMBER  =   -42709.5450


   NSTEP       ENERGY          RMS            GMAX         NAME    NUMBER
    435      -4.2682E+04     7.9798E-01     2.7499E+01     CA          5

 BOND    =     2998.2331  ANGLE   =      101.0126  DIHED      =      557.4327
 VDWAALS =     6684.3668  EEL     =   -55847.0117  HBOND      =        0.0000
 1-4 VDW =      215.4174  1-4 EEL =     2547.1197  RESTRAINT  =       60.9883
 EAMBER  =   -42743.4293


   NSTEP       ENERGY          RMS            GMAX         NAME    NUMBER
    440      -4.2704E+04     6.9914E-01     2.4086E+01     C         135

 BOND    =     3005.3436  ANGLE   =      100.5149  DIHED      =      557.3966
 VDWAALS =     6699.3224  EEL     =   -55890.3881  HBOND      =        0.0000
 1-4 VDW =      215.0976  1-4 EEL =     2547.1909  RESTRAINT  =       61.8410
 EAMBER  =   -42765.5220


   NSTEP       ENERGY          RMS            GMAX         NAME    NUMBER
    445      -4.2725E+04     7.0802E-01     4.3851E+01     CG        132

 BOND    =     3008.0803  ANGLE   =       99.7802  DIHED      =      557.2592
 VDWAALS =     6732.6354  EEL     =   -55945.0161  HBOND      =        0.0000
 1-4 VDW =      214.9563  1-4 EEL =     2547.8747  RESTRAINT  =       59.4050
 EAMBER  =   -42784.4300


   NSTEP       ENERGY          RMS            GMAX         NAME    NUMBER
    450      -4.2741E+04     8.4974E-01     2.6866E+01     CA         21

 BOND    =     3011.9232  ANGLE   =      102.5615  DIHED      =      557.4979
 VDWAALS =     6757.8370  EEL     =   -55997.6228  HBOND      =        0.0000
 1-4 VDW =      215.5365  1-4 EEL =     2548.0432  RESTRAINT  =       63.0069
 EAMBER  =   -42804.2235


   NSTEP       ENERGY          RMS            GMAX         NAME    NUMBER
    455      -4.2743E+04     7.4915E-01     2.3569E+01     CA         21

 BOND    =     3011.4254  ANGLE   =      102.3090  DIHED      =      557.4505
 VDWAALS =     6757.5443  EEL     =   -55998.1159  HBOND      =        0.0000
 1-4 VDW =      215.4888  1-4 EEL =     2548.0336  RESTRAINT  =       62.6463
 EAMBER  =   -42805.8643


   NSTEP       ENERGY          RMS            GMAX         NAME    NUMBER
    460      -4.2763E+04     5.7432E-01     2.7538E+01     CG        132

 BOND    =     3009.9572  ANGLE   =       99.1705  DIHED      =      557.2786
 VDWAALS =     6757.6657  EEL     =   -56008.3924  HBOND      =        0.0000
 1-4 VDW =      214.9443  1-4 EEL =     2547.6613  RESTRAINT  =       58.8503
 EAMBER  =   -42821.7147


   NSTEP       ENERGY          RMS            GMAX         NAME    NUMBER
    465      -4.2777E+04     6.8627E-01     2.3666E+01     C         135

 BOND    =     3019.0556  ANGLE   =      100.2329  DIHED      =      557.5335
 VDWAALS =     6758.6256  EEL     =   -56036.4625  HBOND      =        0.0000
 1-4 VDW =      215.0344  1-4 EEL =     2547.2292  RESTRAINT  =       61.7119
 EAMBER  =   -42838.7513


   NSTEP       ENERGY          RMS            GMAX         NAME    NUMBER
    470      -4.2810E+04     6.7166E-01     4.1321E+01     CA          5

 BOND    =     3023.0769  ANGLE   =       99.3523  DIHED      =      557.2279
 VDWAALS =     6791.4626  EEL     =   -56103.1312  HBOND      =        0.0000
 1-4 VDW =      215.4394  1-4 EEL =     2547.2285  RESTRAINT  =       59.6534
 EAMBER  =   -42869.3435


   NSTEP       ENERGY          RMS            GMAX         NAME    NUMBER
    475      -4.2830E+04     9.9165E-01     5.7732E+01     CG        361

 BOND    =     3024.2825  ANGLE   =      102.5036  DIHED      =      557.3565
 VDWAALS =     6828.6563  EEL     =   -56167.9665  HBOND      =        0.0000
 1-4 VDW =      214.8564  1-4 EEL =     2548.6744  RESTRAINT  =       61.6593
 EAMBER  =   -42891.6368


   NSTEP       ENERGY          RMS            GMAX         NAME    NUMBER
    480      -4.2832E+04     8.6194E-01     4.4208E+01     CG        361

 BOND    =     3023.6836  ANGLE   =      102.1255  DIHED      =      557.3527
 VDWAALS =     6828.5838  EEL     =   -56168.6896  HBOND      =        0.0000
 1-4 VDW =      214.8444  1-4 EEL =     2548.6526  RESTRAINT  =       61.4188
 EAMBER  =   -42893.4470


   NSTEP       ENERGY          RMS            GMAX         NAME    NUMBER
    485      -4.2861E+04     8.2094E-01     2.2641E+01     HA          6

 BOND    =     3033.5247  ANGLE   =      101.1132  DIHED      =      557.4635
 VDWAALS =     6835.8813  EEL     =   -56212.6041  HBOND      =        0.0000
 1-4 VDW =      215.4140  1-4 EEL =     2547.1446  RESTRAINT  =       60.8374
 EAMBER  =   -42922.0629


   NSTEP       ENERGY          RMS            GMAX         NAME    NUMBER
    490      -4.2884E+04     7.6615E-01     3.2318E+01     CG        132

 BOND    =     3033.5582  ANGLE   =      101.2220  DIHED      =      557.3119
 VDWAALS =     6854.6225  EEL     =   -56253.1496  HBOND      =        0.0000
 1-4 VDW =      214.6583  1-4 EEL =     2548.1721  RESTRAINT  =       59.7491
 EAMBER  =   -42943.6044


   NSTEP       ENERGY          RMS            GMAX         NAME    NUMBER
    495      -4.2895E+04     5.9224E-01     3.7550E+01     CG        132

 BOND    =     3038.1630  ANGLE   =      100.2083  DIHED      =      557.2999
 VDWAALS =     6865.7314  EEL     =   -56279.4835  HBOND      =        0.0000
 1-4 VDW =      214.9750  1-4 EEL =     2548.0134  RESTRAINT  =       59.9421
 EAMBER  =   -42955.0925


   NSTEP       ENERGY          RMS            GMAX         NAME    NUMBER
    500      -4.2922E+04     7.5392E-01     2.5543E+01     CG        132

 BOND    =     3044.3540  ANGLE   =      102.1043  DIHED      =      557.3530
 VDWAALS =     6893.9904  EEL     =   -56345.2144  HBOND      =        0.0000
 1-4 VDW =      215.4289  1-4 EEL =     2548.1785  RESTRAINT  =       61.9514
 EAMBER  =   -42983.8052


  Maximum number of minimization cycles reached.


                    FINAL RESULTS



   NSTEP       ENERGY          RMS            GMAX         NAME    NUMBER
    500      -4.2922E+04     7.5392E-01     2.5543E+01     CG        132

 BOND    =     3044.3540  ANGLE   =      102.1043  DIHED      =      557.3530
 VDWAALS =     6893.9904  EEL     =   -56345.2144  HBOND      =        0.0000
 1-4 VDW =      215.4289  1-4 EEL =     2548.1785  RESTRAINT  =       61.9514
 EAMBER  =   -42983.8052
--------------------------------------------------------------------------------
   5.  TIMINGS
--------------------------------------------------------------------------------

|  NonSetup CPU Time in Major Routines:
|
|     Routine           Sec        %
|     ------------------------------
|     Nonbond          19.48   97.38
|     Bond              0.10    0.48
|     Angle             0.04    0.22
|     Dihedral          0.30    1.48
|     Shake             0.00    0.00
|     Other             0.09    0.44
|     ------------------------------
|     Total            20.01

|  PME Nonbond Pairlist CPU Time:
|
|     Routine              Sec        %
|     ---------------------------------
|     Set Up Cit           0.00    0.00
|     Build List           0.36    1.78
|     ---------------------------------
|     Total                0.36    1.78

|  PME Direct Force CPU Time:
|
|     Routine              Sec        %
|     ---------------------------------
|     NonBonded Calc      12.44   62.16
|     Exclude Masked       0.24    1.18
|     Other                0.04    0.22
|     ---------------------------------
|     Total               12.72   63.55

|  PME Reciprocal Force CPU Time:
|
|     Routine              Sec        %
|     ---------------------------------
|     1D bspline           0.20    1.00
|     Grid Charges         0.35    1.76
|     Scalar Sum           2.46   12.32
|     Gradient Sum         0.70    3.48
|     FFT                  2.68   13.41
|     ---------------------------------
|     Total                6.40   31.97

|  Setup CPU time:            0.06 seconds
|  NonSetup CPU time:        20.01 seconds
|  Total CPU time:           20.06 seconds     0.01 hours

|  Setup wall time:           0    seconds
|  NonSetup wall time:       20    seconds
|  Total wall time:          20    seconds     0.01 hours
