
          -------------------------------------------------------
          Amber 16 PMEMD                              2016
          -------------------------------------------------------

| PMEMD implementation of SANDER, Release 16

| Run on 06/19/2017 at 23:47:03

|   Executable path: pmemd
| Working directory: /home/german/alex/run/5rm/mhe/m
|          Hostname: Unknown
  [-O]verwriting output

File Assignments:
|   MDIN: mmin.in                                                               
|  MDOUT: mmin.out                                                              
| INPCRD: m5rm.rst7                                                             
|   PARM: /home/german/alex/top_files/5rm.prmtop                                
| RESTRT: mm5rm.rst7                                                            
|   REFC: 5rm.rst7                                                              
|  MDVEL: mdvel                                                                 
|   MDEN: mden                                                                  
|  MDCRD: mm5rm.crd                                                             
| MDINFO: mdinfo                                                                
|  MDFRC: mdfrc                                                                 


 Here is the input file:

Minimization with Cartesian restraints                                         
&cntrl                                                                         
imin=1,                                                                        
ntmin=1,                                ! Steepest Descent, then Conjugate Grad
ncyc=100,                               ! 100 steps of Steepest Descent        
maxcyc=500,                             ! 400 steps of Conjugate Gradient      
ntpr=5,                                                                        
&end                                                                           


Note: ig = -1. Setting random seed to   962151 based on wallclock time in 
      microseconds.
 
 
| Conditional Compilation Defines Used:
| PUBFFT
| BINTRAJ
| EMIL

| Largest sphere to fit in unit cell has radius =    22.859

| New format PARM file being parsed.
| Version =    1.000 Date = 06/17/17 Time = 14:34:14

| Note: 1-4 EEL scale factors are being read from the topology file.

| Note: 1-4 VDW scale factors are being read from the topology file.
| Duplicated    0 dihedrals

| Duplicated    0 dihedrals

--------------------------------------------------------------------------------
   1.  RESOURCE   USE: 
--------------------------------------------------------------------------------

 getting box info from netcdf restart file
 NATOM  =   11377 NTYPES =      17 NBONH =   10980 MBONA  =     402
 NTHETH =     874 MTHETA =     539 NPHIH =    1768 MPHIA  =    1685
 NHPARM =       0 NPARM  =       0 NNB   =   18411 NRES   =    3584
 NBONA  =     402 NTHETA =     539 NPHIA =    1685 NUMBND =      67
 NUMANG =     152 NPTRA  =     191 NATYP =      36 NPHB   =       1
 IFBOX  =       2 NMXRS  =      25 IFCAP =       0 NEXTRA =       0
 NCOPY  =       0

| Coordinate Index Table dimensions:    11   11   11
| Direct force subcell size =     5.0903    5.0903    5.0903

     BOX TYPE: TRUNCATED OCTAHEDRON

--------------------------------------------------------------------------------
   2.  CONTROL  DATA  FOR  THE  RUN
--------------------------------------------------------------------------------

default_name                                                                    

General flags:
     imin    =       1, nmropt  =       0

Nature and format of input:
     ntx     =       1, irest   =       0, ntrx    =       1

Nature and format of output:
     ntxo    =       2, ntpr    =       5, ntrx    =       1, ntwr    =       1
     iwrap   =       0, ntwx    =       0, ntwv    =       0, ntwe    =       0
     ioutfm  =       1, ntwprt  =       0, idecomp =       0, rbornstat=      0

Potential function:
     ntf     =       1, ntb     =       1, igb     =       0, nsnb    =      25
     ipol    =       0, gbsa    =       0, iesp    =       0
     dielc   =   1.00000, cut     =   8.00000, intdiel =   1.00000

Frozen or restrained atoms:
     ibelly  =       0, ntr     =       0

Energy minimization:
     maxcyc  =     500, ncyc    =     100, ntmin   =       1
     dx0     =   0.01000, drms    =   0.00010

| Intermolecular bonds treatment:
|     no_intermolecular_bonds =       1

| Energy averages sample interval:
|     ene_avg_sampling =       1

Ewald parameters:
     verbose =       0, ew_type =       0, nbflag  =       1, use_pme =       1
     vdwmeth =       1, eedmeth =       1, netfrc  =       0
     Box X =   55.993   Box Y =   55.993   Box Z =   55.993
     Alpha =  109.471   Beta  =  109.471   Gamma =  109.471
     NFFT1 =   60       NFFT2 =   60       NFFT3 =   60
     Cutoff=    8.000   Tol   =0.100E-04
     Ewald Coefficient =  0.34864
     Interpolation order =    4

--------------------------------------------------------------------------------
   3.  ATOMIC COORDINATES AND VELOCITIES
--------------------------------------------------------------------------------

default_name                                                                    
 begin time read from input coords =     0.000 ps

 
 Number of triangulated 3-point waters found:     3532

     Sum of charges from parm topology file =  -0.00000003
     Forcing neutrality...

| Dynamic Memory, Types Used:
| Reals              375633
| Integers           317486

| Nonbonded Pairs Initial Allocation:     1900243

--------------------------------------------------------------------------------
   4.  RESULTS
--------------------------------------------------------------------------------

 ---------------------------------------------------
 APPROXIMATING switch and d/dx switch using CUBIC SPLINE INTERPOLATION
 using   5000.0 points per unit in tabled values
 TESTING RELATIVE ERROR over r ranging from 0.0 to cutoff
| CHECK switch(x): max rel err =   0.2738E-14   at   2.422500
| CHECK d/dx switch(x): max rel err =   0.8332E-11   at   2.782960
 ---------------------------------------------------
|---------------------------------------------------
| APPROXIMATING direct energy using CUBIC SPLINE INTERPOLATION
|  with   50.0 points per unit in tabled values
| Relative Error Limit not exceeded for r .gt.   2.47
| APPROXIMATING direct force using CUBIC SPLINE INTERPOLATION
|  with   50.0 points per unit in tabled values
| Relative Error Limit not exceeded for r .gt.   2.89
|---------------------------------------------------


   NSTEP       ENERGY          RMS            GMAX         NAME    NUMBER
      1      -4.2984E+04     1.0496E+00     2.2630E+01     CG        132

 BOND    =     3044.3540  ANGLE   =      102.1043  DIHED      =      557.3530
 VDWAALS =     6893.9904  EEL     =   -56345.2144  HBOND      =        0.0000
 1-4 VDW =      215.4289  1-4 EEL =     2548.1785  RESTRAINT  =        0.0000


   NSTEP       ENERGY          RMS            GMAX         NAME    NUMBER
      5      -4.2995E+04     8.3168E-01     1.8872E+01     O          18

 BOND    =     3042.0904  ANGLE   =      100.4455  DIHED      =      557.4406
 VDWAALS =     6891.9137  EEL     =   -56346.5286  HBOND      =        0.0000
 1-4 VDW =      213.6417  1-4 EEL =     2546.1847  RESTRAINT  =        0.0000


   NSTEP       ENERGY          RMS            GMAX         NAME    NUMBER
     10      -4.3019E+04     6.2701E-01     1.4825E+01     O          18

 BOND    =     3039.4943  ANGLE   =       96.4797  DIHED      =      558.3089
 VDWAALS =     6887.6228  EEL     =   -56349.0367  HBOND      =        0.0000
 1-4 VDW =      208.5696  1-4 EEL =     2539.4391  RESTRAINT  =        0.0000


   NSTEP       ENERGY          RMS            GMAX         NAME    NUMBER
     15      -4.3063E+04     4.3591E-01     9.9706E+00     HG        434

 BOND    =     3039.6055  ANGLE   =       93.4701  DIHED      =      560.8470
 VDWAALS =     6880.4435  EEL     =   -56358.6250  HBOND      =        0.0000
 1-4 VDW =      197.6292  1-4 EEL =     2523.6990  RESTRAINT  =        0.0000


   NSTEP       ENERGY          RMS            GMAX         NAME    NUMBER
     20      -4.3102E+04     1.3183E+00     9.0403E+01     CG        132

 BOND    =     3050.6699  ANGLE   =       94.9381  DIHED      =      562.6385
 VDWAALS =     6878.0375  EEL     =   -56382.2488  HBOND      =        0.0000
 1-4 VDW =      185.1750  1-4 EEL =     2508.9167  RESTRAINT  =        0.0000


   NSTEP       ENERGY          RMS            GMAX         NAME    NUMBER
     25      -4.3123E+04     3.8901E-01     8.8843E+00     HG        434

 BOND    =     3044.5272  ANGLE   =       94.9653  DIHED      =      562.7924
 VDWAALS =     6879.9308  EEL     =   -56393.3748  HBOND      =        0.0000
 1-4 VDW =      182.3364  1-4 EEL =     2506.1805  RESTRAINT  =        0.0000


   NSTEP       ENERGY          RMS            GMAX         NAME    NUMBER
     30      -4.3134E+04     3.1890E-01     8.4601E+00     HG        434

 BOND    =     3045.5285  ANGLE   =       95.3621  DIHED      =      562.8755
 VDWAALS =     6881.6385  EEL     =   -56403.0615  HBOND      =        0.0000
 1-4 VDW =      179.9433  1-4 EEL =     2503.9108  RESTRAINT  =        0.0000


   NSTEP       ENERGY          RMS            GMAX         NAME    NUMBER
     35      -4.3146E+04     3.0784E-01     7.8329E+00     HG        434

 BOND    =     3046.9612  ANGLE   =       95.8837  DIHED      =      562.9173
 VDWAALS =     6884.1061  EEL     =   -56414.6315  HBOND      =        0.0000
 1-4 VDW =      177.5431  1-4 EEL =     2501.6180  RESTRAINT  =        0.0000


   NSTEP       ENERGY          RMS            GMAX         NAME    NUMBER
     40      -4.3157E+04     5.7348E-01     1.6872E+01     C          17

 BOND    =     3049.8009  ANGLE   =       96.4665  DIHED      =      562.9177
 VDWAALS =     6887.4399  EEL     =   -56428.0962  HBOND      =        0.0000
 1-4 VDW =      175.2406  1-4 EEL =     2499.3071  RESTRAINT  =        0.0000


   NSTEP       ENERGY          RMS            GMAX         NAME    NUMBER
     45      -4.3167E+04     3.8389E-01     9.7394E+00     C          17

 BOND    =     3050.2480  ANGLE   =       96.8921  DIHED      =      562.8874
 VDWAALS =     6890.2409  EEL     =   -56438.8056  HBOND      =        0.0000
 1-4 VDW =      173.6166  1-4 EEL =     2497.7121  RESTRAINT  =        0.0000


   NSTEP       ENERGY          RMS            GMAX         NAME    NUMBER
     50      -4.3177E+04     4.0759E-01     1.1881E+01     C          17

 BOND    =     3051.8390  ANGLE   =       97.3591  DIHED      =      562.8381
 VDWAALS =     6893.7607  EEL     =   -56451.0192  HBOND      =        0.0000
 1-4 VDW =      172.0380  1-4 EEL =     2496.0617  RESTRAINT  =        0.0000


   NSTEP       ENERGY          RMS            GMAX         NAME    NUMBER
     55      -4.3185E+04     6.9142E-01     2.4726E+01     C          17

 BOND    =     3054.8536  ANGLE   =       97.7588  DIHED      =      562.7831
 VDWAALS =     6897.4414  EEL     =   -56462.9291  HBOND      =        0.0000
 1-4 VDW =      170.7288  1-4 EEL =     2494.5693  RESTRAINT  =        0.0000


   NSTEP       ENERGY          RMS            GMAX         NAME    NUMBER
     60      -4.3194E+04     7.1081E-01     2.7328E+01     C          17

 BOND    =     3056.4178  ANGLE   =       98.1753  DIHED      =      562.7140
 VDWAALS =     6901.2133  EEL     =   -56474.9075  HBOND      =        0.0000
 1-4 VDW =      169.5263  1-4 EEL =     2493.2073  RESTRAINT  =        0.0000


   NSTEP       ENERGY          RMS            GMAX         NAME    NUMBER
     65      -4.3202E+04     7.6352E-01     3.1683E+01     C          17

 BOND    =     3058.2340  ANGLE   =       98.5818  DIHED      =      562.6395
 VDWAALS =     6905.2358  EEL     =   -56487.1290  HBOND      =        0.0000
 1-4 VDW =      168.4421  1-4 EEL =     2491.9186  RESTRAINT  =        0.0000


   NSTEP       ENERGY          RMS            GMAX         NAME    NUMBER
     70      -4.3210E+04     8.3545E-01     3.6324E+01     C          17

 BOND    =     3060.1875  ANGLE   =       98.9524  DIHED      =      562.5643
 VDWAALS =     6909.2619  EEL     =   -56499.0029  HBOND      =        0.0000
 1-4 VDW =      167.4994  1-4 EEL =     2490.7460  RESTRAINT  =        0.0000


   NSTEP       ENERGY          RMS            GMAX         NAME    NUMBER
     75      -4.3217E+04     7.8666E-01     3.3474E+01     C          17

 BOND    =     3061.0040  ANGLE   =       99.2111  DIHED      =      562.4934
 VDWAALS =     6912.7891  EEL     =   -56509.2483  HBOND      =        0.0000
 1-4 VDW =      166.7482  1-4 EEL =     2489.8110  RESTRAINT  =        0.0000


   NSTEP       ENERGY          RMS            GMAX         NAME    NUMBER
     80      -4.3225E+04     8.1346E-01     3.7136E+01     C          17

 BOND    =     3062.6029  ANGLE   =       99.5440  DIHED      =      562.4131
 VDWAALS =     6917.0140  EEL     =   -56521.3652  HBOND      =        0.0000
 1-4 VDW =      165.9449  1-4 EEL =     2488.7503  RESTRAINT  =        0.0000


   NSTEP       ENERGY          RMS            GMAX         NAME    NUMBER
     85      -4.3235E+04     2.4937E-01     4.1579E+00     C          17

 BOND    =     3060.7496  ANGLE   =      100.0854  DIHED      =      562.3055
 VDWAALS =     6920.7339  EEL     =   -56532.3879  HBOND      =        0.0000
 1-4 VDW =      165.1587  1-4 EEL =     2487.9629  RESTRAINT  =        0.0000


   NSTEP       ENERGY          RMS            GMAX         NAME    NUMBER
     90      -4.3239E+04     8.8712E-01     4.3897E+01     C          17

 BOND    =     3065.8209  ANGLE   =      100.1290  DIHED      =      562.2598
 VDWAALS =     6925.2818  EEL     =   -56544.3217  HBOND      =        0.0000
 1-4 VDW =      164.6135  1-4 EEL =     2486.9095  RESTRAINT  =        0.0000


   NSTEP       ENERGY          RMS            GMAX         NAME    NUMBER
     95      -4.3246E+04     9.0914E-01     4.6711E+01     C          17

 BOND    =     3067.2869  ANGLE   =      100.4191  DIHED      =      562.1818
 VDWAALS =     6929.5301  EEL     =   -56555.8683  HBOND      =        0.0000
 1-4 VDW =      164.0151  1-4 EEL =     2486.0610  RESTRAINT  =        0.0000


   NSTEP       ENERGY          RMS            GMAX         NAME    NUMBER
    100      -4.3253E+04     9.4359E-01     5.0656E+01     C          17

 BOND    =     3068.8797  ANGLE   =      100.7168  DIHED      =      562.1038
 VDWAALS =     6933.8991  EEL     =   -56567.7293  HBOND      =        0.0000
 1-4 VDW =      163.4473  1-4 EEL =     2485.2376  RESTRAINT  =        0.0000


   NSTEP       ENERGY          RMS            GMAX         NAME    NUMBER
    105      -4.3333E+04     8.2705E-01     4.6577E+01     C          17

 BOND    =     3086.9484  ANGLE   =      105.3839  DIHED      =      561.5994
 VDWAALS =     6986.4338  EEL     =   -56707.7984  HBOND      =        0.0000
 1-4 VDW =      157.2308  1-4 EEL =     2476.8047  RESTRAINT  =        0.0000


   NSTEP       ENERGY          RMS            GMAX         NAME    NUMBER
    110      -4.3468E+04     1.4648E+00     1.0900E+02     SG        350

 BOND    =     3159.3521  ANGLE   =      125.3255  DIHED      =      567.5709
 VDWAALS =     7211.1370  EEL     =   -57123.2294  HBOND      =        0.0000
 1-4 VDW =      140.3798  1-4 EEL =     2451.2597  RESTRAINT  =        0.0000


   NSTEP       ENERGY          RMS            GMAX         NAME    NUMBER
    115      -4.3530E+04     6.6019E-01     4.0564E+01     SG        350

 BOND    =     3149.7989  ANGLE   =      142.9381  DIHED      =      568.0065
 VDWAALS =     7256.6032  EEL     =   -57231.1440  HBOND      =        0.0000
 1-4 VDW =      140.3170  1-4 EEL =     2443.2130  RESTRAINT  =        0.0000


   NSTEP       ENERGY          RMS            GMAX         NAME    NUMBER
    120      -4.3580E+04     1.2380E+00     6.3067E+01     SG        350

 BOND    =     3173.8492  ANGLE   =      156.5848  DIHED      =      569.3445
 VDWAALS =     7345.0211  EEL     =   -57401.6500  HBOND      =        0.0000
 1-4 VDW =      140.3192  1-4 EEL =     2436.5492  RESTRAINT  =        0.0000


   NSTEP       ENERGY          RMS            GMAX         NAME    NUMBER
    125      -4.3634E+04     8.6166E-01     2.3715E+01     CG        469

 BOND    =     3189.8589  ANGLE   =      156.1514  DIHED      =      573.4792
 VDWAALS =     7490.5744  EEL     =   -57613.4854  HBOND      =        0.0000
 1-4 VDW =      136.7241  1-4 EEL =     2433.1716  RESTRAINT  =        0.0000


   NSTEP       ENERGY          RMS            GMAX         NAME    NUMBER
    130      -4.3635E+04     7.4255E-01     1.9963E+01     HG        351

 BOND    =     3192.5019  ANGLE   =      156.1241  DIHED      =      573.4000
 VDWAALS =     7490.3198  EEL     =   -57617.6296  HBOND      =        0.0000
 1-4 VDW =      136.7314  1-4 EEL =     2433.1539  RESTRAINT  =        0.0000


   NSTEP       ENERGY          RMS            GMAX         NAME    NUMBER
    135      -4.3673E+04     1.1194E+00     7.2151E+01     CG        469

 BOND    =     3188.5734  ANGLE   =      160.7294  DIHED      =      569.1820
 VDWAALS =     7476.4115  EEL     =   -57641.3727  HBOND      =        0.0000
 1-4 VDW =      137.9906  1-4 EEL =     2435.4441  RESTRAINT  =        0.0000


   NSTEP       ENERGY          RMS            GMAX         NAME    NUMBER
    140      -4.3703E+04     8.7824E-01     4.0723E+01     CG        469

 BOND    =     3198.0518  ANGLE   =      147.4542  DIHED      =      566.2075
 VDWAALS =     7475.4264  EEL     =   -57669.4090  HBOND      =        0.0000
 1-4 VDW =      138.9236  1-4 EEL =     2440.6704  RESTRAINT  =        0.0000


   NSTEP       ENERGY          RMS            GMAX         NAME    NUMBER
    145      -4.3742E+04     1.1693E+00     7.9939E+01     CG        469

 BOND    =     3196.6376  ANGLE   =      125.8111  DIHED      =      561.3112
 VDWAALS =     7472.7814  EEL     =   -57694.6299  HBOND      =        0.0000
 1-4 VDW =      143.3378  1-4 EEL =     2452.8073  RESTRAINT  =        0.0000


   NSTEP       ENERGY          RMS            GMAX         NAME    NUMBER
    150      -4.3768E+04     6.6920E-01     2.0627E+01     OG        433

 BOND    =     3186.5247  ANGLE   =      126.0102  DIHED      =      558.7024
 VDWAALS =     7472.5427  EEL     =   -57718.5905  HBOND      =        0.0000
 1-4 VDW =      148.1239  1-4 EEL =     2458.4116  RESTRAINT  =        0.0000


   NSTEP       ENERGY          RMS            GMAX         NAME    NUMBER
    155      -4.3770E+04     5.5380E-01     1.6448E+01     OG        433

 BOND    =     3187.4856  ANGLE   =      125.4585  DIHED      =      558.6775
 VDWAALS =     7472.4743  EEL     =   -57720.2783  HBOND      =        0.0000
 1-4 VDW =      148.0922  1-4 EEL =     2458.3860  RESTRAINT  =        0.0000


   NSTEP       ENERGY          RMS            GMAX         NAME    NUMBER
    160      -4.3785E+04     6.1060E-01     3.0283E+01     OD1       470

 BOND    =     3188.0531  ANGLE   =      118.2853  DIHED      =      558.8408
 VDWAALS =     7469.9025  EEL     =   -57726.0319  HBOND      =        0.0000
 1-4 VDW =      146.8333  1-4 EEL =     2458.9082  RESTRAINT  =        0.0000


   NSTEP       ENERGY          RMS            GMAX         NAME    NUMBER
    165      -4.3808E+04     5.0051E-01     1.6072E+01     CG        469

 BOND    =     3190.9426  ANGLE   =      122.3133  DIHED      =      558.1542
 VDWAALS =     7464.7773  EEL     =   -57748.2766  HBOND      =        0.0000
 1-4 VDW =      146.5441  1-4 EEL =     2457.4229  RESTRAINT  =        0.0000


   NSTEP       ENERGY          RMS            GMAX         NAME    NUMBER
    170      -4.3820E+04     6.5098E-01     2.5973E+01     OG        433

 BOND    =     3184.3756  ANGLE   =      121.9034  DIHED      =      558.2487
 VDWAALS =     7470.0370  EEL     =   -57755.5738  HBOND      =        0.0000
 1-4 VDW =      146.4434  1-4 EEL =     2454.4937  RESTRAINT  =        0.0000


   NSTEP       ENERGY          RMS            GMAX         NAME    NUMBER
    175      -4.3843E+04     6.3437E-01     2.2915E+01     OD2       471

 BOND    =     3191.4161  ANGLE   =      117.9935  DIHED      =      559.2490
 VDWAALS =     7491.9850  EEL     =   -57804.5111  HBOND      =        0.0000
 1-4 VDW =      146.2029  1-4 EEL =     2454.9403  RESTRAINT  =        0.0000


   NSTEP       ENERGY          RMS            GMAX         NAME    NUMBER
    180      -4.3844E+04     5.2000E-01     1.7494E+01     OD2       471

 BOND    =     3193.1723  ANGLE   =      118.0995  DIHED      =      559.1482
 VDWAALS =     7491.9097  EEL     =   -57807.6960  HBOND      =        0.0000
 1-4 VDW =      146.1913  1-4 EEL =     2454.9264  RESTRAINT  =        0.0000


   NSTEP       ENERGY          RMS            GMAX         NAME    NUMBER
    185      -4.3861E+04     6.0055E-01     2.9684E+01     OD2       471

 BOND    =     3191.5922  ANGLE   =      120.6926  DIHED      =      557.4864
 VDWAALS =     7491.8196  EEL     =   -57825.1459  HBOND      =        0.0000
 1-4 VDW =      145.9326  1-4 EEL =     2456.6042  RESTRAINT  =        0.0000


   NSTEP       ENERGY          RMS            GMAX         NAME    NUMBER
    190      -4.3880E+04     5.1562E-01     1.8634E+01     OD2       471

 BOND    =     3206.4875  ANGLE   =      115.4228  DIHED      =      556.6254
 VDWAALS =     7507.7588  EEL     =   -57873.9993  HBOND      =        0.0000
 1-4 VDW =      146.4681  1-4 EEL =     2460.8752  RESTRAINT  =        0.0000


   NSTEP       ENERGY          RMS            GMAX         NAME    NUMBER
    195      -4.3890E+04     5.0727E-01     2.4137E+01     CG        469

 BOND    =     3200.0407  ANGLE   =      113.9890  DIHED      =      556.5184
 VDWAALS =     7518.5351  EEL     =   -57888.0614  HBOND      =        0.0000
 1-4 VDW =      147.2225  1-4 EEL =     2462.2012  RESTRAINT  =        0.0000


   NSTEP       ENERGY          RMS            GMAX         NAME    NUMBER
    200      -4.3904E+04     5.6671E-01     2.7378E+01     CB        466

 BOND    =     3209.4186  ANGLE   =      119.1902  DIHED      =      555.6260
 VDWAALS =     7536.9568  EEL     =   -57938.0808  HBOND      =        0.0000
 1-4 VDW =      148.9813  1-4 EEL =     2464.2235  RESTRAINT  =        0.0000


   NSTEP       ENERGY          RMS            GMAX         NAME    NUMBER
    205      -4.3905E+04     4.8169E-01     2.1680E+01     CB        466

 BOND    =     3207.9742  ANGLE   =      118.2372  DIHED      =      555.5930
 VDWAALS =     7536.9718  EEL     =   -57937.1713  HBOND      =        0.0000
 1-4 VDW =      148.9471  1-4 EEL =     2464.2624  RESTRAINT  =        0.0000


   NSTEP       ENERGY          RMS            GMAX         NAME    NUMBER
    210      -4.3919E+04     5.5975E-01     2.3323E+01     CG        469

 BOND    =     3205.6543  ANGLE   =      111.5037  DIHED      =      556.1080
 VDWAALS =     7534.6847  EEL     =   -57939.4713  HBOND      =        0.0000
 1-4 VDW =      148.3042  1-4 EEL =     2464.5313  RESTRAINT  =        0.0000


   NSTEP       ENERGY          RMS            GMAX         NAME    NUMBER
    215      -4.3935E+04     8.0091E-01     3.4044E+01     CG        469

 BOND    =     3206.0394  ANGLE   =      117.1742  DIHED      =      555.3361
 VDWAALS =     7533.4858  EEL     =   -57957.7092  HBOND      =        0.0000
 1-4 VDW =      148.2428  1-4 EEL =     2462.3917  RESTRAINT  =        0.0000


   NSTEP       ENERGY          RMS            GMAX         NAME    NUMBER
    220      -4.3944E+04     5.4358E-01     2.3264E+01     CB        466

 BOND    =     3207.6222  ANGLE   =      115.5772  DIHED      =      555.4163
 VDWAALS =     7538.0776  EEL     =   -57970.1867  HBOND      =        0.0000
 1-4 VDW =      147.9810  1-4 EEL =     2461.1157  RESTRAINT  =        0.0000


   NSTEP       ENERGY          RMS            GMAX         NAME    NUMBER
    225      -4.3966E+04     5.6631E-01     1.8317E+01     CB        466

 BOND    =     3220.5782  ANGLE   =      118.4173  DIHED      =      556.4283
 VDWAALS =     7559.6171  EEL     =   -58029.6903  HBOND      =        0.0000
 1-4 VDW =      148.1351  1-4 EEL =     2460.4459  RESTRAINT  =        0.0000


   NSTEP       ENERGY          RMS            GMAX         NAME    NUMBER
    230      -4.3968E+04     4.7750E-01     1.6934E+01     HZ1       695

 BOND    =     3218.0949  ANGLE   =      117.8185  DIHED      =      556.3519
 VDWAALS =     7559.6926  EEL     =   -58028.1172  HBOND      =        0.0000
 1-4 VDW =      148.1127  1-4 EEL =     2460.4623  RESTRAINT  =        0.0000


   NSTEP       ENERGY          RMS            GMAX         NAME    NUMBER
    235      -4.3979E+04     3.5894E-01     1.5572E+01     CA        464

 BOND    =     3209.4593  ANGLE   =      112.7193  DIHED      =      555.7997
 VDWAALS =     7562.4025  EEL     =   -58029.0254  HBOND      =        0.0000
 1-4 VDW =      147.4380  1-4 EEL =     2462.1828  RESTRAINT  =        0.0000


   NSTEP       ENERGY          RMS            GMAX         NAME    NUMBER
    240      -4.3986E+04     3.3856E-01     1.5496E+01     O        1220

 BOND    =     3217.4246  ANGLE   =      111.8252  DIHED      =      555.3224
 VDWAALS =     7566.7534  EEL     =   -58047.2532  HBOND      =        0.0000
 1-4 VDW =      147.6906  1-4 EEL =     2462.3732  RESTRAINT  =        0.0000


   NSTEP       ENERGY          RMS            GMAX         NAME    NUMBER
    245      -4.4018E+04     9.1780E-01     4.9348E+01     OG        433

 BOND    =     3226.5438  ANGLE   =      115.8660  DIHED      =      556.4479
 VDWAALS =     7607.2158  EEL     =   -58136.3783  HBOND      =        0.0000
 1-4 VDW =      149.6056  1-4 EEL =     2462.3716  RESTRAINT  =        0.0000


   NSTEP       ENERGY          RMS            GMAX         NAME    NUMBER
    250      -4.4070E+04     1.4117E+00     7.3695E+01     CB        466

 BOND    =     3249.9509  ANGLE   =      120.1738  DIHED      =      555.8870
 VDWAALS =     7696.0342  EEL     =   -58310.0491  HBOND      =        0.0000
 1-4 VDW =      150.4005  1-4 EEL =     2467.5762  RESTRAINT  =        0.0000


   NSTEP       ENERGY          RMS            GMAX         NAME    NUMBER
    255      -4.4073E+04     1.2635E+00     6.7466E+01     CB        466

 BOND    =     3248.5766  ANGLE   =      119.5399  DIHED      =      555.8368
 VDWAALS =     7695.9563  EEL     =   -58310.7418  HBOND      =        0.0000
 1-4 VDW =      150.3901  1-4 EEL =     2467.5435  RESTRAINT  =        0.0000


   NSTEP       ENERGY          RMS            GMAX         NAME    NUMBER
    260      -4.4105E+04     6.4573E-01     2.2091E+01     O        1220

 BOND    =     3237.9070  ANGLE   =      111.1791  DIHED      =      555.4560
 VDWAALS =     7691.7806  EEL     =   -58317.8774  HBOND      =        0.0000
 1-4 VDW =      150.1209  1-4 EEL =     2466.2641  RESTRAINT  =        0.0000


   NSTEP       ENERGY          RMS            GMAX         NAME    NUMBER
    265      -4.4130E+04     6.3912E-01     2.4919E+01     OG        433

 BOND    =     3241.4349  ANGLE   =      110.5257  DIHED      =      555.1512
 VDWAALS =     7687.0951  EEL     =   -58339.2200  HBOND      =        0.0000
 1-4 VDW =      149.3436  1-4 EEL =     2466.1290  RESTRAINT  =        0.0000


   NSTEP       ENERGY          RMS            GMAX         NAME    NUMBER
    270      -4.4142E+04     3.5206E-01     1.2780E+01     CA        464

 BOND    =     3238.2575  ANGLE   =      110.0821  DIHED      =      555.6745
 VDWAALS =     7688.1317  EEL     =   -58348.8232  HBOND      =        0.0000
 1-4 VDW =      148.7854  1-4 EEL =     2465.4878  RESTRAINT  =        0.0000


   NSTEP       ENERGY          RMS            GMAX         NAME    NUMBER
    275      -4.4151E+04     4.7963E-01     1.9169E+01     OG        433

 BOND    =     3237.0533  ANGLE   =      110.4957  DIHED      =      555.9169
 VDWAALS =     7693.9924  EEL     =   -58360.7346  HBOND      =        0.0000
 1-4 VDW =      148.9895  1-4 EEL =     2463.0776  RESTRAINT  =        0.0000


   NSTEP       ENERGY          RMS            GMAX         NAME    NUMBER
    280      -4.4153E+04     2.8665E-01     9.2606E+00     HZ2       696

 BOND    =     3241.2110  ANGLE   =      110.2864  DIHED      =      555.8958
 VDWAALS =     7693.9569  EEL     =   -58366.1457  HBOND      =        0.0000
 1-4 VDW =      148.8998  1-4 EEL =     2463.2093  RESTRAINT  =        0.0000


   NSTEP       ENERGY          RMS            GMAX         NAME    NUMBER
    285      -4.4159E+04     3.2675E-01     1.4869E+01     C         776

 BOND    =     3244.4115  ANGLE   =      110.8041  DIHED      =      555.3035
 VDWAALS =     7696.2128  EEL     =   -58378.1950  HBOND      =        0.0000
 1-4 VDW =      148.6523  1-4 EEL =     2464.0068  RESTRAINT  =        0.0000


   NSTEP       ENERGY          RMS            GMAX         NAME    NUMBER
    290      -4.4169E+04     4.2982E-01     1.3540E+01     OG        433

 BOND    =     3242.5146  ANGLE   =      110.0597  DIHED      =      555.1974
 VDWAALS =     7707.6053  EEL     =   -58396.9349  HBOND      =        0.0000
 1-4 VDW =      148.2405  1-4 EEL =     2463.8400  RESTRAINT  =        0.0000


   NSTEP       ENERGY          RMS            GMAX         NAME    NUMBER
    295      -4.4201E+04     8.0305E-01     2.7366E+01     OG        433

 BOND    =     3266.8690  ANGLE   =      111.6252  DIHED      =      555.8944
 VDWAALS =     7766.0110  EEL     =   -58512.1938  HBOND      =        0.0000
 1-4 VDW =      147.9004  1-4 EEL =     2462.9749  RESTRAINT  =        0.0000


   NSTEP       ENERGY          RMS            GMAX         NAME    NUMBER
    300      -4.4236E+04     7.1284E-01     1.7912E+01     O        1268

 BOND    =     3266.8718  ANGLE   =      119.5345  DIHED      =      556.1034
 VDWAALS =     7821.9038  EEL     =   -58610.3530  HBOND      =        0.0000
 1-4 VDW =      148.0577  1-4 EEL =     2461.8726  RESTRAINT  =        0.0000


   NSTEP       ENERGY          RMS            GMAX         NAME    NUMBER
    305      -4.4238E+04     6.5289E-01     1.6301E+01     O        1268

 BOND    =     3266.5265  ANGLE   =      118.9718  DIHED      =      556.0890
 VDWAALS =     7821.7103  EEL     =   -58610.8660  HBOND      =        0.0000
 1-4 VDW =      148.0437  1-4 EEL =     2461.8799  RESTRAINT  =        0.0000


   NSTEP       ENERGY          RMS            GMAX         NAME    NUMBER
    310      -4.4262E+04     5.1609E-01     1.3656E+01     CG        469

 BOND    =     3277.8935  ANGLE   =      109.5153  DIHED      =      556.2481
 VDWAALS =     7815.7270  EEL     =   -58632.0908  HBOND      =        0.0000
 1-4 VDW =      147.7722  1-4 EEL =     2462.7763  RESTRAINT  =        0.0000


   NSTEP       ENERGY          RMS            GMAX         NAME    NUMBER
    315      -4.4279E+04     5.1115E-01     2.5338E+01     CA        464

 BOND    =     3271.2470  ANGLE   =      109.5518  DIHED      =      556.2212
 VDWAALS =     7809.2224  EEL     =   -58637.2408  HBOND      =        0.0000
 1-4 VDW =      147.7809  1-4 EEL =     2464.0106  RESTRAINT  =        0.0000


   NSTEP       ENERGY          RMS            GMAX         NAME    NUMBER
    320      -4.4289E+04     2.7664E-01     7.5666E+00     NZ        694

 BOND    =     3269.6921  ANGLE   =      110.5238  DIHED      =      556.2666
 VDWAALS =     7809.7325  EEL     =   -58647.1704  HBOND      =        0.0000
 1-4 VDW =      148.4771  1-4 EEL =     2463.6660  RESTRAINT  =        0.0000


   NSTEP       ENERGY          RMS            GMAX         NAME    NUMBER
    325      -4.4295E+04     4.0115E-01     1.8075E+01     CG        132

 BOND    =     3272.4057  ANGLE   =      110.3175  DIHED      =      556.6319
 VDWAALS =     7814.5871  EEL     =   -58660.5445  HBOND      =        0.0000
 1-4 VDW =      148.9346  1-4 EEL =     2463.1659  RESTRAINT  =        0.0000


   NSTEP       ENERGY          RMS            GMAX         NAME    NUMBER
    330      -4.4296E+04     2.6019E-01     8.4200E+00     HZ1       695

 BOND    =     3271.0080  ANGLE   =      110.0136  DIHED      =      556.5791
 VDWAALS =     7814.6688  EEL     =   -58660.1926  HBOND      =        0.0000
 1-4 VDW =      148.8616  1-4 EEL =     2463.2784  RESTRAINT  =        0.0000


   NSTEP       ENERGY          RMS            GMAX         NAME    NUMBER
    335      -4.4301E+04     3.3128E-01     9.9139E+00     CG        132

 BOND    =     3270.8681  ANGLE   =      109.9136  DIHED      =      555.9768
 VDWAALS =     7816.2120  EEL     =   -58666.3177  HBOND      =        0.0000
 1-4 VDW =      148.3348  1-4 EEL =     2464.2278  RESTRAINT  =        0.0000


   NSTEP       ENERGY          RMS            GMAX         NAME    NUMBER
    340      -4.4310E+04     4.3123E-01     1.6782E+01     HZ2       696

 BOND    =     3274.8281  ANGLE   =      110.5008  DIHED      =      555.8119
 VDWAALS =     7826.7316  EEL     =   -58690.2390  HBOND      =        0.0000
 1-4 VDW =      148.2718  1-4 EEL =     2463.6660  RESTRAINT  =        0.0000


   NSTEP       ENERGY          RMS            GMAX         NAME    NUMBER
    345      -4.4329E+04     6.7983E-01     3.9668E+01     CG        469

 BOND    =     3282.9896  ANGLE   =      112.0940  DIHED      =      556.0728
 VDWAALS =     7855.9823  EEL     =   -58746.7884  HBOND      =        0.0000
 1-4 VDW =      148.3983  1-4 EEL =     2462.3547  RESTRAINT  =        0.0000


   NSTEP       ENERGY          RMS            GMAX         NAME    NUMBER
    350      -4.4352E+04     5.6955E-01     2.0034E+01     O        1220

 BOND    =     3288.6317  ANGLE   =      115.2456  DIHED      =      556.1123
 VDWAALS =     7883.8523  EEL     =   -58806.3988  HBOND      =        0.0000
 1-4 VDW =      148.4153  1-4 EEL =     2462.2246  RESTRAINT  =        0.0000


   NSTEP       ENERGY          RMS            GMAX         NAME    NUMBER
    355      -4.4353E+04     5.0567E-01     1.6752E+01     O        1220

 BOND    =     3287.9943  ANGLE   =      114.8669  DIHED      =      556.1084
 VDWAALS =     7883.7140  EEL     =   -58806.7546  HBOND      =        0.0000
 1-4 VDW =      148.3836  1-4 EEL =     2462.2381  RESTRAINT  =        0.0000


   NSTEP       ENERGY          RMS            GMAX         NAME    NUMBER
    360      -4.4374E+04     6.6457E-01     3.7973E+01     CG        469

 BOND    =     3289.4403  ANGLE   =      109.8812  DIHED      =      555.8891
 VDWAALS =     7878.7588  EEL     =   -58820.1024  HBOND      =        0.0000
 1-4 VDW =      148.3451  1-4 EEL =     2463.4196  RESTRAINT  =        0.0000


   NSTEP       ENERGY          RMS            GMAX         NAME    NUMBER
    365      -4.4387E+04     3.0532E-01     1.0726E+01     CB        466

 BOND    =     3285.7760  ANGLE   =      110.2873  DIHED      =      556.0810
 VDWAALS =     7877.1509  EEL     =   -58828.3748  HBOND      =        0.0000
 1-4 VDW =      148.1378  1-4 EEL =     2464.2553  RESTRAINT  =        0.0000


   NSTEP       ENERGY          RMS            GMAX         NAME    NUMBER
    370      -4.4391E+04     3.1520E-01     1.1729E+01     CG        469

 BOND    =     3285.7778  ANGLE   =      110.1698  DIHED      =      556.1974
 VDWAALS =     7878.8300  EEL     =   -58833.9788  HBOND      =        0.0000
 1-4 VDW =      148.3866  1-4 EEL =     2463.5871  RESTRAINT  =        0.0000


   NSTEP       ENERGY          RMS            GMAX         NAME    NUMBER
    375      -4.4397E+04     3.5866E-01     1.3107E+01     CA        464

 BOND    =     3288.8925  ANGLE   =      109.7215  DIHED      =      556.3447
 VDWAALS =     7884.6934  EEL     =   -58848.8589  HBOND      =        0.0000
 1-4 VDW =      148.6297  1-4 EEL =     2463.3338  RESTRAINT  =        0.0000


   NSTEP       ENERGY          RMS            GMAX         NAME    NUMBER
    380      -4.4398E+04     2.3675E-01     6.4357E+00     HZ1       695

 BOND    =     3288.2236  ANGLE   =      109.5161  DIHED      =      556.3008
 VDWAALS =     7884.6562  EEL     =   -58849.0197  HBOND      =        0.0000
 1-4 VDW =      148.5681  1-4 EEL =     2463.3271  RESTRAINT  =        0.0000


   NSTEP       ENERGY          RMS            GMAX         NAME    NUMBER
    385      -4.4402E+04     2.7991E-01     1.4584E+01     CG        469

 BOND    =     3286.8619  ANGLE   =      110.1065  DIHED      =      555.9550
 VDWAALS =     7886.0436  EEL     =   -58853.2292  HBOND      =        0.0000
 1-4 VDW =      148.1996  1-4 EEL =     2464.1251  RESTRAINT  =        0.0000


   NSTEP       ENERGY          RMS            GMAX         NAME    NUMBER
    390      -4.4411E+04     4.2698E-01     1.8932E+01     HZ2       696

 BOND    =     3291.4905  ANGLE   =      111.8424  DIHED      =      556.2110
 VDWAALS =     7895.3038  EEL     =   -58878.2851  HBOND      =        0.0000
 1-4 VDW =      148.1722  1-4 EEL =     2464.4782  RESTRAINT  =        0.0000


   NSTEP       ENERGY          RMS            GMAX         NAME    NUMBER
    395      -4.4455E+04     1.5273E+00     5.3290E+01     H1       5724

 BOND    =     3333.8053  ANGLE   =      116.5390  DIHED      =      559.5133
 VDWAALS =     7957.1118  EEL     =   -59035.2165  HBOND      =        0.0000
 1-4 VDW =      149.0459  1-4 EEL =     2464.2003  RESTRAINT  =        0.0000


   NSTEP       ENERGY          RMS            GMAX         NAME    NUMBER
    400      -4.4511E+04     6.4997E-01     2.6764E+01     CB        466

 BOND    =     3317.9077  ANGLE   =      111.4391  DIHED      =      557.2741
 VDWAALS =     8003.2090  EEL     =   -59113.4257  HBOND      =        0.0000
 1-4 VDW =      148.5412  1-4 EEL =     2464.1930  RESTRAINT  =        0.0000


   NSTEP       ENERGY          RMS            GMAX         NAME    NUMBER
    405      -4.4512E+04     5.4967E-01     2.0308E+01     H1       5724

 BOND    =     3315.4717  ANGLE   =      111.3276  DIHED      =      557.2746
 VDWAALS =     8003.0954  EEL     =   -59112.2860  HBOND      =        0.0000
 1-4 VDW =      148.5083  1-4 EEL =     2464.1744  RESTRAINT  =        0.0000


   NSTEP       ENERGY          RMS            GMAX         NAME    NUMBER
    410      -4.4534E+04     6.4622E-01     2.9063E+01     CG        469

 BOND    =     3323.6260  ANGLE   =      109.8120  DIHED      =      556.2948
 VDWAALS =     7999.0047  EEL     =   -59133.1271  HBOND      =        0.0000
 1-4 VDW =      148.3523  1-4 EEL =     2462.4962  RESTRAINT  =        0.0000


   NSTEP       ENERGY          RMS            GMAX         NAME    NUMBER
    415      -4.4543E+04     2.5510E-01     6.9141E+00     O        4862

 BOND    =     3314.5986  ANGLE   =      110.5762  DIHED      =      555.8262
 VDWAALS =     8000.3837  EEL     =   -59134.7850  HBOND      =        0.0000
 1-4 VDW =      148.0922  1-4 EEL =     2462.7009  RESTRAINT  =        0.0000


   NSTEP       ENERGY          RMS            GMAX         NAME    NUMBER
    420      -4.4550E+04     3.6215E-01     1.0116E+01     OG        433

 BOND    =     3314.4230  ANGLE   =      111.7213  DIHED      =      555.4086
 VDWAALS =     8004.0907  EEL     =   -59147.1977  HBOND      =        0.0000
 1-4 VDW =      147.8837  1-4 EEL =     2464.0438  RESTRAINT  =        0.0000


   NSTEP       ENERGY          RMS            GMAX         NAME    NUMBER
    425      -4.4557E+04     4.8003E-01     1.7759E+01     CG        469

 BOND    =     3319.9702  ANGLE   =      109.7449  DIHED      =      555.6072
 VDWAALS =     8010.2338  EEL     =   -59165.0874  HBOND      =        0.0000
 1-4 VDW =      148.0800  1-4 EEL =     2464.0016  RESTRAINT  =        0.0000


   NSTEP       ENERGY          RMS            GMAX         NAME    NUMBER
    430      -4.4559E+04     3.1010E-01     9.9295E+00     O        1220

 BOND    =     3318.4830  ANGLE   =      109.6585  DIHED      =      555.5805
 VDWAALS =     8009.9644  EEL     =   -59164.6332  HBOND      =        0.0000
 1-4 VDW =      148.0662  1-4 EEL =     2464.0062  RESTRAINT  =        0.0000


   NSTEP       ENERGY          RMS            GMAX         NAME    NUMBER
    435      -4.4563E+04     2.8577E-01     1.1667E+01     OG        433

 BOND    =     3313.3464  ANGLE   =      110.3646  DIHED      =      555.4349
 VDWAALS =     8009.3033  EEL     =   -59163.1735  HBOND      =        0.0000
 1-4 VDW =      147.9681  1-4 EEL =     2463.9989  RESTRAINT  =        0.0000


   NSTEP       ENERGY          RMS            GMAX         NAME    NUMBER
    440      -4.4568E+04     2.3454E-01     7.7174E+00     CA        464

 BOND    =     3319.0161  ANGLE   =      110.7828  DIHED      =      555.4742
 VDWAALS =     8011.3676  EEL     =   -59175.8140  HBOND      =        0.0000
 1-4 VDW =      148.0886  1-4 EEL =     2463.0169  RESTRAINT  =        0.0000


   NSTEP       ENERGY          RMS            GMAX         NAME    NUMBER
    445      -4.4575E+04     6.3208E-01     2.3593E+01     CG        469

 BOND    =     3318.9148  ANGLE   =      109.9667  DIHED      =      555.4276
 VDWAALS =     8016.7615  EEL     =   -59187.1301  HBOND      =        0.0000
 1-4 VDW =      148.2785  1-4 EEL =     2462.4450  RESTRAINT  =        0.0000


   NSTEP       ENERGY          RMS            GMAX         NAME    NUMBER
    450      -4.4609E+04     8.7272E-01     3.9096E+01     CB        466

 BOND    =     3330.5644  ANGLE   =      117.5715  DIHED      =      555.3761
 VDWAALS =     8044.4720  EEL     =   -59269.3535  HBOND      =        0.0000
 1-4 VDW =      148.3375  1-4 EEL =     2464.1792  RESTRAINT  =        0.0000


   NSTEP       ENERGY          RMS            GMAX         NAME    NUMBER
    455      -4.4611E+04     7.6251E-01     3.2727E+01     CB        466

 BOND    =     3329.4084  ANGLE   =      117.1016  DIHED      =      555.3635
 VDWAALS =     8044.4893  EEL     =   -59269.6375  HBOND      =        0.0000
 1-4 VDW =      148.3170  1-4 EEL =     2464.1410  RESTRAINT  =        0.0000


   NSTEP       ENERGY          RMS            GMAX         NAME    NUMBER
    460      -4.4632E+04     5.5816E-01     1.9865E+01     OG        433

 BOND    =     3325.7522  ANGLE   =      110.1956  DIHED      =      555.3203
 VDWAALS =     8046.7264  EEL     =   -59281.1201  HBOND      =        0.0000
 1-4 VDW =      148.6086  1-4 EEL =     2462.5701  RESTRAINT  =        0.0000


   NSTEP       ENERGY          RMS            GMAX         NAME    NUMBER
    465      -4.4640E+04     3.4017E-01     1.9693E+01     CG        132

 BOND    =     3329.5861  ANGLE   =      111.2921  DIHED      =      555.3165
 VDWAALS =     8049.4089  EEL     =   -59297.3111  HBOND      =        0.0000
 1-4 VDW =      148.1507  1-4 EEL =     2463.2886  RESTRAINT  =        0.0000


   NSTEP       ENERGY          RMS            GMAX         NAME    NUMBER
    470      -4.4646E+04     3.7427E-01     1.2338E+01     CB        466

 BOND    =     3326.2335  ANGLE   =      110.4491  DIHED      =      555.0899
 VDWAALS =     8056.9170  EEL     =   -59306.0843  HBOND      =        0.0000
 1-4 VDW =      147.9283  1-4 EEL =     2463.6644  RESTRAINT  =        0.0000


   NSTEP       ENERGY          RMS            GMAX         NAME    NUMBER
    475      -4.4651E+04     3.0324E-01     1.2715E+01     O        5723

 BOND    =     3332.6150  ANGLE   =      110.0634  DIHED      =      555.0126
 VDWAALS =     8064.6885  EEL     =   -59325.1184  HBOND      =        0.0000
 1-4 VDW =      147.9379  1-4 EEL =     2463.5929  RESTRAINT  =        0.0000


   NSTEP       ENERGY          RMS            GMAX         NAME    NUMBER
    480      -4.4652E+04     2.0773E-01     8.9846E+00     O        5723

 BOND    =     3331.1830  ANGLE   =      110.0090  DIHED      =      555.0157
 VDWAALS =     8064.5976  EEL     =   -59324.6377  HBOND      =        0.0000
 1-4 VDW =      147.9004  1-4 EEL =     2463.5962  RESTRAINT  =        0.0000


   NSTEP       ENERGY          RMS            GMAX         NAME    NUMBER
    485      -4.4657E+04     4.2195E-01     2.1736E+01     CG        132

 BOND    =     3328.6376  ANGLE   =      110.9804  DIHED      =      554.8947
 VDWAALS =     8063.4896  EEL     =   -59325.9244  HBOND      =        0.0000
 1-4 VDW =      147.8471  1-4 EEL =     2463.5158  RESTRAINT  =        0.0000


   NSTEP       ENERGY          RMS            GMAX         NAME    NUMBER
    490      -4.4662E+04     2.7663E-01     1.2002E+01     OD1       470

 BOND    =     3333.4558  ANGLE   =      109.8746  DIHED      =      555.1383
 VDWAALS =     8064.8862  EEL     =   -59336.7225  HBOND      =        0.0000
 1-4 VDW =      148.1254  1-4 EEL =     2462.7488  RESTRAINT  =        0.0000


   NSTEP       ENERGY          RMS            GMAX         NAME    NUMBER
    495      -4.4668E+04     6.0082E-01     2.9155E+01     CG        469

 BOND    =     3331.1120  ANGLE   =      111.0800  DIHED      =      554.9086
 VDWAALS =     8069.5897  EEL     =   -59346.4237  HBOND      =        0.0000
 1-4 VDW =      148.2296  1-4 EEL =     2463.0708  RESTRAINT  =        0.0000


   NSTEP       ENERGY          RMS            GMAX         NAME    NUMBER
    500      -4.4691E+04     6.7571E-01     3.1831E+01     CB        466

 BOND    =     3346.0864  ANGLE   =      115.6952  DIHED      =      555.5501
 VDWAALS =     8091.7193  EEL     =   -59412.4411  HBOND      =        0.0000
 1-4 VDW =      148.1603  1-4 EEL =     2463.7331  RESTRAINT  =        0.0000


  Maximum number of minimization cycles reached.


                    FINAL RESULTS



   NSTEP       ENERGY          RMS            GMAX         NAME    NUMBER
    500      -4.4691E+04     6.7571E-01     3.1831E+01     CB        466

 BOND    =     3346.0864  ANGLE   =      115.6952  DIHED      =      555.5501
 VDWAALS =     8091.7193  EEL     =   -59412.4411  HBOND      =        0.0000
 1-4 VDW =      148.1603  1-4 EEL =     2463.7331  RESTRAINT  =        0.0000
--------------------------------------------------------------------------------
   5.  TIMINGS
--------------------------------------------------------------------------------

|  NonSetup CPU Time in Major Routines:
|
|     Routine           Sec        %
|     ------------------------------
|     Nonbond          19.70   96.64
|     Bond              0.07    0.33
|     Angle             0.07    0.33
|     Dihedral          0.39    1.92
|     Shake             0.00    0.00
|     Other             0.16    0.77
|     ------------------------------
|     Total            20.38

|  PME Nonbond Pairlist CPU Time:
|
|     Routine              Sec        %
|     ---------------------------------
|     Set Up Cit           0.00    0.00
|     Build List           0.30    1.47
|     ---------------------------------
|     Total                0.30    1.47

|  PME Direct Force CPU Time:
|
|     Routine              Sec        %
|     ---------------------------------
|     NonBonded Calc      12.40   60.84
|     Exclude Masked       0.24    1.16
|     Other                0.07    0.35
|     ---------------------------------
|     Total               12.71   62.36

|  PME Reciprocal Force CPU Time:
|
|     Routine              Sec        %
|     ---------------------------------
|     1D bspline           0.18    0.90
|     Grid Charges         0.49    2.39
|     Scalar Sum           2.46   12.07
|     Gradient Sum         0.70    3.42
|     FFT                  2.82   13.86
|     ---------------------------------
|     Total                6.65   32.64

|  Setup CPU time:            0.04 seconds
|  NonSetup CPU time:        20.38 seconds
|  Total CPU time:           20.42 seconds     0.01 hours

|  Setup wall time:           0    seconds
|  NonSetup wall time:       20    seconds
|  Total wall time:          20    seconds     0.01 hours
