
          -------------------------------------------------------
          Amber 16 PMEMD                              2016
          -------------------------------------------------------

| PMEMD implementation of SANDER, Release 16

| Run on 06/17/2017 at 17:29:18

|   Executable path: pmemd
| Working directory: /home/german/alex/run/1im/mhe/m
|          Hostname: Unknown
  [-O]verwriting output

File Assignments:
|   MDIN: min.in                                                                
|  MDOUT: min.out                                                               
| INPCRD: 1im.rst7                                                              
|   PARM: /home/german/alex/top_files/1im.prmtop                                
| RESTRT: m1im.rst7                                                             
|   REFC: 1im.rst7                                                              
|  MDVEL: mdvel                                                                 
|   MDEN: mden                                                                  
|  MDCRD: m1im.crd                                                              
| MDINFO: mdinfo                                                                
|  MDFRC: mdfrc                                                                 


 Here is the input file:

Minimization with Cartesian restraints                                         
&cntrl                                                                         
imin=1,                                                                        
ntmin=1,                                ! Steepest Descent, then Conjugate Grad
ncyc=100,                               ! 100 steps of Steepest Descent        
maxcyc=500,                             ! 400 steps of Conjugate Gradient      
ntpr=5,                                                                        
ntr=1,                                  ! Use restraints                       
restraint_wt=100.0,                     ! 100 Kcal/mol                         
restraintmask=':1-49',                 ! Apply restraints on whole molecule. Mi
&end                                                                           


Note: ig = -1. Setting random seed to   557599 based on wallclock time in 
      microseconds.
 
 
| Conditional Compilation Defines Used:
| PUBFFT
| BINTRAJ
| EMIL

| Largest sphere to fit in unit cell has radius =    20.252

| New format PARM file being parsed.
| Version =    1.000 Date = 06/17/17 Time = 14:13:48

| Note: 1-4 EEL scale factors are being read from the topology file.

| Note: 1-4 VDW scale factors are being read from the topology file.
| Duplicated    0 dihedrals

| Duplicated    0 dihedrals

--------------------------------------------------------------------------------
   1.  RESOURCE   USE: 
--------------------------------------------------------------------------------

 getting new box info from bottom of inpcrd
 NATOM  =    7831 NTYPES =      17 NBONH =    7434 MBONA  =     402
 NTHETH =     874 MTHETA =     539 NPHIH =    1768 MPHIA  =    1685
 NHPARM =       0 NPARM  =       0 NNB   =   13683 NRES   =    2402
 NBONA  =     402 NTHETA =     539 NPHIA =    1685 NUMBND =      67
 NUMANG =     152 NPTRA  =     191 NATYP =      36 NPHB   =       1
 IFBOX  =       2 NMXRS  =      25 IFCAP =       0 NEXTRA =       0
 NCOPY  =       0

| Coordinate Index Table dimensions:     9    9    9
| Direct force subcell size =     5.5120    5.5120    5.5120

     BOX TYPE: TRUNCATED OCTAHEDRON

--------------------------------------------------------------------------------
   2.  CONTROL  DATA  FOR  THE  RUN
--------------------------------------------------------------------------------

default_name                                                                    

General flags:
     imin    =       1, nmropt  =       0

Nature and format of input:
     ntx     =       1, irest   =       0, ntrx    =       1

Nature and format of output:
     ntxo    =       2, ntpr    =       5, ntrx    =       1, ntwr    =       1
     iwrap   =       0, ntwx    =       0, ntwv    =       0, ntwe    =       0
     ioutfm  =       1, ntwprt  =       0, idecomp =       0, rbornstat=      0

Potential function:
     ntf     =       1, ntb     =       1, igb     =       0, nsnb    =      25
     ipol    =       0, gbsa    =       0, iesp    =       0
     dielc   =   1.00000, cut     =   8.00000, intdiel =   1.00000

Frozen or restrained atoms:
     ibelly  =       0, ntr     =       1
     restraint_wt = 100.00000

Energy minimization:
     maxcyc  =     500, ncyc    =     100, ntmin   =       1
     dx0     =   0.01000, drms    =   0.00010

| Intermolecular bonds treatment:
|     no_intermolecular_bonds =       1

| Energy averages sample interval:
|     ene_avg_sampling =       1

Ewald parameters:
     verbose =       0, ew_type =       0, nbflag  =       1, use_pme =       1
     vdwmeth =       1, eedmeth =       1, netfrc  =       0
     Box X =   49.608   Box Y =   49.608   Box Z =   49.608
     Alpha =  109.471   Beta  =  109.471   Gamma =  109.471
     NFFT1 =   50       NFFT2 =   50       NFFT3 =   50
     Cutoff=    8.000   Tol   =0.100E-04
     Ewald Coefficient =  0.34864
     Interpolation order =    4

    LOADING THE CONSTRAINED ATOMS AS GROUPS


   5.  REFERENCE ATOM COORDINATES

  default_name                                                                    
     Mask :1-49; matches   778 atoms

--------------------------------------------------------------------------------
   3.  ATOMIC COORDINATES AND VELOCITIES
--------------------------------------------------------------------------------

default_name                                                                    
 begin time read from input coords =     0.000 ps

 
 Number of triangulated 3-point waters found:     2350

     Sum of charges from parm topology file =  -0.00000003
     Forcing neutrality...

| Dynamic Memory, Types Used:
| Reals              328905
| Integers           249669

| Nonbonded Pairs Initial Allocation:     1307972

--------------------------------------------------------------------------------
   4.  RESULTS
--------------------------------------------------------------------------------

 ---------------------------------------------------
 APPROXIMATING switch and d/dx switch using CUBIC SPLINE INTERPOLATION
 using   5000.0 points per unit in tabled values
 TESTING RELATIVE ERROR over r ranging from 0.0 to cutoff
| CHECK switch(x): max rel err =   0.2738E-14   at   2.422500
| CHECK d/dx switch(x): max rel err =   0.8332E-11   at   2.782960
 ---------------------------------------------------
|---------------------------------------------------
| APPROXIMATING direct energy using CUBIC SPLINE INTERPOLATION
|  with   50.0 points per unit in tabled values
| Relative Error Limit not exceeded for r .gt.   2.47
| APPROXIMATING direct force using CUBIC SPLINE INTERPOLATION
|  with   50.0 points per unit in tabled values
| Relative Error Limit not exceeded for r .gt.   2.89
|---------------------------------------------------


   NSTEP       ENERGY          RMS            GMAX         NAME    NUMBER
      1      -1.8590E+04     5.8851E+01     3.9089E+03     O        7802

 BOND    =       42.4050  ANGLE   =      223.9688  DIHED      =      709.1110
 VDWAALS =     3534.3314  EEL     =   -25878.0501  HBOND      =        0.0000
 1-4 VDW =      189.7721  1-4 EEL =     2588.7675  RESTRAINT  =        0.0000


   NSTEP       ENERGY          RMS            GMAX         NAME    NUMBER
      5      -1.9041E+04     3.5638E+01     2.1390E+03     O        7802

 BOND    =       43.6435  ANGLE   =      223.4742  DIHED      =      709.0294
 VDWAALS =     3108.1923  EEL     =   -25904.1763  HBOND      =        0.0000
 1-4 VDW =      189.7423  1-4 EEL =     2588.7221  RESTRAINT  =        0.0046
 EAMBER  =   -19041.3724


   NSTEP       ENERGY          RMS            GMAX         NAME    NUMBER
     10      -1.9697E+04     1.6223E+01     6.0297E+02     O        7802

 BOND    =       64.2054  ANGLE   =      220.8197  DIHED      =      708.5766
 VDWAALS =     2578.5640  EEL     =   -26047.0376  HBOND      =        0.0000
 1-4 VDW =      189.5850  1-4 EEL =     2588.4726  RESTRAINT  =        0.1774
 EAMBER  =   -19696.8144


   NSTEP       ENERGY          RMS            GMAX         NAME    NUMBER
     15      -2.0502E+04     8.6144E+00     1.4832E+02     O        7802

 BOND    =      225.3240  ANGLE   =      211.0301  DIHED      =      706.6757
 VDWAALS =     2200.6289  EEL     =   -26624.7078  HBOND      =        0.0000
 1-4 VDW =      189.0062  1-4 EEL =     2587.3673  RESTRAINT  =        2.6824
 EAMBER  =   -20504.6755


   NSTEP       ENERGY          RMS            GMAX         NAME    NUMBER
     20      -2.1515E+04     3.9607E+00     5.6734E+01     O        7802

 BOND    =      822.2480  ANGLE   =      192.0126  DIHED      =      701.6417
 VDWAALS =     1946.2737  EEL     =   -27964.7240  HBOND      =        0.0000
 1-4 VDW =      187.5488  1-4 EEL =     2582.4380  RESTRAINT  =       18.0568
 EAMBER  =   -21532.5613


   NSTEP       ENERGY          RMS            GMAX         NAME    NUMBER
     25      -2.2766E+04     2.3602E+00     2.5572E+01     H2       7360

 BOND    =     1189.5554  ANGLE   =      177.1940  DIHED      =      695.5894
 VDWAALS =     1847.6193  EEL     =   -29483.2613  HBOND      =        0.0000
 1-4 VDW =      185.2735  1-4 EEL =     2573.2613  RESTRAINT  =       48.6428
 EAMBER  =   -22814.7683


   NSTEP       ENERGY          RMS            GMAX         NAME    NUMBER
     30      -2.3316E+04     2.1609E+00     4.0483E+01     H1       6045

 BOND    =     1217.9917  ANGLE   =      177.3552  DIHED      =      694.8628
 VDWAALS =     1864.7821  EEL     =   -30081.0151  HBOND      =        0.0000
 1-4 VDW =      184.8542  1-4 EEL =     2573.2269  RESTRAINT  =       51.7599
 EAMBER  =   -23367.9422


   NSTEP       ENERGY          RMS            GMAX         NAME    NUMBER
     35      -2.3576E+04     4.2253E+00     1.4551E+02     H1       6045

 BOND    =     1243.0564  ANGLE   =      178.8178  DIHED      =      694.7328
 VDWAALS =     1886.1654  EEL     =   -30389.4122  HBOND      =        0.0000
 1-4 VDW =      184.6147  1-4 EEL =     2573.8240  RESTRAINT  =       52.2481
 EAMBER  =   -23628.2010


   NSTEP       ENERGY          RMS            GMAX         NAME    NUMBER
     40      -2.3807E+04     4.3208E+00     1.5155E+02     H1       6045

 BOND    =     1255.6850  ANGLE   =      178.4686  DIHED      =      694.7097
 VDWAALS =     1908.0807  EEL     =   -30654.3293  HBOND      =        0.0000
 1-4 VDW =      184.6640  1-4 EEL =     2573.6607  RESTRAINT  =       52.3344
 EAMBER  =   -23859.0607


   NSTEP       ENERGY          RMS            GMAX         NAME    NUMBER
     45      -2.3995E+04     4.8443E+00     1.7178E+02     H1       6045

 BOND    =     1270.8776  ANGLE   =      178.4253  DIHED      =      694.7222
 VDWAALS =     1931.2232  EEL     =   -30880.6277  HBOND      =        0.0000
 1-4 VDW =      184.6823  1-4 EEL =     2573.5309  RESTRAINT  =       52.3875
 EAMBER  =   -24047.1662


   NSTEP       ENERGY          RMS            GMAX         NAME    NUMBER
     50      -2.4152E+04     4.6589E+00     1.6642E+02     H1       6045

 BOND    =     1282.9265  ANGLE   =      178.0137  DIHED      =      694.6723
 VDWAALS =     1951.1312  EEL     =   -31069.6497  HBOND      =        0.0000
 1-4 VDW =      184.7391  1-4 EEL =     2573.3926  RESTRAINT  =       52.2967
 EAMBER  =   -24204.7743


   NSTEP       ENERGY          RMS            GMAX         NAME    NUMBER
     55      -2.4367E+04     1.3815E+00     2.1788E+01     H2       7360

 BOND    =     1342.8620  ANGLE   =      176.2590  DIHED      =      694.5748
 VDWAALS =     1971.0960  EEL     =   -31361.7485  HBOND      =        0.0000
 1-4 VDW =      184.9543  1-4 EEL =     2572.7002  RESTRAINT  =       52.2079
 EAMBER  =   -24419.3023


   NSTEP       ENERGY          RMS            GMAX         NAME    NUMBER
     60      -2.4421E+04     5.0083E+00     1.7721E+02     H1       6045

 BOND    =     1307.1954  ANGLE   =      177.6917  DIHED      =      694.6497
 VDWAALS =     1996.1939  EEL     =   -31407.1367  HBOND      =        0.0000
 1-4 VDW =      184.7906  1-4 EEL =     2573.2110  RESTRAINT  =       52.2783
 EAMBER  =   -24473.4045


   NSTEP       ENERGY          RMS            GMAX         NAME    NUMBER
     65      -2.4628E+04     1.5532E+00     3.4942E+01     H1       6045

 BOND    =     1387.6422  ANGLE   =      176.1676  DIHED      =      694.5421
 VDWAALS =     2018.7682  EEL     =   -31714.5252  HBOND      =        0.0000
 1-4 VDW =      184.9548  1-4 EEL =     2572.6270  RESTRAINT  =       52.1970
 EAMBER  =   -24679.8231


   NSTEP       ENERGY          RMS            GMAX         NAME    NUMBER
     70      -2.4726E+04     1.1477E+00     1.8860E+01     Cl-       780

 BOND    =     1374.0219  ANGLE   =      176.4088  DIHED      =      694.5611
 VDWAALS =     2039.0775  EEL     =   -31819.6369  HBOND      =        0.0000
 1-4 VDW =      184.9223  1-4 EEL =     2572.6960  RESTRAINT  =       52.2216
 EAMBER  =   -24777.9493


   NSTEP       ENERGY          RMS            GMAX         NAME    NUMBER
     75      -2.4838E+04     2.0994E+00     5.7281E+01     H1       6045

 BOND    =     1444.2035  ANGLE   =      176.0439  DIHED      =      694.5112
 VDWAALS =     2067.8541  EEL     =   -32030.0818  HBOND      =        0.0000
 1-4 VDW =      184.9573  1-4 EEL =     2572.5447  RESTRAINT  =       52.1883
 EAMBER  =   -24889.9670


   NSTEP       ENERGY          RMS            GMAX         NAME    NUMBER
     80      -2.4934E+04     1.4644E+00     3.2128E+01     H1       6045

 BOND    =     1424.1038  ANGLE   =      176.2687  DIHED      =      694.5313
 VDWAALS =     2091.1041  EEL     =   -32130.2486  HBOND      =        0.0000
 1-4 VDW =      184.9285  1-4 EEL =     2572.6066  RESTRAINT  =       52.2066
 EAMBER  =   -24986.7057


   NSTEP       ENERGY          RMS            GMAX         NAME    NUMBER
     85      -2.5025E+04     1.6103E+00     3.7619E+01     H1       6045

 BOND    =     1445.0052  ANGLE   =      176.2453  DIHED      =      694.5228
 VDWAALS =     2117.1218  EEL     =   -32267.9573  HBOND      =        0.0000
 1-4 VDW =      184.9265  1-4 EEL =     2572.5811  RESTRAINT  =       52.1989
 EAMBER  =   -25077.5547


   NSTEP       ENERGY          RMS            GMAX         NAME    NUMBER
     90      -2.5092E+04     2.5538E+00     7.0219E+01     H1       6045

 BOND    =     1504.9322  ANGLE   =      176.1233  DIHED      =      694.5050
 VDWAALS =     2141.6505  EEL     =   -32419.2609  HBOND      =        0.0000
 1-4 VDW =      184.9330  1-4 EEL =     2572.5258  RESTRAINT  =       52.1830
 EAMBER  =   -25144.5912


   NSTEP       ENERGY          RMS            GMAX         NAME    NUMBER
     95      -2.5171E+04     2.7130E+00     7.1344E+01     H1       6045

 BOND    =     1528.2331  ANGLE   =      176.0902  DIHED      =      694.4953
 VDWAALS =     2168.3683  EEL     =   -32547.8629  HBOND      =        0.0000
 1-4 VDW =      184.9322  1-4 EEL =     2572.5063  RESTRAINT  =       52.1643
 EAMBER  =   -25223.2376


   NSTEP       ENERGY          RMS            GMAX         NAME    NUMBER
    100      -2.5241E+04     3.0180E+00     7.7028E+01     H1       6045

 BOND    =     1558.9739  ANGLE   =      176.0539  DIHED      =      694.4869
 VDWAALS =     2194.8907  EEL     =   -32674.6852  HBOND      =        0.0000
 1-4 VDW =      184.9322  1-4 EEL =     2572.4908  RESTRAINT  =       52.1449
 EAMBER  =   -25292.8568


   NSTEP       ENERGY          RMS            GMAX         NAME    NUMBER
    105      -2.5324E+04     1.8900E+00     4.2787E+01     H1       6045

 BOND    =     1377.6758  ANGLE   =      177.3028  DIHED      =      694.6170
 VDWAALS =     2219.5632  EEL     =   -32603.5272  HBOND      =        0.0000
 1-4 VDW =      184.8576  1-4 EEL =     2572.8186  RESTRAINT  =       52.2653
 EAMBER  =   -25376.6921


   NSTEP       ENERGY          RMS            GMAX         NAME    NUMBER
    110      -2.5897E+04     7.3017E+00     7.7553E+02     Cl-       779

 BOND    =     1739.4429  ANGLE   =      183.3505  DIHED      =      694.4177
 VDWAALS =     2934.1569  EEL     =   -34279.3471  HBOND      =        0.0000
 1-4 VDW =      185.1844  1-4 EEL =     2574.3435  RESTRAINT  =       71.4955
 EAMBER  =   -25968.4512


   NSTEP       ENERGY          RMS            GMAX         NAME    NUMBER
    115      -2.6121E+04     2.1916E+00     9.6178E+01     N           1

 BOND    =     1679.3934  ANGLE   =      190.6104  DIHED      =      695.3215
 VDWAALS =     2849.5168  EEL     =   -34377.2900  HBOND      =        0.0000
 1-4 VDW =      184.9624  1-4 EEL =     2574.9283  RESTRAINT  =       81.3544
 EAMBER  =   -26202.5572


   NSTEP       ENERGY          RMS            GMAX         NAME    NUMBER
    120      -2.6333E+04     2.0209E+00     9.2324E+01     H3          4

 BOND    =     1672.5882  ANGLE   =      179.0194  DIHED      =      694.9287
 VDWAALS =     3169.8137  EEL     =   -34870.1188  HBOND      =        0.0000
 1-4 VDW =      185.1166  1-4 EEL =     2571.6436  RESTRAINT  =       63.6110
 EAMBER  =   -26397.0087


   NSTEP       ENERGY          RMS            GMAX         NAME    NUMBER
    125      -2.6417E+04     1.9843E+00     7.2878E+01     NZ        738

 BOND    =     1686.3002  ANGLE   =      184.1355  DIHED      =      694.6002
 VDWAALS =     3320.5714  EEL     =   -35117.4098  HBOND      =        0.0000
 1-4 VDW =      185.3752  1-4 EEL =     2572.6280  RESTRAINT  =       56.6919
 EAMBER  =   -26473.7994


   NSTEP       ENERGY          RMS            GMAX         NAME    NUMBER
    130      -2.6420E+04     1.8664E+00     6.6900E+01     NZ        738

 BOND    =     1688.1003  ANGLE   =      183.5115  DIHED      =      694.5814
 VDWAALS =     3320.0718  EEL     =   -35120.7278  HBOND      =        0.0000
 1-4 VDW =      185.3565  1-4 EEL =     2572.5934  RESTRAINT  =       56.4684
 EAMBER  =   -26476.5130


   NSTEP       ENERGY          RMS            GMAX         NAME    NUMBER
    135      -2.6565E+04     2.1003E+00     7.5982E+01     H1          2

 BOND    =     1715.9263  ANGLE   =      181.7694  DIHED      =      695.9259
 VDWAALS =     3218.8753  EEL     =   -35194.9133  HBOND      =        0.0000
 1-4 VDW =      184.3148  1-4 EEL =     2572.2559  RESTRAINT  =       61.0400
 EAMBER  =   -26625.8456


   NSTEP       ENERGY          RMS            GMAX         NAME    NUMBER
    140      -2.6705E+04     1.6957E+00     6.3317E+01     Cl-       780

 BOND    =     1723.6439  ANGLE   =      185.5496  DIHED      =      694.6632
 VDWAALS =     3160.5347  EEL     =   -35300.0557  HBOND      =        0.0000
 1-4 VDW =      184.2736  1-4 EEL =     2574.7535  RESTRAINT  =       71.9620
 EAMBER  =   -26776.6372


   NSTEP       ENERGY          RMS            GMAX         NAME    NUMBER
    145      -2.6807E+04     1.8208E+00     7.1592E+01     CG        132

 BOND    =     1679.9145  ANGLE   =      182.3644  DIHED      =      694.8557
 VDWAALS =     3139.1133  EEL     =   -35320.0535  HBOND      =        0.0000
 1-4 VDW =      185.3299  1-4 EEL =     2573.2054  RESTRAINT  =       57.8227
 EAMBER  =   -26865.2704


   NSTEP       ENERGY          RMS            GMAX         NAME    NUMBER
    150      -2.6884E+04     1.4757E+00     4.6682E+01     CA          5

 BOND    =     1685.0536  ANGLE   =      177.1261  DIHED      =      695.2854
 VDWAALS =     3131.9878  EEL     =   -35393.2739  HBOND      =        0.0000
 1-4 VDW =      185.2227  1-4 EEL =     2572.2431  RESTRAINT  =       62.7897
 EAMBER  =   -26946.3551


   NSTEP       ENERGY          RMS            GMAX         NAME    NUMBER
    155      -2.6886E+04     1.3517E+00     4.1900E+01     CA          5

 BOND    =     1684.4511  ANGLE   =      177.0910  DIHED      =      695.2676
 VDWAALS =     3132.2527  EEL     =   -35395.0127  HBOND      =        0.0000
 1-4 VDW =      185.2104  1-4 EEL =     2572.2882  RESTRAINT  =       62.4200
 EAMBER  =   -26948.4518


   NSTEP       ENERGY          RMS            GMAX         NAME    NUMBER
    160      -2.6937E+04     1.3396E+00     5.7244E+01     CG        469

 BOND    =     1689.9236  ANGLE   =      180.2070  DIHED      =      694.1358
 VDWAALS =     3162.4540  EEL     =   -35477.4553  HBOND      =        0.0000
 1-4 VDW =      185.1480  1-4 EEL =     2573.2228  RESTRAINT  =       55.0055
 EAMBER  =   -26992.3640


   NSTEP       ENERGY          RMS            GMAX         NAME    NUMBER
    165      -2.6987E+04     1.3916E+00     4.4725E+01     H3          4

 BOND    =     1704.5437  ANGLE   =      179.8636  DIHED      =      694.9631
 VDWAALS =     3219.9395  EEL     =   -35611.1670  HBOND      =        0.0000
 1-4 VDW =      184.4024  1-4 EEL =     2572.1920  RESTRAINT  =       68.5473
 EAMBER  =   -27055.2626


   NSTEP       ENERGY          RMS            GMAX         NAME    NUMBER
    170      -2.7077E+04     3.0312E+00     1.4200E+02     C         776

 BOND    =     1757.3805  ANGLE   =      186.0641  DIHED      =      694.9833
 VDWAALS =     3411.3240  EEL     =   -35948.8343  HBOND      =        0.0000
 1-4 VDW =      184.7658  1-4 EEL =     2573.4159  RESTRAINT  =       63.5223
 EAMBER  =   -27140.9008


   NSTEP       ENERGY          RMS            GMAX         NAME    NUMBER
    175      -2.7154E+04     1.3327E+00     3.8266E+01     H3          4

 BOND    =     1762.3991  ANGLE   =      180.7673  DIHED      =      694.1344
 VDWAALS =     3486.9202  EEL     =   -36093.2760  HBOND      =        0.0000
 1-4 VDW =      185.4466  1-4 EEL =     2573.0914  RESTRAINT  =       56.1056
 EAMBER  =   -27210.5171


   NSTEP       ENERGY          RMS            GMAX         NAME    NUMBER
    180      -2.7156E+04     1.2458E+00     3.5893E+01     H3          4

 BOND    =     1761.2811  ANGLE   =      180.4731  DIHED      =      694.1497
 VDWAALS =     3486.5449  EEL     =   -36093.1215  HBOND      =        0.0000
 1-4 VDW =      185.4297  1-4 EEL =     2573.0343  RESTRAINT  =       55.8830
 EAMBER  =   -27212.2087


   NSTEP       ENERGY          RMS            GMAX         NAME    NUMBER
    185      -2.7217E+04     1.4565E+00     5.2593E+01     CG        469

 BOND    =     1770.3319  ANGLE   =      179.1366  DIHED      =      695.1544
 VDWAALS =     3460.2153  EEL     =   -36133.0860  HBOND      =        0.0000
 1-4 VDW =      184.4884  1-4 EEL =     2572.5920  RESTRAINT  =       54.1585
 EAMBER  =   -27271.1675


   NSTEP       ENERGY          RMS            GMAX         NAME    NUMBER
    190      -2.7268E+04     1.2117E+00     4.0206E+01     C          17

 BOND    =     1766.4087  ANGLE   =      180.9895  DIHED      =      694.6857
 VDWAALS =     3448.6626  EEL     =   -36176.6314  HBOND      =        0.0000
 1-4 VDW =      184.3098  1-4 EEL =     2573.1487  RESTRAINT  =       60.4345
 EAMBER  =   -27328.4264


   NSTEP       ENERGY          RMS            GMAX         NAME    NUMBER
    195      -2.7322E+04     1.6741E+00     7.4191E+01     C         776

 BOND    =     1768.8982  ANGLE   =      183.6436  DIHED      =      694.1554
 VDWAALS =     3462.9027  EEL     =   -36246.4828  HBOND      =        0.0000
 1-4 VDW =      185.5568  1-4 EEL =     2572.6810  RESTRAINT  =       57.1412
 EAMBER  =   -27378.6451


   NSTEP       ENERGY          RMS            GMAX         NAME    NUMBER
    200      -2.7360E+04     1.2670E+00     3.1607E+01     N          19

 BOND    =     1773.1321  ANGLE   =      180.5458  DIHED      =      695.1688
 VDWAALS =     3490.0875  EEL     =   -36317.8753  HBOND      =        0.0000
 1-4 VDW =      185.2834  1-4 EEL =     2572.0440  RESTRAINT  =       61.4703
 EAMBER  =   -27421.6136


   NSTEP       ENERGY          RMS            GMAX         NAME    NUMBER
    205      -2.7362E+04     1.1587E+00     3.0487E+01     H2          3

 BOND    =     1772.3516  ANGLE   =      180.3210  DIHED      =      695.1345
 VDWAALS =     3490.2423  EEL     =   -36318.6975  HBOND      =        0.0000
 1-4 VDW =      185.2930  1-4 EEL =     2572.0760  RESTRAINT  =       61.0642
 EAMBER  =   -27423.2792


   NSTEP       ENERGY          RMS            GMAX         NAME    NUMBER
    210      -2.7397E+04     1.0558E+00     4.4627E+01     CG        469

 BOND    =     1773.6696  ANGLE   =      178.4506  DIHED      =      694.2227
 VDWAALS =     3504.6900  EEL     =   -36359.8786  HBOND      =        0.0000
 1-4 VDW =      184.8652  1-4 EEL =     2573.3318  RESTRAINT  =       53.6509
 EAMBER  =   -27450.6487


   NSTEP       ENERGY          RMS            GMAX         NAME    NUMBER
    215      -2.7421E+04     1.1013E+00     3.8131E+01     C          17

 BOND    =     1781.0156  ANGLE   =      180.3634  DIHED      =      694.8882
 VDWAALS =     3534.6352  EEL     =   -36428.6895  HBOND      =        0.0000
 1-4 VDW =      184.4472  1-4 EEL =     2573.0024  RESTRAINT  =       59.1449
 EAMBER  =   -27480.3374


   NSTEP       ENERGY          RMS            GMAX         NAME    NUMBER
    220      -2.7501E+04     1.5651E+00     5.5844E+01     C         776

 BOND    =     1819.6778  ANGLE   =      181.4218  DIHED      =      694.5198
 VDWAALS =     3682.9500  EEL     =   -36699.1209  HBOND      =        0.0000
 1-4 VDW =      184.5482  1-4 EEL =     2572.2385  RESTRAINT  =       62.8572
 EAMBER  =   -27563.7648


   NSTEP       ENERGY          RMS            GMAX         NAME    NUMBER
    225      -2.7555E+04     1.4273E+00     4.6452E+01     C         776

 BOND    =     1832.4852  ANGLE   =      185.2744  DIHED      =      693.5625
 VDWAALS =     3787.3193  EEL     =   -36872.2519  HBOND      =        0.0000
 1-4 VDW =      185.4463  1-4 EEL =     2572.9826  RESTRAINT  =       60.2208
 EAMBER  =   -27615.1815


   NSTEP       ENERGY          RMS            GMAX         NAME    NUMBER
    230      -2.7557E+04     1.3359E+00     3.9125E+01     C         776

 BOND    =     1831.4497  ANGLE   =      184.7641  DIHED      =      693.5833
 VDWAALS =     3787.1045  EEL     =   -36872.0975  HBOND      =        0.0000
 1-4 VDW =      185.4252  1-4 EEL =     2572.9044  RESTRAINT  =       59.8628
 EAMBER  =   -27616.8662


   NSTEP       ENERGY          RMS            GMAX         NAME    NUMBER
    235      -2.7611E+04     1.2751E+00     3.3502E+01     CG        469

 BOND    =     1837.8639  ANGLE   =      178.9330  DIHED      =      695.4570
 VDWAALS =     3765.6326  EEL     =   -36899.3102  HBOND      =        0.0000
 1-4 VDW =      184.4541  1-4 EEL =     2572.6014  RESTRAINT  =       53.4831
 EAMBER  =   -27664.3681


   NSTEP       ENERGY          RMS            GMAX         NAME    NUMBER
    240      -2.7656E+04     1.1425E+00     4.6241E+01     C          17

 BOND    =     1841.6578  ANGLE   =      181.0907  DIHED      =      694.8769
 VDWAALS =     3745.4426  EEL     =   -36934.9383  HBOND      =        0.0000
 1-4 VDW =      184.5178  1-4 EEL =     2573.9604  RESTRAINT  =       57.2034
 EAMBER  =   -27713.3920


   NSTEP       ENERGY          RMS            GMAX         NAME    NUMBER
    245      -2.7689E+04     1.0720E+00     5.0419E+01     CG        469

 BOND    =     1832.2695  ANGLE   =      179.9652  DIHED      =      694.4873
 VDWAALS =     3761.2215  EEL     =   -36967.7814  HBOND      =        0.0000
 1-4 VDW =      185.2209  1-4 EEL =     2572.1711  RESTRAINT  =       53.5613
 EAMBER  =   -27742.4457


   NSTEP       ENERGY          RMS            GMAX         NAME    NUMBER
    250      -2.7708E+04     1.1150E+00     3.1688E+01     C          17

 BOND    =     1839.5304  ANGLE   =      179.9982  DIHED      =      694.6247
 VDWAALS =     3782.0778  EEL     =   -37016.9638  HBOND      =        0.0000
 1-4 VDW =      184.9686  1-4 EEL =     2572.1794  RESTRAINT  =       55.3240
 EAMBER  =   -27763.5848


   NSTEP       ENERGY          RMS            GMAX         NAME    NUMBER
    255      -2.7710E+04     9.7344E-01     2.3784E+01     C          17

 BOND    =     1838.2455  ANGLE   =      179.7754  DIHED      =      694.6161
 VDWAALS =     3782.0646  EEL     =   -37017.2323  HBOND      =        0.0000
 1-4 VDW =      184.9790  1-4 EEL =     2572.1948  RESTRAINT  =       55.0648
 EAMBER  =   -27765.3569


   NSTEP       ENERGY          RMS            GMAX         NAME    NUMBER
    260      -2.7733E+04     9.1327E-01     2.9369E+01     CG        469

 BOND    =     1841.8286  ANGLE   =      177.9672  DIHED      =      694.2192
 VDWAALS =     3786.8008  EEL     =   -37044.6565  HBOND      =        0.0000
 1-4 VDW =      184.8400  1-4 EEL =     2572.9734  RESTRAINT  =       53.2451
 EAMBER  =   -27786.0274


   NSTEP       ENERGY          RMS            GMAX         NAME    NUMBER
    265      -2.7766E+04     8.6482E-01     2.4584E+01     CE        735

 BOND    =     1852.6136  ANGLE   =      177.0489  DIHED      =      695.1437
 VDWAALS =     3822.3625  EEL     =   -37123.8880  HBOND      =        0.0000
 1-4 VDW =      184.5416  1-4 EEL =     2572.5278  RESTRAINT  =       53.5522
 EAMBER  =   -27819.6498


   NSTEP       ENERGY          RMS            GMAX         NAME    NUMBER
    270      -2.7809E+04     1.2181E+00     4.3071E+01     C         776

 BOND    =     1872.1729  ANGLE   =      180.7295  DIHED      =      694.6651
 VDWAALS =     3904.4000  EEL     =   -37273.0972  HBOND      =        0.0000
 1-4 VDW =      184.8481  1-4 EEL =     2572.2252  RESTRAINT  =       54.6535
 EAMBER  =   -27864.0563


   NSTEP       ENERGY          RMS            GMAX         NAME    NUMBER
    275      -2.7876E+04     1.3236E+00     4.6899E+01     C          17

 BOND    =     1879.1814  ANGLE   =      184.4330  DIHED      =      693.7306
 VDWAALS =     3986.0121  EEL     =   -37435.7096  HBOND      =        0.0000
 1-4 VDW =      185.5159  1-4 EEL =     2572.5349  RESTRAINT  =       58.3656
 EAMBER  =   -27934.3017


   NSTEP       ENERGY          RMS            GMAX         NAME    NUMBER
    280      -2.7878E+04     1.2245E+00     4.0326E+01     C          17

 BOND    =     1878.3442  ANGLE   =      183.9144  DIHED      =      693.7543
 VDWAALS =     3985.9499  EEL     =   -37435.8159  HBOND      =        0.0000
 1-4 VDW =      185.4861  1-4 EEL =     2572.4857  RESTRAINT  =       58.0366
 EAMBER  =   -27935.8812


   NSTEP       ENERGY          RMS            GMAX         NAME    NUMBER
    285      -2.7909E+04     8.4655E-01     2.6399E+01     C         776

 BOND    =     1887.2784  ANGLE   =      177.4167  DIHED      =      694.9095
 VDWAALS =     3980.8913  EEL     =   -37459.4607  HBOND      =        0.0000
 1-4 VDW =      184.6101  1-4 EEL =     2572.6111  RESTRAINT  =       52.2662
 EAMBER  =   -27961.7437


   NSTEP       ENERGY          RMS            GMAX         NAME    NUMBER
    290      -2.7935E+04     1.0310E+00     3.5324E+01     C          17

 BOND    =     1888.6643  ANGLE   =      179.2939  DIHED      =      694.9065
 VDWAALS =     3974.2074  EEL     =   -37486.1215  HBOND      =        0.0000
 1-4 VDW =      184.5384  1-4 EEL =     2573.3396  RESTRAINT  =       55.7765
 EAMBER  =   -27991.1714


   NSTEP       ENERGY          RMS            GMAX         NAME    NUMBER
    295      -2.7967E+04     1.0610E+00     4.7863E+01     CG        469

 BOND    =     1891.6420  ANGLE   =      179.8048  DIHED      =      694.5738
 VDWAALS =     3995.7470  EEL     =   -37540.1521  HBOND      =        0.0000
 1-4 VDW =      185.1499  1-4 EEL =     2572.4095  RESTRAINT  =       53.6522
 EAMBER  =   -28020.8251


   NSTEP       ENERGY          RMS            GMAX         NAME    NUMBER
    300      -2.7987E+04     1.0176E+00     4.4700E+01     CG        469

 BOND    =     1892.4838  ANGLE   =      179.9872  DIHED      =      694.7291
 VDWAALS =     4019.7025  EEL     =   -37585.8397  HBOND      =        0.0000
 1-4 VDW =      184.9438  1-4 EEL =     2571.9441  RESTRAINT  =       55.3155
 EAMBER  =   -28042.0491


   NSTEP       ENERGY          RMS            GMAX         NAME    NUMBER
    305      -2.7988E+04     8.9136E-01     3.2262E+01     CG        469

 BOND    =     1891.6664  ANGLE   =      179.8373  DIHED      =      694.7178
 VDWAALS =     4019.7013  EEL     =   -37586.4272  HBOND      =        0.0000
 1-4 VDW =      184.9507  1-4 EEL =     2572.0034  RESTRAINT  =       55.0940
 EAMBER  =   -28043.5504


   NSTEP       ENERGY          RMS            GMAX         NAME    NUMBER
    310      -2.8013E+04     8.7302E-01     2.4293E+01     C          17

 BOND    =     1894.9603  ANGLE   =      178.2423  DIHED      =      694.0967
 VDWAALS =     4023.6739  EEL     =   -37615.8485  HBOND      =        0.0000
 1-4 VDW =      184.9005  1-4 EEL =     2572.7721  RESTRAINT  =       53.8990
 EAMBER  =   -28067.2028


   NSTEP       ENERGY          RMS            GMAX         NAME    NUMBER
    315      -2.8046E+04     9.8740E-01     3.8457E+01     N          19

 BOND    =     1909.9170  ANGLE   =      176.2192  DIHED      =      695.2970
 VDWAALS =     4060.1889  EEL     =   -37697.3702  HBOND      =        0.0000
 1-4 VDW =      184.4921  1-4 EEL =     2572.4613  RESTRAINT  =       53.2757
 EAMBER  =   -28098.7946


   NSTEP       ENERGY          RMS            GMAX         NAME    NUMBER
    320      -2.8067E+04     8.7570E-01     3.8902E+01     N          19

 BOND    =     1910.7512  ANGLE   =      179.1661  DIHED      =      694.4416
 VDWAALS =     4097.2977  EEL     =   -37758.9372  HBOND      =        0.0000
 1-4 VDW =      184.8361  1-4 EEL =     2572.5016  RESTRAINT  =       52.9257
 EAMBER  =   -28119.9430


   NSTEP       ENERGY          RMS            GMAX         NAME    NUMBER
    325      -2.8111E+04     1.1770E+00     3.7575E+01     C          17

 BOND    =     1919.5324  ANGLE   =      183.1468  DIHED      =      693.9101
 VDWAALS =     4150.6387  EEL     =   -37873.0282  HBOND      =        0.0000
 1-4 VDW =      185.4100  1-4 EEL =     2572.3326  RESTRAINT  =       56.7594
 EAMBER  =   -28168.0577


   NSTEP       ENERGY          RMS            GMAX         NAME    NUMBER
    330      -2.8113E+04     1.0724E+00     3.1272E+01     C          17

 BOND    =     1918.9295  ANGLE   =      182.6457  DIHED      =      693.9272
 VDWAALS =     4150.6395  EEL     =   -37873.3193  HBOND      =        0.0000
 1-4 VDW =      185.3787  1-4 EEL =     2572.3018  RESTRAINT  =       56.4584
 EAMBER  =   -28169.4969


   NSTEP       ENERGY          RMS            GMAX         NAME    NUMBER
    335      -2.8135E+04     6.7878E-01     2.2720E+01     CG        469

 BOND    =     1923.4920  ANGLE   =      177.4541  DIHED      =      694.8281
 VDWAALS =     4150.2812  EEL     =   -37890.5054  HBOND      =        0.0000
 1-4 VDW =      184.6978  1-4 EEL =     2572.6332  RESTRAINT  =       52.0510
 EAMBER  =   -28187.1191


   NSTEP       ENERGY          RMS            GMAX         NAME    NUMBER
    340      -2.8155E+04     9.5182E-01     3.8672E+01     CG        469

 BOND    =     1927.8562  ANGLE   =      178.7983  DIHED      =      694.9506
 VDWAALS =     4149.3050  EEL     =   -37918.6793  HBOND      =        0.0000
 1-4 VDW =      184.5147  1-4 EEL =     2573.3612  RESTRAINT  =       55.2828
 EAMBER  =   -28209.8932


   NSTEP       ENERGY          RMS            GMAX         NAME    NUMBER
    345      -2.8186E+04     9.6069E-01     2.9152E+01     C         776

 BOND    =     1929.5325  ANGLE   =      179.5869  DIHED      =      694.4402
 VDWAALS =     4174.8358  EEL     =   -37975.3181  HBOND      =        0.0000
 1-4 VDW =      185.0971  1-4 EEL =     2572.3674  RESTRAINT  =       53.6560
 EAMBER  =   -28239.4583


   NSTEP       ENERGY          RMS            GMAX         NAME    NUMBER
    350      -2.8207E+04     9.6981E-01     4.1621E+01     C         776

 BOND    =     1933.7377  ANGLE   =      180.4245  DIHED      =      694.8091
 VDWAALS =     4203.0483  EEL     =   -38031.9354  HBOND      =        0.0000
 1-4 VDW =      184.9124  1-4 EEL =     2571.9764  RESTRAINT  =       55.9009
 EAMBER  =   -28263.0269


   NSTEP       ENERGY          RMS            GMAX         NAME    NUMBER
    355      -2.8209E+04     8.6094E-01     3.0267E+01     C         776

 BOND    =     1933.0934  ANGLE   =      180.2659  DIHED      =      694.7888
 VDWAALS =     4203.0464  EEL     =   -38032.5592  HBOND      =        0.0000
 1-4 VDW =      184.9211  1-4 EEL =     2572.0284  RESTRAINT  =       55.6658
 EAMBER  =   -28264.4152


   NSTEP       ENERGY          RMS            GMAX         NAME    NUMBER
    360      -2.8236E+04     1.1146E+00     3.4734E+01     CG        469

 BOND    =     1940.2706  ANGLE   =      178.9089  DIHED      =      694.0701
 VDWAALS =     4207.1266  EEL     =   -38069.6336  HBOND      =        0.0000
 1-4 VDW =      184.8773  1-4 EEL =     2572.9428  RESTRAINT  =       55.2307
 EAMBER  =   -28291.4374


   NSTEP       ENERGY          RMS            GMAX         NAME    NUMBER
    365      -2.8256E+04     9.4338E-01     3.6916E+01     CG        469

 BOND    =     1945.7261  ANGLE   =      178.6212  DIHED      =      695.0196
 VDWAALS =     4223.1411  EEL     =   -38111.8386  HBOND      =        0.0000
 1-4 VDW =      184.5487  1-4 EEL =     2573.1534  RESTRAINT  =       55.1600
 EAMBER  =   -28311.6284


   NSTEP       ENERGY          RMS            GMAX         NAME    NUMBER
    370      -2.8282E+04     7.1402E-01     2.7880E+01     N          19

 BOND    =     1948.8137  ANGLE   =      178.5881  DIHED      =      694.4144
 VDWAALS =     4262.5651  EEL     =   -38175.7298  HBOND      =        0.0000
 1-4 VDW =      184.8091  1-4 EEL =     2572.5396  RESTRAINT  =       52.4211
 EAMBER  =   -28333.9999


   NSTEP       ENERGY          RMS            GMAX         NAME    NUMBER
    375      -2.8297E+04     1.1223E+00     3.7947E+01     C          17

 BOND    =     1951.8923  ANGLE   =      182.7168  DIHED      =      693.8651
 VDWAALS =     4289.2873  EEL     =   -38228.9700  HBOND      =        0.0000
 1-4 VDW =      185.3350  1-4 EEL =     2572.4355  RESTRAINT  =       56.1422
 EAMBER  =   -28353.4380


   NSTEP       ENERGY          RMS            GMAX         NAME    NUMBER
    380      -2.8300E+04     9.7202E-01     2.8656E+01     C          17

 BOND    =     1951.2100  ANGLE   =      182.0292  DIHED      =      693.8916
 VDWAALS =     4289.2889  EEL     =   -38229.4285  HBOND      =        0.0000
 1-4 VDW =      185.2937  1-4 EEL =     2572.3821  RESTRAINT  =       55.7278
 EAMBER  =   -28355.3330


   NSTEP       ENERGY          RMS            GMAX         NAME    NUMBER
    385      -2.8319E+04     6.6978E-01     2.3833E+01     CG        469

 BOND    =     1956.0849  ANGLE   =      177.5431  DIHED      =      694.9884
 VDWAALS =     4289.0950  EEL     =   -38246.2585  HBOND      =        0.0000
 1-4 VDW =      184.6770  1-4 EEL =     2572.5838  RESTRAINT  =       52.0347
 EAMBER  =   -28371.2862


   NSTEP       ENERGY          RMS            GMAX         NAME    NUMBER
    390      -2.8337E+04     9.0884E-01     3.7330E+01     CG        469

 BOND    =     1959.8022  ANGLE   =      178.7290  DIHED      =      694.8805
 VDWAALS =     4289.8219  EEL     =   -38273.0951  HBOND      =        0.0000
 1-4 VDW =      184.5588  1-4 EEL =     2573.3313  RESTRAINT  =       55.0649
 EAMBER  =   -28391.9713


   NSTEP       ENERGY          RMS            GMAX         NAME    NUMBER
    395      -2.8364E+04     8.3350E-01     2.3565E+01     C         776

 BOND    =     1960.4128  ANGLE   =      179.4290  DIHED      =      694.3986
 VDWAALS =     4312.9917  EEL     =   -38322.0769  HBOND      =        0.0000
 1-4 VDW =      185.0693  1-4 EEL =     2572.3510  RESTRAINT  =       53.1702
 EAMBER  =   -28417.4245


   NSTEP       ENERGY          RMS            GMAX         NAME    NUMBER
    400      -2.8383E+04     9.7184E-01     4.3749E+01     C         776

 BOND    =     1965.6057  ANGLE   =      180.4648  DIHED      =      694.8759
 VDWAALS =     4338.6432  EEL     =   -38375.3552  HBOND      =        0.0000
 1-4 VDW =      184.9040  1-4 EEL =     2571.9757  RESTRAINT  =       55.6971
 EAMBER  =   -28438.8861


   NSTEP       ENERGY          RMS            GMAX         NAME    NUMBER
    405      -2.8385E+04     8.5131E-01     3.1542E+01     C         776

 BOND    =     1964.9295  ANGLE   =      180.3017  DIHED      =      694.8536
 VDWAALS =     4338.6578  EEL     =   -38375.9771  HBOND      =        0.0000
 1-4 VDW =      184.9099  1-4 EEL =     2572.0322  RESTRAINT  =       55.4577
 EAMBER  =   -28440.2925


   NSTEP       ENERGY          RMS            GMAX         NAME    NUMBER
    410      -2.8411E+04     8.3616E-01     2.1783E+01     NE2       266

 BOND    =     1968.9366  ANGLE   =      178.4744  DIHED      =      694.0680
 VDWAALS =     4341.7558  EEL     =   -38405.3349  HBOND      =        0.0000
 1-4 VDW =      184.9304  1-4 EEL =     2572.7324  RESTRAINT  =       53.9305
 EAMBER  =   -28464.4373


   NSTEP       ENERGY          RMS            GMAX         NAME    NUMBER
    415      -2.8436E+04     9.4506E-01     4.6893E+01     CG        469

 BOND    =     1978.6495  ANGLE   =      176.4992  DIHED      =      695.3214
 VDWAALS =     4365.4864  EEL     =   -38461.8241  HBOND      =        0.0000
 1-4 VDW =      184.5384  1-4 EEL =     2572.5457  RESTRAINT  =       52.9129
 EAMBER  =   -28488.7836


   NSTEP       ENERGY          RMS            GMAX         NAME    NUMBER
    420      -2.8450E+04     7.1771E-01     2.9476E+01     N          19

 BOND    =     1977.9366  ANGLE   =      179.1637  DIHED      =      694.4616
 VDWAALS =     4385.4127  EEL     =   -38496.9798  HBOND      =        0.0000
 1-4 VDW =      184.8763  1-4 EEL =     2572.4958  RESTRAINT  =       52.3799
 EAMBER  =   -28502.6332


   NSTEP       ENERGY          RMS            GMAX         NAME    NUMBER
    425      -2.8481E+04     1.0181E+00     3.0060E+01     C          17

 BOND    =     1983.6869  ANGLE   =      181.8783  DIHED      =      694.0096
 VDWAALS =     4420.1076  EEL     =   -38573.0209  HBOND      =        0.0000
 1-4 VDW =      185.2858  1-4 EEL =     2572.4077  RESTRAINT  =       55.1180
 EAMBER  =   -28535.6451


   NSTEP       ENERGY          RMS            GMAX         NAME    NUMBER
    430      -2.8482E+04     9.0312E-01     2.3647E+01     C          17

 BOND    =     1983.1210  ANGLE   =      181.4099  DIHED      =      694.0240
 VDWAALS =     4420.1141  EEL     =   -38573.2582  HBOND      =        0.0000
 1-4 VDW =      185.2536  1-4 EEL =     2572.3767  RESTRAINT  =       54.8385
 EAMBER  =   -28536.9589


   NSTEP       ENERGY          RMS            GMAX         NAME    NUMBER
    435      -2.8498E+04     7.1629E-01     3.0257E+01     CG        469

 BOND    =     1986.5299  ANGLE   =      177.7425  DIHED      =      694.9722
 VDWAALS =     4420.8840  EEL     =   -38587.1428  HBOND      =        0.0000
 1-4 VDW =      184.7383  1-4 EEL =     2572.6810  RESTRAINT  =       51.8632
 EAMBER  =   -28549.5948


   NSTEP       ENERGY          RMS            GMAX         NAME    NUMBER
    440      -2.8521E+04     6.5822E-01     1.5364E+01     HA          6

 BOND    =     1988.4170  ANGLE   =      179.2319  DIHED      =      694.3261
 VDWAALS =     4426.7088  EEL     =   -38621.9449  HBOND      =        0.0000
 1-4 VDW =      184.7813  1-4 EEL =     2573.3191  RESTRAINT  =       54.4536
 EAMBER  =   -28575.1606


   NSTEP       ENERGY          RMS            GMAX         NAME    NUMBER
    445      -2.8540E+04     9.4926E-01     2.1585E+01     CA          5

 BOND    =     1994.1095  ANGLE   =      180.2847  DIHED      =      694.3769
 VDWAALS =     4447.4574  EEL     =   -38666.6666  HBOND      =        0.0000
 1-4 VDW =      185.2132  1-4 EEL =     2572.3669  RESTRAINT  =       53.1463
 EAMBER  =   -28592.8581


   NSTEP       ENERGY          RMS            GMAX         NAME    NUMBER
    450      -2.8572E+04     9.6599E-01     4.1763E+01     C         776

 BOND    =     1999.7071  ANGLE   =      180.4930  DIHED      =      694.8268
 VDWAALS =     4481.2809  EEL     =   -38740.9651  HBOND      =        0.0000
 1-4 VDW =      185.0142  1-4 EEL =     2572.0913  RESTRAINT  =       55.4453
 EAMBER  =   -28627.5517


   NSTEP       ENERGY          RMS            GMAX         NAME    NUMBER
    455      -2.8574E+04     8.4119E-01     3.1006E+01     C         776

 BOND    =     1998.8730  ANGLE   =      180.3410  DIHED      =      694.8119
 VDWAALS =     4481.3310  EEL     =   -38741.3211  HBOND      =        0.0000
 1-4 VDW =      185.0116  1-4 EEL =     2572.1269  RESTRAINT  =       55.2357
 EAMBER  =   -28628.8256


   NSTEP       ENERGY          RMS            GMAX         NAME    NUMBER
    460      -2.8595E+04     7.2843E-01     1.8638E+01     C         776

 BOND    =     2003.5597  ANGLE   =      178.3599  DIHED      =      694.2194
 VDWAALS =     4486.4718  EEL     =   -38768.2347  HBOND      =        0.0000
 1-4 VDW =      184.9304  1-4 EEL =     2572.7942  RESTRAINT  =       53.0102
 EAMBER  =   -28647.8992


   NSTEP       ENERGY          RMS            GMAX         NAME    NUMBER
    465      -2.8615E+04     5.8964E-01     1.1334E+01     CG         26

 BOND    =     2007.0373  ANGLE   =      177.0377  DIHED      =      694.9826
 VDWAALS =     4502.7451  EEL     =   -38807.0788  HBOND      =        0.0000
 1-4 VDW =      184.6115  1-4 EEL =     2572.9490  RESTRAINT  =       52.5371
 EAMBER  =   -28667.7158


   NSTEP       ENERGY          RMS            GMAX         NAME    NUMBER
    470      -2.8629E+04     6.5136E-01     3.6194E+01     CG        469

 BOND    =     2012.1679  ANGLE   =      178.9290  DIHED      =      694.4950
 VDWAALS =     4528.7288  EEL     =   -38853.1611  HBOND      =        0.0000
 1-4 VDW =      184.8982  1-4 EEL =     2572.5422  RESTRAINT  =       52.0744
 EAMBER  =   -28681.4000


   NSTEP       ENERGY          RMS            GMAX         NAME    NUMBER
    475      -2.8655E+04     8.7141E-01     2.1145E+01     CG        469

 BOND    =     2015.6182  ANGLE   =      181.1533  DIHED      =      694.1251
 VDWAALS =     4559.4478  EEL     =   -38917.3915  HBOND      =        0.0000
 1-4 VDW =      185.3512  1-4 EEL =     2572.2459  RESTRAINT  =       54.5802
 EAMBER  =   -28709.4500


   NSTEP       ENERGY          RMS            GMAX         NAME    NUMBER
    480      -2.8656E+04     7.5811E-01     1.5271E+01     HE2       519

 BOND    =     2014.9203  ANGLE   =      180.7243  DIHED      =      694.1311
 VDWAALS =     4559.4643  EEL     =   -38917.5173  HBOND      =        0.0000
 1-4 VDW =      185.2990  1-4 EEL =     2572.2502  RESTRAINT  =       54.2483
 EAMBER  =   -28710.7282


   NSTEP       ENERGY          RMS            GMAX         NAME    NUMBER
    485      -2.8669E+04     5.9078E-01     2.7341E+01     CG        469

 BOND    =     2019.4770  ANGLE   =      177.6762  DIHED      =      694.9840
 VDWAALS =     4560.6976  EEL     =   -38931.0265  HBOND      =        0.0000
 1-4 VDW =      184.8095  1-4 EEL =     2572.6727  RESTRAINT  =       51.6534
 EAMBER  =   -28720.7096


   NSTEP       ENERGY          RMS            GMAX         NAME    NUMBER
    490      -2.8688E+04     8.1675E-01     1.9031E+01     C          31

 BOND    =     2019.2932  ANGLE   =      179.1191  DIHED      =      694.2877
 VDWAALS =     4569.2691  EEL     =   -38962.5352  HBOND      =        0.0000
 1-4 VDW =      184.8328  1-4 EEL =     2573.1088  RESTRAINT  =       54.4193
 EAMBER  =   -28742.6244


   NSTEP       ENERGY          RMS            GMAX         NAME    NUMBER
    495      -2.8704E+04     9.2355E-01     2.4907E+01     C         776

 BOND    =     2029.4942  ANGLE   =      179.4780  DIHED      =      694.4648
 VDWAALS =     4585.9180  EEL     =   -39003.1964  HBOND      =        0.0000
 1-4 VDW =      185.1186  1-4 EEL =     2572.4448  RESTRAINT  =       52.6023
 EAMBER  =   -28756.2780


   NSTEP       ENERGY          RMS            GMAX         NAME    NUMBER
    500      -2.8729E+04     9.0511E-01     4.1671E+01     C         776

 BOND    =     2032.0666  ANGLE   =      179.6169  DIHED      =      694.7199
 VDWAALS =     4617.0042  EEL     =   -39064.7436  HBOND      =        0.0000
 1-4 VDW =      184.9914  1-4 EEL =     2572.0833  RESTRAINT  =       54.8028
 EAMBER  =   -28784.2614


  Maximum number of minimization cycles reached.


                    FINAL RESULTS



   NSTEP       ENERGY          RMS            GMAX         NAME    NUMBER
    500      -2.8729E+04     9.0511E-01     4.1671E+01     C         776

 BOND    =     2032.0666  ANGLE   =      179.6169  DIHED      =      694.7199
 VDWAALS =     4617.0042  EEL     =   -39064.7436  HBOND      =        0.0000
 1-4 VDW =      184.9914  1-4 EEL =     2572.0833  RESTRAINT  =       54.8028
 EAMBER  =   -28784.2614
--------------------------------------------------------------------------------
   5.  TIMINGS
--------------------------------------------------------------------------------

|  NonSetup CPU Time in Major Routines:
|
|     Routine           Sec        %
|     ------------------------------
|     Nonbond          12.90   96.76
|     Bond              0.05    0.39
|     Angle             0.04    0.33
|     Dihedral          0.27    2.04
|     Shake             0.00    0.00
|     Other             0.06    0.48
|     ------------------------------
|     Total            13.33

|  PME Nonbond Pairlist CPU Time:
|
|     Routine              Sec        %
|     ---------------------------------
|     Set Up Cit           0.00    0.00
|     Build List           0.28    2.13
|     ---------------------------------
|     Total                0.28    2.13

|  PME Direct Force CPU Time:
|
|     Routine              Sec        %
|     ---------------------------------
|     NonBonded Calc       8.51   63.84
|     Exclude Masked       0.15    1.14
|     Other                0.02    0.18
|     ---------------------------------
|     Total                8.68   65.16

|  PME Reciprocal Force CPU Time:
|
|     Routine              Sec        %
|     ---------------------------------
|     1D bspline           0.18    1.35
|     Grid Charges         0.24    1.80
|     Scalar Sum           1.41   10.56
|     Gradient Sum         0.39    2.91
|     FFT                  1.70   12.79
|     ---------------------------------
|     Total                3.92   29.41

|  Setup CPU time:            0.07 seconds
|  NonSetup CPU time:        13.33 seconds
|  Total CPU time:           13.40 seconds     0.00 hours

|  Setup wall time:           0    seconds
|  NonSetup wall time:       13    seconds
|  Total wall time:          13    seconds     0.00 hours
