
          -------------------------------------------------------
          Amber 16 PMEMD                              2016
          -------------------------------------------------------

| PMEMD implementation of SANDER, Release 16

| Run on 06/17/2017 at 17:30:40

|   Executable path: pmemd
| Working directory: /home/german/alex/run/1im/mhe/m
|          Hostname: Unknown
  [-O]verwriting output

File Assignments:
|   MDIN: mmin.in                                                               
|  MDOUT: mmin.out                                                              
| INPCRD: m1im.rst7                                                             
|   PARM: /home/german/alex/top_files/1im.prmtop                                
| RESTRT: mm1im.rst7                                                            
|   REFC: 1im.rst7                                                              
|  MDVEL: mdvel                                                                 
|   MDEN: mden                                                                  
|  MDCRD: mm1im.crd                                                             
| MDINFO: mdinfo                                                                
|  MDFRC: mdfrc                                                                 


 Here is the input file:

Minimization with Cartesian restraints                                         
&cntrl                                                                         
imin=1,                                                                        
ntmin=1,                                ! Steepest Descent, then Conjugate Grad
ncyc=100,                               ! 100 steps of Steepest Descent        
maxcyc=500,                             ! 400 steps of Conjugate Gradient      
ntpr=5,                                                                        
&end                                                                           


Note: ig = -1. Setting random seed to   358030 based on wallclock time in 
      microseconds.
 
 
| Conditional Compilation Defines Used:
| PUBFFT
| BINTRAJ
| EMIL

| Largest sphere to fit in unit cell has radius =    20.252

| New format PARM file being parsed.
| Version =    1.000 Date = 06/17/17 Time = 14:13:48

| Note: 1-4 EEL scale factors are being read from the topology file.

| Note: 1-4 VDW scale factors are being read from the topology file.
| Duplicated    0 dihedrals

| Duplicated    0 dihedrals

--------------------------------------------------------------------------------
   1.  RESOURCE   USE: 
--------------------------------------------------------------------------------

 getting box info from netcdf restart file
 NATOM  =    7831 NTYPES =      17 NBONH =    7434 MBONA  =     402
 NTHETH =     874 MTHETA =     539 NPHIH =    1768 MPHIA  =    1685
 NHPARM =       0 NPARM  =       0 NNB   =   13683 NRES   =    2402
 NBONA  =     402 NTHETA =     539 NPHIA =    1685 NUMBND =      67
 NUMANG =     152 NPTRA  =     191 NATYP =      36 NPHB   =       1
 IFBOX  =       2 NMXRS  =      25 IFCAP =       0 NEXTRA =       0
 NCOPY  =       0

| Coordinate Index Table dimensions:     9    9    9
| Direct force subcell size =     5.5120    5.5120    5.5120

     BOX TYPE: TRUNCATED OCTAHEDRON

--------------------------------------------------------------------------------
   2.  CONTROL  DATA  FOR  THE  RUN
--------------------------------------------------------------------------------

default_name                                                                    

General flags:
     imin    =       1, nmropt  =       0

Nature and format of input:
     ntx     =       1, irest   =       0, ntrx    =       1

Nature and format of output:
     ntxo    =       2, ntpr    =       5, ntrx    =       1, ntwr    =       1
     iwrap   =       0, ntwx    =       0, ntwv    =       0, ntwe    =       0
     ioutfm  =       1, ntwprt  =       0, idecomp =       0, rbornstat=      0

Potential function:
     ntf     =       1, ntb     =       1, igb     =       0, nsnb    =      25
     ipol    =       0, gbsa    =       0, iesp    =       0
     dielc   =   1.00000, cut     =   8.00000, intdiel =   1.00000

Frozen or restrained atoms:
     ibelly  =       0, ntr     =       0

Energy minimization:
     maxcyc  =     500, ncyc    =     100, ntmin   =       1
     dx0     =   0.01000, drms    =   0.00010

| Intermolecular bonds treatment:
|     no_intermolecular_bonds =       1

| Energy averages sample interval:
|     ene_avg_sampling =       1

Ewald parameters:
     verbose =       0, ew_type =       0, nbflag  =       1, use_pme =       1
     vdwmeth =       1, eedmeth =       1, netfrc  =       0
     Box X =   49.608   Box Y =   49.608   Box Z =   49.608
     Alpha =  109.471   Beta  =  109.471   Gamma =  109.471
     NFFT1 =   50       NFFT2 =   50       NFFT3 =   50
     Cutoff=    8.000   Tol   =0.100E-04
     Ewald Coefficient =  0.34864
     Interpolation order =    4

--------------------------------------------------------------------------------
   3.  ATOMIC COORDINATES AND VELOCITIES
--------------------------------------------------------------------------------

default_name                                                                    
 begin time read from input coords =     0.000 ps

 
 Number of triangulated 3-point waters found:     2350

     Sum of charges from parm topology file =  -0.00000003
     Forcing neutrality...

| Dynamic Memory, Types Used:
| Reals              297581
| Integers           241838

| Nonbonded Pairs Initial Allocation:     1307972

--------------------------------------------------------------------------------
   4.  RESULTS
--------------------------------------------------------------------------------

 ---------------------------------------------------
 APPROXIMATING switch and d/dx switch using CUBIC SPLINE INTERPOLATION
 using   5000.0 points per unit in tabled values
 TESTING RELATIVE ERROR over r ranging from 0.0 to cutoff
| CHECK switch(x): max rel err =   0.2738E-14   at   2.422500
| CHECK d/dx switch(x): max rel err =   0.8332E-11   at   2.782960
 ---------------------------------------------------
|---------------------------------------------------
| APPROXIMATING direct energy using CUBIC SPLINE INTERPOLATION
|  with   50.0 points per unit in tabled values
| Relative Error Limit not exceeded for r .gt.   2.47
| APPROXIMATING direct force using CUBIC SPLINE INTERPOLATION
|  with   50.0 points per unit in tabled values
| Relative Error Limit not exceeded for r .gt.   2.89
|---------------------------------------------------


   NSTEP       ENERGY          RMS            GMAX         NAME    NUMBER
      1      -2.8784E+04     1.2488E+00     4.0927E+01     OXT       778

 BOND    =     2032.0666  ANGLE   =      179.6169  DIHED      =      694.7199
 VDWAALS =     4617.0042  EEL     =   -39064.7436  HBOND      =        0.0000
 1-4 VDW =      184.9914  1-4 EEL =     2572.0833  RESTRAINT  =        0.0000


   NSTEP       ENERGY          RMS            GMAX         NAME    NUMBER
      5      -2.8795E+04     9.5940E-01     2.6096E+01     O         753

 BOND    =     2028.5769  ANGLE   =      178.7719  DIHED      =      694.0328
 VDWAALS =     4613.8907  EEL     =   -39065.9067  HBOND      =        0.0000
 1-4 VDW =      184.7856  1-4 EEL =     2570.9983  RESTRAINT  =        0.0000


   NSTEP       ENERGY          RMS            GMAX         NAME    NUMBER
     10      -2.8819E+04     7.5087E-01     1.6583E+01     O         777

 BOND    =     2029.1599  ANGLE   =      176.6148  DIHED      =      692.0754
 VDWAALS =     4607.3019  EEL     =   -39074.5162  HBOND      =        0.0000
 1-4 VDW =      183.9622  1-4 EEL =     2566.7729  RESTRAINT  =        0.0000


   NSTEP       ENERGY          RMS            GMAX         NAME    NUMBER
     15      -2.8862E+04     5.1928E-01     1.0665E+01     H          48

 BOND    =     2032.8708  ANGLE   =      173.1463  DIHED      =      688.0784
 VDWAALS =     4602.1643  EEL     =   -39097.0428  HBOND      =        0.0000
 1-4 VDW =      181.6019  1-4 EEL =     2556.8604  RESTRAINT  =        0.0000


   NSTEP       ENERGY          RMS            GMAX         NAME    NUMBER
     20      -2.8898E+04     1.5925E+00     9.9146E+01     C         776

 BOND    =     2039.5993  ANGLE   =      171.1617  DIHED      =      683.2423
 VDWAALS =     4605.6093  EEL     =   -39124.5328  HBOND      =        0.0000
 1-4 VDW =      178.6832  1-4 EEL =     2548.6512  RESTRAINT  =        0.0000


   NSTEP       ENERGY          RMS            GMAX         NAME    NUMBER
     25      -2.8917E+04     4.6026E-01     7.6052E+00     OXT       778

 BOND    =     2040.2499  ANGLE   =      170.5210  DIHED      =      681.8950
 VDWAALS =     4607.5770  EEL     =   -39141.9456  HBOND      =        0.0000
 1-4 VDW =      177.8937  1-4 EEL =     2547.1242  RESTRAINT  =        0.0000


   NSTEP       ENERGY          RMS            GMAX         NAME    NUMBER
     30      -2.8926E+04     3.6232E-01     6.8407E+00     H          48

 BOND    =     2040.1736  ANGLE   =      169.9798  DIHED      =      680.7316
 VDWAALS =     4609.3741  EEL     =   -39149.8790  HBOND      =        0.0000
 1-4 VDW =      177.3421  1-4 EEL =     2546.1095  RESTRAINT  =        0.0000


   NSTEP       ENERGY          RMS            GMAX         NAME    NUMBER
     35      -2.8936E+04     6.9310E-01     9.1223E+00     H1       1317

 BOND    =     2045.3147  ANGLE   =      169.5503  DIHED      =      679.3567
 VDWAALS =     4611.8709  EEL     =   -39164.0177  HBOND      =        0.0000
 1-4 VDW =      176.6742  1-4 EEL =     2545.0452  RESTRAINT  =        0.0000


   NSTEP       ENERGY          RMS            GMAX         NAME    NUMBER
     40      -2.8946E+04     4.4349E-01     6.1970E+00     OD2       471

 BOND    =     2043.6555  ANGLE   =      169.0325  DIHED      =      678.3395
 VDWAALS =     4613.8182  EEL     =   -39171.0465  HBOND      =        0.0000
 1-4 VDW =      176.2482  1-4 EEL =     2544.2589  RESTRAINT  =        0.0000


   NSTEP       ENERGY          RMS            GMAX         NAME    NUMBER
     45      -2.8955E+04     4.8651E-01     6.1281E+00     OD2       471

 BOND    =     2045.2615  ANGLE   =      168.6108  DIHED      =      677.2977
 VDWAALS =     4615.9904  EEL     =   -39181.1458  HBOND      =        0.0000
 1-4 VDW =      175.8000  1-4 EEL =     2543.5022  RESTRAINT  =        0.0000


   NSTEP       ENERGY          RMS            GMAX         NAME    NUMBER
     50      -2.8961E+04     8.0207E-01     1.1280E+01     H1       1317

 BOND    =     2049.8647  ANGLE   =      168.3111  DIHED      =      676.4080
 VDWAALS =     4618.0552  EEL     =   -39192.3593  HBOND      =        0.0000
 1-4 VDW =      175.4048  1-4 EEL =     2542.9023  RESTRAINT  =        0.0000


   NSTEP       ENERGY          RMS            GMAX         NAME    NUMBER
     55      -2.8969E+04     8.3798E-01     1.1937E+01     H1       1317

 BOND    =     2051.5015  ANGLE   =      167.9517  DIHED      =      675.5514
 VDWAALS =     4620.1841  EEL     =   -39201.9237  HBOND      =        0.0000
 1-4 VDW =      175.0498  1-4 EEL =     2542.2850  RESTRAINT  =        0.0000


   NSTEP       ENERGY          RMS            GMAX         NAME    NUMBER
     60      -2.8977E+04     9.1568E-01     1.3217E+01     H1       1317

 BOND    =     2053.6970  ANGLE   =      167.6281  DIHED      =      674.7626
 VDWAALS =     4622.2794  EEL     =   -39211.6666  HBOND      =        0.0000
 1-4 VDW =      174.7213  1-4 EEL =     2541.7129  RESTRAINT  =        0.0000


   NSTEP       ENERGY          RMS            GMAX         NAME    NUMBER
     65      -2.8984E+04     8.8014E-01     1.2684E+01     H1       1317

 BOND    =     2053.9488  ANGLE   =      167.3077  DIHED      =      674.1194
 VDWAALS =     4624.1283  EEL     =   -39218.9988  HBOND      =        0.0000
 1-4 VDW =      174.4678  1-4 EEL =     2541.2154  RESTRAINT  =        0.0000


   NSTEP       ENERGY          RMS            GMAX         NAME    NUMBER
     70      -2.8991E+04     9.2134E-01     1.3347E+01     H1       1317

 BOND    =     2055.6129  ANGLE   =      167.0143  DIHED      =      673.4525
 VDWAALS =     4626.1804  EEL     =   -39228.0274  HBOND      =        0.0000
 1-4 VDW =      174.1910  1-4 EEL =     2540.7006  RESTRAINT  =        0.0000


   NSTEP       ENERGY          RMS            GMAX         NAME    NUMBER
     75      -2.8998E+04     9.4005E-01     1.3599E+01     H1       1317

 BOND    =     2057.0177  ANGLE   =      166.7288  DIHED      =      672.8224
 VDWAALS =     4628.3008  EEL     =   -39236.9851  HBOND      =        0.0000
 1-4 VDW =      173.9277  1-4 EEL =     2540.1947  RESTRAINT  =        0.0000


   NSTEP       ENERGY          RMS            GMAX         NAME    NUMBER
     80      -2.9007E+04     2.9979E-01     5.6207E+00     OD2       471

 BOND    =     2046.7380  ANGLE   =      166.1450  DIHED      =      672.2557
 VDWAALS =     4630.1206  EEL     =   -39235.7662  HBOND      =        0.0000
 1-4 VDW =      173.7994  1-4 EEL =     2539.5550  RESTRAINT  =        0.0000


   NSTEP       ENERGY          RMS            GMAX         NAME    NUMBER
     85      -2.9010E+04     1.0355E+00     1.5089E+01     H1       1317

 BOND    =     2060.1265  ANGLE   =      166.2319  DIHED      =      671.7620
 VDWAALS =     4632.2585  EEL     =   -39253.4005  HBOND      =        0.0000
 1-4 VDW =      173.4754  1-4 EEL =     2539.2987  RESTRAINT  =        0.0000


   NSTEP       ENERGY          RMS            GMAX         NAME    NUMBER
     90      -2.9017E+04     1.0676E+00     1.5471E+01     C         600

 BOND    =     2061.7703  ANGLE   =      165.9996  DIHED      =      671.2456
 VDWAALS =     4634.4124  EEL     =   -39262.2509  HBOND      =        0.0000
 1-4 VDW =      173.2446  1-4 EEL =     2538.8396  RESTRAINT  =        0.0000


   NSTEP       ENERGY          RMS            GMAX         NAME    NUMBER
     95      -2.9023E+04     1.1172E+00     1.7471E+01     CG         40

 BOND    =     2063.7786  ANGLE   =      165.7928  DIHED      =      670.7528
 VDWAALS =     4636.6163  EEL     =   -39271.4010  HBOND      =        0.0000
 1-4 VDW =      173.0150  1-4 EEL =     2538.3881  RESTRAINT  =        0.0000


   NSTEP       ENERGY          RMS            GMAX         NAME    NUMBER
    100      -2.9033E+04     3.5461E-01     5.5496E+00     CG         40

 BOND    =     2048.6348  ANGLE   =      165.0334  DIHED      =      670.2307
 VDWAALS =     4638.6685  EEL     =   -39266.5132  HBOND      =        0.0000
 1-4 VDW =      172.9451  1-4 EEL =     2537.6529  RESTRAINT  =        0.0000


   NSTEP       ENERGY          RMS            GMAX         NAME    NUMBER
    105      -2.9044E+04     3.1054E-01     6.6447E+00     CG         40

 BOND    =     2050.4233  ANGLE   =      164.6075  DIHED      =      669.4810
 VDWAALS =     4642.4191  EEL     =   -39280.5381  HBOND      =        0.0000
 1-4 VDW =      172.6018  1-4 EEL =     2536.8939  RESTRAINT  =        0.0000


   NSTEP       ENERGY          RMS            GMAX         NAME    NUMBER
    110      -2.9155E+04     2.3370E+00     2.0714E+02     OD2       471

 BOND    =     2104.4183  ANGLE   =      161.1547  DIHED      =      659.9058
 VDWAALS =     4764.7314  EEL     =   -39536.6689  HBOND      =        0.0000
 1-4 VDW =      166.9114  1-4 EEL =     2524.1139  RESTRAINT  =        0.0000


   NSTEP       ENERGY          RMS            GMAX         NAME    NUMBER
    115      -2.9228E+04     1.2979E+00     5.9733E+01     CG        469

 BOND    =     2120.3212  ANGLE   =      172.4622  DIHED      =      657.6239
 VDWAALS =     4811.2601  EEL     =   -39671.2339  HBOND      =        0.0000
 1-4 VDW =      165.7122  1-4 EEL =     2515.9556  RESTRAINT  =        0.0000


   NSTEP       ENERGY          RMS            GMAX         NAME    NUMBER
    120      -2.9267E+04     1.2153E+00     4.1493E+01     O        1646

 BOND    =     2124.5740  ANGLE   =      179.9193  DIHED      =      658.3916
 VDWAALS =     4847.8032  EEL     =   -39752.2214  HBOND      =        0.0000
 1-4 VDW =      165.3386  1-4 EEL =     2509.4543  RESTRAINT  =        0.0000


   NSTEP       ENERGY          RMS            GMAX         NAME    NUMBER
    125      -2.9297E+04     7.0553E-01     3.1266E+01     O        1646

 BOND    =     2121.5486  ANGLE   =      175.7963  DIHED      =      659.4789
 VDWAALS =     4889.9802  EEL     =   -39810.3099  HBOND      =        0.0000
 1-4 VDW =      163.8333  1-4 EEL =     2502.9595  RESTRAINT  =        0.0000


   NSTEP       ENERGY          RMS            GMAX         NAME    NUMBER
    130      -2.9298E+04     6.3089E-01     2.5219E+01     O        1646

 BOND    =     2121.3577  ANGLE   =      175.8852  DIHED      =      659.4294
 VDWAALS =     4889.6421  EEL     =   -39811.2726  HBOND      =        0.0000
 1-4 VDW =      163.8114  1-4 EEL =     2502.9443  RESTRAINT  =        0.0000


   NSTEP       ENERGY          RMS            GMAX         NAME    NUMBER
    135      -2.9335E+04     1.3247E+00     8.9018E+01     OD1       470

 BOND    =     2126.6285  ANGLE   =      173.5812  DIHED      =      657.4058
 VDWAALS =     4863.5703  EEL     =   -39821.4968  HBOND      =        0.0000
 1-4 VDW =      163.4574  1-4 EEL =     2502.0225  RESTRAINT  =        0.0000


   NSTEP       ENERGY          RMS            GMAX         NAME    NUMBER
    140      -2.9366E+04     7.5225E-01     4.0933E+01     CG        469

 BOND    =     2124.2072  ANGLE   =      166.4564  DIHED      =      657.1996
 VDWAALS =     4858.3386  EEL     =   -39837.0504  HBOND      =        0.0000
 1-4 VDW =      162.4524  1-4 EEL =     2502.6270  RESTRAINT  =        0.0000


   NSTEP       ENERGY          RMS            GMAX         NAME    NUMBER
    145      -2.9383E+04     1.0032E+00     3.9798E+01     CG        469

 BOND    =     2106.3357  ANGLE   =      159.9087  DIHED      =      656.3135
 VDWAALS =     4856.0473  EEL     =   -39828.6530  HBOND      =        0.0000
 1-4 VDW =      161.4853  1-4 EEL =     2505.4025  RESTRAINT  =        0.0000


   NSTEP       ENERGY          RMS            GMAX         NAME    NUMBER
    150      -2.9404E+04     5.2345E-01     2.6101E+01     CG        469

 BOND    =     2110.8691  ANGLE   =      160.4856  DIHED      =      654.3698
 VDWAALS =     4852.4749  EEL     =   -39851.3418  HBOND      =        0.0000
 1-4 VDW =      161.5104  1-4 EEL =     2507.3521  RESTRAINT  =        0.0000


   NSTEP       ENERGY          RMS            GMAX         NAME    NUMBER
    155      -2.9406E+04     4.0344E-01     1.3973E+01     CG        469

 BOND    =     2111.6082  ANGLE   =      159.8699  DIHED      =      654.3885
 VDWAALS =     4852.4949  EEL     =   -39852.7277  HBOND      =        0.0000
 1-4 VDW =      161.4847  1-4 EEL =     2507.3235  RESTRAINT  =        0.0000


   NSTEP       ENERGY          RMS            GMAX         NAME    NUMBER
    160      -2.9415E+04     5.8257E-01     4.1010E+01     OD1       470

 BOND    =     2115.7585  ANGLE   =      156.3620  DIHED      =      654.5568
 VDWAALS =     4856.4607  EEL     =   -39865.9318  HBOND      =        0.0000
 1-4 VDW =      161.5668  1-4 EEL =     2505.7547  RESTRAINT  =        0.0000


   NSTEP       ENERGY          RMS            GMAX         NAME    NUMBER
    165      -2.9429E+04     8.6123E-01     7.2821E+01     CG        469

 BOND    =     2122.8893  ANGLE   =      162.5505  DIHED      =      652.5710
 VDWAALS =     4863.9900  EEL     =   -39895.9302  HBOND      =        0.0000
 1-4 VDW =      162.2528  1-4 EEL =     2503.0602  RESTRAINT  =        0.0000


   NSTEP       ENERGY          RMS            GMAX         NAME    NUMBER
    170      -2.9449E+04     9.0741E-01     3.5301E+01     O        1646

 BOND    =     2124.5555  ANGLE   =      161.9167  DIHED      =      651.5611
 VDWAALS =     4878.1868  EEL     =   -39927.2193  HBOND      =        0.0000
 1-4 VDW =      161.4687  1-4 EEL =     2500.9869  RESTRAINT  =        0.0000


   NSTEP       ENERGY          RMS            GMAX         NAME    NUMBER
    175      -2.9470E+04     6.9660E-01     2.9813E+01     CG        469

 BOND    =     2130.7073  ANGLE   =      161.3159  DIHED      =      650.6287
 VDWAALS =     4900.1223  EEL     =   -39973.7607  HBOND      =        0.0000
 1-4 VDW =      160.8957  1-4 EEL =     2500.1988  RESTRAINT  =        0.0000


   NSTEP       ENERGY          RMS            GMAX         NAME    NUMBER
    180      -2.9472E+04     5.4029E-01     1.5142E+01     CG        469

 BOND    =     2127.5008  ANGLE   =      161.1004  DIHED      =      650.5350
 VDWAALS =     4899.8436  EEL     =   -39971.6162  HBOND      =        0.0000
 1-4 VDW =      160.8870  1-4 EEL =     2500.1714  RESTRAINT  =        0.0000


   NSTEP       ENERGY          RMS            GMAX         NAME    NUMBER
    185      -2.9486E+04     8.4932E-01     3.4682E+01     CG        469

 BOND    =     2128.0442  ANGLE   =      160.6833  DIHED      =      649.9604
 VDWAALS =     4892.6420  EEL     =   -39980.1861  HBOND      =        0.0000
 1-4 VDW =      160.9800  1-4 EEL =     2501.6722  RESTRAINT  =        0.0000


   NSTEP       ENERGY          RMS            GMAX         NAME    NUMBER
    190      -2.9504E+04     4.4142E-01     1.6673E+01     CG        469

 BOND    =     2123.2589  ANGLE   =      157.0303  DIHED      =      649.2631
 VDWAALS =     4894.3516  EEL     =   -39992.1352  HBOND      =        0.0000
 1-4 VDW =      160.9443  1-4 EEL =     2503.3526  RESTRAINT  =        0.0000


   NSTEP       ENERGY          RMS            GMAX         NAME    NUMBER
    195      -2.9512E+04     5.7401E-01     1.7518E+01     CB        115

 BOND    =     2123.1607  ANGLE   =      154.8107  DIHED      =      649.7661
 VDWAALS =     4897.0981  EEL     =   -40000.6629  HBOND      =        0.0000
 1-4 VDW =      160.3361  1-4 EEL =     2503.9380  RESTRAINT  =        0.0000


   NSTEP       ENERGY          RMS            GMAX         NAME    NUMBER
    200      -2.9523E+04     5.5592E-01     2.7821E+01     CG        469

 BOND    =     2123.7763  ANGLE   =      157.8431  DIHED      =      649.4761
 VDWAALS =     4902.1362  EEL     =   -40020.4654  HBOND      =        0.0000
 1-4 VDW =      160.2169  1-4 EEL =     2503.8600  RESTRAINT  =        0.0000


   NSTEP       ENERGY          RMS            GMAX         NAME    NUMBER
    205      -2.9525E+04     4.0137E-01     1.3684E+01     CG        469

 BOND    =     2125.2052  ANGLE   =      157.3500  DIHED      =      649.4544
 VDWAALS =     4902.1048  EEL     =   -40022.7214  HBOND      =        0.0000
 1-4 VDW =      160.1907  1-4 EEL =     2503.8662  RESTRAINT  =        0.0000


   NSTEP       ENERGY          RMS            GMAX         NAME    NUMBER
    210      -2.9532E+04     4.6172E-01     2.9557E+01     CG        469

 BOND    =     2126.5169  ANGLE   =      153.5180  DIHED      =      649.2717
 VDWAALS =     4905.5448  EEL     =   -40030.7122  HBOND      =        0.0000
 1-4 VDW =      160.4256  1-4 EEL =     2503.8606  RESTRAINT  =        0.0000


   NSTEP       ENERGY          RMS            GMAX         NAME    NUMBER
    215      -2.9540E+04     4.5355E-01     1.1554E+01     CA        464

 BOND    =     2133.7532  ANGLE   =      156.5413  DIHED      =      648.6484
 VDWAALS =     4911.8065  EEL     =   -40055.1524  HBOND      =        0.0000
 1-4 VDW =      160.7747  1-4 EEL =     2503.3938  RESTRAINT  =        0.0000


   NSTEP       ENERGY          RMS            GMAX         NAME    NUMBER
    220      -2.9559E+04     8.6868E-01     3.6777E+01     OD1       470

 BOND    =     2147.7447  ANGLE   =      161.6583  DIHED      =      648.0390
 VDWAALS =     4938.1551  EEL     =   -40115.9490  HBOND      =        0.0000
 1-4 VDW =      160.4171  1-4 EEL =     2500.8284  RESTRAINT  =        0.0000


   NSTEP       ENERGY          RMS            GMAX         NAME    NUMBER
    225      -2.9581E+04     7.0808E-01     2.4755E+01     CG        469

 BOND    =     2144.0450  ANGLE   =      159.6440  DIHED      =      647.3178
 VDWAALS =     4972.6078  EEL     =   -40162.5168  HBOND      =        0.0000
 1-4 VDW =      159.5896  1-4 EEL =     2498.1293  RESTRAINT  =        0.0000


   NSTEP       ENERGY          RMS            GMAX         NAME    NUMBER
    230      -2.9583E+04     5.7115E-01     1.8938E+01     OG1       121

 BOND    =     2143.0704  ANGLE   =      159.5398  DIHED      =      647.2163
 VDWAALS =     4972.2064  EEL     =   -40162.5385  HBOND      =        0.0000
 1-4 VDW =      159.5712  1-4 EEL =     2498.1183  RESTRAINT  =        0.0000


   NSTEP       ENERGY          RMS            GMAX         NAME    NUMBER
    235      -2.9604E+04     8.8242E-01     4.8034E+01     CG        469

 BOND    =     2144.2795  ANGLE   =      161.3008  DIHED      =      646.5534
 VDWAALS =     4957.7968  EEL     =   -40173.2020  HBOND      =        0.0000
 1-4 VDW =      159.6301  1-4 EEL =     2499.5566  RESTRAINT  =        0.0000


   NSTEP       ENERGY          RMS            GMAX         NAME    NUMBER
    240      -2.9623E+04     4.6462E-01     1.0776E+01     CB        115

 BOND    =     2141.3996  ANGLE   =      154.8760  DIHED      =      645.4031
 VDWAALS =     4958.8166  EEL     =   -40184.0800  HBOND      =        0.0000
 1-4 VDW =      159.5267  1-4 EEL =     2501.0394  RESTRAINT  =        0.0000


   NSTEP       ENERGY          RMS            GMAX         NAME    NUMBER
    245      -2.9628E+04     4.8451E-01     1.8592E+01     H1       1647

 BOND    =     2141.9718  ANGLE   =      154.1728  DIHED      =      645.5127
 VDWAALS =     4961.7038  EEL     =   -40191.9210  HBOND      =        0.0000
 1-4 VDW =      159.0389  1-4 EEL =     2501.6345  RESTRAINT  =        0.0000


   NSTEP       ENERGY          RMS            GMAX         NAME    NUMBER
    250      -2.9638E+04     5.7854E-01     1.9897E+01     CB        466

 BOND    =     2144.0054  ANGLE   =      157.0206  DIHED      =      645.5737
 VDWAALS =     4970.0673  EEL     =   -40216.3473  HBOND      =        0.0000
 1-4 VDW =      159.0255  1-4 EEL =     2502.3003  RESTRAINT  =        0.0000


   NSTEP       ENERGY          RMS            GMAX         NAME    NUMBER
    255      -2.9640E+04     4.2137E-01     1.3376E+01     CB        466

 BOND    =     2143.7999  ANGLE   =      156.5524  DIHED      =      645.5382
 VDWAALS =     4969.9105  EEL     =   -40216.9544  HBOND      =        0.0000
 1-4 VDW =      159.0052  1-4 EEL =     2502.3126  RESTRAINT  =        0.0000


   NSTEP       ENERGY          RMS            GMAX         NAME    NUMBER
    260      -2.9647E+04     4.7127E-01     1.9614E+01     CG        469

 BOND    =     2143.6368  ANGLE   =      152.9775  DIHED      =      645.4038
 VDWAALS =     4971.1996  EEL     =   -40221.5442  HBOND      =        0.0000
 1-4 VDW =      159.2872  1-4 EEL =     2501.8963  RESTRAINT  =        0.0000


   NSTEP       ENERGY          RMS            GMAX         NAME    NUMBER
    265      -2.9656E+04     4.2406E-01     1.3699E+01     O        1646

 BOND    =     2146.1537  ANGLE   =      154.7539  DIHED      =      644.6879
 VDWAALS =     4974.0065  EEL     =   -40236.0471  HBOND      =        0.0000
 1-4 VDW =      159.4388  1-4 EEL =     2501.1016  RESTRAINT  =        0.0000


   NSTEP       ENERGY          RMS            GMAX         NAME    NUMBER
    270      -2.9669E+04     6.1624E-01     1.7860E+01     CB        466

 BOND    =     2149.9058  ANGLE   =      157.2384  DIHED      =      643.5364
 VDWAALS =     4987.9837  EEL     =   -40265.3845  HBOND      =        0.0000
 1-4 VDW =      158.6536  1-4 EEL =     2499.2851  RESTRAINT  =        0.0000


   NSTEP       ENERGY          RMS            GMAX         NAME    NUMBER
    275      -2.9682E+04     7.4487E-01     2.4609E+01     CD        666

 BOND    =     2155.8271  ANGLE   =      155.7229  DIHED      =      643.4773
 VDWAALS =     5008.9247  EEL     =   -40301.3617  HBOND      =        0.0000
 1-4 VDW =      158.0348  1-4 EEL =     2497.5787  RESTRAINT  =        0.0000


   NSTEP       ENERGY          RMS            GMAX         NAME    NUMBER
    280      -2.9683E+04     5.5806E-01     1.6591E+01     OG1       121

 BOND    =     2154.6462  ANGLE   =      155.5405  DIHED      =      643.3819
 VDWAALS =     5008.7910  EEL     =   -40301.4782  HBOND      =        0.0000
 1-4 VDW =      158.0391  1-4 EEL =     2497.5928  RESTRAINT  =        0.0000


   NSTEP       ENERGY          RMS            GMAX         NAME    NUMBER
    285      -2.9693E+04     5.4757E-01     1.6840E+01     CD        666

 BOND    =     2153.1106  ANGLE   =      156.1851  DIHED      =      642.8630
 VDWAALS =     5004.4937  EEL     =   -40306.4218  HBOND      =        0.0000
 1-4 VDW =      158.5721  1-4 EEL =     2498.6036  RESTRAINT  =        0.0000


   NSTEP       ENERGY          RMS            GMAX         NAME    NUMBER
    290      -2.9705E+04     5.2739E-01     1.5577E+01     CE2       766

 BOND    =     2154.1329  ANGLE   =      154.0335  DIHED      =      642.4458
 VDWAALS =     5005.9632  EEL     =   -40321.2758  HBOND      =        0.0000
 1-4 VDW =      159.2387  1-4 EEL =     2500.2228  RESTRAINT  =        0.0000


   NSTEP       ENERGY          RMS            GMAX         NAME    NUMBER
    295      -2.9712E+04     4.9834E-01     1.5406E+01     H1       1647

 BOND    =     2154.0370  ANGLE   =      152.8428  DIHED      =      642.4843
 VDWAALS =     5010.4378  EEL     =   -40331.4155  HBOND      =        0.0000
 1-4 VDW =      158.7970  1-4 EEL =     2500.9791  RESTRAINT  =        0.0000


   NSTEP       ENERGY          RMS            GMAX         NAME    NUMBER
    300      -2.9720E+04     4.6560E-01     1.5838E+01     CB        466

 BOND    =     2155.3704  ANGLE   =      155.6611  DIHED      =      642.4066
 VDWAALS =     5015.9369  EEL     =   -40348.5413  HBOND      =        0.0000
 1-4 VDW =      158.5568  1-4 EEL =     2501.0144  RESTRAINT  =        0.0000


   NSTEP       ENERGY          RMS            GMAX         NAME    NUMBER
    305      -2.9721E+04     3.2291E-01     9.2303E+00     CB        466

 BOND    =     2155.2611  ANGLE   =      155.1479  DIHED      =      642.3554
 VDWAALS =     5015.8303  EEL     =   -40349.0201  HBOND      =        0.0000
 1-4 VDW =      158.5471  1-4 EEL =     2501.0045  RESTRAINT  =        0.0000


   NSTEP       ENERGY          RMS            GMAX         NAME    NUMBER
    310      -2.9726E+04     3.3931E-01     8.9500E+00     O        1646

 BOND    =     2155.5829  ANGLE   =      152.4730  DIHED      =      642.2682
 VDWAALS =     5017.4330  EEL     =   -40353.2912  HBOND      =        0.0000
 1-4 VDW =      158.7088  1-4 EEL =     2500.4647  RESTRAINT  =        0.0000


   NSTEP       ENERGY          RMS            GMAX         NAME    NUMBER
    315      -2.9734E+04     5.6376E-01     1.7753E+01     H1       1647

 BOND    =     2158.6231  ANGLE   =      153.5946  DIHED      =      641.7357
 VDWAALS =     5020.7900  EEL     =   -40366.8366  HBOND      =        0.0000
 1-4 VDW =      159.0342  1-4 EEL =     2499.4563  RESTRAINT  =        0.0000


   NSTEP       ENERGY          RMS            GMAX         NAME    NUMBER
    320      -2.9745E+04     7.0286E-01     2.1154E+01     H1       1647

 BOND    =     2162.0584  ANGLE   =      155.3287  DIHED      =      640.6942
 VDWAALS =     5035.0952  EEL     =   -40393.7901  HBOND      =        0.0000
 1-4 VDW =      157.9383  1-4 EEL =     2497.9167  RESTRAINT  =        0.0000


   NSTEP       ENERGY          RMS            GMAX         NAME    NUMBER
    325      -2.9752E+04     4.8940E-01     2.1286E+01     CD        666

 BOND    =     2163.2624  ANGLE   =      154.1060  DIHED      =      640.5902
 VDWAALS =     5043.9711  EEL     =   -40408.0791  HBOND      =        0.0000
 1-4 VDW =      157.3962  1-4 EEL =     2497.2485  RESTRAINT  =        0.0000


   NSTEP       ENERGY          RMS            GMAX         NAME    NUMBER
    330      -2.9753E+04     3.4461E-01     7.9094E+00     HG1       122

 BOND    =     2162.4022  ANGLE   =      154.0558  DIHED      =      640.5443
 VDWAALS =     5043.7243  EEL     =   -40408.3016  HBOND      =        0.0000
 1-4 VDW =      157.4169  1-4 EEL =     2497.3046  RESTRAINT  =        0.0000


   NSTEP       ENERGY          RMS            GMAX         NAME    NUMBER
    335      -2.9761E+04     5.4448E-01     1.5208E+01     OD1       470

 BOND    =     2163.0264  ANGLE   =      154.3707  DIHED      =      640.4301
 VDWAALS =     5041.2777  EEL     =   -40416.6112  HBOND      =        0.0000
 1-4 VDW =      158.2065  1-4 EEL =     2498.0481  RESTRAINT  =        0.0000


   NSTEP       ENERGY          RMS            GMAX         NAME    NUMBER
    340      -2.9771E+04     3.9308E-01     1.3249E+01     CG        469

 BOND    =     2163.1878  ANGLE   =      152.5199  DIHED      =      640.0370
 VDWAALS =     5046.0937  EEL     =   -40430.4017  HBOND      =        0.0000
 1-4 VDW =      158.5230  1-4 EEL =     2499.0812  RESTRAINT  =        0.0000


   NSTEP       ENERGY          RMS            GMAX         NAME    NUMBER
    345      -2.9777E+04     4.2672E-01     1.4067E+01     HG1       122

 BOND    =     2163.7118  ANGLE   =      152.5584  DIHED      =      639.7077
 VDWAALS =     5050.8565  EEL     =   -40441.4972  HBOND      =        0.0000
 1-4 VDW =      158.1584  1-4 EEL =     2499.9908  RESTRAINT  =        0.0000


   NSTEP       ENERGY          RMS            GMAX         NAME    NUMBER
    350      -2.9784E+04     4.5248E-01     1.0385E+01     CB        466

 BOND    =     2165.5287  ANGLE   =      154.4083  DIHED      =      639.7020
 VDWAALS =     5056.1894  EEL     =   -40457.1747  HBOND      =        0.0000
 1-4 VDW =      157.9626  1-4 EEL =     2499.8074  RESTRAINT  =        0.0000


   NSTEP       ENERGY          RMS            GMAX         NAME    NUMBER
    355      -2.9785E+04     3.2637E-01     7.8471E+00     O        1646

 BOND    =     2164.9267  ANGLE   =      154.0694  DIHED      =      639.6597
 VDWAALS =     5056.2158  EEL     =   -40457.3658  HBOND      =        0.0000
 1-4 VDW =      157.9411  1-4 EEL =     2499.7891  RESTRAINT  =        0.0000


   NSTEP       ENERGY          RMS            GMAX         NAME    NUMBER
    360      -2.9790E+04     3.7441E-01     1.0336E+01     CA        464

 BOND    =     2165.9771  ANGLE   =      151.4268  DIHED      =      639.6682
 VDWAALS =     5058.2448  EEL     =   -40462.5572  HBOND      =        0.0000
 1-4 VDW =      158.3065  1-4 EEL =     2499.2909  RESTRAINT  =        0.0000


   NSTEP       ENERGY          RMS            GMAX         NAME    NUMBER
    365      -2.9797E+04     4.8134E-01     2.1083E+01     CG        469

 BOND    =     2166.7237  ANGLE   =      153.3826  DIHED      =      639.2759
 VDWAALS =     5062.9045  EEL     =   -40476.3870  HBOND      =        0.0000
 1-4 VDW =      158.3961  1-4 EEL =     2498.7337  RESTRAINT  =        0.0000


   NSTEP       ENERGY          RMS            GMAX         NAME    NUMBER
    370      -2.9805E+04     4.8492E-01     1.5572E+01     OD2       471

 BOND    =     2170.0407  ANGLE   =      154.0351  DIHED      =      638.5715
 VDWAALS =     5073.4162  EEL     =   -40496.3557  HBOND      =        0.0000
 1-4 VDW =      157.6591  1-4 EEL =     2497.6336  RESTRAINT  =        0.0000


   NSTEP       ENERGY          RMS            GMAX         NAME    NUMBER
    375      -2.9814E+04     3.8790E-01     1.1817E+01     CG        469

 BOND    =     2171.7615  ANGLE   =      152.5817  DIHED      =      638.1937
 VDWAALS =     5086.2711  EEL     =   -40516.1204  HBOND      =        0.0000
 1-4 VDW =      156.9602  1-4 EEL =     2496.6970  RESTRAINT  =        0.0000


   NSTEP       ENERGY          RMS            GMAX         NAME    NUMBER
    380      -2.9815E+04     3.0837E-01     6.4061E+00     OG1       121

 BOND    =     2171.4603  ANGLE   =      152.5208  DIHED      =      638.1222
 VDWAALS =     5086.0779  EEL     =   -40516.7756  HBOND      =        0.0000
 1-4 VDW =      156.9887  1-4 EEL =     2496.7713  RESTRAINT  =        0.0000


   NSTEP       ENERGY          RMS            GMAX         NAME    NUMBER
    385      -2.9822E+04     5.3897E-01     2.4909E+01     OD1       470

 BOND    =     2172.4080  ANGLE   =      153.7191  DIHED      =      638.1746
 VDWAALS =     5083.5430  EEL     =   -40525.6202  HBOND      =        0.0000
 1-4 VDW =      157.7536  1-4 EEL =     2497.6796  RESTRAINT  =        0.0000


   NSTEP       ENERGY          RMS            GMAX         NAME    NUMBER
    390      -2.9831E+04     3.9301E-01     1.7474E+01     CG        469

 BOND    =     2172.6421  ANGLE   =      152.0317  DIHED      =      637.7190
 VDWAALS =     5088.3887  EEL     =   -40538.2895  HBOND      =        0.0000
 1-4 VDW =      158.2178  1-4 EEL =     2498.5041  RESTRAINT  =        0.0000


   NSTEP       ENERGY          RMS            GMAX         NAME    NUMBER
    395      -2.9835E+04     3.8358E-01     1.3263E+01     CE2       766

 BOND    =     2172.4800  ANGLE   =      152.3892  DIHED      =      637.4508
 VDWAALS =     5092.7585  EEL     =   -40547.1347  HBOND      =        0.0000
 1-4 VDW =      157.9191  1-4 EEL =     2499.1932  RESTRAINT  =        0.0000


   NSTEP       ENERGY          RMS            GMAX         NAME    NUMBER
    400      -2.9842E+04     4.5094E-01     9.5296E+00     CG        469

 BOND    =     2174.5612  ANGLE   =      154.0201  DIHED      =      637.5021
 VDWAALS =     5099.6904  EEL     =   -40564.8929  HBOND      =        0.0000
 1-4 VDW =      157.8568  1-4 EEL =     2499.3612  RESTRAINT  =        0.0000


   NSTEP       ENERGY          RMS            GMAX         NAME    NUMBER
    405      -2.9843E+04     3.3783E-01     7.3697E+00     HG1       122

 BOND    =     2174.1849  ANGLE   =      153.6109  DIHED      =      637.4218
 VDWAALS =     5099.6574  EEL     =   -40565.1288  HBOND      =        0.0000
 1-4 VDW =      157.8321  1-4 EEL =     2499.3243  RESTRAINT  =        0.0000


   NSTEP       ENERGY          RMS            GMAX         NAME    NUMBER
    410      -2.9849E+04     4.1255E-01     1.1677E+01     OD2       471

 BOND    =     2175.4827  ANGLE   =      150.5215  DIHED      =      637.3334
 VDWAALS =     5101.5065  EEL     =   -40570.3948  HBOND      =        0.0000
 1-4 VDW =      158.0060  1-4 EEL =     2498.5521  RESTRAINT  =        0.0000


   NSTEP       ENERGY          RMS            GMAX         NAME    NUMBER
    415      -2.9857E+04     6.1945E-01     3.7223E+01     CG        469

 BOND    =     2175.8710  ANGLE   =      152.0945  DIHED      =      636.7962
 VDWAALS =     5104.9213  EEL     =   -40581.9314  HBOND      =        0.0000
 1-4 VDW =      157.8095  1-4 EEL =     2497.8145  RESTRAINT  =        0.0000


   NSTEP       ENERGY          RMS            GMAX         NAME    NUMBER
    420      -2.9861E+04     4.1736E-01     1.3047E+01     CG        469

 BOND    =     2177.4428  ANGLE   =      151.5106  DIHED      =      636.2930
 VDWAALS =     5109.0659  EEL     =   -40590.0898  HBOND      =        0.0000
 1-4 VDW =      157.1731  1-4 EEL =     2497.2591  RESTRAINT  =        0.0000


   NSTEP       ENERGY          RMS            GMAX         NAME    NUMBER
    425      -2.9868E+04     3.8224E-01     1.1611E+01     CB        115

 BOND    =     2179.8600  ANGLE   =      150.4321  DIHED      =      636.0593
 VDWAALS =     5118.0910  EEL     =   -40605.8460  HBOND      =        0.0000
 1-4 VDW =      156.5566  1-4 EEL =     2496.7992  RESTRAINT  =        0.0000


   NSTEP       ENERGY          RMS            GMAX         NAME    NUMBER
    430      -2.9869E+04     2.5822E-01     5.2731E+00     O        6314

 BOND    =     2179.0766  ANGLE   =      150.5830  DIHED      =      635.9884
 VDWAALS =     5117.9060  EEL     =   -40606.1974  HBOND      =        0.0000
 1-4 VDW =      156.5930  1-4 EEL =     2496.8175  RESTRAINT  =        0.0000


   NSTEP       ENERGY          RMS            GMAX         NAME    NUMBER
    435      -2.9874E+04     3.7610E-01     1.3632E+01     CD        666

 BOND    =     2179.1559  ANGLE   =      151.1184  DIHED      =      635.9137
 VDWAALS =     5116.7852  EEL     =   -40611.3134  HBOND      =        0.0000
 1-4 VDW =      157.3784  1-4 EEL =     2497.3520  RESTRAINT  =        0.0000


   NSTEP       ENERGY          RMS            GMAX         NAME    NUMBER
    440      -2.9880E+04     3.1773E-01     1.0098E+01     CG        469

 BOND    =     2179.9466  ANGLE   =      150.3769  DIHED      =      635.6899
 VDWAALS =     5120.3227  EEL     =   -40621.5740  HBOND      =        0.0000
 1-4 VDW =      157.8220  1-4 EEL =     2497.6338  RESTRAINT  =        0.0000


   NSTEP       ENERGY          RMS            GMAX         NAME    NUMBER
    445      -2.9886E+04     4.2978E-01     1.1484E+01     O        1628

 BOND    =     2181.0390  ANGLE   =      150.6998  DIHED      =      635.4551
 VDWAALS =     5127.5547  EEL     =   -40637.3247  HBOND      =        0.0000
 1-4 VDW =      157.6063  1-4 EEL =     2498.5800  RESTRAINT  =        0.0000


   NSTEP       ENERGY          RMS            GMAX         NAME    NUMBER
    450      -2.9895E+04     4.8998E-01     1.4472E+01     CG        469

 BOND    =     2182.7588  ANGLE   =      153.1323  DIHED      =      635.4366
 VDWAALS =     5134.5475  EEL     =   -40657.0776  HBOND      =        0.0000
 1-4 VDW =      157.5147  1-4 EEL =     2498.6281  RESTRAINT  =        0.0000


   NSTEP       ENERGY          RMS            GMAX         NAME    NUMBER
    455      -2.9896E+04     3.4388E-01     7.9666E+00     N         462

 BOND    =     2182.2131  ANGLE   =      152.6711  DIHED      =      635.3620
 VDWAALS =     5134.4531  EEL     =   -40657.1348  HBOND      =        0.0000
 1-4 VDW =      157.4953  1-4 EEL =     2498.5322  RESTRAINT  =        0.0000


   NSTEP       ENERGY          RMS            GMAX         NAME    NUMBER
    460      -2.9902E+04     4.6043E-01     1.6861E+01     CD        666

 BOND    =     2183.2841  ANGLE   =      149.6014  DIHED      =      635.2004
 VDWAALS =     5135.9373  EEL     =   -40661.1539  HBOND      =        0.0000
 1-4 VDW =      157.5915  1-4 EEL =     2497.8599  RESTRAINT  =        0.0000


   NSTEP       ENERGY          RMS            GMAX         NAME    NUMBER
    465      -2.9910E+04     5.5931E-01     1.7467E+01     CG        469

 BOND    =     2183.8879  ANGLE   =      150.8703  DIHED      =      634.8244
 VDWAALS =     5139.5227  EEL     =   -40673.3211  HBOND      =        0.0000
 1-4 VDW =      157.5795  1-4 EEL =     2497.1155  RESTRAINT  =        0.0000


   NSTEP       ENERGY          RMS            GMAX         NAME    NUMBER
    470      -2.9914E+04     3.8611E-01     1.2901E+01     CG        469

 BOND    =     2185.4118  ANGLE   =      150.2446  DIHED      =      634.3991
 VDWAALS =     5142.2033  EEL     =   -40679.8385  HBOND      =        0.0000
 1-4 VDW =      156.9001  1-4 EEL =     2496.6683  RESTRAINT  =        0.0000


   NSTEP       ENERGY          RMS            GMAX         NAME    NUMBER
    475      -2.9920E+04     4.0353E-01     9.2614E+00     CG        469

 BOND    =     2187.7154  ANGLE   =      149.4547  DIHED      =      634.2829
 VDWAALS =     5150.5269  EEL     =   -40693.6855  HBOND      =        0.0000
 1-4 VDW =      156.1414  1-4 EEL =     2495.9738  RESTRAINT  =        0.0000


   NSTEP       ENERGY          RMS            GMAX         NAME    NUMBER
    480      -2.9921E+04     2.7331E-01     5.7747E+00     O        6314

 BOND    =     2187.0126  ANGLE   =      149.5355  DIHED      =      634.2186
 VDWAALS =     5150.3811  EEL     =   -40694.1153  HBOND      =        0.0000
 1-4 VDW =      156.1746  1-4 EEL =     2496.0133  RESTRAINT  =        0.0000


   NSTEP       ENERGY          RMS            GMAX         NAME    NUMBER
    485      -2.9925E+04     3.7742E-01     1.5420E+01     CD        666

 BOND    =     2186.9763  ANGLE   =      150.0702  DIHED      =      634.1274
 VDWAALS =     5148.9083  EEL     =   -40698.8199  HBOND      =        0.0000
 1-4 VDW =      156.9669  1-4 EEL =     2496.6072  RESTRAINT  =        0.0000


   NSTEP       ENERGY          RMS            GMAX         NAME    NUMBER
    490      -2.9931E+04     3.3525E-01     8.3128E+00     O        6314

 BOND    =     2187.7540  ANGLE   =      149.5824  DIHED      =      633.8623
 VDWAALS =     5152.1513  EEL     =   -40708.9972  HBOND      =        0.0000
 1-4 VDW =      157.5375  1-4 EEL =     2496.8737  RESTRAINT  =        0.0000


   NSTEP       ENERGY          RMS            GMAX         NAME    NUMBER
    495      -2.9937E+04     4.1685E-01     1.0660E+01     O        1628

 BOND    =     2188.3672  ANGLE   =      149.6535  DIHED      =      633.6712
 VDWAALS =     5158.3997  EEL     =   -40721.9718  HBOND      =        0.0000
 1-4 VDW =      157.3284  1-4 EEL =     2497.5368  RESTRAINT  =        0.0000


   NSTEP       ENERGY          RMS            GMAX         NAME    NUMBER
    500      -2.9944E+04     5.2272E-01     1.8103E+01     OD1       470

 BOND    =     2190.1570  ANGLE   =      152.2207  DIHED      =      633.8816
 VDWAALS =     5164.8607  EEL     =   -40739.9081  HBOND      =        0.0000
 1-4 VDW =      157.1426  1-4 EEL =     2497.7804  RESTRAINT  =        0.0000


  Maximum number of minimization cycles reached.


                    FINAL RESULTS



   NSTEP       ENERGY          RMS            GMAX         NAME    NUMBER
    500      -2.9944E+04     5.2272E-01     1.8103E+01     OD1       470

 BOND    =     2190.1570  ANGLE   =      152.2207  DIHED      =      633.8816
 VDWAALS =     5164.8607  EEL     =   -40739.9081  HBOND      =        0.0000
 1-4 VDW =      157.1426  1-4 EEL =     2497.7804  RESTRAINT  =        0.0000
--------------------------------------------------------------------------------
   5.  TIMINGS
--------------------------------------------------------------------------------

|  NonSetup CPU Time in Major Routines:
|
|     Routine           Sec        %
|     ------------------------------
|     Nonbond          12.99   96.70
|     Bond              0.04    0.27
|     Angle             0.05    0.36
|     Dihedral          0.29    2.17
|     Shake             0.00    0.00
|     Other             0.07    0.51
|     ------------------------------
|     Total            13.44

|  PME Nonbond Pairlist CPU Time:
|
|     Routine              Sec        %
|     ---------------------------------
|     Set Up Cit           0.00    0.00
|     Build List           0.17    1.25
|     ---------------------------------
|     Total                0.17    1.25

|  PME Direct Force CPU Time:
|
|     Routine              Sec        %
|     ---------------------------------
|     NonBonded Calc       8.50   63.29
|     Exclude Masked       0.19    1.43
|     Other                0.03    0.21
|     ---------------------------------
|     Total                8.72   64.93

|  PME Reciprocal Force CPU Time:
|
|     Routine              Sec        %
|     ---------------------------------
|     1D bspline           0.14    1.07
|     Grid Charges         0.34    2.53
|     Scalar Sum           1.44   10.75
|     Gradient Sum         0.48    3.60
|     FFT                  1.69   12.56
|     ---------------------------------
|     Total                4.10   30.51

|  Setup CPU time:            0.08 seconds
|  NonSetup CPU time:        13.44 seconds
|  Total CPU time:           13.52 seconds     0.00 hours

|  Setup wall time:           0    seconds
|  NonSetup wall time:       14    seconds
|  Total wall time:          14    seconds     0.00 hours
